(QUERY): 'AMERICAN-MUSLIM' '10'
Negative Neutral Positive
0.8880684971809387 0.10591363906860352 0.006017854902893305 
0.14082051813602448 0.8392748236656189 0.01990468241274357 
0.7063944935798645 0.2840377390384674 0.00956773106008768 
0.24737338721752167 0.5582853555679321 0.19434122741222382 
0.2697365880012512 0.6709467768669128 0.05931668356060982 
0.6089968681335449 0.3440190553665161 0.04698400944471359 
0.24737338721752167 0.5582853555679321 0.19434122741222382 
0.24737338721752167 0.5582853555679321 0.19434122741222382 
0.32669392228126526 0.6015750765800476 0.07173099368810654 
0.905991792678833 0.09067069739103317 0.0033375185448676348 
0.7435387372970581 0.2510262727737427 0.00543490843847394 
0.001037797424942255 0.07182318717241287 0.9271389842033386 
0.7229257225990295 0.2598153352737427 0.017259027808904648 
0.1969728022813797 0.7866290807723999 0.016398103907704353 
0.3071187734603882 0.6234700679779053 0.06941107660531998 
0.7400410175323486 0.2517593502998352 0.00819955300539732 
0.1007465347647667 0.6323239207267761 0.266929566860199 
0.15657716989517212 0.6262304782867432 0.21719232201576233 
0.49454665184020996 0.49177274107933044 0.013680634088814259 
0.3388919234275818 0.5595195293426514 0.10158859938383102 
0.16710545122623444 0.7824309468269348 0.05046365037560463 
0.4892740845680237 0.49005383253097534 0.02067209593951702 
0.25934338569641113 0.705971896648407 0.03468469902873039 
0.5310559272766113 0.4429195821285248 0.026024501770734787 
0.6120753884315491 0.3635089099407196 0.024415742605924606 
0.16348481178283691 0.754339873790741 0.08217523247003555 
0.24737338721752167 0.5582853555679321 0.19434122741222382 
0.008497261442244053 0.4311404526233673 0.5603622198104858 
0.24737338721752167 0.5582853555679321 0.19434122741222382 
0.24737338721752167 0.5582853555679321 0.19434122741222382 
0.9246008992195129 0.07078990340232849 0.004609240684658289 
0.24737338721752167 0.5582853555679321 0.19434122741222382 
0.24737338721752167 0.5582853555679321 0.19434122741222382 
0.9009953141212463 0.09419839084148407 0.00480620376765728 
0.7918412089347839 0.20109830796718597 0.007060407195240259 
0.8147916197776794 0.17428281903266907 0.010925520211458206 
0.8434618711471558 0.14876709878444672 0.007770978845655918 
0.6848986744880676 0.3025490343570709 0.01255231723189354 
0.01356616523116827 0.2602252960205078 0.7262085676193237 
0.19200243055820465 0.7706285715103149 0.0373690091073513 
0.4106188118457794 0.514236569404602 0.07514461129903793 
0.1694495528936386 0.47887858748435974 0.35167190432548523 
0.4174511730670929 0.4859005808830261 0.09664828330278397 
0.7470373511314392 0.24650828540325165 0.006454364862293005 
0.7893719673156738 0.20383061468601227 0.006797314155846834 
0.624226987361908 0.360850065946579 0.014922910369932652 
0.9500427842140198 0.047603264451026917 0.0023539382964372635 
0.5688779950141907 0.4184100031852722 0.012712026946246624 
0.12013214081525803 0.8263718485832214 0.05349606275558472 
0.5451116561889648 0.440030962228775 0.014857357367873192 
0.9058135747909546 0.08884056657552719 0.0053457836620509624 
0.26979154348373413 0.6874228119850159 0.0427856370806694 
0.8009807467460632 0.19076447188854218 0.008254801854491234 
0.18019233644008636 0.35808470845222473 0.4617229700088501 
0.735127329826355 0.25540030002593994 0.009472392499446869 
0.9247031211853027 0.07183513045310974 0.0034617483615875244 
0.12425198405981064 0.8323425650596619 0.043405450880527496 
0.07932548969984055 0.5594491362571716 0.3612253665924072 
0.8609662652015686 0.13004308938980103 0.008990595117211342 
0.6687159538269043 0.31934887170791626 0.011935284361243248 
0.319893479347229 0.6475569605827332 0.032549578696489334 
0.6068569421768188 0.3490351140499115 0.04410794749855995 
0.7284860014915466 0.25875598192214966 0.012757963500916958 
0.22160211205482483 0.7006077766418457 0.07779012620449066 
0.8839866518974304 0.11305152624845505 0.0029618311673402786 
0.693225622177124 0.2952428460121155 0.01153158862143755 
0.4271785020828247 0.5248119831085205 0.04800950363278389 
0.5469357371330261 0.4353564381599426 0.01770790107548237 
0.463421106338501 0.4938334822654724 0.04274545982480049 
0.7140160202980042 0.2715963125228882 0.014387606643140316 
0.0027405456639826298 0.6413528919219971 0.35590654611587524 
0.3040313422679901 0.6561148166656494 0.039853859692811966 
0.6264891028404236 0.35352158546447754 0.019989309832453728 
0.9522380828857422 0.045923084020614624 0.0018387866439297795 
0.8932096362113953 0.10387557744979858 0.00291470461525023 
0.8107984066009521 0.17473013699054718 0.014471442438662052 
0.28883475065231323 0.6116037964820862 0.09956151992082596 
0.07880820333957672 0.5270646810531616 0.3941270709037781 
0.9696872234344482 0.028027551248669624 0.002285161055624485 
0.4704720079898834 0.514752209186554 0.014775821007788181 
0.1001800000667572 0.8398130536079407 0.06000690907239914 
0.4327048361301422 0.5114960670471191 0.055799104273319244 
0.060618918389081955 0.31745824217796326 0.6219227910041809 
0.7765515446662903 0.213272824883461 0.010175580158829689 
0.6101855039596558 0.3578687608242035 0.031945690512657166 
0.8017556071281433 0.19168317317962646 0.006561222951859236 
0.1192101314663887 0.4055614173412323 0.4752284586429596 
0.854144275188446 0.13988488912582397 0.00597084267064929 
0.8504241108894348 0.1430671513080597 0.006508812308311462 
0.9461831450462341 0.049669425934553146 0.004147483501583338 
0.3876360356807709 0.5765175223350525 0.035846464335918427 
0.7230303287506104 0.26307201385498047 0.013897712342441082 
0.8324264883995056 0.16242730617523193 0.005146204959601164 
0.22512556612491608 0.7600038051605225 0.0148705979809165 
0.33355167508125305 0.635819673538208 0.030628705397248268 
0.00241219368763268 0.19506680965423584 0.8025209903717041 
0.8464016318321228 0.1448698490858078 0.008728417567908764 
0.6675617694854736 0.3142070174217224 0.018231190741062164 
0.5400797128677368 0.4178788363933563 0.04204139485955238 
0.8329111337661743 0.1617710441350937 0.005317799746990204 
0.8809807300567627 0.11232171207666397 0.006697541102766991 
0.9438396692276001 0.0533268004655838 0.0028335689567029476 
0.5096462368965149 0.46779191493988037 0.022561831399798393 
0.9589353203773499 0.03857240080833435 0.002492231084033847 
0.8359490036964417 0.15955750644207 0.0044934735633432865 
0.8421136140823364 0.15176963806152344 0.006116678472608328 
0.8201600909233093 0.17031586170196533 0.00952400453388691 
0.3691108524799347 0.6076463460922241 0.023242812603712082 
0.8028833270072937 0.1868131309747696 0.01030353456735611 
0.250034898519516 0.43268513679504395 0.31727996468544006 
0.14035238325595856 0.8111355304718018 0.04851211607456207 
0.7218102812767029 0.2561706006526947 0.022019166499376297 
0.889897882938385 0.10372243821620941 0.0063796439208090305 
0.10035388171672821 0.6354794502258301 0.2641666829586029 
0.02786591276526451 0.13036441802978516 0.8417696356773376 
0.4149055480957031 0.5346586108207703 0.05043580383062363 
0.8500737547874451 0.14224176108837128 0.0076844580471515656 
0.29552459716796875 0.632574200630188 0.07190123945474625 
0.6976155638694763 0.27832111716270447 0.024063294753432274 
0.2683837115764618 0.710963785648346 0.020652491599321365 
0.03618660196661949 0.8422251343727112 0.12158825993537903 
0.8992501497268677 0.09644689410924911 0.004302977118641138 
0.3507848381996155 0.6269275546073914 0.022287651896476746 
0.8229691982269287 0.16704201698303223 0.009988771751523018 
0.3507848381996155 0.6269275546073914 0.022287651896476746 
0.9523685574531555 0.04562791809439659 0.002003453439101577 
0.5095773339271545 0.46693718433380127 0.02348545379936695 
0.3507848381996155 0.6269275546073914 0.022287651896476746 
0.2835477590560913 0.6950331926345825 0.02141905017197132 
0.08345865458250046 0.8322620987892151 0.08427921682596207 
0.06632517278194427 0.8118934631347656 0.12178139388561249 
0.006464138627052307 0.27439621090888977 0.7191396355628967 
0.7529533505439758 0.24169982969760895 0.00534682534635067 
0.7866405248641968 0.2015753835439682 0.011783999390900135 
0.5689179301261902 0.4178835153579712 0.013198607601225376 
0.6529936194419861 0.3280496597290039 0.018956748768687248 
0.4615003764629364 0.5187758207321167 0.01972377300262451 
0.11004841327667236 0.72491455078125 0.16503700613975525 
0.11801660805940628 0.724734365940094 0.15724904835224152 
0.11801660805940628 0.724734365940094 0.15724904835224152 
0.4510713815689087 0.5126109719276428 0.03631763160228729 
0.9540572166442871 0.04386419430375099 0.0020785676315426826 
0.6512326598167419 0.32549265027046204 0.023274654522538185 
0.8178979158401489 0.17274737358093262 0.009354713372886181 
0.040955282747745514 0.9258772134780884 0.033167436718940735 
0.9584787487983704 0.03896285593509674 0.002558331936597824 
0.8773504495620728 0.11646245419979095 0.00618709297850728 
0.8510359525680542 0.1424391120672226 0.006524953991174698 
0.8745261430740356 0.12143830955028534 0.004035465884953737 
0.8841201663017273 0.11221491545438766 0.0036648937966674566 
0.7437811493873596 0.2401227355003357 0.016096068546175957 
0.6242469549179077 0.3395712971687317 0.03618170693516731 
0.5764491558074951 0.40143120288848877 0.022119661793112755 
0.11042065173387527 0.8691056966781616 0.02047363482415676 
0.6995957493782043 0.2873508036136627 0.013053414411842823 
0.6995957493782043 0.2873508036136627 0.013053414411842823 
0.8714185953140259 0.12334241718053818 0.0052390554919838905 
0.9356908798217773 0.06204506382346153 0.002264153677970171 
0.5140923261642456 0.46897828578948975 0.01692938432097435 
0.47486618161201477 0.503807008266449 0.021326815709471703 
0.20598050951957703 0.5547587275505066 0.23926076292991638 
0.24737338721752167 0.5582853555679321 0.19434122741222382 
0.8135981559753418 0.1807491034269333 0.005652805790305138 
0.8135981559753418 0.1807491034269333 0.005652805790305138 
0.4351515769958496 0.5181073546409607 0.04674108326435089 
0.8133764863014221 0.17886394262313843 0.0077596078626811504 
0.3366211950778961 0.651211142539978 0.012167705222964287 
0.7406251430511475 0.2504532039165497 0.008921630680561066 
0.6257189512252808 0.3620946407318115 0.012186365202069283 
0.90427166223526 0.08969108760356903 0.006037279963493347 
0.839974045753479 0.14584839344024658 0.014177569188177586 
0.3827950656414032 0.5992916822433472 0.01791325956583023 
0.15093159675598145 0.8311575651168823 0.017910916358232498 
0.2127656489610672 0.559690535068512 0.22754384577274323 
0.009702268987894058 0.5781893134117126 0.412108451128006 
0.888849139213562 0.10395398736000061 0.007196848746389151 
0.4930867552757263 0.45178744196891785 0.055125754326581955 
0.3029836416244507 0.6716026663780212 0.02541370503604412 
0.0026236199773848057 0.31993550062179565 0.677440881729126 
0.7046071290969849 0.2851119935512543 0.010280806571245193 
0.48800787329673767 0.4881953001022339 0.023796839639544487 
0.7468897104263306 0.23620617389678955 0.016904102638363838 
0.2612358033657074 0.5503533482551575 0.18841087818145752 
0.5847136378288269 0.4010086953639984 0.014277699403464794 
0.07900901883840561 0.8684617877006531 0.0525292232632637 
0.10504726320505142 0.7540191411972046 0.14093361794948578 
0.0009988350793719292 0.048055488616228104 0.9509456157684326 
0.506531298160553 0.47318893671035767 0.020279794931411743 
0.9121876358985901 0.08303219079971313 0.004780127201229334 
0.7019914984703064 0.2885306775569916 0.009477819316089153 
0.024125684052705765 0.9068983197212219 0.06897605955600739 
0.036996856331825256 0.3540762662887573 0.6089268326759338 
0.7943615317344666 0.18841136991977692 0.0172270480543375 
0.7553702592849731 0.22628560662269592 0.018344150856137276 
0.5331903100013733 0.45193836092948914 0.0148713868111372 
0.8135981559753418 0.1807491034269333 0.005652805790305138 
0.5786632299423218 0.395781546831131 0.02555527538061142 
0.009817748330533504 0.07370147109031677 0.9164807796478271 
0.7729511857032776 0.21842800080776215 0.008620799519121647 
0.38542094826698303 0.5776270031929016 0.03695211932063103 
0.9499208927154541 0.04743046686053276 0.0026486944407224655 
0.9347545504570007 0.062250249087810516 0.002995177637785673 
0.39601248502731323 0.5596038699150085 0.044383663684129715 
0.010672252625226974 0.710253119468689 0.2790745794773102 
0.048527054488658905 0.7545433640480042 0.19692954421043396 
0.6080179214477539 0.3614446520805359 0.030537405982613564 
0.9236539006233215 0.07321389019489288 0.003132264595478773 
0.6723010540008545 0.29440295696258545 0.03329605609178543 
0.8483805060386658 0.14582939445972443 0.005790187511593103 
0.5982227325439453 0.3886253833770752 0.013151904568076134 
0.003979079890996218 0.06772184371948242 0.928299069404602 
0.2579454481601715 0.7247524261474609 0.017302067950367928 
0.6287028789520264 0.3408013582229614 0.030495818704366684 
0.21233093738555908 0.7726863026618958 0.014982786029577255 
0.37416544556617737 0.5929650068283081 0.032869551330804825 
0.8340144157409668 0.15133240818977356 0.014653175137937069 
0.5691096782684326 0.40394100546836853 0.026949303224682808 
0.6492538452148438 0.3334316611289978 0.017314540222287178 
0.0006586980307474732 0.02143198437988758 0.9779093265533447 
0.22901183366775513 0.7052437663078308 0.06574443727731705 
0.029147276654839516 0.7498193979263306 0.22103334963321686 
0.8761122226715088 0.11898614466190338 0.0049015735276043415 
0.24024516344070435 0.7335668206214905 0.026188015937805176 
0.9202826023101807 0.07623306661844254 0.0034842451568692923 
0.6931275725364685 0.3003242611885071 0.006548230070620775 
0.3743135631084442 0.5944457650184631 0.03124074824154377 
0.8223176598548889 0.1661957949399948 0.011486507020890713 
0.5044522881507874 0.45618632435798645 0.03936144709587097 
0.6526461243629456 0.33754274249076843 0.00981116946786642 
0.3429485559463501 0.5828900933265686 0.0741613358259201 
0.7747316956520081 0.20530112087726593 0.01996721886098385 
0.0007124773692339659 0.019760312512516975 0.9795271754264832 
0.6265160441398621 0.33044716715812683 0.043036848306655884 
0.25167620182037354 0.7288380265235901 0.01948571391403675 
0.23641371726989746 0.7449093461036682 0.01867697946727276 
0.23510494828224182 0.748602032661438 0.016293080523610115 
0.9186704754829407 0.07606644928455353 0.005262972787022591 
0.15279439091682434 0.8113142251968384 0.03589138388633728 
0.6290346384048462 0.3475881516933441 0.023377178236842155 
0.8663510680198669 0.1255921721458435 0.008056771010160446 
0.03332361951470375 0.5327532887458801 0.4339230954647064 
0.043717239052057266 0.8985151052474976 0.0577675998210907 
0.4568268954753876 0.5283718705177307 0.014801295474171638 
0.9488964676856995 0.04864613711833954 0.0024574489798396826 
0.9562415480613708 0.04097181558609009 0.002786613767966628 
0.6063893437385559 0.3768116533756256 0.01679900847375393 
0.5889737606048584 0.3801446855068207 0.030881522223353386 
0.7163625359535217 0.27380532026290894 0.009832086972892284 
0.8868845105171204 0.10755716264247894 0.005558270961046219 
0.933238685131073 0.06416019797325134 0.002601123182103038 
0.09622082114219666 0.4474281072616577 0.45635101199150085 
0.6045210957527161 0.3835323750972748 0.011946555227041245 
0.9295641183853149 0.0671560987830162 0.0032797646708786488 
0.5913065075874329 0.3968190550804138 0.011874409392476082 
0.5070324540138245 0.4756412208080292 0.0173263568431139 
0.04377710446715355 0.7344536781311035 0.22176918387413025 
0.901480495929718 0.09364446997642517 0.004874981939792633 
0.3754052221775055 0.5775407552719116 0.0470539815723896 
0.12075074017047882 0.8531865477561951 0.026062702760100365 
0.9119836688041687 0.08382270485162735 0.004193671979010105 
0.04242509603500366 0.8863754868507385 0.07119936496019363 
0.9503433704376221 0.04647640883922577 0.0031802020967006683 
0.6736868619918823 0.3057810962200165 0.020532067865133286 
0.3784072995185852 0.6107543110847473 0.010838445276021957 
0.3366211950778961 0.651211142539978 0.012167705222964287 
0.34159624576568604 0.6387366652488708 0.019667034968733788 
0.6114516854286194 0.3746525049209595 0.013895898126065731 
0.02798781916499138 0.9384442567825317 0.03356783464550972 
0.07350257784128189 0.8618118166923523 0.0646856501698494 
0.6949825286865234 0.2943213880062103 0.01069616712629795 
0.6142423152923584 0.3755437731742859 0.010213898494839668 
0.6560089588165283 0.297651469707489 0.04633954167366028 
0.21026070415973663 0.7529250383377075 0.03681422770023346 
0.8953164219856262 0.10057949274778366 0.004104067571461201 
0.5719494223594666 0.40280744433403015 0.025243159383535385 
0.8393110632896423 0.152910515666008 0.00777836050838232 
0.7653130888938904 0.2184363156557083 0.016250619664788246 
0.8113537430763245 0.17830610275268555 0.010340127162635326 
0.8100036382675171 0.18212975561618805 0.007866675034165382 
0.2797034978866577 0.4817567765712738 0.2385396957397461 
0.5360090732574463 0.45117655396461487 0.012814386747777462 
0.1401604861021042 0.7849786281585693 0.07486090064048767 
0.1747523546218872 0.8121118545532227 0.013135700486600399 
0.9009066224098206 0.09556974470615387 0.003523696679621935 
0.8880663514137268 0.10555773228406906 0.006375953089445829 
0.9364686608314514 0.06079684942960739 0.00273451441898942 
0.49640029668807983 0.48245611786842346 0.021143557503819466 
0.017657408490777016 0.07859145849943161 0.9037511348724365 
0.2983100116252899 0.6778532862663269 0.023836685344576836 
0.2983100116252899 0.6778532862663269 0.023836685344576836 
0.02028973400592804 0.7752072811126709 0.2045028954744339 
0.29489365220069885 0.6801340579986572 0.024972351267933846 
0.9672924876213074 0.02901027910411358 0.0036972002126276493 
0.3490586578845978 0.6189156174659729 0.0320257693529129 
0.18743151426315308 0.7857635617256165 0.026804963126778603 
0.0787893608212471 0.8705310821533203 0.050679534673690796 
0.8145507574081421 0.1808157116174698 0.004633496981114149 
0.011077524162828922 0.7011417150497437 0.2877807319164276 
0.3265184164047241 0.6079825758934021 0.0654989629983902 
0.5014806985855103 0.41411057114601135 0.08440874516963959 
0.2851206958293915 0.5424284934997559 0.17245082557201385 
0.5118986368179321 0.4650956094264984 0.023005787283182144 
0.19626206159591675 0.7773913145065308 0.026346666738390923 
0.9242404699325562 0.07068435102701187 0.005075162276625633 
0.31716296076774597 0.663371741771698 0.019465215504169464 
0.6694436073303223 0.3123343586921692 0.018222011625766754 
0.5721733570098877 0.4125455617904663 0.015281115658581257 
0.11087961494922638 0.6006081104278564 0.28851228952407837 
0.9189267158508301 0.07676970213651657 0.004303600639104843 
0.03445953503251076 0.8247576355934143 0.14078289270401 
0.144721120595932 0.8375430703163147 0.0177358016371727 
0.7740292549133301 0.20769613981246948 0.01827467791736126 
0.623210072517395 0.35529574751853943 0.02149423025548458 
0.21006034314632416 0.7596094012260437 0.030330244451761246 
0.17588944733142853 0.7937455773353577 0.030365021899342537 
0.9097926020622253 0.08633913099765778 0.003868288826197386 
0.3272152841091156 0.529496431350708 0.14328829944133759 
0.5717926621437073 0.41605904698371887 0.012148350477218628 
0.6013447046279907 0.3822941482067108 0.016361083835363388 
0.3153958320617676 0.6393727660179138 0.04523138701915741 
0.031910330057144165 0.8604880571365356 0.107601597905159 
0.5704196095466614 0.4103343188762665 0.019246036186814308 
0.9156928062438965 0.08085083216428757 0.0034562975633889437 
0.9010359048843384 0.09289897233247757 0.006065113935619593 
0.3356913626194 0.6481935381889343 0.016115080565214157 
0.737485408782959 0.2574756443500519 0.005038930103182793 
0.17507143318653107 0.7803099751472473 0.04461856558918953 
0.6388270258903503 0.33699461817741394 0.02417841926217079 
0.43107181787490845 0.5116252303123474 0.05730301886796951 
0.7973036766052246 0.19049541652202606 0.012200949713587761 
0.4771566689014435 0.45713159441947937 0.06571176648139954 
0.6924409866333008 0.2904905080795288 0.017068462446331978 
0.7674468159675598 0.2133774757385254 0.01917572319507599 
0.0012070155935361981 0.03324621915817261 0.965546727180481 
0.6335290670394897 0.3387129306793213 0.027758019044995308 
0.9493026733398438 0.04870095103979111 0.0019963374361395836 
0.9078965187072754 0.08742205053567886 0.004681314807385206 
0.8661342263221741 0.1275937259197235 0.006271999794989824 
0.8752502799034119 0.11688375473022461 0.007865977473556995 
0.749152660369873 0.24561651051044464 0.005230790935456753 
0.5910257697105408 0.39507338404655457 0.0139009403064847 
0.6646323800086975 0.3263389766216278 0.009028613567352295 
0.8371973633766174 0.15477585792541504 0.008026780560612679 
0.524874210357666 0.43869510293006897 0.0364307165145874 
0.8199585676193237 0.16484814882278442 0.01519322395324707 
0.6856963634490967 0.30144450068473816 0.012859153561294079 
0.7949437499046326 0.19007429480552673 0.01498197391629219 
0.06351099908351898 0.6641455292701721 0.2723434567451477 
0.9241760969161987 0.06978505849838257 0.00603886041790247 
0.6389027833938599 0.3461613357067108 0.014935838058590889 
0.7070075869560242 0.25655311346054077 0.036439307034015656 
0.49682295322418213 0.44596755504608154 0.05720945820212364 
0.23113352060317993 0.5329986214637756 0.23586782813072205 
0.8422073125839233 0.14791440963745117 0.009878236800432205 
0.7009677886962891 0.2754037082195282 0.023628462105989456 
0.0027556258719414473 0.07958579808473587 0.9176585674285889 
0.027456916868686676 0.2114618420600891 0.7610812783241272 
0.9791075587272644 0.018971726298332214 0.001920758979395032 
0.631876528263092 0.35657617449760437 0.01154734194278717 
0.5991441607475281 0.34814387559890747 0.05271202698349953 
0.061783988028764725 0.7705814838409424 0.1676345020532608 
0.9309703707695007 0.0657510831952095 0.0032785891089588404 
0.8258028626441956 0.1610206961631775 0.013176429085433483 
0.15916509926319122 0.8124265670776367 0.02840832620859146 
0.7461816072463989 0.2367938905954361 0.017024509608745575 
0.7111780643463135 0.2825050950050354 0.006316764745861292 
0.8459452390670776 0.14657773077487946 0.00747697614133358 
0.2851206958293915 0.5424284934997559 0.17245082557201385 
0.8477466106414795 0.1442711502313614 0.007982292212545872 
0.10647622495889664 0.8784890174865723 0.015034765005111694 
0.9517462849617004 0.04541706293821335 0.002836663043126464 
0.6829708814620972 0.2977944314479828 0.019234731793403625 
0.01677808351814747 0.43888726830482483 0.5443345904350281 
0.004519992973655462 0.4538835883140564 0.5415964126586914 
0.41582587361335754 0.5370317101478577 0.0471423864364624 
0.9438046813011169 0.05209631472826004 0.004099016077816486 
0.8252854943275452 0.16758276522159576 0.007131684105843306 
0.6902963519096375 0.29212552309036255 0.017578164115548134 
0.7044309377670288 0.2882234752178192 0.0073455870151519775 
0.3702707886695862 0.6055709719657898 0.024158231914043427 
0.9379953742027283 0.05970010533928871 0.002304558642208576 
0.8645252585411072 0.12796540558338165 0.007509305607527494 
0.000852469471283257 0.037565939128398895 0.9615815877914429 
0.3388471007347107 0.6487930417060852 0.012359825894236565 
0.9474295973777771 0.04968106746673584 0.002889294410124421 
0.7737841606140137 0.20913352072238922 0.017082305625081062 
0.016537705436348915 0.24344056844711304 0.7400217056274414 
0.39894983172416687 0.5093177556991577 0.09173239022493362 
0.5107941031455994 0.42922404408454895 0.05998184531927109 
0.06982996314764023 0.7984569072723389 0.1317131519317627 
0.0023688252549618483 0.2003384828567505 0.7972926497459412 
0.6346374154090881 0.33861684799194336 0.026745719835162163 
0.4244493544101715 0.5300672650337219 0.04548339545726776 
0.0013077754992991686 0.04235745221376419 0.9563347697257996 
0.4880954325199127 0.49262410402297974 0.01928046904504299 
0.001306162215769291 0.04717046022415161 0.9515233635902405 
0.6595921516418457 0.33084794878959656 0.00955983903259039 
0.7489206194877625 0.24051712453365326 0.01056226808577776 
0.9485851526260376 0.049007631838321686 0.002407291205599904 
0.7638392448425293 0.217123344540596 0.019037438556551933 
0.8482694029808044 0.14245165884494781 0.009278944693505764 
0.5817055106163025 0.3883035480976105 0.029990918934345245 
0.2012694925069809 0.6530370116233826 0.14569349586963654 
0.0009185738163068891 0.010977408848702908 0.9881040453910828 
0.4453967809677124 0.544399082660675 0.010204182006418705 
0.7017338275909424 0.274383008480072 0.023883171379566193 
0.89678955078125 0.09810493141412735 0.0051054758951067924 
0.25752997398376465 0.5987827777862549 0.14368726313114166 
0.38829097151756287 0.5716784000396729 0.0400305911898613 
0.9485484957695007 0.048745132982730865 0.0027063461020588875 
0.9000673890113831 0.0938456580042839 0.006086966022849083 
0.0022309136111289263 0.3194064497947693 0.6783626675605774 
0.23961542546749115 0.6704543232917786 0.08993029594421387 
0.8861494660377502 0.10743329674005508 0.00641730148345232 
0.7608104944229126 0.2327902466058731 0.006399350706487894 
0.38237494230270386 0.5629514455795288 0.054673515260219574 
0.27711227536201477 0.678170919418335 0.04471680521965027 
0.02605980634689331 0.8534819483757019 0.12045815587043762 
0.2909702956676483 0.675661563873291 0.033368151634931564 
0.8364173769950867 0.15927255153656006 0.004310120828449726 
0.5623105764389038 0.4089895784854889 0.028699804097414017 
0.6447054147720337 0.31151071190834045 0.04378393292427063 
0.3929176926612854 0.592170238494873 0.014912096783518791 
0.8245019912719727 0.16517633199691772 0.010321608744561672 
0.4792318046092987 0.5052188038825989 0.01554934959858656 
0.7764928936958313 0.19669167697429657 0.02681540884077549 
0.9335259199142456 0.06295303255319595 0.003521035658195615 
0.6863267421722412 0.2875916361808777 0.026081593707203865 
0.027468286454677582 0.7593880891799927 0.21314369142055511 
0.9325735569000244 0.06464418023824692 0.0027822854463011026 
0.0015689644496887922 0.1913127601146698 0.80711829662323 
0.7703569531440735 0.20282404124736786 0.02681906707584858 
0.961885929107666 0.035948727279901505 0.0021653713192790747 
0.08691280335187912 0.8162990212440491 0.096788190305233 
0.8970330357551575 0.09679624438285828 0.0061708115972578526 
0.5312482118606567 0.4402382969856262 0.02851342037320137 
0.645132839679718 0.3449859619140625 0.009881168603897095 
0.9029718041419983 0.09367682039737701 0.003351296531036496 
0.5960029363632202 0.349914014339447 0.054082974791526794 
0.865928590297699 0.12552329897880554 0.008548091165721416 
0.613020122051239 0.36978426575660706 0.017195619642734528 
0.7038612961769104 0.28105542063713074 0.01508322823792696 
0.9235381484031677 0.06948477029800415 0.006977170240134001 
0.8853650689125061 0.10913261771202087 0.005502328276634216 
0.3288877308368683 0.5568948984146118 0.11421738564968109 
0.7189137935638428 0.24942368268966675 0.03166252374649048 
0.5806481242179871 0.36207523941993713 0.057276651263237 
0.8739281892776489 0.1187831312417984 0.007288672029972076 
0.175323948264122 0.709392786026001 0.11528325080871582 
0.45391473174095154 0.5123109817504883 0.03377426043152809 
0.419015109539032 0.5640895366668701 0.016895312815904617 
0.05197862163186073 0.47199878096580505 0.4760225713253021 
0.7382245659828186 0.23272767663002014 0.029047725722193718 
0.2277182638645172 0.5240542888641357 0.24822741746902466 
0.6943928599357605 0.2376287579536438 0.06797847151756287 
0.7847055792808533 0.20666806399822235 0.008626384660601616 
0.1124495416879654 0.8301320672035217 0.05741843208670616 
0.42702385783195496 0.5553094744682312 0.017666667699813843 
0.5804699063301086 0.4013587236404419 0.01817137561738491 
0.5108840465545654 0.45835229754447937 0.030763640999794006 
0.03522342070937157 0.7124506831169128 0.2523259222507477 
0.17720405757427216 0.7906343936920166 0.03216150403022766 
0.7625057101249695 0.2294204980134964 0.008073808625340462 
0.7489520311355591 0.2438020557165146 0.007245821878314018 
0.18893013894557953 0.7441419959068298 0.06692782789468765 
0.15637116134166718 0.7869798541069031 0.05664896219968796 
0.03163663297891617 0.9277031421661377 0.04066024720668793 
0.9003639221191406 0.09529577195644379 0.004340325016528368 
0.9053003191947937 0.08928751945495605 0.005412057042121887 
0.9088603258132935 0.08548389375209808 0.005655757151544094 
0.9561383128166199 0.040622830390930176 0.0032388633117079735 
0.7179262638092041 0.27225440740585327 0.009819318540394306 
0.43243053555488586 0.5382351875305176 0.029334338381886482 
0.9407728314399719 0.05626138672232628 0.002965737832710147 
0.0030213911086320877 0.805097222328186 0.19188141822814941 
0.6865681409835815 0.3009965121746063 0.012435357086360455 
0.822634756565094 0.1649385690689087 0.012426720932126045 
0.8694769740104675 0.12281905114650726 0.007703960873186588 
0.5576367974281311 0.4154313802719116 0.02693190425634384 
0.062286168336868286 0.7523331046104431 0.1853806972503662 
0.4863232374191284 0.48530909419059753 0.02836768515408039 
0.04390080273151398 0.732603132724762 0.22349606454372406 
0.24627217650413513 0.5549390316009521 0.1987888067960739 
0.14494916796684265 0.6909559965133667 0.16409486532211304 
0.001809156616218388 0.053160663694143295 0.9450302124023438 
0.7525589466094971 0.23131339251995087 0.016127711161971092 
0.6874119639396667 0.29094716906547546 0.021640878170728683 
0.010293050669133663 0.13241349160671234 0.8572934865951538 
0.4853091537952423 0.48666173219680786 0.02802901528775692 
0.5504348278045654 0.41400837898254395 0.03555678576231003 
0.8017957210540771 0.18746526539325714 0.010739085264503956 
0.6578899621963501 0.32804131507873535 0.01406868640333414 
0.7205094695091248 0.2732340395450592 0.006256469059735537 
0.8015127778053284 0.18985484540462494 0.008632314391434193 
0.3563287854194641 0.6260319948196411 0.017639227211475372 
0.3934536874294281 0.5864669680595398 0.02007940784096718 
0.7594847679138184 0.23364052176475525 0.006874714512377977 
0.4414130449295044 0.5297408103942871 0.028846150264143944 
0.6887902021408081 0.29333963990211487 0.017870156094431877 
0.24531711637973785 0.5530983209609985 0.201584592461586 
0.6652083992958069 0.31722119450569153 0.017570339143276215 
0.0019969940185546875 0.017158305272459984 0.9808447360992432 
0.9103698134422302 0.08349835127592087 0.006131815258413553 
0.5629236698150635 0.4055858850479126 0.03149046003818512 
0.6414363384246826 0.34335121512413025 0.015212463214993477 
0.35300326347351074 0.5797290802001953 0.06726764887571335 
0.8328258395195007 0.15506842732429504 0.012105795554816723 
0.741313099861145 0.2469746470451355 0.011712213978171349 
0.5087278485298157 0.4757257401943207 0.015546389855444431 
0.32831132411956787 0.5776984095573425 0.09399021416902542 
0.9059417843818665 0.08138557523488998 0.012672603130340576 
0.545199453830719 0.43471530079841614 0.020085271447896957 
0.28578701615333557 0.6012811064720154 0.11293185502290726 
0.12901277840137482 0.8332507610321045 0.037736475467681885 
0.7124329209327698 0.2653794586658478 0.022187627851963043 
0.7244234085083008 0.26265034079551697 0.012926214374601841 
0.8970884084701538 0.09676342457532883 0.006148141343146563 
0.25559595227241516 0.7232377529144287 0.021166257560253143 
0.7933091521263123 0.19690832495689392 0.00978244747966528 
0.11676855385303497 0.809341311454773 0.07389017939567566 
0.11445527523756027 0.8298032283782959 0.05574144795536995 
0.6763481497764587 0.3158997893333435 0.0077520692721009254 
0.46660882234573364 0.5005454421043396 0.03284576162695885 
0.8704099655151367 0.12438174337148666 0.005208251532167196 
0.7282659411430359 0.2604844570159912 0.011249523609876633 
0.8249596357345581 0.16936689615249634 0.005673504434525967 
0.8273530602455139 0.1629091054201126 0.0097378920763731 
0.7032667398452759 0.2781899869441986 0.01854322850704193 
0.906957745552063 0.08873721957206726 0.004305070731788874 
0.40123552083969116 0.5644679665565491 0.034296564757823944 
0.5866085886955261 0.4029923677444458 0.010399064980447292 
0.019251808524131775 0.7941684126853943 0.18657977879047394 
0.2766716182231903 0.633813202381134 0.08951513469219208 
0.045994825661182404 0.840662956237793 0.11334230750799179 
0.11139365285634995 0.7983760833740234 0.09023021161556244 
0.2272467017173767 0.5568141937255859 0.21593910455703735 
0.2272467017173767 0.5568141937255859 0.21593910455703735 
0.23434336483478546 0.7218729853630066 0.04378368705511093 
0.05518727749586105 0.8775150775909424 0.06729761511087418 
0.881906270980835 0.11404571682214737 0.0040479302406311035 
0.24531711637973785 0.5530983209609985 0.201584592461586 
0.8801892995834351 0.11143700033426285 0.008373632095754147 
0.5988425016403198 0.37773585319519043 0.023421619087457657 
0.044821906834840775 0.6057525277137756 0.3494254946708679 
0.9315207600593567 0.06378573179244995 0.00469351839274168 
0.8391050696372986 0.1534484624862671 0.007446490228176117 
0.0038018417544662952 0.10806052386760712 0.8881375789642334 
0.18154551088809967 0.5771570205688477 0.24129748344421387 
0.614342451095581 0.366008996963501 0.019648488610982895 
0.20390552282333374 0.767486035823822 0.02860838919878006 
0.1522219181060791 0.8221144080162048 0.025663629174232483 
0.543846070766449 0.43384629487991333 0.022307606413960457 
0.07946169376373291 0.5582030415534973 0.3623352348804474 
0.32767730951309204 0.526780366897583 0.14554230868816376 
0.4092530608177185 0.532193660736084 0.05855328217148781 
0.8965327739715576 0.09908489882946014 0.004382325801998377 
0.22579072415828705 0.6038749814033508 0.1703343391418457 
0.938681423664093 0.058342818170785904 0.002975705312564969 
0.04927755892276764 0.8881757855415344 0.06254664808511734 
0.8412194848060608 0.15092958509922028 0.007850890047848225 
0.5579484701156616 0.429341197013855 0.01271030306816101 
0.5579484701156616 0.429341197013855 0.01271030306816101 
0.8256982564926147 0.16067758202552795 0.013624144718050957 
0.8254534602165222 0.16425831615924835 0.01028821337968111 
0.8810551762580872 0.11453133821487427 0.004413462709635496 
0.9626604914665222 0.034625183790922165 0.002714341040700674 
0.25706982612609863 0.7138882875442505 0.029041873291134834 
0.9551494717597961 0.040449436753988266 0.004401003010571003 
0.5409286618232727 0.38187268376350403 0.07719861716032028 
0.07674462348222733 0.357171893119812 0.5660834908485413 
0.4692386984825134 0.49609658122062683 0.03466472029685974 
0.37185364961624146 0.540411651134491 0.08773472905158997 
0.7443720102310181 0.23301474750041962 0.02261323295533657 
0.5653724074363708 0.41691601276397705 0.017711589112877846 
0.5084325075149536 0.4310891032218933 0.06047841161489487 
0.7571550011634827 0.22981898486614227 0.01302600558847189 
0.0014342648210003972 0.056194134056568146 0.9423715472221375 
0.5272062420845032 0.45619672536849976 0.01659703440964222 
0.007692230399698019 0.37674474716186523 0.6155630350112915 
0.1804315596818924 0.8001850843429565 0.019383462145924568 
0.7333405613899231 0.2569705843925476 0.009688859805464745 
0.3036118745803833 0.6672451496124268 0.029143011197447777 
0.8778417110443115 0.1132984533905983 0.008859864436089993 
0.055802904069423676 0.6606774926185608 0.2835196554660797 
0.9053823947906494 0.09132277220487595 0.0032947694417089224 
0.9000117182731628 0.09533333778381348 0.004654911812394857 
0.8634239435195923 0.1305423229932785 0.006033772602677345 
0.7282527685165405 0.25733745098114014 0.01440979540348053 
0.23748409748077393 0.6037477254867554 0.15876814723014832 
0.44054242968559265 0.5278031826019287 0.03165436163544655 
0.5349558591842651 0.4272402226924896 0.03780392184853554 
0.8710668683052063 0.1227252185344696 0.0062079220078885555 
0.902125895023346 0.09304597228765488 0.004828114993870258 
0.7246605753898621 0.26625898480415344 0.009080381132662296 
0.8109919428825378 0.17801149189472198 0.010996551252901554 
0.37681764364242554 0.5707475543022156 0.052434805780649185 
0.7805031538009644 0.2108919620513916 0.00860492791980505 
0.3799489736557007 0.5697806477546692 0.05027042329311371 
0.5994604825973511 0.3897738754749298 0.010765629820525646 
0.343393474817276 0.5548405051231384 0.10176604986190796 
0.8890803456306458 0.10725247114896774 0.003667214885354042 
0.1110464483499527 0.8458852171897888 0.04306836798787117 
0.006403164006769657 0.2784324586391449 0.7151644229888916 
0.0862041637301445 0.46950972080230713 0.4442861080169678 
0.33939284086227417 0.5491175651550293 0.11148960888385773 
0.8399778008460999 0.15214964747428894 0.007872549816966057 
0.4966878592967987 0.47272777557373047 0.030584339052438736 
0.6116253733634949 0.35288006067276 0.03549450635910034 
0.5191779136657715 0.44597023725509644 0.034851860255002975 
0.7478262186050415 0.23672601580619812 0.015447773970663548 
0.512351930141449 0.4725349545478821 0.01511307805776596 
0.20211787521839142 0.7635652422904968 0.034316860139369965 
0.6438246965408325 0.3441272974014282 0.012048032134771347 
0.017779706045985222 0.22778530418872833 0.7544350028038025 
0.16980041563510895 0.7551860809326172 0.07501349598169327 
0.8976172208786011 0.09924791008234024 0.0031349449418485165 
0.008490446023643017 0.8546578884124756 0.1368517279624939 
0.204753115773201 0.5408418774604797 0.25440502166748047 
0.8804642558097839 0.1162954568862915 0.0032402765937149525 
0.2401227056980133 0.6157111525535583 0.14416611194610596 
0.12125005573034286 0.8016795516014099 0.07707040756940842 
0.6031469106674194 0.3744514584541321 0.02240164391696453 
0.822444498538971 0.1690777838230133 0.008477779105305672 
0.8881725072860718 0.10631036758422852 0.005517094396054745 
0.0006744936108589172 0.01765415631234646 0.9816712737083435 
0.9062871932983398 0.08948393911123276 0.004228820558637381 
0.5838132500648499 0.39027243852615356 0.02591433934867382 
0.2510041892528534 0.702789843082428 0.046206045895814896 
0.934728741645813 0.062244515866041183 0.0030266845133155584 
0.2535463273525238 0.7006034851074219 0.04585022106766701 
0.8036062121391296 0.19277895987033844 0.0036148622166365385 
0.34046366810798645 0.4984343349933624 0.1611020267009735 
0.8320295810699463 0.16132941842079163 0.0066409483551979065 
0.5054165124893188 0.4660009741783142 0.028582435101270676 
0.05005742236971855 0.8794799447059631 0.0704626813530922 
0.014823028817772865 0.31955987215042114 0.6656171083450317 
0.8116689324378967 0.1816539168357849 0.0066771660931408405 
0.7105340957641602 0.2780456244945526 0.011420246213674545 
0.8463737368583679 0.14562033116817474 0.008006013929843903 
0.9260998964309692 0.06881625205278397 0.005083956755697727 
0.24427233636379242 0.4794406294822693 0.2762870192527771 
0.8264034390449524 0.16785778105258942 0.005738827865570784 
0.8910967111587524 0.10428808629512787 0.004615257494151592 
0.28987568616867065 0.597174346446991 0.11294995993375778 
0.15001998841762543 0.7855958342552185 0.06438425928354263 
0.7495506405830383 0.23086458444595337 0.01958473026752472 
0.1406911015510559 0.7959405779838562 0.06336832046508789 
0.43944665789604187 0.5057805180549622 0.054772768169641495 
0.8368411064147949 0.1531711369752884 0.009987756609916687 
0.7869907021522522 0.18476197123527527 0.028247307986021042 
0.4231147766113281 0.47001728415489197 0.10686790198087692 
0.910251259803772 0.08547718822956085 0.004271460231393576 
0.7905094027519226 0.19407281279563904 0.015417816117405891 
0.6608609557151794 0.33096373081207275 0.008175304159522057 
0.3664393126964569 0.525608241558075 0.10795244574546814 
0.5449517965316772 0.441523939371109 0.01352422684431076 
0.463169664144516 0.5142272710800171 0.02260304056107998 
0.8789993524551392 0.115516796708107 0.005483923014253378 
0.7745468616485596 0.21650689840316772 0.008946266025304794 
0.8963416814804077 0.09966298937797546 0.003995310515165329 
0.4595475494861603 0.49232640862464905 0.04812603071331978 
0.5107941031455994 0.42922404408454895 0.05998184531927109 
0.830439567565918 0.15772321820259094 0.01183728314936161 
0.9332807064056396 0.062095120549201965 0.004624070134013891 
0.915427029132843 0.08114349097013474 0.0034294400829821825 
0.8208694458007812 0.16937902569770813 0.009751440957188606 
0.8960254192352295 0.09924332797527313 0.004731237422674894 
0.17066751420497894 0.6959587335586548 0.13337375223636627 
0.27434390783309937 0.6771699786186218 0.04848615825176239 
0.20157098770141602 0.7783707976341248 0.020058169960975647 
0.7266219258308411 0.2664448320865631 0.006933235563337803 
0.020732371136546135 0.9489812254905701 0.03028629906475544 
0.9311212301254272 0.06511888653039932 0.0037598242051899433 
0.00585632910951972 0.7379825711250305 0.25616106390953064 
0.6589236259460449 0.32683223485946655 0.01424410194158554 
0.0018889176426455379 0.024179086089134216 0.9739320278167725 
0.5957422852516174 0.3606798052787781 0.04357791319489479 
0.23708835244178772 0.7405368089675903 0.022374780848622322 
0.43264105916023254 0.5287083387374878 0.03865065053105354 
0.04471942409873009 0.5599722266197205 0.39530837535858154 
0.9007939696311951 0.09373452514410019 0.005471516866236925 
0.9479213356971741 0.04919695109128952 0.0028816978447139263 
0.8255469799041748 0.16593387722969055 0.008519235998392105 
0.6030783653259277 0.3721083104610443 0.024813337251544 
0.003121970919892192 0.4524812400341034 0.5443968176841736 
0.4948996901512146 0.46690312027931213 0.03819717466831207 
0.6809425354003906 0.3004455864429474 0.018611926585435867 
0.46035364270210266 0.49080365896224976 0.048842668533325195 
0.0024190223775804043 0.20106615126132965 0.7965148091316223 
0.005391825921833515 0.25534310936927795 0.7392650842666626 
0.003533700481057167 0.5278581976890564 0.4686080813407898 
0.6708167195320129 0.3206140398979187 0.008569265715777874 
0.8833640813827515 0.1104220375418663 0.006213925778865814 
0.5872988104820251 0.3589783310890198 0.05372282862663269 
0.9218875765800476 0.07463600486516953 0.00347637920640409 
0.7617411613464355 0.2274213582277298 0.010837524197995663 
0.3683162331581116 0.3981623649597168 0.23352143168449402 
0.10108279436826706 0.5155462622642517 0.3833709955215454 
0.8915935754776001 0.1039549931883812 0.004451516084372997 
0.6540472507476807 0.3061753809452057 0.03977733477950096 
0.9587202072143555 0.03840002417564392 0.0028798517305403948 
0.5990999937057495 0.37242579460144043 0.028474198654294014 
0.09922999888658524 0.8587669134140015 0.042002979665994644 
0.8112236857414246 0.17373017966747284 0.015046130865812302 
0.08021784573793411 0.880891740322113 0.038890380412340164 
0.7265108227729797 0.25825852155685425 0.015230702236294746 
0.7977033853530884 0.18612134456634521 0.016175314784049988 
0.5094811916351318 0.46397581696510315 0.026542969048023224 
0.5860951542854309 0.39810681343078613 0.015798045322299004 
0.2041422426700592 0.7385629415512085 0.05729487165808678 
0.5230512022972107 0.46084505319595337 0.01610371842980385 
0.7924968004226685 0.19892439246177673 0.008578798733651638 
0.05751490592956543 0.4345964193344116 0.507888674736023 
0.6824675798416138 0.2856229245662689 0.0319095179438591 
0.9139735102653503 0.08253995329141617 0.0034865073394030333 
0.5579484701156616 0.429341197013855 0.01271030306816101 
0.14662474393844604 0.5153259634971619 0.33804935216903687 
0.6384839415550232 0.34991660714149475 0.011599407531321049 
0.5676502585411072 0.41115981340408325 0.021189944818615913 
0.6093133091926575 0.3705737292766571 0.02011294476687908 
0.09990833699703217 0.5428131222724915 0.3572785258293152 
0.24695512652397156 0.4808414578437805 0.2722034156322479 
0.8992261290550232 0.09566978365182877 0.005104098469018936 
0.9659477472305298 0.032025501132011414 0.0020267541985958815 
0.8250007629394531 0.16571465134620667 0.009284643456339836 
0.43373286724090576 0.5298212766647339 0.03644588962197304 
0.7769783735275269 0.2140752077102661 0.008946496061980724 
0.41964855790138245 0.5439896583557129 0.036361776292324066 
0.46885818243026733 0.5027032494544983 0.028438525274395943 
0.5579484701156616 0.429341197013855 0.01271030306816101 
0.651370644569397 0.3369680345058441 0.011661303229629993 
0.0037766832392662764 0.40396055579185486 0.5922628045082092 
0.79146808385849 0.19919629395008087 0.009335565380752087 
0.6177055239677429 0.3557194769382477 0.026575028896331787 
0.5409587025642395 0.43757686018943787 0.021464381366968155 
0.6891498565673828 0.30089083313941956 0.00995927769690752 
0.022500263527035713 0.9350335597991943 0.04246611148118973 
0.6232463717460632 0.35645946860313416 0.020294100046157837 
0.6324436664581299 0.3485568165779114 0.01899951696395874 
0.6897935271263123 0.3025765120983124 0.007629964035004377 
0.5345197319984436 0.4411504864692688 0.02432977966964245 
0.6923208832740784 0.2943565249443054 0.013322548940777779 
0.3990229070186615 0.538675844669342 0.06230132654309273 
0.558174729347229 0.4242800176143646 0.01754523441195488 
0.2714631259441376 0.606717050075531 0.12181978672742844 
0.35754796862602234 0.5576416850090027 0.08481038361787796 
0.12880884110927582 0.6908537149429321 0.18033741414546967 
0.37402358651161194 0.6040133237838745 0.021963097155094147 
0.8911451697349548 0.10465323179960251 0.004201642237603664 
0.5532092452049255 0.4334137737751007 0.013376956805586815 
0.4377312660217285 0.517432451248169 0.04483626037836075 
0.8953530192375183 0.09716212749481201 0.007484892848879099 
0.24289663136005402 0.7420368194580078 0.015066566877067089 
0.27184468507766724 0.6756304502487183 0.05252482369542122 
0.09832047671079636 0.8340747356414795 0.06760481745004654 
0.18648076057434082 0.5786993503570557 0.23481987416744232 
0.8713274002075195 0.12055300176143646 0.008119499310851097 
0.8585424423217773 0.13553301990032196 0.005924535449594259 
0.0071331229992210865 0.4941456615924835 0.49872130155563354 
0.7189039587974548 0.2741304039955139 0.006965587381273508 
0.14089438319206238 0.8380316495895386 0.021073944866657257 
0.16219228506088257 0.8174992203712463 0.02030857652425766 
0.26649829745292664 0.7177501320838928 0.015751508995890617 
0.7883654236793518 0.19812199473381042 0.013512627221643925 
0.4625878632068634 0.5194138288497925 0.017998380586504936 
0.8682425618171692 0.12635572254657745 0.005401719361543655 
0.5351737141609192 0.4356500208377838 0.029176248237490654 
0.08150118589401245 0.5774056315422058 0.34109315276145935 
0.7014957070350647 0.28562530875205994 0.012879000045359135 
0.37877798080444336 0.5917219519615173 0.02950000762939453 
0.6192803382873535 0.3687569200992584 0.011962732300162315 
0.5579484701156616 0.429341197013855 0.01271030306816101 
0.524422287940979 0.4504362642765045 0.02514146827161312 
0.9161060452461243 0.07983789592981339 0.004056118428707123 
0.6404443979263306 0.34712696075439453 0.01242857612669468 
0.5285804867744446 0.46241748332977295 0.009002030827105045 
0.15825189650058746 0.6742290258407593 0.16751910746097565 
0.9035367965698242 0.08552750200033188 0.010935735888779163 
0.957215428352356 0.0405631922185421 0.0022213393822312355 
0.8466567397117615 0.14598336815834045 0.007359873503446579 
0.6542203426361084 0.33346110582351685 0.01231851801276207 
0.2826484739780426 0.7023991346359253 0.01495245099067688 
0.35147807002067566 0.6271930932998657 0.02132876217365265 
0.18280243873596191 0.7075480818748474 0.10964953154325485 
0.1239107996225357 0.7261286973953247 0.1499605029821396 
0.8424270749092102 0.15218615531921387 0.005386845208704472 
0.7019717693328857 0.27343446016311646 0.02459372580051422 
0.2919435501098633 0.6545799970626831 0.0534764900803566 
0.35919055342674255 0.6285185217857361 0.012290900573134422 
0.8794211745262146 0.11416266113519669 0.00641612708568573 
0.7337089776992798 0.2506707012653351 0.015620259568095207 
0.7560842633247375 0.2297465205192566 0.014169268310070038 
0.5464823842048645 0.42970964312553406 0.023808063939213753 
0.9128583073616028 0.07995665073394775 0.007185059133917093 
0.7273079752922058 0.2625353932380676 0.010156573727726936 
0.872502326965332 0.119569331407547 0.007928394712507725 
0.3103887140750885 0.6758311986923218 0.013780112378299236 
0.10361222922801971 0.4997413158416748 0.39664652943611145 
0.16527892649173737 0.8153496980667114 0.01937144249677658 
0.6762996912002563 0.29832160472869873 0.025378672406077385 
0.875594973564148 0.11875911056995392 0.005645914003252983 
0.697015106678009 0.28843954205513 0.01454539131373167 
0.6338396072387695 0.35927578806877136 0.006884601898491383 
0.8052061796188354 0.1858198344707489 0.00897405855357647 
0.8807050585746765 0.11274846643209457 0.006546582095324993 
0.8483805060386658 0.14199307560920715 0.009626460261642933 
0.7980566620826721 0.19220232963562012 0.009741025045514107 
0.9175159335136414 0.07677020877599716 0.005713858641684055 
0.6754830479621887 0.3127914071083069 0.01172558218240738 
0.3791365325450897 0.6034536957740784 0.01740977354347706 
0.531993567943573 0.44319844245910645 0.024807967245578766 
0.5512269139289856 0.4343075454235077 0.01446547545492649 
0.1459837108850479 0.8313527703285217 0.022663505747914314 
0.7318093776702881 0.25527703762054443 0.012913575395941734 
0.41618430614471436 0.5564638376235962 0.0273518618196249 
0.08747980743646622 0.6511349678039551 0.2613852322101593 
0.11239863932132721 0.8675190210342407 0.02008228190243244 
0.27400442957878113 0.7087436318397522 0.017251968383789062 
0.26122915744781494 0.6556265354156494 0.08314426243305206 
0.07200168073177338 0.4175528883934021 0.5104454159736633 
0.47601428627967834 0.4797307252883911 0.044255029410123825 
0.4524296820163727 0.478584885597229 0.06898543983697891 
0.825688362121582 0.1659369170665741 0.008374673314392567 
0.29890161752700806 0.5018120408058167 0.1992863416671753 
0.6155893206596375 0.36642777919769287 0.017982881516218185 
0.9008877277374268 0.09213831275701523 0.006973952986299992 
0.5107941031455994 0.42922404408454895 0.05998184531927109 
0.19454945623874664 0.5553096532821655 0.2501409351825714 
0.5496984124183655 0.43127602338790894 0.019025569781661034 
0.38692983984947205 0.588059663772583 0.02501051314175129 
0.18070770800113678 0.8025351166725159 0.01675725355744362 
0.9208291172981262 0.0730896070599556 0.006081211380660534 
0.629150927066803 0.34286677837371826 0.027982385829091072 
0.48093825578689575 0.4732975363731384 0.045764222741127014 
0.4656071662902832 0.5024652481079102 0.03192759305238724 
0.9338642358779907 0.06207934394478798 0.004056515172123909 
0.5247803926467896 0.4510304927825928 0.024189148098230362 
0.9319673180580139 0.06577427685260773 0.002258468884974718 
0.5407557487487793 0.4342833459377289 0.02496097795665264 
0.12286872416734695 0.8497297167778015 0.027401568368077278 
0.8242024183273315 0.16530273854732513 0.010494818910956383 
0.6349242329597473 0.3404419720172882 0.024633754044771194 
0.6517486572265625 0.326050341129303 0.022200964391231537 
0.6594369411468506 0.31428974866867065 0.02627326175570488 
0.8816220164299011 0.1102755069732666 0.008102484047412872 
0.5867874026298523 0.4045417606830597 0.008670845068991184 
0.7093151211738586 0.2724781036376953 0.018206825479865074 
0.888897180557251 0.10296409577131271 0.008138748817145824 
0.8914757966995239 0.10289084166288376 0.0056333462707698345 
0.233829066157341 0.6603108048439026 0.10586012899875641 
0.7562434673309326 0.2360045313835144 0.007752049248665571 
0.04092498868703842 0.3463708460330963 0.6127042174339294 
0.8995310068130493 0.09558818489313126 0.004880819469690323 
0.7804957032203674 0.19560900330543518 0.02389519475400448 
0.7127702236175537 0.2809499502182007 0.006279790308326483 
0.8108522891998291 0.17921334505081177 0.009934361092746258 
0.8727805614471436 0.11790203303098679 0.009317443706095219 
0.11325019598007202 0.8277616500854492 0.058988168835639954 
0.795950174331665 0.19536253809928894 0.008687262423336506 
0.0068510123528540134 0.6714460849761963 0.3217029273509979 
0.2675321698188782 0.7070448398590088 0.0254229623824358 
0.1153661459684372 0.8623894453048706 0.02224443294107914 
0.7623471021652222 0.23261737823486328 0.005035563837736845 
0.6151731610298157 0.3681887090206146 0.016638092696666718 
0.6293444633483887 0.35288774967193604 0.017767801880836487 
0.7066004276275635 0.2793727517127991 0.014026806689798832 
0.47140130400657654 0.4936761260032654 0.034922532737255096 
0.3731386065483093 0.5947486162185669 0.03211282193660736 
0.46480047702789307 0.5099570155143738 0.025242511183023453 
0.08488452434539795 0.8921634554862976 0.022951962426304817 
0.7984539270401001 0.19003638625144958 0.011509748175740242 
0.6085212230682373 0.37294018268585205 0.01853857934474945 
0.6983782649040222 0.2868732511997223 0.014748506247997284 
0.9402956366539001 0.05738019198179245 0.0023241324815899134 
0.7535548210144043 0.24085962772369385 0.005585511215031147 
0.08129943162202835 0.8965306878089905 0.02216988429427147 
0.0040764519944787025 0.06212445721030235 0.933799147605896 
0.8481334447860718 0.14300537109375 0.008861164562404156 
0.023495392873883247 0.9194169044494629 0.05708775296807289 
0.4714506268501282 0.4830043911933899 0.04554502293467522 
0.8664466142654419 0.12570415437221527 0.00784918013960123 
0.0763738602399826 0.4975861608982086 0.4260399639606476 
0.47655677795410156 0.4910702407360077 0.03237299621105194 
0.8480867147445679 0.14517256617546082 0.0067407116293907166 
0.9116699695587158 0.08478999882936478 0.0035400104243308306 
0.8386055827140808 0.1503317803144455 0.011062602512538433 
0.4144507348537445 0.566771924495697 0.01877729408442974 
0.5445278882980347 0.4418126344680786 0.013659525662660599 
0.7144913077354431 0.2750612199306488 0.010447418317198753 
0.7373911738395691 0.2551155388355255 0.007493309210985899 
0.6773539781570435 0.31545931100845337 0.007186728063970804 
0.6161947846412659 0.3780364394187927 0.005768750328570604 
0.735962986946106 0.25579965114593506 0.00823728647083044 
0.6031712889671326 0.3678746521472931 0.028954068198800087 
0.6564899682998657 0.30903321504592896 0.034476809203624725 
0.38548582792282104 0.5847981572151184 0.029716044664382935 
0.854907751083374 0.1388227641582489 0.006269463337957859 
0.8615595102310181 0.1339304894208908 0.004509975668042898 
0.4269033670425415 0.5383884310722351 0.0347081795334816 
0.855697512626648 0.139077827334404 0.005224666092544794 
0.6512054800987244 0.33989548683166504 0.008899067528545856 
0.5291588306427002 0.46040013432502747 0.010441041551530361 
0.7187507152557373 0.26442205905914307 0.016827182844281197 
0.8211658000946045 0.1729276180267334 0.005906569305807352 
0.5748131275177002 0.3930617868900299 0.03212512284517288 
0.7178082466125488 0.27239853143692017 0.009793121367692947 
0.014259641990065575 0.3164469599723816 0.6692934036254883 
0.8205258846282959 0.16950753331184387 0.009966613724827766 
0.10701491683721542 0.6755034923553467 0.2174815535545349 
0.43839436769485474 0.528010904788971 0.033594679087400436 
0.7313684225082397 0.2606481611728668 0.007983366958796978 
0.18048855662345886 0.6975623965263367 0.1219489797949791 
0.9180299639701843 0.0762103721499443 0.0057596685364842415 
0.8469696044921875 0.147327721118927 0.005702734459191561 
0.8871608376502991 0.1060694009065628 0.006769753061234951 
0.9430974721908569 0.05493964999914169 0.0019628535956144333 
0.9265002012252808 0.0687694400548935 0.004730382934212685 
0.9296838641166687 0.06674249470233917 0.0035736490972340107 
0.26886019110679626 0.4440106153488159 0.2871292233467102 
0.8123169541358948 0.17533332109451294 0.012349789030849934 
0.7801236510276794 0.20447881519794464 0.015397618524730206 
0.3071041703224182 0.6732072830200195 0.019688507542014122 
0.5505061149597168 0.42904242873191833 0.020451419055461884 
0.5559837222099304 0.39454105496406555 0.049475282430648804 
0.2914857268333435 0.6903980374336243 0.018116310238838196 
0.018210362643003464 0.8248064517974854 0.15698319673538208 
0.8736283183097839 0.11992865055799484 0.006442993879318237 
0.012284433469176292 0.3082478940486908 0.6794676780700684 
0.9517049193382263 0.045919269323349 0.0023757435847073793 
0.46791136264801025 0.4924268126487732 0.03966176509857178 
0.9156654477119446 0.07978571206331253 0.004548902157694101 
0.6654554009437561 0.32062575221061707 0.013918828219175339 
0.6700860261917114 0.3131650984287262 0.016748828813433647 
0.7808115482330322 0.21371285617351532 0.005475649610161781 
0.664155900478363 0.3094112277030945 0.026432868093252182 
0.7968860268592834 0.19008471071720123 0.01302932295948267 
0.3985072374343872 0.5922731757164001 0.00921954307705164 
0.21387429535388947 0.7648429274559021 0.02128288336098194 
0.8487226963043213 0.13960638642311096 0.011670916341245174 
0.3882399797439575 0.5406442880630493 0.07111570984125137 
0.2812989056110382 0.70399010181427 0.014711045660078526 
0.46263161301612854 0.4975602328777313 0.039808135479688644 
0.5080077052116394 0.4767884910106659 0.015203807502985 
0.2754705846309662 0.5641162395477295 0.16041317582130432 
0.14124728739261627 0.5929446816444397 0.26580795645713806 
0.06473322212696075 0.4251117706298828 0.5101550221443176 
0.06937683373689651 0.4448307752609253 0.48579245805740356 
0.06273007392883301 0.4277687668800354 0.5095011591911316 
0.07492457330226898 0.4440603256225586 0.481015145778656 
0.06661677360534668 0.42833012342453003 0.5050531029701233 
0.9096701741218567 0.08626072853803635 0.0040691690519452095 
0.8321506977081299 0.1613168865442276 0.006532385013997555 
0.9266341924667358 0.06928837299346924 0.0040774294175207615 
0.21432293951511383 0.7572657465934753 0.02841130644083023 
0.5020021200180054 0.47303104400634766 0.024966847151517868 
0.0011487585725262761 0.08426185697317123 0.9145893454551697 
0.1832309514284134 0.7600319981575012 0.056737083941698074 
0.9573575258255005 0.040596213191747665 0.0020462707616388798 
0.00412462605163455 0.06522778421640396 0.930647611618042 
0.9246418476104736 0.07134746760129929 0.004010659642517567 
0.889358401298523 0.10073769837617874 0.009903916157782078 
0.9316452145576477 0.06581098586320877 0.002543866401538253 
0.8040488362312317 0.1904895305633545 0.005461673717945814 
0.6349318623542786 0.3520423173904419 0.013025796972215176 
0.8533164262771606 0.14276115596294403 0.003922483883798122 
0.37832602858543396 0.5952771306037903 0.026396887376904488 
0.09084905683994293 0.6705759167671204 0.23857498168945312 
0.8961108922958374 0.09718582034111023 0.00670323520898819 
0.24676790833473206 0.6831603050231934 0.07007178664207458 
0.7591167092323303 0.2306734025478363 0.010209903120994568 
0.7753997445106506 0.2101336568593979 0.014466590248048306 
0.7570364475250244 0.23066215217113495 0.012301391921937466 
0.9631848335266113 0.03474864736199379 0.002066556829959154 
0.007144251372665167 0.25471997261047363 0.738135814666748 
0.8307099342346191 0.16196158528327942 0.0073285214602947235 
0.8897739052772522 0.10513681173324585 0.005089325364679098 
0.9142130613327026 0.080679751932621 0.005107200238853693 
0.5107941031455994 0.42922404408454895 0.05998184531927109 
0.8978149890899658 0.09823112189769745 0.003953834995627403 
0.06502501666545868 0.833310604095459 0.10166437923908234 
0.022681446745991707 0.8603018522262573 0.11701669543981552 
0.7690577507019043 0.22144988179206848 0.009492456912994385 
0.06049368530511856 0.9084380865097046 0.031068194657564163 
0.8737240433692932 0.12098462879657745 0.005291353911161423 
0.5548932552337646 0.4285581707954407 0.01654854603111744 
0.866938054561615 0.12655197083950043 0.0065099275670945644 
0.8113161325454712 0.17885257303714752 0.00983129721134901 
0.9064125418663025 0.08693552762269974 0.006651984062045813 
0.9365396499633789 0.06004181131720543 0.0034185133408755064 
0.9035298824310303 0.09282127022743225 0.0036488294135779142 
0.9115986227989197 0.08408136665821075 0.004320018459111452 
0.8752669095993042 0.12073592841625214 0.003997183404862881 
0.8723414540290833 0.12189487367868423 0.0057637495920062065 
0.3392183780670166 0.6473907828330994 0.013390843756496906 
0.3527672290802002 0.6045095324516296 0.04272322729229927 
0.6014799475669861 0.361948698759079 0.03657138720154762 
0.16662955284118652 0.8079472780227661 0.025423115119338036 
0.6648080348968506 0.3187958598136902 0.016396157443523407 
0.9464136958122253 0.05083252862095833 0.0027537033893167973 
0.9725840091705322 0.024831028655171394 0.0025850783567875624 
