(QUERY): 'AMERICAN-MUSLIM' '08'
Negative Neutral Positive
0.8423597812652588 0.1530372053384781 0.004603005014359951 
0.7301945686340332 0.2650093734264374 0.004796040244400501 
0.7446445822715759 0.2454279065132141 0.00992755126208067 
0.002051417250186205 0.04382932558655739 0.9541192650794983 
0.6229088306427002 0.35178932547569275 0.025301827117800713 
0.6535791754722595 0.3261544108390808 0.020266320556402206 
0.8988026976585388 0.09443996101617813 0.0067573911510407925 
0.9552329182624817 0.04089384153485298 0.0038732097018510103 
0.9444942474365234 0.05271231010556221 0.0027933670207858086 
0.11069449782371521 0.48187056183815 0.40743494033813477 
0.8128622770309448 0.17268052697181702 0.014457197859883308 
0.4960688650608063 0.47689709067344666 0.027033990249037743 
0.13197235763072968 0.8297717571258545 0.03825584799051285 
0.8756290674209595 0.11794465035200119 0.006426266394555569 
0.7050610780715942 0.28877004981040955 0.00616894755512476 
0.5025044679641724 0.40917477011680603 0.08832074701786041 
0.4879041612148285 0.494568794965744 0.017527040094137192 
0.8601776957511902 0.13329090178012848 0.0065313479863107204 
0.0015458868583664298 0.019510498270392418 0.9789436459541321 
0.19122613966464996 0.6106269955635071 0.19814693927764893 
0.8512589335441589 0.1427086442708969 0.006032401695847511 
0.8373177647590637 0.15630203485488892 0.006380094215273857 
0.9621506929397583 0.03547243773937225 0.0023768702521920204 
0.1488046497106552 0.29261836409568787 0.5585769414901733 
0.8545764684677124 0.1347028911113739 0.010720613412559032 
0.9690134525299072 0.028845686465501785 0.0021408917382359505 
0.3464229106903076 0.5731034278869629 0.08047375082969666 
0.36999422311782837 0.6116037368774414 0.01840204745531082 
0.8116419315338135 0.18206048011779785 0.006297627929598093 
0.5251832008361816 0.4430760443210602 0.03174080699682236 
0.9117195010185242 0.08442206680774689 0.0038584903813898563 
0.7277208566665649 0.2606159746646881 0.011663137935101986 
0.6646747589111328 0.3195073902606964 0.015817813575267792 
0.43552377820014954 0.5358439683914185 0.02863224968314171 
0.31857237219810486 0.6522886753082275 0.0291389599442482 
0.5361653566360474 0.4390963912010193 0.02473817951977253 
0.7291045188903809 0.2598886787891388 0.011006760410964489 
0.9096349477767944 0.08399469405412674 0.006370376329869032 
0.6326601505279541 0.3544343113899231 0.012905508279800415 
0.28915947675704956 0.5600062608718872 0.15083426237106323 
0.007809394039213657 0.227787584066391 0.7644030451774597 
0.44544073939323425 0.5256375670433044 0.028921669349074364 
0.7365140318870544 0.2522090971469879 0.011276849545538425 
0.23564448952674866 0.7337021231651306 0.03065340220928192 
0.03438722714781761 0.6473851799964905 0.3182275593280792 
0.0994647964835167 0.8604050874710083 0.04013015702366829 
0.3950848877429962 0.5743978023529053 0.030517341569066048 
0.9350808262825012 0.06298477202653885 0.001934486790560186 
0.8418546915054321 0.1503739058971405 0.007771438919007778 
0.009250030852854252 0.2634146511554718 0.7273353338241577 
0.8391708731651306 0.15256786346435547 0.008261244744062424 
0.5443604588508606 0.42046254873275757 0.035177040845155716 
0.4399197995662689 0.5349590182304382 0.025121184065937996 
0.8405526876449585 0.14507274329662323 0.014374620281159878 
0.8405526876449585 0.14507274329662323 0.014374620281159878 
0.7537514567375183 0.23745010793209076 0.008798474445939064 
0.0009186487295664847 0.016949662938714027 0.9821317195892334 
0.881566047668457 0.11445297300815582 0.0039809406735002995 
0.9217203259468079 0.07472993433475494 0.003549698507413268 
0.2107558399438858 0.758795976638794 0.030448105186223984 
0.8867632150650024 0.10216940194368362 0.01106732152402401 
0.6384294033050537 0.33123674988746643 0.03033381700515747 
0.9017820954322815 0.09384701400995255 0.004370879847556353 
0.8063853979110718 0.18514712154865265 0.008467447943985462 
0.5838034152984619 0.39392992854118347 0.02226671390235424 
0.27316802740097046 0.7090507745742798 0.01778118498623371 
0.48753684759140015 0.48652786016464233 0.025935281068086624 
0.24068906903266907 0.741965651512146 0.017345288768410683 
0.22014379501342773 0.7506247162818909 0.029231403023004532 
0.0025875442661345005 0.06534235179424286 0.9320701360702515 
0.7110968828201294 0.26794901490211487 0.02095411904156208 
0.8723541498184204 0.12124774605035782 0.0063981604762375355 
0.5952214598655701 0.39006856083869934 0.014709915034472942 
0.755775511264801 0.22582150995731354 0.018402988091111183 
0.31613197922706604 0.6702277064323425 0.01364027988165617 
0.020500686019659042 0.6849665641784668 0.2945327162742615 
0.35123592615127563 0.622277557849884 0.026486461982131004 
0.7964993715286255 0.19777265191078186 0.0057279630564153194 
0.029340891167521477 0.6722283363342285 0.29843080043792725 
0.8203990459442139 0.17339496314525604 0.00620603421702981 
0.13358338177204132 0.719788670539856 0.1466279774904251 
0.42420631647109985 0.5207775831222534 0.05501607432961464 
0.8326862454414368 0.16075293719768524 0.006560796406120062 
0.6191657781600952 0.35028892755508423 0.0305453073233366 
0.4734073877334595 0.49894845485687256 0.027644159272313118 
0.04023926332592964 0.3247930705547333 0.6349676847457886 
0.8350374102592468 0.15842095017433167 0.0065416195429861546 
0.6147411465644836 0.34074994921684265 0.04450893774628639 
0.8922742009162903 0.10347062349319458 0.004255111329257488 
0.04788240045309067 0.4111900329589844 0.540927529335022 
0.9422065615653992 0.05409810319542885 0.0036952942609786987 
0.9124130606651306 0.08220243453979492 0.0053844153881073 
0.4453977346420288 0.5323447585105896 0.022257497534155846 
0.34134289622306824 0.6361532807350159 0.02250378020107746 
0.02259150892496109 0.8276997804641724 0.1497087925672531 
0.8835976123809814 0.1079210564494133 0.00848130602389574 
0.7648645639419556 0.21466661989688873 0.020468786358833313 
0.9587132930755615 0.0387326180934906 0.0025540865026414394 
0.42241767048835754 0.5619340538978577 0.015648256987333298 
0.7779950499534607 0.21386376023292542 0.008141165599226952 
0.5167853832244873 0.47057461738586426 0.01263990718871355 
0.023595552891492844 0.913724958896637 0.06267951428890228 
0.8843270540237427 0.11133665591478348 0.0043361978605389595 
0.8710625171661377 0.12342116981744766 0.005516333505511284 
0.0435139425098896 0.2653296887874603 0.6911563873291016 
0.28714674711227417 0.6706112623214722 0.04224205017089844 
0.02826346829533577 0.9434062242507935 0.028330272063612938 
0.6952135562896729 0.2923305630683899 0.01245593000203371 
0.6467020511627197 0.3349285423755646 0.01836947351694107 
0.5268613696098328 0.4618127644062042 0.011325864121317863 
0.3142566382884979 0.5623262524604797 0.12341707944869995 
0.7235691547393799 0.2629365622997284 0.013494248501956463 
0.6708431839942932 0.2960229516029358 0.03313390910625458 
0.4863743484020233 0.49480247497558594 0.018823178485035896 
0.9381193518638611 0.057860225439071655 0.004020349122583866 
0.5808876752853394 0.4077172577381134 0.011395055800676346 
0.18290790915489197 0.7422822117805481 0.07480983436107635 
0.7543514370918274 0.22552074491977692 0.020127899944782257 
0.001251125824637711 0.03917767480015755 0.9595711827278137 
0.392863929271698 0.5732926726341248 0.03384341672062874 
0.016806676983833313 0.4327966868877411 0.5503966212272644 
0.6826658844947815 0.2967022657394409 0.02063184790313244 
0.005277140997350216 0.17590083181858063 0.8188220262527466 
0.23006552457809448 0.7237959504127502 0.046138565987348557 
0.8004259467124939 0.1915966421365738 0.00797747541218996 
0.6643670797348022 0.31941476464271545 0.01621817797422409 
0.6837529540061951 0.29410144686698914 0.022145630791783333 
0.7705987691879272 0.22388440370559692 0.005516840610653162 
0.24427096545696259 0.645578920841217 0.11015008389949799 
0.7138151526451111 0.2761184871196747 0.010066338814795017 
0.41995930671691895 0.5339128971099854 0.04612778499722481 
0.8460280895233154 0.1442081183195114 0.009763834066689014 
0.7359990477561951 0.2554551362991333 0.008545886725187302 
0.40913689136505127 0.5704516172409058 0.020411495119333267 
0.7922335267066956 0.196811705827713 0.010954790748655796 
0.7880357503890991 0.20674623548984528 0.005218046251684427 
0.32824793457984924 0.43916547298431396 0.2325865775346756 
0.6676778197288513 0.3098301887512207 0.022491948679089546 
0.3433285653591156 0.511411190032959 0.14526021480560303 
0.6692657470703125 0.31592172384262085 0.014812484383583069 
0.02884991094470024 0.6004456281661987 0.37070444226264954 
0.9284814596176147 0.06742469221353531 0.004093814641237259 
0.6199734210968018 0.36442306637763977 0.015603506937623024 
0.833760678768158 0.15509483218193054 0.011144454590976238 
0.8348866701126099 0.15635646879673004 0.008756882511079311 
0.01701538637280464 0.9510040283203125 0.03198055550456047 
0.5394680500030518 0.41206273436546326 0.04846927151083946 
0.7030806541442871 0.2848956882953644 0.01202369760721922 
0.9378733038902283 0.05893181636929512 0.003194883931428194 
0.6762569546699524 0.31058263778686523 0.01316044107079506 
0.8310756087303162 0.1602097749710083 0.008714569732546806 
0.7777153849601746 0.1940229833126068 0.028261616826057434 
0.0008128731278702617 0.022732654586434364 0.9764544367790222 
0.7705913186073303 0.20541180670261383 0.023996863514184952 
0.8523050546646118 0.13942551612854004 0.008269415237009525 
0.7544402480125427 0.23143912851810455 0.014120589010417461 
0.637312114238739 0.34396424889564514 0.018723638728260994 
0.24902161955833435 0.6654266715049744 0.08555169403553009 
0.9073687791824341 0.08738050609827042 0.005250776186585426 
0.8274468183517456 0.16494768857955933 0.0076055144891142845 
0.6424869298934937 0.3407141864299774 0.016798878088593483 
0.6954282522201538 0.2959219515323639 0.008649775758385658 
0.007723011076450348 0.8654618263244629 0.12681525945663452 
0.9276908040046692 0.06796125322580338 0.004347959533333778 
0.6213881969451904 0.363668829202652 0.014942895621061325 
0.3772291839122772 0.6082172989845276 0.014553496614098549 
0.4390145540237427 0.5024462342262268 0.058539241552352905 
0.4519929587841034 0.520774781703949 0.027232280001044273 
0.28883838653564453 0.4654639959335327 0.24569763243198395 
0.35210201144218445 0.6175985932350159 0.030299406498670578 
0.9573615789413452 0.04054034873843193 0.002098080003634095 
0.035044267773628235 0.9206416010856628 0.04431410878896713 
0.8479766249656677 0.1433325558900833 0.008690876886248589 
0.8009055852890015 0.1933264285326004 0.005768029484897852 
0.39604246616363525 0.5661420226097107 0.03781559318304062 
0.9199366569519043 0.07605988532304764 0.004003473557531834 
0.6414608955383301 0.34207630157470703 0.016462840139865875 
0.7831921577453613 0.20311711728572845 0.013690751977264881 
0.7640100717544556 0.2248256802558899 0.011164359748363495 
0.11280427873134613 0.6271178722381592 0.26007789373397827 
0.35697704553604126 0.6168514490127563 0.026171468198299408 
0.08498113602399826 0.5361198782920837 0.378898948431015 
0.8737142086029053 0.12197387218475342 0.004311924800276756 
0.06255771219730377 0.2768785059452057 0.6605638265609741 
0.5959832072257996 0.377847284078598 0.026169512420892715 
0.9292548894882202 0.06817898154258728 0.0025660826358944178 
0.0022155006881803274 0.2155192792415619 0.7822652459144592 
0.944398045539856 0.05355474725365639 0.002047172514721751 
0.9454526305198669 0.05256476625800133 0.00198257970623672 
0.44665008783340454 0.4552985429763794 0.09805133938789368 
0.8136600255966187 0.17612072825431824 0.010219236835837364 
0.48873767256736755 0.4946609139442444 0.01660142093896866 
0.0018900136929005384 0.07753343880176544 0.9205765128135681 
0.6004176735877991 0.3890894949436188 0.01049281656742096 
0.8777686953544617 0.1171024739742279 0.005128885619342327 
0.4074269235134125 0.54428631067276 0.04828674718737602 
0.6522347331047058 0.33642950654029846 0.011335756629705429 
0.6595832705497742 0.3198147118091583 0.020602013915777206 
0.8990952372550964 0.09767957776784897 0.0032252122182399035 
0.6418929100036621 0.3284049928188324 0.029702158644795418 
0.35706955194473267 0.5118551254272461 0.13107533752918243 
0.25993961095809937 0.5539869666099548 0.1860734522342682 
0.6659550666809082 0.30022719502449036 0.03381768614053726 
0.9499387741088867 0.04735437408089638 0.0027069556526839733 
0.5069790482521057 0.45788830518722534 0.03513260558247566 
0.8892115354537964 0.10242103785276413 0.008367437869310379 
0.5875959992408752 0.39161843061447144 0.02078554965555668 
0.33982616662979126 0.5111538171768188 0.14902004599571228 
0.0015169865218922496 0.029474172741174698 0.9690088629722595 
0.8563318252563477 0.13486969470977783 0.008798554539680481 
0.35806703567504883 0.6038081049919128 0.03812479227781296 
0.7970419526100159 0.19540861248970032 0.007549455389380455 
0.8906327486038208 0.10327938944101334 0.006087928079068661 
0.9617844223976135 0.03639589250087738 0.001819720841012895 
0.051082462072372437 0.9239689707756042 0.02494857832789421 
0.8068891763687134 0.18719282746315002 0.005918044596910477 
0.9644426107406616 0.03340736776590347 0.0021501178853213787 
0.19811567664146423 0.7297336459159851 0.07215071469545364 
0.6083133220672607 0.3751828372478485 0.01650380901992321 
0.23637713491916656 0.7173096537590027 0.04631323367357254 
0.9219626188278198 0.07469552755355835 0.0033418575767427683 
0.293933629989624 0.6724671125411987 0.03359929472208023 
0.9617310762405396 0.03615087270736694 0.0021179593168199062 
0.7891129851341248 0.205512136220932 0.005374809727072716 
0.03410183638334274 0.8896831274032593 0.07621505111455917 
0.11621063202619553 0.407897412776947 0.47589191794395447 
0.7350815534591675 0.2507689893245697 0.0141494395211339 
0.03869814798235893 0.8803534507751465 0.08094847202301025 
0.7244054079055786 0.26222726702690125 0.013367262668907642 
0.5137038230895996 0.47124871611595154 0.015047465451061726 
0.5638427138328552 0.42483800649642944 0.011319255456328392 
0.020936893299221992 0.38389667868614197 0.5951664447784424 
0.24227501451969147 0.7382700443267822 0.01945488527417183 
0.3060010075569153 0.6476801037788391 0.046318888664245605 
0.07109799236059189 0.8399301767349243 0.08897177875041962 
0.7930367588996887 0.1933174431324005 0.013645797036588192 
0.6032172441482544 0.37537404894828796 0.021408729255199432 
0.8075547814369202 0.18678806722164154 0.005657077766954899 
0.19618339836597443 0.6246318817138672 0.17918473482131958 
0.8021329641342163 0.16903212666511536 0.02883494459092617 
0.7040334939956665 0.28728505969047546 0.008681423962116241 
0.4768752157688141 0.5040332078933716 0.019091591238975525 
0.9310557246208191 0.06622198969125748 0.0027222512289881706 
0.002295608865097165 0.013594456017017365 0.9841099381446838 
0.954748809337616 0.042422860860824585 0.0028282925486564636 
0.8686166405677795 0.1263360232114792 0.005047280807048082 
0.7742486000061035 0.2110016942024231 0.014749732799828053 
0.3245812654495239 0.5688893795013428 0.1065293550491333 
0.6662437319755554 0.27479684352874756 0.058959390968084335 
0.892942488193512 0.1024501621723175 0.004607353359460831 
0.9545460343360901 0.04265834391117096 0.0027956191916018724 
0.0957980751991272 0.8200724720954895 0.08412941545248032 
0.957138180732727 0.04084799066185951 0.002013908699154854 
0.9350006580352783 0.06272566318511963 0.002273733727633953 
0.21346358954906464 0.7331256866455078 0.05341075733304024 
0.8522189855575562 0.14194555580615997 0.005835489835590124 
0.025723006576299667 0.92789226770401 0.046384699642658234 
0.7427175045013428 0.24376752972602844 0.013514949940145016 
0.9207313060760498 0.07628104090690613 0.0029876832850277424 
0.9617844223976135 0.03639589250087738 0.001819720841012895 
0.6966634392738342 0.2910034656524658 0.012333065271377563 
0.9047168493270874 0.09137646853923798 0.00390672730281949 
0.8630700707435608 0.1302528828382492 0.006676969584077597 
0.7641738057136536 0.22592997550964355 0.00989616196602583 
0.39480453729629517 0.5825119018554688 0.02268354967236519 
0.9521276354789734 0.04535817354917526 0.0025141609366983175 
0.7496594190597534 0.24193015694618225 0.008410483598709106 
0.819555938243866 0.1707497239112854 0.009694389067590237 
0.6166378855705261 0.3609427511692047 0.02241937816143036 
0.18955403566360474 0.7777227759361267 0.03272319957613945 
0.003512410447001457 0.6245125532150269 0.37197500467300415 
0.03169558197259903 0.5353854894638062 0.432918906211853 
0.7945265173912048 0.1944492757320404 0.011024161241948605 
0.9580016136169434 0.03819109871983528 0.0038072357419878244 
0.7420089840888977 0.247860848903656 0.010130247101187706 
0.9388306736946106 0.057437267154455185 0.0037319676484912634 
0.006185867823660374 0.2989905774593353 0.6948235630989075 
0.6272220611572266 0.3517382740974426 0.02103974111378193 
0.08067810535430908 0.5159441232681274 0.40337780117988586 
0.7566049695014954 0.23378083109855652 0.009614186361432076 
0.8880626559257507 0.1064312532544136 0.005506108049303293 
0.00097516062669456 0.051864899694919586 0.9471599459648132 
0.051031433045864105 0.9271459579467773 0.021822627633810043 
0.051082462072372437 0.9239689707756042 0.02494857832789421 
0.40918275713920593 0.5236672759056091 0.06714994460344315 
0.6742554306983948 0.3152941167354584 0.010450434871017933 
0.6090002655982971 0.3715720772743225 0.019427672028541565 
0.8594427108764648 0.13388694822788239 0.006670368369668722 
0.6382325887680054 0.3248676657676697 0.036899760365486145 
0.39854758977890015 0.547730028629303 0.053722381591796875 
0.5891920924186707 0.3518834114074707 0.05892450362443924 
0.041920386254787445 0.791032075881958 0.16704757511615753 
0.4268719553947449 0.5455684661865234 0.02755959890782833 
0.8592402338981628 0.1364021897315979 0.004357601050287485 
0.5341382026672363 0.32364583015441895 0.1422160416841507 
0.7956774830818176 0.18552526831626892 0.01879720389842987 
0.0008967793546617031 0.0176384374499321 0.9814648032188416 
0.1017533540725708 0.857313871383667 0.040932755917310715 
0.9532070159912109 0.04397764429450035 0.002815375104546547 
0.5522648692131042 0.43561598658561707 0.012119114398956299 
0.511182427406311 0.4313127100467682 0.05750486999750137 
0.60283362865448 0.3805348575115204 0.01663154922425747 
0.0008995246607810259 0.01188669353723526 0.9872137308120728 
0.0007230652263388038 0.03187103942036629 0.9674059152603149 
0.21175366640090942 0.7642337679862976 0.024012617766857147 
0.001115448772907257 0.03115847520530224 0.9677261114120483 
0.7282928228378296 0.2608853876590729 0.010821742005646229 
0.9503553509712219 0.04571713134646416 0.003927420824766159 
0.8974707722663879 0.09820311516523361 0.004326124209910631 
0.6536867022514343 0.3257322311401367 0.02058107778429985 
0.774755597114563 0.2170880138874054 0.008156418800354004 
0.005891415290534496 0.12535704672336578 0.8687515258789062 
0.5095045566558838 0.46017977595329285 0.0303156990557909 
0.5615750551223755 0.41655856370925903 0.021866334602236748 
0.0015000916318967938 0.02831861935555935 0.9701812267303467 
0.06784339249134064 0.8889520764350891 0.043204545974731445 
0.020786838605999947 0.8838945031166077 0.09531857818365097 
0.5522464513778687 0.42085713148117065 0.0268963985145092 
0.001976786646991968 0.20246243476867676 0.7955608367919922 
0.4676346778869629 0.5111528038978577 0.02121255174279213 
0.08917026966810226 0.8298133611679077 0.08101637661457062 
0.16535833477973938 0.7936984896659851 0.04094318300485611 
0.019051508978009224 0.9091936349868774 0.0717548206448555 
0.4434657692909241 0.5144630670547485 0.04207110032439232 
0.655983567237854 0.33430132269859314 0.009715072810649872 
0.37217384576797485 0.5950474143028259 0.03277869522571564 
0.11866535991430283 0.8099009990692139 0.07143361866474152 
0.7989115715026855 0.19039957225322723 0.010688933543860912 
0.025668222457170486 0.7696594595909119 0.20467229187488556 
0.5803412199020386 0.35682564973831177 0.06283313035964966 
0.8335278034210205 0.1586802750825882 0.007791934534907341 
0.004587687086313963 0.7827420234680176 0.21267028152942657 
0.026420343667268753 0.6300817728042603 0.3434978723526001 
0.011058212257921696 0.8363938331604004 0.1525479257106781 
0.07154135406017303 0.7898884415626526 0.13857024908065796 
0.09971240907907486 0.6992101669311523 0.2010774314403534 
0.9468450546264648 0.05067332461476326 0.002481624949723482 
0.2473079413175583 0.6910860538482666 0.061605971306562424 
0.3357805907726288 0.5053837895393372 0.15883557498455048 
0.7028677463531494 0.2531413435935974 0.043990883976221085 
0.48440438508987427 0.48506465554237366 0.030530905351042747 
0.06457355618476868 0.9004531502723694 0.03497336804866791 
0.7001174092292786 0.2916102409362793 0.008272371254861355 
0.0025900155305862427 0.22318384051322937 0.7742260694503784 
0.021551162004470825 0.5189059972763062 0.4595428705215454 
0.8975920677185059 0.09809065610170364 0.004317247308790684 
0.9386765956878662 0.05800913646817207 0.0033143837936222553 
0.6979798078536987 0.2815089821815491 0.020511243492364883 
0.0104962307959795 0.7407978177070618 0.2487059086561203 
0.8074775338172913 0.18015821278095245 0.012364230118691921 
0.01646687462925911 0.6596731543540955 0.3238600194454193 
0.7113836407661438 0.24525941908359528 0.04335691034793854 
0.09369608759880066 0.6337919235229492 0.27251195907592773 
0.5140090584754944 0.44715437293052673 0.03883662074804306 
0.24383358657360077 0.6790614724159241 0.07710494846105576 
0.032844867557287216 0.6787868142127991 0.2883683145046234 
0.0065342155285179615 0.05208413675427437 0.9413816928863525 
0.054508235305547714 0.8564100861549377 0.08908165246248245 
0.06306281685829163 0.5130118131637573 0.42392536997795105 
0.3456754684448242 0.6123074889183044 0.04201706871390343 
0.3093726933002472 0.6641865968704224 0.026440739631652832 
0.7403716444969177 0.2486618608236313 0.010966449975967407 
0.38538944721221924 0.5876732468605042 0.02693725749850273 
0.7121904492378235 0.2738766372203827 0.013932878151535988 
0.016805697232484818 0.15893198549747467 0.824262261390686 
0.6112543940544128 0.3722023367881775 0.016543366014957428 
0.0752280205488205 0.5778486728668213 0.3469233214855194 
0.009502531029284 0.4063790738582611 0.5841183662414551 
0.24810753762722015 0.6046269536018372 0.1472654491662979 
0.08781325817108154 0.8272521495819092 0.08493468165397644 
0.10465238988399506 0.8326637148857117 0.06268388777971268 
0.02514965459704399 0.8491432666778564 0.12570710480213165 
0.824744462966919 0.16823039948940277 0.007025175262242556 
0.4273563325405121 0.5427379012107849 0.02990572899580002 
0.8645610213279724 0.1312406361103058 0.004198419861495495 
0.6196501851081848 0.3603380620479584 0.020011773332953453 
0.8373106122016907 0.15439143776893616 0.008297979831695557 
0.729012131690979 0.255489706993103 0.01549813523888588 
0.5659661293029785 0.4192545413970947 0.014779279939830303 
0.7598736882209778 0.22927281260490417 0.010853523388504982 
0.941741943359375 0.054542943835258484 0.0037150566931813955 
0.5107941031455994 0.42922404408454895 0.05998184531927109 
0.0191717017441988 0.3334358036518097 0.6473925113677979 
0.951852023601532 0.045931991189718246 0.0022159891668707132 
0.634836733341217 0.32067543268203735 0.04448787495493889 
0.8779606223106384 0.11678996682167053 0.005249373614788055 
0.20197191834449768 0.7064707279205322 0.09155737608671188 
0.6400675773620605 0.3327502906322479 0.027182118967175484 
0.24968406558036804 0.6198444962501526 0.13047143816947937 
0.0013357922434806824 0.029274724423885345 0.9693894982337952 
0.6495022773742676 0.3274787366390228 0.023018982261419296 
0.6821141839027405 0.2975773215293884 0.020308470353484154 
0.6395968198776245 0.3481661081314087 0.0122370021417737 
0.29242652654647827 0.6523522734642029 0.05522114783525467 
0.109944649040699 0.6346333026885986 0.2554219961166382 
0.5080718994140625 0.429007887840271 0.06292024254798889 
0.8910964131355286 0.10249125212430954 0.006412232760339975 
0.8792155385017395 0.11503417044878006 0.0057502370327711105 
0.7812942862510681 0.20801089704036713 0.010694807395339012 
0.6483873724937439 0.3424408435821533 0.009171734564006329 
0.5069350600242615 0.3852585554122925 0.10780638456344604 
0.5042017102241516 0.4637063145637512 0.03209192678332329 
0.5482759475708008 0.3823525607585907 0.0693715363740921 
0.7695448994636536 0.2176080048084259 0.012847067788243294 
0.5545488595962524 0.4282284379005432 0.01722266711294651 
0.06602788716554642 0.4464971125125885 0.4874749779701233 
0.5107941031455994 0.42922404408454895 0.05998184531927109 
0.6745373606681824 0.3135608434677124 0.011901789344847202 
0.608015775680542 0.37101975083351135 0.020964477211236954 
0.0011451663449406624 0.19289018213748932 0.8059646487236023 
0.34653833508491516 0.5721696019172668 0.08129208534955978 
0.7566297650337219 0.23379647731781006 0.00957381259649992 
0.3025891184806824 0.4682612419128418 0.22914962470531464 
0.6983879208564758 0.2804325819015503 0.021179553121328354 
0.7086359262466431 0.2763286828994751 0.015035409480333328 
0.8670398592948914 0.12530776858329773 0.007652431260794401 
0.7779859900474548 0.21080996096134186 0.011204054579138756 
0.7501505017280579 0.2381899505853653 0.011659598909318447 
0.8366804122924805 0.15316948294639587 0.010150132700800896 
0.0007683432777412236 0.011970368213951588 0.9872612953186035 
0.7710041999816895 0.21575011312961578 0.013245714828372002 
0.8366804122924805 0.15316948294639587 0.010150132700800896 
0.0012057661078870296 0.12695787847042084 0.8718363642692566 
0.3487890362739563 0.631573498249054 0.019637456163764 
0.31317463517189026 0.6774410009384155 0.009384415112435818 
0.0013744907919317484 0.14444169402122498 0.8541838526725769 
0.3299998641014099 0.64010089635849 0.02989930473268032 
0.6206600069999695 0.36645883321762085 0.012881179340183735 
0.744687557220459 0.2443998008966446 0.010912722907960415 
0.6990275979042053 0.2915591597557068 0.009413196705281734 
0.18438078463077545 0.5041088461875916 0.3115103542804718 
0.008331703953444958 0.17659655213356018 0.815071702003479 
0.9430078864097595 0.05413041636347771 0.002861612243577838 
0.16035453975200653 0.791153073310852 0.04849238321185112 
0.35203811526298523 0.6199259757995605 0.028035856783390045 
0.48268768191337585 0.5075499415397644 0.009762338362634182 
0.9138669967651367 0.08142641931772232 0.004706636071205139 
0.0005902345874346793 0.02160775661468506 0.9778019785881042 
0.6398942470550537 0.33710065484046936 0.023005114868283272 
0.6154288053512573 0.37413322925567627 0.010437971912324429 
0.5596684217453003 0.412680983543396 0.027650613337755203 
0.0019682133570313454 0.15754328668117523 0.8404884934425354 
0.9653888940811157 0.03210508078336716 0.0025060123298317194 
0.09516990929841995 0.8698105812072754 0.03501943498849869 
0.078976571559906 0.4750160276889801 0.4460074007511139 
0.8765833377838135 0.11844326555728912 0.0049734641797840595 
0.47581180930137634 0.4696120023727417 0.05457621440291405 
0.0058000581339001656 0.18743309378623962 0.8067668676376343 
0.8290939331054688 0.15683820843696594 0.01406789105385542 
0.8137625455856323 0.17916567623615265 0.007071743253618479 
0.6955850720405579 0.29170313477516174 0.012711764313280582 
0.5166537761688232 0.46364063024520874 0.019705599173903465 
0.834238588809967 0.15926961600780487 0.006491705309599638 
0.6401160955429077 0.3458290994167328 0.014054796658456326 
0.9400926232337952 0.05771194025874138 0.002195389475673437 
0.8055108785629272 0.18470658361911774 0.009782557375729084 
0.04108699411153793 0.5666328072547913 0.3922801613807678 
0.9578520655632019 0.0396687276661396 0.0024791702162474394 
0.7771428227424622 0.2086368203163147 0.01422036811709404 
0.9592574834823608 0.038456715643405914 0.002285816241055727 
0.9215845465660095 0.07562074810266495 0.0027947514317929745 
0.9126681685447693 0.08500722050666809 0.0023246239870786667 
0.3549160063266754 0.5493282675743103 0.09575565904378891 
0.6345705986022949 0.35009798407554626 0.015331452712416649 
0.9192581176757812 0.07454988360404968 0.006192028056830168 
0.002230664249509573 0.17483754456043243 0.8229318261146545 
0.04574229195713997 0.8876314163208008 0.06662623584270477 
0.01506723091006279 0.8916845321655273 0.09324821084737778 
0.7553334832191467 0.2393897920846939 0.0052767470479011536 
0.42703211307525635 0.5553761124610901 0.01759178750216961 
0.0032219637650996447 0.42895880341529846 0.5678192377090454 
0.7403270602226257 0.2415907084941864 0.018082277849316597 
0.5574941635131836 0.4301210343837738 0.012384832836687565 
0.4496799409389496 0.5354940891265869 0.014825962483882904 
0.028077878057956696 0.37194058299064636 0.5999815464019775 
0.7658316493034363 0.22284728288650513 0.01132112368941307 
0.4726044237613678 0.5132865309715271 0.014109058305621147 
0.798191487789154 0.19543589651584625 0.006372577045112848 
0.6966711282730103 0.25152072310447693 0.05180812254548073 
0.5404733419418335 0.44335731863975525 0.016169395297765732 
0.44698235392570496 0.4474294185638428 0.10558822751045227 
0.35666653513908386 0.6122159957885742 0.031117498874664307 
0.4078957140445709 0.5765717029571533 0.015532593242824078 
0.19026322662830353 0.37933608889579773 0.43040066957473755 
0.6724405288696289 0.3168269395828247 0.010732540860772133 
0.006236028857529163 0.7674757242202759 0.22628815472126007 
0.8547353744506836 0.1393536627292633 0.005911004263907671 
0.819556713104248 0.1650991588830948 0.015344041399657726 
0.32556140422821045 0.6476516127586365 0.026786932721734047 
0.05314844846725464 0.9009381532669067 0.04591341316699982 
0.07951297610998154 0.765617847442627 0.1548692286014557 
0.6056996583938599 0.3780769407749176 0.016223449259996414 
0.802868127822876 0.19118721783161163 0.00594459380954504 
0.8712120652198792 0.12121445685625076 0.0075735170394182205 
0.675612211227417 0.3090354800224304 0.01535233948379755 
0.9245195984840393 0.0711064338684082 0.004373902454972267 
0.49339762330055237 0.4869660437107086 0.01963633857667446 
0.2597459852695465 0.7056407332420349 0.03461337834596634 
0.31726977229118347 0.6154149770736694 0.06731517612934113 
0.8056193590164185 0.18644902110099792 0.007931618951261044 
0.16639477014541626 0.7132753729820251 0.12032976746559143 
0.2873975932598114 0.6763340830802917 0.036268360912799835 
0.6422549486160278 0.3456710875034332 0.012074007652699947 
0.8427947759628296 0.1475771963596344 0.00962805189192295 
0.00715290242806077 0.07669786363840103 0.9161492586135864 
0.7794686555862427 0.21032004058361053 0.010211345739662647 
0.3987615704536438 0.5728157162666321 0.028422629460692406 
0.01165799144655466 0.7345020174980164 0.25383999943733215 
0.01935740001499653 0.2002454251050949 0.7803971767425537 
0.3598410189151764 0.4822894036769867 0.15786953270435333 
0.11200767010450363 0.47109442949295044 0.41689789295196533 
0.03431786969304085 0.9176115989685059 0.04807046428322792 
0.58039391040802 0.36912351846694946 0.05048254132270813 
0.6171646118164062 0.3713923394680023 0.011443080380558968 
0.8540143370628357 0.13987953960895538 0.006106159184128046 
0.5888814330101013 0.39309877157211304 0.018019793555140495 
0.9024887084960938 0.09269381314516068 0.004817575681954622 
0.822307825088501 0.16981887817382812 0.007873335853219032 
0.8992851972579956 0.09536808729171753 0.005346682853996754 
0.2866303324699402 0.6985052824020386 0.014864315278828144 
0.5609332919120789 0.4248318374156952 0.014234891161322594 
0.021474506705999374 0.5788627862930298 0.39966273307800293 
0.793678343296051 0.19595898687839508 0.010362633503973484 
0.2731315493583679 0.6970771551132202 0.029791278764605522 
0.16288380324840546 0.5729809403419495 0.26413530111312866 
0.346330851316452 0.6400911211967468 0.013577991165220737 
0.23997654020786285 0.7271673679351807 0.03285606950521469 
0.40109574794769287 0.5626293420791626 0.036274947226047516 
0.5332634449005127 0.4312751591205597 0.03546139970421791 
0.7211825251579285 0.2579507529735565 0.02086678147315979 
0.38668420910835266 0.5675157308578491 0.045800041407346725 
0.5984886884689331 0.3567940294742584 0.044717323035001755 
0.6195849776268005 0.3581148684024811 0.022300228476524353 
0.0025360381696373224 0.2120969146490097 0.7853670120239258 
0.02402309887111187 0.9260258674621582 0.04995109513401985 
0.04829384386539459 0.9101397395133972 0.04156641662120819 
0.25964945554733276 0.7269343137741089 0.013416284695267677 
0.03431786969304085 0.9176115989685059 0.04807046428322792 
0.08330138772726059 0.5096224546432495 0.4070761203765869 
0.4757883846759796 0.5039716958999634 0.020239979028701782 
0.05562477558851242 0.5645887851715088 0.3797864019870758 
0.04933758080005646 0.44396451115608215 0.5066978931427002 
0.3816799819469452 0.5711801648139954 0.047139864414930344 
0.037227220833301544 0.8784582018852234 0.08431452512741089 
0.01692322827875614 0.9187571406364441 0.0643196552991867 
0.6320897936820984 0.3459733724594116 0.021936753764748573 
0.8793495893478394 0.11232918500900269 0.008321219123899937 
0.5290654897689819 0.4503614008426666 0.02057316154241562 
0.963254988193512 0.034532465040683746 0.002212563995271921 
0.0015533767873421311 0.27366095781326294 0.7247856855392456 
0.8797603249549866 0.11420456320047379 0.0060350908897817135 
0.04530349373817444 0.8939700126647949 0.06072651594877243 
0.6707666516304016 0.30794161558151245 0.021291669458150864 
0.041722752153873444 0.9123903512954712 0.04588688164949417 
0.5493592023849487 0.43418970704078674 0.016451125964522362 
0.9013837575912476 0.09556493908166885 0.0030513328965753317 
0.8708833456039429 0.12203633785247803 0.00708032539114356 
0.01165799144655466 0.7345020174980164 0.25383999943733215 
0.5872111320495605 0.38364142179489136 0.029147420078516006 
0.5020477175712585 0.4652920365333557 0.03266024589538574 
0.002099358942359686 0.06254599243402481 0.9353545904159546 
0.35160499811172485 0.5880610346794128 0.06033395975828171 
0.6672158241271973 0.2842532992362976 0.04853089898824692 
0.5732071995735168 0.3959457278251648 0.030847106128931046 
0.00900521595031023 0.5377352237701416 0.45325955748558044 
0.4494386911392212 0.5277243256568909 0.02283695712685585 
0.8301024436950684 0.16363826394081116 0.0062592229805886745 
0.8624774813652039 0.1328514665365219 0.004670958034694195 
0.839840292930603 0.15315622091293335 0.007003443315625191 
0.8678349256515503 0.125656858086586 0.006508209742605686 
0.6093896627426147 0.36833274364471436 0.022277584299445152 
0.6495350003242493 0.33067089319229126 0.019794100895524025 
0.7783735394477844 0.2107635736465454 0.010862834751605988 
0.876107394695282 0.11817297339439392 0.005719699431210756 
0.7220677733421326 0.2647416293621063 0.013190563768148422 
0.44385483860969543 0.5361446738243103 0.02000049129128456 
0.5515464544296265 0.4231722354888916 0.025281351059675217 
0.9075535535812378 0.08777803182601929 0.004668424837291241 
0.4859812557697296 0.4628487229347229 0.051169972866773605 
0.6720939874649048 0.3157893121242523 0.012116702273488045 
0.3526025712490082 0.6245148777961731 0.02288253791630268 
0.0029656218830496073 0.32792460918426514 0.6691097617149353 
0.8939255475997925 0.10168437659740448 0.004390152636915445 
0.8330809473991394 0.15861108899116516 0.008307967334985733 
0.7440852522850037 0.24750949442386627 0.00840534083545208 
0.7681979537010193 0.22434130311012268 0.007460698951035738 
0.11578870564699173 0.44949716329574585 0.4347141981124878 
0.5490513443946838 0.3932831585407257 0.057665497064590454 
0.5024135112762451 0.4799635112285614 0.017622938379645348 
0.0033650456462055445 0.3987274169921875 0.597907543182373 
0.773740291595459 0.2204219400882721 0.005837765987962484 
0.9317396879196167 0.06560397893190384 0.0026562984567135572 
0.6991323232650757 0.28854191303253174 0.012325745075941086 
0.8143150806427002 0.17305035889148712 0.01263453345745802 
0.2784443497657776 0.6642481088638306 0.05730752274394035 
0.8156158328056335 0.17839692533016205 0.005987243261188269 
0.7835495471954346 0.20627254247665405 0.010177919641137123 
0.4920928478240967 0.496506005525589 0.011401202529668808 
0.6422549486160278 0.3456710875034332 0.012074007652699947 
0.431024968624115 0.5481802821159363 0.020794739946722984 
0.11445891112089157 0.4618285298347473 0.4237126111984253 
0.3471447229385376 0.5425050258636475 0.11035028845071793 
0.8782368302345276 0.11716534197330475 0.004597848281264305 
0.5548478960990906 0.4103400409221649 0.034812018275260925 
0.8770875334739685 0.11247220635414124 0.010440284386277199 
0.18680569529533386 0.4057810306549072 0.4074132442474365 
0.7018628120422363 0.27164533734321594 0.026491878554224968 
0.8593524098396301 0.13547389209270477 0.005173681303858757 
0.5206292867660522 0.4356105923652649 0.04376007243990898 
0.6522437334060669 0.3094920516014099 0.03826425224542618 
0.36145180463790894 0.6058627963066101 0.03268537297844887 
0.4870874583721161 0.49665340781211853 0.01625913195312023 
0.011344179511070251 0.5286389589309692 0.4600168764591217 
0.007301938720047474 0.1527363806962967 0.8399616479873657 
0.6062503457069397 0.3632928729057312 0.030456822365522385 
0.3785046935081482 0.5870984792709351 0.034396905452013016 
0.3889700472354889 0.5929439067840576 0.018086111173033714 
0.9169206619262695 0.07954643666744232 0.0035329204984009266 
0.6875605583190918 0.2820415496826172 0.030397916212677956 
0.5526160597801208 0.3905545175075531 0.056829459965229034 
0.5107941031455994 0.42922404408454895 0.05998184531927109 
0.5245019793510437 0.45976102352142334 0.015736978501081467 
0.059989117085933685 0.3775157928466797 0.5624951124191284 
0.638675332069397 0.3525978624820709 0.008726800791919231 
0.44515278935432434 0.5282763242721558 0.026570910587906837 
0.5091772675514221 0.4380476772785187 0.0527750626206398 
0.8259981870651245 0.16817061603069305 0.005831192247569561 
0.9384381175041199 0.05832244083285332 0.003239465644583106 
0.9234451651573181 0.07324004918336868 0.0033148510847240686 
0.01852838695049286 0.9407181143760681 0.0407535694539547 
0.9269494414329529 0.07054534554481506 0.0025051452685147524 
0.05258218199014664 0.5896449089050293 0.3577728867530823 
0.008924508467316628 0.551729679107666 0.4393458068370819 
0.8984202146530151 0.09603282809257507 0.005546974949538708 
0.6743605732917786 0.3159244656562805 0.009714885614812374 
0.2969052493572235 0.6784853339195251 0.024609435349702835 
0.45629850029945374 0.5134187340736389 0.030282780528068542 
0.01165799144655466 0.7345020174980164 0.25383999943733215 
0.6845958828926086 0.31016644835472107 0.005237650126218796 
0.7487889528274536 0.24143777787685394 0.009773298166692257 
0.6373212933540344 0.3465968370437622 0.01608189567923546 
0.007577945478260517 0.5708357095718384 0.42158639430999756 
0.01165799144655466 0.7345020174980164 0.25383999943733215 
0.9263909459114075 0.07037699967622757 0.0032321345061063766 
0.6540831327438354 0.3383959233760834 0.0075208647176623344 
0.09399491548538208 0.867027223110199 0.038977887481451035 
0.8252770900726318 0.16933517158031464 0.005387723911553621 
0.7197881937026978 0.26560458540916443 0.014607253484427929 
0.714175283908844 0.27773186564445496 0.008092839270830154 
0.8417767286300659 0.140450581908226 0.017772624269127846 
0.7191658616065979 0.26972052454948425 0.01111361663788557 
0.6627917885780334 0.3307516574859619 0.0064566354267299175 
0.9067600965499878 0.08852924406528473 0.004710666369646788 
0.8871127963066101 0.09794043004512787 0.014946739189326763 
0.22101232409477234 0.7477350831031799 0.03125259652733803 
0.007848168723285198 0.8086608648300171 0.18349090218544006 
0.8771682381629944 0.11628352105617523 0.0065482305362820625 
0.2571881115436554 0.7239527106285095 0.018859166651964188 
0.4832078516483307 0.3958926498889923 0.12089954316616058 
0.37794676423072815 0.5997350811958313 0.022318141534924507 
0.37794676423072815 0.5997350811958313 0.022318141534924507 
0.944876492023468 0.0518990159034729 0.003224519547075033 
0.9480909109115601 0.04955979809165001 0.0023492644540965557 
0.4724198281764984 0.4820035696029663 0.0455765500664711 
0.6123228073120117 0.36792874336242676 0.019748466089367867 
0.9433320164680481 0.05456417798995972 0.0021037363912910223 
0.8765435814857483 0.11834936589002609 0.0051070041954517365 
0.8238224983215332 0.17032159864902496 0.005855865310877562 
0.9105263352394104 0.08607516437768936 0.0033984642941504717 
0.14447790384292603 0.5991039276123047 0.2564181387424469 
0.7841387391090393 0.2087453007698059 0.007116001099348068 
0.8123794794082642 0.17749838531017303 0.010122130624949932 
0.324992835521698 0.6537237167358398 0.021283460780978203 
0.5890554189682007 0.38378602266311646 0.027158573269844055 
0.8766096234321594 0.12059405446052551 0.002796366810798645 
0.45654407143592834 0.5335271954536438 0.0099287498742342 
0.03301595523953438 0.8920724987983704 0.07491149008274078 
0.24963445961475372 0.7226396203041077 0.02772597409784794 
0.7436100840568542 0.24958381056785583 0.006806084420531988 
0.24225962162017822 0.6492998003959656 0.10844050347805023 
0.9595662951469421 0.0381249263882637 0.002308852504938841 
0.6829286217689514 0.2992092967033386 0.017862074077129364 
0.34216877818107605 0.5877653360366821 0.0700659304857254 
0.4805094599723816 0.4522494971752167 0.06724106520414352 
0.020876234397292137 0.8579805493354797 0.12114326655864716 
0.6699032783508301 0.3198542296886444 0.010242522694170475 
0.3274866044521332 0.5990256071090698 0.0734877809882164 
0.8301272988319397 0.1561448723077774 0.0137278838083148 
0.9427516460418701 0.05463872849941254 0.0026096045039594173 
0.7332223057746887 0.22885920107364655 0.03791847825050354 
0.5649524331092834 0.40807703137397766 0.026970574632287025 
0.8145079016685486 0.17861662805080414 0.0068754153326153755 
0.6837129592895508 0.28560641407966614 0.03068067878484726 
0.9433420896530151 0.05347909405827522 0.0031789354979991913 
0.6927855014801025 0.2993440330028534 0.007870426401495934 
0.6290368437767029 0.35346052050590515 0.01750260777771473 
0.7851402759552002 0.19930925965309143 0.015550535172224045 
0.35623395442962646 0.6096994280815125 0.03406659513711929 
0.3081573247909546 0.5859414339065552 0.10590123385190964 
0.4925348162651062 0.49308231472969055 0.014382915571331978 
0.9267889857292175 0.06901401281356812 0.0041969395242631435 
0.12763942778110504 0.7849465012550354 0.08741402626037598 
0.8712924718856812 0.12272238731384277 0.00598511379212141 
0.9396193623542786 0.05763626843690872 0.0027443727012723684 
0.7718019485473633 0.21409490704536438 0.014103155583143234 
0.7766948938369751 0.2090463638305664 0.014258715324103832 
0.7854894399642944 0.20135267078876495 0.013157891109585762 
0.5728626251220703 0.4022361934185028 0.024901097640395164 
0.9651381373405457 0.032959748059511185 0.0019022267078980803 
0.8800203204154968 0.11587133258581161 0.004108326975256205 
0.37714245915412903 0.6076436042785645 0.015213930048048496 
0.8487942218780518 0.14272402226924896 0.008481799624860287 
0.807712972164154 0.1815447062253952 0.01074230670928955 
0.035163938999176025 0.9060181379318237 0.05881788209080696 
0.5152783989906311 0.45947790145874023 0.025243686512112617 
0.49675315618515015 0.47415679693222046 0.029090091586112976 
0.3773267865180969 0.5886224508285522 0.034050725400447845 
0.9561004042625427 0.040497563779354095 0.003402085043489933 
0.2915495038032532 0.5929109454154968 0.11553955078125 
0.350163072347641 0.6150966882705688 0.034740254282951355 
0.29708507657051086 0.6486217379570007 0.05429315194487572 
0.7834035754203796 0.2047925889492035 0.011803819797933102 
0.030691778287291527 0.3464069366455078 0.6229013204574585 
0.7972873449325562 0.1941472440958023 0.008565366268157959 
0.8050597906112671 0.18586592376232147 0.009074268862605095 
0.6712265610694885 0.3185347318649292 0.010238711722195148 
0.001916029374115169 0.19925245642662048 0.7988315224647522 
0.6616457104682922 0.3181043267250061 0.020249929279088974 
0.8300632238388062 0.15879270434379578 0.011144131422042847 
0.6651614308357239 0.31137779355049133 0.023460809141397476 
0.0021824094001203775 0.04022853076457977 0.9575890302658081 
0.018732532858848572 0.8975307941436768 0.08373676240444183 
0.5966714024543762 0.3617992401123047 0.04152937978506088 
0.5795298218727112 0.39777272939682007 0.022697405889630318 
0.7080718278884888 0.2816649377346039 0.010263198055326939 
0.009876982308924198 0.201014444231987 0.7891085147857666 
0.8122051358222961 0.18248654901981354 0.005308334715664387 
0.6162493228912354 0.36579516530036926 0.01795552484691143 
0.8899991512298584 0.10428991913795471 0.005710924509912729 
0.0012553669512271881 0.015875698998570442 0.9828689098358154 
0.798395037651062 0.18784260749816895 0.013762373477220535 
0.9131739735603333 0.08237824589014053 0.0044477349147200584 
0.14037473499774933 0.7696554660797119 0.08996987342834473 
0.3949419856071472 0.4494408369064331 0.15561719238758087 
0.744835615158081 0.2454705834388733 0.00969390943646431 
0.18093830347061157 0.6547550559043884 0.1643066704273224 
0.3726581335067749 0.5830271244049072 0.04431474581360817 
0.1034787967801094 0.6221021413803101 0.2744190990924835 
0.4898952841758728 0.48907002806663513 0.02103472873568535 
0.9294988512992859 0.06572286784648895 0.004778402391821146 
0.9115050435066223 0.08496636152267456 0.003528601722791791 
0.9606025815010071 0.036708373576402664 0.00268907961435616 
0.8997353911399841 0.09768404811620712 0.0025806354824453592 
0.030920058488845825 0.13854828476905823 0.830531656742096 
0.7720854878425598 0.21860046684741974 0.009313976392149925 
0.6977797150611877 0.28422385454177856 0.017996471375226974 
0.4246097505092621 0.5378290414810181 0.03756126016378403 
0.3548852205276489 0.628422200679779 0.016692599281668663 
0.10506898164749146 0.5528655052185059 0.3420655131340027 
0.003982155118137598 0.1325271874666214 0.863490641117096 
0.3548852205276489 0.628422200679779 0.016692599281668663 
0.6178979277610779 0.3640180826187134 0.018084008246660233 
0.15822479128837585 0.814206063747406 0.02756909467279911 
0.9358340501785278 0.06022397056221962 0.0039419494569301605 
0.3548852205276489 0.628422200679779 0.016692599281668663 
0.9682291746139526 0.029703546315431595 0.0020672432146966457 
0.7151311635971069 0.2602491080760956 0.024619663134217262 
0.7972044944763184 0.1935655176639557 0.009230013936758041 
0.39986497163772583 0.5416918396949768 0.05844314768910408 
0.5095587372779846 0.478417307138443 0.012023991905152798 
0.4802381098270416 0.3887684941291809 0.13099338114261627 
0.5162203907966614 0.379494309425354 0.10428529977798462 
0.5716491937637329 0.40806499123573303 0.02028580941259861 
0.8289316892623901 0.16513247787952423 0.005935810972005129 
0.8944958448410034 0.10224524140357971 0.0032588408794254065 
0.08748430758714676 0.3772784471511841 0.5352372527122498 
0.7438482046127319 0.2383289635181427 0.01782284863293171 
0.5334204435348511 0.45532432198524475 0.011255266144871712 
0.8666954040527344 0.127559095621109 0.005745554808527231 
0.799189031124115 0.19367828965187073 0.007132671773433685 
0.003425722708925605 0.07332909107208252 0.9232452511787415 
0.7709938287734985 0.21670693159103394 0.01229924988001585 
0.8305840492248535 0.1531413346529007 0.016274603083729744 
0.5317151546478271 0.44253838062286377 0.025746475905179977 
0.7631571292877197 0.22286562621593475 0.013977263122797012 
0.949256181716919 0.04806750640273094 0.002676343312487006 
0.017744120210409164 0.8761831521987915 0.10607274621725082 
0.017696145921945572 0.08241227269172668 0.8998916149139404 
0.8923649787902832 0.10330858826637268 0.004326534923166037 
0.5095587372779846 0.478417307138443 0.012023991905152798 
0.9607144594192505 0.03680407255887985 0.0024813872296363115 
0.5460035800933838 0.4077035188674927 0.046292927116155624 
0.8380959630012512 0.15791334211826324 0.0039907945320010185 
0.5857381820678711 0.3728717267513275 0.041390154510736465 
0.003661423223093152 0.38944628834724426 0.6068922281265259 
0.17040139436721802 0.6747225522994995 0.15487605333328247 
0.9622451663017273 0.03597661107778549 0.001778193050995469 
0.08805561810731888 0.5987778902053833 0.3131665289402008 
0.03298984840512276 0.27217626571655273 0.6948338747024536 
0.9434978365898132 0.05397168546915054 0.0025305512826889753 
0.8139093518257141 0.17891071736812592 0.0071798753924667835 
0.11325616389513016 0.6364839673042297 0.2502598464488983 
0.8510969281196594 0.1416303664445877 0.007272687740623951 
0.0010250115301460028 0.010153423063457012 0.9888215065002441 
0.6337563991546631 0.33249974250793457 0.033743854612112045 
0.6920575499534607 0.2928954064846039 0.015047060325741768 
0.7759118676185608 0.21565255522727966 0.008435586467385292 
0.7444645762443542 0.24159908294677734 0.01393641997128725 
0.8834398984909058 0.10619783401489258 0.01036226935684681 
0.405163049697876 0.5637562870979309 0.031080717220902443 
0.5520455241203308 0.42907026410102844 0.018884211778640747 
0.5101385116577148 0.46512570977211 0.02473580278456211 
0.0058845048770308495 0.7407248616218567 0.25339072942733765 
0.8496962189674377 0.14575226604938507 0.004551521502435207 
0.8099877834320068 0.18261031806468964 0.007401811890304089 
0.4556965231895447 0.530819833278656 0.013483618386089802 
0.3160191476345062 0.5811971426010132 0.10278373956680298 
0.718430757522583 0.2737237811088562 0.007845494896173477 
0.5108340978622437 0.4435824453830719 0.04558343067765236 
0.9647658467292786 0.03288698568940163 0.0023471659515053034 
0.8993039131164551 0.09580499678850174 0.004891165066510439 
0.9472853541374207 0.04948880895972252 0.0032257665880024433 
0.509473979473114 0.45411208271980286 0.036413926631212234 
0.7912653088569641 0.193735733628273 0.014998892322182655 
0.5509015321731567 0.43247663974761963 0.016621777787804604 
0.6963092684745789 0.2836088538169861 0.02008194290101528 
0.4074322581291199 0.5844924449920654 0.008075377903878689 
0.9289922714233398 0.06649664044380188 0.004511099774390459 
0.5595452785491943 0.4119079113006592 0.028546733781695366 
0.8066456317901611 0.18698406219482422 0.0063702501356601715 
0.3010098934173584 0.6134647727012634 0.08552531898021698 
0.49502700567245483 0.49173834919929504 0.013234659098088741 
0.7586884498596191 0.23154358565807343 0.00976794958114624 
0.11176041513681412 0.8491643071174622 0.039075255393981934 
0.6615674495697021 0.30566900968551636 0.032763492316007614 
0.4592982828617096 0.48057821393013 0.060123514384031296 
0.7123271226882935 0.2766624689102173 0.011010381393134594 
0.8050560355186462 0.18397414684295654 0.010969872586429119 
0.7283796072006226 0.24940362572669983 0.02221672795712948 
0.5975431203842163 0.3599493205547333 0.04250757396221161 
0.1949513554573059 0.6179318428039551 0.1871168464422226 
0.9395835995674133 0.0574391707777977 0.002977206837385893 
0.898701548576355 0.09681101888418198 0.004487441387027502 
0.9279879331588745 0.0665152370929718 0.005496814381331205 
0.7846361398696899 0.20083992183208466 0.014523847959935665 
0.03855572268366814 0.5685123801231384 0.39293190836906433 
0.8157897591590881 0.17338019609451294 0.010830001905560493 
0.9116248488426208 0.08489052206277847 0.003484675893560052 
0.1949513554573059 0.6179318428039551 0.1871168464422226 
0.9004433751106262 0.09544991701841354 0.004106677137315273 
0.2793370187282562 0.35727936029434204 0.36338359117507935 
0.7445127367973328 0.23923195898532867 0.016255373135209084 
0.8147552609443665 0.17419274151325226 0.011052054353058338 
0.3049194812774658 0.6331294775009155 0.061950989067554474 
0.8512021899223328 0.14279614388942719 0.006001602858304977 
0.6882063150405884 0.2901441752910614 0.021649498492479324 
0.7143104076385498 0.25371602177619934 0.03197358176112175 
0.07121413946151733 0.9087343811988831 0.020051496103405952 
0.6770175099372864 0.3087463080883026 0.014236095361411572 
0.940696656703949 0.05629388615489006 0.0030094641260802746 
0.04969107359647751 0.7648002505302429 0.18550865352153778 
0.6998172998428345 0.29175156354904175 0.008431085385382175 
0.05407305434346199 0.3711327314376831 0.5747941732406616 
0.4170820713043213 0.5704502463340759 0.012467694468796253 
0.7173426151275635 0.27354398369789124 0.009113422594964504 
0.7664352059364319 0.22258813679218292 0.01097668707370758 
0.32602617144584656 0.6069724559783936 0.06700131297111511 
0.8773179650306702 0.11670123785734177 0.005980882793664932 
0.8794909715652466 0.11807218939065933 0.0024368208833038807 
0.9233777523040771 0.07137491554021835 0.005247281864285469 
0.09679890424013138 0.5895500779151917 0.31365102529525757 
0.7844887971878052 0.2062045782804489 0.009306533262133598 
0.14011117815971375 0.7082524299621582 0.15163633227348328 
0.757166862487793 0.23326493799686432 0.0095681082457304 
0.22902743518352509 0.5832380056381226 0.18773455917835236 
0.7609416246414185 0.21553051471710205 0.023527873679995537 
0.6062929034233093 0.3729494512081146 0.020757591351866722 
0.5613386631011963 0.41869065165519714 0.01997065357863903 
0.7951248288154602 0.19721277058124542 0.007662396878004074 
0.9454090595245361 0.050882358103990555 0.0037085332442075014 
0.9508114457130432 0.045584049075841904 0.0036045010201632977 
0.806869387626648 0.1847361922264099 0.00839438010007143 
0.9477183818817139 0.048849236220121384 0.003432301804423332 
0.9060221314430237 0.0904991403222084 0.003478781320154667 
0.7348909378051758 0.2496945559978485 0.015414485707879066 
0.0011171584483236074 0.02710193395614624 0.9717808961868286 
0.38703957200050354 0.5836795568466187 0.029280859977006912 
0.0010329611832275987 0.0303043220192194 0.968662679195404 
0.5942859053611755 0.36334583163261414 0.04236831143498421 
0.7470588088035583 0.24676468968391418 0.006176491733640432 
0.8231638669967651 0.15971709787845612 0.017119014635682106 
0.48389342427253723 0.42374518513679504 0.0923614352941513 
0.9610958695411682 0.03631453588604927 0.002589674200862646 
0.9327139258384705 0.06382159143686295 0.00346453208476305 
0.7767845392227173 0.21554970741271973 0.0076658157631754875 
0.895725667476654 0.09720003604888916 0.007074357941746712 
0.8988026976585388 0.09443996101617813 0.0067573911510407925 
0.4239427447319031 0.5488890409469604 0.027168219909071922 
0.5279388427734375 0.4449087083339691 0.027152452617883682 
0.5083485245704651 0.47727081179618835 0.014380673877894878 
0.18104830384254456 0.6931338906288147 0.12581780552864075 
0.025811538100242615 0.42768409848213196 0.5465043783187866 
0.11122844368219376 0.3016365170478821 0.5871350169181824 
0.6533066034317017 0.33349543809890747 0.013198008760809898 
0.7576398849487305 0.22955462336540222 0.012805514968931675 
0.7369445562362671 0.24687939882278442 0.016176044940948486 
0.9384737610816956 0.057194918394088745 0.0043313028290867805 
0.7421355247497559 0.24501952528953552 0.012844981625676155 
0.0430615097284317 0.5762695670127869 0.3806689381599426 
0.3420146703720093 0.63787841796875 0.02010689117014408 
0.13287168741226196 0.8168228268623352 0.050305478274822235 
0.7846465110778809 0.2086634784936905 0.006690092850476503 
0.9418303370475769 0.05590788275003433 0.0022617229260504246 
0.0026446774136275053 0.18796129524707794 0.8093940019607544 
0.004017532337456942 0.23126839101314545 0.7647140622138977 
0.8284546732902527 0.16743136942386627 0.004113913979381323 
0.0030916323885321617 0.24755436182022095 0.7493540048599243 
0.33669379353523254 0.5507556200027466 0.11255057156085968 
0.8734194040298462 0.1179192066192627 0.008661385625600815 
0.7495066523551941 0.24134331941604614 0.009150061756372452 
0.02679523453116417 0.8457518815994263 0.12745285034179688 
0.8347601294517517 0.158562570810318 0.006677316501736641 
0.9180030226707458 0.07962437719106674 0.002372551243752241 
0.12983207404613495 0.8461229801177979 0.024045012891292572 
0.7036928534507751 0.28132539987564087 0.0149817680940032 
0.9166527986526489 0.07881263643503189 0.004534493666142225 
0.9310323596000671 0.06503086537122726 0.003936788998544216 
0.03223778307437897 0.745969831943512 0.22179239988327026 
0.8236162662506104 0.16697198152542114 0.00941175315529108 
0.6243550777435303 0.34138214588165283 0.034262850880622864 
0.6808111667633057 0.30528658628463745 0.013902196660637856 
0.9594910740852356 0.03774052485823631 0.002768308622762561 
0.6808111667633057 0.30528658628463745 0.013902196660637856 
0.8531004190444946 0.1399327963590622 0.006966813933104277 
0.204173281788826 0.5215989351272583 0.27422773838043213 
0.6606332659721375 0.31575334072113037 0.023613419383764267 
0.18283219635486603 0.7397841811180115 0.07738356292247772 
0.9570309519767761 0.03887638822197914 0.004092635586857796 
0.8212791681289673 0.17052195966243744 0.008198846131563187 
0.4023066759109497 0.545295000076294 0.05239836871623993 
0.9654378890991211 0.03145613148808479 0.0031058581080287695 
0.1609635353088379 0.3902158737182617 0.448820561170578 
0.7680003046989441 0.22071070969104767 0.011289012618362904 
0.8222008943557739 0.1701858639717102 0.007613245863467455 
0.056624170392751694 0.4705764651298523 0.4727993905544281 
0.9107769131660461 0.08237000554800034 0.006853021215647459 
0.7102202773094177 0.2767830789089203 0.012996619567275047 
0.588584303855896 0.3864704966545105 0.024945208802819252 
0.0023444516118615866 0.01353377290070057 0.9841217994689941 
0.6023221611976624 0.3717377483844757 0.025940028950572014 
0.8995357155799866 0.09637176990509033 0.004092396702617407 
0.007846121676266193 0.06599479913711548 0.9261590838432312 
0.9278144836425781 0.06893881410360336 0.0032468033023178577 
0.31936562061309814 0.5993189811706543 0.08131541311740875 
0.0022303347941488028 0.2004091888666153 0.7973604798316956 
0.6908412575721741 0.28570178151130676 0.02345694787800312 
0.8076930642127991 0.1761903166770935 0.01611669547855854 
0.7597408294677734 0.22682860493659973 0.013430553488433361 
0.8368828296661377 0.15534934401512146 0.007767793256789446 
0.007814286276698112 0.6023024916648865 0.3898831903934479 
0.8417607545852661 0.15188689529895782 0.006352349650114775 
0.7174414992332458 0.26900869607925415 0.013549868948757648 
0.02693701535463333 0.375603586435318 0.5974594354629517 
0.8710103034973145 0.12206006050109863 0.006929560098797083 
0.3868352770805359 0.5423238277435303 0.07084084302186966 
0.8112646341323853 0.17733846604824066 0.01139690913259983 
0.8774831295013428 0.11645030975341797 0.006066530477255583 
0.8239555358886719 0.16545356810092926 0.010590877383947372 
0.8204822540283203 0.17400352656841278 0.005514227319508791 
0.05323242396116257 0.5452398657798767 0.4015277028083801 
0.8337510824203491 0.15735597908496857 0.008892865851521492 
0.06548524647951126 0.8767425417900085 0.057772211730480194 
0.6886194348335266 0.30187785625457764 0.009502680040895939 
0.5708270072937012 0.41138750314712524 0.017785487696528435 
0.6211338043212891 0.34887996315956116 0.02998616173863411 
0.5792572498321533 0.40436863899230957 0.016374101862311363 
0.7616896629333496 0.2259588986635208 0.012351400218904018 
0.2082189917564392 0.5270002484321594 0.26478075981140137 
0.07127390056848526 0.903139591217041 0.025586409494280815 
0.45091676712036133 0.509746253490448 0.0393369197845459 
0.895051896572113 0.10029173642396927 0.00465637631714344 
0.9062597751617432 0.08946362137794495 0.00427649961784482 
0.42321425676345825 0.5019299983978271 0.074855737388134 
0.25257718563079834 0.6976801156997681 0.04974273592233658 
0.5534785389900208 0.43436408042907715 0.012157348915934563 
0.2354355901479721 0.7243653535842896 0.04019898176193237 
0.2508438229560852 0.7254136204719543 0.02374250628054142 
0.8794571757316589 0.1122594103217125 0.008283508941531181 
0.7911775708198547 0.20154716074466705 0.00727520976215601 
0.6346985101699829 0.35330772399902344 0.01199381984770298 
0.6741406321525574 0.31677550077438354 0.009083889424800873 
0.5707884430885315 0.4209107458591461 0.008300772868096828 
0.5638749599456787 0.4155890643596649 0.020535951480269432 
0.6723900437355042 0.3161494731903076 0.011460461653769016 
0.003963470458984375 0.36222371459007263 0.6338128447532654 
0.704703152179718 0.28281381726264954 0.012483003549277782 
0.004864826798439026 0.26810482144355774 0.7270302772521973 
0.3104378283023834 0.5675790905952454 0.12198304384946823 
0.7868395447731018 0.1982082724571228 0.014952266588807106 
0.5046572089195251 0.46637195348739624 0.02897079475224018 
