0.1530372
0.26500937
0.2454279
0.043829326
0.35178933
0.3261544
0.09443996
0.04089384
0.05271231
0.48187056
0.17268053
0.4768971
0.82977176
0.11794465
0.28877005
0.40917477
0.4945688
0.1332909
0.019510498
0.610627
0.14270864
0.15630203
0.035472438
0.29261836
0.13470289
0.028845686
0.5731034
0.61160374
0.18206048
0.44307604
0.08442207
0.26061597
0.3195074
0.53584397
0.6522887
0.4390964
0.25988868
0.083994694
0.3544343
0.56000626
0.22778758
0.52563757
0.2522091
0.7337021
0.6473852
0.8604051
0.5743978
0.06298477
0.1503739
0.26341465
0.15256786
0.42046255
0.534959
0.14507274
0.14507274
0.23745011
0.016949663
0.11445297
0.074729934
0.758796
0.1021694
0.33123675
0.093847014
0.18514712
0.39392993
0.7090508
0.48652786
0.74196565
0.7506247
0.06534235
0.26794901
0.121247746
0.39006856
0.22582151
0.6702277
0.68496656
0.62227756
0.19777265
0.67222834
0.17339496
0.7197887
0.5207776
0.16075294
0.35028893
0.49894845
0.32479307
0.15842095
0.34074995
0.10347062
0.41119003
0.054098103
0.082202435
0.53234476
0.6361533
0.8276998
0.10792106
0.21466662
0.038732618
0.56193405
0.21386376
0.47057462
0.91372496
0.111336656
0.12342117
0.2653297
0.67061126
0.9434062
0.29233056
0.33492854
0.46181276
0.56232625
0.26293656
0.29602295
0.49480247
0.057860225
0.40771726
0.7422822
0.22552074
0.039177675
0.5732927
0.4327967
0.29670227
0.17590083
0.72379595
0.19159664
0.31941476
0.29410145
0.2238844
0.6455789
0.2761185
0.5339129
0.14420812
0.25545514
0.5704516
0.1968117
0.20674624
0.43916547
0.3098302
0.5114112
0.31592172
0.6004456
0.06742469
0.36442307
0.15509483
0.15635647
0.951004
0.41206273
0.2848957
0.058931816
0.31058264
0.16020977
0.19402298
0.022732655
0.2054118
0.13942552
0.23143913
0.34396425
0.6654267
0.087380506
0.16494769
0.3407142
0.29592195
0.8654618
0.06796125
0.36366883
0.6082173
0.50244623
0.5207748
0.465464
0.6175986
0.04054035
0.9206416
0.14333256
0.19332643
0.566142
0.076059885
0.3420763
0.20311712
0.22482568
0.6271179
0.61685145
0.5361199
0.12197387
0.2768785
0.37784728
0.06817898
0.21551928
0.053554747
0.052564766
0.45529854
0.17612073
0.4946609
0.07753344
0.3890895
0.117102474
0.5442863
0.3364295
0.3198147
0.09767958
0.328405
0.5118551
0.55398697
0.3002272
0.047354374
0.4578883
0.10242104
0.39161843
0.5111538
0.029474173
0.1348697
0.6038081
0.19540861
0.10327939
0.036395893
0.923969
0.18719283
0.033407368
0.72973365
0.37518284
0.71730965
0.07469553
0.6724671
0.036150873
0.20551214
0.8896831
0.4078974
0.250769
0.88035345
0.26222727
0.47124872
0.424838
0.38389668
0.73827004
0.6476801
0.8399302
0.19331744
0.37537405
0.18678807
0.6246319
0.16903213
0.28728506
0.5040332
0.06622199
0.013594456
0.04242286
0.12633602
0.2110017
0.5688894
0.27479684
0.10245016
0.042658344
0.8200725
0.04084799
0.06272566
0.7331257
0.14194556
0.92789227
0.24376753
0.07628104
0.036395893
0.29100347
0.09137647
0.13025288
0.22592998
0.5825119
0.045358174
0.24193016
0.17074972
0.36094275
0.7777228
0.62451255
0.5353855
0.19444928
0.0381911
0.24786085
0.057437267
0.29899058
0.35173827
0.5159441
0.23378083
0.10643125
0.0518649
0.92714596
0.923969
0.5236673
0.31529412
0.37157208
0.13388695
0.32486767
0.54773
0.3518834
0.7910321
0.54556847
0.13640219
0.32364583
0.18552527
0.017638437
0.8573139
0.043977644
0.435616
0.4313127
0.38053486
0.011886694
0.03187104
0.76423377
0.031158475
0.2608854
0.04571713
0.098203115
0.32573223
0.21708801
0.12535705
0.46017978
0.41655856
0.02831862
0.8889521
0.8838945
0.42085713
0.20246243
0.5111528
0.82981336
0.7936985
0.90919363
0.51446307
0.33430132
0.5950474
0.809901
0.19039957
0.76965946
0.35682565
0.15868028
0.782742
0.6300818
0.83639383
0.78988844
0.69921017
0.050673325
0.69108605
0.5053838
0.25314134
0.48506466
0.90045315
0.29161024
0.22318384
0.518906
0.098090656
0.058009136
0.28150898
0.7407978
0.18015821
0.65967315
0.24525942
0.6337919
0.44715437
0.6790615
0.6787868
0.052084137
0.8564101
0.5130118
0.6123075
0.6641866
0.24866186
0.58767325
0.27387664
0.15893199
0.37220234
0.5778487
0.40637907
0.60462695
0.82725215
0.8326637
0.84914327
0.1682304
0.5427379
0.13124064
0.36033806
0.15439144
0.2554897
0.41925454
0.22927281
0.054542944
0.42922404
0.3334358
0.04593199
0.32067543
0.11678997
0.7064707
0.3327503
0.6198445
0.029274724
0.32747874
0.29757732
0.3481661
0.6523523
0.6346333
0.4290079
0.10249125
0.11503417
0.2080109
0.34244084
0.38525856
0.4637063
0.38235256
0.217608
0.42822844
0.4464971
0.42922404
0.31356084
0.37101975
0.19289018
0.5721696
0.23379648
0.46826124
0.28043258
0.27632868
0.12530777
0.21080996
0.23818995
0.15316948
0.011970368
0.21575011
0.15316948
0.12695788
0.6315735
0.677441
0.1444417
0.6401009
0.36645883
0.2443998
0.29155916
0.50410885
0.17659655
0.054130416
0.7911531
0.619926
0.50754994
0.08142642
0.021607757
0.33710065
0.37413323
0.41268098
0.15754329
0.03210508
0.8698106
0.47501603
0.118443266
0.469612
0.1874331
0.15683821
0.17916568
0.29170313
0.46364063
0.15926962
0.3458291
0.05771194
0.18470658
0.5666328
0.039668728
0.20863682
0.038456716
0.07562075
0.08500722
0.54932827
0.35009798
0.07454988
0.17483754
0.8876314
0.89168453
0.23938979
0.5553761
0.4289588
0.24159071
0.43012103
0.5354941
0.37194058
0.22284728
0.51328653
0.1954359
0.25152072
0.44335732
0.44742942
0.612216
0.5765717
0.3793361
0.31682694
0.7674757
0.13935366
0.16509916
0.6476516
0.90093815
0.76561785
0.37807694
0.19118722
0.12121446
0.30903548
0.071106434
0.48696604
0.70564073
0.615415
0.18644902
0.7132754
0.6763341
0.3456711
0.1475772
0.07669786
0.21032004
0.5728157
0.734502
0.20024543
0.4822894
0.47109443
0.9176116
0.36912352
0.37139234
0.13987954
0.39309877
0.09269381
0.16981888
0.09536809
0.6985053
0.42483184
0.5788628
0.19595899
0.69707716
0.57298094
0.6400911
0.72716737
0.56262934
0.43127516
0.25795075
0.56751573
0.35679403
0.35811487
0.21209691
0.92602587
0.91013974
0.7269343
0.9176116
0.50962245
0.5039717
0.5645888
0.4439645
0.57118016
0.8784582
0.91875714
0.34597337
0.112329185
0.4503614
0.034532465
0.27366096
0.11420456
0.89397
0.30794162
0.91239035
0.4341897
0.09556494
0.12203634
0.734502
0.38364142
0.46529204
0.06254599
0.58806103
0.2842533
0.39594573
0.5377352
0.5277243
0.16363826
0.13285147
0.15315622
0.12565686
0.36833274
0.3306709
0.21076357
0.11817297
0.26474163
0.5361447
0.42317224
0.08777803
0.46284872
0.3157893
0.6245149
0.3279246
0.10168438
0.15861109
0.2475095
0.2243413
0.44949716
0.39328316
0.4799635
0.39872742
0.22042194
0.06560398
0.2885419
0.17305036
0.6642481
0.17839693
0.20627254
0.496506
0.3456711
0.5481803
0.46182853
0.542505
0.11716534
0.41034004
0.11247221
0.40578103
0.27164534
0.13547389
0.4356106
0.30949205
0.6058628
0.4966534
0.52863896
0.15273638
0.36329287
0.5870985
0.5929439
0.07954644
0.28204155
0.39055452
0.42922404
0.45976102
0.3775158
0.35259786
0.5282763
0.43804768
0.16817062
0.05832244
0.07324005
0.9407181
0.070545346
0.5896449
0.5517297
0.09603283
0.31592447
0.67848533
0.51341873
0.734502
0.31016645
0.24143778
0.34659684
0.5708357
0.734502
0.070377
0.33839592
0.8670272
0.16933517
0.2656046
0.27773187
0.14045058
0.26972052
0.33075166
0.088529244
0.09794043
0.7477351
0.80866086
0.11628352
0.7239527
0.39589265
0.5997351
0.5997351
0.051899016
0.049559798
0.48200357
0.36792874
0.054564178
0.118349366
0.1703216
0.086075164
0.5991039
0.2087453
0.17749839
0.6537237
0.38378602
0.120594054
0.5335272
0.8920725
0.7226396
0.24958381
0.6492998
0.038124926
0.2992093
0.58776534
0.4522495
0.85798055
0.31985423
0.5990256
0.15614487
0.05463873
0.2288592
0.40807703
0.17861663
0.2856064
0.053479094
0.29934403
0.35346052
0.19930926
0.6096994
0.58594143
0.4930823
0.06901401
0.7849465
0.12272239
0.05763627
0.2140949
0.20904636
0.20135267
0.4022362
0.032959748
0.11587133
0.6076436
0.14272402
0.1815447
0.90601814
0.4594779
0.4741568
0.58862245
0.040497564
0.59291095
0.6150967
0.64862174
0.20479259
0.34640694
0.19414724
0.18586592
0.31853473
0.19925246
0.31810433
0.1587927
0.3113778
0.04022853
0.8975308
0.36179924
0.39777273
0.28166494
0.20101444
0.18248655
0.36579517
0.10428992
0.015875699
0.18784261
0.082378246
0.76965547
0.44944084
0.24547058
0.65475506
0.5830271
0.62210214
0.48907003
0.06572287
0.08496636
0.036708374
0.09768405
0.13854828
0.21860047
0.28422385
0.53782904
0.6284222
0.5528655
0.13252719
0.6284222
0.36401808
0.81420606
0.06022397
0.6284222
0.029703546
0.2602491
0.19356552
0.54169184
0.4784173
0.3887685
0.3794943
0.408065
0.16513248
0.10224524
0.37727845
0.23832896
0.45532432
0.1275591
0.19367829
0.07332909
0.21670693
0.15314133
0.44253838
0.22286563
0.048067506
0.87618315
0.08241227
0.10330859
0.4784173
0.036804073
0.40770352
0.15791334
0.37287173
0.3894463
0.67472255
0.03597661
0.5987779
0.27217627
0.053971685
0.17891072
0.63648397
0.14163037
0.010153423
0.33249974
0.2928954
0.21565256
0.24159908
0.106197834
0.5637563
0.42907026
0.4651257
0.74072486
0.14575227
0.18261032
0.53081983
0.58119714
0.27372378
0.44358245
0.032886986
0.095805
0.04948881
0.45411208
0.19373573
0.43247664
0.28360885
0.58449244
0.06649664
0.4119079
0.18698406
0.6134648
0.49173835
0.23154359
0.8491643
0.305669
0.4805782
0.27666247
0.18397415
0.24940363
0.35994932
0.61793184
0.05743917
0.09681102
0.06651524
0.20083992
0.5685124
0.1733802
0.08489052
0.61793184
0.09544992
0.35727936
0.23923196
0.17419274
0.6331295
0.14279614
0.29014418
0.25371602
0.9087344
0.3087463
0.056293886
0.76480025
0.29175156
0.37113273
0.57045025
0.27354398
0.22258814
0.60697246
0.11670124
0.11807219
0.071374916
0.5895501
0.20620458
0.70825243
0.23326494
0.583238
0.21553051
0.37294945
0.41869065
0.19721277
0.050882358
0.04558405
0.18473619
0.048849236
0.09049914
0.24969456
0.027101934
0.58367956
0.030304322
0.36334583
0.24676469
0.1597171
0.4237452
0.036314536
0.06382159
0.2155497
0.097200036
0.09443996
0.54888904
0.4449087
0.4772708
0.6931339
0.4276841
0.30163652
0.33349544
0.22955462
0.2468794
0.05719492
0.24501953
0.57626957
0.6378784
0.8168228
0.20866348
0.055907883
0.1879613
0.23126839
0.16743137
0.24755436
0.5507556
0.11791921
0.24134332
0.8457519
0.15856257
0.07962438
0.846123
0.2813254
0.07881264
0.065030865
0.74596983
0.16697198
0.34138215
0.3052866
0.037740525
0.3052866
0.1399328
0.52159894
0.31575334
0.7397842
0.03887639
0.17052196
0.545295
0.03145613
0.39021587
0.22071071
0.17018586
0.47057647
0.082370006
0.27678308
0.3864705
0.013533773
0.37173775
0.09637177
0.0659948
0.068938814
0.599319
0.20040919
0.28570178
0.17619032
0.2268286
0.15534934
0.6023025
0.1518869
0.2690087
0.3756036
0.12206006
0.5423238
0.17733847
0.11645031
0.16545357
0.17400353
0.54523987
0.15735598
0.87674254
0.30187786
0.4113875
0.34887996
0.40436864
0.2259589
0.52700025
0.9031396
0.50974625
0.10029174
0.08946362
0.50193
0.6976801
0.43436408
0.72436535
0.7254136
0.11225941
0.20154716
0.35330772
0.3167755
0.42091075
0.41558906
0.31614947
0.3622237
0.28281382
0.26810482
0.5675791
0.19820827
0.46637195
