0.9125409
0.8797669
0.5537583
0.15677966
0.5433776
0.86354464
0.0012921031
0.74783957
0.8758098
0.79385895
0.0042011654
0.008750247
0.59929866
0.7636292
0.93557996
0.9198704
0.32813463
0.7791592
0.005824332
0.8076514
0.050798453
0.9292375
0.14248912
0.18023738
0.58312875
0.92042613
0.5276152
0.76256233
0.097334765
0.8059727
0.56471753
0.87542164
0.857635
0.61768425
0.70183533
0.88947845
0.12964767
0.83489007
0.5996562
0.7421735
0.26033902
0.72346693
0.32866728
0.11678735
0.84927434
0.46731526
0.13760017
0.95727694
0.63865376
0.43630928
0.89855725
0.8819675
0.3335818
0.8009992
0.7020254
0.8009992
0.45880952
0.93891263
0.7786885
0.69027615
0.9508289
0.8175459
0.8926574
0.64118576
0.81387454
0.021805316
0.6522234
0.070209004
0.8370045
0.93394685
0.89859855
0.42595017
0.0043898597
0.18023738
0.8221368
0.00083556765
0.86169934
0.6286525
0.07832046
0.78270304
0.027515255
0.45051423
0.13453257
0.93311316
0.90103203
0.49675333
0.8326697
0.05107745
0.40486193
0.3028182
0.29703435
0.40036294
0.8945767
0.72885895
0.0051532155
0.9297696
0.8068987
0.9247773
0.9261151
0.11483642
0.09673843
0.6094106
0.85677046
0.0009775999
0.93640894
0.8916975
0.51716495
0.7030928
0.83059996
0.15080106
0.9574286
0.9544635
0.19375804
0.6898028
0.5894956
0.7733554
0.84887636
0.66225624
0.62560415
0.73743844
0.81607866
0.055530354
0.49657103
0.5810691
0.002624071
0.0028217891
0.2662414
0.67925376
0.8558257
0.03566438
0.017637642
0.4976526
0.0021891815
0.6756216
0.4741192
0.9259181
0.65330404
0.85337746
0.7007822
0.64068407
0.83787674
0.5950672
0.69570667
0.51616234
0.624348
0.08295669
0.9583663
0.7617659
0.04333173
0.8901418
0.47732925
0.5908598
0.7489588
0.9011014
0.16280788
0.29187495
0.9701663
0.7457355
0.25803965
0.76874906
0.005199299
0.4015515
0.6786607
0.648856
0.03803931
0.37843156
0.8278489
0.7787755
0.43042502
0.8889279
0.63557273
0.85990405
0.02377881
0.6353786
0.7917885
0.55606484
0.083293304
0.3684863
0.005968077
0.7684432
0.15324318
0.88547426
0.8920393
0.007966795
0.86757463
0.84251845
0.8541287
0.4139538
0.9025931
0.0041794553
0.38884187
0.4638868
0.37544373
0.32862583
0.9215379
0.0017649906
0.005110951
0.0013658798
0.94868964
0.6265457
0.936896
0.7785177
0.9208999
0.0020831346
0.806953
0.059287343
0.82554394
0.5474904
0.030748349
0.01096448
0.29218692
0.30425072
0.00844452
0.052830324
0.67504394
0.109157786
0.68492055
0.7618989
0.67310387
0.78570586
0.54891753
0.19538729
0.9184534
0.8051679
0.8005241
0.07187208
0.6429041
0.2154561
0.84078765
0.79353863
0.8005241
0.126222
0.37319556
0.25096926
0.619168
0.0023135522
0.9271432
0.1006611
0.22779498
0.6554632
0.682148
0.3248344
0.01548368
0.9112236
0.16131578
0.7673422
0.08682875
0.15529777
0.62738776
0.6265457
0.10819723
0.96138996
0.86476153
0.026866654
0.62815017
0.90625775
0.95680654
0.2796251
0.0031026544
0.46363443
0.25911573
0.5866894
0.0012717108
0.027676787
0.024044072
0.19843447
0.24329561
0.7162925
0.95305663
0.74495345
0.85147065
0.35137802
0.92265826
0.8209782
0.08035528
0.68953115
0.53294164
0.9468266
0.815123
0.6962678
0.8674807
0.8252935
0.47903657
0.6656724
0.90112007
0.36187676
0.83048815
0.09785595
0.13968647
0.024962025
0.79390806
0.68267125
0.887687
0.01056774
0.9638635
0.2096647
0.5587783
0.6722271
0.4733331
0.8000403
0.30757156
0.78607816
0.026063558
0.8710613
0.9040981
0.86111015
0.6948216
0.9067026
0.10429028
0.12304913
0.4239076
0.83568335
0.41278014
0.039248295
0.76831234
0.75699973
0.57021874
0.82302684
0.7947861
0.634814
0.05418394
0.008221566
0.55695003
0.8009992
0.7895614
0.8009992
0.4550978
0.84683937
0.8270957
0.8271315
0.63557273
0.017195243
0.7554496
0.7757288
0.80182356
0.0022364226
0.9153695
0.27072507
0.006820653
0.01178289
0.8619962
0.03823471
0.67194957
0.48535022
0.8523477
0.31250703
0.33155513
0.6244718
0.18377621
0.020678688
0.90774524
0.6571775
0.9710971
0.01832242
0.941462
0.6769005
0.6044844
0.085503265
0.63557273
0.907555
0.39065617
0.39727017
0.7406615
0.92385614
0.024294874
0.5209609
0.37754592
0.47763637
0.4213861
0.87992424
0.09103795
0.0025210385
0.9277231
0.012573559
0.7913032
0.21128015
0.58891726
0.0029687071
0.00984581
0.005691014
0.7626038
0.0045114015
0.0035104991
0.26526728
0.84692127
0.9302284
0.08086899
0.5831847
0.0033967625
0.80232364
0.07287021
0.3311808
0.68258893
0.8793422
0.58454263
0.40141857
0.012830127
0.6150151
0.30237594
0.21282132
0.91673416
0.029246677
0.86012125
0.7554496
0.0027816999
0.6540351
0.6730176
0.008545085
0.9509801
0.78955173
0.18374264
0.7367088
0.36856976
0.62250113
0.68409306
0.5798534
0.30232733
0.00936638
0.9158522
0.9325951
0.7833961
0.9768504
0.6984921
0.82605743
0.8035294
0.77472866
0.6060692
0.6588113
0.95315117
0.60067457
0.88753206
0.96652734
0.7968135
0.5080381
0.8847001
0.29825315
0.47673565
0.8842429
0.9199882
0.8343097
0.67426676
0.6885251
0.62609607
0.6667732
0.8518501
0.4376616
0.6136259
0.7244197
0.16458675
0.8650951
0.23317938
0.92038953
0.77952796
0.274192
0.5665642
0.84185916
0.7382039
0.07279555
0.8106596
0.88402474
0.84034854
0.8025321
0.013835682
0.17831227
0.72815186
0.7888819
0.63557273
0.51691866
0.47694713
0.0020331799
0.64989156
0.0026197843
0.8009992
0.013207659
0.8332769
0.8416042
0.010551456
0.92642266
0.9589428
0.098975874
0.32620096
0.16734463
0.18778121
0.85207486
0.2695279
0.72070736
0.4458173
0.16772878
0.034673903
0.8208171
0.006599553
0.86886746
0.87662137
0.7400292
0.057186536
0.7579253
0.38530415
0.15358032
0.0030286964
0.020294059
0.32971004
0.7675318
0.52335924
0.016412511
0.7952641
0.42768967
0.8939803
0.16029727
0.9342509
0.7552447
0.72897476
0.6702535
0.24782942
0.8882686
0.77203757
0.8009992
0.87789536
0.7026557
0.8953788
0.71243995
0.7638486
0.8346093
0.9436955
0.88784724
0.7505468
0.91715664
0.90809935
0.57999873
0.7756464
0.003350337
0.4657329
0.5639613
0.15073091
0.88892186
0.94990194
0.69697374
0.48229644
0.9177596
0.8195963
0.80689085
0.0123252645
0.8009992
0.4211487
0.91654176
0.7294118
0.09394895
0.11281538
0.8248774
0.0037998152
0.6239177
0.85099083
0.809651
0.01019662
0.93232125
0.88342136
0.5658371
0.08891121
0.33895904
0.33895904
0.051285744
0.2078556
0.6545734
0.61466944
0.0055303634
0.6728475
0.0016221023
0.9070553
0.84171337
0.5426787
0.4274835
0.888084
0.018482568
0.5178467
0.29575372
0.8033649
0.8184408
0.63501483
0.72306377
0.0015539778
0.4695883
0.791928
0.08367285
0.36929047
0.74907374
0.6783246
0.66367894
0.6643877
0.42050257
0.01868902
0.6671215
0.88398534
0.721284
0.8295294
0.008657757
0.056005828
0.019212691
0.25891513
0.046863444
0.83659524
0.7704129
0.12520532
0.91403913
0.6609289
0.60901153
0.7646539
0.34882793
0.07221044
0.9218528
0.6628417
0.8814675
0.85729444
0.6246296
0.11026743
0.6598969
0.77089566
0.5577874
0.12755378
0.5577874
0.9239093
0.5620769
0.7952834
0.8234004
0.61180377
0.8009992
0.8009992
0.5577874
0.5822895
0.5577874
0.61374605
0.011571949
0.64959276
0.63818055
0.803918
0.7925713
0.94619477
0.5577874
0.049930457
0.06649607
0.3286189
0.2444141
0.37482136
0.79457575
0.52049494
0.8068372
0.039696153
0.57999873
0.3826238
0.9580665
0.0031110812
0.9200666
0.0032798718
0.030922092
0.51102555
0.05153733
0.6166904
0.64324516
0.83659524
0.24154535
0.38557625
0.14064063
0.89381856
0.30009112
0.48791873
0.004273734
0.51113874
0.86697626
0.45739752
0.21944848
0.038275942
0.8587145
0.48395297
0.8967596
0.04850481
0.846322
0.4156329
0.006014762
0.262723
0.035007443
0.6543485
0.02198849
0.044126146
0.7408206
0.0028735152
0.7938235
0.90683186
0.3752981
0.4636915
0.7679101
0.7758286
0.6226286
0.91979617
0.29724094
0.003699189
0.5108988
0.42404506
0.030719643
0.33560756
0.05612423
0.684842
0.012076907
0.00080474647
0.40125045
0.897478
0.8190965
0.8058068
0.0010002485
0.7726013
0.29924887
0.005397656
0.026913678
0.0067137065
0.0019926208
0.3303832
0.93854904
0.583662
0.8009992
0.8320909
0.8009992
0.9072848
0.4524888
0.66952395
0.24665655
0.9459559
0.3981911
0.8043274
0.0032840522
0.89673424
0.23069979
0.8009992
0.4830062
0.5946198
0.78307325
0.7154734
0.9459375
0.5346531
0.51305145
0.048528414
0.23613057
0.5762413
0.70712405
0.71354204
0.8914853
0.95299155
0.6578785
0.74067444
0.29648593
0.7653052
0.0064231143
0.16260462
0.4623519
0.0023507713
0.52341527
0.8009992
0.4641733
0.9210604
0.44140145
0.072619915
0.8009992
0.54903734
0.84500647
0.006765546
0.41018572
0.8277073
0.9163942
0.8985339
0.9244248
0.30085698
0.6922301
0.0032840522
0.8009992
0.8009992
0.0024650053
0.20240226
0.83186054
0.8694227
0.10061956
0.020693121
0.29384375
0.3752981
0.4074817
0.15064791
0.33158424
0.7558814
0.81429577
0.39610752
0.10201078
0.64528096
0.5860172
0.4463566
0.3752981
0.001313507
0.6210829
0.8205572
0.16222045
0.17163709
0.059802268
0.06144421
0.05821193
0.6274651
0.77638876
0.8580587
0.61261976
0.21616498
0.0021142266
0.0054616597
0.8427076
0.7017576
0.8779866
0.53750503
0.92826855
0.96519965
0.67865163
0.8213273
0.009867266
0.7480642
0.5727425
0.58209556
0.87339765
0.41415527
0.893008
0.8636725
0.01874784
0.0009864173
0.1911417
0.03261092
0.8009992
0.6052946
0.10548696
0.61787164
0.88652736
0.9270686
0.5484817
0.50096256
0.7805386
0.5784669
0.10993905
0.91948843
0.9159587
0.7608417
0.5292062
0.71559536
0.62593627
0.55564797
0.6302702
0.5648299
0.60688126
0.8415196
0.7501851
0.9665604
0.9347346
0.82875556
0.1748194
0.64747816
0.7465764
0.3659401
0.4657297
0.87721646
0.6985014
0.63309723
0.8812054
0.5827979
0.79656225
0.08719699
0.022930639
0.8354592
0.23200774
0.17712024
0.18517599
0.1566751
0.18517599
0.20766596
0.26529542
0.29524708
0.36323112
0.18275851
0.21972929
0.27446115
0.25690493
0.061312746
0.00094519777
0.8330459
0.32635346
0.7829922
0.5558394
0.15247677
0.8547509
0.8698665
0.688652
0.9389778
0.7236193
0.0037859362
0.37021625
0.27446115
0.4010313
0.0067137065
0.3983264
0.0064457376
0.04697003
0.8384715
0.5039681
0.9415273
0.7235729
0.00278138
0.0097914925
0.90140533
0.93347096
0.73455423
0.870175
0.025349438
0.015884032
0.008094848
0.575726
0.90114313
0.002140339
0.87872607
0.76995885
0.005900151
0.82051384
0.6951986
0.92033464
0.11704528
0.0006647822
0.59315646
0.6095653
0.8975607
0.18171017
0.43180227
0.54632246
0.77128386
0.89487106
0.80393744
0.5614855
0.8226503
0.6851363
0.48469368
0.030100428
0.04120104
0.8587701
0.835561
0.77314425
0.8146429
0.123929985
0.38265046
0.88488126
0.74904186
0.8515893
0.86623305
0.81435585
0.62019175
0.88910264
0.41651368
0.8900579
0.52753395
0.6115104
0.8025534
0.08145248
0.7013231
0.5181192
0.7313176
0.79096437
0.591849
0.79096437
0.77988946
0.8009992
0.87687755
0.8608072
0.8009992
0.8831116
0.5434943
0.0020710668
0.8291191
0.20339021
0.49375376
0.6743604
0.043528814
0.88165194
0.9347346
0.9418882
0.04414625
0.67604476
0.18651418
0.7546186
0.5907254
0.8109569
0.87679166
0.6788125
0.73158705
0.41685474
0.4830657
0.53432864
0.5529179
0.74717665
0.3877528
0.012017865
0.6848672
0.6289101
0.7844824
0.65763533
0.72570366
0.4578059
