0.0037622731
0.0049822056
0.020280397
0.094178975
0.051675934
0.0050934795
0.8807824
0.010989102
0.006731622
0.006658862
0.91328514
0.42168814
0.05665508
0.0064959717
0.003704861
0.0041052843
0.04166139
0.013173174
0.44183627
0.009641615
0.15524055
0.002622537
0.035227057
0.036560446
0.034943324
0.0039793854
0.021369027
0.0073352866
0.10178579
0.0094677145
0.039342925
0.003750734
0.005358228
0.023961823
0.016446754
0.006811424
0.12554407
0.017745838
0.019288845
0.011182346
0.030849727
0.011612629
0.026952308
0.08191598
0.006304527
0.09577564
0.017017383
0.0021942134
0.011469612
0.019462796
0.0035882453
0.0036071606
0.17528072
0.004790494
0.019653369
0.004790494
0.019570865
0.002816727
0.008387677
0.013247969
0.003003448
0.007993823
0.0042058835
0.024011135
0.009298591
0.16112241
0.0096640065
0.03547132
0.011099802
0.0033897387
0.004061197
0.013722757
0.7045398
0.036560446
0.0072492245
0.9790638
0.00818079
0.02464132
0.11075675
0.006820343
0.5184016
0.06628042
0.0602241
0.0032066714
0.006115878
0.048002306
0.0062610484
0.47360164
0.040687263
0.014983813
0.10362728
0.039922953
0.0037078608
0.008323509
0.15970364
0.003026067
0.008217892
0.0023140134
0.0034480663
0.36544684
0.023866948
0.007130587
0.006234968
0.9633331
0.0045867437
0.006384561
0.13456522
0.0106380675
0.004910083
0.11840455
0.0020095087
0.0017882003
0.18514435
0.013238923
0.023051284
0.01870824
0.013599452
0.023725936
0.041247725
0.006454419
0.010559694
0.067922726
0.027842427
0.044843983
0.566614
0.9451662
0.04506915
0.0122976145
0.0077803
0.046802633
0.11336927
0.03761367
0.9104747
0.013415342
0.020248262
0.0033066694
0.017065186
0.0072713858
0.012124167
0.01059981
0.007155105
0.01049665
0.012613926
0.021334939
0.03494571
0.6458453
0.0022583797
0.0036556933
0.3751594
0.0063299323
0.05762796
0.019171176
0.0114162285
0.0067725834
0.039349254
0.030822918
0.0023263637
0.016046427
0.12788524
0.014011735
0.6515844
0.036977094
0.011963136
0.01374105
0.094921775
0.017819436
0.014450407
0.008222803
0.059805386
0.006807902
0.0111215925
0.0089818835
0.13524203
0.027691282
0.006628725
0.047583774
0.060745083
0.04318341
0.24674828
0.022771204
0.087862395
0.006600348
0.004620553
0.38236174
0.004308167
0.01082524
0.009762113
0.06513588
0.005127824
0.2585138
0.021933516
0.11622252
0.061208766
0.21910799
0.0034876605
0.7472682
0.66067374
0.9914681
0.0022713118
0.009377083
0.0037171347
0.012583777
0.004521053
0.86171895
0.0035940448
0.5855356
0.0047100605
0.015554528
0.37034002
0.80043733
0.08105417
0.12315487
0.31482053
0.49241844
0.013230899
0.039576028
0.02237197
0.016772466
0.013984531
0.010490498
0.015632322
0.07413376
0.004319274
0.00657424
0.006585566
0.3430846
0.02083317
0.067541115
0.005263291
0.0077377367
0.006585566
0.13136053
0.026348133
0.047767576
0.058661856
0.91825527
0.00292934
0.25422657
0.055716056
0.011480037
0.029558392
0.042136956
0.5832083
0.0038938776
0.069494225
0.007853882
0.088031925
0.31557348
0.010414395
0.009377083
0.13550593
0.002767554
0.009268984
0.10430003
0.013918401
0.0032818394
0.0035554385
0.037838187
0.925403
0.0146218315
0.042726636
0.0071082637
0.8696944
0.04448052
0.5383122
0.2742494
0.02378585
0.01718877
0.0033537368
0.034875162
0.013205467
0.06480156
0.004099272
0.005915822
0.22697954
0.015485301
0.026768537
0.0023843679
0.010511269
0.008439625
0.0036541827
0.010511593
0.025370296
0.010663828
0.0049374714
0.046822358
0.0075084753
0.13016269
0.04475515
0.08037232
0.016163839
0.026238983
0.0033524863
0.7430627
0.0017787679
0.04681209
0.036261357
0.015030617
0.11196372
0.008740293
0.02966204
0.007495468
0.6299923
0.0064532133
0.0050011575
0.006097497
0.02093404
0.0031766088
0.0425501
0.070028596
0.024362009
0.007055521
0.03368986
0.024423853
0.015736863
0.011162972
0.0483715
0.010441999
0.010023139
0.027444987
0.58701867
0.15841077
0.03332426
0.004790494
0.006960187
0.004790494
0.03289637
0.010328851
0.008215664
0.010803725
0.0111215925
0.29728502
0.004399746
0.00749575
0.009659324
0.9309991
0.0038898857
0.031335693
0.70299673
0.74827003
0.008005501
0.6137667
0.024059663
0.07909595
0.007784107
0.10415269
0.026665563
0.012602904
0.41912076
0.52016807
0.004814733
0.032433823
0.002504546
0.6384346
0.0028195174
0.010559941
0.032236166
0.6419287
0.0111215925
0.0039043243
0.12380438
0.023466349
0.018081496
0.004386201
0.49567994
0.009649204
0.03501517
0.050429065
0.041813698
0.0046764566
0.30859333
0.7990868
0.0035287868
0.48312888
0.016456578
0.023174837
0.023586802
0.91293925
0.79725254
0.8201683
0.00784729
0.90324676
0.59918034
0.13436392
0.008823578
0.003513812
0.28554633
0.011408741
0.4378625
0.006113246
0.21863139
0.055089474
0.008317503
0.005635389
0.010259972
0.009494625
0.7814302
0.00807901
0.03302229
0.030131476
0.003940347
0.60653746
0.0053954828
0.004399746
0.25325486
0.010163155
0.012034546
0.6729
0.0027055412
0.007622148
0.082644366
0.011181549
0.028895505
0.02412112
0.014030729
0.014702082
0.1808613
0.35616514
0.004529611
0.0034268752
0.014049806
0.0025672757
0.009956544
0.0044397865
0.006243455
0.009278081
0.013662343
0.014570267
0.0036328724
0.020192161
0.006343271
0.0023614182
0.006406008
0.031903878
0.010744551
0.04087264
0.03757537
0.006575479
0.0027097585
0.0039174263
0.017158296
0.01619228
0.028675046
0.014833281
0.004977422
0.033285834
0.030461574
0.01146516
0.06749475
0.0064570927
0.110577315
0.003909613
0.012203401
0.052981723
0.01942397
0.0065412945
0.020171244
0.15514788
0.009194999
0.0060354625
0.0048888945
0.008894138
0.2427302
0.085115544
0.011510251
0.01220446
0.0111215925
0.02578806
0.025594817
0.95278275
0.012759712
0.85037065
0.004790494
0.24494042
0.007064925
0.007598787
0.56106776
0.003958953
0.0024733746
0.36390343
0.03199319
0.016907811
0.016568618
0.015345568
0.024674168
0.019917605
0.00978151
0.0316637
0.039762255
0.010676109
0.1090248
0.0033911162
0.0035079804
0.0088075455
0.14834943
0.009567509
0.06123291
0.06106987
0.5521832
0.7368845
0.03511401
0.006218342
0.049203195
0.73097056
0.011118893
0.015003259
0.0046700374
0.17266513
0.0042278385
0.010511394
0.0104609635
0.00800451
0.033871047
0.004425433
0.018853018
0.004790494
0.0049131894
0.010821809
0.0054840413
0.015796449
0.0071441666
0.005651068
0.0031484948
0.0044540083
0.005616092
0.0039889496
0.0047542197
0.010936286
0.012383999
0.8562748
0.0100410925
0.14097495
0.030760493
0.008005551
0.00240002
0.012834563
0.03411129
0.004894736
0.012183495
0.012490856
0.77657384
0.004790494
0.012436487
0.0036474098
0.008521419
0.023233932
0.019141885
0.010336559
0.8958171
0.027352123
0.011135315
0.0063487445
0.07266786
0.003005925
0.0040511945
0.0735997
0.08565798
0.046974305
0.046974305
0.17017473
0.22068028
0.014449891
0.041345507
0.42896298
0.020457605
0.8484971
0.005152747
0.008388933
0.08384403
0.018097151
0.0052342843
0.21843164
0.013964518
0.13794132
0.0053060846
0.004583835
0.02368327
0.01815735
0.9717078
0.020125683
0.008885893
0.17778082
0.1410738
0.009660754
0.02932362
0.010043229
0.029287674
0.047627952
0.051670175
0.028244147
0.0052387184
0.016612992
0.00641647
0.073426865
0.035079274
0.055263072
0.027345957
0.5009804
0.010062252
0.010433134
0.044956703
0.003793462
0.01858859
0.02300102
0.0056813573
0.018437175
0.27843463
0.0038574233
0.045141626
0.0058840513
0.0147287985
0.0104085505
0.35051337
0.008216454
0.011243094
0.011478727
0.44498864
0.011478727
0.0024829572
0.024602285
0.0099381795
0.008315933
0.016581045
0.004790494
0.004790494
0.011478727
0.012517176
0.011478727
0.012054768
0.4601994
0.010307395
0.014756374
0.016678192
0.017590629
0.0023331305
0.011478727
0.27473277
0.5721299
0.07361828
0.06402046
0.02346516
0.0047544073
0.051292546
0.007006193
0.5284624
0.010936286
0.043148663
0.0023442633
0.926248
0.0027627512
0.9216608
0.4899849
0.021473797
0.041272342
0.037844956
0.032477427
0.010062252
0.026520899
0.13018776
0.32781926
0.0047414606
0.06983382
0.014649973
0.8856541
0.012333527
0.0048427046
0.02646182
0.023420908
0.032391492
0.004606039
0.026596293
0.0051716566
0.020805165
0.009860894
0.056328043
0.84856737
0.02369252
0.55707914
0.017132116
0.09138494
0.059602857
0.011587338
0.42820734
0.0062196483
0.004481159
0.078944035
0.052850828
0.009975028
0.0070524616
0.009962375
0.0047050775
0.08887585
0.16366631
0.01942068
0.04585255
0.5123805
0.051002514
0.13289323
0.011822088
0.114150755
0.9809225
0.0307917
0.004621098
0.008591604
0.0051226597
0.98273957
0.0069088466
0.030860169
0.12209883
0.53401047
0.26938292
0.9486058
0.07819926
0.002996406
0.016793467
0.004790494
0.005485233
0.004790494
0.0048059365
0.018917603
0.046428695
0.06795373
0.002307567
0.050471555
0.0076342486
0.24174464
0.004315617
0.11504494
0.004790494
0.015491383
0.018905152
0.008828872
0.015358956
0.0020363065
0.034888983
0.059137587
0.09688389
0.06660504
0.02188302
0.022029154
0.010927651
0.0064624907
0.0024430957
0.012285546
0.010645438
0.04300774
0.009005578
0.9566371
0.03604079
0.049018905
0.9327055
0.10026689
0.004790494
0.048079234
0.0075031
0.025130544
0.52093595
0.004790494
0.03266988
0.008286958
0.94678926
0.18883552
0.0046629584
0.0027544205
0.0028233097
0.004312517
0.011012539
0.02110668
0.24174464
0.004790494
0.004790494
0.9707063
0.047257204
0.008100101
0.0058670416
0.06564783
0.8760397
0.019376718
0.078944035
0.05986745
0.07057531
0.13692224
0.009100431
0.0038420227
0.02398357
0.557171
0.013655843
0.010174438
0.095452875
0.078944035
0.96459866
0.02544123
0.007532998
0.023760267
0.05212643
0.04411826
0.39317384
0.043580927
0.023967259
0.012650596
0.004034355
0.035454463
0.13630995
0.89329296
0.44172764
0.003594035
0.017720247
0.004153331
0.034225836
0.0030489305
0.0018667143
0.017688286
0.0065655317
0.6778447
0.014149896
0.018679984
0.013568341
0.006025478
0.020904014
0.0069645424
0.0076186853
0.67919904
0.96233004
0.18355729
0.17340653
0.004790494
0.013886873
0.36531043
0.023549106
0.003923196
0.0033476057
0.04246295
0.084010646
0.0092504835
0.016432237
0.40348512
0.0042911735
0.0038278361
0.012283081
0.040665947
0.014284205
0.011457454
0.017087037
0.023818573
0.023512121
0.012144194
0.010355921
0.013181196
0.003173241
0.002522889
0.007209684
0.030975223
0.008106749
0.008091681
0.013948112
0.040056784
0.011682696
0.016526017
0.022445967
0.0040342445
0.033851184
0.009901443
0.05267025
0.8964826
0.0066397474
0.03690339
0.037870217
0.041605186
0.042467143
0.041605186
0.038257577
0.020941813
0.024634577
0.020596929
0.023234215
0.023074746
0.02097411
0.022008874
0.55274516
0.98864067
0.012986064
0.12549007
0.008950865
0.038040195
0.10025378
0.0066498867
0.00800087
0.0153854685
0.0031015389
0.027596427
0.14775121
0.018056717
0.02097411
0.034961592
0.26938292
0.0512678
0.28028253
0.05351257
0.005478782
0.079899006
0.0024580115
0.01173987
0.8498565
0.37642738
0.004353473
0.0040242192
0.008732911
0.0064197504
0.3068424
0.17062908
0.64043397
0.030223213
0.004379603
0.7219506
0.0046975994
0.007340296
0.2934472
0.008216649
0.010302391
0.0054969545
0.030328298
0.98888844
0.013387716
0.013930248
0.0039596846
0.044451147
0.06387343
0.020593002
0.00728764
0.003602327
0.019159839
0.017807398
0.009139011
0.024481524
0.030941073
0.08926202
0.24718267
0.00790872
0.008044405
0.009196199
0.005990653
0.033616938
0.04138783
0.0047141486
0.007805102
0.0058893748
0.0031030136
0.005381501
0.012568534
0.0037180954
0.013718749
0.006852555
0.024897227
0.022685697
0.009333011
0.11711781
0.014080412
0.02589962
0.009945733
0.0048979023
0.033193097
0.0048979023
0.009210663
0.004790494
0.003939929
0.0064619393
0.004790494
0.0041021565
0.10485181
0.8952433
0.008553467
0.15752144
0.018148074
0.014366386
0.39582443
0.0048422096
0.002522889
0.0036445572
0.109100014
0.010771282
0.0875112
0.006532601
0.030637765
0.008273634
0.0067905025
0.012295574
0.013028857
0.013812112
0.13496037
0.028666696
0.032192983
0.010885958
0.022281254
0.18743718
0.010521334
0.012609416
0.008627648
0.013797498
0.008746597
0.04144055
