0.21530601
0.009788824
0.0058221575
0.04314714
0.020170383
0.023954991
0.61870277
0.009858983
0.27060223
0.0463905
0.0069773477
0.004564806
0.0046519507
0.0402888
0.5477746
0.111500345
0.15840766
0.015642982
0.011023701
0.062689334
0.016434282
0.20742469
0.15195194
0.0075340243
0.0072041447
0.0072041447
0.08084458
0.031352736
0.031517178
0.02932823
0.019488955
0.33827847
0.09154729
0.13761556
0.011224939
0.01018593
0.017603435
0.019444427
0.0033740294
0.039055083
0.011021512
0.43064934
0.085646935
0.30924973
0.01838631
0.5282974
0.7148446
0.011312354
0.01699361
0.03458534
0.007814844
0.12788859
0.17003027
0.032729495
0.022695085
0.040554207
0.501389
0.06485805
0.4372473
0.90782213
0.26822066
0.014988724
0.84632933
0.39222163
0.18440843
0.010529056
0.02238465
0.0041882843
0.376387
0.21937391
0.110158384
0.5049323
0.007851932
0.08849108
0.060269363
0.12778711
0.03426489
0.8685815
0.5524409
0.024021601
0.10453235
0.074568465
0.46491808
0.051259972
0.036426473
0.06545984
0.119115666
0.03460295
0.04224101
0.0867465
0.0059972694
0.015147275
0.06188226
0.021469567
0.1835138
0.0024173448
0.2908812
0.030851057
0.031878766
0.1477293
0.5820765
0.025155421
0.90782213
0.012593649
0.0026842873
0.02022932
0.5282974
0.611879
0.012904567
0.86768264
0.05074501
0.07105924
0.046532907
0.00873164
0.0234629
0.6033892
0.7219034
0.031141307
0.31912252
0.94263345
0.0412312
0.015262987
0.01973014
0.16854517
0.1752928
0.6213493
0.04462822
0.008755728
0.04462822
0.3611533
0.06447935
0.10644666
0.079743914
0.78436327
0.38216603
0.026600273
0.5630366
0.004327529
0.0033964673
0.0069575678
0.054544482
0.027326126
0.41247058
0.11752566
0.0052846964
0.5986346
0.01949661
0.018767405
0.086400166
0.42936653
0.156941
0.0071832985
0.04341526
0.020240504
0.44217488
0.0046316767
0.0043840813
0.046431907
0.003117131
0.017873185
0.021945508
0.015225201
0.26928043
0.003117131
0.012271323
0.003117131
0.05406518
0.2150109
0.045535646
0.21942714
0.07395672
0.015983425
0.05439188
0.009429123
0.05074501
0.27025032
0.043538466
0.08781472
0.12616065
0.17775802
0.17775802
0.35846496
0.17775802
0.17775802
0.029103735
0.15828368
0.17775802
0.20935923
0.23693058
0.059572164
0.05788239
0.018826474
0.03692433
0.438094
0.30671772
0.014268682
0.0077190218
0.024142696
0.17775802
0.17775802
0.054544482
0.17775802
0.055285648
0.17775802
0.073926665
0.10083115
0.020277763
0.005707546
0.013842154
0.2027422
0.21543431
0.07657392
0.17775802
0.011171435
0.17775802
0.014803548
0.1649967
0.17775802
0.16849941
0.03917464
0.0342893
0.21550955
0.08209755
0.031409863
0.03834091
0.018680315
0.19088413
0.03996881
0.7307961
0.02793142
0.052213725
0.020070055
0.005788586
0.01685908
0.31083366
0.007306738
0.017465347
0.31906992
0.05132785
0.009841405
0.0073885545
0.03776525
0.0041993465
0.04615211
0.004674829
0.017988313
0.0065079783
0.0041611455
0.62905985
0.17456202
0.006010661
0.048767403
0.011981491
0.00245514
0.022514302
0.03671999
0.021914747
0.011047161
0.015920242
0.02750468
0.005278377
0.14883076
0.96389425
0.5154881
0.25205654
0.03283187
0.013759227
0.004808012
0.024616512
0.049006574
0.09401179
0.26016286
0.53809893
0.9749102
0.0059893476
0.01714943
0.0347683
0.016071755
0.7357908
0.6209782
0.42660537
0.24629647
0.03964076
0.10545546
0.011954734
0.1137654
0.027900867
0.014063535
0.02036076
0.048767403
0.250065
0.0075340243
0.009151709
0.0072041447
0.5034434
0.25200626
0.9419106
0.0880314
0.85377437
0.029503928
0.5139107
0.6181943
0.13189785
0.20885678
0.0069102407
0.2758274
0.56383324
0.43702313
0.012780289
0.17721625
0.039834894
0.024486927
0.016325874
0.10204964
0.26016286
0.65103227
0.01999308
0.023248537
0.4359267
0.010363029
0.46309057
0.005305463
0.009154503
0.011947776
0.034378473
0.07613262
0.05420098
0.017603567
0.034940753
0.017472554
0.0099202655
0.21972145
0.04211264
0.021134786
0.013697524
0.009060235
0.119554386
0.046063256
0.020115271
0.116949156
0.0155065125
0.019378701
0.07133771
0.019336484
0.026799811
0.6686954
0.67174953
0.6722531
0.446114
0.006827374
0.12439363
0.16744542
0.006063715
0.13667826
0.013222733
0.93211675
0.022675319
0.22504963
0.43306777
0.8445793
0.038536713
0.1190687
0.2043114
0.010182206
0.18875009
0.3158742
0.008313611
0.10494609
0.14468154
0.014172966
0.005259638
0.03145958
0.0077886847
0.054544482
0.036763854
0.6452043
0.07031963
0.018642392
0.012865422
0.061673474
0.017575923
0.5557077
0.016054278
0.36715668
0.0053533805
0.07133771
0.5924881
0.051337834
0.013999656
0.004096256
0.2596224
0.37774086
0.33335322
0.025726678
0.16397615
0.3449681
0.34607816
0.0048516784
0.15267621
0.004772021
0.03258434
0.032097135
0.02255957
0.07191406
0.025913011
0.023539878
0.008605439
0.01076818
0.037101086
0.10809174
0.8262719
0.35832554
0.59728515
0.9360237
0.02988985
0.007797528
0.037021056
0.17803165
0.0053545814
0.16891263
0.0044187377
0.015654618
0.54760504
0.024802798
0.02627902
0.0021910258
0.0030106094
0.045535646
0.036809094
0.39752725
0.027907865
0.09535624
0.09535624
0.05335615
0.06265402
0.06481255
0.0305444
0.48977253
0.010614049
0.022806253
0.043752715
0.0106521705
0.33463097
0.47017777
0.6836363
0.0033066652
0.07003717
0.019734634
0.9492874
0.3045327
0.009448983
0.054622725
0.5667655
0.27092904
0.03711069
0.04642297
0.005236048
0.028867606
0.004421903
0.011405829
0.0035828894
0.14314318
0.10844949
0.4170146
0.0048626694
0.01882859
0.07544377
0.06844489
0.45797133
0.72127306
0.0016878837
0.0064034164
0.004338544
0.010395304
0.016659213
0.117387064
0.019658804
0.07437233
0.077086546
0.046202563
0.8360323
0.077086546
0.010750126
0.087776445
0.036612954
0.034061704
0.8345149
0.02753197
0.033695154
0.15361385
0.47236067
0.015895002
0.0342893
0.0055508926
0.008219179
0.010000372
0.008322973
0.0050616777
0.052332595
0.010060308
0.43828014
0.25297022
0.036721494
0.01947519
0.017831167
0.060389645
0.0054478473
0.0041915127
0.729551
0.39268574
0.6684777
0.043096647
0.022554576
0.025001265
0.026897553
0.010106455
0.11092469
0.015611022
0.042783767
0.68623555
0.03353319
0.5723879
0.8384493
0.019519951
0.014813073
0.09887048
0.026781475
0.10645377
0.0062415707
0.0622005
0.7219034
0.009961086
0.0101622185
0.7466541
0.13985552
0.017072253
0.058440108
0.0409794
0.38647646
0.039341934
0.6611428
0.046115182
0.24007721
0.20467249
0.0117927855
0.009026224
0.34404695
0.038851116
0.24013214
0.024243945
0.0021323045
0.03290056
0.19777037
0.005893508
0.015089843
0.28660518
0.061844636
0.0037456725
0.021814646
0.0046691545
0.012780678
0.18580872
0.01352708
0.18719085
0.85087585
0.008126247
0.0073477677
0.0076191137
0.010243706
0.010479696
0.027391953
0.71231914
0.5071523
0.0063464544
0.004590112
0.8816477
0.33400476
0.058433715
0.0054593594
0.82909757
0.017065685
0.03867118
0.0056928834
0.0053069005
0.031383637
0.022070406
0.17844419
0.007778617
0.03692433
0.008214273
0.17028612
0.024253555
0.029250434
0.018436594
0.9431648
0.03069512
0.031072548
0.0049866606
0.021552231
0.0028252427
0.030501138
0.011644314
0.0054832874
0.07383392
0.24149439
0.04784565
0.040350307
0.00866425
0.6325301
0.011293099
0.3908659
0.004107136
0.025069179
0.059599996
0.022982853
0.012887144
0.13321833
0.07370238
0.01383768
0.7059908
0.050685365
0.15141574
0.014397855
0.02089396
0.14044994
0.0049740113
0.15160148
0.1589628
0.02234588
0.105243966
0.04309258
0.020317698
0.04727862
0.37497
0.36672598
0.020318575
0.025181035
0.016060185
0.9615075
0.045535646
0.18922606
0.008881637
0.059707515
0.0026842873
0.32488084
0.5511167
0.14851809
0.56958324
0.19627862
0.021794396
0.013789666
0.018120807
0.24004014
0.20044403
0.039134998
0.025405494
0.098897986
0.23174101
0.018556459
0.92502594
0.05198161
0.01663511
0.010591415
0.01719662
0.054663252
0.039829597
0.032385513
0.3163611
0.6036046
0.020268707
0.0142682865
0.02256738
0.006649157
0.11222975
0.1584967
0.014927669
0.033647828
0.042368878
0.9888545
0.21367837
0.015903324
0.067668304
0.022562921
0.003377427
0.03350045
0.029980185
0.14653908
0.022776023
0.12609251
0.043894455
0.12056188
0.12662344
0.01984274
0.003960912
0.050006595
0.004544193
0.07388901
0.04058586
0.4120923
0.03986762
0.0104847485
0.0024860925
0.021629034
0.028589817
0.0075005437
0.043143075
0.30672574
0.70315933
0.24675366
0.12778711
0.2241702
0.2241702
0.13700901
0.2241702
0.0074018394
0.2241702
0.23042701
0.25360507
0.2241702
0.014587346
0.2241702
0.4103478
0.94809145
0.023999138
0.04054461
0.012854853
0.053501043
0.94040084
0.3449681
0.34607816
0.01415419
0.005554745
0.01033061
0.0036973113
0.012778527
0.012778527
0.014805459
0.02304239
0.050189413
0.016689593
0.162539
0.162539
0.162539
0.162539
0.054544482
0.0045520505
0.03912525
0.010520562
0.073926665
0.09385218
0.018248526
0.0031478046
0.065221675
0.061673474
0.10494609
0.032720033
0.21089299
0.7894211
0.032701958
0.011987549
0.0054867454
0.21530713
0.04318033
0.104199745
0.007811108
0.08557949
0.8285026
0.033230383
0.033230383
0.033230383
0.033230383
0.045114327
0.009828813
0.04765979
0.54659504
0.91634
0.67912096
0.031213801
0.020170383
0.01018593
0.009236606
0.022562921
0.10545546
0.10809174
0.0039565675
0.10023963
0.0036939736
0.42959806
0.023527952
0.004833474
0.005768091
0.22761607
0.022272356
0.026780002
0.5439259
0.8880323
0.05997632
0.016434282
0.009020504
0.034644347
0.14336924
0.53889316
0.9385282
0.0024393494
0.0142793935
0.016633464
0.08195075
0.05022243
0.981518
0.09297603
0.2613476
0.005928675
0.069243535
0.021067636
0.00506306
0.97134787
0.15780734
0.4452579
0.8882905
0.018202692
0.027688272
0.13880873
0.061298866
0.028025215
0.32088515
0.006262948
0.8430777
0.0062731723
0.23032121
0.029959023
0.120506585
0.24398525
0.108107954
0.013513086
0.004719035
0.16052787
0.14066091
0.028002763
0.0055161435
0.8365874
0.12505928
0.7824901
0.43645632
0.009739347
0.28666133
0.08535756
0.006366236
0.020354412
0.46244198
0.010069763
0.0049522007
0.79392344
0.011108281
0.5734234
0.5635781
0.059535973
0.018163351
0.0039287535
0.035356976
0.03153737
0.35030925
0.019646168
0.19131763
0.36394274
0.047775492
0.037375443
0.030497476
0.24870524
0.13529667
0.045535646
0.103223436
0.0028245212
0.0025241391
0.7811576
0.23640183
0.0018644809
0.015164455
0.10331643
0.0058273175
0.12778711
0.784816
0.4354228
0.02406022
0.037671562
0.06943526
0.023784142
0.04548166
0.007338424
0.6442888
0.73184
0.009625027
0.025735898
0.0054568765
0.00985771
0.06935424
0.34587425
0.019213922
0.87143505
0.032348648
0.023477921
0.026030913
0.013645699
0.24194603
0.01699446
0.018224515
0.0118182115
0.025642034
0.0060825762
0.023525918
0.045929864
0.054275226
0.9884708
0.0598549
0.38848323
0.01819223
0.13912296
0.012040324
0.007469093
0.7219034
0.024014186
0.9630884
0.026458137
0.080941014
0.017444598
0.79086494
0.044156358
0.040823888
0.029503928
0.005676463
0.27788502
0.050329626
0.09064849
0.007228925
0.0367838
0.025966415
0.09724627
0.71307325
0.57670176
0.12293583
0.0045002135
0.0043124347
0.63184625
0.073926665
0.22924024
0.044674158
0.025798513
0.12961951
0.1337436
0.07133771
0.0040703774
0.9241303
0.7893951
0.059929777
0.0029861664
0.24416877
0.02858221
0.013540256
0.016772838
0.027316086
0.04764454
0.034940753
0.1901649
0.014909617
0.033255197
0.2027422
0.27874544
0.94408864
0.11027948
0.70965147
0.025465403
0.015531733
0.029775802
0.03692433
0.04865276
0.006731458
0.80506575
0.9650927
0.054544482
0.019687593
0.0054396805
0.00906231
0.004001066
0.004699257
0.04259064
0.2732654
0.027017815
0.5349942
0.033843737
0.93945175
0.57761914
0.006745904
0.004436458
0.36295608
0.0043302234
0.5031619
0.38812304
0.02321623
0.0069980863
0.0072812093
0.096164696
