0.71966386
0.19195801
0.5793922
0.09851193
0.19118252
0.51889616
0.7723478
0.27642915
0.057724822
0.05614773
0.40734118
0.27965543
0.38051745
0.09370514
0.7922344
0.17788346
0.10763964
0.42928752
0.78452915
0.034071818
0.5916607
0.23150282
0.83234257
0.060275268
0.52660793
0.26826784
0.8565009
0.07261591
0.22501321
0.24444523
0.69510496
0.64080554
0.7821677
0.5740763
0.89265925
0.6738664
0.65446734
0.24514244
0.14676909
0.4565178
0.6773566
0.7924887
0.6114558
0.17652088
0.57002056
0.24426536
0.6019139
0.32728556
0.65420043
0.093420416
0.640394
0.2335795
0.6008812
0.769468
0.43735132
0.15252796
0.46789396
0.44432327
0.53982747
0.5491197
0.6661177
0.69858325
0.121536575
0.11298038
0.33116132
0.5532504
0.5137518
0.26111403
0.25251794
0.1391168
0.5142415
0.54956806
0.2333788
0.49657753
0.3795241
0.6425141
0.13926223
0.11879858
0.5342645
0.030598406
0.3008802
0.15225862
0.77160025
0.08411739
0.59125113
0.48527315
0.3947841
0.7305628
0.6847851
0.20373791
0.38083318
0.38083318
0.697712
0.4994889
0.47507337
0.39841804
0.5152554
0.2938821
0.07333847
0.107262075
0.07420058
0.30035585
0.6611308
0.72268224
0.28477108
0.2133992
0.22211283
0.22752605
0.41593853
0.46789396
0.015220133
0.028019216
0.6688601
0.068311386
0.02667612
0.6607753
0.7111832
0.07785352
0.39475337
0.68297476
0.6146932
0.07198235
0.55983865
0.36721557
0.6151305
0.6801804
0.2773402
0.25072727
0.5940609
0.5669281
0.8837145
0.21314155
0.5703218
0.65749377
0.19392611
0.30817136
0.05904116
0.17138658
0.62874967
0.21578735
0.7884506
0.7488279
0.6301189
0.29591238
0.32381743
0.8745688
0.38083318
0.737459
0.08411739
0.78823364
0.21336494
0.85206926
0.5926606
0.43943608
0.12594773
0.78454417
0.17329307
0.8770579
0.22818784
0.21657588
0.30829114
0.7907271
0.8578768
0.15517525
0.26522052
0.64940405
0.8041519
0.5374524
0.110512756
0.23958735
0.32374322
0.20343862
0.77797174
0.85044223
0.43547416
0.7922298
0.7752381
0.5535054
0.49325794
0.88433486
0.79543906
0.5725915
0.8717045
0.6131829
0.25052598
0.84462774
0.70226467
0.49813417
0.6764539
0.7111866
0.30457306
0.47522894
0.3352037
0.44745958
0.81535256
0.81373423
0.77147853
0.24364242
0.8267636
0.55026007
0.47072798
0.78003913
0.5907353
0.832868
0.68689525
0.6406013
0.21853398
0.8183474
0.67077285
0.6854106
0.82332104
0.8391176
0.12711324
0.83487195
0.80724716
0.25924855
0.55306894
0.79124045
0.32602775
0.6041794
0.31924102
0.49601087
0.6962397
0.7989752
0.73019874
0.58470166
0.21782762
0.37271485
0.8291561
0.42445835
0.12698969
0.85963535
0.63611776
0.80494386
0.35828176
0.6643456
0.65322113
0.39322704
0.16509622
0.7362107
0.55472153
0.92847425
0.218997
0.77525544
0.7393022
0.7899005
0.7264066
0.78439224
0.6314801
0.14452672
0.22769645
0.70750093
0.6254635
0.37235197
0.89859354
0.4140894
0.73451793
0.18267596
0.7004163
0.6051589
0.19224378
0.7340247
0.063253716
0.757898
0.72244495
0.46789396
0.7953339
0.51889616
0.6944695
0.34634688
0.50771224
0.6927003
0.47778788
0.46789396
0.7201451
0.80272317
0.64097095
0.6809324
0.76651204
0.686251
0.7849948
0.73389655
0.23910588
0.15295552
0.7752662
0.14066315
0.5534207
0.173498
0.6048065
0.14491075
0.53399134
0.13449635
0.87826097
0.14491075
0.5027668
0.8232908
0.2282032
0.3442434
0.46888188
0.3447818
0.20277101
0.8781811
0.84648204
0.8277876
0.20979162
0.3337581
0.32297423
0.42981344
0.20222741
0.58278596
0.14947207
0.6915135
0.79594725
0.59931517
0.72734374
0.6692284
0.6692284
0.4254432
0.6254674
0.40246958
0.27743754
0.35959336
0.13437468
0.55322737
0.31049734
0.48253232
0.2552898
0.86833197
0.30242217
0.88433486
0.4984218
0.34014696
0.15997726
0.25994542
0.515362
0.37800902
0.092745595
0.7497368
0.14491075
0.5810806
0.5888697
0.6545256
0.07838486
0.23465973
0.70577836
0.5425308
0.31711578
0.7029607
0.09349808
0.017654156
0.59078604
0.5079563
0.27104574
0.11825919
0.7711311
0.75733614
0.07544579
0.88433486
0.12591252
0.029447133
0.78454417
0.62985396
0.5508436
0.49927703
0.78349394
0.44196454
0.124133684
0.236251
0.2922444
0.46437466
0.39274848
0.887826
0.24968928
0.5107293
0.034038182
0.0944164
0.3627041
0.38193688
0.66636676
0.7740468
0.37144724
0.027118323
0.6171149
0.2159818
0.2159818
0.6389039
0.20293102
0.46789396
0.8664965
0.8072603
0.44655746
0.8968704
0.8968704
0.89898026
0.51889616
0.3081588
0.4681847
0.08937943
0.27065018
0.31337422
0.7997636
0.6175639
0.19744663
0.71534353
0.20770505
0.06072896
0.06464818
0.73276144
0.7524939
0.69004315
0.7148191
0.46789396
0.036813777
0.51417625
0.015765773
0.30179626
0.69871354
0.4855914
0.6462165
0.2477516
0.6685762
0.3777621
0.056741472
0.36692056
0.5383115
0.54328823
0.6191353
0.88108957
0.34120208
0.21413803
0.34120208
0.09876666
0.46223134
0.7715599
0.32872844
0.87349504
0.8301096
0.84788346
0.05258307
0.1367275
0.594249
0.33050773
0.3573355
0.4622093
0.47689712
0.090047486
0.43346375
0.4142845
0.76404536
0.5673329
0.5199052
0.5240731
0.6816286
0.4942553
0.9013162
0.58887285
0.63884956
0.7520424
0.14085382
0.17397976
0.5660191
0.19234951
0.07121266
0.07954153
0.25070658
0.64607143
0.17327607
0.62428075
0.29995248
0.7542686
0.46789396
0.5935291
0.8139121
0.8203668
0.81822777
0.8129972
0.81799394
0.750506
0.25510854
0.4360907
0.7747641
0.37308496
0.69589514
0.7424253
0.697829
0.67984295
0.45079052
0.31502318
0.20177412
0.8552976
0.6089509
0.69832253
0.48700207
0.35891694
0.84435725
0.30031842
0.4166353
0.4180327
0.68466866
0.78454417
0.18473183
0.8235848
0.31237602
0.5467361
0.116643645
0.12605608
0.52009875
0.4580171
0.20930046
0.40242124
0.20862125
0.4232823
0.58910114
0.07454237
0.62688166
0.09961466
0.08484528
0.3635838
0.85446244
0.4859798
0.07985572
0.8659273
0.1286844
0.059356354
0.7760135
0.51889616
0.02867893
0.07738319
0.53101766
0.05361896
0.7345658
0.7345658
0.5987332
0.62391233
0.5665784
0.2210751
0.6759616
0.1408504
0.6152541
0.10421786
0.468013
0.24299584
0.5703455
0.67937654
0.67402256
0.37249863
0.31939033
0.4814414
0.6127505
0.8438495
0.5871795
0.74515355
0.08535465
0.04447551
0.107023835
0.7551006
0.58808815
0.22917546
0.68075854
0.6743195
0.53086
0.2924609
0.22165512
0.35914207
0.20173724
0.8676344
0.23962338
0.072242364
0.033048384
0.042764597
0.01719848
0.8799283
0.09804224
0.06670831
0.041073836
0.048339177
0.73707086
0.6916118
0.64395195
0.5380572
0.70906484
0.4031785
0.61551535
0.46789396
0.75616693
0.09122361
0.7118049
0.14074239
0.0964008
0.20768943
0.8277876
0.84648204
0.45539075
0.11224937
0.21832493
0.7521872
0.60241777
0.52715385
0.18430574
0.27664527
0.6470711
0.36335742
0.87425
0.63863516
0.112715386
0.3196205
0.24147916
0.77392507
0.29902047
0.35650507
0.8602269
0.32518056
0.5814038
0.54489857
0.2838666
0.69774514
0.36280733
0.28109536
0.47697163
0.2149577
0.4646806
0.20477264
0.67786527
0.4324264
0.26082742
0.21368746
0.565356
0.44782865
0.6742213
0.1771624
0.54948306
0.34596407
0.72516197
0.46321693
0.38088366
0.559896
0.11250531
0.034372784
0.08606148
0.7713765
0.15060773
0.17030251
0.6284503
0.15866253
0.15707117
0.7406992
0.05881045
0.54063535
0.7954254
0.73991466
0.32300785
0.33884457
0.72723806
0.20246997
0.038260363
0.31320325
0.30794853
0.17879696
0.36420694
0.21582119
0.23725703
0.6491112
0.44765443
0.3909888
0.15226315
0.0942224
0.54818505
0.35058653
0.14011045
0.5598089
0.46288213
0.29347444
0.3603498
0.5344375
0.67704546
0.5237613
0.7648106
0.64484304
0.18643793
0.36015332
0.11935142
0.3759121
0.09996314
0.7324627
0.65425694
0.69392407
0.17030251
0.19473726
0.030414853
0.33225057
0.635229
0.67248356
0.5540608
0.20496227
0.21702018
0.6792893
0.10046235
0.15252796
0.2272085
0.14128512
0.84351385
0.14527087
0.854061
0.30418774
0.05425296
0.2697104
0.29911983
0.23889433
0.2328571
0.16363911
0.71164864
0.6442122
0.30688152
0.7026303
0.6990958
0.5244421
0.78454417
0.67958367
0.8701887
0.12915012
0.11227871
0.554518
0.84788346
0.8277876
0.3409464
0.73359984
0.12374082
0.5319942
0.65425694
0.72708255
0.5333877
0.2668806
0.6135917
0.0405098
0.42308187
0.497918
0.36478207
0.51889616
0.13420926
0.47281495
0.38601953
0.46789396
0.81109685
0.5423398
0.13133915
0.14937063
0.42985025
0.27826402
0.12979324
0.62261313
0.42599955
0.06956806
0.56755716
0.1108046
0.124517225
0.104731254
0.7467567
0.50230026
0.56413317
0.6008061
0.25821045
0.08708882
0.659268
0.4062326
0.17030251
0.6444689
0.17269924
0.8719875
0.2572983
0.65425694
0.119005226
0.49048814
0.20500365
0.5263756
0.8313675
0.042351905
0.6138694
0.30401886
0.16479002
0.67595196
0.047285486
0.21801414
0.5917114
0.46266997
0.5849332
0.06877288
0.14058158
0.17504618
0.62663436
0.51695615
0.12918083
0.26752898
0.14427297
0.37520626
0.12201823
0.6544132
0.609555
0.3130034
0.052751303
0.6112156
0.19521452
0.7700317
0.7176486
0.7450107
0.4025085
0.3470269
0.43802115
0.37524343
0.12159976
0.08752818
0.038260363
0.17030251
0.39422992
0.5250288
0.5968014
0.069854744
0.15328552
0.46237653
0.3133242
0.46789396
0.037231456
0.18526044
0.5704315
0.4333447
0.24774024
0.08249098
0.6602218
0.1604913
0.38063177
0.86750793
0.5708112
0.15150398
0.7286872
0.5646037
0.063242294
0.49520054
0.55499995
0.86603874
0.87877005
0.88291454
0.07864617
0.33780566
0.6328045
0.5054661
0.50343084
0.7774885
0.5125874
0.31800228
0.8153227
0.6694848
0.35594428
0.690857
0.7673585
0.4209988
0.7053533
0.39816052
0.7254738
0.68108726
0.50831246
0.37986186
0.3285116
0.59703124
0.657721
0.1497006
0.6295176
0.7987043
0.11243997
0.014832734
0.42245847
0.7662056
0.58903897
0.7713732
0.69855297
0.68992233
0.7405211
0.11788874
0.4400508
0.6202543
0.7616909
0.08581778
0.8014644
0.5637092
0.71701294
0.20039263
0.6033511
0.3745994
0.5933299
0.03159553
0.26755992
0.55215925
0.30160397
0.6352334
0.14849813
0.25429118
0.5730646
0.6948575
0.53449935
0.7117178
0.4409207
0.91452605
0.30813888
0.3282101
0.46241033
0.7158254
0.7158254
0.2661797
0.5752314
0.7916962
0.7285461
0.8520682
0.42702585
0.71699566
0.5408386
0.77437615
0.5956554
0.69824165
0.35359
0.59702575
0.6175955
0.6600399
0.7484482
0.83998185
0.6595926
0.12825902
0.39782944
0.6163394
0.6163394
0.44859606
0.5379447
0.76443934
0.84321094
0.38491917
0.3258954
0.11457726
0.7639142
0.111099295
0.53153044
0.6325449
0.43320352
0.36988765
0.8998141
0.6620576
0.6088434
0.15302663
0.38392928
0.4876357
0.6807372
0.15053685
0.1333097
0.063404255
0.6888792
0.683842
0.7265607
0.58075655
0.66353005
0.51705825
0.7089461
0.55073196
0.5924529
0.17030251
0.7038567
0.18746161
0.6494084
0.17744045
0.46189705
0.4974272
0.6009845
0.42424238
0.5738111
0.6251449
0.6002932
0.87367254
0.3289553
0.7232119
0.56095046
0.7291688
0.25618398
0.3108424
0.49048144
0.48421374
0.84040546
0.77451515
0.26214936
0.07723672
0.3683528
0.39513382
0.48184133
0.5984288
0.59348285
0.9007632
0.14173953
0.07877528
0.26232
0.7750167
0.76034313
0.20044535
0.227016
0.4163482
0.12704664
0.67137223
