0.05550438
0.07574656
0.2580905
0.10235312
0.018557012
0.7618258
0.017111007
0.86644655
0.025489014
0.0734999
0.048564576
0.020032283
0.70185554
0.016545542
0.009647204
0.061279476
0.29764047
0.03055427
0.105500855
0.9778879
0.52117443
0.15910883
0.15772456
0.028899949
0.009829409
0.02711407
0.00906872
0.676106
0.01613292
0.4324008
0.19055162
0.011695053
0.007425784
0.19004674
0.08766843
0.1388294
0.017901676
0.0196322
0.006341007
0.066967465
0.048081934
0.24274227
0.06908336
0.018662333
0.004625472
0.01687791
0.035323527
0.005895544
0.05234154
0.01182084
0.014986239
0.0053714947
0.09771696
0.09771696
0.14690538
0.022832794
0.58394223
0.26099786
0.16773695
0.0066150487
0.051760297
0.05948088
0.0051901857
0.18427417
0.00629502
0.05606279
0.027018348
0.2550945
0.010631446
0.06176991
0.13343255
0.009632952
0.13253407
0.2045027
0.07062332
0.15556884
0.10899773
0.10899773
0.0692938
0.11206457
0.8477201
0.75140667
0.085009106
0.009266447
0.023804212
0.92639095
0.047860406
0.0066954372
0.116845965
0.060934458
0.048821278
0.0044009574
0.0052202814
0.16455185
0.07626361
0.96605265
0.040891275
0.002420862
0.008291418
0.014455556
0.09817633
0.11850781
0.007277695
0.0061702607
0.14101903
0.04310004
0.019340266
0.008586789
0.7298981
0.22974731
0.018859046
0.0032467004
0.116845965
0.047333367
0.040457662
0.05313342
0.0339191
0.015912212
0.010370463
0.14754002
0.06315971
0.04273719
0.31889862
0.50088507
0.023535421
0.07653254
0.07819641
0.0029164662
0.031699456
0.088773906
0.56722766
0.9866687
0.0047049737
0.00681385
0.035245597
0.0035045967
0.021407481
0.21170421
0.8136656
0.04972979
0.0024852266
0.56411976
0.63875085
0.011236115
0.12737381
0.10953899
0.0025351285
0.004625802
0.10833326
0.17618164
0.027509764
0.0977522
0.3165234
0.58634984
0.13737355
0.015209138
0.18145673
0.025663994
0.7697144
0.61951417
0.09412556
0.10833326
0.003405134
0.003514246
0.049650326
0.05603803
0.15142317
0.018285368
0.9217968
0.34439394
0.0061972616
0.03752734
0.018071301
0.030976692
0.02104551
0.054782804
0.23795474
0.03291659
0.08781087
0.03676699
0.011697518
0.18960162
0.016311653
0.015961431
0.12872455
0.05879511
0.105915956
0.08969265
0.082467675
0.07894332
0.27433333
0.24492101
0.011689629
0.013609678
0.031699456
0.364716
0.038759362
0.37374547
0.043164358
0.080462776
0.07685648
0.012967804
0.14638256
0.11691362
0.23731315
0.23601158
0.6369397
0.0063354815
0.28961265
0.9745427
0.009047534
0.053523853
0.041086156
0.016343273
0.04268141
0.16847323
0.37044007
0.04268141
0.14027591
0.049255755
0.020912468
0.014714365
0.0125700785
0.02437481
0.0023521455
0.24474418
0.047577254
0.18338336
0.052814025
0.027123634
0.0534934
0.044294637
0.04536125
0.676106
0.051672958
0.004211089
0.04558754
0.04544165
0.044056028
0.0033370194
0.029553877
0.02728433
0.043381415
0.076675124
0.10622503
0.044572435
0.043695156
0.02259446
0.045257475
0.044297162
0.045137566
0.046179652
0.24274227
0.008246537
0.11573802
0.23131323
0.01556571
0.022346685
0.04470346
0.045250338
0.8762462
0.0442888
0.13152057
0.0069680214
0.11032194
0.04465412
0.1708988
0.04262659
0.046340518
0.04359632
0.0031070963
0.003377547
0.18045902
0.044026278
0.4890671
0.044661175
0.032621063
0.042575717
0.043739837
0.043061055
0.09603503
0.043210354
0.06006928
0.36236244
0.0058493647
0.09928243
0.04794245
0.15159032
0.9605997
0.0038135182
0.025608223
0.03932126
0.030982299
0.08872861
0.050239086
0.9330977
0.39011547
0.09368721
0.091797486
0.012275882
0.018068554
0.05413516
0.0031697026
0.036660906
0.052702826
0.039832782
0.052702826
0.104518384
0.031768557
0.6089299
0.35250258
0.01829603
0.004819714
0.2277033
0.0040259846
0.011998984
0.08139613
0.07016907
0.073293015
0.021598984
0.14222287
0.61899036
0.042522132
0.5642315
0.09291208
0.211451
0.94149095
0.46009094
0.013873374
0.1504503
0.019749513
0.004016075
0.003844081
0.02475257
0.008204859
0.09335103
0.006094323
0.21943739
0.005664951
0.0062090233
0.0064905044
0.026653051
0.0052207643
0.006728345
0.06569145
0.020785563
0.013095785
0.10483153
0.35684204
0.009076442
0.85722286
0.22254571
0.027462596
0.90168625
0.018345436
0.041556668
0.42131758
0.049729772
0.4858947
0.029960914
0.05398674
0.6259369
0.12352672
0.011701915
0.0055447975
0.9838008
0.2924817
0.88037145
0.17807928
0.037565533
0.06199708
0.113345884
0.5273934
0.0024200738
0.10956885
0.024295207
0.022163268
0.23624924
0.025199657
0.18582806
0.922987
0.047984272
0.007202664
0.0030749808
0.015047627
0.023645619
0.0035044688
0.12968878
0.0065323072
0.030444272
0.013740977
0.01271021
0.04397209
0.097219765
0.03360337
0.021960145
0.010731729
0.035824075
0.022874177
0.010912846
0.039911307
0.038612172
0.005649664
0.078494325
0.07275534
0.030260451
0.16556656
0.009772947
0.020232262
0.018220691
0.029655516
0.36901563
0.018254219
0.0106775155
0.049331255
0.016169481
0.0027534864
0.04941851
0.13265067
0.14101043
0.06012367
0.2700886
0.08975822
0.46281552
0.011891655
0.011103335
0.38020903
0.07343242
0.05264978
0.05264978
0.059669167
0.14755024
0.37174937
0.020516817
0.019447228
0.10502555
0.14531496
0.029261315
0.012195297
0.9218802
0.021858396
0.0062356973
0.00568732
0.0055583674
0.14157937
0.676106
0.069772005
0.07976144
0.08579343
0.036716424
0.09174201
0.03116648
0.010823997
0.9645563
0.022580298
0.11135181
0.015957443
0.031986225
0.20392126
0.059323408
0.008349506
0.10272489
0.0050133485
0.056793015
0.06432999
0.24274227
0.07619879
0.016478732
0.017903365
0.15434064
0.0063337893
0.021301314
0.15847403
0.037190653
0.006831155
0.9743664
0.006287825
0.0062681274
0.25432268
0.05982396
0.025542125
0.0036488075
0.018002994
0.05540533
0.008243621
0.026451245
0.3464165
0.07660893
0.032434445
0.068958476
0.029960914
0.02358678
0.04735321
0.00814617
0.10011455
0.030178417
0.08309531
0.04383233
0.08309531
0.06717596
0.082500935
0.031033564
0.021894457
0.05152141
0.006463007
0.0044625946
0.3667474
0.17161916
0.025929932
0.041952714
0.24868982
0.07059954
0.0060684686
0.22683275
0.024789328
0.08647424
0.04384648
0.014308575
0.043782808
0.04742158
0.35708266
0.013923688
0.5741289
0.04398444
0.01006407
0.033314962
0.87397677
0.020639759
0.5438192
0.099717885
0.004433141
0.05916542
0.0052233892
0.014067997
0.22459552
0.0134742735
0.004270594
0.94329643
0.05369607
0.47901356
0.4712675
0.95888203
0.06718356
0.028477313
0.026873697
0.49442083
0.020659564
0.029814156
0.2653617
0.65111405
0.072776794
0.08628343
0.349891
0.3909416
0.4670184
0.9533464
0.07245397
0.07872922
0.06991976
0.63098925
0.012242313
0.91734546
0.020075215
0.9383638
0.7746127
0.8251486
0.9218679
0.013356818
0.9474202
0.0051514315
0.021518983
0.049729772
0.023316354
0.20266557
0.5190091
0.91915256
0.9459724
0.0631078
0.5433191
0.018089937
0.036663413
0.10830073
0.005252122
0.28197405
0.82543844
0.027444366
0.8679268
0.008907206
0.012579029
0.5258494
0.09844387
0.10061675
0.4386135
0.52159464
0.42872712
0.6441565
0.00703684
0.07526402
0.05344997
0.023590174
0.026635109
0.34341627
0.004721251
0.9389589
0.045565736
0.051621117
0.5003215
0.0033688284
0.31335557
0.106620215
0.12416637
0.21950704
0.67585206
0.89043015
0.45841295
0.020239383
0.07264054
0.017495262
0.1646997
0.002107473
0.044934362
0.007507124
0.0074028303
0.0038574918
0.06730275
0.011369493
0.029963577
0.13868155
0.0073203375
0.19074188
0.15279536
0.03999634
0.27161482
0.08883199
0.0031739757
0.023590654
0.09247079
0.089241005
0.06305188
0.018090738
0.028946498
0.030502832
0.013434712
0.052118488
0.05183326
0.020281823
0.022832118
0.045050703
0.017592594
0.8718062
0.0049266866
0.0046954337
0.011948433
0.010975458
0.019047007
0.004148056
0.016677579
0.08345372
0.046783328
0.05777314
0.92453974
0.40927958
0.2911653
0.051496543
0.044403892
0.017355481
0.003833473
0.023919275
0.119389325
0.0059437077
0.15476422
0.00468314
0.070549145
0.09730465
0.05185477
0.028566338
0.632206
0.046681195
0.04571508
0.044428688
0.31373757
0.017918833
0.018503139
0.020696016
0.07919118
0.013960743
0.033290047
0.018925944
0.06160124
0.01173241
0.13756032
0.062811404
0.007979561
0.011431269
0.04003777
0.06832661
0.0025037082
0.7995644
0.019159302
0.1472408
0.039767697
0.029387698
0.02296951
0.006060646
0.01810252
0.00408519
0.021352667
0.05930283
0.009020296
0.676106
0.00612914
0.0073774
0.0045385095
0.0030607197
0.02485259
0.007263727
0.015594204
0.03570809
0.10625876
0.023500336
0.014167238
0.013911194
0.024374366
0.061941933
0.0043477626
0.1204365
0.029571746
0.008357438
0.19864461
0.24274227
0.1415696
0.13886456
0.021451075
0.014695377
0.00602281
0.024268745
0.016410694
0.08319675
0.26950493
0.020324705
0.0648862
0.038261104
0.004526897
0.013492446
0.02012676
0.020349916
0.4934019
0.04013092
0.021101715
0.021036366
0.08632815
0.011294578
0.043288607
0.01405436
0.03072848
0.0056391787
0.02695646
0.045257714
0.015200258
0.0046484494
0.05208083
0.03086515
0.07065023
0.005299533
0.108744636
0.021074299
0.02717971
0.019249227
0.06811414
0.019348284
0.004912188
0.041217234
0.35631815
0.027507462
0.030118333
0.031890802
0.001987403
0.0058511696
0.0030629153
0.0632299
0.0063221687
0.009945039
0.049563937
0.6131143
0.0045581353
0.22379753
0.5514163
0.09809749
0.009183048
0.006600825
0.023093691
0.029910626
0.053686146
0.013178281
0.115365535
0.030651163
0.005409335
0.065291345
0.03918529
0.02361457
0.60690093
0.037560426
0.1302055
0.020198597
0.87899584
0.100126036
0.95949143
0.057017542
0.0034444772
0.04013092
0.018676186
0.011720454
0.03457738
0.011585901
0.10015472
0.023777843
0.032633644
0.0240188
0.008024169
0.008026952
0.0069291494
0.316965
0.0033863648
0.11371653
0.0067815618
0.16526322
0.035659708
0.026025426
0.043433458
0.051068097
0.006927591
0.059688818
0.1258633
0.47358087
0.47358087
0.0040468536
0.41113988
0.017739493
0.007152458
0.004920002
0.0021458468
0.6082892
0.03214476
0.010836289
0.016999245
0.09143435
0.06622354
0.024291586
0.011358993
0.3749257
0.5038289
0.023946214
