0.014545586
0.011467857
0.021249264
0.03426517
0.06456473
0.06188013
0.009792096
0.24220489
0.069530435
0.0027749315
0.03754822
0.004666157
0.056027055
0.053397767
0.013462102
0.13920921
0.0031289961
0.011467857
0.0059712958
0.19298229
0.040759772
0.0034106872
0.06456473
0.0049538314
0.02526329
0.03129341
0.06188013
0.040914565
0.88903385
0.028704304
0.38530836
0.018152617
0.021664675
0.056027055
0.027126262
0.09670398
0.0038477464
0.0039039594
0.011467857
0.05244596
0.9044888
0.19532159
0.89327794
0.06456473
0.083053544
0.06188013
0.9352283
0.02420441
0.017673843
0.058004215
0.015212463
0.027586618
0.18540029
0.032419622
0.056027055
0.026445799
0.009675674
0.047032043
0.097045824
0.27435195
0.011467857
0.004847251
0.92297727
0.06456473
0.02887585
0.38530836
0.06188013
0.034188665
0.0077115814
0.01820345
0.0023429696
0.4032622
0.028593358
0.056027055
0.0074462644
0.08387201
0.09756444
0.011467857
0.02919971
0.00940249
0.0074808802
0.06456473
0.79159015
0.016878357
0.06188013
0.066388845
0.21640933
0.0047927764
0.94517875
0.06516018
0.0076750224
0.056027055
0.029941421
0.014971132
0.029234795
0.024768947
0.01800434
0.024768947
0.011467857
0.38530836
0.7559236
0.035686795
0.1474656
0.010116119
0.06456473
0.2018412
0.06188013
0.08039652
0.023175249
0.31039146
0.038631693
0.05853499
0.056027055
0.04281084
0.3168841
0.08947437
0.011467857
0.002750739
0.36653322
0.012753132
0.06456473
0.07300836
0.06188013
0.5731477
0.00272923
0.015061959
0.02157662
0.0055369837
0.056027055
0.0074808802
0.38530836
0.017555613
0.011467857
0.017215967
0.052642148
0.075381756
0.06456473
0.06188013
0.8579408
0.0075017754
0.0036481796
0.056027055
0.13986905
0.0105188675
0.0073180227
0.011467857
0.04857947
0.09088752
0.04197859
0.06456473
0.79308593
0.06188013
0.037779756
0.036216695
0.38530836
0.023772722
0.05700126
0.056027055
0.77104306
0.05478026
0.0051612533
0.021116218
0.054069784
0.0071374145
0.036873143
0.011467857
0.02968564
0.010597417
0.06456473
0.00759028
0.067102864
0.010157715
0.06188013
0.16883382
0.007951682
0.687345
0.0072574867
0.0050904118
0.26716304
0.015571049
0.009907986
0.021083048
0.056027055
0.003972283
0.122144304
0.0062328647
0.34530136
0.0140531175
0.02890193
0.01839818
0.9572182
0.011467857
0.0073231743
0.0063838945
0.6278913
0.06456473
0.38530836
0.043243818
0.011962195
0.031938434
0.06188013
0.85764766
0.004178109
0.0062328647
0.062181048
0.21470459
0.26716304
0.056027055
0.038100302
0.011467857
0.014141717
0.021363596
0.011071235
0.03934869
0.06456473
0.035509203
0.041823093
0.06188013
0.013750907
0.042661954
0.052942786
0.016096406
0.17393759
0.40575197
0.023981389
0.059156027
0.016840734
0.015334908
0.01815959
0.7066202
0.016523458
0.009258994
0.056027055
0.0026981868
0.0037764776
0.0024278513
0.03679757
0.004633203
0.38530836
0.0062328647
0.011467857
0.03271731
0.12679672
0.096877016
0.0067047537
0.031085242
0.30674344
0.026580412
0.26716304
0.04744306
0.056027055
0.022148747
0.058501076
0.011467857
0.011338076
0.020682426
0.008297987
0.18618861
0.0246498
0.065599926
0.011245596
0.005309434
0.01992134
0.8226793
0.03502989
0.017257739
0.88645303
0.027760424
0.5678438
0.1284805
0.0063464423
0.0060076686
0.032107
0.26716304
0.012572594
0.07171564
0.0038933426
0.032532193
0.041743487
0.013557093
0.040781315
0.38530836
0.056027055
0.43680352
0.029053718
0.15846927
0.052028567
0.04331227
0.37628847
0.011467857
0.0029759258
0.004544339
0.03602089
0.06456473
0.006146088
0.20363201
0.019063924
0.06188013
0.068097495
0.028335199
0.015304394
0.10765805
0.069695026
0.004452406
0.04489655
0.25099745
0.12207696
0.52312845
0.45981276
0.33916983
0.056027055
0.009017172
0.17741777
0.007914738
0.02118791
0.0038976641
0.011467857
0.057085354
0.46064976
0.041614275
0.035662163
0.017284194
0.017199308
0.38530836
0.043411504
0.007707845
0.0059250365
0.015961297
0.030361082
0.047483936
0.085186206
0.0025920891
0.056027055
0.56337273
0.029570725
0.011251779
0.0017616387
0.011467857
0.0062474455
0.0051859207
0.73582387
0.10583479
0.016834624
0.021379014
0.002224383
0.02462887
0.0033563843
0.017860362
0.17134663
0.15885498
0.00491663
0.056027055
0.17134663
0.15885498
0.166526
0.17385802
0.7505942
0.022055693
0.22814333
0.13646631
0.05117204
0.0034819082
0.015296328
0.011467857
0.38530836
0.003515868
0.4312984
0.022890147
0.0048294044
0.005266418
0.015961297
0.16670375
0.06456473
0.020772194
0.06188013
0.023551248
0.052827228
0.003364209
0.03331598
0.034024708
0.1066817
0.025128817
0.0322159
0.030986926
0.0062087183
0.007114615
0.0066349786
0.056027055
0.37260172
0.12731346
0.018049555
0.05118716
0.017258914
0.018920792
0.01702182
0.038210858
0.011467857
0.04782729
0.06456473
0.038486585
0.47021183
0.036968507
0.006953207
0.9509121
0.046431407
0.06188013
0.0039617796
0.03608929
0.06624525
0.04554401
0.2064582
0.053412415
0.021068232
0.26716304
0.00823691
0.040376496
0.30782536
0.0051095127
0.0033734122
0.056027055
0.026786052
0.027153967
0.004111039
0.1232165
0.38530836
0.85768545
0.011467857
0.2008059
0.0029740105
0.598718
0.06456473
0.6597932
0.7097618
0.07286592
0.041677017
0.06188013
0.03561912
0.0064496533
0.008193048
0.056027055
0.0030957893
0.016618377
0.091498196
0.0055777784
0.025220841
0.00825396
0.107345305
0.011467857
0.76019734
0.002009804
0.50867635
0.8421639
0.219153
0.5799534
0.06456473
0.028460838
0.06188013
0.14155954
0.01036142
0.006717192
0.26716304
0.38530836
0.0123184975
0.004862711
0.023620676
0.023620676
0.18934028
0.056027055
0.056027055
0.009351937
0.056027055
0.018314237
0.9748779
0.29543182
0.05974448
0.009011381
0.008525383
0.011467857
0.0039774715
0.24437827
0.037002545
0.2223225
0.06456473
0.025269594
0.023249025
0.06188013
0.15605326
0.008169768
0.014205387
0.017991584
0.0033555874
0.26716304
0.02096285
0.006467683
0.003689665
0.08865957
0.056027055
0.011794772
0.056027055
0.056027055
0.010179058
0.0047419625
0.0051261354
0.11637783
0.011467857
0.0038017004
0.04824025
0.06456473
0.007011679
0.38530836
0.039230935
0.0049604294
0.06188013
0.02249618
0.018733755
0.09163368
0.008297267
0.03336556
0.26716304
0.07960198
0.10886072
0.034475915
0.056027055
0.012565336
0.020214064
0.056027055
0.193512
0.056027055
0.0040756743
0.040975638
0.18250655
0.01838249
0.006026987
0.0057757734
0.006128334
0.011467857
0.044866193
0.0030312447
0.06456473
0.37556237
0.0063044433
0.06188013
0.011153672
0.033179644
0.02659231
0.013477937
0.92068005
0.26716304
0.018793393
0.122541256
0.13629529
0.018399091
0.02490598
0.10756817
0.025418406
0.010760775
0.056027055
0.056027055
0.056027055
0.012586396
0.006781059
0.1495991
0.008550953
0.0050230846
0.011170118
0.03852346
0.084174044
0.38530836
0.011467857
0.042986277
0.08657922
0.085777126
0.013292123
0.011287013
0.0034986362
0.06456473
0.06188013
0.002854903
0.2772468
0.26716304
0.0326927
0.029527646
0.006078015
0.01404664
0.056027055
0.056027055
0.056027055
0.02611814
0.005004507
0.005734016
0.0284553
0.009001475
0.011467857
0.014205387
0.021779563
0.005848232
0.06456473
0.011024657
0.038526215
0.4416233
0.7246328
0.04659666
0.04031685
0.06188013
0.026981622
0.015676098
0.018566154
0.007986907
0.007986907
0.014703697
0.34463108
0.60627466
0.26716304
0.020476514
0.014181135
0.0023660127
0.02183057
0.018274961
0.019658169
0.02452336
0.0056569595
0.056027055
0.10187777
0.056027055
0.056027055
0.38530836
0.007975097
0.01278244
0.041714896
0.011467857
0.009998894
0.39063936
0.045100696
0.06456473
0.009899087
0.0070782867
0.8502904
0.04116782
0.06188013
0.23129477
0.024258627
0.010343078
0.019664487
0.00573667
0.003089684
0.26716304
0.04271081
0.16115774
0.1361865
0.17327498
0.056027055
0.056027055
0.056027055
0.035468947
0.04508998
0.1361865
0.075041644
0.6122977
0.0067250724
0.0022634577
