0.15283115
0.5038348
0.1549609
0.054791886
0.720178
0.62422884
0.12847824
0.7336814
0.70574933
0.5571759
0.17936313
0.049721766
0.7478926
0.11561917
0.8482249
0.37123317
0.021273954
0.73561096
0.13878572
0.10303681
0.2488494
0.06114217
0.19348668
0.01921671
0.38374457
0.62918633
0.5414083
0.03661874
0.78465974
0.008587321
0.76366067
0.2173468
0.7493643
0.2867405
0.26481378
0.63134134
0.28388637
0.6132238
0.1431437
0.88215894
0.85782725
0.09152972
0.004710932
0.40006575
0.23784004
0.27567485
0.6340157
0.31462416
0.23744787
0.041054767
0.17258772
0.2064491
0.08929105
0.077924214
0.038979564
0.15673722
0.110189974
0.5673175
0.48960572
0.6920155
0.38629475
0.7066418
0.6621814
0.5020158
0.0144473305
0.13738893
0.009690932
0.12768562
0.0928606
0.46933207
0.76176846
0.5807358
0.40154597
0.007440435
0.43191087
0.83494216
0.5739336
0.62569016
0.63620955
0.11715345
0.08189174
0.49401808
0.004899787
0.9397317
0.017407088
0.59025973
0.67154366
0.06146339
0.10798269
0.13500781
0.11695384
0.113739364
0.009359281
0.8025727
0.0028680495
0.04901865
0.13857342
0.044396047
0.35163254
0.20186006
0.090821855
0.80147535
0.0053073983
0.09616165
0.32783198
0.21443196
0.042415533
0.3005114
0.8737356
0.25401518
0.048178304
0.3908495
0.2834958
0.0024485367
0.030928493
0.10220856
0.16272965
0.03937796
0.58597594
0.08474436
0.8398884
0.13222194
0.528455
0.123877764
0.30975997
0.02788264
0.671735
0.008087182
0.042051747
0.0053667487
0.008632163
0.59319973
0.43424237
0.14327417
0.021483816
0.025362337
0.02133746
0.7282301
0.007724533
0.361046
0.063885696
0.041093107
0.01755165
0.5258677
0.1425298
0.03667674
0.692582
0.46248046
0.008376767
0.3848561
0.608738
0.24258389
0.013442547
0.047225993
0.5851145
0.60334426
0.22092077
0.06944317
0.1527651
0.054384355
0.40223944
0.49588138
0.80802286
0.6732404
0.145025
0.2503747
0.23396663
0.03955894
0.46994987
0.4751956
0.45447403
0.006100183
0.89938223
0.5426504
0.106536016
0.3142085
0.09570302
0.090658486
0.41368428
0.06843405
0.52062887
0.26329842
0.88565606
0.8117671
0.026787573
0.1452501
0.7612444
0.51867104
0.861114
0.4585105
0.047326133
0.014065149
0.045371007
0.4221089
0.5950819
0.6833148
0.079095565
0.75747854
0.6154239
0.05147474
0.018579084
0.84534186
0.0025619296
0.020395618
0.027972905
0.0101350555
0.4329357
0.106672116
0.004564371
0.0070039295
0.4501263
0.019131804
0.012059325
0.65287054
0.02024884
0.805628
0.74434423
0.016260829
0.09297493
0.3263142
0.8099979
0.39927998
0.050630912
0.040404156
0.04380211
0.038698416
0.03300186
0.6897013
0.043649234
0.5726146
0.04566778
0.04208268
0.689612
0.043609895
0.041798156
0.052860007
0.04118125
0.047181834
0.048650652
0.049921785
0.05867702
0.008909181
0.042416386
0.05997514
0.910161
0.06388334
0.3678151
0.5549103
0.043742552
0.051874027
0.05120622
0.041536268
0.06300276
0.04637807
0.031576943
0.046934478
0.41086435
0.05378118
0.04913477
0.03899802
0.043549262
0.056098156
0.050344665
0.04848126
0.05253165
0.054775823
0.044665836
0.04451774
0.04143465
0.045028854
0.047437683
0.052043006
0.05220256
0.054387037
0.050621595
0.002957018
0.70302063
0.3395449
0.51185673
0.9353889
0.07331618
0.7824447
0.24337012
0.72655
0.5716511
0.15771385
0.027675347
0.58826745
0.8668219
0.7239069
0.08542915
0.07347875
0.042219114
0.06393219
0.05462715
0.047973286
0.05292672
0.047555454
0.037872024
0.046708383
0.053906832
0.04705435
0.040804867
0.26459116
0.036917195
0.041745376
0.043386396
0.04378968
0.13157974
0.048890498
0.039871246
0.033748277
0.044843156
0.043463703
0.07619826
0.043663613
0.05090128
0.012804095
0.041001458
0.055743992
0.07702089
0.3736075
0.045691267
0.120100915
0.055786345
0.055361677
0.053599913
0.052165255
0.046314135
0.052679397
0.057022378
0.060933627
0.0013368864
0.29520372
0.021233302
0.041114923
0.07514826
0.1613745
0.048087582
0.07245336
0.9146424
0.0600909
0.30578607
0.34933957
0.18896013
0.09903226
0.48436102
0.48479784
0.6019673
0.8837441
0.7594155
0.78383464
0.011009499
0.87759346
0.10124517
0.122079805
0.14082566
0.77883536
0.89013666
0.105980955
0.2079568
0.04853364
0.068552725
0.068798944
0.015995117
0.9114139
0.019553056
0.06363375
0.01146221
0.48993462
0.043574914
0.075627305
0.82456654
0.11155983
0.04656455
0.0035552457
0.014478863
0.23523971
0.86751086
0.90146476
0.08292197
0.9235825
0.094191745
0.51270276
0.04080006
0.05251419
0.6226642
0.23139337
0.3495278
0.16106397
0.016520878
0.07209234
0.037714895
0.9113447
0.017258301
0.27767104
0.056966778
0.17546174
0.17599213
0.00822667
0.4323192
0.4168761
0.9093943
0.02150637
0.6744892
0.3095077
0.44683704
0.026067365
0.767698
0.2222118
0.37191102
0.05908311
0.8707707
0.32235095
0.41740853
0.017790535
0.51271796
0.91304505
0.5086424
0.07923404
0.2899185
0.14373219
0.18399872
0.24586712
0.009044222
0.37817165
0.08007506
0.034372106
0.39367712
0.2886474
0.02062818
0.12585574
0.13775076
0.42366624
0.09610406
0.89006364
0.88271415
0.0222618
0.8210324
0.14572906
0.16814262
0.13409017
0.18684745
0.73652285
0.18931691
0.85141987
0.864864
0.58134687
0.4737869
0.07615085
0.30676353
0.17222296
0.1079797
0.5224803
0.15007469
0.06733862
0.5833344
0.016499113
0.74587256
0.39367712
0.14572906
0.09162902
0.075505584
0.07746157
0.0076217493
0.060677942
0.088197134
0.5567772
0.6596282
0.13642183
0.16814262
0.37932727
0.17222296
0.1079797
0.3850833
0.15007469
0.031768933
0.06733862
0.5833344
0.5717271
0.016499113
0.461172
0.17976378
0.020848185
0.45187995
0.3311805
0.01123973
0.17222296
0.33137083
0.08132919
0.8731477
0.1079797
0.3850833
0.5224803
0.15007469
0.06733862
0.5833344
0.5717271
0.016499113
0.461172
0.1079797
0.18797113
0.02008396
0.038722232
0.3850833
0.83622104
0.04108022
0.15007469
0.031768933
0.011923156
0.5135812
0.06733862
0.5833344
0.5717271
0.048238553
0.021962484
0.016499113
0.461172
0.12622043
0.19839399
0.91044265
0.05820569
0.6801179
0.14453456
0.070217974
0.041883796
0.103261255
0.11396335
0.4268995
0.58827865
0.057364352
0.23383816
0.010720331
0.80129534
0.90531236
0.056364287
0.06741433
0.14695583
0.062362608
0.01372974
0.0044759675
0.0766082
0.26669556
0.1797002
0.15944959
0.12818627
0.075865656
0.43358582
0.44495186
0.022478929
0.022478929
0.032497786
0.8269993
0.016526902
0.27846295
0.24990565
0.15052322
0.722963
0.123942494
0.2137541
0.003430568
0.7583222
0.11284331
0.008496697
0.82193226
0.89067173
0.39454576
0.59704113
0.07321424
0.01146221
0.64679754
0.016574325
0.44495186
0.07923404
0.008760769
0.11345775
0.04702527
0.013058384
0.24985811
0.4392375
0.07923404
0.14440413
0.5751005
0.64828223
0.86680895
0.14181608
0.80973536
0.030343024
0.16569631
0.7487267
0.070356816
0.105462864
0.38976425
0.035672504
0.061114967
0.17969313
0.07923404
0.07577706
0.6758168
0.85452
0.006145745
0.049189515
0.83913386
0.6207378
0.0227223
0.06465285
0.015099495
0.9181412
0.23997533
0.19543941
0.088809334
0.16042645
0.6156553
0.0033073833
0.25293425
0.28906658
0.12077008
0.24309883
0.03721983
0.014642108
0.00504951
0.015331506
0.037165362
0.15283115
0.1549609
0.05537026
0.8292566
0.09617035
0.62422884
0.054791886
0.720178
0.12847824
0.5571759
0.70574933
0.79234135
0.07714344
0.28479266
0.049721766
0.17936313
0.11561917
0.37123317
0.021273954
0.022805441
0.0072590155
0.08660323
0.010260993
0.2488494
0.06114217
0.19348668
0.70663047
0.008573476
0.09548974
0.00079963077
0.03661874
0.78465974
0.008587321
0.5043089
0.2173468
0.76366067
0.2780343
0.19085597
0.63134134
0.28388637
0.3137881
0.14528109
0.08666807
0.005839186
0.94831383
0.2613125
0.09152972
0.86540335
0.40006575
0.023894655
0.27567485
0.23784004
0.55024
0.12679653
0.31462416
0.23744787
0.2064491
0.041054767
0.17258772
0.82983214
0.038979564
0.077924214
0.5430606
0.110189974
0.15673722
0.27492994
0.5673175
0.022549884
0.8856089
0.48641425
0.7066418
0.38629475
0.6920155
0.001182763
0.9499238
0.0035400018
0.13738893
0.056305077
0.41357502
0.1608768
0.009690932
0.010458521
0.21506505
0.96452886
0.9456886
0.0928606
0.46933207
0.12768562
0.0011424979
0.00842029
0.017916495
0.43191087
0.5633029
0.008191268
0.5739336
0.6254365
0.08189174
0.49401808
0.017407088
0.75120735
0.113739364
0.009359281
0.08841055
0.9215843
0.5184479
0.76111126
0.35163254
0.20186006
0.044396047
0.0053073983
0.32783198
0.17867681
0.0036215049
0.25401518
0.048178304
0.8371794
0.7560116
0.030928493
0.10220856
0.10852004
0.16272965
0.03937796
0.8605841
0.86888033
0.0012529461
0.062172357
0.4241946
0.8398884
0.08474436
0.78655565
0.4648916
0.008087182
0.30975997
0.02788264
0.671735
0.77545696
0.74760365
0.7130108
0.08154251
0.042051747
0.008632163
0.75485504
0.8562208
0.0015032954
0.021483816
0.025362337
0.14327417
0.009127192
0.361046
0.063885696
0.041093107
0.007724533
0.01755165
0.0037883038
0.5375914
0.1425298
0.03667674
0.88325346
0.105575085
0.46248046
0.008376767
0.8897225
0.90136003
0.013442547
0.047225993
0.14767453
0.37190065
0.39741746
0.41763455
0.49181482
0.054384355
0.009020869
0.6072207
0.7841428
0.145025
0.8251383
0.38646433
0.83532476
0.46994987
0.03955894
0.23396663
0.06741433
0.090658486
0.3142085
0.5426504
0.09570302
0.106536016
0.03528025
0.04604569
0.57525456
0.051628098
0.046082985
0.04203573
0.050911345
0.050359953
0.050362345
0.043987207
0.046840128
0.52062887
0.26329842
0.045353577
0.03582237
0.04754926
0.042350587
0.04515901
0.051074702
0.49571925
0.05792812
0.051509053
0.05097618
0.041639335
0.041905608
0.04934628
0.04544462
0.041714713
0.1452501
0.057153825
0.04433586
0.04420734
0.04830284
0.045875505
0.052660026
0.04338322
0.052655224
0.07094874
0.04531156
0.06474121
0.016822759
0.05741877
0.05836681
0.046394277
0.04241122
0.041764617
0.048046507
0.052600138
0.2518355
0.038831137
0.051029347
0.046731874
0.4585105
0.03763433
0.09716425
0.049225535
0.035508666
0.039445885
0.8620381
0.05497404
0.043109845
0.04557436
0.04831904
0.45576257
0.07674005
0.053561594
0.04557524
0.05692195
0.06970925
0.040633075
0.045371007
0.0036225545
0.042510957
0.82506216
0.35131082
0.05147474
0.018579084
0.6154239
0.03569919
0.011356599
0.0101350555
0.4329357
0.4770142
0.6028017
0.7921589
0.050309937
0.7885261
0.03464008
0.0070039295
0.041026734
0.052035537
0.04383758
0.048588403
0.042020705
0.46678048
0.04386021
0.46678048
0.045416083
0.05182152
0.059940223
0.04488119
0.045837477
0.0418069
0.5401602
0.049513284
0.043210693
0.05447145
0.038883973
0.04007886
0.059675205
0.012059325
0.038169537
0.02024884
0.046741012
0.049121294
0.21960066
0.06562972
0.04222457
0.06119837
0.04290261
0.052089408
0.043587487
0.046588972
0.07169436
0.12305794
0.04775022
0.051750585
0.048062857
0.044108648
0.0356244
0.10184397
0.046635266
0.04240482
0.05144488
0.07456161
0.04913874
0.90352434
0.689612
0.6897013
0.024763158
0.0037868135
0.031576943
0.41086435
0.05378118
0.70302063
0.07331618
0.010450951
0.800506
0.5716511
0.09545827
0.82320136
0.15771385
0.106072396
0.03256505
0.9184987
0.5465469
0.08542915
0.9615847
0.8514405
0.61155623
0.40212598
0.26459116
0.7957147
0.016375478
0.37885046
0.62465054
0.120100915
0.022715285
0.37133035
0.8450954
0.021233302
0.5984706
0.7356222
0.65889984
0.15211725
0.0090556955
0.6019673
0.92029214
0.46678048
0.48479784
0.84509003
0.009888646
0.4693177
0.596217
0.6307952
0.04853364
0.2079568
0.43226027
0.068552725
0.03225331
