0.014729067
0.70662713
0.22383533
0.22219859
0.17839956
0.0026783808
0.009702606
0.8266285
0.12033685
0.1384881
0.1384881
0.5718336
0.6700483
0.9619027
0.035508323
0.14359984
0.5723407
0.011128822
0.8791249
0.24668488
0.016299184
0.11528828
0.016299184
0.11528828
0.016299184
0.016299184
0.11528828
0.016299184
0.11528828
0.11528828
0.028025795
0.016299184
0.11528828
0.016299184
0.11528828
0.11528828
0.016299184
0.016299184
0.11528828
0.016299184
0.11528828
0.016299184
0.11528828
0.016299184
0.11528828
0.11528828
0.016299184
0.016299184
0.8844019
0.11528828
0.016299184
0.04152449
0.7812683
0.3886932
0.0069984207
0.007987536
0.42470887
0.008569943
0.60919964
0.22721756
0.4043713
0.5070992
0.6595078
0.03602722
0.7795838
0.13289657
0.19486487
0.23254646
0.08529658
0.19410664
0.034893278
0.7909436
0.010073226
0.8215982
0.80328894
0.15096949
0.26478556
0.5160932
0.379369
0.96557397
0.026011715
0.9394372
0.39794385
0.15256907
0.45957735
0.6277557
0.7242907
0.49263296
0.08356216
0.7994013
0.15506656
0.163264
0.96772903
0.88573563
0.62678725
0.8767471
0.9252364
0.26926145
0.45387408
0.6182415
0.114068456
0.6182415
0.8437238
0.95552975
0.65226746
0.45451728
0.3072673
0.918122
0.38726512
0.08833551
0.96090806
0.040502302
0.03733355
0.037141133
0.03786958
0.038984567
0.061120454
0.11316422
0.010360862
0.72092146
0.11848236
0.9433421
0.07901775
0.80828494
0.04616015
0.9501804
0.1470796
0.15049091
0.39519057
0.082855955
0.07722269
0.92659706
0.39279157
0.08000012
0.001216482
0.2922958
0.030863786
0.008257144
0.029737378
0.5800931
0.007492117
0.021224286
0.054277375
0.21564665
0.91776663
0.85003614
0.05386432
0.009834219
0.07174267
0.027015967
0.006643237
0.22397183
0.57191056
0.028268024
0.030357322
0.80787724
0.027519407
0.8026449
0.57191056
0.5786356
0.072178334
0.06409065
0.060964767
0.06409065
0.26108077
0.030357322
0.18620597
0.15689382
0.24067022
0.109331004
0.059234988
0.51618445
0.51618445
0.26108077
0.51618445
0.26108077
0.26108077
0.62544554
0.12875706
0.726829
0.017423268
0.1414344
0.0467266
0.7483031
0.18656862
0.961699
0.22829127
0.60217005
0.03819393
0.1631356
0.79929215
0.6172863
0.47956073
0.032663245
0.19913858
0.48979968
0.10776525
0.08055238
0.69948894
0.48657095
0.8166599
0.19791476
0.1980396
0.12279499
0.14862342
0.14860328
0.007662893
0.7352053
0.5069795
0.03497735
0.05113283
0.0043167137
0.1884497
0.11850039
0.3754859
0.12429192
0.11181493
0.61402833
0.3754859
0.722726
0.3754859
0.3963672
0.10404417
0.1518485
0.47694302
0.0627892
0.9370636
0.21021695
0.16028276
0.37662885
0.34089735
0.56870335
0.48977897
0.038394846
0.16532491
0.504686
0.7533578
0.1460138
0.28565907
0.5180591
0.57520616
0.8111146
0.3567914
0.18314299
0.5077392
0.03977431
0.022413023
0.45593578
0.8366179
0.2102549
0.81293845
0.11171605
0.011754594
0.94491386
0.42579556
0.05121272
0.18199871
0.07542294
0.13481525
0.005031164
0.4454655
0.062402904
0.025526145
0.45347023
0.4272292
0.15269111
0.028539587
0.05352514
0.3511828
0.8109145
0.6715344
0.13035597
0.44681796
0.74883986
0.90355
0.18983567
0.12737523
0.2677474
0.8972923
0.8973295
0.05020004
0.13277897
0.7127499
0.12652709
0.101578526
0.067314714
0.014133519
0.34314463
0.9776339
0.83543515
0.7737008
0.028812451
0.23728004
0.045809135
0.065189235
0.013995617
0.008569943
0.62407684
0.19516753
0.42958784
0.012067507
0.5817502
0.05049072
0.43088412
0.33568403
0.92667526
0.9081844
0.4139216
0.8881904
0.012401069
0.011793515
0.37499467
0.3669554
0.89845544
0.006162912
0.73448336
0.14270745
0.19569287
0.46671274
0.55137855
0.12046133
0.71269655
0.023195365
0.018666953
0.6180312
0.3063226
0.093311414
0.40494132
0.5594147
0.42977694
0.081190184
0.12292218
0.14657946
0.2711516
0.7252748
0.5125221
0.03993033
0.48548415
0.36898968
0.063075535
0.9119437
0.41364577
0.27298316
0.25563616
0.4191994
0.07664726
0.12558615
0.6201638
0.046678785
0.40442705
0.15071498
0.9434156
0.14082138
0.05486722
0.94367445
0.6070455
0.0015172163
0.1283565
0.08028656
0.04961227
0.59272367
0.1671339
0.8324822
0.57394403
0.0032291918
0.22053999
0.4191994
0.23558076
0.21653967
0.3146801
0.83555895
0.47687456
0.10966059
0.09477792
0.08946682
0.8210003
0.056837372
0.8826634
0.32622048
0.18315898
0.4191994
0.7991612
0.027246477
0.38697347
0.55933064
0.13837393
0.84940654
0.018599775
0.5809403
0.055687223
0.031116337
0.9008915
0.69555736
0.44482547
0.025393108
0.0070549147
0.93250054
0.72525555
0.5919
0.033886902
0.019927561
0.017322432
0.2810636
0.26835164
0.030057928
0.05351562
0.029854974
0.76017743
0.7288664
0.103023134
0.038394846
0.152011
0.29905114
0.5517942
0.27649763
0.83664656
0.7694082
0.17416877
0.02869867
0.63179255
0.19425298
0.026820773
0.012081447
0.029228546
0.88056296
0.4748159
0.050092217
0.66687924
0.43584043
0.1295022
0.012769744
0.52447873
0.19473387
0.2813739
0.78222513
0.825597
0.072899565
0.03297015
0.72567683
0.006754945
0.7236666
0.0732002
0.5814591
0.65470177
0.05453166
0.043817207
0.79948145
0.7975623
0.96001476
0.29533812
0.02803565
0.009612523
0.59287494
0.23448637
0.17020367
0.5303488
0.01463737
0.05099558
0.3215153
0.6135089
0.16249987
0.23539898
0.5944569
0.064687215
0.060153924
0.15002455
0.13354254
0.04062158
0.66291577
0.05424862
0.5710079
0.07035086
0.008327111
0.006535225
0.0046200138
0.0049115224
0.6692783
0.57570285
0.052122973
0.74817634
0.16173834
0.41693965
0.012986942
0.028092999
0.2487867
0.008965308
0.103023134
0.9152083
0.6749279
0.014094381
0.37701076
0.014102042
0.47560182
0.8630403
0.59097785
0.025069376
0.002895619
0.55234164
0.6778186
0.7027173
0.007455558
0.007397099
0.00721402
0.00072617433
0.09865122
0.11932324
0.61553013
0.025072623
0.05753407
0.400253
0.25708044
0.25708044
0.008068396
0.60871613
0.55161923
0.93738085
0.46411082
0.87285894
0.74588466
0.4470771
0.74369925
0.6864253
0.1537668
0.955427
0.0034862428
0.107234925
0.13496202
0.25250906
0.16616724
0.123166986
0.31320843
0.0053666076
0.0053666076
0.0053666076
0.008401938
0.018813472
0.03063424
0.5128096
0.7427618
0.9344091
0.019734256
0.12163873
0.03168122
0.6623494
0.1849484
0.63262385
0.24551652
0.1370115
0.13879015
0.13879015
0.55860656
0.6301895
0.020140762
0.9124474
0.0063510155
0.4414986
0.045984577
0.05754778
0.09009088
0.058191992
0.38689876
0.52304393
0.16250408
0.01937041
0.5568677
0.89622694
0.9189861
0.7494211
0.93906766
0.5917449
0.29725885
0.35336545
0.19741173
0.62391454
0.83237576
0.8189589
0.13354254
0.8516327
0.12816578
0.04336229
0.29533812
0.6937017
0.31453174
0.022736648
0.8369962
0.2036354
0.4626813
0.8192992
0.0041215094
0.03358374
0.04159664
0.5323396
0.8908645
0.86820465
0.7959826
0.6490795
0.7071441
0.7678926
0.09127671
0.8449981
0.3453444
0.58408517
0.9206858
0.50607884
0.032231607
0.5604016
0.3075981
0.24626859
0.17461751
0.024350753
0.15823013
0.8887618
0.26096997
0.22081466
0.5923005
0.80705523
0.86895037
0.5573926
0.0022686035
0.18941103
0.16830422
0.0070549147
0.22416577
0.8496495
0.69077957
0.96391964
0.062048286
0.70492417
0.69576955
0.09434415
0.89526594
0.52669644
0.901684
0.25239164
0.005805169
0.20034346
0.038394846
0.69883424
0.008950893
0.18934399
0.035096243
0.027375568
0.02035321
0.010297135
0.8160931
0.14355588
0.9364967
0.014650012
0.010297135
0.90815926
0.0035038497
0.046005644
0.1976409
0.464991
0.059996467
0.009453889
0.14091557
0.095601015
0.40718672
0.5809553
0.7039712
0.013729042
0.19387266
0.105141275
0.0057541695
0.11293418
0.6780176
0.775933
0.074868664
0.69938934
0.5913692
0.14073266
0.11893046
0.5798705
0.8739833
0.20156372
0.2369802
0.017258437
0.2074316
0.7477551
0.2402049
0.7001577
0.6220052
0.21392797
0.04051379
0.14082138
0.30000234
0.26373014
0.119130746
0.3155391
0.30436757
0.57211995
0.082447864
0.73737556
0.03927837
0.89356434
0.006980031
0.017140098
0.2001581
0.69479895
0.4704527
0.005443351
0.11247508
0.8407506
0.93355733
0.42489287
0.22682454
0.5333086
0.29975188
0.7578251
0.8465208
0.4763414
0.8967072
0.048294455
0.729581
0.004995353
0.0014111787
0.010113474
0.6235445
0.010308764
0.1671339
0.13521412
0.9204363
0.53243566
0.7595282
0.14861442
0.29965633
0.91551745
0.08004396
0.29533812
0.18862866
0.52669024
0.83974826
0.10106662
0.9041376
0.1748926
0.3610099
0.4189608
0.06986839
0.14585583
0.13237733
0.1180089
0.7073397
0.84527946
0.124415055
0.1414344
0.14755608
0.4431951
0.37126243
0.92378306
0.29464495
0.7612145
0.7396136
0.47091487
0.005215816
0.13897346
0.7043681
0.4839082
0.50956374
0.5182382
0.865157
0.20817226
0.29374534
0.3886923
0.965164
0.6095837
0.9378585
0.9039971
0.0052166306
0.049488995
0.6404264
0.75213975
0.36900783
0.21341564
0.09646694
0.1960382
0.044118997
0.7455564
0.07751775
0.8709369
0.5714771
0.012611548
0.050362863
0.6220012
0.014158621
0.042672478
0.63945764
0.9091064
0.83398044
0.6670384
0.42843646
0.9324419
0.91494125
0.033523027
0.07416613
0.56015563
0.11670967
0.10403037
0.9119437
0.3556432
0.14852405
0.033523027
0.019516109
0.17132665
0.23440483
0.9669134
0.830954
0.9638528
0.1876671
0.74174494
0.61308485
0.11734011
0.031146454
0.37706685
0.08074286
0.5385154
0.53962004
0.40141633
0.12046133
0.82968885
0.0070246453
0.8893343
0.06264831
0.40803695
0.12010915
0.0063174176
0.077556394
0.07219655
0.64988667
0.44443825
0.40579444
0.680277
0.684662
0.9124474
0.92131805
0.48338276
0.70808804
0.17277932
0.14584588
0.8854596
0.25338683
0.9192228
0.4256224
0.65304345
0.301275
0.7567761
0.89903605
0.60069394
0.013987535
0.6994802
0.13527815
0.13337596
0.7227276
0.7866762
0.2334418
0.06582068
0.9384962
0.8320133
0.05209459
0.4540421
0.041046668
0.07069813
0.09654525
0.055406302
0.96892315
0.017721405
0.19190446
0.34518075
0.013966389
0.4678558
0.008227381
0.66047
0.02609714
0.78234446
0.56035334
0.852098
0.3671798
0.0070549147
0.36330447
0.9026533
0.91960156
0.05033245
0.0065572415
0.0008578195
0.6816102
0.84277445
0.23926847
0.5211508
0.07883989
0.11020732
0.04359509
0.04359509
0.054102644
0.7327079
0.6985459
0.90702784
0.038394846
0.4733117
0.23852564
0.71646786
0.7996494
0.6994768
0.85147005
0.11203466
0.005633819
0.95346665
0.032432742
0.3853621
0.017587258
0.7722719
0.009804139
0.6123992
0.25940138
