0.2640768
0.5138215
0.8346189
0.56970966
0.018699566
0.42641297
0.8736914
0.5898276
0.16517973
0.8225456
0.69614446
0.7749719
0.92326075
0.17568739
0.03042809
0.34073162
0.37088504
0.3812572
0.012889074
0.9097125
0.9526672
0.7044651
0.9656694
0.5559459
0.97398055
0.098700814
0.21284486
0.035057362
0.96876246
0.29459882
0.3358984
0.32289118
0.8778555
0.001148159
0.0010258452
0.0016401678
0.003412865
0.591524
0.586246
0.5575541
0.58809996
0.001383543
0.3608455
0.5674002
0.01011851
0.06490886
0.48503458
0.72557235
0.8750132
0.7204629
0.49164227
0.42959994
0.49164227
0.09692882
0.6542892
0.12464777
0.49164227
0.6017784
0.17628323
0.6153818
0.95652366
0.008912449
0.24499446
0.0799949
0.8811609
0.202079
0.66658574
0.87773794
0.13107133
0.87855875
0.29459882
0.8036626
0.61799264
0.80206895
0.80206895
0.4633132
0.15948969
0.8025034
0.78761554
0.8025034
0.8222543
0.77182573
0.022498138
0.586246
0.95649374
0.6618826
0.6843688
0.07970302
0.2641565
0.77234143
0.8172305
0.59656775
0.59288037
0.047916558
0.9163298
0.20563301
0.21399578
0.63512367
0.56009275
0.30947706
0.92539614
0.47811985
0.2520027
0.50708085
0.8942952
0.88051707
0.92536026
0.7973051
0.8409969
0.54253757
0.77283573
0.8235188
0.88930655
0.8824774
0.9297909
0.8457857
0.0011718032
0.9679842
0.0017666314
0.96952605
0.72239614
0.41358963
0.43085855
0.85741156
0.13604222
0.012492495
0.18186696
0.8235763
0.4954663
0.61354125
0.6457505
0.81111556
0.0092564225
0.04363997
0.74031556
0.8616026
0.21003447
0.921631
0.726452
0.81458557
0.31676066
0.8487272
0.0008559929
0.075598985
0.07372082
0.6779295
0.83764535
0.9131774
0.00088440994
0.18380488
0.88022715
0.0006245874
0.87813276
0.7741294
0.9518422
0.7511689
0.96255916
0.80644554
0.53560126
0.66047657
0.9410087
0.62226826
0.0022362235
0.5097379
0.61235327
0.798876
0.0039971205
0.052750554
0.65290403
0.67432326
0.49689174
0.26389396
0.6921627
0.5993037
0.93814886
0.7127497
0.84825873
0.8234392
0.23898216
0.016651025
0.88090295
0.015675656
0.3087735
0.7588376
0.007874564
0.4946454
0.2553943
0.57253844
0.053001627
0.91946405
0.82371646
0.005364334
0.32836986
0.87790555
0.13605857
0.006282975
0.089253426
0.018361723
0.11363139
0.6691312
0.6422625
0.9172901
0.42039934
0.628033
0.7947409
0.2996727
0.8909259
0.6248446
0.19918953
0.6369295
0.6811657
0.23363745
0.15514599
0.92694116
0.473442
0.46611315
0.66456836
0.8227335
0.7890141
0.489136
0.3756973
0.8972082
0.8107763
0.9120132
0.52445644
0.59873635
0.705325
0.7760654
0.32470375
0.5946482
0.9375451
0.56099254
0.0014428693
0.015407814
0.07161737
0.64328164
0.0039082146
0.89114076
0.0053562964
0.87452984
0.87360096
0.87488943
0.94050914
0.2775033
0.5195635
0.88631266
0.6708986
0.86320674
0.003117519
0.9010873
0.82697797
0.92520064
0.94213545
0.15276197
0.9548743
0.9056136
0.54063964
0.552333
0.30597678
0.13112634
0.0028560818
0.756239
0.8367246
0.9244829
0.85387015
0.55195594
0.72429127
0.87926084
0.035943687
0.7953122
0.9488859
0.21918267
0.27081624
0.7542536
0.9269977
0.9591179
0.75673294
0.11560893
0.94354707
0.8978819
0.53429276
0.917175
0.6083902
0.26053518
0.62474036
0.04509681
0.8479144
0.67419523
0.0020352723
0.07406801
0.6595331
0.63047963
0.9152602
0.44351566
0.54746956
0.016024347
0.7082461
0.74043816
0.8518045
0.8013145
0.34740213
0.92449003
0.00090526923
0.93553704
0.9419564
0.89830613
0.92095846
0.87819546
0.86568785
0.01007421
0.01007421
0.9664699
0.3376094
0.47787288
0.5579807
0.86143494
0.03771457
0.77608484
0.7254447
0.7164843
0.9615982
0.003918941
0.47854888
0.88749254
0.29681066
0.8450759
0.3563021
0.69679564
0.88392895
0.3697032
0.61749303
0.9631676
0.6577959
0.7934733
0.8926417
0.6292472
0.7599208
0.09162094
0.19219717
0.7042353
0.8894925
0.009016669
0.29728407
0.005127815
0.71803856
0.010278075
0.2081814
0.5522607
0.60734564
0.6925187
0.88831
0.76401716
0.8033093
0.6448384
0.9418826
0.8114399
0.893121
0.014199381
0.9154411
0.3123151
0.88124907
0.6943099
0.8977812
0.80996865
0.24061394
0.08372159
0.70801026
0.83479017
0.009632872
0.55238163
0.19738045
0.84183085
0.914026
0.56799644
0.59176874
0.0019641253
0.93422574
0.9458393
0.9080518
0.20659173
0.9514559
0.0012373494
0.0010021864
0.7686813
0.92891204
0.9115943
0.85093313
0.83234876
0.6868981
0.89373374
0.91296566
0.5529026
0.7876702
0.17458597
0.49454787
0.5416659
0.9207945
0.34849975
0.5416659
0.89470094
0.9650105
0.46949807
0.58355063
0.47418812
0.2949358
0.4436565
0.43952283
0.00870006
0.7179418
0.88659656
0.8181804
0.34665528
0.41249597
0.93581223
0.676409
0.9534219
0.85798293
0.5921968
0.8301942
0.5381633
0.8192029
0.88757414
0.71057653
0.31540933
0.818758
0.7292021
0.6014774
0.84589225
0.9221342
0.9673187
0.9091817
0.5667015
0.8968064
0.8370947
0.80094045
0.8982245
0.56649745
0.78273135
0.81249386
0.9283817
0.7847273
0.665006
0.29439464
0.845287
0.91752636
0.90962785
0.9573936
0.94907755
0.03842393
0.8669025
0.66150546
0.8690465
0.13764507
0.90496045
0.85888165
0.9496502
0.82477593
0.89654493
0.6813572
0.42720872
0.47344023
0.6485728
0.81314987
0.34402335
0.4887054
0.87488407
0.8862243
0.63975173
0.8974901
0.49443197
0.8580142
0.9480627
0.7298932
0.91328466
0.9078745
0.5018987
0.59482205
0.93209654
0.9567803
0.86428595
0.7509047
0.96194845
0.19468231
0.8103008
0.82817197
0.9407834
0.5372299
0.16514355
0.20553085
0.8771259
0.65380925
0.89057523
0.89223945
0.6149738
0.813805
0.9417098
0.81301486
0.87067705
0.8022267
0.9558212
0.7880549
0.95996904
0.81741494
0.2306509
0.47498918
0.8536276
0.30053014
0.82883376
0.8788784
0.72846055
0.46950522
0.023452897
0.62248236
0.9674448
0.8755026
0.663888
0.84071887
0.8097828
0.5947336
0.35485047
0.4544363
0.24409036
0.7402533
0.6763842
0.6553182
0.69963074
0.9274586
0.9416202
0.9246441
0.4378038
0.889528
0.8587913
0.95130926
0.97202367
0.7718017
0.821084
0.8907744
0.9054976
0.4332672
0.39460522
0.006993466
0.4978422
0.11714458
0.11714458
0.11714458
0.04104652
0.7791037
0.66175616
0.80747384
0.23575887
0.85155076
0.17487517
0.8701062
0.34090102
0.049178444
0.32665396
0.9101979
0.10669014
0.7036115
0.15759653
0.5107941
0.4636142
0.13281472
0.51213866
0.9562151
0.8417091
0.33582014
0.0069934516
0.10391197
0.10391197
0.2175575
0.0009063412
0.29614365
0.4013432
0.9149005
0.6999058
0.9638364
0.00088130566
0.89833385
0.028785495
0.05833682
0.7401239
0.42827806
0.6811359
0.10829971
0.8306927
0.0862601
0.6522469
0.0074091083
0.96628433
0.91914064
0.36182934
0.7889344
0.7510119
0.008370847
0.8493602
0.86729693
0.6108128
0.42345858
0.5193223
0.4397319
0.33822712
0.7774967
0.9243566
0.8390489
0.7299385
0.8997348
0.17232141
0.67951876
0.8986029
0.80976355
0.47519088
0.026807718
0.5772084
0.72967297
0.86015373
0.0059352433
0.5191321
0.4018035
0.8187266
0.84696805
0.7481114
0.55179936
0.8301387
0.41706434
0.0026602962
0.36327267
0.001770047
0.32861096
0.78452325
0.32395092
0.43479368
0.6020143
0.79779327
0.0099053895
0.9097127
0.5361598
0.5228961
0.2639741
0.43507406
0.86477196
0.31269908
0.025900293
0.065193236
0.68064153
0.9318585
0.062483586
0.007115752
0.54610896
0.8974543
0.18582098
0.18262558
0.8680522
0.8589306
0.94026154
0.7018303
0.9322818
0.8210818
0.25997582
0.8534089
0.001066749
0.8496856
0.7869655
0.4112057
0.39072973
0.71229386
0.41830146
0.9078746
0.965132
0.002039759
0.0011483657
0.0011483657
0.73895353
0.7632746
0.8974065
0.25870195
0.8901953
0.40710136
0.5612192
0.02779156
0.71466
0.7823516
0.5913495
0.18531063
0.90563685
0.15505245
0.2538997
0.12356508
0.21029577
0.02977461
0.7596471
0.65453345
0.31328237
0.75473475
0.53260505
0.7989122
0.18988362
0.8089994
0.0009412777
0.9169029
0.28534943
0.7701682
0.45108637
0.3268657
0.03737775
0.26542935
0.8617349
0.0733787
0.67640436
0.27526554
0.8919437
0.84856004
0.59510714
0.8849596
0.8867714
0.69987035
0.8726684
0.88404924
0.09038734
0.23106928
0.8008921
0.9011602
0.01124217
0.7517935
0.8566897
0.87380743
0.8769301
0.8919279
0.6157121
0.6608011
0.5901
0.90436614
0.5008068
0.9497546
0.5640919
0.9519203
0.6936741
0.5317531
0.0052323793
0.93105966
0.023726292
0.30913803
0.14526348
0.859792
0.8562737
0.8481538
0.46954295
0.89483523
0.29439464
0.91517955
0.005129226
0.8120401
0.004374051
0.14398697
0.7620904
0.9216518
0.6435281
0.5107941
0.9023975
0.8333321
0.7297977
0.79070884
0.60517573
0.7812037
0.52715766
0.002010916
0.39926386
0.20975506
0.757466
0.64870226
0.274713
0.5742859
0.03283606
0.9509699
0.39926386
0.87479997
0.93463415
0.50721246
0.22179243
0.77747625
0.25032622
0.69262654
0.72727466
0.25583634
0.8989167
0.88984734
0.5799918
0.932117
0.7660753
0.9636425
0.6261838
0.70536536
0.9440127
0.806874
0.93366027
0.9622712
0.002554755
0.6051011
0.59296244
0.21790205
0.85362613
0.84309226
0.83215034
0.83215034
0.6965696
0.5389709
0.31306288
0.8618366
0.71379155
0.74553543
0.85102874
0.24392691
0.18882853
0.8282363
0.8647719
0.9504823
0.6927723
0.5787645
0.1861517
0.39926386
0.42625105
0.05329122
0.29075196
0.79903406
0.8414387
0.39926386
0.86910254
0.4736878
0.29439464
0.7737585
0.54601973
0.089672446
0.49695638
0.020440461
0.71563345
0.88294816
0.95374715
0.71588194
0.10390164
0.49005854
0.6097667
0.71445817
0.55885965
0.38330454
0.5107941
0.11683684
0.82598007
0.66297084
0.81400126
0.4389159
0.061519437
0.8053963
0.013145027
0.6476777
0.026724765
0.8739965
0.033503987
0.06863935
0.896411
0.81491375
0.4583545
0.5510605
0.010738055
0.56608444
0.51308006
0.10607242
0.30902997
0.7790349
0.4671532
0.4047453
0.29439464
0.04310862
0.20601365
0.0025021732
0.5171483
0.019159222
0.74053925
0.3825809
0.5370982
0.10412245
0.3328992
0.950788
0.5319172
0.5054818
0.83691555
0.89713585
0.16585878
0.91070616
0.21689326
0.6027358
0.8039114
0.6344121
0.3224798
0.0033683563
0.107387826
0.66835773
0.504269
0.31162527
0.6747361
0.43616083
0.29439464
0.68302983
0.47542143
0.7822878
0.5238688
0.18725355
0.6225426
0.7266761
0.8966767
0.2748715
0.012991326
0.59919244
0.59919244
0.94488543
0.94832414
0.64220643
0.9197296
0.6238183
0.45604327
0.6213458
0.6042332
0.25840437
0.75165033
0.6779416
0.66775066
0.13352811
0.013159194
0.23212999
0.9505071
0.86260396
0.86149514
0.88971865
0.93375933
0.78214014
0.7936489
0.81581503
0.63591725
0.91947985
0.65626615
0.7139721
0.039159913
0.8460031
0.85826224
0.9359004
0.8659658
0.6428463
0.47164842
0.29439464
0.54287374
0.17497794
0.6207758
0.44858223
0.65639204
0.26178828
0.496612
0.7700264
0.6477311
0.8702618
0.0026117156
0.7018243
0.13724566
0.01209976
0.72651744
0.71216506
0.7992672
0.203209
0.0077536833
0.75874597
0.33319342
0.19505392
0.9420368
0.85826206
0.47861817
0.83639413
0.5749207
0.7582383
0.29439464
0.961802
0.29835868
0.13959037
0.86854076
0.33791393
0.32153067
0.23706363
0.9203611
0.82935095
0.2368317
0.7723299
0.79448825
0.650438
0.6880084
0.74746805
0.7059657
0.29439464
0.027135925
0.4044485
0.5107941
0.0069934516
0.78422457
0.007897672
