0.20890762
0.4132534
0.29643998
0.3511175
0.008560762
0.46548775
0.8878942
0.17428702
0.17631479
0.76094586
0.26412824
0.8148471
0.023616206
0.8679882
0.05939921
0.162633
0.66766965
0.21560924
0.47240618
0.5608096
0.24332304
0.7293138
0.48061186
0.22443579
0.3256822
0.1958662
0.61243945
0.6194463
0.34601343
0.66734296
0.57793146
0.61762166
0.7893558
0.85423875
0.53267485
0.39856032
0.57304066
0.27684844
0.43141866
0.12384198
0.19431713
0.3330062
0.059125956
0.16261956
0.20264813
0.19504426
0.32739118
0.20178841
0.10886043
0.6875115
0.7651949
0.5008269
0.51835144
0.53471303
0.63689196
0.21964203
0.6303287
0.5749899
0.40088987
0.08601326
0.22856732
0.067738645
0.071273156
0.067738645
0.028728291
0.07163709
0.2974761
0.689604
0.13120842
0.46734276
0.5394225
0.24253581
0.6851527
0.2797231
0.5074239
0.87288296
0.2951924
0.05626981
0.38898897
0.73592937
0.33242953
0.4926535
0.22109053
0.1032223
0.62614983
0.09574004
0.5820247
0.6159895
0.4765629
0.22720866
0.33579254
0.2686233
0.5841388
0.053188995
0.22723854
0.14724247
0.80707604
0.078888334
0.30569077
0.11408114
0.28318208
0.6759537
0.7900163
0.7563743
0.33810267
0.46083313
0.19856513
0.23422147
0.697476
0.30824614
0.65597814
0.07497495
0.50570995
0.1559267
0.79822594
0.2384615
0.36619973
0.839063
0.839063
0.8002801
0.41826838
0.7010827
0.1181374
0.3179162
0.06383977
0.14378724
0.10310272
0.27734786
0.27774864
0.19504426
0.19504426
0.8505672
0.3520138
0.3461706
0.20100692
0.0695155
0.69367766
0.38523626
0.8669503
0.59083927
0.71697116
0.661224
0.66987294
0.35838047
0.24525407
0.72384644
0.24529275
0.5413564
0.6196205
0.74187547
0.05626981
0.5028435
0.3812675
0.679542
0.28784043
0.40419933
0.39181814
0.07094652
0.63380617
0.5698778
0.66210437
0.670553
0.5836707
0.8066539
0.62213653
0.5227443
0.6882995
0.67833394
0.85499334
0.04908504
0.14865564
0.2071012
0.63459456
0.5236198
0.16654582
0.2867215
0.22942111
0.8040788
0.8164039
0.1342554
0.5562273
0.7579227
0.26668653
0.22376798
0.4879948
0.039801713
0.27399245
0.665301
0.114766486
0.4498072
0.36810863
0.049859665
0.12193057
0.30468062
0.19903433
0.6668062
0.42482916
0.7881209
0.28924257
0.35867268
0.35867268
0.6661549
0.330891
0.78491884
0.8144381
0.617363
0.2610389
0.30716762
0.6652087
0.43960097
0.4070618
0.81998193
0.9061241
0.48054522
0.06940126
0.6277156
0.72415715
0.789446
0.7586973
0.3260607
0.55959594
0.17156105
0.34718582
0.5461141
0.49345988
0.8793454
0.21449274
0.38295397
0.23947096
0.15978731
0.09786309
0.82731044
0.7425903
0.14499204
0.034300234
0.21112892
0.20597397
0.24846832
0.072971255
0.38914403
0.6365398
0.6325269
0.41561747
0.4637438
0.34300166
0.5038615
0.72086453
0.30182442
0.3264935
0.2800057
0.09208715
0.317604
0.07058445
0.5571497
0.3382608
0.31951633
0.17297098
0.45874715
0.15404305
0.76056784
0.7464949
0.16364399
0.6426889
0.6509818
0.39396304
0.24395165
0.17875345
0.45281962
0.25458685
0.37932014
0.11048666
0.7801116
0.7801116
0.56009525
0.4181963
0.35565394
0.4786267
0.6322559
0.49709216
0.80469793
0.8828865
0.46497533
0.3578718
0.7865386
0.29562852
0.8409534
0.27296233
0.014501152
0.65719926
0.49260783
0.10757032
0.6983417
0.20108375
0.14697555
0.21189171
0.49236357
0.43070856
0.1680647
0.5357228
0.45539567
0.58186245
0.4470973
0.12575099
0.5751539
0.87203944
0.866421
0.58250743
0.45543173
0.10001435
0.43643266
0.80074155
0.7029657
0.2599864
0.20823409
0.8618557
0.52520245
0.4092947
0.203965
0.717431
0.43854374
0.08156683
0.69734293
0.8702413
0.85925823
0.4475729
0.8067261
0.4306114
0.6712707
0.66382974
0.20445897
0.27754322
0.871629
0.12042576
0.4700296
0.26177928
0.34024724
0.1414641
0.2363087
0.07930534
0.103781804
0.5437206
0.5961821
0.49137664
0.13312885
0.4667786
0.3390047
0.08021352
0.12729241
0.610442
0.052138302
0.7496328
0.16453145
0.58112454
0.079945646
0.197587
0.34595227
0.07108585
0.31311074
0.6127526
0.5099835
0.49886882
0.7165821
0.1000366
0.78994
0.18508756
0.1493149
0.2040055
0.2946662
0.43442956
0.28952092
0.8002296
0.12103505
0.17420278
0.32315275
0.54331464
0.17016508
0.15330355
0.72570676
0.43473896
0.49584106
0.76974463
0.4566743
0.41610634
0.07593338
0.4972858
0.11258728
0.17734903
0.79525566
0.38074338
0.1267542
0.7456113
0.29334158
0.025479985
0.07736875
0.6103056
0.3235745
0.5803331
0.4501794
0.6256428
0.5882257
0.13858649
0.15967059
0.78086907
0.15630318
0.55845135
0.1637057
0.1111264
0.16654582
0.51321197
0.6179654
0.8702413
0.20095201
0.80303353
0.16401477
0.87728316
0.72504157
0.295897
0.044072412
0.452113
0.081953324
0.09962807
0.24781257
0.12475611
0.08400002
0.19551805
0.053079043
0.29198498
0.78739333
0.27550364
0.65670794
0.70037305
0.52804756
0.31182015
0.36978143
0.75706464
0.19802958
0.43295753
0.85694975
0.5395827
0.40666726
0.80418247
0.42581
0.5234669
0.11996965
0.5316301
0.20264813
0.18184312
0.78417087
0.16451482
0.08709323
0.13251705
0.74412537
0.25894827
0.05298859
0.088112764
0.071863584
0.5278664
0.21514598
0.07767931
0.3330062
0.27924925
0.27275226
0.528481
0.088112764
0.18565036
0.4937537
0.16876115
0.09427831
0.29665515
0.5705144
0.24004787
0.24075346
0.3582853
0.49889475
0.7439896
0.51940316
0.47736627
0.6695112
0.28969556
0.71727896
0.21502976
0.5729175
0.8627632
0.24560933
0.1990759
0.25138998
0.52212775
0.60998493
0.7257493
0.46493074
0.41062
0.26580453
0.1153796
0.2237929
0.2503272
0.6482217
0.19166563
0.5932885
0.036060475
0.67408925
0.7738792
0.5197177
0.09092634
0.09199132
0.8649966
0.8740732
0.2816289
0.6928764
0.36533663
0.17600936
0.41045767
0.7219804
0.35511965
0.7998245
0.79146516
0.7962266
0.36232466
0.5102974
0.80611044
0.12010856
0.79980224
0.09643684
0.7571864
0.7376843
0.8071609
0.7458558
0.81630236
0.4247972
0.7984309
0.27654615
0.80614316
0.5258982
0.8072068
0.77532953
0.23176713
0.7840498
0.30871212
0.80386657
0.19504426
0.5042808
0.7107123
0.8102684
0.7296347
0.28950346
0.4632298
0.77579784
0.23592971
0.8084634
0.79076546
0.87288296
0.78633064
0.7958635
0.8026346
0.27275226
0.27275226
0.27275226
0.7006861
0.5795497
0.08371685
0.80538875
0.80475324
0.8614031
0.7875852
0.11111658
0.25449815
0.80597967
0.7908132
0.6267261
0.8168871
0.6952281
0.8030112
0.47649875
0.26269808
0.7698265
0.41826838
0.107660025
0.27275226
0.27275226
0.77765965
0.7982746
0.6782951
0.37767816
0.061668783
0.5068126
0.7905647
0.31988633
0.8195406
0.7316066
0.51869076
0.24835172
0.29683134
0.66689223
0.80449295
0.092209324
0.8148549
0.52073133
0.7689201
0.06677556
0.02179539
0.40907106
0.7586391
0.27275226
0.7862111
0.77856237
0.7480396
0.582145
0.78237253
0.6438314
0.8124364
0.81447595
0.2473217
0.03236008
0.38225165
0.118527755
0.3544658
0.101974554
0.8446709
0.6915874
0.20750718
0.6229129
0.17843497
0.07319936
0.2388992
0.64146626
0.38887325
0.26675755
0.59925586
0.102935605
0.29470372
0.38757813
0.3986779
0.8269935
0.111079834
0.5807956
0.1718209
0.34670928
0.800926
0.7445542
0.78294843
0.3051276
0.11654671
0.16654582
0.55943376
0.52929324
0.5281057
0.25189233
0.1678201
0.023576364
0.2619372
0.13102478
0.34022486
0.24042463
0.21260065
0.199767
0.77794707
0.20758362
0.34869587
0.263872
0.46936262
0.12955883
0.8029666
0.64739543
0.4926837
0.51840526
0.41323844
0.36737204
0.3213715
0.5171271
0.2706173
0.36809132
0.61952674
0.107901566
0.260305
0.33515707
0.54016477
0.5260053
0.40561602
0.08422313
0.8264822
0.07443441
0.78035194
0.7550281
0.20059486
0.48280996
0.82217944
0.36809132
0.66540045
0.32343626
0.32714462
0.48923665
0.49332994
0.6058776
0.55658484
0.20100354
0.47381535
0.2742254
0.4276892
0.58713686
0.36178297
0.042131357
0.6324351
0.61738014
0.26711473
0.7698059
0.7262169
0.5434974
0.6565773
0.32789347
0.24489596
0.39580142
0.16171068
0.4880148
0.1438721
0.034264337
0.730767
0.4984143
0.5024694
0.63470906
0.4051852
0.16642268
0.10604239
0.104800776
0.23119527
0.19943763
0.4157026
0.5515554
0.15845576
0.06920241
0.26348224
0.59378695
0.84620184
0.68526226
0.2134305
0.36733344
0.104835436
0.11278758
0.82913095
0.34990752
0.041903757
0.48333195
0.7007698
0.17740528
0.29987812
0.7764621
0.12560128
0.11908403
0.2505534
0.11089106
0.20177524
0.22037113
0.3501805
0.12155837
0.69686997
0.74135053
0.46854654
0.058557246
0.75661194
0.4013576
0.40633386
0.14881043
0.42169228
0.31348214
0.060533676
0.36978617
0.6123903
0.3308869
0.77492714
0.5382284
0.1437346
0.84111583
0.31239834
0.12758476
0.084754094
0.8618557
0.85252535
0.4728712
0.88338464
0.14136064
0.20749389
0.8371431
0.11493795
0.084411904
0.5209879
0.51024413
0.6365398
0.6325269
0.47352183
0.87849206
0.087787725
0.40799218
0.047788724
0.059562065
0.7250276
0.059479002
0.36581793
0.17114621
0.5876577
0.6477217
0.37147495
0.40559056
0.1673217
0.14799501
0.86472607
0.7325114
0.111589655
0.8139254
0.2048576
0.29165605
0.3690506
0.65277946
0.8454205
0.4111397
0.5235407
0.19579107
0.2858158
0.21025355
0.6112465
0.67545617
0.83245075
0.17240973
0.6179133
0.11805568
0.2968156
0.7154181
0.22266382
0.77217984
0.42806765
0.7132839
0.5432652
0.1603619
0.19219007
0.87288296
0.13144498
0.40197235
0.7524467
0.10476468
0.5325617
0.12951504
0.15167627
0.2812053
0.8257439
0.2168622
0.15506622
0.49413136
0.16654582
0.14151393
0.7704117
0.8107397
0.011786424
0.20095201
0.712803
0.5361045
0.79018974
0.2115036
0.82058954
0.57304066
0.077641204
0.5588985
0.41820398
0.2142435
0.49954987
0.14811565
0.33576435
0.5608096
0.61820793
0.47226018
0.45511985
0.12253762
0.7422933
0.45347616
0.22108053
0.7100965
0.39232484
0.75049925
0.29784366
0.17754014
0.82511544
0.7641825
0.5452261
0.32901388
0.57304066
0.8974425
0.50782657
0.72241974
0.36451
0.16185822
0.20264813
0.46299875
0.029180136
0.013492155
0.075268745
0.06256495
0.3330062
0.18195358
0.032387935
0.08096602
0.21560124
0.46831328
0.7640867
0.68057233
0.079020105
0.15427904
0.6576722
0.7817172
0.46643934
0.6499407
0.41828668
0.79525566
0.37431008
0.5274099
0.6099956
0.6274897
0.35975933
0.07184549
0.2249512
0.2437315
0.8827252
0.4162517
0.22569215
0.7033488
0.18531588
0.5909114
0.5142892
0.6950404
0.12626886
0.03612861
0.58945537
0.7750071
0.2093698
0.24018338
0.15989235
0.43662593
0.058235765
0.44720444
0.61218685
0.059720248
0.4752148
0.028464623
0.40879905
0.84096336
0.036499508
0.65291035
0.32100862
0.12373303
0.13699892
0.7017572
0.5202664
0.59238684
0.124966
0.5860695
0.16889633
0.08080019
0.23262835
0.18117335
0.39042744
0.23841648
0.38988712
0.058235765
0.31306607
0.022128316
0.10135634
0.48214054
0.8617237
0.10499564
0.15033391
0.63292426
0.24417187
0.37416273
0.76160204
0.2464326
0.4250931
0.85453093
0.21833742
0.3283969
0.024577657
0.54646456
0.7341761
0.21762204
0.7012646
0.258501
0.34379134
0.19504426
0.6340013
0.1729446
0.83001006
0.6176722
0.1802751
0.43422544
0.7464949
0.6487943
0.5800065
0.09222351
0.49088877
0.73591083
0.12102748
0.22511342
0.2701872
0.17968524
0.6196205
0.2896033
