0.0070724394
0.5725788
0.00734774
0.02605642
0.990629
0.020299599
0.055956688
0.011617976
0.0069935857
0.027456038
0.68749535
0.07436568
0.97552013
0.08118435
0.002719925
0.81982005
0.119773805
0.011641128
0.18791221
0.07722515
0.011154861
0.1372935
0.038414985
0.025839841
0.014401037
0.006271466
0.13938572
0.35609287
0.010371129
0.28963444
0.03953756
0.0614326
0.016944204
0.130968
0.4507487
0.011115549
0.025405494
0.009974132
0.01785997
0.005769786
0.008572558
0.6610832
0.9357062
0.007022082
0.79123205
0.79947466
0.011673562
0.0060392157
0.0074173277
0.10279875
0.12736927
0.026337972
0.038123704
0.020291837
0.2510805
0.006613521
0.35953423
0.37393942
0.012936485
0.0065415516
0.0070488458
0.0028928588
0.0030324527
0.0028928588
0.9686742
0.92745256
0.016982961
0.15336329
0.010148725
0.025141673
0.017620077
0.01248114
0.03945772
0.0081256265
0.059222978
0.07133771
0.018137252
0.0026715351
0.0266737
0.08529707
0.009458844
0.017925808
0.77145725
0.00463337
0.063222274
0.0053874436
0.083372
0.025073156
0.028043842
0.006803835
0.01478252
0.02313606
0.07807399
0.002693743
0.009441839
0.005884691
0.07066693
0.0041803573
0.022421634
0.88281417
0.01228197
0.01664718
0.17208406
0.08025952
0.64604056
0.026304962
0.7767834
0.008806971
0.031493478
0.024473265
0.2839614
0.008451779
0.035854477
0.005901665
0.14106229
0.011840611
0.39237943
0.14739406
0.14739406
0.11670019
0.01018593
0.1525302
0.0048365244
0.016573897
0.0037907222
0.0050371313
0.0035532126
0.026968474
0.012341079
0.79947466
0.79947466
0.0734999
0.011508155
0.017672949
0.011178953
0.92826825
0.028809393
0.016759818
0.106054455
0.03699817
0.038988177
0.032284435
0.033797573
0.022263901
0.008781002
0.2587057
0.021797039
0.03926276
0.05406518
0.12331492
0.0026715351
0.032424096
0.022207739
0.16405648
0.016517624
0.037784316
0.010645597
0.0055241357
0.1555673
0.011486538
0.32063738
0.027647564
0.018947855
0.086810306
0.34537947
0.09995762
0.027426211
0.14065757
0.030197596
0.0033597448
0.005102438
0.0081821345
0.22147785
0.4523202
0.8290811
0.70185554
0.007949314
0.1364734
0.118667975
0.0050006765
0.020607013
0.025659466
0.016687222
0.013822889
0.23549263
0.9587969
0.72177863
0.105223484
0.8814326
0.015646359
0.015151371
0.94831544
0.004937446
0.014307776
0.013178626
0.1586002
0.014068399
0.14403175
0.6844418
0.0116788205
0.0116788205
0.017648578
0.013951959
0.028688679
0.17062977
0.09210647
0.021751614
0.0246825
0.04944192
0.023860635
0.01663488
0.15561147
0.049817927
0.020369614
0.92939913
0.35640517
0.26196003
0.19774508
0.14759474
0.013334717
0.4161098
0.82520556
0.6488406
0.10175242
0.50191116
0.032142412
0.011539901
0.61232895
0.016618203
0.0051688966
0.90000004
0.117932685
0.11394783
0.008085529
0.0026131128
0.78243804
0.7797671
0.008213924
0.0050391755
0.012143438
0.3449681
0.34607816
0.014722854
0.13230082
0.011819321
0.06504958
0.124710865
0.013517032
0.6502213
0.007995394
0.006129533
0.011274235
0.92783415
0.27359644
0.014176812
0.01666969
0.011195491
0.50038695
0.007363986
0.028668888
0.03258434
0.007760043
0.19302642
0.048245136
0.018587293
0.00634228
0.012056596
0.08337418
0.006969396
0.016464058
0.006332189
0.13824297
0.13824297
0.07705421
0.027116118
0.029088894
0.49490464
0.023605691
0.024518635
0.17829998
0.108457044
0.05995346
0.015007969
0.14933382
0.02026027
0.06982791
0.014197937
0.9840379
0.09207834
0.11894213
0.0023843786
0.07349822
0.0077597364
0.0056533874
0.010546536
0.03787323
0.0096951835
0.031889137
0.021080416
0.010068372
0.05800051
0.54190445
0.004905894
0.39573902
0.019416047
0.031007824
0.038293988
0.01534915
0.8950815
0.0257997
0.024622835
0.035540424
0.013844542
0.006185438
0.061673474
0.019866854
0.5776642
0.012371807
0.1968619
0.019061087
0.0043748054
0.26686037
0.0342893
0.022552459
0.010241201
0.04641376
0.009784683
0.08087645
0.1259102
0.011367707
0.00616308
0.023458084
0.004930023
0.016486032
0.041768093
0.019361038
0.008235877
0.012252329
0.0029962258
0.004998419
0.05743993
0.21586539
0.031750675
0.006362781
0.036874037
0.030341407
0.003376217
0.0054121683
0.36024144
0.0027481087
0.14415687
0.005975619
0.021149311
0.0046473504
0.008228107
0.017676048
0.003633702
0.013851683
0.2967365
0.013658529
0.026348174
0.01746349
0.005046317
0.15228178
0.011360752
0.0071104025
0.008468415
0.071318574
0.02638435
0.022509143
0.057091963
0.0056867013
0.008220084
0.009909631
0.19783515
0.007625097
0.009005318
0.055805385
0.012489119
0.022794547
0.12715076
0.019560738
0.019658038
0.008466614
0.105994195
0.8840315
0.81869686
0.10545546
0.61549485
0.005064734
0.10309569
0.009394371
0.97323155
0.0066446904
0.15912548
0.01680411
0.023227308
0.043665197
0.039817814
0.027353287
0.010604206
0.009540439
0.11282345
0.009324672
0.36710456
0.008002453
0.0044431514
0.8290811
0.032802388
0.04008393
0.0342893
0.7921594
0.03428365
0.007861252
0.05295107
0.0639666
0.009542491
0.0032859412
0.51668453
0.005889241
0.0049755913
0.7371947
0.87175155
0.005070188
0.011848876
0.0026953393
0.015548457
0.17898464
0.0137334475
0.029503928
0.034091614
0.045806326
0.013266918
0.019602846
0.21826601
0.0075623775
0.5305741
0.107025586
0.02117972
0.022790827
0.034940753
0.031283718
0.15804583
0.87689114
0.4621434
0.79123205
0.8080333
0.03365385
0.005338703
0.0052040587
0.0071164225
0.040734205
0.012983806
0.0034184468
0.0055674245
0.004899609
0.017926086
0.012579555
0.004409695
0.6610832
0.011004459
0.010872364
0.026820026
0.0055674245
0.0059950245
0.021842267
0.006694556
0.9013069
0.69651806
0.121595345
0.009045444
0.008276813
0.6384614
0.124427974
0.09956419
0.22998998
0.018642392
0.07019603
0.013681744
0.03962229
0.77977157
0.16926526
0.071062796
0.008089901
0.0057498743
0.029635817
0.045388333
0.061475
0.24736735
0.07233004
0.032362614
0.00842182
0.004424535
0.011695053
0.0073652864
0.08047339
0.80381465
0.12012522
0.9625283
0.046006344
0.07804707
0.14297694
0.9060417
0.0036593173
0.09878966
0.08454463
0.023910627
0.057648007
0.013926268
0.007425784
0.5845641
0.055807717
0.022432277
0.102681324
0.084482424
0.117743
0.013650031
0.024772845
0.12248092
0.005238281
0.12914792
0.0048150765
0.096701756
0.19004674
0.12202957
0.102121115
0.1089586
0.018493544
0.10793674
0.012761385
0.10948163
0.025224304
0.11116799
0.11203575
0.009650916
0.11472944
0.022029482
0.11276582
0.79947466
0.27539307
0.25786242
0.112345725
0.06255841
0.012647405
0.044382468
0.09465463
0.01744014
0.108603574
0.10910479
0.07133771
0.10746545
0.14626467
0.10646727
0.010872364
0.010872364
0.010872364
0.28290546
0.04553952
0.003115924
0.12183113
0.09855995
0.08890956
0.123271085
0.006188341
0.010800238
0.14938855
0.051215902
0.16513388
0.11438084
0.27117676
0.11753492
0.058349296
0.010440794
0.13039425
0.01018593
0.006494244
0.010872364
0.010872364
0.119886644
0.10254318
0.01727129
0.6184049
0.0024762086
0.032287322
0.10651456
0.02429442
0.09641824
0.043396357
0.45031846
0.010037613
0.66853994
0.10355681
0.113856584
0.9061776
0.104847424
0.011782728
0.1311014
0.004744496
0.9767304
0.029963618
0.104132175
0.010872364
0.1250545
0.16801405
0.028400451
0.092070736
0.11418393
0.30749032
0.1210519
0.099707365
0.010431233
0.96660256
0.03559311
0.87789005
0.03369595
0.0047802897
0.055510838
0.01875517
0.00888515
0.11958748
0.006341007
0.92301524
0.016893432
0.15347704
0.60395634
0.011681163
0.07609774
0.88976485
0.6987304
0.60431874
0.019021211
0.061148286
0.0056176027
0.12040834
0.012073638
0.6454804
0.09737235
0.22826083
0.20066047
0.012470252
0.004859469
0.8290811
0.25824285
0.44919538
0.44483858
0.012084309
0.01210051
0.97496367
0.014147138
0.0036957392
0.034940273
0.02624862
0.0115969675
0.00799571
0.12762688
0.008845967
0.027077196
0.008389623
0.3788214
0.00630347
0.044946413
0.1819658
0.0639948
0.025245573
0.03734301
0.01664405
0.020555297
0.025128977
0.72606456
0.010279242
0.030270549
0.0054854807
0.015009664
0.010954773
0.3253341
0.03481486
0.023935392
0.91400915
0.04236743
0.005055235
0.04175322
0.058779698
0.009908709
0.030134913
0.09136791
0.010279242
0.0519009
0.66900074
0.027084317
0.061547216
0.041812386
0.061643694
0.10821419
0.010148863
0.36631745
0.6781504
0.021209428
0.39544237
0.08156837
0.9563798
0.032528445
0.096746296
0.009109096
0.172089
0.030881958
0.41313323
0.032013215
0.015145758
0.015429034
0.5801916
0.0058570816
0.020170383
0.006755058
0.9643805
0.16097268
0.22600046
0.042381335
0.085670315
0.041501798
0.8321192
0.003802323
0.004639022
0.012676526
0.00611623
0.019174395
0.031472445
0.0050830627
0.0029026787
0.72236353
0.026754426
0.0777278
0.14921473
0.010996964
0.059644293
0.8901421
0.8718064
0.108103454
0.016434282
0.0031074088
0.011581358
0.29111105
0.8190619
0.0075524817
0.20361942
0.0059348303
0.0054543046
0.016275316
0.0042826147
0.011514551
0.00727399
0.042523056
0.0054200273
0.10562437
0.04671454
0.12627451
0.0028610749
0.08841719
0.025548553
0.25220773
0.007227784
0.022976695
0.011924203
0.0032445074
0.60799694
0.025978066
0.013333914
0.19004099
0.37742174
0.011745588
0.11728415
0.0392252
0.0055876044
0.9120102
0.061673474
0.044674158
0.020749262
0.040572785
0.84972227
0.007304519
0.037072156
0.008389681
0.003589431
0.04605355
0.07184902
0.3449681
0.34607816
0.023945196
0.043693602
0.004192963
0.042986203
0.95065355
0.0022791259
0.01792683
0.0035931852
0.6263997
0.82161605
0.033116627
0.34161437
0.012153357
0.020397069
0.0031341377
0.008565994
0.095424905
0.12756751
0.0054360223
0.05181348
0.008568478
0.014537483
0.015302711
0.020327117
0.11935559
0.037931975
0.014192507
0.013191471
0.02196882
0.007593312
0.19528855
0.120279245
0.023964485
0.0062469696
0.028563831
0.008064268
0.6928626
0.21976799
0.02375172
0.026773816
0.02271018
0.026089547
0.02097054
0.005895544
0.006117751
0.07133771
0.0071810805
0.014440648
0.18917954
0.0069323815
0.028202109
0.0037419747
0.0077559906
0.0142436195
0.13200586
0.007830135
0.0072405785
0.10303059
0.8290811
0.85175675
0.17797159
0.08798971
0.98724127
0.7921594
0.044653483
0.037311282
0.17864855
0.00823648
0.080972515
0.025405494
0.0048844125
0.25184405
0.013213455
0.00902016
0.48622525
0.8491328
0.6580413
0.07722515
0.27212048
0.030114757
0.02010724
0.006620305
0.027910534
0.5259225
0.0077671665
0.21661724
0.58986646
0.105728954
0.69557774
0.006849058
0.114828184
0.21870463
0.027273824
0.6569812
0.025405494
0.07806249
0.01300357
0.04498539
0.056597993
0.009648888
0.79123205
0.063073136
0.0018470959
0.9853249
0.0053486293
0.930371
0.6610832
0.8065869
0.0020299759
0.0041517224
0.0069791717
0.015108985
0.03643314
0.02269337
0.0051044417
0.023001615
0.29570168
0.17430563
0.035671484
0.029656587
0.06368298
0.10545546
0.024373133
0.034217227
0.26306328
0.08570779
0.0110228555
0.0041906824
0.008593175
0.011590295
0.044447016
0.017174875
0.008231591
0.09823223
0.0116249565
0.091172636
0.021538267
0.0419788
0.0036710687
0.9625391
0.3816248
0.091157466
0.006067931
0.014545966
0.007858831
0.05683991
0.9381941
0.523738
0.09145006
0.002373087
0.074389145
0.969921
0.58394223
0.15216686
0.9611412
0.046526883
0.012086803
0.008710401
0.8466515
0.08945843
0.049362227
0.064655595
0.005851109
0.025702722
0.008334043
0.005893225
0.010096382
0.00659453
0.03584641
0.020112209
0.014478479
0.9381941
0.020206233
0.9767171
0.0047046663
0.50839204
0.07782972
0.00552852
0.008548602
0.25730938
0.008654244
0.016673688
0.16689901
0.006429415
0.03523553
0.090179384
0.008788885
0.09617793
0.97427875
0.25790554
0.10531622
0.007576047
0.24161144
0.0096234325
0.027117157
0.79947466
0.12401779
0.0044972594
0.026475858
0.03348168
0.81686753
0.054195885
0.03258434
0.03015213
0.026055694
0.00335747
0.03630641
0.040667064
0.004207987
0.008096683
0.01321492
0.006849437
0.05406518
0.02777167
