(QUERY): 'ISLAM' '06'
Negative Neutral Positive
0.1892170011997223 0.7758412957191467 0.0349416509270668 
0.25607290863990784 0.5650830268859863 0.17884409427642822 
0.7218658924102783 0.23178435862064362 0.046349748969078064 
0.0748942643404007 0.7846303582191467 0.14047542214393616 
0.7154150009155273 0.2599930763244629 0.024591898545622826 
0.9626244902610779 0.03397693485021591 0.003398572327569127 
0.7572863101959229 0.22863447666168213 0.01407917495816946 
0.41139471530914307 0.5552053451538086 0.033399902284145355 
0.4956025183200836 0.45549026131629944 0.048907238990068436 
0.4826577305793762 0.486775666475296 0.030566547065973282 
0.3336259722709656 0.6297646164894104 0.03660932555794716 
0.7064979076385498 0.26666781306266785 0.02683427184820175 
0.6502452492713928 0.33790168166160583 0.01185307651758194 
0.03729980066418648 0.49594351649284363 0.466756671667099 
0.14365991950035095 0.8315346240997314 0.024805473163723946 
0.15933848917484283 0.8158223032951355 0.024839257821440697 
0.5881353616714478 0.3833947777748108 0.028469879180192947 
0.9218485355377197 0.07407967746257782 0.004071700386703014 
0.5299314856529236 0.44417399168014526 0.025894496589899063 
0.06419248133897781 0.802983283996582 0.13282430171966553 
0.7562741041183472 0.23209622502326965 0.011629730463027954 
0.05070178955793381 0.6276007890701294 0.3216974139213562 
0.513189971446991 0.45826098322868347 0.028549039736390114 
0.16283996403217316 0.7995085716247559 0.037651482969522476 
0.11891674250364304 0.809111475944519 0.07197175174951553 
0.16018794476985931 0.5780232548713684 0.26178881525993347 
0.11163727194070816 0.5544849634170532 0.33387771248817444 
0.4910876452922821 0.4853498339653015 0.02356257475912571 
0.9657342433929443 0.03179316595196724 0.0024726977571845055 
0.5299314856529236 0.44417399168014526 0.025894496589899063 
0.46429017186164856 0.5053180456161499 0.030391760170459747 
0.620728075504303 0.3665750324726105 0.012696870602667332 
0.590560257434845 0.3926372528076172 0.016802523285150528 
0.7137860655784607 0.2742929458618164 0.011920982040464878 
0.3539632260799408 0.6130739450454712 0.03296283632516861 
0.9082889556884766 0.0875341072678566 0.00417695939540863 
0.6804574728012085 0.30330339074134827 0.016239222139120102 
0.1327844113111496 0.7034049034118652 0.16381071507930756 
0.623277485370636 0.35573792457580566 0.020984575152397156 
0.03487399220466614 0.4115235507488251 0.553602397441864 
0.307390421628952 0.590750515460968 0.10185907036066055 
0.7274714112281799 0.25802451372146606 0.014504173770546913 
0.010737625882029533 0.3722517490386963 0.6170105934143066 
0.044135015457868576 0.6903643608093262 0.265500545501709 
0.5852590203285217 0.36288392543792725 0.051857080310583115 
0.7153777480125427 0.25708693265914917 0.027535326778888702 
0.9440727233886719 0.05198546499013901 0.003941831644624472 
0.8207831978797913 0.16546139121055603 0.01375545933842659 
0.0701659768819809 0.5382217764854431 0.39161229133605957 
0.9446609616279602 0.05092805624008179 0.004410973284393549 
0.8531842231750488 0.1399097889661789 0.006905929651111364 
0.6131633520126343 0.36768776178359985 0.01914890855550766 
0.5699986219406128 0.4097389280796051 0.020262403413653374 
0.6869511008262634 0.29386523365974426 0.019183682277798653 
0.2037457376718521 0.7622896432876587 0.03396458551287651 
0.009859059937298298 0.09849291294813156 0.8916480541229248 
0.4846034049987793 0.4796287417411804 0.035767845809459686 
0.8578827977180481 0.1363944709300995 0.005722736939787865 
0.859576404094696 0.13560421764850616 0.00481936801224947 
0.4545442759990692 0.5155931711196899 0.02986251190304756 
0.7028744220733643 0.2728118300437927 0.02431376278400421 
0.18401460349559784 0.7728813290596008 0.04310409352183342 
0.8600397109985352 0.12978005409240723 0.010180233977735043 
0.13533009588718414 0.6477018594741821 0.21696807444095612 
0.18585821986198425 0.7730793356895447 0.04106252267956734 
0.031371716409921646 0.5158963799476624 0.4527319669723511 
0.6918031573295593 0.2780956029891968 0.0301012322306633 
0.05241711437702179 0.7316051721572876 0.2159777730703354 
0.40013888478279114 0.5600212216377258 0.03983988240361214 
0.9196705222129822 0.07636836171150208 0.003961187321692705 
0.9624941349029541 0.03483501449227333 0.0026708587538450956 
0.74483323097229 0.2450958639383316 0.010070908814668655 
0.7920374274253845 0.1979982852935791 0.009964244440197945 
0.3563697934150696 0.5192205905914307 0.12440952658653259 
0.007803537417203188 0.3194548189640045 0.6727416515350342 
0.711540162563324 0.27262166142463684 0.01583816483616829 
0.7959567904472351 0.19828376173973083 0.005759494379162788 
0.2954719662666321 0.6705646514892578 0.03396334499120712 
0.8317133784294128 0.16147680580615997 0.006809744518250227 
0.8778303265571594 0.11294981837272644 0.009219950065016747 
0.6808189749717712 0.3010590374469757 0.018121954053640366 
0.34560754895210266 0.6110332012176514 0.04335920140147209 
0.9268224835395813 0.06977397948503494 0.0034035074058920145 
0.7010965943336487 0.2874285876750946 0.0114748515188694 
0.13493596017360687 0.7665046453475952 0.09855935722589493 
0.13493596017360687 0.7665046453475952 0.09855935722589493 
0.39860329031944275 0.5479534268379211 0.05344325304031372 
0.7839081287384033 0.20454195141792297 0.01154991053044796 
0.0023684517946094275 0.08379320055246353 0.9138383269309998 
0.018880600109696388 0.402680367231369 0.5784390568733215 
0.8360095620155334 0.15688949823379517 0.007100921589881182 
0.41278788447380066 0.4944988787174225 0.09271325170993805 
0.1947028487920761 0.7361195683479309 0.06917762756347656 
0.8948538899421692 0.10144876688718796 0.0036973280366510153 
0.2702687978744507 0.4013460576534271 0.3283851742744446 
0.46373966336250305 0.5179293751716614 0.018330972641706467 
0.2156466543674469 0.7508400082588196 0.03351333364844322 
0.027790287509560585 0.6359949707984924 0.33621475100517273 
0.6629051566123962 0.3255979120731354 0.011496960185468197 
0.03498575836420059 0.439704567193985 0.525309681892395 
0.04502968117594719 0.664463460445404 0.29050689935684204 
0.028937870636582375 0.6473988890647888 0.32366320490837097 
0.027790287509560585 0.6359949707984924 0.33621475100517273 
0.0248612929135561 0.5764947533607483 0.39864397048950195 
0.46372881531715393 0.5175674557685852 0.018703721463680267 
0.22224251925945282 0.6256375908851624 0.15211991965770721 
0.8238660097122192 0.16978923976421356 0.0063447291031479836 
0.8814361691474915 0.11188621073961258 0.006677638739347458 
0.8814361691474915 0.11188621073961258 0.006677638739347458 
0.9078986644744873 0.08753331005573273 0.004567935597151518 
0.5895076394081116 0.3991008698940277 0.011391452513635159 
0.4845866560935974 0.45044225454330444 0.06497107446193695 
0.8743473887443542 0.11874523013830185 0.006907329428941011 
0.5011757016181946 0.4507606327533722 0.04806366562843323 
0.6107079982757568 0.3638719916343689 0.02541997656226158 
0.212485209107399 0.6957245469093323 0.09179023653268814 
0.23646074533462524 0.705385684967041 0.05815363675355911 
0.8877907395362854 0.10707388818264008 0.005135341081768274 
0.3098965883255005 0.6431549787521362 0.04694841429591179 
0.20676054060459137 0.7611169219017029 0.03212255239486694 
0.18770956993103027 0.7764759063720703 0.03581450507044792 
0.9382795095443726 0.057983722537755966 0.0037367588374763727 
0.08644460141658783 0.6379864811897278 0.2755689024925232 
0.7432205080986023 0.24762918055057526 0.009150306694209576 
0.09129806607961655 0.8098663091659546 0.09883560985326767 
0.1751636117696762 0.5637434124946594 0.2610929608345032 
0.3261798620223999 0.5719258189201355 0.10189425945281982 
0.7204844355583191 0.26788437366485596 0.011631149798631668 
0.10424241423606873 0.42261818051338196 0.4731394350528717 
0.29107242822647095 0.6776599287986755 0.031267616897821426 
0.5531312823295593 0.42457661032676697 0.022292084991931915 
0.007730415556579828 0.15536104142665863 0.8369085192680359 
0.43533602356910706 0.5360310077667236 0.028632964938879013 
0.8146198987960815 0.17700904607772827 0.008371022529900074 
0.9111979603767395 0.08414849638938904 0.004653561860322952 
0.8937243819236755 0.10095426440238953 0.005321410018950701 
0.01310025341808796 0.196250319480896 0.7906493544578552 
0.8296926021575928 0.1588863730430603 0.011420988477766514 
0.10962392389774323 0.4203622341156006 0.4700137972831726 
0.2489377111196518 0.7055131793022156 0.045549117028713226 
0.3718031048774719 0.5880190134048462 0.04017788544297218 
0.23003582656383514 0.7300785183906555 0.03988557681441307 
0.005723943468183279 0.10070265084505081 0.8935734033584595 
0.19548921287059784 0.7707747220993042 0.033736053854227066 
0.014820621348917484 0.20182278752326965 0.7833566069602966 
0.700587809085846 0.27331292629241943 0.026099255308508873 
0.08677130937576294 0.8704959154129028 0.04273277893662453 
0.7763208150863647 0.2068403661251068 0.01683884672820568 
0.697917103767395 0.2817678451538086 0.020315030589699745 
0.10514068603515625 0.8277440071105957 0.06711526960134506 
0.9782418608665466 0.018987657502293587 0.0027704481035470963 
0.19436201453208923 0.7726446390151978 0.03299330919981003 
0.8146390318870544 0.1767907738685608 0.008570202626287937 
0.06677114218473434 0.3116562068462372 0.6215726733207703 
0.15549464523792267 0.7277602553367615 0.11674509197473526 
0.8242528438568115 0.1703258603811264 0.005421353969722986 
0.26369279623031616 0.6516411900520325 0.0846659392118454 
0.8817698359489441 0.11210506409406662 0.006125100422650576 
0.4525667130947113 0.5208103656768799 0.026622917503118515 
0.041320040822029114 0.8594542741775513 0.09922568500041962 
0.2589004933834076 0.696098268032074 0.045001186430454254 
0.1427682489156723 0.8296250700950623 0.02760663814842701 
0.2654629349708557 0.593833863735199 0.1407032310962677 
0.2799846827983856 0.6377875208854675 0.08222781866788864 
0.5501076579093933 0.4297336935997009 0.02015863172709942 
0.8312823176383972 0.15712347626686096 0.011594196781516075 
0.32326558232307434 0.6039353013038635 0.07279917597770691 
0.2124590128660202 0.7561317682266235 0.03140920773148537 
0.08222707360982895 0.4108542501926422 0.5069186091423035 
0.30351024866104126 0.646750807762146 0.049738913774490356 
0.31463271379470825 0.6587272882461548 0.026639970019459724 
0.07129034399986267 0.32030898332595825 0.6084007024765015 
0.19060033559799194 0.6612858176231384 0.14811378717422485 
0.17113842070102692 0.7076873779296875 0.12117418646812439 
0.03532843291759491 0.7991044521331787 0.1655670404434204 
0.06677114218473434 0.3116562068462372 0.6215726733207703 
0.46660906076431274 0.46620965003967285 0.06718132644891739 
0.549122154712677 0.4268735945224762 0.024004291743040085 
0.5607539415359497 0.41365116834640503 0.025594858452677727 
0.19064253568649292 0.7618640065193176 0.04749343916773796 
0.7052197456359863 0.284715861082077 0.010064409114420414 
0.8761435151100159 0.11746464669704437 0.006391841918230057 
0.594816267490387 0.3529323637485504 0.052251432090997696 
0.12357734143733978 0.7501473426818848 0.12627525627613068 
0.7606249451637268 0.2258620411157608 0.013512952253222466 
0.8716914057731628 0.1236986368894577 0.00460996525362134 
0.5427342057228088 0.4208182394504547 0.03644757717847824 
0.159044086933136 0.7430558800697327 0.09790005534887314 
0.642829418182373 0.3445012867450714 0.012669386342167854 
0.6079453825950623 0.37769195437431335 0.0143626369535923 
0.70554119348526 0.28327980637550354 0.011178981512784958 
0.6514135003089905 0.3345290720462799 0.01405739039182663 
0.803406298160553 0.1897905021905899 0.006803188938647509 
0.5198529958724976 0.4600403606891632 0.020106671378016472 
0.015240736305713654 0.3792717754840851 0.6054874658584595 
0.03263762220740318 0.6833588480949402 0.28400349617004395 
0.06235530972480774 0.7684689164161682 0.16917581856250763 
0.27841800451278687 0.688515841960907 0.03306611254811287 
0.0013163567055016756 0.04393766447901726 0.9547459483146667 
0.9550333619117737 0.042805977165699005 0.0021606148220598698 
0.01250524166971445 0.5354833602905273 0.4520113468170166 
0.06875694543123245 0.6387723088264465 0.2924707233905792 
0.2860781252384186 0.5837758779525757 0.13014602661132812 
0.19154831767082214 0.7458549737930298 0.06259667873382568 
0.1237453818321228 0.6451638340950012 0.2310907393693924 
0.19229711592197418 0.7205185890197754 0.0871843472123146 
0.5180683732032776 0.4605737030506134 0.021357906982302666 
0.5180683732032776 0.4605737030506134 0.021357906982302666 
0.610024094581604 0.3756618797779083 0.014314034953713417 
0.1514434814453125 0.7254133820533752 0.12314314395189285 
0.341781347990036 0.6102975606918335 0.04792114347219467 
0.041325341910123825 0.37590667605400085 0.5827679634094238 
0.01001147460192442 0.2671836316585541 0.7228049039840698 
0.035543110221624374 0.7079659700393677 0.25649094581604004 
0.606070876121521 0.37704968452453613 0.016879431903362274 
0.4283522367477417 0.5328633785247803 0.038784366101026535 
0.9528042674064636 0.044189948588609695 0.0030057497788220644 
0.40421515703201294 0.5773237943649292 0.018461080268025398 
0.8023518919944763 0.19017042219638824 0.007477771025151014 
0.37811973690986633 0.5421621799468994 0.07971803098917007 
0.9441618323326111 0.052720434963703156 0.0031177226919680834 
0.616942286491394 0.37067627906799316 0.012381445616483688 
0.7301762104034424 0.25631043314933777 0.013513350859284401 
0.8452449440956116 0.14760631322860718 0.0071487706154584885 
0.0053480444476008415 0.1534917801618576 0.8411601781845093 
0.6910421848297119 0.2896231710910797 0.01933456026017666 
0.01766200177371502 0.330430805683136 0.651907205581665 
0.14469602704048157 0.5840646624565125 0.271239310503006 
0.520908534526825 0.45643267035484314 0.022658778354525566 
0.06031504645943642 0.5209553241729736 0.418729692697525 
0.0046307602897286415 0.18293827772140503 0.8124309778213501 
0.5927889347076416 0.36673054099082947 0.04048053175210953 
0.10268519073724747 0.8671786189079285 0.03013618104159832 
0.007803537417203188 0.3194548189640045 0.6727416515350342 
0.0078238844871521 0.15021662414073944 0.841959536075592 
0.8001512289047241 0.1923937052488327 0.0074550011195242405 
0.46120211482048035 0.5053533911705017 0.03344448655843735 
0.48133689165115356 0.491700142621994 0.02696296013891697 
0.5400713086128235 0.44380590319633484 0.016122780740261078 
0.01766200177371502 0.330430805683136 0.651907205581665 
0.8697105646133423 0.12635476887226105 0.003934696316719055 
0.005030788015574217 0.05447648465633392 0.9404926896095276 
0.7568239569664001 0.23412704467773438 0.009049042128026485 
0.6467912197113037 0.3415410816669464 0.011667683720588684 
0.6149553656578064 0.34812211990356445 0.03692248836159706 
0.12129344046115875 0.818928599357605 0.059777989983558655 
0.9134494066238403 0.08173692971467972 0.00481362035498023 
0.11624523997306824 0.7555423974990845 0.12821243703365326 
0.5614762306213379 0.413672536611557 0.024851225316524506 
0.9380976557731628 0.058566946536302567 0.003335462650284171 
0.08354144543409348 0.7684295177459717 0.14802902936935425 
0.9240358471870422 0.07173091173171997 0.00423318799585104 
0.9210438132286072 0.07498863339424133 0.003967661876231432 
0.6576182842254639 0.3185102343559265 0.023871487006545067 
0.3561287224292755 0.588053822517395 0.05581754446029663 
0.9273176193237305 0.06371555477380753 0.008966824971139431 
0.9218369126319885 0.07326921820640564 0.004893859848380089 
0.858113169670105 0.13569651544094086 0.006190289743244648 
0.033385299146175385 0.5504510402679443 0.4161636531352997 
0.1982908844947815 0.6666577458381653 0.13505133986473083 
0.3576437830924988 0.602120041847229 0.04023617506027222 
0.19195562601089478 0.7670685052871704 0.04097583517432213 
0.19195562601089478 0.7670685052871704 0.04097583517432213 
0.19195562601089478 0.7670685052871704 0.04097583517432213 
0.15616168081760406 0.7976351380348206 0.046203237026929855 
0.046659763902425766 0.8247207999229431 0.12861944735050201 
0.7096878886222839 0.27896082401275635 0.011351323686540127 
0.7189192771911621 0.26996636390686035 0.011114399880170822 
0.33892661333084106 0.6395856142044067 0.021487774327397346 
0.7676506042480469 0.21839028596878052 0.013959139585494995 
0.44878968596458435 0.5049803256988525 0.046229973435401917 
0.3388526439666748 0.6006509065628052 0.06049641966819763 
0.006595998536795378 0.36518535017967224 0.6282186508178711 
0.18918417394161224 0.6585845351219177 0.15223127603530884 
0.22092635929584503 0.5870406627655029 0.19203296303749084 
0.781094491481781 0.2099134922027588 0.008991945534944534 
0.862740695476532 0.1265907734632492 0.010668614879250526 
0.057024676352739334 0.8931095004081726 0.049865856766700745 
0.013333848677575588 0.47765734791755676 0.5090088248252869 
0.007488206494599581 0.3168809711933136 0.6756308078765869 
0.015106388367712498 0.5460739731788635 0.43881967663764954 
0.015106388367712498 0.5460739731788635 0.43881967663764954 
0.5586477518081665 0.42458871006965637 0.01676354743540287 
0.4218573570251465 0.5509282946586609 0.027214299887418747 
0.9203665256500244 0.0752435252070427 0.004389941226691008 
0.8659363985061646 0.1285189539194107 0.005544640589505434 
0.18808415532112122 0.7499647736549377 0.06195106729865074 
0.7756561040878296 0.2147013247013092 0.009642591699957848 
0.14785656332969666 0.7993329763412476 0.05281046777963638 
0.13057953119277954 0.8428782820701599 0.02654225565493107 
0.13404858112335205 0.5844288468360901 0.28152257204055786 
0.01818264089524746 0.5037219524383545 0.4780954122543335 
0.006030295044183731 0.25040403008461 0.7435656785964966 
0.4937877058982849 0.48821040987968445 0.01800181344151497 
0.8742954730987549 0.12118470668792725 0.004519790876656771 
0.5791951417922974 0.37302467226982117 0.04778017848730087 
0.17408591508865356 0.7801142930984497 0.04579971358180046 
0.03498554974794388 0.8279828429222107 0.13703162968158722 
0.7424559593200684 0.2453804314136505 0.012163565494120121 
0.0185575932264328 0.46048858761787415 0.5209537744522095 
0.2959989011287689 0.6475944519042969 0.056406669318675995 
0.7294676303863525 0.2584873139858246 0.0120450584217906 
0.38220083713531494 0.5531702041625977 0.0646289587020874 
0.9340419173240662 0.06302671134471893 0.002931373892351985 
0.9340419173240662 0.06302671134471893 0.002931373892351985 
0.9233490824699402 0.07312021404504776 0.0035306329373270273 
0.9306485056877136 0.06561242789030075 0.0037390782963484526 
0.8338037729263306 0.15769411623477936 0.008502181619405746 
0.2584300935268402 0.5263730883598328 0.21519680321216583 
0.0201539546251297 0.26402395963668823 0.7158221006393433 
0.09303272515535355 0.8350291848182678 0.07193806767463684 
0.03263762220740318 0.6833588480949402 0.28400349617004395 
0.7756123542785645 0.21506290137767792 0.009324774146080017 
0.7978102564811707 0.1922033429145813 0.009986327961087227 
0.024546802043914795 0.40298351645469666 0.5724697113037109 
0.35127320885658264 0.6135112643241882 0.03521548584103584 
0.9388085007667542 0.05748259276151657 0.0037088459357619286 
0.6195745468139648 0.3590165972709656 0.02140882983803749 
0.9576272368431091 0.03913586586713791 0.0032368083484470844 
0.8926262855529785 0.10284790396690369 0.004525827243924141 
0.20650364458560944 0.7591408491134644 0.03435555100440979 
0.7637811303138733 0.22586308419704437 0.010355845093727112 
0.925864577293396 0.07063475251197815 0.003500708844512701 
0.18946266174316406 0.7085332870483398 0.10200411081314087 
0.24781323969364166 0.714682400226593 0.0375044047832489 
0.007803537417203188 0.3194548189640045 0.6727416515350342 
0.1817677915096283 0.7074763774871826 0.11075589060783386 
0.9053124785423279 0.09040310233831406 0.0042844959534704685 
0.6228848695755005 0.3644912540912628 0.012623865157365799 
0.06934695690870285 0.7967920899391174 0.1338609755039215 
0.38447222113609314 0.515632688999176 0.09989503026008606 
0.006033128127455711 0.10116257518529892 0.8928043246269226 
0.3028646409511566 0.639360785484314 0.057774584740400314 
0.11372599005699158 0.8339450359344482 0.05232890322804451 
0.9552382230758667 0.04164137318730354 0.003120367182418704 
0.5396373271942139 0.39682286977767944 0.0635397881269455 
0.8634589910507202 0.122834213078022 0.013706791214644909 
0.021878192201256752 0.589026927947998 0.38909488916397095 
0.04842064157128334 0.9002436399459839 0.051335737109184265 
0.16830304265022278 0.6709802150726318 0.16071674227714539 
0.5209506154060364 0.4576961100101471 0.021353255957365036 
0.30374830961227417 0.6405688524246216 0.05568285286426544 
0.1558220386505127 0.5363101959228516 0.30786779522895813 
0.9387809038162231 0.056789904832839966 0.004429195076227188 
0.4551568031311035 0.519553005695343 0.025290220975875854 
0.9287853240966797 0.06694906949996948 0.004265578463673592 
0.08567969501018524 0.7708533406257629 0.14346688985824585 
0.25182750821113586 0.6934279203414917 0.05474456772208214 
0.08557792007923126 0.6140084266662598 0.300413578748703 
0.35681185126304626 0.5843885540962219 0.058799609541893005 
0.029739877209067345 0.8246391415596008 0.1456209421157837 
0.9663070440292358 0.031223513185977936 0.0024694735184311867 
0.0783761590719223 0.8775750994682312 0.044048745185136795 
0.47621530294418335 0.5083290338516235 0.015455620363354683 
0.28731998801231384 0.6541457176208496 0.05853429436683655 
0.2355061024427414 0.7315357327461243 0.03295815363526344 
0.8563223481178284 0.13586640357971191 0.007811281364411116 
0.2962740659713745 0.6673291921615601 0.03639673441648483 
0.1558220386505127 0.5363101959228516 0.30786779522895813 
0.6859648823738098 0.2955460250377655 0.018489163368940353 
0.7748433947563171 0.2180066853761673 0.007149913813918829 
0.28771135210990906 0.6081147789955139 0.10417385399341583 
0.899666965007782 0.09534086287021637 0.0049922228790819645 
0.4244949519634247 0.5426658391952515 0.032839179039001465 
0.016390841454267502 0.5746366381645203 0.40897247195243835 
0.8818848133087158 0.11218658089637756 0.005928643513470888 
0.7225863933563232 0.2593707740306854 0.01804281212389469 
0.8914338946342468 0.10248062014579773 0.006085524335503578 
0.06238630786538124 0.5396696329116821 0.39794406294822693 
0.7461687326431274 0.24098598957061768 0.012845260091125965 
0.6581265330314636 0.3223418593406677 0.01953156292438507 
0.7370179891586304 0.24701401591300964 0.015968000516295433 
0.11228282004594803 0.8456034660339355 0.042113710194826126 
0.8965458869934082 0.09868966788053513 0.0047644441947340965 
0.007803537417203188 0.3194548189640045 0.6727416515350342 
0.2058447003364563 0.6510679125785828 0.14308731257915497 
0.1583337038755417 0.5552412271499634 0.28642508387565613 
0.8603214025497437 0.13191933929920197 0.007759225554764271 
0.7701260447502136 0.2208280861377716 0.009045809507369995 
0.783596932888031 0.20781709253787994 0.00858599878847599 
0.18523798882961273 0.6946620941162109 0.12009989470243454 
0.3030215799808502 0.6478176712989807 0.04916076734662056 
0.15551087260246277 0.6042525172233582 0.24023663997650146 
0.7420406937599182 0.24703088402748108 0.010928484611213207 
0.3863142132759094 0.5566843748092651 0.057001374661922455 
0.8279983997344971 0.16288529336452484 0.009116324596107006 
0.6178535223007202 0.3664439618587494 0.015702512115240097 
0.7295381426811218 0.25163570046424866 0.01882614754140377 
0.8678749203681946 0.12040560692548752 0.01171949040144682 
0.060711417347192764 0.879863977432251 0.05942457914352417 
0.8899179100990295 0.10294672101736069 0.007135363295674324 
0.49046212434768677 0.4768143892288208 0.03272354602813721 
0.8490068316459656 0.1473103165626526 0.003682847134768963 
0.6711599826812744 0.3138752281665802 0.014964817091822624 
0.002257882384583354 0.06678865849971771 0.9309535026550293 
0.08213566243648529 0.8727293014526367 0.0451350100338459 
0.8170592188835144 0.1735939234495163 0.009346913546323776 
0.0385790653526783 0.2642669081687927 0.6971540451049805 
0.7488265633583069 0.2380504608154297 0.013122938573360443 
0.4601413309574127 0.5218173265457153 0.01804131083190441 
0.560427725315094 0.3983701765537262 0.041202086955308914 
0.8914338946342468 0.10248062014579773 0.006085524335503578 
0.01818264089524746 0.5037219524383545 0.4780954122543335 
0.02787894755601883 0.4100989103317261 0.5620221495628357 
0.8664810061454773 0.12637965381145477 0.007139355875551701 
0.7270079255104065 0.25326448678970337 0.019727559760212898 
0.06785766035318375 0.6006371974945068 0.3315052092075348 
0.2613500654697418 0.6877111196517944 0.05093884468078613 
0.8558363914489746 0.13869555294513702 0.005468015093356371 
0.8558363914489746 0.13869555294513702 0.005468015093356371 
0.8582486510276794 0.1362588107585907 0.00549257593229413 
0.6722273230552673 0.3108665347099304 0.016906127333641052 
0.6847135424613953 0.2913311719894409 0.023955224081873894 
0.9566487669944763 0.04038607329130173 0.0029651413206011057 
0.9144287109375 0.08073711395263672 0.004834147170186043 
0.4416167736053467 0.5243138074874878 0.03406944125890732 
0.7915701270103455 0.19081330299377441 0.01761658675968647 
0.5873429775238037 0.39571553468704224 0.01694146916270256 
0.49161508679389954 0.48238858580589294 0.025996306911110878 
0.8115484714508057 0.16947180032730103 0.018979737535119057 
0.9205577373504639 0.07619728147983551 0.0032449907157570124 
0.9683046340942383 0.02906806766986847 0.0026272691320627928 
0.7942106127738953 0.1932326704263687 0.012556788511574268 
0.18878531455993652 0.7050926685333252 0.10612202435731888 
0.029271051287651062 0.6300745010375977 0.34065449237823486 
0.33432915806770325 0.5323876738548279 0.13328313827514648 
0.8523920178413391 0.14267858862876892 0.004929447080940008 
0.028727713972330093 0.6591507792472839 0.31212151050567627 
0.04428110644221306 0.7280496954917908 0.22766925394535065 
0.864672839641571 0.13021153211593628 0.005115659441798925 
0.8905702233314514 0.10302656143903732 0.00640321709215641 
0.036390434950590134 0.808861494064331 0.15474805235862732 
0.7697157263755798 0.2072889655828476 0.022995242848992348 
0.007018601521849632 0.502959668636322 0.4900217354297638 
0.8784691095352173 0.11579915136098862 0.0057317717000842094 
0.05695943161845207 0.8710824847221375 0.07195807993412018 
0.0011697511654347181 0.031652502715587616 0.96717768907547 
0.6600222587585449 0.31824827194213867 0.0217294879257679 
0.6567102074623108 0.32581397891044617 0.017475824803113937 
0.05963490158319473 0.7952314019203186 0.14513368904590607 
0.5955628752708435 0.3869764804840088 0.017460647970438004 
0.16081461310386658 0.7741232514381409 0.06506219506263733 
0.008843092247843742 0.1824299395084381 0.808726966381073 
0.6040782928466797 0.35165777802467346 0.04426386207342148 
0.007193803787231445 0.2427687644958496 0.7500374913215637 
0.8994004130363464 0.0954170748591423 0.005182594060897827 
0.16750097274780273 0.6032323241233826 0.2292667180299759 
0.9335749745368958 0.0634613186120987 0.0029636723920702934 
0.757026195526123 0.23211003839969635 0.010863772593438625 
0.7120360732078552 0.2602804899215698 0.027683425694704056 
0.7659739851951599 0.20867131650447845 0.025354702025651932 
0.7922593951225281 0.20163029432296753 0.00611031474545598 
0.07630368322134018 0.6817488074302673 0.24194756150245667 
0.8308601975440979 0.1613570898771286 0.0077827987261116505 
0.4893653094768524 0.4679555892944336 0.04267910122871399 
0.7330595850944519 0.254709392786026 0.012231001630425453 
0.4840540289878845 0.4702361524105072 0.04570980370044708 
0.8348145484924316 0.16187915205955505 0.003306256141513586 
0.0515097975730896 0.5859193205833435 0.3625709116458893 
0.9218236207962036 0.07280507683753967 0.00537131167948246 
0.32640501856803894 0.5667510032653809 0.10684392601251602 
0.5752736926078796 0.3910723924636841 0.03365388140082359 
0.4795479476451874 0.48512181639671326 0.035330235958099365 
0.875298798084259 0.12037871778011322 0.004322518594563007 
0.4648222029209137 0.4438685178756714 0.09130927920341492 
0.7752395272254944 0.21612875163555145 0.008631694130599499 
0.815285861492157 0.17728184163570404 0.007432250771671534 
0.8856275081634521 0.1088917925953865 0.005480745807290077 
0.19527393579483032 0.7456893920898438 0.059036657214164734 
0.04154522344470024 0.8777605295181274 0.08069421350955963 
0.9191879034042358 0.07736867666244507 0.003443386172875762 
0.8167738318443298 0.17085464298725128 0.012371591292321682 
0.024367325007915497 0.8657397031784058 0.10989300906658173 
0.31876763701438904 0.6240044832229614 0.057227909564971924 
0.9341346621513367 0.06178834289312363 0.004076972138136625 
0.495963990688324 0.47189417481422424 0.032141782343387604 
0.8109402656555176 0.17948701977729797 0.009572736918926239 
0.5720406770706177 0.399383544921875 0.028575778007507324 
0.5707282423973083 0.4053969979286194 0.023874761536717415 
0.08619316667318344 0.6944933533668518 0.21931353211402893 
0.9070978760719299 0.08791834861040115 0.004983807448297739 
0.573965847492218 0.3993118405342102 0.026722311973571777 
0.9385754466056824 0.05773900821805 0.0036855207290500402 
0.4622526466846466 0.5147401094436646 0.023007256910204887 
0.5496612787246704 0.4081231355667114 0.04221562296152115 
0.23981310427188873 0.7344046831130981 0.0257822647690773 
0.655357837677002 0.322949081659317 0.021693065762519836 
0.3276668190956116 0.6255306601524353 0.04680252820253372 
0.8813749551773071 0.11447207629680634 0.004152946639806032 
0.30471691489219666 0.6489953994750977 0.046287741512060165 
0.4680493175983429 0.4889354109764099 0.04301530495285988 
0.8702380061149597 0.12442749738693237 0.0053344774059951305 
0.9617530107498169 0.03409611061215401 0.004150895401835442 
0.6449919939041138 0.33195555210113525 0.023052506148815155 
0.3448716104030609 0.573641300201416 0.08148713409900665 
0.186825230717659 0.7274503707885742 0.08572433143854141 
0.62921142578125 0.3339715003967285 0.03681696578860283 
0.6181641221046448 0.36951252818107605 0.012323334813117981 
0.4804540276527405 0.4743896722793579 0.0451563261449337 
0.07549616694450378 0.6308512091636658 0.29365262389183044 
0.02263808622956276 0.6366983652114868 0.3406635522842407 
0.5982518196105957 0.3867720663547516 0.014976134523749352 
0.11358574777841568 0.5850862264633179 0.30132800340652466 
0.9630665183067322 0.03464001417160034 0.002293442375957966 
0.6517540812492371 0.3208506107330322 0.02739531360566616 
0.6200833320617676 0.3584337830543518 0.021482892334461212 
0.3890887498855591 0.5399437546730042 0.07096746563911438 
0.7078273892402649 0.2716328501701355 0.020539766177535057 
0.5455647110939026 0.42982131242752075 0.024613965302705765 
0.881795346736908 0.11123356223106384 0.006971101742237806 
0.9164934754371643 0.07967036962509155 0.00383612047880888 
0.650277853012085 0.3375638425350189 0.012158339843153954 
0.9109606742858887 0.08294138312339783 0.006097918376326561 
0.8406785726547241 0.15222693979740143 0.007094401866197586 
0.8406785726547241 0.15222693979740143 0.007094401866197586 
0.5033551454544067 0.4723131060600281 0.024331802502274513 
0.04800273850560188 0.658961296081543 0.29303601384162903 
0.8701311349868774 0.12468116730451584 0.0051877787336707115 
0.4880999028682709 0.47490134835243225 0.03699876368045807 
0.7540415525436401 0.23216892778873444 0.013789564371109009 
0.8067327737808228 0.18715107440948486 0.006116118282079697 
0.3422287404537201 0.6182863712310791 0.0394848957657814 
0.7604875564575195 0.2309199571609497 0.00859244354069233 
0.3468465805053711 0.6058352589607239 0.04731817543506622 
0.7680894732475281 0.2234063297510147 0.008504200726747513 
0.6683217287063599 0.3176764249801636 0.014001899398863316 
0.07563931494951248 0.8083997964859009 0.11596087366342545 
0.01818264089524746 0.5037219524383545 0.4780954122543335 
0.6364231705665588 0.35124802589416504 0.012328804470598698 
0.5189791917800903 0.45828965306282043 0.022731231525540352 
0.17522883415222168 0.6064906120300293 0.2182806134223938 
0.3124173581600189 0.6627060770988464 0.024876505136489868 
0.42499759793281555 0.538802981376648 0.03619936853647232 
0.3397146463394165 0.5578500628471375 0.10243529826402664 
0.03880390524864197 0.515821635723114 0.44537442922592163 
0.7708855271339417 0.20763368904590607 0.021480828523635864 
0.059134963899850845 0.6634851694107056 0.2773798704147339 
0.532146692276001 0.4343627095222473 0.03349057585000992 
0.9381572604179382 0.05727432668209076 0.004568464122712612 
0.08619316667318344 0.6944933533668518 0.21931353211402893 
0.4307379722595215 0.5277860164642334 0.04147599637508392 
0.8863387703895569 0.10690516233444214 0.006756056100130081 
0.009819534607231617 0.27242541313171387 0.7177550792694092 
0.039674099534749985 0.4214230179786682 0.5389029383659363 
0.19802424311637878 0.7323436141014099 0.0696321427822113 
0.5797592401504517 0.37325358390808105 0.04698723927140236 
0.8658328652381897 0.1291007250547409 0.0050664437003433704 
0.538179337978363 0.41428321599960327 0.04753747954964638 
0.425540566444397 0.5349734425544739 0.039485979825258255 
0.5216667652130127 0.45712512731552124 0.021208133548498154 
0.41690680384635925 0.5155572295188904 0.06753596663475037 
0.8199720978736877 0.1700104922056198 0.010017471387982368 
0.6756149530410767 0.31041693687438965 0.013968143612146378 
0.05044347047805786 0.897849977016449 0.05170658603310585 
0.9300109148025513 0.0666215792298317 0.003367564408108592 
0.047169242054224014 0.7004351019859314 0.2523956596851349 
0.2659977674484253 0.6681751012802124 0.06582722067832947 
0.2493264228105545 0.6736648678779602 0.07700864225625992 
0.4173741936683655 0.5516855716705322 0.030940255150198936 
0.6095183491706848 0.35958266258239746 0.030898991972208023 
0.8439332842826843 0.15112808346748352 0.004938723985105753 
0.0856078490614891 0.5508671402931213 0.3635249733924866 
0.13739657402038574 0.7543778419494629 0.10822556912899017 
0.003457257989794016 0.07451455295085907 0.9220281839370728 
0.3919057846069336 0.5582548975944519 0.049839261919260025 
0.6752862334251404 0.3116981089115143 0.013015643693506718 
0.5272800326347351 0.4547326862812042 0.01798725500702858 
0.12296115607023239 0.7744596004486084 0.10257921367883682 
0.6077216267585754 0.37987637519836426 0.012401961721479893 
0.14211627840995789 0.707838773727417 0.15004493296146393 
0.17192895710468292 0.524625837802887 0.3034451901912689 
0.5176573991775513 0.44631510972976685 0.036027491092681885 
0.19586430490016937 0.6406334638595581 0.16350223124027252 
0.1431189477443695 0.80743408203125 0.04944692179560661 
0.07099375873804092 0.24656571447849274 0.6824405193328857 
0.025784490630030632 0.3209420144557953 0.6532735228538513 
0.09983927756547928 0.6407455205917358 0.25941523909568787 
0.6990770101547241 0.28096964955329895 0.019953355193138123 
0.7940018177032471 0.18464399874210358 0.02135414257645607 
0.7542425394058228 0.23483192920684814 0.010925594717264175 
0.9035688042640686 0.09080460667610168 0.005626653786748648 
0.9035688042640686 0.09080460667610168 0.005626653786748648 
0.6350598931312561 0.345939040184021 0.019001096487045288 
0.0017576602986082435 0.10084547102451324 0.8973968029022217 
0.5611420273780823 0.40762755274772644 0.031230345368385315 
0.026105398312211037 0.7306224703788757 0.2432721108198166 
0.14846302568912506 0.7157371640205383 0.13579975068569183 
0.5602472424507141 0.4093133807182312 0.030439458787441254 
0.7566474676132202 0.22965915501117706 0.013693375512957573 
0.1374177783727646 0.721116840839386 0.14146532118320465 
0.9071061015129089 0.08807389438152313 0.004820062313228846 
0.7313401699066162 0.2570396661758423 0.01162012293934822 
0.17763656377792358 0.7581096887588501 0.06425376981496811 
0.17763656377792358 0.7581096887588501 0.06425376981496811 
0.8103469610214233 0.1787939816713333 0.010859126225113869 
0.5150925517082214 0.4507617950439453 0.03414571285247803 
0.8464122414588928 0.14938165247440338 0.0042061228305101395 
0.4053947329521179 0.5391279458999634 0.05547739192843437 
0.5909773707389832 0.3892190754413605 0.019803578034043312 
0.7680737376213074 0.2221386730670929 0.009787552058696747 
0.8713036775588989 0.12292543053627014 0.005770884454250336 
0.030122091993689537 0.37349027395248413 0.5963876247406006 
0.3224799335002899 0.6355863809585571 0.04193371161818504 
0.7191567420959473 0.27216506004333496 0.00867823138833046 
0.7318220734596252 0.23806463181972504 0.030113203451037407 
0.40761029720306396 0.5095276832580566 0.08286198228597641 
0.9201180934906006 0.07549773156642914 0.004384175408631563 
0.577303409576416 0.40226978063583374 0.020426779985427856 
0.4420710504055023 0.5343837141990662 0.023545218631625175 
0.5272777080535889 0.43982258439064026 0.0328996405005455 
0.07886367291212082 0.6581725478172302 0.26296377182006836 
0.08204758912324905 0.8737340569496155 0.044218339025974274 
0.661130964756012 0.32637539505958557 0.012493680231273174 
0.5554897785186768 0.41482171416282654 0.029688498005270958 
0.9203871488571167 0.07528071850538254 0.004332142416387796 
0.733178436756134 0.25608059763908386 0.010740946978330612 
0.6287509202957153 0.33653050661087036 0.03471861034631729 
0.15712954103946686 0.7093319296836853 0.13353851437568665 
0.03869745880365372 0.8509047031402588 0.11039790511131287 
0.758312463760376 0.2298995703458786 0.011787994764745235 
0.07133960723876953 0.4248920977115631 0.5037683248519897 
0.27616381645202637 0.6743306517601013 0.049505554139614105 
0.5924211144447327 0.3744586706161499 0.033120203763246536 
0.35120275616645813 0.5711575746536255 0.07763966172933578 
0.3939739167690277 0.5346701741218567 0.07135587930679321 
0.5789793133735657 0.4042206108570099 0.016800064593553543 
0.745772123336792 0.241064190864563 0.013163703493773937 
0.004917711950838566 0.12081722915172577 0.8742650151252747 
0.07171108573675156 0.8412824869155884 0.08700639009475708 
0.3272306025028229 0.6481079459190369 0.024661416187882423 
0.5774650573730469 0.40347370505332947 0.019061237573623657 
0.48445969820022583 0.48871999979019165 0.02682035230100155 
0.030189435929059982 0.4716918170452118 0.49811869859695435 
0.8154022693634033 0.17794731259346008 0.0066504813730716705 
0.8943341970443726 0.09926636517047882 0.0063994526863098145 
0.458418071269989 0.5006303787231445 0.04095154628157616 
0.9322237372398376 0.06408106535673141 0.003695219522342086 
0.7085986733436584 0.2783665060997009 0.01303478330373764 
0.9302163124084473 0.06501083821058273 0.004772823769599199 
0.8097984194755554 0.18141691386699677 0.008784664794802666 
0.10823729634284973 0.8286631107330322 0.06309955567121506 
0.5884248614311218 0.3984321355819702 0.013142968527972698 
0.362179160118103 0.5507315993309021 0.08708925545215607 
0.4564580023288727 0.49434804916381836 0.049194011837244034 
0.7910297513008118 0.20136043429374695 0.007609892636537552 
0.41486868262290955 0.5436503887176514 0.041480958461761475 
0.9173524975776672 0.07904575765132904 0.0036017652601003647 
0.09410680085420609 0.6921029090881348 0.21379023790359497 
0.10026408731937408 0.8056451082229614 0.09409087151288986 
0.6717930436134338 0.31649050116539 0.011716451495885849 
0.7627713680267334 0.23001070320606232 0.007217890582978725 
0.5583581328392029 0.4017219543457031 0.03991997614502907 
0.8450834155082703 0.14687807857990265 0.008038445375859737 
0.8218580484390259 0.16902637481689453 0.009115571156144142 
0.9361038208007812 0.06011844798922539 0.0037777528632432222 
0.6927520632743835 0.2956322133541107 0.011615711264312267 
0.8544696569442749 0.14051516354084015 0.005015236325562 
0.7525470852851868 0.23818735778331757 0.009265486150979996 
0.271180123090744 0.6116352081298828 0.11718469113111496 
0.6448510885238647 0.3366102874279022 0.018538611009716988 
0.7573436498641968 0.2281952053308487 0.014461129903793335 
0.7894130945205688 0.20290711522102356 0.0076798079535365105 
0.3583434224128723 0.5710183382034302 0.07063814997673035 
0.4382242262363434 0.5345091223716736 0.02726663276553154 
0.52130126953125 0.42221683263778687 0.05648186802864075 
0.7839294075965881 0.19892509281635284 0.017145443707704544 
0.08619316667318344 0.6944933533668518 0.21931353211402893 
0.3870605230331421 0.5563547015190125 0.05658477917313576 
0.5811125040054321 0.3812140226364136 0.03767341002821922 
0.8924526572227478 0.10369555652141571 0.0038517757784575224 
0.7462929487228394 0.23949958384037018 0.014207475818693638 
0.7468966245651245 0.23797465860843658 0.015128753148019314 
0.752395510673523 0.2336156815290451 0.013988816179335117 
0.05544648319482803 0.38192018866539 0.5626332759857178 
0.752395510673523 0.2336156815290451 0.013988816179335117 
0.752395510673523 0.2336156815290451 0.013988816179335117 
0.5694344639778137 0.4025043845176697 0.02806119993329048 
0.7169775366783142 0.2640087604522705 0.01901363767683506 
0.6715223789215088 0.31360742449760437 0.014870133250951767 
0.2793097496032715 0.5719448328018188 0.14874541759490967 
0.14127075672149658 0.7188974618911743 0.1398317515850067 
0.8927432894706726 0.10191889852285385 0.005337792914360762 
0.6763716340065002 0.29701122641563416 0.026617128401994705 
0.7280867099761963 0.2622593641281128 0.009653890505433083 
0.8525965809822083 0.14032872021198273 0.007074720226228237 
0.5629838705062866 0.42447414994239807 0.012542021460831165 
0.3723803758621216 0.584450364112854 0.04316924139857292 
0.34657803177833557 0.5500196814537048 0.10340229421854019 
0.42363104224205017 0.549390435218811 0.0269785113632679 
0.14764122664928436 0.6252006888389587 0.2271580547094345 
0.9515919089317322 0.045149222016334534 0.0032589100301265717 
0.5126121044158936 0.45391198992729187 0.03347586840391159 
0.033183954656124115 0.40544089674949646 0.5613751411437988 
0.07317110151052475 0.46105217933654785 0.4657766819000244 
0.7789886593818665 0.21419493854045868 0.0068163699470460415 
0.7024204730987549 0.28234100341796875 0.01523849181830883 
0.9479913711547852 0.048143450170755386 0.0038651993963867426 
0.683504581451416 0.2934008240699768 0.023094573989510536 
0.07945174723863602 0.606219470500946 0.31432878971099854 
0.715243399143219 0.2646954357624054 0.02006114087998867 
0.16337651014328003 0.6473008990287781 0.18932253122329712 
0.6451331973075867 0.3367832601070404 0.01808355003595352 
0.670339047908783 0.3134433329105377 0.01621760055422783 
0.3725961148738861 0.6002293229103088 0.02717455103993416 
0.06245037168264389 0.7622004151344299 0.1753491759300232 
0.7253755927085876 0.2596156895160675 0.015008801594376564 
0.5455089211463928 0.41395822167396545 0.04053283855319023 
0.25854960083961487 0.6725093126296997 0.06894110888242722 
0.9024854898452759 0.09240765869617462 0.005106844007968903 
0.7417292594909668 0.2479584515094757 0.010312254540622234 
0.033804405480623245 0.5173035264015198 0.44889208674430847 
0.0070772552862763405 0.0887800008058548 0.9041426777839661 
0.5296369791030884 0.4198787808418274 0.05048426613211632 
0.02411191537976265 0.3849208652973175 0.5909672379493713 
0.8634651303291321 0.12934282422065735 0.007192060351371765 
0.5840648412704468 0.36629027128219604 0.049644868820905685 
0.016125278547406197 0.7577288150787354 0.2261458784341812 
0.6893855333328247 0.27929070591926575 0.031323786824941635 
0.7263719439506531 0.2593821585178375 0.014245950616896152 
0.715243399143219 0.2646954357624054 0.02006114087998867 
0.6683924198150635 0.3195829391479492 0.01202463824301958 
0.9121372699737549 0.08194126933813095 0.005921548698097467 
0.5617190003395081 0.4010099172592163 0.03727109730243683 
0.011558959260582924 0.27649083733558655 0.7119502425193787 
0.868452250957489 0.12482203543186188 0.006725704297423363 
0.7958106398582458 0.19416676461696625 0.010022602044045925 
0.8130939602851868 0.17348085343837738 0.013425277546048164 
0.8706490397453308 0.12281156331300735 0.006539380643516779 
0.8193947672843933 0.16930986940860748 0.011295327916741371 
0.563127338886261 0.4116479754447937 0.02522473782300949 
0.4172251522541046 0.5681321620941162 0.014642716385424137 
0.6672579646110535 0.3167257308959961 0.016016388311982155 
0.15330585837364197 0.699433445930481 0.1472606658935547 
0.8414514660835266 0.1454191654920578 0.013129467144608498 
0.023537136614322662 0.5501396656036377 0.42632317543029785 
0.12022341042757034 0.84331876039505 0.0364578440785408 
0.906742513179779 0.08961349725723267 0.0036439914256334305 
0.8440726399421692 0.14887046813964844 0.0070569575764238834 
0.9448986649513245 0.05177975073456764 0.003321603871881962 
0.7221450209617615 0.26232001185417175 0.015534868463873863 
0.4013655185699463 0.45250093936920166 0.14613355696201324 
0.6322410702705383 0.34788814187049866 0.0198708176612854 
0.46220138669013977 0.5160918235778809 0.02170676924288273 
0.8383001685142517 0.1553700715303421 0.006329746451228857 
0.752395510673523 0.2336156815290451 0.013988816179335117 
0.6987078785896301 0.286719411611557 0.014572658576071262 
0.012951272539794445 0.4906022548675537 0.49644652009010315 
0.3570878803730011 0.6063922643661499 0.036519911140203476 
0.03299494460225105 0.5691611766815186 0.3978438675403595 
0.007803537417203188 0.3194548189640045 0.6727416515350342 
0.3918324112892151 0.5653742551803589 0.042793288826942444 
0.5478034019470215 0.41193750500679016 0.04025914520025253 
0.45027583837509155 0.5242765545845032 0.025447625666856766 
0.9533218741416931 0.043930795043706894 0.002747416030615568 
0.30390051007270813 0.5776717066764832 0.11842773109674454 
0.6113501191139221 0.3531951904296875 0.03545469790697098 
0.9323114156723022 0.06272246688604355 0.004966093227267265 
0.1320512741804123 0.7869687080383301 0.08098000288009644 
0.9116493463516235 0.08230334520339966 0.006047339644283056 
0.929847776889801 0.06566087901592255 0.004491328727453947 
0.6166677474975586 0.34352877736091614 0.039803534746170044 
0.8013404607772827 0.1887536346912384 0.009905978105962276 
0.5934162139892578 0.37764772772789 0.028936084359884262 
0.9548006057739258 0.041564252227544785 0.003635059343650937 
0.9119165539741516 0.08295874297618866 0.005124781746417284 
0.09982066601514816 0.7749367952346802 0.12524256110191345 
0.8544785976409912 0.13798518478870392 0.007536168210208416 
0.9494165778160095 0.04709075018763542 0.0034926682710647583 
0.89191073179245 0.1034325510263443 0.004656641278415918 
0.8097682595252991 0.18478770554065704 0.005444060545414686 
0.3002530038356781 0.6437854170799255 0.05596157908439636 
0.7004391551017761 0.28429967164993286 0.015261183492839336 
0.06591079384088516 0.810222327709198 0.12386687844991684 
0.9641569256782532 0.033713992685079575 0.002129138447344303 
0.05529680475592613 0.2975703775882721 0.6471328139305115 
0.3598898649215698 0.590452253818512 0.04965788125991821 
0.12753112614154816 0.6617254614830017 0.21074335277080536 
0.10430719703435898 0.7179247736930847 0.17776800692081451 
0.15356981754302979 0.7074063420295715 0.1390238255262375 
0.011566979810595512 0.12471417337656021 0.8637188076972961 
0.0018565362552180886 0.06799078732728958 0.9301526546478271 
0.04855934903025627 0.5921894907951355 0.3592511713504791 
0.8263877034187317 0.1678546965122223 0.005757567472755909 
0.6465095281600952 0.3338083326816559 0.019682152196764946 
0.6440848708152771 0.34081345796585083 0.015101656317710876 
0.01668623834848404 0.3037970960140228 0.6795166730880737 
0.7540415525436401 0.23216892778873444 0.013789564371109009 
0.5135302543640137 0.4655631184577942 0.02090667188167572 
0.928270697593689 0.06949857622385025 0.002230636542662978 
0.5310168266296387 0.4394131600856781 0.029569953680038452 
0.030233513563871384 0.4856812655925751 0.4840852916240692 
0.8902658820152283 0.10501746833324432 0.004716681782156229 
0.10096200555562973 0.48666444420814514 0.4123736023902893 
0.8695416450500488 0.12607643008232117 0.004381872247904539 
0.5150845050811768 0.4571400582790375 0.02777543105185032 
0.5956763625144958 0.3667919933795929 0.037531595677137375 
0.31535547971725464 0.6573758721351624 0.027268586680293083 
0.24318236112594604 0.6834096312522888 0.07340800017118454 
0.7566630840301514 0.2335858792066574 0.00975100975483656 
0.08619316667318344 0.6944933533668518 0.21931353211402893 
0.7711971998214722 0.21334759891033173 0.015455150976777077 
0.03290896490216255 0.879382848739624 0.08770816028118134 
0.2652209997177124 0.7011739611625671 0.03360510244965553 
0.5821382999420166 0.39740732312202454 0.02045445330440998 
0.27306339144706726 0.6876371502876282 0.03929943963885307 
0.8563786149024963 0.13895012438297272 0.0046712784096598625 
0.7760884165763855 0.21503913402557373 0.008872362785041332 
0.4600038230419159 0.5170965790748596 0.022899523377418518 
0.7479134202003479 0.23624201118946075 0.01584453321993351 
0.8112545609474182 0.17573201656341553 0.013013469986617565 
0.5858070254325867 0.37920400500297546 0.03498893603682518 
0.8808120489120483 0.11351124942302704 0.005676692351698875 
0.752395510673523 0.2336156815290451 0.013988816179335117 
0.9148667454719543 0.07871118187904358 0.006422019097954035 
0.06924576312303543 0.8635409474372864 0.06721321493387222 
0.5225032567977905 0.45776358246803284 0.019733145833015442 
0.5853933095932007 0.38575565814971924 0.028850987553596497 
0.5871968865394592 0.3954893946647644 0.017313724383711815 
0.6680877804756165 0.31654396653175354 0.015368274413049221 
0.7624479532241821 0.22470737993717194 0.012844700366258621 
0.5776350498199463 0.38635891675949097 0.03600605949759483 
0.4052446484565735 0.5712963938713074 0.023458918556571007 
0.2655409574508667 0.6747638583183289 0.05969521403312683 
0.41390228271484375 0.4962438941001892 0.08985390514135361 
0.5752318501472473 0.41189152002334595 0.012876666150987148 
0.9001160264015198 0.09550125151872635 0.004382737912237644 
0.3853859305381775 0.5865012407302856 0.028112808242440224 
0.42270389199256897 0.4101727604866028 0.16712328791618347 
0.47816166281700134 0.4897988736629486 0.03203947842121124 
0.08326224237680435 0.7531038522720337 0.16363391280174255 
0.674125611782074 0.30742400884628296 0.01845041662454605 
0.7238666415214539 0.261091947555542 0.01504140067845583 
0.027858423069119453 0.6499106884002686 0.32223084568977356 
0.046114228665828705 0.7909438610076904 0.16294199228286743 
0.8068478107452393 0.18150101602077484 0.011651145294308662 
0.7453533411026001 0.239651620388031 0.014995133504271507 
0.5286992192268372 0.42488181591033936 0.04641897231340408 
0.6259437799453735 0.3464560806751251 0.02760009467601776 
0.701856791973114 0.28988581895828247 0.008257382549345493 
0.9133062958717346 0.07982181757688522 0.006871784571558237 
0.8656781315803528 0.1272529810667038 0.007068862672895193 
0.3519632816314697 0.6214359402656555 0.02660079300403595 
0.8907064199447632 0.10369095206260681 0.005602655466645956 
0.8191950917243958 0.1672050505876541 0.013599789701402187 
0.2773618698120117 0.6915199160575867 0.03111818991601467 
0.3551766276359558 0.543450117111206 0.10137326270341873 
0.5166398286819458 0.43825316429138184 0.045107025653123856 
0.6425477266311646 0.3437044620513916 0.01374784391373396 
0.2991291880607605 0.6664714217185974 0.034399379044771194 
0.3093308210372925 0.6612250804901123 0.029444171115756035 
0.8303285241127014 0.16177038848400116 0.007901121862232685 
0.0948447734117508 0.6411430239677429 0.2640121877193451 
0.884056806564331 0.11136404424905777 0.004579159896820784 
0.03794582188129425 0.2614016532897949 0.7006524801254272 
0.7036740779876709 0.2839643359184265 0.012361517176032066 
0.7078221440315247 0.2807544469833374 0.01142340712249279 
0.6344788074493408 0.3511066138744354 0.014414588920772076 
0.8226770758628845 0.1725168526172638 0.004806083627045155 
0.7537185549736023 0.2323308140039444 0.01395057700574398 
0.5033873319625854 0.4688909649848938 0.027721652761101723 
0.16596023738384247 0.7131462693214417 0.12089353054761887 
0.37532341480255127 0.5857341885566711 0.03894243389368057 
0.03303953632712364 0.24527205526828766 0.7216883897781372 
0.8373100161552429 0.1567937135696411 0.005896241869777441 
0.17096805572509766 0.7504562139511108 0.07857569307088852 
0.42773115634918213 0.5143207907676697 0.057948093861341476 
0.28813493251800537 0.6175377368927002 0.09432731568813324 
0.9485004544258118 0.0488181933760643 0.00268136546947062 
0.734991192817688 0.25080606341362 0.014202727936208248 
0.6320106983184814 0.34832534193992615 0.019663933664560318 
0.8876779675483704 0.10532818734645844 0.006993846036493778 
0.28813493251800537 0.6175377368927002 0.09432731568813324 
0.1269753873348236 0.6685748100280762 0.20444980263710022 
0.9447566866874695 0.05150027945637703 0.003743018489331007 
0.8045372366905212 0.1880890130996704 0.007373725529760122 
0.0338415652513504 0.8894612789154053 0.07669708132743835 
0.7015506625175476 0.286094069480896 0.012355294078588486 
0.7472158074378967 0.24485571682453156 0.007928479462862015 
0.5217140913009644 0.4415634572505951 0.03672243654727936 
0.07671918720006943 0.7965514659881592 0.1267293393611908 
0.3162373900413513 0.6306871175765991 0.05307554453611374 
0.11605031043291092 0.797660768032074 0.08628898859024048 
0.9349033236503601 0.06282373517751694 0.0022728745825588703 
0.9687501192092896 0.02929084561765194 0.0019590025767683983 
0.20175546407699585 0.7099795341491699 0.08826493471860886 
0.603000819683075 0.3594909608364105 0.03750820830464363 
0.200508713722229 0.6321012377738953 0.16739006340503693 
0.8860193490982056 0.10852814465761185 0.0054524620063602924 
0.8474245071411133 0.14775143563747406 0.004824056290090084 
0.9278078675270081 0.06816656142473221 0.0040255095809698105 
0.08619316667318344 0.6944933533668518 0.21931353211402893 
0.6248549818992615 0.36027276515960693 0.01487225666642189 
0.0919550210237503 0.8607982397079468 0.047246817499399185 
0.6560038328170776 0.32916998863220215 0.014826228842139244 
0.9238861203193665 0.07169491797685623 0.0044189863838255405 
0.600713312625885 0.3666241466999054 0.032662563025951385 
0.9064237475395203 0.08652527630329132 0.007050992455333471 
0.21699605882167816 0.7473595142364502 0.03564445674419403 
0.03483927622437477 0.8017075061798096 0.16345323622226715 
0.3264031410217285 0.5838543772697449 0.08974243700504303 
0.3199489414691925 0.6563627123832703 0.02368840202689171 
0.3199489414691925 0.6563627123832703 0.02368840202689171 
0.4853474795818329 0.4897868037223816 0.024865686893463135 
0.7208837866783142 0.2693624794483185 0.009753771126270294 
0.5252959728240967 0.41590386629104614 0.05880014970898628 
0.39876657724380493 0.5704454183578491 0.030788015574216843 
0.24909351766109467 0.7044482231140137 0.046458300203084946 
0.9200063943862915 0.07477182894945145 0.005221775267273188 
0.9560572504997253 0.040779128670692444 0.0031636450439691544 
0.6914464831352234 0.2785346806049347 0.03001883439719677 
0.4418373703956604 0.506752073764801 0.051410526037216187 
0.15576766431331635 0.8114948272705078 0.03273748978972435 
0.8138279318809509 0.17942146956920624 0.006750564556568861 
0.8770332336425781 0.11823755502700806 0.004729267675429583 
0.7011227607727051 0.27445775270462036 0.024419471621513367 
0.25239163637161255 0.7076119780540466 0.03999634087085724 
0.07169682532548904 0.6788462400436401 0.24945692718029022 
0.14243972301483154 0.8300483226776123 0.02751186490058899 
0.43094518780708313 0.5433040857315063 0.025750763714313507 
0.8066393733024597 0.18603616952896118 0.007324532605707645 
0.027592912316322327 0.8469294905662537 0.1254776567220688 
0.016934674233198166 0.26776593923568726 0.7152994275093079 
0.029295144602656364 0.5276809334754944 0.44302400946617126 
0.9293579459190369 0.06645607948303223 0.004185997415333986 
0.8847312927246094 0.10837380588054657 0.006894921418279409 
0.539603054523468 0.40821322798728943 0.052183687686920166 
0.4655793011188507 0.5080332159996033 0.026387467980384827 
0.33300337195396423 0.6428797245025635 0.0241170022636652 
0.04405994340777397 0.9221848845481873 0.0337550975382328 
0.37152886390686035 0.5407378077507019 0.08773328363895416 
0.959732711315155 0.03769175335764885 0.0025756098330020905 
0.833817183971405 0.16023027896881104 0.00595249654725194 
0.7149259448051453 0.27601689100265503 0.009057143703103065 
0.48335742950439453 0.4934985041618347 0.023144088685512543 
0.6925221681594849 0.2954341769218445 0.012043680064380169 
0.651625394821167 0.3169872462749481 0.03138737007975578 
0.9145604372024536 0.08162659406661987 0.003813025541603565 
0.6148605942726135 0.3693527281284332 0.015786657109856606 
0.059756629168987274 0.5303198099136353 0.40992358326911926 
0.595758855342865 0.38343098759651184 0.02081010676920414 
0.006222812458872795 0.08994022756814957 0.9038369059562683 
0.7138881683349609 0.26851069927215576 0.017601128667593002 
0.7103362679481506 0.2717134952545166 0.01795026659965515 
0.8810068368911743 0.11092616617679596 0.008066975511610508 
0.5104415416717529 0.4663829803466797 0.023175520822405815 
0.8502716422080994 0.14011259377002716 0.009615846909582615 
0.9368242025375366 0.05883399769663811 0.0043418495915830135 
0.8330000042915344 0.1590542197227478 0.007945789955556393 
0.6149439215660095 0.366290807723999 0.018765266984701157 
0.1961003690958023 0.641008198261261 0.16289135813713074 
0.7340043783187866 0.25624847412109375 0.009747142903506756 
0.1504019945859909 0.7318491339683533 0.11774888634681702 
0.4088532626628876 0.4714983403682709 0.11964830756187439 
0.7896793484687805 0.1906857192516327 0.019634956493973732 
0.012193681672215462 0.11006338894367218 0.8777429461479187 
0.9526627659797668 0.044160254299640656 0.0031770416535437107 
0.9670184850692749 0.030461641028523445 0.002519795671105385 
0.9122635126113892 0.08222389221191406 0.00551255838945508 
0.16935457289218903 0.7725633382797241 0.05808206647634506 
0.8298443555831909 0.1634804606437683 0.006675150711089373 
0.004242502152919769 0.12696771323680878 0.8687898516654968 
0.3600429892539978 0.6033709049224854 0.03658610209822655 
0.6874284148216248 0.30124109983444214 0.01133044995367527 
0.6361170411109924 0.34980401396751404 0.01407899521291256 
0.3157269358634949 0.6350589394569397 0.049214091151952744 
0.08619316667318344 0.6944933533668518 0.21931353211402893 
0.458909273147583 0.4932982623577118 0.04779249057173729 
0.7174544334411621 0.2689965069293976 0.01354904193431139 
0.8675699234008789 0.12723812460899353 0.0051920474506914616 
0.24914556741714478 0.6534483432769775 0.09740601480007172 
0.12618504464626312 0.8161548972129822 0.057660043239593506 
0.10453357547521591 0.6062448620796204 0.28922149538993835 
0.6449549794197083 0.34196799993515015 0.013077016919851303 
0.27799543738365173 0.595646858215332 0.126357764005661 
0.7987216711044312 0.19070497155189514 0.010573364794254303 
0.7924888730049133 0.19375059008598328 0.013760527595877647 
0.0877639576792717 0.831932544708252 0.08030357956886292 
0.41192466020584106 0.5620486736297607 0.02602670155465603 
0.6104509234428406 0.3705231845378876 0.019025860354304314 
0.07643241435289383 0.7867967486381531 0.1367708295583725 
0.3199489414691925 0.6563627123832703 0.02368840202689171 
0.8219322562217712 0.1625349074602127 0.01553282793611288 
0.5081849098205566 0.4644479751586914 0.02736714668571949 
0.28077924251556396 0.6824734807014465 0.03674721717834473 
0.8337065577507019 0.13616761565208435 0.03012583963572979 
0.5702398419380188 0.41142240166664124 0.018337737768888474 
0.4122461974620819 0.561954915523529 0.02579892985522747 
0.05391285941004753 0.6291395425796509 0.3169476091861725 
0.7735130786895752 0.21734967827796936 0.009137221612036228 
0.7469382882118225 0.24253933131694794 0.010522372089326382 
0.04924175515770912 0.8329723477363586 0.11778590083122253 
0.043125856667757034 0.2936278283596039 0.6632463335990906 
0.9443507194519043 0.05152563750743866 0.004123641178011894 
0.10592315346002579 0.7759435772895813 0.1181333065032959 
0.5357023477554321 0.43981316685676575 0.024484429508447647 
0.2640749216079712 0.6916322708129883 0.04429280012845993 
0.505837082862854 0.4631598889827728 0.031003041192889214 
0.1077403724193573 0.5263182520866394 0.3659414052963257 
0.3005492091178894 0.6570849418640137 0.04236579313874245 
0.7921411991119385 0.1989891678094864 0.008869682438671589 
