0.71847236
0.70129883
0.88823295
0.87764084
0.025896799
0.117865175
0.09161881
0.116466165
0.851895
0.6707855
0.8465749
0.6329778
0.3804802
0.4577221
0.23829104
0.89037126
0.26519322
0.58083916
0.43600523
0.43069586
0.84498286
0.5494397
0.11769013
0.6498056
0.52463365
0.48854223
0.6326755
0.7682131
0.014253013
0.7913951
0.42708027
0.43960923
0.8342358
0.15572315
0.95362175
0.7359928
0.13327415
0.23739976
0.039219543
0.7672656
0.38178125
0.7596465
0.9079037
0.743166
0.41868502
0.7008573
0.047455356
0.86170274
0.4605987
0.7057623
0.13555185
0.13184695
0.13443112
0.6997678
0.7289194
0.84480125
0.55509937
0.03171029
0.6245093
0.72545606
0.92634183
0.72767067
0.05127841
0.36351457
0.8509671
0.79502624
0.23919952
0.7921849
0.02741112
0.21206035
0.7718278
0.28075528
0.649999
0.033037994
0.23029076
0.5559901
0.32892284
0.4814088
0.43705216
0.7835208
0.16960527
0.79812855
0.13681851
0.89433926
0.003637007
0.4641605
0.5200821
0.12015033
0.040547773
0.23273939
0.57806206
0.0061140326
0.7749478
0.41610473
0.7840488
0.9674153
0.88840926
0.8870989
0.8834985
0.6024666
0.32076004
0.70470715
0.7360735
0.2091147
0.4705258
0.68893296
0.41928855
0.8813086
0.47658283
0.035443705
0.9572451
0.8343348
0.47401863
0.86107236
0.87007326
0.4600524
0.41007733
0.92705333
0.8410976
0.87700033
0.16434547
0.84375435
0.8629085
0.7082496
0.14355852
0.6252054
0.7352344
0.9455626
0.64839494
0.24747784
0.92723954
0.47619122
0.006371457
0.46188074
0.7715801
0.2837258
0.12777735
0.633675
0.79350096
0.8118496
0.66769093
0.7260495
0.13027105
0.62433225
0.9361235
0.13514766
0.6191012
0.7912084
0.8291165
0.74712497
0.03438086
0.71936566
0.6974988
0.2536821
0.054344542
0.23017468
0.42462483
0.086401224
0.3252104
0.7897061
0.9162076
0.8440332
0.85902935
0.8304095
0.894331
0.001825758
0.59033173
0.40770048
0.7909116
0.57403046
0.5601865
0.00092933205
0.7945476
0.8643129
0.4238187
0.7777534
0.04179763
0.33068135
0.004832608
0.0018128178
0.70277804
0.3755566
0.3784456
0.8587685
0.67643
0.76775086
0.64878696
0.14668351
0.29780835
0.3814037
0.7481287
0.25573912
0.798444
0.010868432
0.010132752
0.021930601
0.88127756
0.7650321
0.67377985
0.8681409
0.8051846
0.3159795
0.81427974
0.20668022
0.7162846
0.05654748
0.8538517
0.0020868324
0.5830622
0.46129704
0.26672417
0.3504137
0.9229448
0.7325398
0.08576909
0.003314876
0.57877594
0.78638
0.12506881
0.93805015
0.73673457
0.4243864
0.91669357
0.23744993
0.44432306
0.84212697
0.6588441
0.8212505
0.6808786
0.91716367
0.3869792
0.4788974
0.8287902
0.22275917
0.30624846
0.96371365
0.86657894
0.621997
0.6542254
0.57929575
0.12566029
0.33687222
0.1288065
0.8934281
0.001408228
0.024548845
0.0019884566
0.47943413
0.4547446
0.6659683
0.099934034
0.07112157
0.5811161
0.55010533
0.8505095
0.3014558
0.23840693
0.32838663
0.3109694
0.235035
0.5028064
0.7803299
0.16217847
0.92622495
0.72276664
0.20025356
0.018708378
0.8373591
0.73768115
0.27273965
0.5901942
0.47934404
0.80034906
0.7223056
0.051986016
0.59747356
0.61876243
0.52881163
0.046611883
0.05070194
0.7802085
0.664704
0.23278189
0.96740526
0.67082095
0.97050595
0.6297746
0.48101994
0.7559314
0.52040154
0.0030916005
0.36468247
0.8918644
0.79588974
0.80020034
0.63875747
0.811569
0.7181533
0.56176037
0.5732383
0.4458859
0.6392996
0.007151313
0.86754614
0.83717823
0.52531904
0.65185297
0.40425465
0.70175755
0.77509844
0.17997852
0.3443925
0.3089263
0.7843461
0.23159027
0.11804173
0.26219645
0.035408024
0.6493445
0.7030574
0.6306968
0.8238219
0.8465135
0.64331657
0.93220586
0.54141986
0.86503583
0.8202355
0.19491829
0.21338122
0.8543758
0.50777274
0.7267616
0.6035685
0.09849111
0.2411203
0.11442577
0.7677517
0.9497329
0.13071741
0.93164927
0.7946569
0.7209755
0.4754499
0.3095973
0.86027414
0.9369541
0.71542096
0.85650927
0.7556935
0.8281331
0.7579863
0.0909522
0.36163774
0.9442541
0.6020144
0.75490534
0.9089988
0.0008229666
0.11213213
0.1836263
0.24491754
0.21915825
0.95675075
0.0017804841
0.34097865
0.53672963
0.25130188
0.7072046
0.5808445
0.018646155
0.8412251
0.018646155
0.6899413
0.62506217
0.77116454
0.8262664
0.0062597287
0.8644278
0.0066779917
0.70865095
0.6532179
0.9203642
0.7355342
0.24292617
0.8857457
0.80348974
0.60582113
0.92968476
0.43865284
0.800297
0.95938015
0.53023565
0.21505162
0.34512782
0.4784607
0.48523322
0.32132408
0.61552227
0.12622508
0.4542243
0.91249484
0.030317502
0.050684594
0.33963546
0.46665296
0.62519693
0.7957563
0.0007460759
0.5090114
0.0114961285
0.29617107
0.6443138
0.6389838
0.5772864
0.5578586
0.6421776
0.8208514
0.5915164
0.8056726
0.6892536
0.0016307576
0.9306887
0.6106549
0.54198986
0.066759445
0.6379008
0.52876943
0.55205315
0.5137657
0.28787777
0.003944627
0.08014236
0.7445574
0.86854845
0.4673809
0.0048333667
0.6635407
0.9107176
0.8803622
0.8670066
0.091813155
0.693283
0.38622758
0.6778801
0.6209136
0.60779434
0.8242577
0.8860523
0.8330339
0.75891924
0.9064434
0.56976765
0.93267274
0.89771587
0.56852174
0.92062175
0.8883814
0.95448065
0.82522964
0.91883945
0.34620053
0.80769694
0.9150075
0.85608333
0.5893354
0.499336
0.7626957
0.85424984
0.48151067
0.8394514
0.36887455
0.6362302
0.905612
0.37682548
0.8172527
0.40572327
0.8096428
0.3856668
0.557289
0.8793417
0.7825964
0.61482394
0.8525298
0.61194307
0.6001586
0.9420799
0.0074381884
0.9263588
0.9503379
0.9691222
0.09754236
0.7479607
0.14833945
0.9277338
0.5598636
0.6623149
0.6644394
0.21905322
0.8832771
0.9165077
0.69308233
0.93021435
0.6502915
0.6089877
0.7280907
0.85629994
0.71908706
0.5954314
0.7020213
0.8561059
0.63945657
0.8205867
0.48190722
0.4832983
0.87416357
0.014032617
0.8114787
0.5165095
0.8962821
0.7696719
0.0124009885
0.5401099
0.37474173
0.42306155
0.007030036
0.176999
0.68551767
0.77257913
0.6705174
0.76141185
0.92648536
0.70068
0.48702633
0.7374204
0.89884967
0.02828829
0.89407986
0.5806367
0.65509313
0.9146812
0.037304893
0.64358574
0.6924421
0.7096175
0.18626611
0.7642165
0.8088027
0.94200253
0.8466488
0.8660378
0.84005964
0.48420772
0.8235455
0.7159859
0.9470885
0.791763
0.81902045
0.026064755
0.5820141
0.7205229
0.041096773
0.33636254
0.9394282
0.81410044
0.9241646
0.16424295
0.0016078014
0.0031063384
0.81536067
0.3231829
0.4189247
0.79085356
0.8057731
0.20955996
0.7000086
0.8940819
0.777909
0.6494897
0.8400428
0.855291
0.35558334
0.00811247
0.813596
0.7912692
0.27276632
0.707903
0.3486177
0.5730791
0.14689408
0.8331271
0.22267546
0.91830826
0.6254141
0.8335584
0.91829365
0.36725205
0.8861245
0.6301645
0.8636256
0.7072032
0.3679175
0.76937044
0.5692848
0.329594
0.34406954
0.011868489
0.76110995
0.448349
0.95491844
0.24356982
0.81479317
0.8140179
0.92718226
0.025744686
0.011017944
0.8211652
0.88941413
0.32163724
0.8079841
0.03171989
0.7549693
0.8011146
0.5107941
0.5674942
0.4812842
0.3148062
0.5087807
0.8366619
0.8596342
0.015725767
0.89256984
0.38189998
0.30493504
0.48054475
0.66143006
0.33979213
0.5727174
0.47707763
0.0013410717
0.36856166
0.97206795
0.84721494
0.92059886
0.52714616
0.6933907
0.0061547644
0.6122089
0.7542371
0.8614492
0.828951
0.21569364
0.61259234
0.8234592
0.34986663
0.7944049
0.28462377
0.24496025
0.6816117
0.09479553
0.75585675
0.65130347
0.7516117
0.6123479
0.703842
0.9000827
0.8375693
0.4604521
0.8065233
0.9665814
0.006038453
0.747495
0.9192507
0.8891647
0.92404395
0.7648859
0.8089805
0.6346261
0.8923959
0.5007244
0.60146075
0.8671
0.5448789
0.8361022
0.07954337
0.6742181
0.9110325
0.67241365
0.72199476
0.90185416
0.71327275
0.7907326
0.76836175
0.58733916
0.97461987
0.18425846
0.7398582
0.5602708
0.26738515
0.90697205
0.932089
0.8718381
0.79342216
0.75532776
0.81891394
0.8867331
0.72380775
0.58063626
0.9310418
0.66328835
0.7793935
0.6055921
0.8446978
0.5511132
0.35504445
0.626449
0.5316097
0.37228516
0.94957066
0.5318239
0.8152995
0.4950674
0.9747892
0.50996435
0.92993873
0.6972732
0.5109161
0.962373
0.8494084
0.6449316
0.9190962
0.738473
0.755351
0.79264665
0.9544044
0.7648685
0.01761335
0.7039011
0.93093914
0.7097157
0.5527884
0.8605365
0.94373846
0.9163011
0.15170996
0.7097139
0.24593122
0.72876024
0.7307508
0.26687616
0.32165873
0.40761298
0.7654459
0.58443195
0.42771056
0.2515108
0.8040362
0.7555737
0.4102516
0.43042806
0.2743788
0.3802912
0.71794426
0.53594524
0.29316044
0.2949179
0.86502194
0.62231743
0.9732093
0.8158488
0.09442282
0.9741014
0.6119735
0.77443963
0.82445174
0.6003363
0.8916718
0.740483
0.33338243
0.6256735
0.0116098495
0.5962163
0.38949314
0.71644306
0.92823476
0.0605774
0.8509801
0.6958374
0.7785333
0.8534794
0.50716907
0.08061759
0.007128956
0.7488853
0.9352725
0.6815673
0.75040895
0.41664612
0.9611682
0.6572637
0.921417
0.621406
0.6863506
0.7909829
0.81720304
0.6623845
0.8361521
0.48162538
0.0033731714
0.02847007
0.8928943
0.878155
0.0022936456
0.64010787
0.9099189
0.9098761
0.86939454
0.58338565
0.7921369
0.067893624
0.6403761
0.71142584
0.5019417
0.5649167
0.1454223
0.8157695
0.8985848
0.8598314
0.4419114
0.39335996
0.9433406
0.36118606
0.025861312
0.8069759
0.7226191
0.5590243
0.937303
0.63900286
0.8617495
0.0066494048
0.4111048
0.010239408
0.7223733
0.5810986
0.26706222
0.95540243
0.3707875
0.13141501
0.5658459
0.3152007
0.807442
0.17429432
0.6423751
0.5645757
0.57979876
0.9364881
0.851668
0.8543547
0.00067682914
0.8804789
0.8581494
0.88315386
0.7807773
0.13301203
0.15752895
0.7023488
0.23278774
0.118515596
0.45528206
0.6759469
0.7547743
0.9084168
0.0014050478
0.8752652
0.53608596
0.5947296
0.8546731
0.79014915
0.286665
0.8416441
0.628227
0.9472958
0.7257453
0.81648517
0.6530543
0.42793083
0.65908366
0.86210275
0.10609239
0.7337441
0.91030866
0.2819648
0.5031898
0.5539191
0.66964465
0.8992305
0.264313
0.7452272
0.51797754
0.38882956
0.94282657
0.9465719
0.61048603
0.90042627
0.7149509
0.6911118
0.427752
0.61266774
0.7666694
0.70835394
0.9322684
0.5107941
0.9383709
0.91396075
0.8491978
0.6446212
0.9038901
0.049537726
0.83378357
0.84655106
0.77500755
0.39980134
0.5367738
0.69237375
0.29662508
0.41933793
0.45782223
0.6625757
0.8221925
0.68836325
0.77153105
0.42136562
0.89548874
0.8303452
0.05391147
0.09467178
0.82701546
0.7210271
0.6306824
0.7732223
0.6815548
0.85749125
0.73851424
0.5770453
0.83444524
0.8914022
0.88223827
0.10179179
0.26272064
0.009718596
0.551911
0.12829874
0.7110245
0.21018198
0.7894243
0.8847995
0.8610794
0.94586456
0.9409966
0.21527852
0.82088715
0.7635322
0.69307405
0.00786531
0.85819465
0.80967206
0.63343465
0.85139555
0.76361877
0.5841135
0.40556112
0.5841135
0.73637396
0.8956744
0.71628517
0.5329104
0.5969634
0.8257493
0.5974029
0.77836734
0.887844
0.7391538
0.9161988
0.0024182484
0.1180472
0.8531987
0.9208455
0.36715055
0.7152404
0.5549754
0.7313365
0.0013859004
0.8855836
0.009718596
0.48281434
0.69020134
0.82882196
0.62767833
0.09857164
0.37040222
