0.12155117
0.03011377
0.75178534
0.86260796
0.93380487
0.7556475
0.05173739
0.9161441
0.3291596
0.324266
0.85318744
0.3786665
0.0058930614
0.8781277
0.10155233
0.039633017
0.7864634
0.017926315
0.81821996
0.084490836
0.28306985
0.25042596
0.25042596
0.85380566
0.79518735
0.93272793
0.053250153
0.84181607
0.3896008
0.83044267
0.12434268
0.9012017
0.87738913
0.26265004
0.12951252
0.93712556
0.8603944
0.70582813
0.8349886
0.89797175
0.67685527
0.6116806
0.008109083
0.2365607
0.9040897
0.012165705
0.046993908
0.17110053
0.59222615
0.5205328
0.0057301
0.47642225
0.17255771
0.5094009
0.027968181
0.053250153
0.93547666
0.013341284
0.03963121
0.05954741
0.13037315
0.041280597
0.32050866
0.38285422
0.017155608
0.20876305
0.4083275
0.7370724
0.022633957
0.4772594
0.14273702
0.022479402
0.64913166
0.11516802
0.017398091
0.8772455
0.16003256
0.9709344
0.7080543
0.22305109
0.6834138
0.5765972
0.07253997
0.55313516
0.65138
0.4724416
0.053250153
0.081504576
0.08708912
0.026887067
0.675452
0.87752646
0.002719108
0.0077789202
0.8369835
0.20733014
0.6784023
0.3170405
0.8958993
0.7311019
0.08790061
0.69691384
0.108727165
0.06892824
0.4469807
0.9189405
0.6925411
0.88492244
0.9003161
0.7382217
0.047196288
0.53482527
0.108727165
0.7999616
0.45804456
0.8889752
0.108727165
0.12415235
0.5617871
0.77888834
0.77582985
0.8190055
0.5717177
0.053050473
0.92642736
0.053250153
0.0068462156
0.02261402
0.033028036
0.03782495
0.02852053
0.8190055
0.8413701
0.65721965
0.14284882
0.9097931
0.5991432
0.18414098
0.5992507
0.8933464
0.14848223
0.7616936
0.6975535
0.14582002
0.6452859
0.5461002
0.20595077
0.787732
0.053250153
0.7553511
0.8241748
0.5704007
0.5709394
0.054355897
0.039856702
0.81451046
0.019536624
0.92671865
0.79342836
0.03479873
0.013895536
0.19797853
0.37428898
0.32438523
0.40268138
0.8097208
0.010875328
0.0056806547
0.55823654
0.40276426
0.3772959
0.02192464
0.053250153
0.8044427
0.6534592
0.06210878
0.73082423
0.9303718
0.942134
0.01582889
0.09921319
0.9519688
0.71481895
0.19103302
0.119428776
0.020141983
0.21610774
0.765308
0.80224055
0.861845
0.12204531
0.57830536
0.030221261
0.2017194
0.01444498
0.10463436
0.038919866
0.6170915
0.7946249
0.24694324
0.18083674
0.025961477
0.2918308
0.038512304
0.18033324
0.735195
0.017353088
0.0049792873
0.92637366
0.018954784
0.009095225
0.48320746
0.024936965
0.00762572
0.09767287
0.016083134
0.24266393
0.5135642
0.09434089
0.053250153
0.089939795
0.17322375
0.004205472
0.057617355
0.8357003
0.22555825
0.59950036
0.5667821
0.065013364
0.6700203
0.6548524
0.47711432
0.4525319
0.0170832
0.05661173
0.053250153
0.029297575
0.19735962
0.26492423
0.013679775
0.033392847
0.92552453
0.5135183
0.16836685
0.16987361
0.26385373
0.7371493
0.053250153
0.73865676
0.6755239
0.9309069
0.15429056
0.080433905
0.009931106
0.7919857
0.45143846
0.41551164
0.59514165
0.0048475256
0.09646791
0.41871363
0.898293
0.25852817
0.0080761975
0.5419879
0.52216864
0.0014310802
0.8119533
0.22155146
0.04956344
0.009839612
0.1289815
0.8906197
0.017719638
0.48229438
0.22554526
0.3334205
0.17269473
0.49730262
0.50509787
0.10684279
0.64599514
0.43152705
0.6964088
0.28886887
0.053250153
0.31773022
0.1325217
0.10621655
0.48527363
0.047433708
0.55484474
0.9346521
0.36152628
0.7606132
0.51521194
0.036874775
0.19875312
0.019996386
0.017747907
0.017747907
0.060022537
0.8797667
0.017747907
0.017747907
0.053250153
0.025221694
0.3821198
0.8245966
0.060022537
0.060022537
0.060022537
0.060022537
0.016740484
0.017678732
0.20067932
0.3334205
0.8731163
0.11285576
0.14549702
0.019201228
0.40443048
0.56974053
0.18931402
0.18931402
0.18931402
0.1473764
0.6437571
0.6437571
0.53966475
0.044778086
0.9452054
0.24999249
0.7722482
0.01698135
0.016925631
0.10075881
0.022160381
0.014291771
0.7223621
0.01977726
0.29094687
0.053250153
0.01698135
0.005858559
0.047487475
0.24794127
0.09854226
0.13658059
0.9302875
0.17745474
0.54038674
0.29865372
0.017424572
0.2997482
0.59981036
0.01905788
0.0030238219
0.92783886
0.24282156
0.79564375
0.17964895
0.075881116
0.0010759349
0.053250153
0.24150091
0.37139317
0.6880525
0.36378816
0.10860056
0.017312374
0.24117127
0.4849729
0.02291135
0.0063047335
0.033991195
0.06086426
0.019437425
0.19707349
0.016432693
0.0033306
0.12545803
0.017189339
0.01613129
0.012568242
0.018382328
0.015684418
0.017527334
0.0171921
0.009385603
0.023632253
0.9198507
0.021206731
0.091823615
0.1845426
0.112293415
0.027335614
0.045813914
0.0345082
0.83754116
