0.0035791874
0.0065541514
0.89924175
0.014143035
0.027687917
0.027092662
0.011888395
0.009123339
0.0021375231
0.019122299
0.005824684
0.014480512
0.9076042
0.0053380863
0.038259044
0.0051271454
0.06596705
0.026374262
0.01804547
0.072754815
0.029268164
0.011425672
0.027959613
0.043929845
0.020571081
0.6377374
0.012539971
0.00893948
0.03168255
0.005924333
0.004492983
0.02672179
0.007928632
0.014742277
0.013554219
0.0044893133
0.12071152
0.0038854787
0.9399504
0.00829261
0.014865739
0.7903335
0.025951391
0.003687716
0.098734684
0.008158976
0.0066797235
0.0061578173
0.12837543
0.0077594244
0.00497507
0.026907913
0.055665534
0.0058283573
0.06263355
0.0026253106
0.004257291
0.10058272
0.06945551
0.010051798
0.04533624
0.0072957817
0.009919885
0.0034349198
0.0056951437
0.0163218
0.010388173
0.016121132
0.0032118578
0.8962284
0.27499563
0.04767852
0.07416922
0.0033829904
0.0033829904
0.007422601
0.20927587
0.012764559
0.029532753
0.008832381
0.00849951
0.011545806
0.06945551
0.011815176
0.03390867
0.020985972
0.041380856
0.031973608
0.066545054
0.022394529
0.005898055
0.0058466187
0.21969281
0.019067522
0.018257437
0.0035426866
0.021344157
0.045406118
0.02363303
0.010693592
0.18996722
0.02897077
0.015504298
0.07246152
0.002498392
0.02546161
0.070600234
0.013851355
0.024118356
0.0065756217
0.007936013
0.002332052
0.0026827778
0.012032322
0.010788244
0.059081305
0.028019607
0.0064841784
0.057122413
0.05209193
0.055717114
0.55303687
0.301617
0.008045893
0.0028215605
0.053775758
0.7641322
0.013351089
0.0848409
0.07239676
0.020847207
0.018774942
0.011001888
0.09283499
0.086238936
0.013159895
0.06939442
0.8360474
0.0108551085
0.009580665
0.013536166
0.004638774
0.016162215
0.572825
0.13405405
0.008422349
0.010802833
0.01070591
0.008320543
0.97627413
0.02964256
0.020295938
0.36937654
0.047119085
0.0036866984
0.01256342
0.002332052
0.055620357
0.02682982
0.0046402714
0.005251566
0.0126832435
0.012996845
0.0041129556
0.010243598
0.0027834442
0.010460342
0.0044870675
0.012870556
0.036209445
0.011001924
0.007572782
0.024215091
0.0055333553
0.031849224
0.011373896
0.008004478
0.019505037
0.025577262
0.007167407
0.033124845
0.002524724
0.01363325
0.08717181
0.02593968
0.019186087
0.025727019
0.02304
0.02727181
0.013922398
0.98872596
0.005008364
0.002332052
0.053736847
0.00536701
0.011953369
0.012636431
0.46060574
0.045186423
0.065098576
0.99008685
0.0028951953
0.012104387
0.086228386
0.008887684
0.013605134
0.041173574
0.16244645
0.1101952
0.026514536
0.0044210735
0.058330584
0.02822023
0.025916992
0.102207385
0.010432001
0.06271499
0.007322875
0.0050110104
0.0053468132
0.93960357
0.022507465
0.036908038
0.049520127
0.006657161
0.058553968
0.008838884
0.050072577
0.0039781868
0.0271719
0.014620841
0.03334998
0.09361584
0.35884863
0.0109777
0.014632497
0.012859181
0.010912619
0.016920961
0.012412705
0.0030838714
0.04046671
0.0027468854
0.004741623
0.054457486
0.35903707
0.09866832
0.01638144
0.1906667
0.012949835
0.057237934
0.010897351
0.90416044
0.03771074
0.012206845
0.048726216
0.0059458343
0.020412445
0.10868775
0.0026920722
0.9299766
0.0039678076
0.021120455
0.0018365937
0.015279748
0.13954449
0.033610884
0.02208226
0.00427964
0.013487228
0.016747499
0.0385304
0.023943996
0.006487371
0.039896224
0.024424838
0.023867609
0.0033965618
0.009235329
0.7066843
0.20581056
0.077186055
0.002908136
0.06536427
0.010953887
0.02433395
0.017810589
0.014244972
0.014317661
0.0051860525
0.96285033
0.0068860515
0.01065087
0.010382785
0.0045480616
0.0060650916
0.0060650916
0.81118536
0.007856621
0.32361144
0.08399202
0.011075637
0.0032915098
0.01611917
0.0029996773
0.20107837
0.014317661
0.050601803
0.014317661
0.019196669
0.1649073
0.014317661
0.014317661
0.007255988
0.016527938
0.1751479
0.008577146
0.0074822814
0.008743009
0.9735508
0.008353511
0.019881511
0.017307805
0.9340053
0.92927974
0.002197319
0.094997585
0.011988698
0.29284388
0.021824012
0.028787768
0.008142394
0.008905789
0.015170619
0.050085608
0.16045403
0.012403443
0.7621645
0.11410697
0.0052496786
0.027581384
0.032079507
0.0128673725
0.004008819
0.021792585
0.46254796
0.0078623425
0.0046811197
0.017311879
0.007359288
0.07713829
0.067217804
0.5847815
0.017305098
0.9782512
0.012131927
0.023236465
0.009542077
0.009892908
0.07133672
0.021705646
0.09521641
0.029243901
0.05305186
0.016385559
0.31511882
0.00827671
0.02980316
0.413873
0.01931041
0.028718483
0.009291878
0.97968024
0.028416276
0.0036933564
0.1328251
0.014640597
0.032275014
0.0024646798
0.0040600803
0.9502859
0.007918887
0.0058036055
0.014314329
0.0110097835
0.8295047
0.6518131
0.0021576686
0.009555946
0.009505906
0.036588777
0.017779283
0.013193182
0.045586746
0.005717622
0.00296992
0.013063031
0.06513163
0.0077519426
0.01683612
0.0022469135
0.008346491
0.00615902
0.0045829806
0.13618387
0.070327364
0.027542323
0.045586746
0.011972008
0.759234
0.031005377
0.017152293
0.03186048
0.12352798
0.00359711
0.0055760555
0.01006726
0.012892436
0.017886233
0.029649414
0.024728635
0.4171018
0.052282397
0.039131366
0.013174208
0.01140717
0.0471524
0.0052750325
0.20876138
0.0067543495
0.0053172396
0.038980592
0.005106385
0.0705959
0.015151791
0.28738865
0.008430713
0.11761446
0.012534263
0.13613422
0.013136423
0.013935579
0.008008052
0.38838285
0.003244008
0.021017483
0.012519837
0.19414555
0.0073589594
0.52656406
0.71487695
0.00612612
0.26248187
0.06964964
0.9169042
0.08724959
0.005885457
0.9522786
0.5677579
0.01778887
0.0062405975
0.17701925
0.0039632786
0.017503701
0.015528931
0.18701325
0.6479623
0.012156389
0.0031080625
0.012214429
0.8706518
0.0954217
0.027409527
0.005329332
0.22958799
0.004114549
0.010320736
0.08204674
0.021332167
0.005631192
0.061939873
0.5100813
0.0057616867
0.007380945
0.0069036996
0.0211116
0.1200723
0.01693234
0.003781957
0.1490367
0.40630865
0.061797023
0.009619745
0.010905965
0.029051652
0.08679553
0.0052100294
0.004397154
0.016850261
0.32651606
0.34146902
0.030740423
0.0021241775
0.07860402
0.15360121
0.05898138
0.007949988
0.058308516
0.010127129
0.0027109068
0.011119942
0.0071352497
0.004864431
0.014558351
0.008858451
0.018402439
0.011828046
0.009196014
0.022601567
0.06687937
0.025388418
0.0019457219
0.027755938
0.041130684
0.35201773
0.004158804
0.0072662705
0.020951902
0.022705263
0.026385458
0.058318473
0.017461108
0.0038372364
0.010128542
0.0068149175
0.002496213
0.004351819
0.87525374
0.025661107
0.023860445
0.0024075382
0.0074202884
0.03544518
0.020717844
0.01878638
0.0062797507
0.06401257
0.0030859385
0.02473821
0.0070778998
0.006144045
0.006470164
0.02311778
0.03608461
0.0042619715
0.005563384
0.008104023
0.0025425497
0.022294506
0.009871562
0.895997
0.011004982
0.03651764
0.0092158485
0.006166365
0.01835716
0.9664007
0.26661482
0.034058176
0.016575277
0.9753626
0.22440456
0.96886057
0.17973962
0.0024308802
0.3828067
0.0034448977
0.14394337
0.01602645
0.006285166
0.37453845
0.041758817
0.0023808896
0.08905926
0.019323155
0.06767461
0.010185623
0.060309943
0.144881
0.053708516
0.09675585
0.060309943
0.03748912
0.030326596
0.0058186245
0.0035220543
0.06729684
0.09659405
0.013669979
0.0027456658
0.060287002
0.04660879
0.0017796616
0.01782025
0.7698177
0.16324848
0.065375194
0.01305681
0.023456449
0.0065249843
0.0092158485
0.012519865
0.92100686
0.020523604
0.0138378665
0.012326216
0.0303264
0.024527559
0.0092158485
0.0033361386
0.0092158485
0.0027042811
0.04130783
0.007832873
0.019981304
0.9581616
0.010035659
0.013637832
0.012936145
0.022593832
0.31958976
0.0082562445
0.7251612
0.08920932
0.0058009406
0.93414116
0.0060133077
0.8006017
0.028063273
0.022672594
0.0053880704
0.017799394
0.01253265
0.02231672
0.00601158
0.74649155
0.014467105
0.12895279
0.007405615
0.00829033
0.0053256853
0.03396447
0.02515743
0.0093553085
0.008449694
0.012314222
0.016802106
0.083690725
0.040370982
0.034176223
0.018975308
0.008981012
0.8922264
0.008981012
0.65108156
0.021551207
0.0040134736
0.010256198
0.5894641
0.010242563
0.0034439105
0.007753253
0.5090967
0.008981012
0.0039468263
0.007587292
0.018067228
0.96436125
0.046373356
0.05101631
0.07062369
0.14262864
0.008440478
0.16670287
0.011486853
0.042573612
0.491707
0.0051019844
0.12616159
0.029597703
0.05971418
0.5983792
0.011718301
0.009656617
0.0054652053
0.9341359
0.01494511
0.05917225
0.017551128
0.46170306
0.0037043008
0.005911926
0.9353614
0.6192161
0.007518332
0.0072993
0.059380125
0.06390428
0.0057159523
0.034955647
0.18243358
0.028853614
0.026926083
0.021163505
0.012683978
0.0072581787
0.0039468263
0.0721184
0.09046831
0.043914218
0.01510057
0.017541511
0.978893
0.009885128
0.015971506
0.009165473
0.0141154835
0.32197112
0.0030583495
0.98598564
0.015272012
0.11957181
0.023119902
0.019415151
0.057089873
0.82904255
0.053823378
0.8873165
0.010762298
0.06579869
0.0039673243
0.00609821
0.033772253
0.018597484
0.01516014
0.024673784
0.03458526
0.003994753
0.05791346
0.44462714
0.21920489
0.22432038
0.022844674
0.4697076
0.028147617
0.61611223
0.005227184
0.9379791
0.0034280347
0.9747492
0.008998833
0.007777829
0.010125478
0.89938617
0.005270956
0.036359128
0.0045636697
0.016849915
0.012621658
0.012462131
0.11607969
0.008403118
0.028484195
0.004508488
0.0133147
0.38087705
0.004668782
0.9094805
0.0220073
0.013528839
0.07246059
0.30098316
0.0066719754
0.015697131
0.0072317678
0.00996726
0.028383309
0.9496585
0.12166771
0.010622391
0.0037946003
0.0044929646
0.095448226
0.59711415
0.0054073124
0.06509777
0.02147661
0.04648249
0.031381663
0.14437944
0.0034492533
0.0056944285
0.009480115
0.015470951
0.8429601
0.022525495
0.019116424
0.038059834
0.005225367
0.70558375
0.88726354
0.012750406
0.009185403
0.006872553
0.009312937
0.007204588
0.0064197504
0.024420679
0.063124634
0.035688955
0.011031432
0.0065560085
0.45174628
0.027453521
0.08195033
0.8818466
0.16738857
0.09444842
0.01546041
0.03400525
0.012410724
0.18064108
0.0034068192
0.0062719486
0.0034068192
0.01765246
0.03790716
0.01799425
0.019920286
0.8828502
0.0039180717
0.9636626
0.043313302
0.02690727
0.0090772025
0.0061498727
0.006206892
0.062890075
0.0044138697
0.0204182
0.0027392008
0.9231485
0.05919479
0.004475624
0.051357426
0.017245632
0.011475791
0.030985884
0.47964814
0.003923828
0.0029961918
0.069164895
0.42347094
0.04917255
0.01318567
0.4461269
0.07513991
0.05906182
0.008837534
0.05919479
0.032183703
0.03449193
0.00898803
0.033631142
0.0027987142
0.013785249
0.6605278
0.0038089636
0.0075341198
0.49781832
0.20425451
0.026514536
0.0037642901
0.013795418
0.022533782
0.93015105
0.01585249
0.054403763
0.22176708
0.0057940185
0.04292612
0.03942488
0.040043738
0.04158526
0.18508819
0.026047427
0.0038050183
0.004769196
0.8973113
0.04733716
0.28448653
0.024534833
0.013302308
0.030841116
0.028524747
0.0033196115
0.004540134
0.8155326
0.002878781
0.008067711
0.004414129
0.0024089578
0.010736568
0.028881272
0.002900789
0.0064111566
0.20292605
0.018013285
0.011444012
0.015164586
0.07866499
0.008067711
0.0075105494
0.015798666
0.049510542
0.010894062
0.5909384
0.0079009235
0.0027563332
0.19241618
0.35907394
0.008067711
0.053924203
0.039484568
0.9875288
0.014918177
0.0101879435
0.98557925
0.91500777
0.18251075
0.0075702346
0.0845141
0.9792159
0.006821244
0.81341594
0.005060781
0.02942285
0.01176459
0.0080183195
0.05784123
0.048637375
0.07462976
0.43720305
0.007659066
0.061419435
0.008067711
0.007162163
0.0041755335
0.008067711
0.007896456
0.07691424
0.024754955
0.016576124
0.008067711
0.004196612
0.004488286
0.018921254
0.022129072
0.09208678
0.046662547
0.008439293
0.015922267
0.04754142
0.013529746
0.72245735
0.990399
0.021778587
0.021778587
0.0073234024
0.050179467
0.005187245
0.16075087
0.011700622
0.0065672053
0.47278416
0.010737559
0.0068371706
0.023261277
0.002859702
0.0464107
0.04754142
0.015676774
0.020801343
0.003834607
0.005698213
0.006443864
0.2660307
0.010194906
0.02849607
0.9711855
