0.37851837
0.33042353
0.84031826
0.29376307
0.07822644
0.23873425
0.48428842
0.10484792
0.36813465
0.4937537
0.46375152
0.2609636
0.15393135
0.32049745
0.06785138
0.092340894
0.53080565
0.059654433
0.07505941
0.6864148
0.138508
0.18986098
0.16915387
0.84604937
0.24515656
0.28441393
0.22252388
0.060522106
0.14255008
0.09066257
0.689771
0.6168629
0.10488285
0.5770545
0.10179007
0.50405157
0.47432536
0.41589776
0.091463864
0.49048942
0.48010206
0.14564228
0.20757681
0.37551835
0.3758844
0.3659231
0.37348625
0.3582647
0.71673346
0.8841134
0.86713797
0.42922404
0.23555197
0.8417969
0.7086297
0.21633483
0.36379373
0.5013359
0.6377488
0.3847276
0.2500216
0.1794952
0.7688294
0.10155714
0.48781642
0.31516215
0.017229242
0.11747962
0.91780216
0.22315267
0.24460998
0.71619827
0.75126857
0.11593287
0.72808564
0.35460633
0.3420463
0.71820784
0.58782136
0.68180984
0.7897304
0.17772451
0.2662315
0.34951055
0.16110575
0.89563006
0.45271823
0.41536197
0.11711333
0.119199984
0.39310613
0.20163386
0.54958045
0.5136284
0.77021486
0.46519932
0.616105
0.34562486
0.6823226
0.16113372
0.8317448
0.08012366
0.16315016
0.04934367
0.057326693
0.2994997
0.36220494
0.032708805
0.7653055
0.40131596
0.48199093
0.25964496
0.06896125
0.5739839
0.37762746
0.70554966
0.3442593
0.78371173
0.37487814
0.70865995
0.49023092
0.21792425
0.04684678
0.11323313
0.121006556
0.053962454
0.24339087
0.23190707
0.43238857
0.05206132
0.3116136
0.10372957
0.08528753
0.14995518
0.28398612
0.07200189
0.56703234
0.24435523
0.113546476
0.1964261
0.11828724
0.052603744
0.22243747
0.09298809
0.71794045
0.11185058
0.1274066
0.009340948
0.41784883
0.17758113
0.3199386
0.14018853
0.01844896
0.35358652
0.35512692
0.87393314
0.68655086
0.07478111
0.16763291
0.82438755
0.8311694
0.5224123
0.1965273
0.56463385
0.38660407
0.22327684
0.52363724
0.34187496
0.5604321
0.1921376
0.207172
0.939704
0.38279313
0.71290386
0.42841303
0.67001253
0.10883665
0.6142634
0.11804089
0.19106378
0.12063897
0.49172083
0.14264286
0.47862917
0.07620316
0.7509778
0.17486031
0.040633336
0.41945833
0.40073067
0.116827704
0.4470915
0.1592951
0.69480366
0.5289851
0.7040446
0.81325895
0.7242994
0.749432
0.16411121
0.7190257
0.9080092
0.58477026
0.14352255
0.79701734
0.1698443
0.776907
0.6752873
0.49796772
0.103475004
0.14547409
0.09466365
0.76692975
0.5057833
0.13374172
0.18521084
0.34346673
0.7181412
0.65142053
0.7118741
0.1908503
0.46320903
0.07932842
0.33571804
0.30693826
0.64351547
0.39137673
0.31853855
0.199933
0.17448294
0.38958493
0.5559351
0.1908503
0.17750484
0.07505941
0.19602327
0.6375945
0.105370544
0.054666013
0.37435853
0.55162305
0.8976583
0.75073457
0.14056422
0.016562574
0.73577815
0.07064087
0.07487228
0.07505941
0.21852948
0.16179529
0.4184558
0.404154
0.74371403
0.3911813
0.8921085
0.6210996
0.4881641
0.32369593
0.43078926
0.20454524
0.8130464
0.67908716
0.63022375
0.22257218
0.20982364
0.21175693
0.418328
0.45868814
0.052423216
0.24371873
0.2247271
0.046830073
0.6414569
0.11993279
0.8683613
0.25584534
0.029530365
0.09743703
0.13209397
0.05516224
0.05286097
0.066567086
0.855672
0.5526383
0.86823374
0.17687082
0.12265333
0.2864677
0.6011297
0.15571457
0.26017827
0.25795504
0.50185513
0.2036108
0.83326566
0.83465207
0.82296383
0.35254925
0.8368207
0.6600423
0.53914654
0.23987122
0.15192083
0.29456252
0.028090667
0.35900578
0.087065496
0.24720132
0.378715
0.0461383
0.22860259
0.56127506
0.697672
0.814931
0.23967604
0.4790074
0.7809561
0.08981841
0.7564166
0.47144586
0.1791119
0.5146059
0.16672727
0.48221388
0.2781048
0.23963954
0.3357864
0.39766827
0.026658691
0.6498482
0.14231133
0.39766827
0.08480615
0.23218194
0.26902154
0.16637552
0.1432233
0.43461555
0.29492292
0.16553749
0.4640286
0.5727999
0.55837274
0.107386716
0.11431071
0.24504259
0.16038013
0.9341706
0.08726516
0.167884
0.50346184
0.07799633
0.52753067
0.324366
0.44485813
0.79723185
0.7287933
0.044807024
0.10679012
0.5464794
0.1740406
0.5549761
0.015504728
0.73485917
0.251632
0.43769178
0.6348123
0.31589964
0.08786993
0.5549848
0.03456742
0.1148517
0.06956132
0.060365714
0.33080664
0.73780483
0.08934976
0.8686224
0.5738295
0.118154034
0.34692508
0.34692508
0.15063196
0.34692508
0.93442565
0.5743524
0.27345413
0.20217568
0.21125773
0.1569011
0.36741078
0.15382072
0.14225067
0.1578499
0.6448183
0.63950324
0.32369134
0.65883315
0.094147176
0.25332198
0.47558728
0.6748378
0.008836415
0.8308046
0.346345
0.55925316
0.09562849
0.40017086
0.07732207
0.087194905
0.009813603
0.78367656
0.50302356
0.42345178
0.85763794
0.0336869
0.32449368
0.2725832
0.6339168
0.023878261
0.058368728
0.16949248
0.7045001
0.039205305
0.22376044
0.436927
0.2692327
0.85379434
0.7211351
0.08929077
0.25503844
0.25310567
0.15593092
0.15007026
0.56826884
0.56826884
0.5633352
0.4420835
0.11314745
0.69646347
0.08839294
0.8397598
0.84721076
0.8620689
0.21592571
0.6302758
0.4976994
0.5853375
0.8925877
0.2057499
0.30370545
0.04925711
0.51548654
0.5776566
0.24667391
0.09849902
0.1334827
0.7280366
0.11543484
0.78798693
0.78798693
0.78798693
0.78798693
0.78798693
0.78798693
0.78798693
0.78798693
0.78798693
0.78798693
0.056361694
0.27399272
0.30672306
0.62618107
0.21206994
0.4158689
0.049536098
0.15472038
0.21206994
0.44305876
0.15591478
0.12689435
0.7354021
0.25093135
0.22151491
0.5784908
0.1606149
0.10125193
0.7124488
0.3729103
0.01925599
0.1621344
0.2639248
0.5077473
0.15305266
0.41733673
0.5253861
0.16389287
0.10112063
0.070705816
0.31361848
0.33848372
0.18968858
0.01623697
0.050127674
0.29259297
0.37385714
0.052166957
0.20039505
0.15761265
0.5573622
0.8921085
0.6100494
0.51822054
0.66019034
0.08122855
0.6011297
0.1657162
0.3368727
0.3924016
0.52612984
0.2527438
0.4956376
0.92591506
0.42234257
0.41285077
0.07582123
0.3084209
0.50058603
0.16017756
0.9278233
0.13824219
0.23920943
0.10390527
0.32105863
0.5167245
0.74850196
0.36532995
0.42622977
0.29616636
0.117035896
0.57221484
0.60471696
0.2502193
0.055702098
0.118532464
0.05021171
0.25548404
0.7432127
0.2073531
0.24616057
0.42113084
0.17713967
0.17713967
0.20828061
0.5290871
0.85093325
0.67999893
0.760018
0.642795
0.6554181
0.22295503
0.23749217
0.9063496
0.5479704
0.35577613
0.08068798
0.26269376
0.66674674
0.56299263
0.803605
0.44847268
0.22239019
0.33775336
0.28295866
0.11134233
0.21090525
0.057916556
0.3911714
0.13583122
0.22301653
0.5697613
0.24207112
0.45035696
0.16685362
0.104640596
0.20360056
0.92029434
0.27440885
0.56121695
0.7189574
0.3540581
0.41779724
0.46041793
0.15908818
0.12587295
0.5569896
0.08590775
0.33955652
0.14515938
0.37042862
0.5682766
0.43117365
0.5255433
0.5217553
0.1436652
0.5985658
0.24616057
0.20838559
0.25590974
0.3167821
0.049284253
0.32050025
0.1381722
0.22727157
0.07505941
0.532006
0.54384094
0.3069139
0.17278136
0.6466846
0.18590702
0.2526427
0.41074678
0.12946276
0.27460173
0.76187503
0.22949035
0.7144934
0.16092314
0.13204247
0.30316868
0.15638083
0.35336477
0.05653269
0.13010588
0.39073217
0.12498345
0.44859627
0.70533186
0.8192729
0.55956274
0.76703197
0.0981114
0.0981114
0.16114417
0.17480321
0.10203276
0.0316336
0.06335926
0.07572611
0.42031533
0.5712131
0.40025628
0.16962285
0.6518964
0.5782525
0.7287254
0.0470693
0.32781252
0.5186143
0.66746604
0.24236184
0.24646665
0.4068324
0.1437198
0.52780294
0.6708578
0.45135874
0.56102324
0.16781561
0.34053773
0.24870399
0.23141275
0.58797276
0.7660597
0.21506092
0.42729157
0.28009388
0.14147866
0.8203748
0.83495295
0.41905585
0.59811133
0.29639927
0.15451658
0.070045546
0.87557065
0.28464448
0.25704318
0.9083753
0.5414395
0.45901188
0.8557872
0.43515536
0.43177974
0.43945056
0.043042157
0.27981454
0.3938229
0.57072467
0.3675203
0.83495295
0.8832338
0.5157821
0.63043696
0.5523437
0.26985967
0.12685944
0.40238047
0.4204322
0.60834247
0.013262638
0.8543359
0.16425204
0.83495295
0.8573103
0.83495295
0.83495295
0.061447702
0.07732938
0.82060623
0.29053035
0.10467294
0.56127506
0.29621515
0.053549383
0.44266
0.32449314
0.115528196
0.6967002
0.8294843
0.6589739
0.5421661
0.1418933
0.43927807
0.5661616
0.34429628
0.83495295
0.15035735
0.12717618
0.088251606
0.07523417
0.59958816
0.046794288
0.8278651
0.07149112
0.036891818
0.24103968
0.8416028
0.8120827
0.21472691
0.3796657
0.50225294
0.9278233
0.10180895
0.82177883
0.51532376
0.42824522
0.8454135
0.06586481
0.09408466
0.23635808
0.09029283
0.1413401
0.4463097
0.039916787
0.76602304
0.49502072
0.8556583
0.044356897
0.27381393
0.14538115
0.6308766
0.16136305
0.4148576
0.89073396
0.7939908
0.3970038
0.5627818
0.6802353
0.5217469
0.60560375
0.20266996
0.29331607
0.024554973
0.19953582
0.1595535
0.1518231
0.47075582
0.3153612
0.44489956
0.08206997
0.30472374
0.67506963
0.5769113
0.13896698
0.26129648
0.690357
0.06389231
0.8813343
0.40133184
0.07029627
0.44958818
0.25201485
0.75267553
0.29924855
0.06730281
0.9028778
0.48878795
0.56127506
0.884887
0.044146825
0.06089676
0.20435528
0.16711614
0.19537634
0.49784762
0.037041742
0.15466103
0.04360966
0.8792903
0.8920478
0.23070502
0.50831825
0.39514035
0.25764877
0.37372392
0.32198662
0.2996343
0.3340514
0.6166994
0.42518756
0.110462904
0.71908206
0.15175937
0.043812033
0.08248812
0.1891718
0.92707044
0.10160492
0.012504287
0.5045594
0.09489771
0.07527258
0.34429628
0.113064304
0.32186478
0.17220078
0.6720789
0.42922404
0.6393609
0.30651015
0.47121263
0.1881837
0.6895178
0.54154104
0.853797
0.30651015
0.39295867
0.10155785
0.19852558
0.04974858
0.14249296
0.16734205
0.11442066
0.030933151
0.13754971
0.25674117
0.18109293
0.07247443
0.35227343
0.24435005
0.19465259
0.3576242
0.18931672
0.6490778
0.51161313
0.52240753
0.25674117
0.3050691
0.2793731
0.853797
0.06500385
0.6146357
0.71027464
0.64255553
0.4211967
0.3455649
0.2544105
0.55939037
0.056382522
0.45010713
0.45010713
0.5743234
0.20601276
0.57566214
0.14971167
0.3317633
0.77466005
0.20552249
0.16535869
0.5300322
0.15035735
0.71290386
0.535961
0.15035735
0.35344827
0.89540863
0.26548898
0.15048724
0.5781647
0.79997313
0.054861374
0.28265092
0.3544903
0.30097243
0.34429628
0.5790439
0.37279463
0.80790114
0.26075402
0.35259357
0.24479651
0.16261362
0.60335445
0.5290585
0.74619853
0.44052374
0.716472
0.49104372
0.2891541
0.076876976
0.51548654
0.44518757
0.881489
0.6211108
0.9331418
0.75969666
0.17709406
0.36814874
0.078344546
0.31632057
0.62940764
0.66037095
0.7175599
0.22980593
0.11064471
0.8022851
0.4480648
0.5348763
0.07355669
0.4113775
0.32347193
0.64529103
0.8977828
0.17612347
0.3819696
0.44480872
0.72623384
0.20305508
0.018390628
0.2541836
0.66529286
0.567491
0.85068136
0.49524438
0.0794508
0.102996394
0.3933003
0.83728236
0.40408128
0.36632392
0.42129856
0.49214417
0.11336857
0.395177
0.14080542
0.41685408
0.008197014
0.3431457
0.7999737
0.11415784
0.51548654
0.09690394
0.16494188
0.64372945
0.16141278
0.50961125
0.74041605
0.52082294
0.49032927
0.101948746
0.13640247
0.118788116
0.33749568
0.09210904
0.29133263
0.5033071
0.36151946
