0.0399355
0.0382237
0.03559191
0.056849655
0.056849655
0.056849655
0.00575084
0.119115666
0.013320965
0.007072023
0.5820765
0.4117654
0.04465458
0.04119232
0.0055072433
0.171653
0.6859359
0.048069786
0.004238407
0.0070413533
0.6515102
0.007946049
0.26365846
0.53204155
0.033355184
0.035256945
0.017629113
0.020900045
0.07528639
0.3851676
0.006962032
0.0434145
0.075997755
0.031493954
0.031629212
0.031493954
0.08689299
0.043394774
0.043394774
0.052332595
0.043394774
0.043394774
0.02310462
0.043394774
0.043394774
0.043394774
0.014496525
0.011823359
0.0378063
0.0034035852
0.021874119
0.041545946
0.14422262
0.03696569
0.69838524
0.01902772
0.0035115357
0.11753485
0.02636462
0.050685365
0.058823377
0.24274227
0.11041931
0.045081742
0.05198161
0.016934376
0.8640022
0.0050453055
0.05530411
0.051655296
0.037577484
0.1753378
0.0070531615
0.8982983
0.08195075
0.069243535
0.041360043
0.04028224
0.036012605
0.07917572
0.067019366
0.948846
0.7811576
0.003966417
0.03974045
0.0049225367
0.4470201
0.022218678
0.024256717
0.012221597
0.0671654
0.037952922
0.07369034
0.112062044
0.109152935
0.39147133
0.026001154
0.021403505
0.011312062
0.022435632
0.05045345
0.0029313457
0.10386078
0.16157076
0.05377091
0.016128818
0.36503
0.0057530017
0.005158017
0.09263665
0.02006185
0.049933363
0.04927798
0.08047883
0.0154567165
0.020357927
0.028629374
0.027408045
0.024464965
0.02776986
0.34560093
0.0135253295
0.030836945
0.006002015
0.013533059
0.04702246
0.0065803663
0.9018613
0.08435248
0.6491525
0.101274684
0.0031374106
0.0051659057
0.015246803
0.09723306
0.021501003
0.029649964
0.0138428025
0.56985664
0.07886339
0.0054510524
0.025083855
0.01693507
0.027645255
0.0660616
0.077457786
0.020387825
0.9895558
0.031813405
0.045442045
0.009802215
0.09067309
0.044482276
0.43838543
0.003443747
0.0046310183
0.059218004
0.4921382
0.04394124
0.004396563
0.41433495
0.08123789
0.026056008
0.027677009
0.6634204
0.071298726
0.06585178
0.26345602
0.013418177
0.06420013
0.0026942529
0.46317142
0.18027548
0.06732965
0.38171768
0.38171768
0.025083855
0.047889076
0.44748572
0.008262921
0.269263
0.2771319
0.2771319
0.2771319
0.0147332195
0.060439434
0.05597285
0.0057802023
0.0049640774
0.03612841
0.04226215
0.06703514
0.018867984
0.012601152
0.88590205
0.42716914
0.11212696
0.033128347
0.039734237
0.20706856
0.8899857
0.027370391
0.02895544
0.04780089
0.6530308
0.0035117553
0.10676436
0.45493612
0.259751
0.0835816
0.11798921
0.0042596366
0.9573608
0.046661705
0.029470153
0.19847275
0.17198159
0.009920212
0.006609679
0.11103536
0.0054687066
0.0467155
0.1061521
0.07174036
0.04140709
0.0042676376
0.002589329
0.00749695
0.03200877
0.92106575
0.038823836
0.29073927
0.021618214
0.012798284
0.008926723
0.031325098
0.029787462
0.01689028
0.180219
0.94515246
0.14226262
0.035349093
0.6695566
0.027097613
0.011582384
0.026843794
0.01262697
0.07181735
0.21384747
0.22573467
0.8913083
0.032450784
0.030658912
0.018280677
0.020938668
0.3058738
0.023914615
0.31056032
0.016500494
0.31038722
0.10952601
0.053233445
0.012923789
0.011319904
0.27070078
0.14104983
0.1561229
0.0031242305
0.5236863
0.0050017484
0.009085354
0.92106575
0.17198159
0.022534354
0.015804585
0.23013483
0.006224838
0.030166194
0.0280687
0.024936046
0.6491525
0.026391108
0.74945647
0.061176203
0.0056868168
0.015771197
0.11312054
0.0033402627
0.00838383
0.009127676
0.37660974
0.034277778
0.0067147394
0.02735299
0.0047228346
0.061176203
0.10934033
0.044643145
0.26724258
0.044631314
0.08680577
0.02405641
0.05931839
0.09245542
0.45813027
0.018834738
0.008595665
0.09431288
0.019157281
0.28098756
0.23780027
0.033804864
0.037175544
0.676106
0.0031280948
0.021184253
0.0032429246
0.009561814
0.058852915
0.0318121
0.8935203
0.04460387
0.03151983
0.2520045
0.016966369
0.055625208
0.2940921
0.5103148
0.66727537
0.0069490857
0.016076293
0.021653997
0.24274227
0.0057783355
0.79398096
0.026660923
0.00545055
0.109813996
0.0044390885
0.015306784
0.25782967
0.18326546
0.66229486
0.028329445
0.046262387
0.3967576
0.13512579
0.40898195
0.12093379
0.0055161756
0.29072842
0.0054764887
0.25624287
0.20117663
0.004082805
0.14493744
0.039405383
0.11179544
0.6491525
0.095647484
0.010815356
0.012651318
0.009582058
0.06453521
0.16041654
0.022699099
0.0114605725
0.060527124
0.012325915
0.024029985
0.003114636
0.00527709
0.006689198
0.037578456
0.39402938
0.36205307
0.610693
0.019500634
0.05995807
0.016397176
0.020885712
0.14018904
0.02746119
0.026015336
0.5022016
0.0059987325
0.18125905
0.062058676
0.02838084
0.029423056
0.030486638
0.03033232
0.01737173
0.013198832
0.16985561
0.0038044392
0.20148514
0.20148514
0.04755187
0.028473033
0.021978784
0.24636237
0.20117663
0.040305723
0.04369844
0.015075378
0.2553971
0.018458413
0.024152331
0.27024856
0.06451205
0.047928847
0.8758777
0.023167014
0.01072705
0.12078318
0.026180206
0.9682007
0.025541386
0.23704693
0.010962813
0.08424176
0.0105472375
0.029249158
0.0042187013
0.02957606
0.036147926
0.03094337
0.057819203
0.007900634
0.08002009
0.18402645
0.6491525
0.01048728
0.021415463
0.00454113
0.012389641
0.03879558
0.1802169
0.009529997
0.002140229
0.5553877
0.38766116
0.038720258
0.061556596
0.025399797
0.098352246
0.023558224
0.29216543
0.04534079
0.004584951
0.01604426
0.28336313
0.3277716
0.013266127
0.31266248
0.15851563
0.17591028
0.02661561
0.32514605
0.7580644
0.055850193
0.028509783
0.40303147
0.13607474
0.007439524
0.1885361
0.84331954
0.13079588
0.39422408
0.3988732
0.019444311
0.038770214
0.92733556
0.025385272
0.012638188
0.32221985
0.09039157
0.043238837
0.09997589
0.035245597
0.024021173
0.057624813
0.046984874
0.005441504
0.064381726
0.17401963
0.02333831
0.0060495744
0.37989706
0.06419165
0.016876183
0.06791061
0.06791061
0.06791061
0.06791061
0.05144578
0.06791061
0.06791061
0.06791061
0.06791061
0.06791061
0.007962236
0.06791061
0.05198161
0.02225244
0.059651908
0.04323023
0.10057358
0.9257818
0.0029986778
0.008749796
0.09114375
0.010186665
0.014077243
0.03577914
0.41978642
0.1215046
0.06475751
0.95597446
0.06498594
0.22095178
0.024555262
0.040305723
0.043275326
0.20661119
0.06496891
0.0062781
0.511476
0.041200183
0.16211252
0.8157113
0.04769728
0.15474805
0.01583634
0.1885361
0.06254564
0.019187232
0.0141320545
0.08307652
0.2126496
0.013772645
0.02156125
0.035098515
0.04030735
0.036999937
0.061752085
0.091212876
0.00838383
0.017727677
0.025402158
0.37378347
0.02291489
0.024729636
0.04175056
0.124295875
0.04719769
0.93280965
0.016051108
0.028698524
0.0025593461
0.0024799951
0.0024799951
0.11109363
0.012550748
0.068608664
0.035569385
0.041517533
0.676106
0.006831155
0.010887181
0.78557295
0.004499322
0.023129413
0.37563092
0.1147255
0.44302958
0.0058029336
0.044362746
0.503751
0.004566403
0.24274227
0.004687355
0.529466
0.07422994
0.07693415
0.013163391
0.51050097
0.032060534
0.15495756
0.013311453
0.03130664
0.12264262
0.13065787
0.015676785
0.028449986
0.014768395
0.006164063
0.03507184
0.051843308
0.010467048
0.04030735
0.96180373
0.04376828
0.12142167
0.0033891133
0.0020775134
0.004730046
0.054039184
0.03363147
0.10246574
0.048159495
0.045502007
0.003906634
0.04030735
0.012640374
0.050611474
0.087773375
0.007936086
0.02928358
0.031730864
0.19368556
0.6297632
0.015822867
0.8302797
0.02014132
0.101105765
0.027387593
0.029874492
0.00453427
0.15058504
0.26364648
0.0035068193
0.030347452
0.013407377
0.13396126
0.093503475
0.09709167
0.012272666
0.010036221
0.019436557
0.026204022
0.0063185375
0.014101491
0.064035706
0.023286376
0.015217741
0.03503296
0.022213086
0.08255578
0.036836717
0.36065742
0.008896211
0.012265611
0.018314984
0.0061972616
0.028167764
0.030948484
0.030654052
0.06675862
0.7320785
0.351019
0.09013725
0.25304538
0.01589215
0.004321992
0.961905
0.9887903
0.07441968
0.0041538645
0.017487077
0.20815572
0.16401789
0.46317142
0.00539542
0.80118483
0.023321604
0.009805971
0.034851357
0.115588084
0.71940875
0.1877724
0.06837207
0.07867808
0.0046207784
0.31791574
0.028057922
0.012029885
0.78510433
0.0117952665
0.020425817
0.20953603
0.011012847
0.0046857987
0.031639803
0.0049811597
0.48557875
0.030559324
0.016255239
0.06726982
0.009025386
0.11373959
0.008169235
0.022434952
0.032837775
0.7541651
0.03999634
0.004071977
0.038522076
0.016655274
0.08149123
0.1447145
0.1832512
0.055320423
0.007551209
0.01603722
0.15651046
0.010813466
0.10037187
0.012973926
0.0026743815
0.06261432
0.0048630703
0.03757072
0.4735181
0.012960718
0.10619207
0.011127633
0.006062112
0.0039613433
0.12443782
0.010823223
0.008191158
0.013170211
0.23614687
0.4033735
0.011096439
0.7519333
0.0065631494
0.5153783
0.5352323
0.0041734767
0.008099291
0.20915644
0.02110656
0.26100165
0.07111189
0.03154462
0.26222885
0.054053176
0.04674593
0.17115824
0.019898944
0.55396855
0.006897051
0.029394835
0.03379882
0.0076142247
0.20571935
0.004914152
0.015133091
0.20115913
0.7441255
0.036422916
0.14423637
0.03375268
0.039380997
0.138944
0.036982592
0.029225387
0.01792362
0.043144584
0.93015194
0.04056972
0.115661986
0.13959873
0.052907962
0.06525966
0.021820042
0.002953085
0.29567546
0.050662916
0.053707097
0.75920266
0.36889637
0.012516156
0.44363713
0.03355105
0.041902833
0.005052483
0.03191709
0.13677534
0.007396305
0.39383137
0.05387208
0.23896872
0.108510524
0.019669998
0.040724013
0.020451324
0.018560804
0.12382991
0.043090478
0.25088888
0.0068693087
0.18818867
0.036665596
0.019669998
0.013943562
0.029225387
0.056826804
0.107992925
0.03633612
0.038155645
0.676106
0.20721237
0.053425334
0.0066165617
0.48120135
0.33891174
0.113242656
0.07717513
0.17953268
0.37486956
0.45246345
0.45232937
0.023794515
0.17826217
0.008918312
0.0086451005
0.04284932
0.47392526
0.56784546
0.24274227
0.09995229
0.006831155
0.0024016576
0.024967657
0.23494968
0.72029686
0.016989933
0.007572904
0.022956202
0.017619856
0.009503828
0.045050703
0.03240157
0.008707227
0.014924135
0.014924135
0.014050443
0.76304567
0.5205525
0.5645045
0.012234286
0.03781492
0.06762898
0.10370044
0.0076811784
0.05470763
0.33891174
0.020793833
0.031556945
0.102568775
0.016992487
0.05503989
0.0030342147
0.13683434
0.09275727
0.1652827
0.037071306
0.059022047
0.017173551
0.21171603
0.02783991
0.018633468
0.14573106
0.0673364
0.032397993
0.09920575
0.010360956
0.7060721
0.052472007
0.01880057
0.039842222
0.1495892
0.09897869
0.6618937
0.61578643
0.20111932
0.96225774
0.037938017
0.7793265
0.038314156
0.3501083
0.25618786
0.004392949
0.010244457
0.007464706
0.88621527
0.046305627
0.09338137
0.016336545
0.02280073
0.004932375
0.062045846
0.021840863
0.06626315
0.005887282
0.3257521
0.01754393
0.3201953
0.034385424
0.06620563
0.42330384
0.037578456
0.008578326
0.05952368
0.01208579
0.040305723
0.0031232797
0.032967865
0.016278433
0.04959666
0.039816827
0.7428005
0.5697422
0.006322862
0.05265429
0.056036312
0.07363319
0.10285516
0.035075273
0.33974874
0.064791515
0.036209896
0.04925125
0.027882896
0.005152274
0.012287079
0.06570522
0.33891174
0.035492852
0.14690654
0.019278256
0.007455416
0.0785212
0.23161721
0.020791892
0.041740816
0.1227885
0.07175219
0.01989849
0.018984504
0.014345047
0.5695669
0.093613975
0.09587217
0.17091702
0.22651768
0.5501376
0.009005194
0.0052410094
0.036209896
0.035492852
0.037937343
0.044215556
0.025235094
0.023510475
