0.47789124
0.054809198
0.03593505
0.5614415
0.38039422
0.55052656
0.7153991
0.16824026
0.18803845
0.38372642
0.100625254
0.47258258
0.2523205
0.12746373
0.8080826
0.33053544
0.36177167
0.6305982
0.5614415
0.108320706
0.41484034
0.13937566
0.7416611
0.71947646
0.124147974
0.8168155
0.21641016
0.20496903
0.23569055
0.6947485
0.31159487
0.20824079
0.5614415
0.8102955
0.80036587
0.09232772
0.32589412
0.07948603
0.58563316
0.060782988
0.15701336
0.5251608
0.8313151
0.54424065
0.12654167
0.1777261
0.28274694
0.64197844
0.67742264
0.49771637
0.89035285
0.5614415
0.19413258
0.6323581
0.78452104
0.358369
0.16625068
0.17647094
0.1159855
0.56989396
0.5335511
0.86743766
0.32965094
0.8346312
0.20004438
0.8465889
0.29385355
0.6173866
0.5614415
0.6530468
0.8522896
0.3163289
0.2546061
0.08676191
0.41012043
0.060087048
0.41169903
0.8522896
0.78224695
0.8522896
0.5232883
0.20160192
0.87141395
0.6711858
0.21763256
0.5614415
0.59186524
0.60867065
0.26991576
0.61825067
0.6603206
0.58817166
0.4523703
0.8501035
0.82632774
0.29143044
0.64470696
0.64470696
0.64470696
0.5614415
0.4907955
0.5314101
0.46186608
0.14353892
0.6414238
0.10572348
0.6617975
0.20555711
0.6937959
0.7784813
0.3199836
0.6081123
0.5614415
0.12247031
0.54198134
0.1000375
0.6881357
0.22306457
0.80682653
0.06913596
0.64470696
0.64470696
0.64470696
0.64355946
0.34548593
0.8625371
0.5087412
0.69365305
0.5306767
0.12835772
0.66242754
0.45143154
0.36770767
0.5415614
0.5614415
0.838964
0.39709997
0.4038921
0.30153733
0.045064982
0.8375131
0.38766944
0.3455339
0.13855962
0.6374818
0.37351242
0.80446076
0.64893883
0.65526307
0.75858474
0.83843255
0.83843255
0.8213014
0.54468304
0.2984783
0.9038719
0.5614415
0.18364768
0.03595725
0.46149796
0.05843535
0.22818145
0.43053725
0.21456142
0.13492726
0.5414614
0.045492113
0.7763808
0.6751239
0.042228695
0.5428411
0.14499223
0.7690394
0.75801754
0.2981116
0.80207354
0.7839595
0.02281513
0.07381686
0.20588712
0.37388727
0.42623198
0.7626399
0.20749561
0.6914817
0.76811147
0.74136686
0.737115
0.6820909
0.7070188
0.11649656
0.72492164
0.5614415
0.34453094
0.56262887
0.16052823
0.66242754
0.12372383
0.6627267
0.17386015
0.2590237
0.7494866
0.36642823
0.5877433
0.5366352
0.54741037
0.51680255
0.80519974
0.1888033
0.2898432
0.40984777
0.8065924
0.15633911
0.3859672
0.25425228
0.6079703
0.10468859
0.6482746
0.3226413
0.6536776
0.27977493
0.5101744
0.77857846
0.7702523
0.35548592
0.7870824
0.2213224
0.5197383
0.43016735
0.18823093
0.43566173
0.18921944
0.51290184
0.8228663
0.6967399
0.6829554
0.7941733
0.7941733
0.1992794
0.7941733
0.7941733
0.7785453
0.25510097
0.5955538
0.57571965
0.884575
0.82616925
0.6329507
0.5358
0.28809628
0.7723802
0.78764373
0.77950114
0.7726381
0.7557564
0.7798867
0.7703346
0.6797128
0.07849719
0.5663058
0.1433753
0.7593266
0.126244
0.6688383
0.2545673
0.33760855
0.3940082
0.6072112
0.22009161
0.13651471
0.8313989
0.77715856
0.03648494
0.38686
0.7430006
0.29252028
0.69891715
0.7897973
0.43655676
0.33971137
0.13734853
0.74619395
0.034911886
0.13954729
0.7889709
0.76289886
0.6327635
0.31411123
0.6868189
0.02889867
0.4526276
0.33510923
0.54080933
0.2236015
0.1800092
0.19821705
0.15211041
0.20369923
0.07816905
0.21829423
0.49656683
0.071002394
0.17896083
0.4144229
0.40859574
0.4227327
0.40193668
0.2714728
0.8519892
0.47108963
0.78740853
0.8519892
0.42654303
0.5277584
0.17296012
0.4159289
0.3532222
0.81987023
0.41729367
0.5614415
0.80330336
0.65997314
0.08050167
0.17800239
0.16149999
0.59909093
0.50847816
0.013063622
0.3906584
0.53640205
0.26645154
0.4574043
0.5493178
0.3597815
0.6474298
0.26645154
0.56033593
0.83019036
0.5233337
0.16376239
0.7913904
0.290779
0.42058447
0.8021438
0.41729367
0.031710804
0.54081273
0.10929572
0.6022351
0.7185022
0.7163541
0.5949439
0.6599458
0.29287893
0.79756224
0.39887556
0.09834307
0.40878904
0.40651575
0.13461192
0.40878904
0.40651575
0.56575686
0.4936188
0.63974947
0.48480892
0.40198916
0.36193958
0.1592668
0.4159289
0.12356529
0.3725785
0.6437774
0.3829543
0.39555556
0.84981674
0.84981674
0.84981674
0.84981674
0.7693129
0.028756734
0.16633165
0.026624536
0.5143422
0.36044243
0.7756678
0.47311446
0.5447403
0.035232816
0.62157357
0.24133092
0.26088065
0.61174214
0.689707
0.46241352
0.7434438
0.8661163
0.64470696
0.832398
0.64470696
0.7430001
0.7368632
0.30489838
0.4455017
0.7470777
0.8295082
0.040467665
0.48316404
0.8295082
0.29537028
0.82424676
0.8064566
0.72932017
0.051758025
0.82160217
0.22270055
0.17531091
0.37247032
0.30040663
0.072539106
0.30554324
0.5661729
0.621936
0.80875313
0.82887167
0.80463475
0.662644
0.3507509
0.6069403
0.6316974
0.4569628
0.7638941
0.49720022
0.4409032
0.4657665
0.901753
0.4552811
0.57016623
0.57163656
0.81248224
0.79962695
0.5099937
0.40185648
0.32124266
0.062939495
0.11192481
0.74439335
0.0786802
0.8184619
0.4379162
0.5774546
0.35045528
0.19979288
0.2132637
0.5974438
0.5614415
0.8010632
0.66617507
0.6928771
0.22448748
0.608163
0.7648425
0.37709168
0.43846616
0.58496094
0.5603803
0.3746728
0.33292288
0.41420183
0.81177306
0.24523526
0.38326645
0.15451576
0.8217011
0.83272684
0.7049317
0.018264757
0.71057385
0.4587111
0.40016735
0.6320817
0.28439373
0.20527412
0.66242754
0.46266955
0.29798314
0.08385818
0.6539688
0.28891304
0.750481
0.67676544
0.42505476
0.11459429
0.4379081
0.27712682
0.22141571
0.55109566
0.38090128
0.49967322
0.46686473
0.24745503
0.7941001
0.53144735
0.26887423
0.3168288
0.8326699
0.38969687
0.4505252
0.77296466
0.37551877
0.811174
0.062837765
0.82895297
0.7826696
0.73716944
0.80456954
0.6341188
0.73675555
0.19819094
0.82887167
0.79806286
0.43690604
0.5614415
0.6287706
0.10553831
0.20560338
0.17984766
0.5144949
0.26170176
0.6097333
0.52727735
0.61732566
0.33675715
0.43959478
0.82887167
0.82887167
0.82887167
0.82887167
0.82887167
0.82887167
0.847649
0.86054754
0.70504785
0.70504785
0.755348
0.67817533
0.8082353
0.5887757
0.44336253
0.78280944
0.63244337
0.40385538
0.3265149
0.81744975
0.4948525
0.15293802
0.5387107
0.69619656
0.5742905
0.22869325
0.54086655
0.52666426
0.78280944
0.76815265
0.24695598
0.4403106
0.66021955
0.7924384
0.79218036
0.558859
0.795996
0.5003691
0.7184196
0.8912226
0.89135665
0.25392938
0.6898336
0.6041116
0.4382281
0.8386199
0.23264302
0.3695232
0.82760024
0.76793545
0.020748647
0.13165359
0.82960624
0.7921413
0.5614415
0.7304017
0.6916202
0.73799634
0.3813393
0.7554826
0.14148475
0.5970707
0.26270163
0.34567145
0.26899138
0.050471056
0.33654088
0.64470696
0.64470696
0.10590619
0.27380592
0.6673467
0.39397183
0.21593624
0.5614415
0.19903612
0.28568536
0.4803656
