0.5084292
0.94327396
0.9628541
0.38530836
0.010406088
0.050750528
0.05738334
0.010161472
0.008672612
0.60907966
0.89301074
0.030957067
0.009869523
0.007262413
0.07868973
0.018337442
0.011441078
0.34357163
0.38530836
0.006061327
0.017722081
0.0050957627
0.078123584
0.17330855
0.007405945
0.055520255
0.0072500114
0.007428114
0.01337596
0.17327169
0.014287113
0.006168804
0.38530836
0.050314836
0.14032729
0.0053208284
0.018666212
0.004272385
0.33520874
0.0025887892
0.010385321
0.3472042
0.08312582
0.104896106
0.007230748
0.006978632
0.019302875
0.0709541
0.1301537
0.018778294
0.059183322
0.38530836
0.012797269
0.0321167
0.051412817
0.030257516
0.007326408
0.00514345
0.0038758155
0.03308675
0.12030636
0.042750478
0.013960926
0.13963448
0.0072543225
0.05024299
0.013318666
0.33680427
0.38530836
0.33615896
0.052839685
0.019606978
0.012049164
0.9108804
0.019122267
0.9379856
0.48887545
0.052839685
0.031800464
0.052839685
0.016786851
0.009496007
0.031365182
0.026981622
0.007394529
0.38530836
0.08233145
0.0956622
0.010920195
0.042943932
0.29840907
0.023481619
0.05099582
0.073364004
0.05813335
0.015386867
0.33986554
0.33986554
0.33986554
0.38530836
0.034746632
0.12024731
0.53134847
0.0070545548
0.02467733
0.8893142
0.06696345
0.0076669115
0.07011525
0.046126302
0.010598664
0.3201516
0.38530836
0.007218803
0.042202223
0.893176
0.042807713
0.011195945
0.034998376
0.0055688717
0.33986554
0.33986554
0.33986554
0.05048879
0.019519472
0.060054306
0.48226026
0.0321042
0.45352408
0.86698717
0.042234343
0.020181347
0.6222649
0.4474372
0.38530836
0.09662713
0.01699202
0.019809501
0.01712635
0.9534145
0.08716071
0.041322645
0.64684033
0.013930354
0.052398797
0.035509706
0.11420869
0.29082993
0.08678712
0.031650003
0.107923776
0.107923776
0.12549144
0.035944417
0.014142035
0.045609273
0.38530836
0.8105792
0.0031754256
0.011915295
0.0041838414
0.025933899
0.047441255
0.7796138
0.8633702
0.030021237
0.9510216
0.12524311
0.072367005
0.95700157
0.056414917
0.008421325
0.04238689
0.120343745
0.011480513
0.18060754
0.18952937
0.0021886851
0.002950146
0.0057216575
0.027861277
0.02503001
0.07268364
0.009228724
0.044011448
0.16510047
0.08124113
0.25445288
0.115967475
0.2783235
0.004165543
0.15629469
0.38530836
0.010753108
0.031212999
0.01177522
0.042234343
0.8746862
0.25509334
0.0068406453
0.015375182
0.1592594
0.40227953
0.030455971
0.018516755
0.020179316
0.033864718
0.05498651
0.015214096
0.01341177
0.013918485
0.13645056
0.006725713
0.59430164
0.0099852765
0.28918606
0.0067500197
0.017686184
0.012047909
0.16831619
0.012121993
0.46864325
0.17044453
0.0970512
0.01710977
0.027614122
0.012512961
0.05300624
0.41160256
0.007921326
0.03433085
0.008444113
0.02807976
0.034541976
0.19765985
0.29056868
0.15163803
0.15163803
0.7958116
0.15163803
0.15163803
0.13921101
0.015296937
0.056572862
0.24663213
0.07075126
0.055588968
0.3310367
0.45188898
0.021124158
0.1394771
0.13374831
0.13846625
0.14001061
0.13704872
0.13495515
0.16003294
0.13993473
0.0060959407
0.020004474
0.0074215876
0.035086043
0.8713364
0.05526266
0.7367256
0.01562133
0.015228814
0.2898204
0.015509644
0.8599624
0.11664718
0.19106281
0.0018626453
0.60105634
0.06038364
0.03295114
0.2067387
0.053421304
0.021644758
0.65457076
0.8568463
0.12868308
0.9611593
0.010492287
0.055276252
0.066065624
0.05368497
0.016721237
0.1518299
0.97025293
0.5382271
0.02162249
0.3479408
0.012172296
0.00757622
0.01105474
0.00668488
0.012066231
0.0029914703
0.7767248
0.040940367
0.003523001
0.009989051
0.02010192
0.026088018
0.42759237
0.024944255
0.72018623
0.03494578
0.035877205
0.13176183
0.03494578
0.015657846
0.46611068
0.81808895
0.07021976
0.63925475
0.10860498
0.07050957
0.38530836
0.11706948
0.22990398
0.91739714
0.8185641
0.83516103
0.1898162
0.4641463
0.98598635
0.5345603
0.26775816
0.7232514
0.02553858
0.09192287
0.62556845
0.20880166
0.7232514
0.40829757
0.08444032
0.43858865
0.8331724
0.06922856
0.6917553
0.3021234
0.12648585
0.07050957
0.96706957
0.20118397
0.888726
0.39060205
0.07496038
0.054341335
0.04021078
0.044013966
0.6849103
0.107971765
0.59191865
0.89815307
0.5832338
0.5858686
0.84855574
0.5832338
0.5858686
0.3882375
0.052038975
0.16260968
0.050200034
0.5890206
0.63117665
0.8312793
0.07021976
0.008198352
0.028733604
0.2928598
0.59218824
0.5899908
0.08619214
0.08619214
0.08619214
0.08619214
0.19239677
0.9701616
0.006302938
0.0029044438
0.071130484
0.6109772
0.034543347
0.43128458
0.43948597
0.9631915
0.17803894
0.008454499
0.019945001
0.11142208
0.03018996
0.51925516
0.11452295
0.07180065
0.33986554
0.07644913
0.33986554
0.1821312
0.09299712
0.030032916
0.07220026
0.033183392
0.12844102
0.003999514
0.018731795
0.12844102
0.6982526
0.13033976
0.1652881
0.21782434
0.0028315692
0.12489337
0.77546406
0.008321892
0.014126431
0.0116757
0.92532647
0.68769276
0.028509485
0.05531493
0.08188955
0.09882594
0.16157565
0.07291451
0.027243914
0.060505122
0.02324162
0.01588937
0.19324368
0.049284905
0.08203966
0.022467498
0.08398259
0.03560726
0.310703
0.11282439
0.07729009
0.11792517
0.43942133
0.015400804
0.023023432
0.0032321536
0.004459827
0.08317841
0.0033358918
0.12294697
0.030359583
0.3849241
0.012712412
0.0064915493
0.010047184
0.05613727
0.38530836
0.030952262
0.107000366
0.30154634
0.017687432
0.034195222
0.17070189
0.6127836
0.54187757
0.05481257
0.04137742
0.015034536
0.02473496
0.023237139
0.05301286
0.008528319
0.014672387
0.0062833754
0.06286594
0.053339694
0.18175186
0.9810214
0.041592468
0.015143848
0.025165096
0.34319764
0.010296377
0.013124872
0.042234343
0.07151874
0.010935403
0.0037160038
0.29155782
0.024951093
0.03977659
0.14834195
0.019909488
0.0072731767
0.4024684
0.018082432
0.7650782
0.0776419
0.02977562
0.47399345
0.4855696
0.012931391
0.14846528
0.43032643
0.0267577
0.012038389
0.07937784
0.12639491
0.53321904
0.029738352
0.061886813
0.10836776
0.0049361354
0.113197714
0.06677545
0.048253804
0.030054605
0.045348678
0.13649984
0.7965925
0.09882594
0.07420507
0.070181504
0.38530836
0.07997599
0.0048790933
0.011326733
0.008747503
0.07885719
0.013247476
0.11985279
0.07361336
0.20579612
0.0137017155
0.013357045
0.09882594
0.09882594
0.09882594
0.09882594
0.09882594
0.09882594
0.06573227
0.08154418
0.13095027
0.13095027
0.10707445
0.1344072
0.046996016
0.040912673
0.10532299
0.1836675
0.11443521
0.018195128
0.018110469
0.10838417
0.49194336
0.8450806
0.08654841
0.18709372
0.41504672
0.008115506
0.10349021
0.043047883
0.1836675
0.05413495
0.012042695
0.55226225
0.20018715
0.029032227
0.029141255
0.13435054
0.17756414
0.017508408
0.09391327
0.08853655
0.073986456
0.022485109
0.2639446
0.073591754
0.03359586
0.07925415
0.00915245
0.5144946
0.041619726
0.09083819
0.978452
0.008783986
0.07472822
0.035079397
0.38530836
0.08262756
0.078796335
0.18453291
0.029063514
0.19259238
0.011100633
0.39425743
0.010695268
0.014869088
0.013312725
0.0031019908
0.024646726
0.33986554
0.33986554
0.0048262808
0.011803874
0.05286679
0.5631977
0.00759293
0.38530836
0.012856739
0.032993782
0.047217518
