0.010542723
0.06547918
0.016471107
0.32568163
0.7076648
0.00846426
0.00406129
0.008974121
0.0041196602
0.02455944
0.0036949764
0.5048046
0.0036949764
0.0033236803
0.0034359435
0.0212188
0.004400072
0.06598863
0.0038564138
0.008840452
0.0024765634
0.011730425
0.12517613
0.37335062
0.0038553681
0.6744402
0.069814205
0.003160813
0.004714136
0.27251536
0.55877894
0.0029571594
0.018070394
0.008921246
0.009132725
0.018088877
0.13751987
0.0025349155
0.008590131
0.024391027
0.012396637
0.02432126
0.0023367417
0.9635979
0.03273315
0.0047872504
0.7088984
0.0054441923
0.45755565
0.7959299
0.9143174
0.17304778
0.009942557
0.005496001
0.14988767
0.0034672313
0.044388674
0.025190799
0.12517613
0.0053354693
0.86239856
0.14423639
0.13354234
0.030205406
0.13354234
0.038901098
0.13354234
0.0042048977
0.004934599
0.02150914
0.0088138785
0.13354234
0.13354234
0.0024313382
0.018434288
0.982088
0.006497276
0.67016095
0.01763046
0.015344534
0.0128964335
0.13354234
0.13354234
0.23963124
0.002466878
0.24459484
0.017256426
0.12517613
0.13354234
0.0033107616
0.1651965
0.037944414
0.005698445
0.05964586
0.13354234
0.003323682
0.0041443864
0.0026719605
0.122412704
0.12517613
0.13354234
0.07129733
0.010017597
0.013917748
0.012748547
0.13354234
0.13354234
0.0047218786
0.13354234
0.017889785
0.07700327
0.027133591
0.0056109494
0.13354234
0.83835626
0.0038347607
0.13354234
0.013106758
0.13354234
0.0025563664
0.1624237
0.13354234
0.008794912
0.13354234
0.13354234
0.020715756
0.14119214
0.30915895
0.13354234
0.13354234
0.13354234
0.0043241065
0.023375617
0.39865428
0.13354234
0.13354234
0.13354234
0.070771195
0.12517613
0.12517613
0.12517613
0.13354234
0.14453818
0.13354234
0.13354234
0.13354234
0.13354234
0.06852811
0.0108417235
0.0058419886
0.002559623
0.01371719
0.02244029
0.0024613973
0.0024937592
0.92293215
0.027497644
0.8855265
0.13354234
0.9156922
0.0041761673
0.009786
0.02712622
0.019545149
0.019149777
0.074173495
0.0034234938
0.03325503
0.002164808
0.002702764
0.017512662
0.0087511875
0.025255881
0.0037459838
0.13354234
0.13354234
0.01586849
0.022815358
0.004888416
0.043032017
0.44049397
0.12864737
0.008808567
0.038319927
0.027843226
0.0072160945
0.12036306
0.122457385
0.0031841032
0.9017491
0.122457385
0.122457385
0.004429093
0.122457385
0.122457385
0.122457385
0.12036306
0.122457385
0.122457385
0.14423639
0.13346489
0.027851883
0.13346489
0.13354234
0.13354234
0.007030956
0.1383064
0.13354234
0.63120717
0.64022
0.0047055064
0.01212303
0.122412704
0.0025800457
0.050810717
0.14453818
0.12517613
0.122412704
0.0028957974
0.13354234
0.13354234
0.13354234
0.12517613
0.13354234
0.17575878
0.122412704
0.13354234
0.13354234
0.13354234
0.008073798
0.13354234
0.13354234
0.003983558
0.12517613
0.02018642
0.13354234
0.13354234
0.01177817
0.13354234
0.12517613
0.13354234
0.13354234
0.12517613
0.13354234
0.12517613
0.004876298
0.12517613
0.13354234
0.122412704
0.13354234
0.13354234
0.13354234
0.13354234
0.13354234
0.14434026
0.13354234
0.13354234
0.019369578
0.0759456
0.12517613
0.12139455
0.11088919
0.20347278
0.0060838023
0.008199901
0.98613226
0.13354234
0.12517613
0.13354234
0.044049915
0.13354234
0.0068662823
0.067504555
0.12517613
0.12517613
0.13354234
0.12517613
0.010509757
0.007386336
0.040665332
0.36553434
0.04073962
0.14507693
0.81170356
0.36936972
0.03546364
0.0055507226
0.014184038
0.5498058
0.0316637
0.19166026
0.0041237427
0.13354234
0.12517613
0.13354234
0.13354234
0.8500799
0.12517613
0.0027011475
0.12036306
0.0069706226
0.00655457
0.122412704
0.13354234
0.13354234
0.12517613
0.12517613
0.13354234
0.8247426
0.019996425
0.01755564
0.029542547
0.008518706
0.40315837
0.0038815602
0.0059097
0.13143748
0.0065764887
0.011410933
0.0500076
0.03689073
0.041040856
0.122412704
0.13354234
0.13354234
0.14423639
0.004925275
0.13354234
0.043549705
0.12517613
0.0035009992
0.0031877472
0.09055528
0.06439242
0.12903686
0.10517104
0.008957489
0.0049308254
0.0063071875
0.028172288
0.0069012186
0.007935845
0.037747752
0.0037425773
0.030659249
0.12517613
0.019545149
0.13354234
0.007029505
0.0035597659
0.009329033
0.0127415005
0.0021849973
0.04809922
0.006547656
0.12517613
0.12517613
0.12517613
0.13354234
0.12517613
0.003387109
0.015587825
0.13354234
0.12517613
0.13354234
0.12517613
0.12517613
0.13354234
0.12517613
0.12517613
0.13354234
0.006965858
0.4125852
0.12517613
0.8265075
0.12517613
0.13354234
0.12517613
0.16566484
0.12517613
0.13354234
0.12517613
0.13354234
0.12517613
0.13354234
0.024971234
0.12517613
0.13354234
0.13354234
0.13354234
0.13354234
0.13354234
0.12517613
0.13354234
0.13354234
0.12517613
0.13354234
0.12517613
0.13354234
0.13354234
0.027929336
0.13354234
0.13354234
0.13354234
0.017731166
0.12517613
0.13354234
0.13354234
0.12517613
0.13354234
0.12517613
0.007286246
0.13354234
0.057959214
0.13354234
0.2423827
0.24786723
0.12517613
0.08196015
0.13354234
0.12827362
0.13354234
0.12517613
0.13354234
0.122412704
0.12517613
0.0272
0.13354234
0.12517613
0.12517613
0.12517613
0.13354234
0.12517613
0.12517613
0.12517613
0.13354234
0.13354234
0.12517613
0.13354234
0.13354234
0.12517613
0.12517613
0.0064408774
0.12517613
0.4918631
0.13354234
0.12517613
0.14507693
0.12517613
0.14507693
0.13354234
0.14507693
0.13354234
0.14434026
0.14507693
0.13354234
0.0019771734
0.13354234
0.0019120505
0.12517613
0.14507693
0.12517613
0.12517613
0.12517613
0.13354234
0.13354234
0.12517613
0.12517613
0.12517613
0.12517613
0.12517613
0.12517613
0.12517613
0.12517613
0.12517613
0.13354234
0.13354234
0.12517613
0.12517613
0.122412704
0.12517613
0.13354234
0.008969892
0.13354234
0.12517613
0.12517613
0.14434026
0.7272139
0.14453818
0.13354234
0.006127835
0.14507693
0.14507693
0.13354234
0.12517613
0.12517613
0.12517613
0.13354234
0.13354234
0.12517613
0.12517613
0.13354234
0.13354234
0.13354234
0.12517613
0.12517613
0.12517613
0.12517613
0.015388079
0.14507693
0.14507693
0.01087562
0.24518697
0.0271555
0.007750089
0.0072351526
0.008799071
0.8727751
0.8829124
0.10262829
0.026140105
0.013993732
0.88663024
0.020596774
0.008438645
0.008438645
0.008438645
0.008438645
0.008438645
0.008721727
0.008742186
0.008438645
0.008742186
0.008438645
0.008438645
0.008742186
0.0051390463
0.016742365
0.040171828
0.03379281
0.013809954
0.26399618
0.017608289
0.008721727
0.008742186
0.008742186
0.008742186
0.007608842
0.008438645
0.17575878
0.13354234
0.13354234
0.025608959
0.0041706916
0.011596997
0.0018829118
0.0035672274
0.002976438
0.002976438
0.009112448
0.0034898878
0.022238614
0.06261216
0.01179355
0.024296613
0.0096887555
0.009510879
0.008261238
0.045386083
0.030624038
0.0019108262
0.06529161
0.0043260027
0.0227614
0.006070461
0.009263865
0.89350545
0.04574028
0.13354234
0.13354234
0.13354234
0.00724251
0.13354234
0.13354234
0.13354234
0.13354234
0.13354234
0.12517613
0.13354234
0.12517613
0.0048181294
0.052491065
0.016482767
0.0020592178
0.014956797
0.015649352
0.53106564
0.13354234
0.025036845
0.070771195
0.003970875
0.033682264
0.0046766354
0.032118585
0.122457385
0.14423639
0.005371547
0.005348173
0.005371547
0.2386038
0.8935946
0.018796775
0.004963018
0.9839373
0.002501244
0.02846988
0.0073048347
0.0029524516
0.030361364
0.086023055
0.06274655
0.13354234
0.12517613
0.13354234
0.13354234
0.13354234
0.13354234
0.12517613
0.0053094514
0.13354234
0.012332443
0.0070204665
0.0029135281
0.13354234
0.122412704
0.13354234
0.13354234
0.12517613
0.12517613
0.9509215
0.13354234
0.6576745
0.107663214
0.03793261
0.022014534
0.10218949
0.13354234
0.027815942
0.031887606
0.005801274
0.005801274
0.009665946
0.0043843873
0.0059282216
0.13354234
0.26139522
0.120101504
0.13354234
0.067983255
0.9805982
0.0040477375
0.009226626
0.08176656
0.13354234
0.9546823
0.014949963
0.006179367
0.0065218555
0.12517613
0.011468392
0.13354234
0.13354234
0.12517613
0.13354234
0.13354234
0.13354234
0.13354234
0.13354234
0.13354234
0.12517613
0.13354234
0.13354234
0.13354234
0.17575878
0.13354234
0.122412704
0.13354234
0.013360355
0.13354234
0.17575878
0.006179745
0.13354234
0.12517613
0.13354234
0.04745357
0.13354234
0.37201124
0.0025579296
0.11410576
0.17864816
0.0068406486
0.032881822
0.13354234
0.13354234
0.13354234
0.13354234
0.122457385
0.13354234
0.0023077673
0.01031359
0.87147886
0.13354234
0.13354234
0.12517613
0.12517613
0.13354234
0.17575878
0.12517613
0.12517613
0.031078964
0.13354234
0.13354234
0.13354234
0.004780155
0.13354234
0.13354234
0.13354234
0.13354234
0.13354234
0.12517613
0.13354234
0.13354234
0.13354234
0.45667833
0.119237825
0.04082732
0.13354234
0.17575878
0.119237825
0.6798305
0.13346489
0.0239791
0.13354234
0.13354234
0.12517613
0.13354234
0.14507693
0.13354234
0.13354234
0.14507693
0.12517613
0.92188656
0.13354234
0.13354234
0.13354234
0.13354234
0.0272831
0.17575878
0.036820054
0.17575878
0.13354234
0.17575878
0.17575878
0.17575878
0.17575878
0.14453818
0.13354234
0.13354234
0.038687557
0.037826914
0.037826914
0.038537186
0.13354234
0.13354234
0.13354234
0.12103182
0.6485034
0.2300079
0.13354234
0.0059612426
0.14453818
0.13354234
0.008519791
0.13354234
0.13354234
0.14434026
0.429638
0.13354234
0.429638
0.14507693
0.13354234
0.068536595
0.13354234
0.13354234
0.13354234
0.13354234
0.13354234
0.13354234
0.13354234
0.13354234
0.13354234
0.13354234
0.12517613
0.12517613
0.12517613
0.13354234
0.12806529
0.13354234
0.04015641
0.13354234
0.13354234
0.13354234
0.0061692633
0.13354234
0.13354234
0.13354234
0.13354234
0.13354234
0.13354234
0.13354234
0.13354234
0.12517613
0.12517613
0.014642191
0.98388517
0.13354234
0.13354234
0.13354234
0.13354234
0.12517613
0.13354234
0.12517613
0.13354234
0.13354234
0.13354234
0.13354234
0.13354234
0.13354234
0.022986153
0.12517613
0.13354234
0.13354234
0.016699348
0.12517613
0.008933755
0.12517613
0.14453818
0.12517613
0.12517613
0.12517613
0.12517613
0.12517613
0.13354234
0.13354234
0.13354234
0.016659923
0.13354234
0.13354234
0.13354234
0.13354234
0.13354234
0.13354234
0.13354234
0.13354234
0.13354234
0.13354234
0.13354234
0.13354234
0.13354234
0.13354234
0.13354234
0.13354234
0.13354234
0.13354234
0.13354234
0.13354234
0.13354234
0.13354234
0.12517613
0.13354234
0.12517613
0.13354234
0.12517613
0.13354234
0.12517613
0.006552277
0.12517613
0.12517613
0.12517613
0.12517613
0.12517613
0.13354234
0.14507693
0.12517613
0.13354234
0.13354234
0.07241269
0.13208838
0.12517613
0.12517613
0.12517613
0.119237825
0.5478136
0.12517613
0.12517613
0.12517613
0.12517613
0.12517613
0.12517613
0.12517613
0.0067004818
0.12517613
0.122412704
0.12517613
0.12360688
0.35823154
0.67011046
0.12360688
0.13354234
0.13354234
0.13354234
0.12517613
0.09932449
0.005770769
0.118014604
0.14317687
0.0031645407
0.9050247
0.13354234
0.0052091302
0.03822911
0.08690078
0.122412704
0.13354234
0.034488406
0.13354234
0.122412704
0.13354234
0.13354234
0.122412704
0.122412704
0.122412704
0.90560544
0.13346489
0.13346489
0.018448016
0.16829251
0.13354234
0.13354234
0.4637801
0.13354234
0.13354234
0.13354234
0.12517613
0.13354234
0.13354234
0.13354234
0.13354234
0.9267967
0.13354234
0.017065473
0.13354234
0.13354234
0.14434026
0.13354234
0.13354234
0.13354234
0.13354234
0.70115536
0.13354234
0.14434026
0.13354234
0.045285042
0.14434026
0.13354234
0.9268654
0.12963228
0.12893793
0.13354234
0.0056639127
0.12824023
0.13976808
0.1904963
0.12824023
0.1290772
0.13976808
0.19072877
0.122412704
0.13354234
0.13354234
0.13354234
0.1420767
0.13354234
0.13354234
0.13354234
0.12824023
0.032881822
0.1290772
0.12824023
0.1290772
