(QUERY): 'HIJAB' '03'
Negative Neutral Positive
0.1442352533340454 0.785789966583252 0.0699748620390892 
0.8172698616981506 0.1756151020526886 0.007114994805306196 
0.45151156187057495 0.5317333936691284 0.016755061224102974 
0.4793850779533386 0.5074930191040039 0.01312186662107706 
0.0022330780047923326 0.2978675365447998 0.699899435043335 
0.18570652604103088 0.7335300445556641 0.08076342940330505 
0.7756980657577515 0.21669979393482208 0.007602199912071228 
0.7480960488319397 0.2442220002412796 0.0076819960959255695 
0.682166576385498 0.3082435429096222 0.009589889086782932 
0.742257297039032 0.23417167365550995 0.02357102930545807 
0.012314540334045887 0.6073653101921082 0.38032010197639465 
0.8078895211219788 0.18717370927333832 0.004936777520924807 
0.007659757975488901 0.3690730035305023 0.6232671737670898 
0.5266042351722717 0.4562072157859802 0.017188530415296555 
0.5861348509788513 0.40198302268981934 0.011882160790264606 
0.34057852625846863 0.6401115655899048 0.019309915602207184 
0.20268379151821136 0.740142822265625 0.05717337876558304 
0.8182138800621033 0.17381341755390167 0.007972756400704384 
0.6774234771728516 0.3026826083660126 0.019893864169716835 
0.2494755983352661 0.633452832698822 0.11707150936126709 
0.19701629877090454 0.702975332736969 0.10000843554735184 
0.610842227935791 0.3692591190338135 0.019898729398846626 
0.6215741634368896 0.36274150013923645 0.015684375539422035 
0.5173195004463196 0.4601665139198303 0.02251398377120495 
0.856719434261322 0.1390140801668167 0.004266423173248768 
0.34548261761665344 0.6169310808181763 0.037586335092782974 
0.5559269785881042 0.42951443791389465 0.01455863006412983 
0.0067660012282431126 0.19005869328975677 0.8031753301620483 
0.12569986283779144 0.8341675996780396 0.040132470428943634 
0.9341500997543335 0.0628293976187706 0.00302046537399292 
0.2969142198562622 0.6825599074363708 0.020525919273495674 
0.47697913646698 0.47296425700187683 0.05005660280585289 
0.824000358581543 0.1715344786643982 0.004465185571461916 
0.21447746455669403 0.752149224281311 0.03337334468960762 
0.02896965481340885 0.32872897386550903 0.6423013806343079 
0.13567382097244263 0.49548134207725525 0.36884480714797974 
0.010194321162998676 0.16551874577999115 0.824286937713623 
0.043401215225458145 0.5838053822517395 0.37279340624809265 
0.0018455588724464178 0.02914287894964218 0.9690115451812744 
0.8841122388839722 0.10774128139019012 0.008146497420966625 
0.6997349262237549 0.29171448945999146 0.008550647646188736 
0.5006023049354553 0.4518880546092987 0.04750969260931015 
0.5612121224403381 0.41137751936912537 0.027410350739955902 
0.5434862971305847 0.43429750204086304 0.02221614122390747 
0.5105319619178772 0.46693769097328186 0.022530334070324898 
0.17801639437675476 0.754474401473999 0.06750914454460144 
0.5294370651245117 0.45428842306137085 0.016274450346827507 
0.0019138738280162215 0.0670967772603035 0.9309893846511841 
0.45411503314971924 0.488349974155426 0.05753503739833832 
0.25456106662750244 0.7034786343574524 0.041960302740335464 
0.4057445824146271 0.561976969242096 0.03227841109037399 
0.5658432841300964 0.4086720049381256 0.025484707206487656 
0.41682836413383484 0.5433897972106934 0.039781805127859116 
0.5636287331581116 0.4132695198059082 0.02310175634920597 
0.6404977440834045 0.3496076166629791 0.009894602932035923 
0.3199794888496399 0.6479920148849487 0.0320284478366375 
0.026536423712968826 0.33329296112060547 0.6401706337928772 
0.18759161233901978 0.781875729560852 0.030532630160450935 
0.7080894708633423 0.27681535482406616 0.015095171518623829 
0.5894498229026794 0.4002942144870758 0.010255980305373669 
0.12512531876564026 0.8274633288383484 0.04741136357188225 
0.014351804740726948 0.15676668286323547 0.8288815021514893 
0.7582380175590515 0.23662158846855164 0.005140348337590694 
0.6372211575508118 0.351810097694397 0.010968774557113647 
0.7158882021903992 0.27243974804878235 0.01167214009910822 
0.3908281922340393 0.5797055959701538 0.02946622669696808 
0.1816181093454361 0.7614552974700928 0.0569266639649868 
0.24934373795986176 0.7154814600944519 0.03517479449510574 
0.3080941438674927 0.6608154773712158 0.031090348958969116 
0.49958181381225586 0.4852048456668854 0.015213347971439362 
0.4527939558029175 0.4907619059085846 0.0564442053437233 
0.5006023049354553 0.4518880546092987 0.04750969260931015 
0.7320276498794556 0.2530243694782257 0.014947931282222271 
0.6641878485679626 0.32305723428726196 0.0127549534663558 
0.6314235925674438 0.29437121748924255 0.074205182492733 
0.7431097030639648 0.24389208853244781 0.012998292222619057 
0.14420467615127563 0.7841088771820068 0.07168647646903992 
0.1746170073747635 0.7008799910545349 0.12450306862592697 
0.29820704460144043 0.6542271971702576 0.04756568372249603 
0.2032037228345871 0.6731505990028381 0.12364569306373596 
0.7726204991340637 0.21737158298492432 0.010007970966398716 
0.3383181691169739 0.4804995357990265 0.18118226528167725 
0.6473729610443115 0.3419163227081299 0.010710750706493855 
0.0159432552754879 0.16246531903743744 0.8215914368629456 
0.018997885286808014 0.8649545907974243 0.11604748666286469 
0.08031119406223297 0.7827877402305603 0.13690103590488434 
0.6089504957199097 0.37820425629615784 0.012845258228480816 
0.00966214295476675 0.49419909715652466 0.4961388111114502 
0.053364261984825134 0.9036581516265869 0.04297766089439392 
0.6387817859649658 0.3482075035572052 0.013010688126087189 
0.7732887864112854 0.21551623940467834 0.011195018887519836 
0.7017838954925537 0.28842249512672424 0.009793618693947792 
0.12364721298217773 0.8406153917312622 0.03573743253946304 
0.5069115161895752 0.4646897614002228 0.028398750349879265 
0.2347719520330429 0.7212095856666565 0.04401845484972 
0.5157115459442139 0.436629980802536 0.04765850678086281 
0.8275362849235535 0.1657533496618271 0.006710322108119726 
0.12086167186498642 0.7060256004333496 0.17311275005340576 
0.4599916934967041 0.511625349521637 0.02838297188282013 
0.8192205429077148 0.16836607456207275 0.012413420714437962 
0.37212085723876953 0.604568600654602 0.023310527205467224 
0.19928044080734253 0.7626266479492188 0.0380929559469223 
0.13490107655525208 0.8398083448410034 0.02529054693877697 
0.41473090648651123 0.5622998476028442 0.022969238460063934 
0.6882266402244568 0.297942191362381 0.013831176795065403 
0.10166002064943314 0.8265237212181091 0.0718163326382637 
0.7729949951171875 0.21442893147468567 0.012576110661029816 
0.5496782660484314 0.44057750701904297 0.009744130074977875 
0.12214521318674088 0.7622498273849487 0.1156049594283104 
0.7400065660476685 0.2505693733692169 0.009424044750630856 
0.6881821155548096 0.30222752690315247 0.009590370580554008 
0.19822566211223602 0.7393810153007507 0.06239333748817444 
0.5728732943534851 0.4113004207611084 0.01582619920372963 
0.6997718214988708 0.2812671959400177 0.01896095462143421 
0.6305650472640991 0.35983166098594666 0.009603234007954597 
0.8783293962478638 0.11508019268512726 0.006590306758880615 
0.8738744854927063 0.1192002221941948 0.006925261579453945 
0.3698692321777344 0.5585137009620667 0.07161709666252136 
0.8823624849319458 0.11048106849193573 0.007156445644795895 
0.8163288831710815 0.17663563787937164 0.007035483606159687 
0.08952933549880981 0.7319202423095703 0.17855042219161987 
0.6314100027084351 0.34630754590034485 0.022282423451542854 
0.5466952323913574 0.43982505798339844 0.013479693792760372 
0.7803071141242981 0.20418372750282288 0.01550917699933052 
0.6194567084312439 0.362932413816452 0.017610860988497734 
0.8037737607955933 0.18920856714248657 0.007017695344984531 
0.6517322063446045 0.3146721124649048 0.0335957296192646 
0.2347719520330429 0.7212095856666565 0.04401845484972 
0.20190097391605377 0.6992830038070679 0.09881599992513657 
0.8636394739151001 0.13008609414100647 0.006274395156651735 
0.5484136343002319 0.43733179569244385 0.014254514127969742 
0.38821226358413696 0.47529953718185425 0.13648824393749237 
0.06746196746826172 0.3937503695487976 0.5387876629829407 
0.6679112315177917 0.323381632566452 0.008707113564014435 
0.2798669636249542 0.6348122358322144 0.08532083034515381 
0.001062118448317051 0.024661820381879807 0.9742760062217712 
0.28206709027290344 0.6580076813697815 0.05992519482970238 
0.2347719520330429 0.7212095856666565 0.04401845484972 
0.0713162049651146 0.8445490002632141 0.08413474261760712 
0.21019098162651062 0.7435305118560791 0.046278540045022964 
0.005551083479076624 0.1115865558385849 0.8828623294830322 
0.00468548946082592 0.07937175780534744 0.9159427881240845 
0.27476027607917786 0.6589365005493164 0.06630319356918335 
0.5089290738105774 0.46080365777015686 0.03026728332042694 
0.09407588839530945 0.5683490633964539 0.3375750482082367 
0.010026457719504833 0.12426359951496124 0.8657099008560181 
0.8193716406822205 0.174403116106987 0.006225246004760265 
0.9220283031463623 0.0743550956249237 0.0036166219506412745 
0.3161557912826538 0.6344577670097351 0.049386508762836456 
0.6457241773605347 0.3381645083427429 0.01611131988465786 
0.8101806640625 0.18256762623786926 0.0072516645304858685 
0.6415148377418518 0.348175585269928 0.010309580713510513 
0.7737205028533936 0.2192171812057495 0.00706229405477643 
0.8442980051040649 0.15187910199165344 0.003822870785370469 
0.36418673396110535 0.5534507632255554 0.08236251771450043 
0.825283944606781 0.16857291758060455 0.006143121514469385 
0.33122023940086365 0.5991129279136658 0.06966684758663177 
0.6953597664833069 0.2982273995876312 0.006412894930690527 
0.2937454283237457 0.6420623064041138 0.06419225037097931 
0.2259564846754074 0.7532918453216553 0.02075176313519478 
0.5121282935142517 0.45769765973091125 0.030174078419804573 
0.8800148963928223 0.11666656285524368 0.003318613162264228 
0.0030482038855552673 0.11836462467908859 0.8785871863365173 
0.5824102759361267 0.4039883613586426 0.013601444661617279 
0.49421200156211853 0.48730483651161194 0.018483201041817665 
0.7987461090087891 0.19429707527160645 0.006956858094781637 
0.36792293190956116 0.615986704826355 0.01609037257730961 
0.10762623697519302 0.5305309295654297 0.3618427813053131 
0.0784764289855957 0.6168844103813171 0.30463907122612 
0.7182787656784058 0.2728038728237152 0.008917372673749924 
0.8063299059867859 0.18252550065517426 0.011144544929265976 
0.08262182772159576 0.5763678550720215 0.34101030230522156 
0.6727555394172668 0.31019264459609985 0.01705184206366539 
0.1288795918226242 0.7684590220451355 0.10266134887933731 
0.9271661639213562 0.06835785508155823 0.004475975409150124 
0.43521273136138916 0.5461367964744568 0.018650446087121964 
0.018277283757925034 0.29328909516334534 0.6884335875511169 
0.11898913979530334 0.8577888607978821 0.023222004994750023 
0.6477171182632446 0.33282729983329773 0.019455645233392715 
0.0061288196593523026 0.16008780896663666 0.8337833881378174 
0.4943601191043854 0.47403785586357117 0.031602028757333755 
0.2492646425962448 0.7225340604782104 0.028201334178447723 
0.5781679749488831 0.3855036795139313 0.03632837533950806 
0.3785797357559204 0.6017534136772156 0.019666804000735283 
0.28477025032043457 0.694465696811676 0.020764069631695747 
0.005698246881365776 0.18004110455513 0.8142606616020203 
0.8083544969558716 0.18632927536964417 0.005316273309290409 
0.7420410513877869 0.2511228322982788 0.006836158689111471 
0.5188887119293213 0.45901206135749817 0.022099222987890244 
0.1746170073747635 0.7008799910545349 0.12450306862592697 
0.7244398593902588 0.26911115646362305 0.00644902465865016 
0.7678272128105164 0.21568039059638977 0.0164924506098032 
0.008982958272099495 0.8645762205123901 0.12644082307815552 
0.78757244348526 0.2029428333044052 0.009484732523560524 
0.2891651391983032 0.690645694732666 0.020189205184578896 
0.7659493088722229 0.22771450877189636 0.006336193066090345 
0.20040291547775269 0.734626054763794 0.06497108191251755 
0.8217319846153259 0.17033566534519196 0.007932358421385288 
0.09732826799154282 0.8248899579048157 0.07778177410364151 
0.27586525678634644 0.6697788238525391 0.054355915635824203 
0.43707185983657837 0.5327849984169006 0.030143089592456818 
0.5856373310089111 0.3973647654056549 0.01699790172278881 
0.5733435750007629 0.41062647104263306 0.01602998562157154 
0.1746170073747635 0.7008799910545349 0.12450306862592697 
0.13611821830272675 0.6732366681098938 0.19064515829086304 
0.9311529397964478 0.06612857431173325 0.0027184465434402227 
0.7841336131095886 0.20409072935581207 0.011775610968470573 
0.0009735607309266925 0.01857827790081501 0.9804481863975525 
0.6081278324127197 0.37832751870155334 0.013544631190598011 
0.8878812789916992 0.10503041744232178 0.007088385056704283 
0.5280404090881348 0.4242555797100067 0.04770399630069733 
0.6039929389953613 0.35846439003944397 0.037542589008808136 
0.6302290558815002 0.34467464685440063 0.025096286088228226 
0.42835432291030884 0.5591703057289124 0.012475388124585152 
0.4221358895301819 0.5634000301361084 0.014464113861322403 
0.402341365814209 0.563575804233551 0.03408284857869148 
0.4955202639102936 0.4861811101436615 0.018298666924238205 
0.0034338580444455147 0.0942995548248291 0.9022666215896606 
0.7422093152999878 0.2495264858007431 0.008264114148914814 
0.8907145261764526 0.1032055988907814 0.006079865153878927 
0.10179305821657181 0.44926396012306213 0.44894301891326904 
0.6249262094497681 0.3452266752719879 0.02984708547592163 
0.566108763217926 0.39498311281204224 0.038908131420612335 
0.046078670769929886 0.6345841884613037 0.3193370997905731 
0.2290370613336563 0.5903446078300476 0.18061839044094086 
0.047356363385915756 0.9031979441642761 0.049445707350969315 
0.5417653322219849 0.43801528215408325 0.02021937631070614 
0.0437975749373436 0.7985995411872864 0.15760290622711182 
0.4503270983695984 0.5188961625099182 0.03077678009867668 
0.2619994282722473 0.6518949866294861 0.08610564470291138 
0.18725281953811646 0.6524866819381714 0.16026054322719574 
0.9429855346679688 0.05225231498479843 0.0047621713019907475 
0.6918827295303345 0.2948451042175293 0.013272183947265148 
0.7944056391716003 0.19579142332077026 0.009802944958209991 
0.32865315675735474 0.6487133502960205 0.02263357676565647 
0.1018264964222908 0.5390383005142212 0.3591352105140686 
0.6151490211486816 0.35935401916503906 0.02549700066447258 
0.010167231783270836 0.5287947058677673 0.46103811264038086 
0.13498243689537048 0.6326721906661987 0.2323453277349472 
0.8927939534187317 0.10276421159505844 0.004441787488758564 
0.25866201519966125 0.6471288204193115 0.09420909732580185 
0.7887675166130066 0.20373204350471497 0.007500472012907267 
0.33584728837013245 0.5806795358657837 0.08347318321466446 
0.7834218740463257 0.21103498339653015 0.005543144419789314 
0.37641093134880066 0.594708263874054 0.028880812227725983 
0.6253883838653564 0.3444221317768097 0.030189476907253265 
0.25569918751716614 0.6807925701141357 0.0635082945227623 
0.3106869161128998 0.6491659879684448 0.0401470772922039 
0.08943954110145569 0.7108044028282166 0.19975607097148895 
0.2566584646701813 0.7099294066429138 0.03341212496161461 
0.08271753042936325 0.5588108897209167 0.358471542596817 
0.7421268224716187 0.24832075834274292 0.009552429430186749 
0.42675018310546875 0.5013878345489502 0.07186201214790344 
0.8334584832191467 0.1622423678636551 0.0042991358786821365 
0.43130916357040405 0.5483879446983337 0.020302897319197655 
0.07371215522289276 0.7365240454673767 0.18976382911205292 
0.36458083987236023 0.6050359606742859 0.030383147299289703 
0.272449254989624 0.44894516468048096 0.278605580329895 
0.6675209999084473 0.3192119002342224 0.0132671520113945 
0.1262684017419815 0.7667152881622314 0.10701631009578705 
0.31029921770095825 0.6408448815345764 0.048855919390916824 
0.7950349450111389 0.19377270340919495 0.01119230780750513 
0.15716217458248138 0.7973143458366394 0.04552344232797623 
0.19314709305763245 0.7780536413192749 0.02879929170012474 
0.3770553469657898 0.5985251069068909 0.024419555440545082 
0.7200218439102173 0.26084524393081665 0.01913294568657875 
0.1737934648990631 0.7617493271827698 0.06445720791816711 
0.10960525274276733 0.7374063730239868 0.15298841893672943 
0.03759963437914848 0.5690105557441711 0.3933897912502289 
0.7807280421257019 0.21237553656101227 0.006896352861076593 
0.11445841193199158 0.8312404155731201 0.05430121719837189 
0.26819464564323425 0.6677461266517639 0.06405927240848541 
0.17434999346733093 0.7939913868904114 0.03165861964225769 
0.4443248510360718 0.5413026809692383 0.01437246985733509 
0.6191468238830566 0.3675904870033264 0.013262664899230003 
0.3003793954849243 0.5296403169631958 0.16998030245304108 
0.601894736289978 0.3751988112926483 0.022906513884663582 
0.009484855458140373 0.27386146783828735 0.7166537046432495 
0.6928550601005554 0.2943283021450043 0.01281660795211792 
0.38775113224983215 0.596476137638092 0.015772799029946327 
0.06049562618136406 0.8812958002090454 0.05820855870842934 
0.8642789125442505 0.12988191843032837 0.005839270073920488 
0.003172751748934388 0.08194635063409805 0.9148809313774109 
0.7263417840003967 0.2646249234676361 0.00903326366096735 
0.17327679693698883 0.7908592224121094 0.035863980650901794 
0.37162962555885315 0.5941830277442932 0.0341874435544014 
0.047424349933862686 0.8882817625999451 0.06429383903741837 
0.7335904240608215 0.24825821816921234 0.018151339143514633 
0.40288957953453064 0.4909839928150177 0.10612645000219345 
0.4931696653366089 0.47964292764663696 0.027187442407011986 
0.3092450499534607 0.6197144389152527 0.0710405483841896 
0.45193132758140564 0.5333412289619446 0.014727503061294556 
0.8636779189109802 0.13095620274543762 0.005365849006921053 
0.8693732619285583 0.12404672801494598 0.006579989101737738 
0.6275418400764465 0.3618093729019165 0.010648756287992 
0.7138620615005493 0.27330756187438965 0.012830412946641445 
0.684209406375885 0.3044120669364929 0.011378524824976921 
0.16983607411384583 0.7961103916168213 0.03405355289578438 
0.35776445269584656 0.6206905841827393 0.021544966846704483 
0.7125380039215088 0.27635815739631653 0.01110385823994875 
0.8994389176368713 0.09688390791416168 0.0036771090235561132 
0.40288957953453064 0.4909839928150177 0.10612645000219345 
0.4931696653366089 0.47964292764663696 0.027187442407011986 
0.40288957953453064 0.4909839928150177 0.10612645000219345 
0.4931696653366089 0.47964292764663696 0.027187442407011986 
0.3092450499534607 0.6197144389152527 0.0710405483841896 
0.8636779189109802 0.13095620274543762 0.005365849006921053 
0.4792691469192505 0.4927286207675934 0.028002150356769562 
0.33717861771583557 0.4883776605129242 0.174443781375885 
0.43743568658828735 0.5425234436988831 0.02004079334437847 
0.004646620247513056 0.07879308611154556 0.9165602922439575 
0.3092450499534607 0.6197144389152527 0.0710405483841896 
0.8636779189109802 0.13095620274543762 0.005365849006921053 
0.21130234003067017 0.7214749455451965 0.06722269207239151 
0.36260613799095154 0.5010358691215515 0.13635796308517456 
0.27048081159591675 0.6967299580574036 0.03278921917080879 
0.578154444694519 0.4050859808921814 0.0167596023529768 
0.39166268706321716 0.575721025466919 0.0326162725687027 
0.7457773685455322 0.23869933187961578 0.015523293986916542 
0.15955956280231476 0.809259295463562 0.031181104481220245 
0.17165201902389526 0.8011693954467773 0.027178559452295303 
0.15600240230560303 0.695510745048523 0.14848685264587402 
0.5616625547409058 0.4185877740383148 0.019749725237488747 
0.757063627243042 0.22435951232910156 0.0185768511146307 
0.3028586804866791 0.6224093437194824 0.07473190128803253 
0.20608492195606232 0.7735289335250854 0.020386070013046265 
0.4672752618789673 0.5128321647644043 0.019892580807209015 
0.24325332045555115 0.6724643111228943 0.08428240567445755 
0.5414609909057617 0.42808371782302856 0.030455278232693672 
0.13306915760040283 0.805072009563446 0.061858899891376495 
0.6018834114074707 0.37137913703918457 0.02673746645450592 
0.32087188959121704 0.4924703538417816 0.18665769696235657 
0.2358720749616623 0.7363026142120361 0.02782539650797844 
0.045087821781635284 0.7869507074356079 0.16796140372753143 
0.21119952201843262 0.5738937854766846 0.21490666270256042 
0.44355860352516174 0.5182328820228577 0.038208525627851486 
0.1893058717250824 0.7598828077316284 0.0508112795650959 
0.047875773161649704 0.9156521558761597 0.03647206351161003 
0.047875773161649704 0.9156521558761597 0.03647206351161003 
0.46270373463630676 0.5111199021339417 0.02617635577917099 
0.4132643938064575 0.555820882320404 0.030914749950170517 
0.0521983876824379 0.43425995111465454 0.5135416388511658 
0.42369595170021057 0.5478338599205017 0.02847018465399742 
0.838208019733429 0.15551400184631348 0.0062779891304671764 
0.2394866645336151 0.7314140200614929 0.029099300503730774 
0.49513712525367737 0.4744779169559479 0.03038499690592289 
0.0016522178193554282 0.08771323412656784 0.9106345772743225 
0.07708717882633209 0.693917989730835 0.22899483144283295 
0.03206893056631088 0.24585933983325958 0.7220717668533325 
0.16235536336898804 0.6577515602111816 0.17989306151866913 
0.15720286965370178 0.8032511472702026 0.03954595699906349 
0.005327677354216576 0.17302267253398895 0.8216497302055359 
0.766664981842041 0.22609123587608337 0.007243783213198185 
0.16323621571063995 0.7986631989479065 0.03810057044029236 
0.7405957579612732 0.2518672049045563 0.007537032011896372 
0.3253730237483978 0.650096595287323 0.024530380964279175 
0.267986536026001 0.6785810589790344 0.053432416170835495 
0.4252597391605377 0.5347080826759338 0.040032219141721725 
0.4723590910434723 0.45664387941360474 0.07099699229001999 
0.233952596783638 0.654958188533783 0.11108927428722382 
0.22209063172340393 0.7273356318473816 0.05057373270392418 
0.05216216295957565 0.8963381052017212 0.05149973928928375 
0.04915119707584381 0.613021194934845 0.3378276228904724 
0.015320374630391598 0.5653656125068665 0.41931402683258057 
0.22945213317871094 0.5185486674308777 0.25199922919273376 
0.2747340202331543 0.7087603807449341 0.01650564931333065 
0.5048671960830688 0.4707731604576111 0.024359650909900665 
0.2261398732662201 0.7401849627494812 0.03367514908313751 
0.011170344427227974 0.423286110162735 0.565543532371521 
0.6286866664886475 0.3599206507205963 0.011392628774046898 
0.6142345070838928 0.37012535333633423 0.015640178695321083 
0.5355460047721863 0.4478844702243805 0.016569584608078003 
0.6964874863624573 0.2899668216705322 0.01354566402733326 
0.29972684383392334 0.49275389313697815 0.20751920342445374 
0.0024961454328149557 0.06580297648906708 0.9317008852958679 
0.5157179236412048 0.46600541472435 0.018276682123541832 
0.9514995813369751 0.04525704309344292 0.003243387909606099 
0.023597339168190956 0.5624816417694092 0.4139209985733032 
0.36756595969200134 0.5849754214286804 0.04745868593454361 
0.46168988943099976 0.5186070203781128 0.019703097641468048 
0.8594526648521423 0.13439220190048218 0.006155084352940321 
0.627398669719696 0.3605758547782898 0.01202553603798151 
0.004588164389133453 0.15527646243572235 0.840135395526886 
0.6161863207817078 0.372037410736084 0.011776232160627842 
0.1718149334192276 0.7846978306770325 0.04348719120025635 
0.7086712121963501 0.2808118164539337 0.010516955517232418 
0.8180295825004578 0.17580166459083557 0.006168666295707226 
0.37345942854881287 0.6007398962974548 0.025800688192248344 
0.3686423897743225 0.6090433597564697 0.02231423929333687 
0.6005443930625916 0.3824099004268646 0.01704571396112442 
0.24041101336479187 0.6944154500961304 0.06517355144023895 
0.20215894281864166 0.690218448638916 0.10762255638837814 
0.2548329532146454 0.6771315932273865 0.06803552806377411 
0.5012968182563782 0.4847155213356018 0.013987633399665356 
0.344296395778656 0.6148833632469177 0.04082025587558746 
0.49028897285461426 0.4802797734737396 0.029431205242872238 
0.09812474250793457 0.7023653388023376 0.19950984418392181 
0.6918827295303345 0.2948451042175293 0.013272183947265148 
0.013715225271880627 0.46406739950180054 0.5222173929214478 
0.21441394090652466 0.7521199584007263 0.033466096967458725 
0.15490111708641052 0.7035476565361023 0.14155122637748718 
0.700464129447937 0.28897586464881897 0.01055994164198637 
0.4841304123401642 0.4564213454723358 0.059448257088661194 
0.32091742753982544 0.6583592891693115 0.02072332799434662 
0.6381418108940125 0.34339097142219543 0.018467171117663383 
0.053088292479515076 0.8513844013214111 0.095527283847332 
0.8150386810302734 0.18023861944675446 0.00472266785800457 
0.6774137616157532 0.3126068413257599 0.009979335591197014 
0.01723308674991131 0.9236804246902466 0.059086475521326065 
0.03246266394853592 0.8781929612159729 0.08934441953897476 
0.07964088767766953 0.46106356382369995 0.4592955708503723 
0.6173442602157593 0.37096112966537476 0.011694662272930145 
0.11107366532087326 0.7477959394454956 0.14113034307956696 
0.3001753091812134 0.671421229839325 0.028403427451848984 
0.03817541524767876 0.5264087319374084 0.4354158341884613 
0.7480255365371704 0.22589369118213654 0.026080861687660217 
0.7390108704566956 0.2539248466491699 0.007064258214086294 
0.6918827295303345 0.2948451042175293 0.013272183947265148 
0.021478712558746338 0.4231158196926117 0.5554054379463196 
0.03806100785732269 0.3440583348274231 0.617880642414093 
0.370241641998291 0.5959547162055969 0.033803630620241165 
0.4383898675441742 0.45906737446784973 0.10254276543855667 
0.7684325575828552 0.22065259516239166 0.01091482862830162 
0.26611489057540894 0.6502785086631775 0.08360668271780014 
0.2608370780944824 0.6023919582366943 0.13677100837230682 
0.9295186996459961 0.06763938814401627 0.0028419001027941704 
0.2750820219516754 0.6599879860877991 0.06492999196052551 
0.8393228650093079 0.14962144196033478 0.011055640876293182 
0.31844279170036316 0.6413243412971497 0.040232881903648376 
0.061294183135032654 0.5541509389877319 0.3845548629760742 
0.6774749159812927 0.3115886449813843 0.010936444625258446 
0.005629138555377722 0.14117050170898438 0.853200376033783 
0.7990884184837341 0.18893414735794067 0.01197746954858303 
0.9425065517425537 0.05495000258088112 0.002543526468798518 
0.11782350391149521 0.8081963062286377 0.0739801749587059 
0.005629138555377722 0.14117050170898438 0.853200376033783 
0.43526941537857056 0.517536461353302 0.04719415307044983 
0.005629138555377722 0.14117050170898438 0.853200376033783 
0.6523823142051697 0.33337607979774475 0.014241650700569153 
0.49213266372680664 0.4900788366794586 0.017788482829928398 
0.49213266372680664 0.4900788366794586 0.017788482829928398 
0.49213266372680664 0.4900788366794586 0.017788482829928398 
0.6196073889732361 0.3685314655303955 0.0118611054494977 
0.6849251389503479 0.3085404932498932 0.006534394808113575 
0.590408444404602 0.3905850350856781 0.01900658570230007 
0.74283367395401 0.24973711371421814 0.007429200224578381 
0.7795585989952087 0.20637476444244385 0.014066662639379501 
0.478893518447876 0.4989989697933197 0.02210753597319126 
0.7301635146141052 0.25353795289993286 0.01629849150776863 
0.11715149134397507 0.8564745187759399 0.026373986154794693 
0.12819232046604156 0.8364037871360779 0.03540389612317085 
0.35238155722618103 0.589877724647522 0.05774074047803879 
0.11351052671670914 0.755608320236206 0.1308811902999878 
0.41484397649765015 0.5315415859222412 0.05361444130539894 
0.8488987684249878 0.14466887712478638 0.006432350724935532 
0.8368372321128845 0.15240545570850372 0.010757280513644218 
0.5470290780067444 0.4204443097114563 0.03252655640244484 
0.0029210823122411966 0.0339604988694191 0.9631183743476868 
0.9664338231086731 0.031011952087283134 0.0025541142094880342 
0.0025298192631453276 0.025849975645542145 0.9716201424598694 
0.650722861289978 0.3405584990978241 0.008718622848391533 
0.0019283473957329988 0.06767263263463974 0.9303990602493286 
0.727853000164032 0.2622702717781067 0.009876648895442486 
0.004781014751642942 0.45016929507255554 0.5450496673583984 
0.8682560324668884 0.1236228346824646 0.008121139369904995 
0.38683825731277466 0.5890454649925232 0.024116234853863716 
0.41981053352355957 0.5332645773887634 0.04692491143941879 
0.22503286600112915 0.7441049814224243 0.030862152576446533 
0.6686551570892334 0.30239611864089966 0.028948737308382988 
0.21967723965644836 0.691960871219635 0.08836188167333603 
0.6739763617515564 0.3168941140174866 0.009129557758569717 
0.37088844180107117 0.5998169779777527 0.029294602572917938 
0.24310530722141266 0.7198164463043213 0.03707825019955635 
0.9154084324836731 0.080860935151577 0.0037306812591850758 
0.36749327182769775 0.6063828468322754 0.026123886927962303 
0.8958390951156616 0.09908507764339447 0.0050758300349116325 
0.2722330391407013 0.7020904421806335 0.025676598772406578 
0.1947275549173355 0.7395150065422058 0.0657573938369751 
0.5744007229804993 0.3950476050376892 0.030551668256521225 
0.6948051452636719 0.2990005314350128 0.006194316316395998 
0.022514156997203827 0.3178107738494873 0.6596750617027283 
0.18298612534999847 0.7693989276885986 0.04761502519249916 
0.8925298452377319 0.10305032134056091 0.004419779870659113 
0.3686789274215698 0.5279301404953003 0.10339093953371048 
0.13138698041439056 0.8386492729187012 0.029963720589876175 
0.4654132127761841 0.4819882810115814 0.052598487585783005 
0.7107130885124207 0.26050201058387756 0.02878488413989544 
0.47252050042152405 0.5040869116783142 0.023392561823129654 
0.0011586998589336872 0.049751996994018555 0.9490892887115479 
0.0554032027721405 0.6102678775787354 0.3343289792537689 
0.47346535325050354 0.4619874954223633 0.06454715132713318 
0.8012645244598389 0.19366927444934845 0.005066221579909325 
0.9622703194618225 0.03589284047484398 0.0018368849996477365 
0.27619192004203796 0.5439198017120361 0.17988832294940948 
0.34567826986312866 0.6285656094551086 0.0257561132311821 
0.808617115020752 0.1854507476091385 0.005932155530899763 
0.643542468547821 0.34573349356651306 0.010724003426730633 
0.6240403056144714 0.3653513491153717 0.010608385317027569 
0.04343045502901077 0.8584731221199036 0.09809640049934387 
0.0011586998589336872 0.049751996994018555 0.9490892887115479 
0.5253421664237976 0.4619358777999878 0.012721957638859749 
0.0065232571214437485 0.09850852936506271 0.8949682116508484 
0.7955847382545471 0.19514983892440796 0.009265386499464512 
0.4503032863140106 0.526762843132019 0.022933855652809143 
0.6933552622795105 0.29774922132492065 0.008895520120859146 
0.34259849786758423 0.5961415767669678 0.061259906738996506 
0.8621231317520142 0.13147559762001038 0.0064013125374913216 
0.004828732460737228 0.09336432069540024 0.9018069505691528 
0.6014460325241089 0.32035523653030396 0.07819882035255432 
0.3271484375 0.6128373742103577 0.060014210641384125 
0.003058544360101223 0.08665099740028381 0.9102904796600342 
0.8646900653839111 0.1288919895887375 0.006418046075850725 
0.063697449862957 0.419368714094162 0.5169338583946228 
0.37088844180107117 0.5998169779777527 0.029294602572917938 
0.29711225628852844 0.6807987093925476 0.022089021280407906 
0.7466061115264893 0.24341104924678802 0.009982844814658165 
0.6430156826972961 0.3421443998813629 0.01483993697911501 
0.6607891917228699 0.3228483200073242 0.016362473368644714 
0.8665392994880676 0.12492399662733078 0.008536679670214653 
0.025834299623966217 0.2876085937023163 0.6865571141242981 
0.02307090349495411 0.6007680296897888 0.376161128282547 
0.4902656376361847 0.48852136731147766 0.021213006228208542 
0.6928544044494629 0.29853206872940063 0.008613559417426586 
0.2896256744861603 0.674795389175415 0.03557894006371498 
0.5228123068809509 0.447440505027771 0.029747165739536285 
0.5282599925994873 0.4463244378566742 0.025415580719709396 
0.4745800495147705 0.5062179565429688 0.01920202188193798 
0.13216955959796906 0.8334614038467407 0.03436907380819321 
0.7444325089454651 0.24648360908031464 0.00908385869115591 
0.2160376012325287 0.5551865696907043 0.22877584397792816 
0.06293715536594391 0.8533900380134583 0.08367281407117844 
0.6718764305114746 0.32257580757141113 0.0055476767010986805 
0.5240139365196228 0.45564940571784973 0.020336631685495377 
0.21967723965644836 0.691960871219635 0.08836188167333603 
0.7620741128921509 0.22976157069206238 0.008164298720657825 
0.2269435077905655 0.7027966976165771 0.07025984674692154 
0.1572180539369583 0.7041127681732178 0.1386692076921463 
0.37936025857925415 0.5883464813232422 0.032293252646923065 
0.36986246705055237 0.6021180152893066 0.02801952138543129 
0.28095871210098267 0.5556114912033081 0.16342972218990326 
0.5570465326309204 0.41838163137435913 0.02457181178033352 
0.21061971783638 0.7349116206169128 0.05446869507431984 
0.6704743504524231 0.3207971751689911 0.008728520013391972 
0.04849030077457428 0.41853201389312744 0.5329776406288147 
0.017770737409591675 0.4440860450267792 0.5381431579589844 
0.01209818571805954 0.6688441038131714 0.31905773282051086 
0.1319294273853302 0.8292866945266724 0.038783811032772064 
0.5000296235084534 0.47509485483169556 0.024875540286302567 
0.15214689075946808 0.6503514051437378 0.19750173389911652 
0.5263836979866028 0.4589443802833557 0.014671939425170422 
0.29524293541908264 0.6599737405776978 0.044783372431993484 
0.028427131474018097 0.7935368418693542 0.17803601920604706 
0.5610960125923157 0.4102540910243988 0.028649842366576195 
0.903028666973114 0.09307543188333511 0.003895948873832822 
0.0012045033508911729 0.030735690146684647 0.968059778213501 
0.6231406927108765 0.36758673191070557 0.009272574447095394 
0.5485152006149292 0.4328339695930481 0.018650829792022705 
0.7432752251625061 0.24831295013427734 0.008411872200667858 
0.014628195203840733 0.236673504114151 0.748698353767395 
0.7136516571044922 0.271541953086853 0.014806333929300308 
0.15116813778877258 0.8145012855529785 0.03433052450418472 
0.15214689075946808 0.6503514051437378 0.19750173389911652 
0.15214689075946808 0.6503514051437378 0.19750173389911652 
0.01022418588399887 0.34434518218040466 0.6454306840896606 
0.005708629265427589 0.16867709159851074 0.8256142139434814 
0.6233932971954346 0.3677557110786438 0.008850999176502228 
0.15214689075946808 0.6503514051437378 0.19750173389911652 
0.2037348449230194 0.507529616355896 0.2887355387210846 
0.052600789815187454 0.3791772127151489 0.5682219862937927 
0.00602723378688097 0.1432366669178009 0.850736141204834 
0.3784579932689667 0.6025168299674988 0.019025200977921486 
0.004843510687351227 0.1622379571199417 0.8329185247421265 
0.23745258152484894 0.6597666144371033 0.1027807891368866 
0.32917502522468567 0.6310749053955078 0.0397501103579998 
0.7967370748519897 0.19034607708454132 0.012916911393404007 
0.6781061887741089 0.3136155903339386 0.008278251625597477 
0.2410069853067398 0.6747184991836548 0.08427448570728302 
0.49870985746383667 0.4892341196537018 0.012056021019816399 
0.6040176749229431 0.37576404213905334 0.020218247547745705 
0.6705673933029175 0.3209017515182495 0.008530857041478157 
0.010352641344070435 0.4338545799255371 0.5557927489280701 
0.004857076331973076 0.5408163666725159 0.4543265998363495 
0.3003793954849243 0.5296403169631958 0.16998030245304108 
0.4604387581348419 0.498394250869751 0.041167002171278 
0.03393234685063362 0.564297080039978 0.40177062153816223 
0.394072562456131 0.5711861252784729 0.034741319715976715 
0.6412758231163025 0.3494907021522522 0.009233455173671246 
0.10194864124059677 0.809855580329895 0.08819571137428284 
0.7167209386825562 0.2718713581562042 0.011407775804400444 
0.703572690486908 0.28138551115989685 0.01504176203161478 
0.528439462184906 0.4533238410949707 0.01823665015399456 
0.4811449348926544 0.46459153294563293 0.05426357313990593 
0.30450868606567383 0.5266257524490356 0.16886551678180695 
0.8809922337532043 0.11335117369890213 0.005656575318425894 
0.18366990983486176 0.770982563495636 0.04534754902124405 
0.559723973274231 0.4215116798877716 0.018764404579997063 
0.09775660187005997 0.8442373275756836 0.05800611153244972 
0.8446781635284424 0.14978139102458954 0.005540421698242426 
0.16259901225566864 0.7984636425971985 0.03893733769655228 
0.32039546966552734 0.6490265130996704 0.030577994883060455 
0.2411726415157318 0.6033651828765869 0.15546216070652008 
0.6276018023490906 0.35805320739746094 0.014344987459480762 
0.2430870234966278 0.5996988415718079 0.15721404552459717 
0.46257349848747253 0.5139201879501343 0.023506304249167442 
0.042572181671857834 0.8679247498512268 0.08950305730104446 
0.5359413623809814 0.4479317367076874 0.016126925125718117 
0.4991481602191925 0.47714269161224365 0.023709185421466827 
0.010301800444722176 0.2283714860677719 0.7613266706466675 
0.9192792773246765 0.07778866589069366 0.002932062605395913 
0.16817951202392578 0.7982334494590759 0.03358699753880501 
0.17733903229236603 0.7922146320343018 0.030446259304881096 
0.4363943636417389 0.545195460319519 0.018410176038742065 
0.14453208446502686 0.7845441699028015 0.07092384994029999 
0.5586745738983154 0.4026181399822235 0.03870733827352524 
0.003858091775327921 0.14333677291870117 0.8528050780296326 
0.8793941140174866 0.11440369486808777 0.006202197168022394 
0.3338842988014221 0.5781797766685486 0.08793599158525467 
0.24561263620853424 0.7076514363288879 0.04673584923148155 
0.2160218358039856 0.7548200488090515 0.02915814332664013 
0.04931500181555748 0.8445549011230469 0.10613016784191132 
0.45079806447029114 0.5153042674064636 0.033897653222084045 
0.5749975442886353 0.41172823309898376 0.013274194672703743 
0.6077275276184082 0.37050536274909973 0.02176716923713684 
0.4322655498981476 0.5458452105522156 0.021889209747314453 
0.36451151967048645 0.5940026044845581 0.04148586094379425 
0.3351795971393585 0.6297643780708313 0.035055987536907196 
0.6490196585655212 0.34555575251579285 0.005424608010798693 
0.06906028091907501 0.7312697172164917 0.1996699422597885 
0.05219004675745964 0.7599106431007385 0.18789924681186676 
0.5532785058021545 0.4357880651950836 0.010933472774922848 
0.013580492697656155 0.4044159948825836 0.5820035338401794 
0.06943311542272568 0.8198251128196716 0.1107417494058609 
0.4512559175491333 0.47307053208351135 0.07567355781793594 
0.05185151845216751 0.7101157307624817 0.238032728433609 
0.7315539717674255 0.2598814368247986 0.008564570918679237 
0.6574869155883789 0.33600082993507385 0.006512219086289406 
0.5011592507362366 0.4802989959716797 0.018541788682341576 
0.39581575989723206 0.5505313277244568 0.05365291237831116 
0.738831102848053 0.24312950670719147 0.018039409071207047 
0.3454800844192505 0.5950170159339905 0.05950290337204933 
0.5656233429908752 0.4101049304008484 0.02427179366350174 
0.7486786842346191 0.24130824208259583 0.01001305878162384 
0.10224437713623047 0.8015742301940918 0.0961814746260643 
0.8052366375923157 0.1813373565673828 0.01342603750526905 
0.46318015456199646 0.516778826713562 0.020041048526763916 
0.7669184803962708 0.22345486283302307 0.009626677259802818 
0.7835943698883057 0.20855562388896942 0.007850075140595436 
0.22458375990390778 0.6104714274406433 0.1649448126554489 
0.017512904480099678 0.7144410014152527 0.268046110868454 
0.6899847388267517 0.2883111238479614 0.021704159677028656 
0.7261962294578552 0.26104047894477844 0.012763307429850101 
0.49537336826324463 0.47158417105674744 0.03304240480065346 
0.8054719567298889 0.1781041920185089 0.016423892229795456 
0.6718093156814575 0.3130658268928528 0.015124865807592869 
0.40665674209594727 0.5753174424171448 0.0180258359760046 
0.8507779240608215 0.14495089650154114 0.004271269775927067 
0.45761480927467346 0.5075629353523254 0.03482222557067871 
0.43303000926971436 0.5364391207695007 0.030530884861946106 
0.9433209300041199 0.053560927510261536 0.0031180738005787134 
0.4692637026309967 0.5110911130905151 0.019645171239972115 
0.5768500566482544 0.39343202114105225 0.02971789613366127 
0.12796466052532196 0.806292712688446 0.065742626786232 
0.4664853513240814 0.501108705997467 0.03240589052438736 
0.39021992683410645 0.5849252939224243 0.024854818359017372 
0.37088844180107117 0.5998169779777527 0.029294602572917938 
0.8187034726142883 0.1761210560798645 0.005175487603992224 
0.8939714431762695 0.10070020705461502 0.005328396335244179 
0.21061971783638 0.7349116206169128 0.05446869507431984 
0.93743896484375 0.057982124388217926 0.004578875843435526 
0.4135749936103821 0.5591763854026794 0.027248675003647804 
0.4787711799144745 0.46304166316986084 0.058187149465084076 
0.8293546438217163 0.1659872680902481 0.004658064804971218 
0.4503270983695984 0.5188961625099182 0.03077678009867668 
0.6200104355812073 0.36564067006111145 0.014348829165101051 
0.7032985091209412 0.2863467037677765 0.010354769416153431 
0.03433401137590408 0.7987580299377441 0.16690796613693237 
0.5006945729255676 0.4792138338088989 0.020091554149985313 
0.389331579208374 0.58744215965271 0.023226244375109673 
0.1745021790266037 0.722045361995697 0.1034524217247963 
0.6912109851837158 0.29748502373695374 0.011303973384201527 
0.017724163830280304 0.8788120150566101 0.10346376895904541 
0.39620834589004517 0.5844888687133789 0.01930277980864048 
0.8223105072975159 0.17091251909732819 0.006776983384042978 
0.13289786875247955 0.7222996950149536 0.14480242133140564 
0.04048233479261398 0.8173578977584839 0.14215975999832153 
0.7332054972648621 0.25938355922698975 0.007410994730889797 
0.6885465383529663 0.2962370812892914 0.015216341242194176 
0.7065971493721008 0.2833881974220276 0.010014592669904232 
0.19254878163337708 0.7582538723945618 0.049197304993867874 
0.5304499268531799 0.41106608510017395 0.05848397687077522 
0.2586560547351837 0.7034016251564026 0.037942323833703995 
0.002890532836318016 0.08926659822463989 0.9078428745269775 
0.3452453911304474 0.6365193724632263 0.018235236406326294 
0.6050322651863098 0.3767572343349457 0.01821051724255085 
0.8830313682556152 0.11195282638072968 0.00501577602699399 
0.3203887939453125 0.6632815003395081 0.016329696401953697 
0.8794553875923157 0.11440886557102203 0.006135707721114159 
0.5615354180335999 0.423477441072464 0.014987085945904255 
0.16122253239154816 0.6785157918930054 0.16026167571544647 
0.8195487260818481 0.17369544506072998 0.00675576226785779 
0.5271076560020447 0.43828949332237244 0.03460285812616348 
0.8282529711723328 0.16143003106117249 0.01031693909317255 
0.35085994005203247 0.5708033442497253 0.0783366784453392 
0.9062244296073914 0.08959117531776428 0.004184322897344828 
0.2855290472507477 0.6637440919876099 0.05072695389389992 
0.8851115703582764 0.10897266864776611 0.005915751215070486 
0.6190135478973389 0.3709331452846527 0.010053331963717937 
0.014185307547450066 0.4777885675430298 0.508026123046875 
0.5594582557678223 0.42463767528533936 0.015904061496257782 
0.7708998918533325 0.21229255199432373 0.01680753380060196 
0.19803950190544128 0.7290085554122925 0.07295193523168564 
0.40455129742622375 0.5545085668563843 0.04094009846448898 
0.5244082808494568 0.4510856866836548 0.024505985900759697 
0.8476107120513916 0.14701306819915771 0.0053762588649988174 
0.028792409226298332 0.5879356861114502 0.3832719326019287 
0.9515530467033386 0.04589742794632912 0.0025495458394289017 
0.6402812004089355 0.3315463364124298 0.028172358870506287 
0.22370901703834534 0.7300200462341309 0.04627089947462082 
0.7247085571289062 0.26729193329811096 0.007999533787369728 
0.7375982999801636 0.2513642907142639 0.01103739533573389 
0.09131486713886261 0.7367849349975586 0.17190024256706238 
0.003400546032935381 0.5034903883934021 0.4931090474128723 
0.4450230002403259 0.49175259470939636 0.0632244125008583 
0.032539792358875275 0.6477404236793518 0.31971976161003113 
0.3244924247264862 0.5943912267684937 0.08111636340618134 
0.8631082773208618 0.13098891079425812 0.00590281467884779 
0.7986518144607544 0.1948864459991455 0.006461763754487038 
0.40017762780189514 0.5586885213851929 0.0411338172852993 
0.2901143431663513 0.6847801804542542 0.025105468928813934 
0.6445798277854919 0.3464776277542114 0.008942552842199802 
0.6346961259841919 0.3536849617958069 0.01161890383809805 
0.5983744263648987 0.38716042041778564 0.014465181156992912 
0.7403779029846191 0.2527226507663727 0.006899429019540548 
0.3629835844039917 0.6193294525146484 0.017686964944005013 
0.42487114667892456 0.5534446239471436 0.02168423682451248 
0.611911952495575 0.3770884573459625 0.010999581776559353 
0.523094117641449 0.4511667788028717 0.025739068165421486 
0.17681126296520233 0.7664015889167786 0.0567871630191803 
0.7794253826141357 0.2144070714712143 0.006167467683553696 
0.48160725831985474 0.48238685727119446 0.03600594028830528 
0.16232304275035858 0.43698057532310486 0.40069642663002014 
0.7903682589530945 0.20249991118907928 0.007131819613277912 
0.04499686509370804 0.8952299356460571 0.05977317690849304 
0.10260055959224701 0.8163601756095886 0.08103925734758377 
0.44669631123542786 0.5227621793746948 0.030541477724909782 
0.03483688458800316 0.5896674394607544 0.37549567222595215 
0.23435531556606293 0.7350499629974365 0.030594753101468086 
0.5415900945663452 0.4446738660335541 0.013736031018197536 
0.28764036297798157 0.6717638373374939 0.04059581458568573 
0.47665151953697205 0.49129000306129456 0.03205852583050728 
0.8626455068588257 0.12664522230625153 0.010709255002439022 
0.4352998733520508 0.5093593001365662 0.055340830236673355 
0.18595001101493835 0.6379876732826233 0.17606224119663239 
0.28573817014694214 0.6180242896080017 0.09623754769563675 
0.059327464550733566 0.8145434260368347 0.1261291354894638 
0.1717253178358078 0.6369897723197937 0.1912849098443985 
0.9028225541114807 0.09288086742162704 0.004296550527215004 
0.7809721827507019 0.20300862193107605 0.016019197180867195 
0.39630550146102905 0.5809167623519897 0.022777734324336052 
0.23508305847644806 0.7391065955162048 0.025810370221734047 
0.5653040409088135 0.42394840717315674 0.010747523047029972 
0.41235390305519104 0.538942813873291 0.04870329424738884 
0.31270015239715576 0.6177769303321838 0.06952285766601562 
0.33364635705947876 0.6337295174598694 0.03262416645884514 
0.5615977644920349 0.4143960177898407 0.024006199091672897 
0.061382558196783066 0.697249710559845 0.24136771261692047 
0.5771836638450623 0.4051607549190521 0.017655620351433754 
0.5331408381462097 0.44771093130111694 0.019148265942931175 
0.5346762537956238 0.44757279753685 0.017751038074493408 
0.483835369348526 0.4756419062614441 0.04052267596125603 
0.2821061611175537 0.6900021433830261 0.02789168804883957 
0.121858611702919 0.7976528406143188 0.08048854768276215 
0.9037317633628845 0.09164977818727493 0.004618524573743343 
0.6596711874008179 0.3311638832092285 0.009164892137050629 
0.3055194914340973 0.6656433939933777 0.0288371779024601 
0.0023519149981439114 0.13217219710350037 0.8654758930206299 
0.8618493676185608 0.13294480741024017 0.005205868277698755 
0.9331846833229065 0.06396166235208511 0.0028536119498312473 
0.6884622573852539 0.3025737702846527 0.008963946253061295 
0.28413817286491394 0.6955626010894775 0.020299186930060387 
0.406864732503891 0.5433447957038879 0.049790412187576294 
0.4203188717365265 0.5606982111930847 0.018982984125614166 
0.5115663409233093 0.4712536334991455 0.017180001363158226 
0.3814845681190491 0.5946446657180786 0.02387077547609806 
0.4593921899795532 0.5155255794525146 0.025082262232899666 
0.04395846650004387 0.824205219745636 0.13183638453483582 
0.42510735988616943 0.5570709109306335 0.017821693792939186 
0.5532785058021545 0.4357880651950836 0.010933472774922848 
0.006973664276301861 0.5624640583992004 0.4305623173713684 
0.49095630645751953 0.4469580054283142 0.06208566203713417 
0.37105005979537964 0.6157034635543823 0.01324651762843132 
0.3059937059879303 0.6225784420967102 0.07142781466245651 
0.3886321187019348 0.5952349901199341 0.016132930293679237 
0.46058177947998047 0.5140679478645325 0.025350194424390793 
0.08987537026405334 0.864034116268158 0.04609057679772377 
0.8267666697502136 0.16512329876422882 0.008109958842396736 
0.36953216791152954 0.5971651673316956 0.03330262750387192 
0.662578284740448 0.31925907731056213 0.018162596970796585 
0.7649655342102051 0.22393257915973663 0.011101898737251759 
0.3894990384578705 0.5755549073219299 0.0349460244178772 
0.34075218439102173 0.6343982219696045 0.024849658831954002 
0.7415835857391357 0.2494160234928131 0.00900035910308361 
0.41835930943489075 0.5384392142295837 0.04320153594017029 
0.47851210832595825 0.5015096068382263 0.019978268072009087 
0.2505817413330078 0.7276120185852051 0.02180619165301323 
0.3506590723991394 0.6235169172286987 0.02582397311925888 
0.1978691965341568 0.7672731876373291 0.0348576158285141 
0.06105814129114151 0.8739543557167053 0.06498748064041138 
0.7032267451286316 0.2865005433559418 0.010272737592458725 
0.5700000524520874 0.4178808927536011 0.012119080871343613 
0.5129286050796509 0.4792228937149048 0.00784849189221859 
0.6651976108551025 0.32387575507164 0.010926704853773117 
0.45909592509269714 0.5168611407279968 0.024042973294854164 
0.44718074798583984 0.5245333909988403 0.02828584983944893 
0.29611384868621826 0.6627066135406494 0.041179537773132324 
0.9272297620773315 0.07010886818170547 0.002661352511495352 
0.2858178913593292 0.6770092844963074 0.037172820419073105 
0.39065343141555786 0.5656362771987915 0.04371027275919914 
0.3502177596092224 0.5432650446891785 0.1065172627568245 
0.6008573770523071 0.34651023149490356 0.05263236165046692 
0.03433401137590408 0.7987580299377441 0.16690796613693237 
0.535926878452301 0.44982126355171204 0.01425179559737444 
0.43372371792793274 0.5322225689888 0.0340537466108799 
0.12342239916324615 0.6036614775657654 0.27291613817214966 
0.5629973411560059 0.4242638945579529 0.012738794088363647 
0.10224437713623047 0.8015742301940918 0.0961814746260643 
0.72847980260849 0.26403358578681946 0.007486604154109955 
0.6093035936355591 0.3754093647003174 0.015287053771317005 
0.09274740517139435 0.8655442595481873 0.04170836880803108 
0.08976615965366364 0.5111657381057739 0.39906811714172363 
0.49349692463874817 0.4852595627307892 0.02124348096549511 
0.6394366025924683 0.3489919602870941 0.011571377515792847 
0.04181744158267975 0.5214366316795349 0.43674591183662415 
0.4212853014469147 0.5557094216346741 0.023005228489637375 
0.8835862278938293 0.11138619482517242 0.0050275749526917934 
0.02707742154598236 0.7924938201904297 0.18042871356010437 
0.5419440269470215 0.44200652837753296 0.016049450263381004 
0.16263389587402344 0.6553816199302673 0.18198446929454803 
0.12123016268014908 0.8436246514320374 0.035145197063684464 
0.47718751430511475 0.48986271023750305 0.03294980153441429 
0.44434574246406555 0.5096892714500427 0.04596492275595665 
0.28884363174438477 0.6735098361968994 0.037646498531103134 
0.7368960976600647 0.25632503628730774 0.006778858136385679 
0.566012442111969 0.40521275997161865 0.02877485752105713 
0.6108366847038269 0.37649643421173096 0.012666888535022736 
0.5126592516899109 0.4233206808567047 0.06402009725570679 
0.19908615946769714 0.7548152804374695 0.0460984893143177 
0.8522765636444092 0.14354459941387177 0.004178874660283327 
0.624714732170105 0.35826873779296875 0.017016522586345673 
0.5792738199234009 0.40931159257888794 0.01141459122300148 
0.5728696584701538 0.4103858768939972 0.01674441061913967 
0.2115645408630371 0.760928750038147 0.027506642043590546 
0.10060008615255356 0.7873625755310059 0.11203736066818237 
0.3870798349380493 0.5820958018302917 0.03082435391843319 
0.08988599479198456 0.8485848903656006 0.061529118567705154 
0.5040766000747681 0.4774824380874634 0.01844100095331669 
0.4175249934196472 0.535266101360321 0.04720894992351532 
0.091619111597538 0.8595958948135376 0.048785001039505005 
0.6586815714836121 0.3320857286453247 0.009232700802385807 
0.6707198619842529 0.31646305322647095 0.012817084789276123 
0.014625392854213715 0.3612184524536133 0.6241561770439148 
0.3901558816432953 0.5130326747894287 0.0968114510178566 
0.19280128180980682 0.5922067165374756 0.21499204635620117 
0.24353083968162537 0.6710279583930969 0.08544112741947174 
0.4884609282016754 0.4842308759689331 0.027308201417326927 
0.3931519389152527 0.5808306932449341 0.02601734735071659 
0.6692531704902649 0.32242557406425476 0.008321280591189861 
0.7488523721694946 0.2444382756948471 0.0067093754187226295 
0.4563644528388977 0.5262032747268677 0.017432264983654022 
0.21884874999523163 0.7500858306884766 0.031065383926033974 
0.7455636262893677 0.2440607249736786 0.010375650599598885 
0.7182713747024536 0.26803719997406006 0.01369141973555088 
0.8032252788543701 0.18494409322738647 0.011830637231469154 
0.6721632480621338 0.30824628472328186 0.019590476527810097 
0.08769295364618301 0.8628191947937012 0.04948781058192253 
0.0071546160615980625 0.43829843401908875 0.5545469522476196 
0.2819977402687073 0.6910280585289001 0.026974182575941086 
0.21625851094722748 0.6965318918228149 0.08720960468053818 
0.36697182059288025 0.6115828156471252 0.021445417776703835 
0.04619606211781502 0.5751624703407288 0.3786414563655853 
0.15867410600185394 0.7943089604377747 0.04701683670282364 
0.2894734740257263 0.6798580288887024 0.03066844679415226 
0.6249054074287415 0.3532954454421997 0.021799106150865555 
0.005020828451961279 0.05764219909906387 0.9373369216918945 
0.16511575877666473 0.6544575095176697 0.1804267168045044 
0.4445973038673401 0.5403724312782288 0.015030319802463055 
0.7293393611907959 0.26234114170074463 0.008319471962749958 
0.8855968713760376 0.10832876712083817 0.006074391305446625 
0.016155226156115532 0.3679500222206116 0.6158947348594666 
0.4823293685913086 0.49511203169822693 0.022558648139238358 
0.05364621803164482 0.9060277342796326 0.0403260737657547 
0.5966012477874756 0.38619744777679443 0.0172012597322464 
0.568681538105011 0.4192304015159607 0.012088083662092686 
0.27437034249305725 0.6918428540229797 0.03378674015402794 
0.7838858366012573 0.20550324022769928 0.0106109119951725 
0.10036644339561462 0.5268467664718628 0.37278681993484497 
0.7674068808555603 0.22577352821826935 0.006819611415266991 
0.3408532738685608 0.6431211233139038 0.016025638207793236 
0.3323342204093933 0.6387442946434021 0.028921520337462425 
0.5510098338127136 0.4329833984375 0.01600686088204384 
0.2512023150920868 0.6661582589149475 0.08263938874006271 
0.43237367272377014 0.5395024418830872 0.028123844414949417 
0.6934138536453247 0.2974203824996948 0.009165780618786812 
0.07813248038291931 0.8720353841781616 0.04983210563659668 
0.9023698568344116 0.09069404006004333 0.00693603465333581 
0.17346958816051483 0.771227240562439 0.055303119122982025 
0.5012855529785156 0.4845341742038727 0.014180229976773262 
0.5456723570823669 0.4444155991077423 0.009912080131471157 
0.7878327965736389 0.20126347243785858 0.010903792455792427 
0.4941805899143219 0.4879659116268158 0.017853515222668648 
0.4812353551387787 0.5057462453842163 0.013018338941037655 
0.30162912607192993 0.6715719699859619 0.02679895982146263 
0.42732203006744385 0.5002084374427795 0.072469562292099 
0.5854635834693909 0.40057051181793213 0.013965930789709091 
0.3064756393432617 0.6633648872375488 0.03015950508415699 
0.588950514793396 0.39691510796546936 0.014134314842522144 
0.6094766855239868 0.36717313528060913 0.02335016429424286 
0.4841991662979126 0.4830320477485657 0.03276882320642471 
0.07609453052282333 0.8955973386764526 0.028308091685175896 
0.09024271368980408 0.6701844334602356 0.23957285284996033 
0.0063616810366511345 0.3870023190975189 0.6066359877586365 
0.07609453052282333 0.8955973386764526 0.028308091685175896 
0.8381115198135376 0.15509648621082306 0.006792015396058559 
0.5747475624084473 0.40755918622016907 0.01769324019551277 
0.40669000148773193 0.5569499135017395 0.036360036581754684 
0.5965330600738525 0.3904050588607788 0.013061914592981339 
0.758308470249176 0.2326025813817978 0.009088902734220028 
0.6136207580566406 0.3687220811843872 0.017657216638326645 
0.5693284869194031 0.41497987508773804 0.015691682696342468 
0.5722736120223999 0.4142809510231018 0.013445484451949596 
0.7372706532478333 0.25352394580841064 0.009205342270433903 
0.13581880927085876 0.8045113682746887 0.05966982990503311 
0.48275530338287354 0.4985158443450928 0.01872890070080757 
0.6491914987564087 0.33328622579574585 0.017522253096103668 
0.5713678598403931 0.4155636429786682 0.013068522326648235 
0.6925644278526306 0.3006822168827057 0.006753325462341309 
0.6023796200752258 0.3568742573261261 0.040746044367551804 
0.6923709511756897 0.2964761257171631 0.011152938939630985 
0.540575385093689 0.44776710867881775 0.011657480150461197 
0.08550430089235306 0.6681941151618958 0.2463015466928482 
0.5870918035507202 0.3959116041660309 0.01699659414589405 
0.10432809591293335 0.850387454032898 0.0452844500541687 
0.8968483209609985 0.09840766340494156 0.004744033329188824 
0.5196252465248108 0.46825480461120605 0.012119948863983154 
0.6478921175003052 0.3385631740093231 0.013544692657887936 
0.044783446937799454 0.4818781018257141 0.4733384847640991 
0.5638830065727234 0.4215628206729889 0.01455413457006216 
0.5146328806877136 0.42763081192970276 0.05773630738258362 
0.6388434767723083 0.35069963335990906 0.010456901043653488 
0.4452754259109497 0.5429409146308899 0.011783657595515251 
0.1489238739013672 0.6883200407028198 0.16275610029697418 
0.5699367523193359 0.40952691435813904 0.020536290481686592 
0.6874889135360718 0.2982053756713867 0.014305636286735535 
0.13057371973991394 0.8116954565048218 0.057730771601200104 
0.9551556706428528 0.042457714676856995 0.002386620966717601 
0.68405681848526 0.29620251059532166 0.01974060945212841 
0.19895733892917633 0.637213945388794 0.16382868587970734 
0.44925007224082947 0.5307828783988953 0.019967075437307358 
0.642251193523407 0.3292802572250366 0.02846856601536274 
0.032254524528980255 0.4530830979347229 0.5146623253822327 
0.46757838129997253 0.5103586316108704 0.022063035517930984 
0.6502615213394165 0.3371567130088806 0.012581707909703255 
0.07732672989368439 0.8766167759895325 0.046056464314460754 
0.5466052293777466 0.42414817214012146 0.029246531426906586 
0.6851834058761597 0.3028509020805359 0.011965644545853138 
0.6868226528167725 0.30158305168151855 0.011594305746257305 
0.8329111337661743 0.15670624375343323 0.010382664389908314 
0.8154133558273315 0.17482203245162964 0.0097646564245224 
0.6534181833267212 0.32853567600250244 0.018046125769615173 
0.44722655415534973 0.531012773513794 0.021760638803243637 
0.0010636894730851054 0.05195370689034462 0.9469826221466064 
0.6348649263381958 0.3531281650066376 0.012006926350295544 
0.36920490860939026 0.5959165692329407 0.03487849235534668 
0.0015523983165621758 0.09703987091779709 0.901407778263092 
0.6886458396911621 0.2996825575828552 0.011671533808112144 
0.4257340431213379 0.5515666007995605 0.02269931323826313 
0.7852421998977661 0.20537011325359344 0.00938772689551115 
0.6432156562805176 0.34469813108444214 0.012086279690265656 
0.43637147545814514 0.5402522683143616 0.02337619662284851 
0.7907469868659973 0.20202220976352692 0.007230870425701141 
0.6695641875267029 0.30686020851135254 0.02357560396194458 
0.5072921514511108 0.48111265897750854 0.011595208197832108 
0.09325309097766876 0.6945505738258362 0.21219630539417267 
0.2997807562351227 0.684399425983429 0.015819787979125977 
0.9394018650054932 0.05727676674723625 0.0033214064314961433 
0.18265193700790405 0.7916498184204102 0.025698212906718254 
0.4593297243118286 0.5221217274665833 0.018548453226685524 
0.21288365125656128 0.7545769810676575 0.032539330422878265 
0.151944100856781 0.7451623678207397 0.10289356112480164 
0.6214450001716614 0.3509737253189087 0.027581267058849335 
0.46757838129997253 0.5103586316108704 0.022063035517930984 
0.3209918737411499 0.6625466346740723 0.016461428254842758 
0.44925007224082947 0.5307828783988953 0.019967075437307358 
0.4270738661289215 0.5477192401885986 0.025206929072737694 
0.7034037709236145 0.28740981221199036 0.009186318144202232 
0.0024042839650064707 0.03746659308671951 0.9601291418075562 
0.44925007224082947 0.5307828783988953 0.019967075437307358 
0.624754011631012 0.3576284646987915 0.01761755906045437 
0.5553959608078003 0.4259187579154968 0.018685244023799896 
0.003883872414007783 0.3589004576206207 0.6372156739234924 
