0.78578997
0.1756151
0.5317334
0.507493
0.29786754
0.73353004
0.2166998
0.244222
0.30824354
0.23417167
0.6073653
0.18717371
0.369073
0.45620722
0.40198302
0.64011157
0.7401428
0.17381342
0.3026826
0.63345283
0.70297533
0.36925912
0.3627415
0.4601665
0.13901408
0.6169311
0.42951444
0.1900587
0.8341676
0.0628294
0.6825599
0.47296426
0.17153448
0.7521492
0.32872897
0.49548134
0.16551875
0.5838054
0.029142879
0.10774128
0.2917145
0.45188805
0.41137752
0.4342975
0.4669377
0.7544744
0.45428842
0.06709678
0.48834997
0.70347863
0.56197697
0.408672
0.5433898
0.41326952
0.34960762
0.647992
0.33329296
0.7818757
0.27681535
0.4002942
0.8274633
0.15676668
0.23662159
0.3518101
0.27243975
0.5797056
0.7614553
0.71548146
0.6608155
0.48520485
0.4907619
0.45188805
0.25302437
0.32305723
0.29437122
0.24389209
0.7841089
0.70088
0.6542272
0.6731506
0.21737158
0.48049954
0.34191632
0.16246532
0.8649546
0.78278774
0.37820426
0.4941991
0.90365815
0.3482075
0.21551624
0.2884225
0.8406154
0.46468976
0.7212096
0.43662998
0.16575335
0.7060256
0.51162535
0.16836607
0.6045686
0.76262665
0.83980834
0.56229985
0.2979422
0.8265237
0.21442893
0.4405775
0.7622498
0.25056937
0.30222753
0.739381
0.41130042
0.2812672
0.35983166
0.11508019
0.11920022
0.5585137
0.11048107
0.17663564
0.73192024
0.34630755
0.43982506
0.20418373
0.3629324
0.18920857
0.3146721
0.7212096
0.699283
0.1300861
0.4373318
0.47529954
0.39375037
0.32338163
0.63481224
0.02466182
0.6580077
0.7212096
0.844549
0.7435305
0.111586556
0.07937176
0.6589365
0.46080366
0.56834906
0.1242636
0.17440312
0.074355096
0.63445777
0.3381645
0.18256763
0.3481756
0.21921718
0.1518791
0.55345076
0.16857292
0.5991129
0.2982274
0.6420623
0.75329185
0.45769766
0.11666656
0.118364625
0.40398836
0.48730484
0.19429708
0.6159867
0.5305309
0.6168844
0.27280387
0.1825255
0.57636786
0.31019264
0.768459
0.068357855
0.5461368
0.2932891
0.85778886
0.3328273
0.16008781
0.47403786
0.72253406
0.38550368
0.6017534
0.6944657
0.1800411
0.18632928
0.25112283
0.45901206
0.70088
0.26911116
0.21568039
0.8645762
0.20294283
0.6906457
0.22771451
0.73462605
0.17033567
0.82488996
0.6697788
0.532785
0.39736477
0.41062647
0.70088
0.67323667
0.066128574
0.20409073
0.018578278
0.37832752
0.10503042
0.42425558
0.3584644
0.34467465
0.5591703
0.56340003
0.5635758
0.4861811
0.094299555
0.24952649
0.1032056
0.44926396
0.34522668
0.3949831
0.6345842
0.5903446
0.90319794
0.43801528
0.79859954
0.51889616
0.651895
0.6524867
0.052252315
0.2948451
0.19579142
0.64871335
0.5390383
0.35935402
0.5287947
0.6326722
0.10276421
0.6471288
0.20373204
0.58067954
0.21103498
0.59470826
0.34442213
0.68079257
0.649166
0.7108044
0.7099294
0.5588109
0.24832076
0.50138783
0.16224237
0.54838794
0.73652405
0.60503596
0.44894516
0.3192119
0.7667153
0.6408449
0.1937727
0.79731435
0.77805364
0.5985251
0.26084524
0.7617493
0.7374064
0.56901056
0.21237554
0.8312404
0.6677461
0.7939914
0.5413027
0.3675905
0.5296403
0.3751988
0.27386147
0.2943283
0.59647614
0.8812958
0.12988192
0.08194635
0.26462492
0.7908592
0.594183
0.88828176
0.24825822
0.490984
0.47964293
0.61971444
0.5333412
0.1309562
0.12404673
0.36180937
0.27330756
0.30441207
0.7961104
0.6206906
0.27635816
0.09688391
0.490984
0.47964293
0.490984
0.47964293
0.61971444
0.1309562
0.49272862
0.48837766
0.54252344
0.078793086
0.61971444
0.1309562
0.72147495
0.50103587
0.69672996
0.40508598
0.575721
0.23869933
0.8092593
0.8011694
0.69551075
0.41858777
0.22435951
0.62240934
0.77352893
0.51283216
0.6724643
0.42808372
0.805072
0.37137914
0.49247035
0.7363026
0.7869507
0.5738938
0.5182329
0.7598828
0.91565216
0.91565216
0.5111199
0.5558209
0.43425995
0.54783386
0.155514
0.731414
0.47447792
0.087713234
0.693918
0.24585934
0.65775156
0.80325115
0.17302267
0.22609124
0.7986632
0.2518672
0.6500966
0.67858106
0.5347081
0.45664388
0.6549582
0.72733563
0.8963381
0.6130212
0.5653656
0.51854867
0.7087604
0.47077316
0.74018496
0.4232861
0.35992065
0.37012535
0.44788447
0.28996682
0.4927539
0.06580298
0.4660054
0.045257043
0.56248164
0.5849754
0.518607
0.1343922
0.36057585
0.15527646
0.3720374
0.78469783
0.28081182
0.17580166
0.6007399
0.60904336
0.3824099
0.69441545
0.69021845
0.6771316
0.48471552
0.61488336
0.48027977
0.70236534
0.2948451
0.4640674
0.75211996
0.70354766
0.28897586
0.45642135
0.6583593
0.34339097
0.8513844
0.18023862
0.31260684
0.9236804
0.87819296
0.46106356
0.37096113
0.74779594
0.67142123
0.52640873
0.22589369
0.25392485
0.2948451
0.42311582
0.34405833
0.5959547
0.45906737
0.2206526
0.6502785
0.60239196
0.06763939
0.659988
0.14962144
0.64132434
0.55415094
0.31158864
0.1411705
0.18893415
0.054950003
0.8081963
0.1411705
0.51753646
0.1411705
0.33337608
0.49007884
0.49007884
0.49007884
0.36853147
0.3085405
0.39058504
0.24973711
0.20637476
0.49899897
0.25353795
0.8564745
0.8364038
0.5898777
0.7556083
0.5315416
0.14466888
0.15240546
0.4204443
0.0339605
0.031011952
0.025849976
0.3405585
0.06767263
0.26227027
0.4501693
0.123622835
0.58904546
0.5332646
0.744105
0.30239612
0.6919609
0.3168941
0.599817
0.71981645
0.080860935
0.60638285
0.09908508
0.70209044
0.739515
0.3950476
0.29900053
0.31781077
0.7693989
0.10305032
0.52793014
0.8386493
0.48198828
0.260502
0.5040869
0.049751997
0.6102679
0.4619875
0.19366927
0.03589284
0.5439198
0.6285656
0.18545075
0.3457335
0.36535135
0.8584731
0.049751997
0.46193588
0.09850853
0.19514984
0.52676284
0.29774922
0.5961416
0.1314756
0.09336432
0.32035524
0.6128374
0.086651
0.12889199
0.4193687
0.599817
0.6807987
0.24341105
0.3421444
0.32284832
0.124924
0.2876086
0.600768
0.48852137
0.29853207
0.6747954
0.4474405
0.44632444
0.50621796
0.8334614
0.24648361
0.55518657
0.85339004
0.3225758
0.4556494
0.6919609
0.22976157
0.7027967
0.70411277
0.5883465
0.602118
0.5556115
0.41838163
0.7349116
0.32079718
0.418532
0.44408605
0.6688441
0.8292867
0.47509485
0.6503514
0.45894438
0.65997374
0.79353684
0.4102541
0.09307543
0.03073569
0.36758673
0.43283397
0.24831295
0.2366735
0.27154195
0.8145013
0.6503514
0.6503514
0.34434518
0.16867709
0.3677557
0.6503514
0.5075296
0.3791772
0.14323667
0.60251683
0.16223796
0.6597666
0.6310749
0.19034608
0.3136156
0.6747185
0.48923412
0.37576404
0.32090175
0.43385458
0.54081637
0.5296403
0.49839425
0.5642971
0.5711861
0.3494907
0.8098556
0.27187136
0.2813855
0.45332384
0.46459153
0.52662575
0.11335117
0.77098256
0.42151168
0.8442373
0.14978139
0.79846364
0.6490265
0.6033652
0.3580532
0.59969884
0.5139202
0.86792475
0.44793174
0.4771427
0.22837149
0.077788666
0.79823345
0.79221463
0.54519546
0.78454417
0.40261814
0.14333677
0.114403695
0.5781798
0.70765144
0.75482005
0.8445549
0.51530427
0.41172823
0.37050536
0.5458452
0.5940026
0.6297644
0.34555575
0.7312697
0.75991064
0.43578807
0.404416
0.8198251
0.47307053
0.71011573
0.25988144
0.33600083
0.480299
0.5505313
0.2431295
0.595017
0.41010493
0.24130824
0.80157423
0.18133736
0.5167788
0.22345486
0.20855562
0.6104714
0.714441
0.28831112
0.26104048
0.47158417
0.17810419
0.31306583
0.57531744
0.1449509
0.50756294
0.5364391
0.053560928
0.5110911
0.39343202
0.8062927
0.5011087
0.5849253
0.599817
0.17612106
0.10070021
0.7349116
0.057982124
0.5591764
0.46304166
0.16598727
0.51889616
0.36564067
0.2863467
0.79875803
0.47921383
0.58744216
0.72204536
0.29748502
0.878812
0.58448887
0.17091252
0.7222997
0.8173579
0.25938356
0.29623708
0.2833882
0.7582539
0.4110661
0.7034016
0.0892666
0.6365194
0.37675723
0.11195283
0.6632815
0.114408866
0.42347744
0.6785158
0.17369545
0.4382895
0.16143003
0.57080334
0.089591175
0.6637441
0.10897267
0.37093315
0.47778857
0.42463768
0.21229255
0.72900856
0.55450857
0.4510857
0.14701307
0.5879357
0.045897428
0.33154634
0.73002005
0.26729193
0.2513643
0.73678493
0.5034904
0.4917526
0.6477404
0.5943912
0.13098891
0.19488645
0.5586885
0.6847802
0.34647763
0.35368496
0.38716042
0.25272265
0.61932945
0.5534446
0.37708846
0.45116678
0.7664016
0.21440707
0.48238686
0.43698058
0.20249991
0.89522994
0.8163602
0.5227622
0.58966744
0.73504996
0.44467387
0.67176384
0.49129
0.12664522
0.5093593
0.6379877
0.6180243
0.8145434
0.6369898
0.09288087
0.20300862
0.58091676
0.7391066
0.4239484
0.5389428
0.61777693
0.6337295
0.41439602
0.6972497
0.40516075
0.44771093
0.4475728
0.4756419
0.69000214
0.79765284
0.09164978
0.33116388
0.6656434
0.1321722
0.1329448
0.06396166
0.30257377
0.6955626
0.5433448
0.5606982
0.47125363
0.59464467
0.5155256
0.8242052
0.5570709
0.43578807
0.56246406
0.446958
0.61570346
0.62257844
0.595235
0.51406795
0.8640341
0.1651233
0.59716517
0.31925908
0.22393258
0.5755549
0.6343982
0.24941602
0.5384392
0.5015096
0.727612
0.6235169
0.7672732
0.87395436
0.28650054
0.4178809
0.4792229
0.32387576
0.51686114
0.5245334
0.6627066
0.07010887
0.6770093
0.5656363
0.54326504
0.34651023
0.79875803
0.44982126
0.53222257
0.6036615
0.4242639
0.80157423
0.2640336
0.37540936
0.86554426
0.51116574
0.48525956
0.34899196
0.52143663
0.5557094
0.111386195
0.7924938
0.44200653
0.6553816
0.84362465
0.4898627
0.5096893
0.67350984
0.25632504
0.40521276
0.37649643
0.42332068
0.7548153
0.1435446
0.35826874
0.4093116
0.41038588
0.76092875
0.7873626
0.5820958
0.8485849
0.47748244
0.5352661
0.8595959
0.33208573
0.31646305
0.36121845
0.5130327
0.5922067
0.67102796
0.48423088
0.5808307
0.32242557
0.24443828
0.5262033
0.75008583
0.24406072
0.2680372
0.1849441
0.30824628
0.8628192
0.43829843
0.69102806
0.6965319
0.6115828
0.5751625
0.79430896
0.679858
0.35329545
0.0576422
0.6544575
0.54037243
0.26234114
0.10832877
0.36795002
0.49511203
0.90602773
0.38619745
0.4192304
0.69184285
0.20550324
0.52684677
0.22577353
0.6431211
0.6387443
0.4329834
0.66615826
0.53950244
0.29742038
0.8720354
0.09069404
0.77122724
0.48453417
0.4444156
0.20126347
0.4879659
0.50574625
0.67157197
0.50020844
0.4005705
0.6633649
0.3969151
0.36717314
0.48303205
0.89559734
0.67018443
0.38700232
0.89559734
0.15509649
0.4075592
0.5569499
0.39040506
0.23260258
0.36872208
0.41497988
0.41428095
0.25352395
0.80451137
0.49851584
0.33328623
0.41556364
0.30068222
0.35687426
0.29647613
0.4477671
0.6681941
0.3959116
0.85038745
0.09840766
0.4682548
0.33856317
0.4818781
0.42156282
0.4276308
0.35069963
0.5429409
0.68832004
0.4095269
0.29820538
0.81169546
0.042457715
0.2962025
0.63721395
0.5307829
0.32928026
0.4530831
0.51035863
0.3371567
0.8766168
0.42414817
0.3028509
0.30158305
0.15670624
0.17482203
0.32853568
0.5310128
0.051953707
0.35312817
0.59591657
0.09703987
0.29968256
0.5515666
0.20537011
0.34469813
0.54025227
0.20202221
0.3068602
0.48111266
0.6945506
0.6843994
0.057276767
0.7916498
0.5221217
0.754577
0.74516237
0.35097373
0.51035863
0.66254663
0.5307829
0.54771924
0.2874098
0.037466593
0.5307829
0.35762846
0.42591876
0.35890046
