0.15000124
0.08619317
0.036646627
0.31322727
0.31322727
0.016853994
0.12661417
0.24036182
0.14327417
0.0033525755
0.03140181
0.1909756
0.055895224
0.0693572
0.11409249
0.29163802
0.35477513
0.8883498
0.058952056
0.87611854
0.8319913
0.3387172
0.3572661
0.5839853
0.12717709
0.25693166
0.89406836
0.32867208
0.3072673
0.53238803
0.005596927
0.39823216
0.805448
0.073867
0.1822918
0.0053577363
0.15000124
0.69065326
0.08619317
0.8222524
0.101445876
0.14327417
0.31061867
0.23623212
0.32214153
0.015087399
0.7956048
0.06298523
0.014489555
0.87366855
0.0796751
0.05550872
0.19534099
0.73275083
0.09036472
0.23379335
0.29462168
0.1487519
0.23253207
0.008183684
0.89526135
0.8345502
0.022737833
0.5806456
0.76366776
0.24083023
0.17652088
0.3659066
0.12751377
0.144541
0.92905444
0.15000124
0.38633752
0.08619317
0.7579725
0.42372698
0.48821285
0.61182994
0.5488936
0.14327417
0.5536814
0.32536238
0.08032431
0.7172156
0.43296814
0.8871044
0.04098973
0.055528305
0.30479503
0.4668741
0.10906573
0.0056872596
0.26437932
0.17836212
0.17836212
0.46660882
0.004836337
0.6918108
0.7587579
0.06928265
0.11713903
0.11300397
0.12577942
0.004217283
0.29688802
0.2750022
0.2003284
0.65557057
0.659334
0.15000124
0.23956384
0.08619317
0.13577452
0.28785998
0.001732419
0.14327417
0.028085954
0.28228673
0.117025115
0.5355015
0.4617461
0.70026004
0.9226797
0.11907083
0.21564665
0.009052185
0.0060985247
0.0100661265
0.0100661265
0.105311304
0.94128335
0.13719176
0.2731574
0.29271787
0.09551503
0.8324214
0.78712827
0.04324576
0.20635454
0.2037186
0.0052503524
0.39830887
0.08999702
0.05985154
0.93087405
0.006209299
0.25840977
0.71082157
0.022298058
0.1979085
0.47189757
0.85389215
0.15000124
0.08619317
0.79373175
0.10989227
0.010283006
0.95263904
0.8484704
0.62052363
0.14327417
0.037806537
0.084255904
0.9548609
0.060380857
0.5329075
0.10267678
0.029038822
0.009289654
0.03005822
0.71843195
0.2829912
0.28645414
0.5740065
0.15000124
0.08619317
0.04287485
0.7897846
0.005106348
0.38130474
0.62112194
0.43894595
0.14327417
0.44506574
0.25004208
0.852153
0.5607897
0.501864
0.2153745
0.8960647
0.087723486
0.7809681
0.21526657
0.021789288
0.7159665
0.015174099
0.78068525
0.01698741
0.8019869
0.017176464
0.3743781
0.97670025
0.271112
0.15000124
0.08619317
0.726829
0.8291471
0.14327417
0.1627479
0.0052503524
0.76300824
0.01706024
0.124048375
0.017063215
0.7136641
0.09057001
0.3029115
0.0056546647
0.19126011
0.76926565
0.16082685
0.14348651
0.92325175
0.10160308
0.08497355
0.37827408
0.2678301
0.13389719
0.8484704
0.88859653
0.016853994
0.23956384
0.8348841
0.15000124
0.08619317
0.9520669
0.58315176
0.8434607
0.14930138
0.14327417
0.017329525
0.6014416
0.0052503524
0.07339441
0.59352773
0.81141996
0.8393964
0.93249774
0.006285394
0.23956384
0.15000124
0.08619317
0.28256315
0.004863338
0.14327417
0.34981373
0.007966706
0.008183684
0.67648065
0.028531631
0.88606757
0.013324526
0.10208798
0.011096737
0.12848622
0.22547182
0.95628244
0.1279738
0.766006
0.08208763
0.3228968
0.885874
0.12862964
0.30578426
0.05852813
0.062168155
0.101942025
0.4471122
0.06614586
0.8196859
0.91324866
0.04511722
0.4830418
0.3655414
0.018969739
0.15000124
0.08619317
0.016853994
0.56773174
0.57027644
0.024853537
0.021818032
0.48458245
0.7256683
0.14327417
0.014742231
0.35820213
0.09635885
0.09788594
0.5579074
0.24733393
0.061869945
0.21464992
0.014343899
0.14780447
0.78415745
0.0651926
0.09496504
0.91408217
0.09496504
0.096682645
0.0667084
0.09496504
0.09369655
0.10649111
0.9438442
0.41082844
0.7975186
0.14922938
0.86298734
0.93486893
0.82074505
0.065824375
0.015926277
0.24036182
0.6626597
0.15000124
0.08619317
0.010284426
0.0032531633
0.14327417
0.11428251
0.124991335
0.30651692
0.0015021628
0.051122796
0.95225906
0.2366033
0.037875347
0.18502316
0.29734945
0.29734945
0.03481032
0.02925754
0.8368962
0.2547433
0.008448558
0.58023834
0.0056851497
0.34044486
0.53506154
0.09230817
0.7742619
0.016853994
0.5557862
0.08619317
0.15000124
0.08374336
0.27057996
0.7847764
0.3804178
0.14327417
0.49074653
0.7099049
0.5467786
0.26781192
0.4039451
0.96684253
0.15216634
0.061054192
0.8421726
0.28545156
0.2533608
0.7097246
0.31322727
0.27485332
0.7097246
0.31322727
0.27485332
0.8952345
0.64351445
0.19336216
0.7180729
0.40591958
0.4830418
0.056386292
0.96042794
0.01790681
0.94807667
0.15000124
0.3831429
0.22222714
0.237557
0.78148454
0.14327417
0.529899
0.08348982
0.05885944
0.082856454
0.24068399
0.7678518
0.030024443
0.77612656
0.014409504
0.15000124
0.25260365
0.007383963
0.73937905
0.14327417
0.32632628
0.89568734
0.0031457776
0.1265388
0.7726258
0.22390811
0.7845545
0.0879534
0.010098726
0.69925874
0.48773342
0.0067548905
0.26103553
0.022856466
0.8141711
0.618106
0.7199482
0.17585756
0.34950715
0.89088416
0.05884101
0.6053226
0.618627
0.15000124
0.08619317
0.019702189
0.7410191
0.019166466
0.019166466
0.019166466
0.028592866
0.036390435
0.14327417
0.601823
0.26015833
0.25745392
0.18810657
0.17644963
0.777522
0.044171553
0.8665435
0.008405579
0.1128582
0.02215076
0.008967965
0.9030635
0.0047534313
0.01946378
0.39386126
0.20754445
0.30096892
0.12235073
0.78618276
0.1744848
0.6327822
0.10789627
0.036926847
0.5761263
0.89927375
0.39319274
0.16703095
0.15000124
0.0054468694
0.045731302
0.050052755
0.3655414
0.561137
0.1980098
0.1980098
0.1980098
0.20381488
0.2398131
0.14430077
0.8277085
0.14327417
0.068549804
0.12659006
0.35028726
0.25670567
0.7581875
0.60508865
0.14322838
0.39384806
0.8821181
0.6574965
0.60990673
0.0028459677
0.8287707
0.19942835
0.50216687
0.8604176
0.0012930349
0.7119395
0.45205986
0.08559276
0.005656087
0.58186716
0.85819286
0.25149298
0.16736262
0.027350472
0.1980098
0.47718257
0.3016306
0.749615
0.01679662
0.85341024
0.15000124
0.24036182
0.79283994
0.42243445
0.14327417
0.3274893
0.165051
0.8328009
0.045909017
0.14157549
0.0123315025
0.63312316
0.08331899
0.8540199
0.69959646
0.17361848
0.9490509
0.028885731
0.29509658
0.01027434
0.3496876
0.1980098
0.7876388
0.7735162
0.08105644
0.7046475
0.92558914
0.12772249
0.0019337247
0.013157707
0.07784992
0.8556287
0.9254122
0.8741915
0.08619317
0.0052503524
0.15000124
0.39546075
0.8943226
0.8943226
0.120764695
0.50216687
0.14327417
0.5555395
0.33539525
0.2295927
0.9534364
0.8038136
0.6314621
0.39970973
0.33740905
0.914426
0.81953084
0.1935156
0.087595575
0.012442632
0.9638576
0.0904907
0.08105644
0.49795467
0.47804344
0.49500436
0.013938712
0.15025713
0.30174774
0.7735162
0.10308622
0.08619317
0.8723136
0.0033505165
0.15000124
0.2956944
0.75820464
0.75820464
0.74575377
0.7457668
0.028363934
0.14327417
0.015237184
0.0011059408
0.0055486686
0.06193257
0.0015197059
0.8636738
0.6090731
0.03575968
0.7814736
0.45658517
0.7735162
0.0024927862
0.0045674797
0.008185157
0.13687071
0.08054907
0.4470286
0.10250207
0.6719813
0.12996972
0.10928806
0.6004784
0.6543299
0.5869368
0.9394515
0.86022115
0.91678137
0.94410586
0.5534928
0.60539955
0.15000124
0.08619317
0.8200637
0.05556346
0.24384609
0.8752241
0.14327417
0.2805958
0.021159118
0.4206847
0.25239164
0.037191585
0.012693794
0.068588704
0.057325296
0.8785638
0.0052503524
0.022414861
0.7256907
0.0021473567
0.76230717
0.69286376
0.77011186
0.7638643
0.71621966
0.8175215
0.29445148
0.15000124
0.15989192
0.08619317
0.32491335
0.9615665
0.5620834
0.90334284
0.14327417
0.42200446
0.3603344
0.50178957
0.0015789337
0.7794229
0.9288704
0.007852041
0.76148486
0.97035474
0.8051659
0.6931977
0.6931977
0.32254454
0.81921256
0.10208015
0.54938924
0.6389432
0.7953057
0.28190374
0.05029858
0.76539207
0.573796
0.31994054
0.014700803
0.15000124
0.18893185
0.33280227
0.08619317
0.27865773
0.80284184
0.0057715042
0.0052503524
0.74217147
0.74273735
0.7335854
0.51984525
0.022058606
0.14327417
0.93279535
0.6085816
0.23880738
0.7895584
0.21916945
0.096536785
0.32254454
0.028475104
0.8129654
0.0054379175
0.09548271
0.7681672
0.45459205
0.74985063
0.13700508
0.31645402
0.8611806
0.016189931
0.019187247
0.89838874
0.2661832
0.5957955
0.0020190976
0.05556346
0.15000124
0.92610234
0.08619317
0.3188185
0.58260983
0.36953118
0.13807619
0.14327417
0.9498994
0.25488654
0.9629293
0.020147584
0.6862777
0.025846032
0.0078858165
0.9389284
0.9032949
0.6837775
0.005180992
0.92403454
0.31900817
0.047145605
0.14686939
0.746804
0.5510336
0.7087576
0.63734865
0.09499865
0.12039581
0.8777259
0.19092761
0.008265959
0.87125456
0.7526904
0.2606063
0.08619317
0.15000124
0.4830418
0.016853994
0.5780113
0.14327417
0.0961197
0.38409278
0.053259183
0.06718912
0.23866172
0.6380777
0.90028375
0.32254454
0.32254454
0.4005596
0.31778944
0.031593405
0.544714
0.06488649
0.55440325
0.2505943
0.023722578
0.9397022
0.016758893
0.021657467
0.3245818
0.32254454
0.8381781
0.32254454
0.12253663
0.15000124
0.08619317
0.48013628
0.13793825
0.079830766
0.3041992
0.44091684
0.0052503524
0.22578335
0.9225692
0.89240944
0.32254454
0.936115
0.32254454
0.32254454
0.14327417
0.9610304
0.32304356
0.57546014
0.57278854
0.14433779
0.095026515
0.6852653
0.06161263
0.015174099
0.89550257
0.06032795
0.16568846
0.35233477
0.8323182
0.9767468
0.94898856
0.14255267
0.7602113
0.8211868
0.15000124
0.08619317
0.10236767
0.14327417
0.014085716
0.9673728
0.26286983
0.39204845
0.015549869
0.25594294
0.0043241465
0.8991329
0.57493126
0.015068544
0.0022662284
0.7493387
0.04499
0.40973735
0.69322103
0.6410688
0.2945137
0.088449195
0.054077186
0.37273234
0.7661064
0.90626353
0.8575374
0.1820744
0.9367003
0.92367065
0.9528663
0.84512484
0.87064755
0.11054946
0.5281152
0.26838046
0.031768106
0.07828634
0.27446195
0.81877285
0.08619317
0.15000124
0.8096158
0.5742237
0.17264329
0.08480326
0.14327417
0.17773198
0.00853896
0.18413049
0.016853994
0.88119465
0.006806153
0.08168517
0.7474076
0.007624005
0.18890646
0.33906326
0.8868277
0.9015711
0.6420399
0.71248704
0.003050983
0.10780917
0.014764542
0.379369
0.48186842
0.85178536
0.5194412
0.6458634
0.15000124
0.42034656
0.5790349
