(QUERY): 'MUSLIM' '08'
Negative Neutral Positive
0.009955020621418953 0.19106103479862213 0.7989839911460876 
0.04745160788297653 0.8873649835586548 0.06518343091011047 
0.8957800269126892 0.0995984822511673 0.004621566738933325 
0.9438736438751221 0.05243004858493805 0.003696396015584469 
0.1254088431596756 0.7809551358222961 0.09363597631454468 
0.21495553851127625 0.6940787434577942 0.09096568822860718 
0.8928755521774292 0.10101817548274994 0.006106351036578417 
0.00693918950855732 0.36868128180503845 0.6243794560432434 
0.0145464688539505 0.4012046158313751 0.584248960018158 
0.0034176367335021496 0.0947791188955307 0.9018032550811768 
0.7371059656143188 0.2373485565185547 0.025545429438352585 
0.45982223749160767 0.515971839427948 0.02420591562986374 
0.2051728218793869 0.6310166716575623 0.16381050646305084 
0.228546142578125 0.701126217842102 0.07032765448093414 
0.9066160321235657 0.08783802390098572 0.005545931402593851 
0.7159867286682129 0.2685258686542511 0.01548746693879366 
0.5485295653343201 0.434733122587204 0.016737304627895355 
0.5004295110702515 0.47800225019454956 0.02156820334494114 
0.6901297569274902 0.28448107838630676 0.025389136746525764 
0.10967166721820831 0.6182079315185547 0.27212047576904297 
0.07946157455444336 0.8661588430404663 0.054379645735025406 
0.04852456599473953 0.9035586714744568 0.047916822135448456 
0.7497828602790833 0.23919673264026642 0.011020414531230927 
0.666765570640564 0.3260338008403778 0.007200601045042276 
0.3744983673095703 0.40604645013809204 0.21945525705814362 
0.9535388946533203 0.04462679103016853 0.0018343441188335419 
0.016010530292987823 0.7671793699264526 0.21681003272533417 
0.8754380941390991 0.1161176934838295 0.00844423845410347 
0.07764826714992523 0.8892848491668701 0.03306688368320465 
0.8374813199043274 0.15462343394756317 0.007895289920270443 
0.015548822470009327 0.828875720500946 0.1555754691362381 
0.9481894373893738 0.048997536301612854 0.0028130195569247007 
0.29787418246269226 0.6536209583282471 0.048504844307899475 
0.7460048198699951 0.24040009081363678 0.013595095835626125 
0.6057406067848206 0.38196367025375366 0.012295659631490707 
0.012354577891528606 0.36235612630844116 0.6252893209457397 
0.4637066125869751 0.5043671727180481 0.03192615136504173 
0.7293365001678467 0.2581869959831238 0.012476512230932713 
0.14997360110282898 0.7238574028015137 0.12616898119449615 
0.105745330452919 0.8627949953079224 0.031459733843803406 
0.9441563487052917 0.05226481705904007 0.0035788724198937416 
0.2564261555671692 0.6867234110832214 0.05685040354728699 
0.20633149147033691 0.7423288822174072 0.05133962631225586 
0.5033152103424072 0.4297400116920471 0.06694468855857849 
0.2337101399898529 0.710012674331665 0.05627717077732086 
0.9153720736503601 0.07709475606679916 0.00753318564966321 
0.8249322175979614 0.16927574574947357 0.005791965872049332 
0.8103002905845642 0.1727713644504547 0.016928335651755333 
0.7336522936820984 0.25520145893096924 0.011146319098770618 
0.7707787156105042 0.21929004788398743 0.009931281208992004 
0.028109265491366386 0.8078519105911255 0.16403888165950775 
0.8769986033439636 0.11713122576475143 0.005870225373655558 
0.9212796688079834 0.07470092922449112 0.004019406158477068 
0.7476297616958618 0.24232922494411469 0.0100410096347332 
0.7363123297691345 0.24873720109462738 0.014950526878237724 
0.21074365079402924 0.6852574348449707 0.10399895161390305 
0.341779887676239 0.5779477953910828 0.08027230948209763 
0.3498474657535553 0.605186402797699 0.0449661910533905 
0.19857507944107056 0.7786329984664917 0.022791888564825058 
0.9175511002540588 0.07895465195178986 0.0034942347556352615 
0.8029375076293945 0.18898983299732208 0.008072617463767529 
0.18297433853149414 0.6426213979721069 0.17440426349639893 
0.8393187522888184 0.14669117331504822 0.013990100473165512 
0.01365162804722786 0.6617256999015808 0.32462266087532043 
0.004857643041759729 0.1898876577615738 0.8052546977996826 
0.007112044375389814 0.2762642800807953 0.7166236639022827 
0.16175732016563416 0.6153789758682251 0.22286370396614075 
0.19850997626781464 0.7557551860809326 0.04573478922247887 
0.3973487913608551 0.5709454417228699 0.03170575946569443 
0.7497451305389404 0.24009104073047638 0.010163825005292892 
0.7942667603492737 0.19763672351837158 0.008096500299870968 
0.7846855521202087 0.19957250356674194 0.015741946175694466 
0.0923670306801796 0.7699805498123169 0.13765239715576172 
0.19600453972816467 0.6810314655303955 0.12296394258737564 
0.3083028197288513 0.6457536816596985 0.04594346880912781 
0.010233202017843723 0.21332363784313202 0.7764431834220886 
0.008197745308279991 0.5071032643318176 0.48469895124435425 
0.26561060547828674 0.7100827097892761 0.02430674061179161 
0.09148631989955902 0.8806617856025696 0.027851944789290428 
0.13518305122852325 0.8394678235054016 0.02534916251897812 
0.2336113154888153 0.7398958802223206 0.026492886245250702 
0.19158565998077393 0.7837573885917664 0.024656973779201508 
0.13115105032920837 0.8419470191001892 0.02690187096595764 
0.13295401632785797 0.8418970108032227 0.025148965418338776 
0.12845204770565033 0.8458268046379089 0.025721173733472824 
0.15694400668144226 0.8161987066268921 0.026857266202569008 
0.10657945275306702 0.8669514060020447 0.02646910957992077 
0.49352067708969116 0.4874477684497833 0.01903156191110611 
0.03961941599845886 0.6587160229682922 0.3016645908355713 
0.9050618410110474 0.08818313479423523 0.006754992995411158 
0.002920586382970214 0.1606205403804779 0.8364589214324951 
0.6011297106742859 0.38652750849723816 0.01234279852360487 
0.6686027646064758 0.3157113790512085 0.015685858204960823 
0.6182271838188171 0.36702001094818115 0.014752835966646671 
0.7349913716316223 0.2532394230365753 0.011769145727157593 
0.7515000700950623 0.22657382488250732 0.02192613296210766 
0.37342387437820435 0.5966789722442627 0.02989717200398445 
0.03692511469125748 0.800891637802124 0.16218319535255432 
0.5024353265762329 0.47239944338798523 0.025165220722556114 
0.1520625352859497 0.8097911477088928 0.03814633935689926 
0.509381115436554 0.4488982558250427 0.041720665991306305 
0.8687494993209839 0.12492552399635315 0.006324923597276211 
0.4380137622356415 0.5336459279060364 0.028340311720967293 
0.7954603433609009 0.1955050379037857 0.009034671820700169 
0.6288141012191772 0.3597571849822998 0.01142867561429739 
0.25908419489860535 0.6948592066764832 0.046056583523750305 
0.544772207736969 0.42388322949409485 0.03134460002183914 
0.9103169441223145 0.08630836755037308 0.0033747092820703983 
0.876629114151001 0.11344566941261292 0.009925171732902527 
0.659501850605011 0.3216225206851959 0.018875574693083763 
0.8128377795219421 0.1786952018737793 0.008467047475278378 
0.11092832684516907 0.8535836935043335 0.035488028079271317 
0.014222241938114166 0.47055038809776306 0.5152273774147034 
0.9097123146057129 0.08280049264431 0.007487235125154257 
0.9173881411552429 0.07597456127405167 0.00663731899112463 
0.16585814952850342 0.7893681526184082 0.04477372765541077 
0.09546950459480286 0.8702412843704224 0.03428930044174194 
0.0152558209374547 0.4466555714607239 0.5380886197090149 
0.6838729381561279 0.3067980110645294 0.009329074993729591 
0.9419583082199097 0.05415574461221695 0.0038859464693814516 
0.014733814634382725 0.5060611367225647 0.47920501232147217 
0.09108240902423859 0.8365070223808289 0.07241056859493256 
0.5054868459701538 0.4728834927082062 0.021629665046930313 
0.20762509107589722 0.7177425026893616 0.07463246583938599 
0.17815907299518585 0.7647562026977539 0.057084668427705765 
0.16145893931388855 0.789145290851593 0.04939582198858261 
0.6096380352973938 0.36290496587753296 0.027456989511847496 
0.7899858951568604 0.20446047186851501 0.005553690250962973 
0.3859177231788635 0.5844553709030151 0.029626891016960144 
0.07698008418083191 0.8716896772384644 0.05133027210831642 
0.34355154633522034 0.6278560161590576 0.028592398390173912 
0.9260256290435791 0.07126406580209732 0.002710346132516861 
0.7672654986381531 0.2161129117012024 0.016621610149741173 
0.01934327930212021 0.7204939126968384 0.2601628601551056 
0.050897881388664246 0.871846616268158 0.07725546509027481 
0.1334063857793808 0.8251980543136597 0.04139550030231476 
0.8501177430152893 0.13884106278419495 0.011041217483580112 
0.8922757506370544 0.10031280666589737 0.007411445956677198 
0.8848425149917603 0.10712822526693344 0.008029215037822723 
0.005426617339253426 0.164214089512825 0.8303592205047607 
0.004293825011700392 0.23133043944835663 0.7643757462501526 
0.8294253945350647 0.15876981616020203 0.01180468313395977 
0.4112340807914734 0.5101576447486877 0.07860825210809708 
0.7427370548248291 0.24529755115509033 0.011965369805693626 
0.6637120842933655 0.3187566101551056 0.017531322315335274 
0.4940836727619171 0.4858448803424835 0.02007143758237362 
0.17056100070476532 0.79937344789505 0.03006555512547493 
0.26884981989860535 0.6856145858764648 0.04553564637899399 
0.06694608181715012 0.8496617674827576 0.08339205384254456 
0.9132275581359863 0.08299240469932556 0.003780069760978222 
0.8257786631584167 0.16559988260269165 0.00862137507647276 
0.9170975685119629 0.07813422381877899 0.004768171347677708 
0.22092077136039734 0.7464948892593384 0.03258433938026428 
0.5360657572746277 0.445915162563324 0.01801908016204834 
0.505490779876709 0.47989845275878906 0.014610757119953632 
0.5518904328346252 0.3977259397506714 0.05038364231586456 
0.6929988861083984 0.2906292974948883 0.01637175679206848 
0.8304870128631592 0.15914106369018555 0.010371947661042213 
0.8984383940696716 0.09677339345216751 0.0047882176004350185 
0.32631421089172363 0.6196205019950867 0.05406517907977104 
0.07295197248458862 0.8477427959442139 0.07930532097816467 
0.42308199405670166 0.504613995552063 0.07230398803949356 
0.6264723539352417 0.3644159734249115 0.009111651219427586 
0.5625547170639038 0.4138431251049042 0.023602081462740898 
0.005477588623762131 0.5118937492370605 0.48262864351272583 
0.9563944935798645 0.04139574617147446 0.0022097364999353886 
0.029162513092160225 0.8730987310409546 0.09773880243301392 
0.38607287406921387 0.4676128029823303 0.14631427824497223 
0.9663811922073364 0.03143639117479324 0.0021823232527822256 
0.6021105051040649 0.37476950883865356 0.023119905963540077 
0.03164585307240486 0.7681117057800293 0.20024238526821136 
0.6580818891525269 0.3225972652435303 0.01932084560394287 
0.8232132196426392 0.16363875567913055 0.013147973455488682 
0.6556816101074219 0.3170551061630249 0.027263276278972626 
0.44548454880714417 0.5229105353355408 0.031604960560798645 
0.8369737863540649 0.15639901161193848 0.006627308204770088 
0.1835634857416153 0.7650592923164368 0.05137722194194794 
0.42538025975227356 0.5390347242355347 0.03558504581451416 
0.014123119413852692 0.5591624975204468 0.4267144203186035 
0.6443648338317871 0.33437952399253845 0.021255657076835632 
0.00613720528781414 0.2991775870323181 0.6946852207183838 
0.8369737863540649 0.15639901161193848 0.006627308204770088 
0.1202479675412178 0.8528746366500854 0.026877446100115776 
0.04882602021098137 0.8023092150688171 0.14886483550071716 
0.07630287855863571 0.8584318161010742 0.06526526808738708 
0.25781023502349854 0.6684665083885193 0.07372330129146576 
0.7326961159706116 0.25751155614852905 0.009792334400117397 
0.5872948169708252 0.3883250057697296 0.02438020333647728 
0.5872948169708252 0.3883250057697296 0.02438020333647728 
0.8717635869979858 0.1225329339504242 0.005703501868993044 
0.0014811374712735415 0.10392522811889648 0.8945935964584351 
0.8470656275749207 0.1456996649503708 0.007234637159854174 
0.8051079511642456 0.18782155215740204 0.007070508319884539 
0.703671395778656 0.2837744653224945 0.012554159387946129 
0.7790460586547852 0.20763565599918365 0.013318337500095367 
0.7613914012908936 0.2248370498418808 0.013771465048193932 
0.8255758285522461 0.16639159619808197 0.008032635785639286 
0.8961790800094604 0.09737332165241241 0.006447540130466223 
0.43293386697769165 0.5388072729110718 0.028258876875042915 
0.7296378016471863 0.2589367926120758 0.011425378732383251 
0.7368456125259399 0.2523244619369507 0.010829958133399487 
0.7399037480354309 0.24859434366226196 0.011501935310661793 
0.7367973923683167 0.24497847259044647 0.018224148079752922 
0.5380753874778748 0.4256287217140198 0.03629593551158905 
0.818214476108551 0.17433218657970428 0.007453295402228832 
0.6825212240219116 0.3048045039176941 0.012674225494265556 
0.5510941743850708 0.39747411012649536 0.05143171176314354 
0.6389013528823853 0.339018851518631 0.022079775109887123 
0.6264548301696777 0.3540048599243164 0.019540371373295784 
0.8153365254402161 0.17706914246082306 0.007594243157655001 
0.810957670211792 0.18097563087940216 0.00806662067770958 
0.7778993248939514 0.21274565160274506 0.009355034679174423 
0.8181298971176147 0.17419254779815674 0.007677589077502489 
0.6607164740562439 0.3238830864429474 0.015400497242808342 
0.7152080535888672 0.2732464373111725 0.01154550351202488 
0.03532776981592178 0.8128219842910767 0.15185028314590454 
0.7842802405357361 0.20627979934215546 0.009439938701689243 
0.6545244455337524 0.3228902220726013 0.022585313767194748 
0.7763962745666504 0.21337300539016724 0.010230692103505135 
0.5609757304191589 0.40445253252983093 0.03457178547978401 
0.8039054870605469 0.18798118829727173 0.008113347925245762 
0.6977863311767578 0.28712520003318787 0.01508843433111906 
0.7550022006034851 0.23479199409484863 0.0102058295160532 
0.11808845400810242 0.4332772195339203 0.4486343562602997 
0.525986909866333 0.4403854012489319 0.03362763300538063 
0.8042564392089844 0.1874512881040573 0.008292194455862045 
0.6374809741973877 0.3483906686306 0.014128349721431732 
0.7222923040390015 0.26668986678123474 0.011017843149602413 
0.8288922905921936 0.16406531631946564 0.007042402867227793 
0.7764817476272583 0.21421389281749725 0.009304357692599297 
0.30828672647476196 0.6435104012489319 0.04820285737514496 
0.6993737816810608 0.28872960805892944 0.01189669780433178 
0.8768084645271301 0.11720249056816101 0.005989090073853731 
0.8347761631011963 0.15861643850803375 0.006607326678931713 
0.8687946796417236 0.12505961954593658 0.006145695224404335 
0.76849365234375 0.2225709706544876 0.008935339748859406 
0.7195509076118469 0.26898494362831116 0.011464140377938747 
0.7373878359794617 0.2521688640117645 0.010443263687193394 
0.8027152419090271 0.19120679795742035 0.006077882368117571 
0.5220039486885071 0.4508320391178131 0.0271640382707119 
0.7989999055862427 0.19080697000026703 0.010193214751780033 
0.8782424926757812 0.11494406312704086 0.006813399028033018 
0.5311216711997986 0.4426933526992798 0.026184948161244392 
0.816863477230072 0.17617502808570862 0.006961515173316002 
0.7923608422279358 0.19890183210372925 0.008737374097108841 
0.7825933694839478 0.20795036852359772 0.009456275962293148 
0.6325579285621643 0.35540536046028137 0.012036742642521858 
0.7196619510650635 0.2672826647758484 0.013055327348411083 
0.6430740356445312 0.3383294641971588 0.018596520647406578 
0.27911579608917236 0.6946907043457031 0.02619352377951145 
0.6728640198707581 0.3127734065055847 0.014362561516463757 
0.7421225905418396 0.24631495773792267 0.011562406085431576 
0.7253785729408264 0.2585384249687195 0.01608300767838955 
0.6618725061416626 0.3217792212963104 0.016348309814929962 
0.7643685936927795 0.22319233417510986 0.012439056299626827 
0.6709769368171692 0.3137553632259369 0.015267678536474705 
0.46226656436920166 0.5062143802642822 0.031519047915935516 
0.7670350074768066 0.22179946303367615 0.011165482923388481 
0.7620341181755066 0.22584472596645355 0.012121203355491161 
0.9208572506904602 0.0747871994972229 0.004355525132268667 
0.6247968673706055 0.35478681325912476 0.02041628211736679 
0.661224901676178 0.3220767676830292 0.01669834554195404 
0.9278658628463745 0.06826667487621307 0.003867488820105791 
0.7820121049880981 0.20924560725688934 0.008742264471948147 
0.8349782228469849 0.15804019570350647 0.0069814990274608135 
0.9014068245887756 0.09439732134342194 0.004195838235318661 
0.21859468519687653 0.745631992816925 0.035773370414972305 
0.4060789942741394 0.576624870300293 0.01729610562324524 
0.5634207129478455 0.4267771542072296 0.009802065789699554 
0.4434121251106262 0.5193694829940796 0.03721841052174568 
0.011934868060052395 0.2729441225528717 0.7151209712028503 
0.5422752499580383 0.43962371349334717 0.018101036548614502 
0.2753942608833313 0.6874874234199524 0.03711835667490959 
0.6547368168830872 0.3187503516674042 0.02651277743279934 
0.9040592908859253 0.09223468601703644 0.003705961862578988 
0.48980510234832764 0.48901107907295227 0.021183844655752182 
0.04539182037115097 0.8113377690315247 0.14327047765254974 
0.8103779554367065 0.18242153525352478 0.007200474385172129 
0.6066086888313293 0.3815740942955017 0.011817224323749542 
0.6423312425613403 0.33655887842178345 0.021109843626618385 
0.45950236916542053 0.5209454298019409 0.019552171230316162 
0.03779975324869156 0.8496018052101135 0.11259844899177551 
0.8380371928215027 0.1544613093137741 0.0075015174224972725 
0.906557023525238 0.08738307654857635 0.006059867795556784 
0.8386207818984985 0.15380628407001495 0.007572941016405821 
0.7808313369750977 0.20525607466697693 0.013912523165345192 
0.7253238558769226 0.26311779022216797 0.011558343656361103 
0.8613977432250977 0.13253167271614075 0.006070604082196951 
0.8083373308181763 0.1841820776462555 0.007480640430003405 
0.42475223541259766 0.5391731262207031 0.03607463464140892 
0.8537114262580872 0.14196816086769104 0.004320358391851187 
0.11152181774377823 0.5533515810966492 0.3351266086101532 
0.4668554961681366 0.5062675476074219 0.026876943185925484 
0.3640452027320862 0.586931586265564 0.04902318865060806 
0.0013919735793024302 0.07057590782642365 0.9280320405960083 
0.9584435224533081 0.038645125925540924 0.0029113609343767166 
0.001907686935737729 0.044340647757053375 0.9537516236305237 
0.8495140671730042 0.14347007870674133 0.007015876471996307 
0.2427014708518982 0.7194478511810303 0.03785070404410362 
0.5566110610961914 0.4200589060783386 0.023329975083470345 
0.7623282074928284 0.2284344881772995 0.009237217716872692 
0.8853397369384766 0.1078990027308464 0.006761257536709309 
0.3888447880744934 0.5671094655990601 0.04404577985405922 
0.0959097146987915 0.8682310581207275 0.03585926443338394 
0.0032147453166544437 0.05915406346321106 0.9376312494277954 
0.012086853384971619 0.37261125445365906 0.6153018474578857 
0.03206779435276985 0.9219100475311279 0.04602213576436043 
0.8116297125816345 0.18109053373336792 0.00727970851585269 
0.19937127828598022 0.7627663016319275 0.037862442433834076 
0.1361868977546692 0.7768052220344543 0.0870077833533287 
0.017725784331560135 0.14197039604187012 0.8403038382530212 
0.4460892081260681 0.5236750245094299 0.03023572452366352 
0.8546563982963562 0.13940826058387756 0.0059352717362344265 
0.4744184911251068 0.5117637515068054 0.013817752711474895 
0.3993723690509796 0.5537222027778625 0.04690541326999664 
0.001400682027451694 0.022719675675034523 0.9758796691894531 
0.7059537768363953 0.2638680636882782 0.030178166925907135 
0.6003329157829285 0.38197675347328186 0.017690349370241165 
0.00822424702346325 0.22829236090183258 0.763483464717865 
0.6713992953300476 0.31477898359298706 0.013821758329868317 
0.6645830273628235 0.3242986500263214 0.0111183300614357 
0.03213701769709587 0.7097097039222717 0.2581532895565033 
0.06374599039554596 0.6147104501724243 0.32154354453086853 
0.8859833478927612 0.1095617339015007 0.00445497827604413 
0.25412485003471375 0.7231035828590393 0.022771568968892097 
0.26592007279396057 0.7058024406433105 0.028277523815631866 
0.4830856919288635 0.4840717911720276 0.032842423766851425 
0.7064468264579773 0.2793898582458496 0.014163302257657051 
0.7044773101806641 0.2833503186702728 0.012172309681773186 
0.8693981766700745 0.12498651444911957 0.005615341477096081 
0.4539889097213745 0.5201438665390015 0.02586720697581768 
0.9434682130813599 0.05424109101295471 0.0022907089442014694 
0.8031710386276245 0.1849423050880432 0.011886682361364365 
0.3789127469062805 0.528516411781311 0.09257081151008606 
0.8789042234420776 0.11423046141862869 0.006865388248115778 
0.6785205006599426 0.2946259081363678 0.026853544637560844 
0.4607550799846649 0.5288754105567932 0.01036953553557396 
0.8899120092391968 0.10624883323907852 0.003839110489934683 
0.014136945828795433 0.3255312442779541 0.6603317856788635 
0.9701877236366272 0.02788645774126053 0.0019257268868386745 
0.0013233795762062073 0.02168704755604267 0.9769895076751709 
0.9302045702934265 0.06589849293231964 0.0038969521410763264 
0.6575347185134888 0.3148294687271118 0.02763577736914158 
0.6928945779800415 0.2950965166091919 0.01200890727341175 
0.02333357371389866 0.8812572956085205 0.09540913254022598 
0.2784122824668884 0.66451096534729 0.05707674100995064 
0.19007055461406708 0.5611670613288879 0.24876239895820618 
0.7097797989845276 0.27439457178115845 0.01582552120089531 
0.6669126152992249 0.3206416070461273 0.012445838190615177 
0.877103865146637 0.117599256336689 0.005296899471431971 
0.2287360280752182 0.7432249784469604 0.028039004653692245 
0.8591402769088745 0.135384202003479 0.005475550889968872 
0.7488197684288025 0.24475139379501343 0.00642889179289341 
0.027609849348664284 0.7869347333908081 0.1854553371667862 
0.8233547210693359 0.1702098250389099 0.006435413379222155 
0.5600073933601379 0.3997115194797516 0.04028118774294853 
0.6248461008071899 0.35957542061805725 0.015578505583107471 
0.8927038908004761 0.10248684883117676 0.004809238016605377 
0.016010530292987823 0.7671793699264526 0.21681003272533417 
0.4822613000869751 0.5019303560256958 0.015808366239070892 
0.024270588532090187 0.8901334404945374 0.08559590578079224 
0.2446976602077484 0.7241672277450562 0.031135153025388718 
0.29820793867111206 0.6786870360374451 0.023104995489120483 
0.0019405531929805875 0.025987345725297928 0.9720721244812012 
0.9232549667358398 0.07300958782434464 0.0037354992236942053 
0.01898198388516903 0.41034823656082153 0.5706698298454285 
0.9486587643623352 0.047551851719617844 0.0037893729750066996 
0.8614274263381958 0.1334189623594284 0.005153594072908163 
0.021491674706339836 0.7726463675498962 0.2058619260787964 
0.06570211797952652 0.8747109174728394 0.0595870167016983 
0.02064460702240467 0.8714292645454407 0.10792616009712219 
0.34503307938575745 0.5548037886619568 0.10016316920518875 
0.9378128051757812 0.05910114198923111 0.0030860374681651592 
0.877103865146637 0.117599256336689 0.005296899471431971 
0.7175171375274658 0.2729952335357666 0.009487557224929333 
0.11400920897722244 0.8027851581573486 0.08320561051368713 
0.8389532566070557 0.1522310972213745 0.008815638720989227 
0.25775977969169617 0.7202193140983582 0.02202092483639717 
0.1279548853635788 0.7950296401977539 0.07701554894447327 
0.002648040885105729 0.06906799972057343 0.9282839894294739 
0.8116297125816345 0.18109053373336792 0.00727970851585269 
0.12046132981777191 0.8275570869445801 0.0519816093146801 
0.7617931365966797 0.2294929027557373 0.0087139792740345 
0.023006340488791466 0.7478305101394653 0.22916314005851746 
0.1749427169561386 0.7780776023864746 0.046979691833257675 
0.1413833051919937 0.810434103012085 0.048182617872953415 
0.7791570425033569 0.2007942497730255 0.020048758015036583 
0.04237020015716553 0.2736678421497345 0.6839619278907776 
0.1279548853635788 0.7950296401977539 0.07701554894447327 
0.8125113844871521 0.18033720552921295 0.007151354104280472 
0.8748255968093872 0.11986654996871948 0.005307876504957676 
0.0034425659105181694 0.2564464807510376 0.7401109933853149 
0.3400610089302063 0.6176549792289734 0.042284030467271805 
0.4756764769554138 0.4516465365886688 0.07267697155475616 
0.4693664014339447 0.49796050786972046 0.03267301246523857 
0.2639199495315552 0.7006908655166626 0.03538919612765312 
0.3137880861759186 0.6567079424858093 0.029503928497433662 
0.01934327930212021 0.7204939126968384 0.2601628601551056 
0.047482993453741074 0.5544108152389526 0.3981061577796936 
0.27576944231987 0.6699541211128235 0.05427643656730652 
0.9372755885124207 0.059586506336927414 0.0031378513667732477 
0.7807626128196716 0.21092090010643005 0.008316495455801487 
0.036297764629125595 0.8192305564880371 0.14447174966335297 
0.8854272961616516 0.10991262644529343 0.004660109989345074 
0.8985127210617065 0.09748619794845581 0.004001086112111807 
0.018492072820663452 0.6365398168563843 0.34496811032295227 
0.021394912153482437 0.6325268745422363 0.34607815742492676 
0.4265685975551605 0.5223872661590576 0.05104416236281395 
0.14417943358421326 0.7648293972015381 0.09099119901657104 
0.7452748417854309 0.24532634019851685 0.009398789145052433 
0.6988237500190735 0.28859513998031616 0.01258116029202938 
0.6094033718109131 0.3775346279144287 0.013062000274658203 
0.4118750989437103 0.5186942219734192 0.06943067908287048 
0.37347057461738586 0.5971601009368896 0.02936931885778904 
0.03754054382443428 0.5774769186973572 0.3849824368953705 
0.8735475540161133 0.1221303641796112 0.004322085529565811 
0.8102934956550598 0.18372322618961334 0.005983230657875538 
0.1608767956495285 0.8041824698448181 0.034940753132104874 
0.6700477600097656 0.31815105676651 0.011801148764789104 
0.824522852897644 0.15977056324481964 0.01570657640695572 
0.8648484349250793 0.1302187740802765 0.004932807292789221 
0.10220470279455185 0.6677894592285156 0.2300059199333191 
0.33295580744743347 0.6288744807243347 0.03816969320178032 
0.7088721394538879 0.27916309237480164 0.011964778415858746 
0.09191885590553284 0.7460379004478455 0.1620432734489441 
0.8795610070228577 0.11591590940952301 0.004523062147200108 
0.076470747590065 0.861855685710907 0.061673473566770554 
0.3312968611717224 0.6189091801643372 0.04979395121335983 
0.5364417433738708 0.40728768706321716 0.05627058446407318 
0.6520363688468933 0.3303511440753937 0.017612475901842117 
0.018214527517557144 0.7064583897590637 0.27532708644866943 
0.7230455279350281 0.2598303556442261 0.017124084755778313 
0.2964954972267151 0.6395406126976013 0.06396392732858658 
0.9420629739761353 0.055641256272792816 0.0022958340123295784 
0.09928881376981735 0.7952556610107422 0.10545545816421509 
0.9366080164909363 0.05930517986416817 0.004086862318217754 
0.43458113074302673 0.5409060120582581 0.02451286092400551 
0.8491658568382263 0.1424509882926941 0.008383160457015038 
0.7152193784713745 0.27176618576049805 0.013014378026127815 
0.8761852383613586 0.11726152896881104 0.006553305312991142 
0.13558872044086456 0.8468201756477356 0.017591124400496483 
0.4767661690711975 0.5024098753929138 0.020823944360017776 
0.8530067205429077 0.1416132152080536 0.005380024667829275 
0.619421660900116 0.34476032853126526 0.03581802919507027 
0.6054781675338745 0.37110042572021484 0.023421352729201317 
0.6090502738952637 0.368596613407135 0.02235308662056923 
0.639409065246582 0.3400513529777527 0.02053958550095558 
0.7223484516143799 0.256716787815094 0.020934659987688065 
0.7244304418563843 0.25468769669532776 0.020881883800029755 
0.8926447629928589 0.10326724499464035 0.004088051151484251 
0.6834739446640015 0.2990383803844452 0.01748771406710148 
0.008602208457887173 0.6409474015235901 0.3504503667354584 
0.7607631087303162 0.23170079290866852 0.007536042015999556 
0.6758517026901245 0.2999867796897888 0.02416151575744152 
0.7268367409706116 0.23934096097946167 0.03382229432463646 
0.6251083016395569 0.36399880051612854 0.010892931371927261 
0.3698533773422241 0.49300840497016907 0.13713817298412323 
0.8642627000808716 0.12884904444217682 0.006888248957693577 
0.7433272004127502 0.23687376081943512 0.019798988476395607 
0.8652281165122986 0.12695090472698212 0.007820979692041874 
0.5039913058280945 0.47736626863479614 0.01864239200949669 
0.10961733013391495 0.8464595675468445 0.04392312467098236 
0.5705908536911011 0.4028901755809784 0.026519017294049263 
0.7341580390930176 0.2569480240345001 0.008893853053450584 
0.7176296710968018 0.26861175894737244 0.013758511282503605 
0.0618441216647625 0.9099813103675842 0.028174638748168945 
0.09317607432603836 0.8405030369758606 0.06632087379693985 
0.00965865422040224 0.4263269603252411 0.5640143752098083 
0.8217657804489136 0.17266012728214264 0.005574143957346678 
0.41061002016067505 0.4902545213699341 0.09913542121648788 
0.7817409634590149 0.20863325893878937 0.009625770151615143 
0.824255645275116 0.16579407453536987 0.009950279258191586 
0.035881225019693375 0.8342638611793518 0.1298549771308899 
0.011347423307597637 0.3697184920310974 0.6189340949058533 
0.4373946785926819 0.5423709750175476 0.020234398543834686 
0.04693750664591789 0.7591822743415833 0.19388025999069214 
0.7704182863235474 0.21957001090049744 0.010011651553213596 
0.2665086090564728 0.7023345828056335 0.031156739220023155 
0.944986879825592 0.05189206078648567 0.003120957175269723 
0.9437168836593628 0.05309615284204483 0.003186858259141445 
0.3569706380367279 0.6263675093650818 0.016661928966641426 
0.6681150197982788 0.31354305148124695 0.018341971561312675 
0.9608686566352844 0.03679071366786957 0.0023406133987009525 
0.8982140421867371 0.09801102429628372 0.003774902317672968 
0.22780491411685944 0.6769834756851196 0.09521161019802094 
0.8374938368797302 0.15495316684246063 0.007552958093583584 
0.9294684529304504 0.06688511371612549 0.0036465248558670282 
0.0342046357691288 0.7747407555580139 0.19105465710163116 
0.09922244399785995 0.5481407642364502 0.35263681411743164 
0.8429691195487976 0.15044431388378143 0.006586600560694933 
0.4019893705844879 0.5506749153137207 0.04733571410179138 
0.5715457201004028 0.4182683825492859 0.01018592994660139 
0.5715457201004028 0.4182683825492859 0.01018592994660139 
0.5689418911933899 0.4063572883605957 0.024700773879885674 
0.07059090584516525 0.7946721911430359 0.13473689556121826 
0.002472110791131854 0.06551052629947662 0.9320173263549805 
0.018849752843379974 0.3610652983188629 0.6200849413871765 
0.7119288444519043 0.27746984362602234 0.010601307265460491 
0.21274371445178986 0.6712562441825867 0.11600006371736526 
0.009114987216889858 0.3825657367706299 0.6083192825317383 
0.06324819475412369 0.8644347786903381 0.07231710106134415 
0.21821022033691406 0.7455101013183594 0.03627966344356537 
0.918949544429779 0.0776829645037651 0.0033675075974315405 
0.8600441813468933 0.13199162483215332 0.007964115589857101 
0.07694681733846664 0.8053796887397766 0.11767353862524033 
0.8874015808105469 0.1075972393155098 0.00500117801129818 
0.9007337093353271 0.09596644341945648 0.00329982815310359 
0.7513781189918518 0.23614802956581116 0.012473879382014275 
0.7819794416427612 0.2049538642168045 0.013066723942756653 
0.0008473956841044128 0.03376570716500282 0.9653869271278381 
0.007173754274845123 0.33672016859054565 0.6561061143875122 
0.8443140387535095 0.1473303735256195 0.008355524390935898 
0.08846224099397659 0.8049545884132385 0.10658323764801025 
0.7310283184051514 0.2485792636871338 0.020392362028360367 
0.000929875357542187 0.028539001941680908 0.9705311059951782 
0.06072169542312622 0.9103908538818359 0.02888740971684456 
0.07493305951356888 0.5937979221343994 0.3312690258026123 
0.7454217672348022 0.2400125414133072 0.01456580962985754 
0.7315427660942078 0.243952214717865 0.024505101144313812 
0.782922089099884 0.20670175552368164 0.010376162827014923 
0.26884981989860535 0.6856145858764648 0.04553564637899399 
0.005329286213964224 0.13503865897655487 0.8596320748329163 
0.010732127353549004 0.5009944438934326 0.4882734417915344 
0.34397536516189575 0.6146047711372375 0.04141990840435028 
0.0018293058965355158 0.06191476434469223 0.936255931854248 
0.062024328857660294 0.8823792934417725 0.05559637397527695 
0.2700640857219696 0.7094252705574036 0.020510686561465263 
0.03295957297086716 0.5062820911407471 0.46075838804244995 
0.5813546180725098 0.39018988609313965 0.028455479070544243 
0.8943318128585815 0.10180486738681793 0.003863317659124732 
0.8957609534263611 0.09477228671312332 0.009466780349612236 
0.43810537457466125 0.5406619310379028 0.02123272977769375 
0.8778377771377563 0.11712317168712616 0.005039036273956299 
0.06801549345254898 0.8156346082687378 0.11634994298219681 
0.04469660669565201 0.32277318835258484 0.6325302124023438 
0.029231831431388855 0.9107918739318848 0.05997632071375847 
0.016010530292987823 0.7671793699264526 0.21681003272533417 
0.7914887070655823 0.197043314576149 0.011468051001429558 
0.506694495677948 0.4390544891357422 0.05425100773572922 
0.3208211362361908 0.5446669459342957 0.13451185822486877 
0.02747655101120472 0.8707616925239563 0.10176177322864532 
0.33972758054733276 0.5924122333526611 0.06786010414361954 
0.004888602998107672 0.27320799231529236 0.721903383731842 
0.03983062878251076 0.6576032638549805 0.3025660812854767 
0.7194876074790955 0.27010422945022583 0.010408141650259495 
0.5990845561027527 0.3824990689754486 0.018416455015540123 
0.007828480564057827 0.47333964705467224 0.5188318490982056 
0.01774154044687748 0.935268759727478 0.046989746391773224 
0.07177416235208511 0.7949954867362976 0.13323034346103668 
0.4776773452758789 0.48159486055374146 0.04072769731283188 
0.6888372898101807 0.27522602677345276 0.03593667596578598 
0.925342857837677 0.071535624563694 0.003121565794572234 
0.02260260283946991 0.4753415882587433 0.502055823802948 
0.15939673781394958 0.569625735282898 0.27097752690315247 
0.9545512795448303 0.04260185360908508 0.0028468745294958353 
0.264279842376709 0.5983487963676453 0.13737133145332336 
0.020185371860861778 0.6642997860908508 0.31551483273506165 
0.0204716008156538 0.6824697256088257 0.2970586121082306 
0.02659079059958458 0.7079122066497803 0.26549699902534485 
0.03616584092378616 0.9101217985153198 0.053712427616119385 
0.04314207658171654 0.5806043148040771 0.376253604888916 
0.813357949256897 0.17892691493034363 0.007715048734098673 
0.49664074182510376 0.43010181188583374 0.0732574611902237 
0.9086287617683411 0.08514506369829178 0.006226175464689732 
0.6447029709815979 0.3353729248046875 0.0199241004884243 
0.00679712975397706 0.25976961851119995 0.7334333062171936 
0.4030715525150299 0.5617086291313171 0.035219814628362656 
0.6653265357017517 0.2983422875404358 0.03633122518658638 
0.16585814952850342 0.7893681526184082 0.04477372765541077 
0.06847579032182693 0.8730636835098267 0.05846050754189491 
0.31085628271102905 0.6506955027580261 0.03844819217920303 
0.45850130915641785 0.5244534611701965 0.017045242711901665 
0.2668023705482483 0.6957193613052368 0.03747818246483803 
0.2680980861186981 0.6945698261260986 0.03733208402991295 
0.4042292833328247 0.5474328994750977 0.048337824642658234 
0.046042390167713165 0.8492431640625 0.10471449047327042 
0.570694088935852 0.40263572335243225 0.026670217514038086 
0.6758016347885132 0.3049987256526947 0.01919964887201786 
0.18020941317081451 0.5554868578910828 0.26430368423461914 
0.6348252296447754 0.3545578718185425 0.010616863146424294 
0.03192297741770744 0.6627330183982849 0.30534398555755615 
0.8465000987052917 0.14951810240745544 0.0039817034266889095 
0.6327105760574341 0.3453354835510254 0.02195388451218605 
0.0008697197190485895 0.02923468127846718 0.9698956608772278 
0.05245944857597351 0.8859436511993408 0.06159697100520134 
0.3395254909992218 0.43098077178001404 0.22949370741844177 
0.8462529182434082 0.14525066316127777 0.008496440015733242 
0.8695886731147766 0.12388759106397629 0.006523765157908201 
0.14239193499088287 0.8141093254089355 0.043498724699020386 
0.027913415804505348 0.909030020236969 0.06305662542581558 
0.007501991931349039 0.320487916469574 0.6720101237297058 
0.9462159872055054 0.05099824443459511 0.002785761607810855 
0.8914520144462585 0.10115703195333481 0.007390974089503288 
0.01871287077665329 0.3964557945728302 0.5848313570022583 
0.47159361839294434 0.5108340978622437 0.017572320997714996 
0.03733403980731964 0.4130837619304657 0.5495821833610535 
0.024401705712080002 0.8983849287033081 0.07721337676048279 
0.5544176697731018 0.4274462163448334 0.018136080354452133 
0.10475979745388031 0.7756388783454895 0.11960131675004959 
0.005699682515114546 0.17842361330986023 0.8158767223358154 
0.07823430001735687 0.876509428024292 0.04525630548596382 
0.6418073177337646 0.3399525582790375 0.01824011094868183 
0.01854679360985756 0.7852768301963806 0.19617648422718048 
0.03887666016817093 0.6245709657669067 0.33655232191085815 
0.03375151380896568 0.6115580201148987 0.3546905219554901 
0.6172336339950562 0.36957573890686035 0.013190642930567265 
0.007167762145400047 0.15469686686992645 0.8381354212760925 
0.01934327930212021 0.7204939126968384 0.2601628601551056 
0.08472312986850739 0.8765729665756226 0.038703903555870056 
0.09000406414270401 0.8719436526298523 0.03805230185389519 
0.012629479169845581 0.5395120978355408 0.44785842299461365 
0.25005966424942017 0.5859662294387817 0.16397415101528168 
0.006162827368825674 0.1463925540447235 0.8474446535110474 
0.6019910573959351 0.3737969398498535 0.02421198971569538 
0.9047414660453796 0.09097687900066376 0.004281691741198301 
0.032112691551446915 0.9195168614387512 0.048370469361543655 
0.6529995799064636 0.33056947588920593 0.016430994495749474 
0.24122005701065063 0.6665583252906799 0.09222161024808884 
0.0531710647046566 0.8340877890586853 0.11274116486310959 
0.5815733671188354 0.37460052967071533 0.043826088309288025 
0.06763969361782074 0.8804574608802795 0.05190284177660942 
0.4189993739128113 0.5489534139633179 0.03204721957445145 
0.4373219907283783 0.5348461866378784 0.027831794694066048 
0.00804951786994934 0.22185227274894714 0.7700982093811035 
0.6614052057266235 0.3280450701713562 0.010549819096922874 
0.7095214128494263 0.27414670586586 0.01633184216916561 
0.06983618438243866 0.754499077796936 0.1756647229194641 
0.4783485531806946 0.4773954153060913 0.044255975633859634 
0.16476991772651672 0.6060308218002319 0.22919926047325134 
0.8099239468574524 0.18244560062885284 0.007630457170307636 
0.12416516244411469 0.8385591506958008 0.03727572411298752 
0.004722121637314558 0.059296268969774246 0.9359816312789917 
0.05794403329491615 0.8564849495887756 0.08557102829217911 
0.21876607835292816 0.7594576478004456 0.02177620120346546 
0.4682520925998688 0.5166716575622559 0.01507622841745615 
0.49181482195854187 0.4880147874355316 0.020170383155345917 
0.4622315764427185 0.5179288387298584 0.01983957551419735 
0.014667040668427944 0.364410936832428 0.6209220290184021 
0.12665294110774994 0.849355936050415 0.023991165682673454 
0.32631421089172363 0.6196205019950867 0.05406517907977104 
0.0763087272644043 0.8071758151054382 0.11651542782783508 
0.9290416836738586 0.06815984100103378 0.0027984415646642447 
0.2668473422527313 0.711473286151886 0.021679364144802094 
0.505435585975647 0.4812091290950775 0.013355269096791744 
0.8808473348617554 0.11429479718208313 0.004857825115323067 
0.24450691044330597 0.48329147696495056 0.27220162749290466 
0.190163716673851 0.7681130766868591 0.04172322526574135 
0.884741485118866 0.1106482744216919 0.00461031636223197 
0.5815033316612244 0.3704124093055725 0.048084210604429245 
0.06716607511043549 0.8894677758216858 0.043366190046072006 
0.1204371377825737 0.8393738269805908 0.04018902778625488 
0.09843840450048447 0.8586709499359131 0.04289064556360245 
0.0009205943206325173 0.007052261382341385 0.9920271039009094 
0.009030425921082497 0.3984810709953308 0.5924885272979736 
0.019098559394478798 0.8361872434616089 0.14471417665481567 
0.16647969186306 0.8105003237724304 0.023020021617412567 
0.004361230880022049 0.11656530946493149 0.8790735006332397 
0.5522909164428711 0.43271544575691223 0.014993635006248951 
0.013040326535701752 0.5394724607467651 0.44748714566230774 
0.6963971257209778 0.295362263917923 0.008240624330937862 
0.10325542092323303 0.7903940081596375 0.10635063797235489 
0.6606590151786804 0.31392523646354675 0.02541573904454708 
0.0923752635717392 0.8255235552787781 0.08210118114948273 
0.35100996494293213 0.6155732274055481 0.03341680392622948 
0.26884981989860535 0.6856145858764648 0.04553564637899399 
0.26884981989860535 0.6856145858764648 0.04553564637899399 
0.5505414009094238 0.41784781217575073 0.03161080181598663 
0.0063865091651678085 0.851830244064331 0.1417832374572754 
0.0608777180314064 0.5880306959152222 0.35109156370162964 
0.012189419940114021 0.3446923494338989 0.6431182622909546 
0.26884981989860535 0.6856145858764648 0.04553564637899399 
0.8912294507026672 0.10415881127119064 0.004611790645867586 
0.6804616451263428 0.3097667694091797 0.009771584533154964 
0.146614208817482 0.7158031463623047 0.13758264482021332 
0.26884981989860535 0.6856145858764648 0.04553564637899399 
0.010980580002069473 0.6688191294670105 0.3202003240585327 
0.09912797808647156 0.8338583111763 0.06701362878084183 
0.8238413333892822 0.16897600889205933 0.007182636298239231 
0.02573334611952305 0.8990299105644226 0.07523678988218307 
0.8691891431808472 0.12518663704395294 0.005624219309538603 
0.08792687952518463 0.8258256316184998 0.08624745160341263 
0.6650576591491699 0.3136445879936218 0.021297810599207878 
0.633658230304718 0.3499075174331665 0.016434282064437866 
0.1477919965982437 0.8272825479507446 0.02492545172572136 
0.6933204531669617 0.29527851939201355 0.011400998570024967 
0.927051305770874 0.06996108591556549 0.002987579209730029 
0.6934477686882019 0.29708102345466614 0.009471231140196323 
0.6959375143051147 0.29142439365386963 0.012638121843338013 
0.7041804194450378 0.27789586782455444 0.017923682928085327 
0.8178878426551819 0.16980907320976257 0.012303080409765244 
0.7963650226593018 0.18623895943164825 0.017396019771695137 
0.10610515624284744 0.8106240630149841 0.08327066898345947 
0.05156898498535156 0.903624951839447 0.04480605199933052 
0.004116972908377647 0.25930652022361755 0.7365765571594238 
0.041670165956020355 0.9168688058853149 0.04146100953221321 
0.9254662990570068 0.06661363691091537 0.00792001374065876 
0.03733403980731964 0.4130837619304657 0.5495821833610535 
0.8432695269584656 0.15028703212738037 0.006443463731557131 
0.26884981989860535 0.6856145858764648 0.04553564637899399 
0.3796670734882355 0.5776909589767456 0.04264187440276146 
0.49914273619651794 0.4784742295742035 0.022383078932762146 
0.5965356826782227 0.37704846262931824 0.02641586773097515 
0.0557793490588665 0.8728829622268677 0.07133770734071732 
0.5595145225524902 0.4263913333415985 0.014094159007072449 
0.0034464860800653696 0.25820401310920715 0.7383494973182678 
0.8776836395263672 0.11789524555206299 0.0044210124760866165 
0.7446233034133911 0.24577853083610535 0.00959821604192257 
0.5395019054412842 0.4132934510707855 0.04720459505915642 
0.1802862286567688 0.6072195768356323 0.2124941349029541 
0.7840787768363953 0.20487789809703827 0.01104331947863102 
0.46971073746681213 0.5025219321250916 0.02776729315519333 
0.7530990839004517 0.23814266920089722 0.008758245036005974 
0.12048684060573578 0.7849088311195374 0.09460428357124329 
0.2055123746395111 0.7491011023521423 0.04538654908537865 
0.26884981989860535 0.6856145858764648 0.04553564637899399 
0.7618321180343628 0.22872593998908997 0.009441955015063286 
0.0028394025284796953 0.32681673765182495 0.6703438758850098 
0.8567707538604736 0.13557729125022888 0.007651935797184706 
0.003855340415611863 0.3392474055290222 0.656897246837616 
0.5409066081047058 0.4223490357398987 0.0367443785071373 
0.4109031856060028 0.5573868751525879 0.031709905713796616 
0.8562052249908447 0.13731428980827332 0.006480509880930185 
0.5450411438941956 0.4288989305496216 0.026059983298182487 
0.2608783543109894 0.603768527507782 0.13535313308238983 
0.007030269131064415 0.35041823983192444 0.6425515413284302 
0.19785159826278687 0.7221518754959106 0.0799965038895607 
0.07207295298576355 0.7283961772918701 0.19953082501888275 
0.8252076506614685 0.1673288345336914 0.007463505957275629 
0.13060471415519714 0.7606544494628906 0.10874088853597641 
0.15009179711341858 0.8252917528152466 0.024616511538624763 
0.4203237295150757 0.5439056158065796 0.03577063977718353 
0.6148681044578552 0.3691667914390564 0.015965111553668976 
0.26884981989860535 0.6856145858764648 0.04553564637899399 
0.004067469388246536 0.19044673442840576 0.8054858446121216 
0.006888660602271557 0.20095200836658478 0.792159378528595 
0.06718219816684723 0.6256294250488281 0.30718836188316345 
0.591321587562561 0.3876435160636902 0.02103484980762005 
0.02030634507536888 0.8314641714096069 0.1482294648885727 
0.43204742670059204 0.5459514856338501 0.022001098841428757 
0.13838067650794983 0.6719352602958679 0.18968404829502106 
0.9244380593299866 0.0723242461681366 0.003237753175199032 
0.4793137311935425 0.5035713911056519 0.017114831134676933 
0.3506242334842682 0.5568665266036987 0.09250923246145248 
0.04197515547275543 0.8864438533782959 0.07158096879720688 
0.8177976012229919 0.1768360286951065 0.005366414785385132 
0.4382385313510895 0.5198881030082703 0.04187334328889847 
0.8180177807807922 0.17319689691066742 0.008785348385572433 
0.8207520842552185 0.17086805403232574 0.008379925973713398 
0.04120442271232605 0.6994630098342896 0.2593325078487396 
0.018991490826010704 0.6898210048675537 0.29118749499320984 
0.37366774678230286 0.6013813614845276 0.024950865656137466 
0.01934327930212021 0.7204939126968384 0.2601628601551056 
0.09546950459480286 0.8702412843704224 0.03428930044174194 
0.02571893110871315 0.687628448009491 0.2866525948047638 
0.8068002462387085 0.1881808340549469 0.0050189923495054245 
0.6769802570343018 0.3122688829898834 0.010750881396234035 
0.0283660851418972 0.398278146982193 0.5733557343482971 
0.0018713576719164848 0.04474829137325287 0.9533803462982178 
0.004047850612550974 0.161709263920784 0.8342429399490356 
0.009117286652326584 0.627475380897522 0.36340734362602234 
0.055123016238212585 0.7787582874298096 0.16611868143081665 
0.0188142079859972 0.7406439185142517 0.24054180085659027 
0.08623389899730682 0.854110062122345 0.059656042605638504 
0.8708721399307251 0.1251615285873413 0.003966318443417549 
0.9052080512046814 0.09111922979354858 0.003672798862680793 
0.8282167315483093 0.16488026082515717 0.006903023459017277 
0.5189424753189087 0.4340888261795044 0.046968672424554825 
0.5158983469009399 0.4617578983306885 0.02234378270804882 
0.26884981989860535 0.6856145858764648 0.04553564637899399 
0.4991969168186188 0.4688035845756531 0.031999461352825165 
0.05217500776052475 0.7441411018371582 0.20368389785289764 
0.05434292182326317 0.9106626510620117 0.0349944643676281 
0.7826117277145386 0.2126413881778717 0.00474679796025157 
0.03725551813840866 0.7532939910888672 0.20945049822330475 
0.23564879596233368 0.7355895042419434 0.028761696070432663 
0.03725551813840866 0.7532939910888672 0.20945049822330475 
0.003926679491996765 0.1295853555202484 0.866487979888916 
0.01039225421845913 0.8372012376785278 0.1524064987897873 
0.26884981989860535 0.6856145858764648 0.04553564637899399 
0.037042904645204544 0.9378494024276733 0.02510763145983219 
0.1384744644165039 0.7882444858551025 0.07328103482723236 
0.7291971445083618 0.2522716522216797 0.018531175330281258 
0.12119092047214508 0.8428093791007996 0.03599976748228073 
0.3830219805240631 0.576575517654419 0.040402498096227646 
0.9476209878921509 0.04823047295212746 0.004148504231125116 
0.5411984324455261 0.43354135751724243 0.025260210037231445 
0.601290225982666 0.3773738145828247 0.021335933357477188 
0.0458398200571537 0.5962514281272888 0.3579087555408478 
0.018054112792015076 0.7542017698287964 0.22774410247802734 
0.019461311399936676 0.47255590558052063 0.5079828500747681 
0.3188420534133911 0.647931694984436 0.03322627395391464 
0.6536171436309814 0.3331764042377472 0.013206415809690952 
0.0994502380490303 0.853696882724762 0.04685290902853012 
0.43260622024536133 0.5173081159591675 0.05008573830127716 
0.6757197380065918 0.30948606133461 0.014794213697314262 
0.03343849256634712 0.6716002821922302 0.29496121406555176 
0.27363333106040955 0.6612640023231506 0.06510269641876221 
0.6652494072914124 0.32588058710098267 0.008870058692991734 
0.576178252696991 0.4007434844970703 0.023078294470906258 
0.40205830335617065 0.5831332802772522 0.01480840053409338 
0.36137545108795166 0.5952423810958862 0.04338211193680763 
0.8419938683509827 0.1524876356124878 0.005518508143723011 
0.9120616912841797 0.08509989827871323 0.002838428597897291 
0.10742636024951935 0.7002313137054443 0.19234232604503632 
0.43352335691452026 0.5308584570884705 0.03561824932694435 
0.0008598036365583539 0.07643628120422363 0.9227039813995361 
0.5465269684791565 0.43761593103408813 0.015857035294175148 
0.8520645499229431 0.14183540642261505 0.006100044120103121 
0.5078943371772766 0.47603222727775574 0.016073428094387054 
0.26598602533340454 0.702351987361908 0.03166195750236511 
0.10317518562078476 0.8312805891036987 0.06554419547319412 
0.008950501680374146 0.27292898297309875 0.7181205153465271 
0.011586450040340424 0.25353217124938965 0.7348814010620117 
0.4934709370136261 0.48951640725135803 0.017012720927596092 
0.06016572564840317 0.6669644117355347 0.27286991477012634 
0.5890100598335266 0.39248961210250854 0.018500344827771187 
0.076470747590065 0.861855685710907 0.061673473566770554 
0.2082841694355011 0.7668095827102661 0.024906273931264877 
0.02397962100803852 0.5304844975471497 0.44553589820861816 
0.6875694394111633 0.3013216555118561 0.011108889244496822 
0.00865042395889759 0.5774824619293213 0.41386711597442627 
0.847850501537323 0.14350177347660065 0.00864782277494669 
0.7320928573608398 0.25693807005882263 0.010969114489853382 
0.010508737526834011 0.38890331983566284 0.6005879640579224 
0.2801639139652252 0.6743258833885193 0.045510176569223404 
0.018492072820663452 0.6365398168563843 0.34496811032295227 
0.021394912153482437 0.6325268745422363 0.34607815742492676 
0.7542952299118042 0.23077812790870667 0.014926666393876076 
0.870149552822113 0.12254992872476578 0.007300542667508125 
0.7917913198471069 0.2010449767112732 0.007163751870393753 
0.026071710512042046 0.7804923057556152 0.19343599677085876 
0.3452189564704895 0.6327269077301025 0.022054163739085197 
0.14409883320331573 0.6614853739738464 0.194415882229805 
0.007910299114882946 0.6020324230194092 0.390057235956192 
0.8602206110954285 0.13510917127132416 0.004670230206102133 
0.6187681555747986 0.3539029359817505 0.027328867465257645 
0.06586218625307083 0.3863441050052643 0.5477936863899231 
0.08137436956167221 0.41247472167015076 0.5061509013175964 
0.8950496912002563 0.10129621624946594 0.0036540720611810684 
0.42453521490097046 0.5297471880912781 0.04571765288710594 
0.04938943684101105 0.8321447372436523 0.11846593767404556 
0.3919256627559662 0.5694991946220398 0.03857511281967163 
0.6978283524513245 0.28889065980911255 0.01328097190707922 
0.018418394029140472 0.570787250995636 0.41079431772232056 
0.7976424098014832 0.19281966984272003 0.009537920355796814 
0.9196537733078003 0.07330048084259033 0.007045791018754244 
0.82928067445755 0.16290409862995148 0.007815171964466572 
0.4096507132053375 0.5594040751457214 0.03094523958861828 
0.338900089263916 0.6331982016563416 0.027901656925678253 
0.665469229221344 0.31011679768562317 0.024414027109742165 
0.6425734758377075 0.33543136715888977 0.021995099261403084 
0.6069480776786804 0.3685967028141022 0.02445523627102375 
0.9283928871154785 0.068291075527668 0.0033160559833049774 
0.945173978805542 0.05091259256005287 0.003913478925824165 
0.0219409316778183 0.63325035572052 0.3448086977005005 
0.8603924512863159 0.12773138284683228 0.011876177974045277 
0.9090352058410645 0.08732977509498596 0.00363501557148993 
0.7387159466743469 0.24075621366500854 0.020527837797999382 
0.23547662794589996 0.6514330506324768 0.11309033632278442 
0.03011912852525711 0.5561328530311584 0.41374799609184265 
0.8530341982841492 0.1403411626815796 0.006624535657465458 
0.49914273619651794 0.4784742295742035 0.022383078932762146 
0.823523998260498 0.16044025123119354 0.016035718843340874 
0.7260276675224304 0.2664308547973633 0.007541447877883911 
0.7260276675224304 0.2664308547973633 0.007541447877883911 
0.7260276675224304 0.2664308547973633 0.007541447877883911 
0.6513328552246094 0.33128732442855835 0.01737985573709011 
0.05299047380685806 0.8169555068016052 0.1300540268421173 
0.6917038559913635 0.29426854848861694 0.014027555473148823 
0.27195221185684204 0.5965839624404907 0.13146381080150604 
0.628616452217102 0.3395449221134186 0.03183870390057564 
0.028109265491366386 0.8078519105911255 0.16403888165950775 
0.017109030857682228 0.6312970519065857 0.3515939712524414 
0.004102866631001234 0.16761009395122528 0.8282870650291443 
0.002754181856289506 0.16836190223693848 0.828883945941925 
0.8424814343452454 0.1419214904308319 0.01559707336127758 
0.6475114822387695 0.3217378258705139 0.030750662088394165 
0.18257753551006317 0.7751679420471191 0.04225445166230202 
0.5787612199783325 0.364943265914917 0.05629552900791168 
0.0557793490588665 0.8728829622268677 0.07133770734071732 
0.7614007592201233 0.22388482093811035 0.014714425429701805 
0.6694830656051636 0.3205096125602722 0.010007388889789581 
0.6223393678665161 0.3390222489833832 0.0386384092271328 
0.11615634709596634 0.6548557877540588 0.22898785769939423 
0.836338996887207 0.15681014955043793 0.0068508232943713665 
0.8589888215065002 0.13319216668605804 0.007818974554538727 
0.15467298030853271 0.7168248295783997 0.12850221991539001 
0.7225338816642761 0.26689451932907104 0.010571599937975407 
0.4471188485622406 0.5171731114387512 0.035707999020814896 
0.9257628917694092 0.07110107690095901 0.003135952865704894 
0.003407720709219575 0.219691202044487 0.7769010663032532 
0.4163690507411957 0.5476942658424377 0.03593669831752777 
0.1632731854915619 0.7596921920776367 0.07703464478254318 
0.5831812620162964 0.3454081118106842 0.07141069322824478 
0.012421905063092709 0.23464103043079376 0.7529370784759521 
0.21618874371051788 0.7655097842216492 0.018301455304026604 
0.7877545952796936 0.2048288881778717 0.007416571956127882 
0.26884981989860535 0.6856145858764648 0.04553564637899399 
0.7368208169937134 0.24674254655838013 0.01643667183816433 
0.002389447530731559 0.26840469241142273 0.729205846786499 
0.9726473689079285 0.0251143891364336 0.00223831576295197 
0.09928881376981735 0.7952556610107422 0.10545545816421509 
0.15896961092948914 0.8180342316627502 0.022996146231889725 
0.005624888464808464 0.10762862116098404 0.8867465257644653 
0.7014472484588623 0.2744000256061554 0.024152688682079315 
0.8627719879150391 0.13325810432434082 0.003969899378716946 
0.7102196216583252 0.2776775658130646 0.01210285909473896 
0.8264179229736328 0.1674523651599884 0.006129707675427198 
0.7406991124153137 0.2507724165916443 0.008528492413461208 
0.7342387437820435 0.25138765573501587 0.014373625628650188 
0.7631165981292725 0.2274608314037323 0.009422584436833858 
0.7631165981292725 0.2274608314037323 0.009422584436833858 
0.7631165981292725 0.2274608314037323 0.009422584436833858 
0.9460952281951904 0.051668014377355576 0.0022368563804775476 
0.7631165981292725 0.2274608314037323 0.009422584436833858 
0.7948154807090759 0.1972571313381195 0.007927412167191505 
0.056937821209430695 0.9155518412590027 0.027510372921824455 
0.9399791359901428 0.05676111578941345 0.0032597428653389215 
0.016010530292987823 0.7671793699264526 0.21681003272533417 
0.01769264228641987 0.8585702180862427 0.12373713403940201 
0.7440550923347473 0.249376118183136 0.006568802520632744 
0.2781084477901459 0.6749557852745056 0.046935826539993286 
0.22092077136039734 0.7464948892593384 0.03258433938026428 
0.5670347213745117 0.40462785959243774 0.028337476775050163 
0.9360668659210205 0.05979960039258003 0.004133585374802351 
0.7481276988983154 0.2426767200231552 0.009195596911013126 
0.6207866668701172 0.3697207272052765 0.009492605924606323 
0.021184418350458145 0.8652592301368713 0.11355634778738022 
0.5631824731826782 0.388604074716568 0.04821344092488289 
0.6225351691246033 0.3666042983531952 0.010860467329621315 
0.7084541320800781 0.2832188308238983 0.008327019400894642 
0.08079664409160614 0.8371002078056335 0.08210311084985733 
0.43302786350250244 0.5063614249229431 0.06061069294810295 
0.1083129420876503 0.7598696351051331 0.13181743025779724 
0.12449494749307632 0.8134433627128601 0.06206166371703148 
0.7239708304405212 0.26229000091552734 0.0137391472235322 
0.8284837007522583 0.164480522274971 0.007035803981125355 
0.03717914596199989 0.8843680024147034 0.07845287770032883 
0.26884981989860535 0.6856145858764648 0.04553564637899399 
0.9299936890602112 0.0669870525598526 0.0030192560516297817 
0.10820723325014114 0.8674694299697876 0.024323375895619392 
0.48233070969581604 0.5058341026306152 0.011835181154310703 
0.1011236384510994 0.48508667945861816 0.41378968954086304 
0.27738139033317566 0.6272561550140381 0.09536249190568924 
0.041117291897535324 0.7924885749816895 0.16639408469200134 
0.16715623438358307 0.7682754397392273 0.06456836313009262 
0.027810337021946907 0.36951151490211487 0.602678120136261 
0.5352960824966431 0.4423861801624298 0.022317728027701378 
0.8408755660057068 0.14944970607757568 0.00967480894178152 
0.009743688628077507 0.7373291254043579 0.2529272437095642 
0.6725086569786072 0.30849072337150574 0.019000565633177757 
0.7358943223953247 0.2518489956855774 0.012256648391485214 
0.43022456765174866 0.5510818958282471 0.018693482503294945 
0.575348973274231 0.4001176655292511 0.02453332394361496 
0.2413315325975418 0.6497968435287476 0.10887166857719421 
0.0022862032055854797 0.028490973636507988 0.9692228436470032 
0.26884981989860535 0.6856145858764648 0.04553564637899399 
0.9468054175376892 0.05047372356057167 0.0027208973187953234 
0.05868567153811455 0.7624597549438477 0.1788545846939087 
0.06108494848012924 0.7505671977996826 0.18834783136844635 
0.8788779377937317 0.11683876067399979 0.004283357877284288 
0.16559547185897827 0.7996225357055664 0.03478199988603592 
0.7680833339691162 0.2221272885799408 0.009789434261620045 
0.8727535009384155 0.12141457200050354 0.005832022521644831 
0.09610439091920853 0.8550416827201843 0.04885387048125267 
0.009094223380088806 0.330889493227005 0.6600162386894226 
0.007517497055232525 0.2736523449420929 0.7188301682472229 
0.8432695269584656 0.15028703212738037 0.006443463731557131 
0.431466668844223 0.5278220772743225 0.04071122780442238 
0.774831235408783 0.21400097012519836 0.011167829856276512 
0.0036236990708857775 0.1861048936843872 0.8102714419364929 
0.7105333209037781 0.2798120975494385 0.009654629044234753 
0.7433968186378479 0.24766652286052704 0.008936731144785881 
0.505020260810852 0.4790801703929901 0.015899576246738434 
0.8432695269584656 0.15028703212738037 0.006443463731557131 
0.393760085105896 0.5469218492507935 0.059318095445632935 
0.8432695269584656 0.15028703212738037 0.006443463731557131 
0.482570618391037 0.4405881464481354 0.07684123516082764 
0.7300190329551697 0.24880878627300262 0.021172182634472847 
0.8432695269584656 0.15028703212738037 0.006443463731557131 
0.009279445745050907 0.5266321897506714 0.4640883505344391 
0.43924304842948914 0.5051558613777161 0.05560104548931122 
0.07241708785295486 0.8304207921028137 0.09716212004423141 
0.013342306949198246 0.4198840260505676 0.5667736530303955 
0.02610188163816929 0.8309247493743896 0.14297336339950562 
0.8432695269584656 0.15028703212738037 0.006443463731557131 
0.7981337904930115 0.19567541778087616 0.006190779618918896 
0.6896752119064331 0.2995270788669586 0.01079774834215641 
0.8283449411392212 0.15230709314346313 0.019347965717315674 
0.8870657086372375 0.1080748662352562 0.004859416279941797 
0.7286165356636047 0.26072660088539124 0.010656819678843021 
0.09394635260105133 0.8527510762214661 0.05330254137516022 
0.09378590434789658 0.8610063791275024 0.045207660645246506 
0.0034757216926664114 0.19608910381793976 0.8004351854324341 
0.06888041645288467 0.6923317909240723 0.23878784477710724 
0.8429114818572998 0.1506313979625702 0.006457146257162094 
0.004163944162428379 0.43998095393180847 0.5558550953865051 
0.8432695269584656 0.15028703212738037 0.006443463731557131 
0.30421021580696106 0.637024462223053 0.058765340596437454 
0.8125402927398682 0.174929678440094 0.012529972940683365 
