0.0046259863
0.0046259863
0.01601053
0.42867473
0.12118884
0.21610907
0.015413545
0.014222242
0.018370746
0.91709757
0.14453208
0.0091755735
0.014060549
0.01261572
0.03532777
0.012743661
0.01680841
0.7285248
0.49468827
0.013926579
0.01238519
0.10779926
0.014815609
0.014409035
0.017431835
0.014345111
0.5155643
0.0017086796
0.0017086796
0.5379725
0.01601053
0.01918769
0.0010792007
0.0128597
0.51104
0.54067904
0.008448352
0.1459866
0.01601053
0.014983995
0.0011904847
0.06847579
0.5930109
0.0034316983
0.007501992
0.0023729266
0.03733404
0.047400076
0.018818745
0.16647969
0.005942982
0.68046165
0.03733404
0.9389378
0.9390943
0.9140173
0.90457696
0.0862339
0.0019259414
0.01295913
0.013171255
0.0041337935
0.6012902
0.35672212
0.45567557
0.50789434
0.49347094
0.58901006
0.8574193
0.019902086
0.5997217
0.87200785
0.0012908829
0.0047670025
0.0030879306
0.51518506
0.67657095
0.51654863
0.01601053
0.013192344
0.7583555
0.08469541
0.85602033
0.30896717
0.014911069
0.01879681
0.026921524
0.17874984
0.025976194
0.08930687
0.032713775
0.15668519
0.039574604
0.0014899775
0.0015233669
0.029469725
0.0052548973
0.6213803
0.0065147146
0.302198
0.108510345
0.44636303
0.0033672766
0.0030067973
0.001371128
0.01601053
0.008562213
0.19395006
0.028741874
0.02995822
0.018202165
0.0171612
0.014927555
0.029972274
0.37193453
0.036377326
0.006742624
0.6783737
0.0018456235
0.014065278
0.14453208
0.07856243
0.08691951
0.14697021
0.43136308
0.46411642
0.0050606546
0.4992696
0.11720287
0.6468192
0.01601053
0.19720876
0.91136557
0.002521123
0.3805629
0.044144496
0.027170265
0.0056548384
0.0023502354
0.51104
0.54067904
0.14198136
0.011052952
0.67149585
0.8351244
0.0638602
0.054254234
0.00937633
0.04721129
0.5429542
0.0019832617
0.74229527
0.005752464
0.21023187
0.006499335
0.29866117
0.9416761
0.17981437
0.01601053
0.007888586
0.004041787
0.017437892
0.00093524746
0.028393205
0.7722224
0.003240904
0.0032884046
0.057330407
0.7662179
0.009587913
0.0014324839
0.02466178
0.26760766
0.012703294
0.24637035
0.0020938218
0.05426477
0.01601053
0.006846415
0.09342635
0.0023931942
0.0020489553
0.0018599009
0.0033192234
0.00176996
0.01601053
0.0013602101
0.1535896
0.8637255
0.017437892
0.047708638
0.056756616
0.032782834
0.76996404
0.0029420762
0.2736091
0.27808577
0.1973756
0.0011881632
0.025996795
0.04953033
0.94855416
0.7617447
0.76955044
0.0058800047
0.0019000585
0.01601053
0.14453208
0.017437892
0.0032128599
0.19449191
0.01348471
0.92627686
0.0014011858
0.01601053
0.001772781
0.0019156002
0.0014350323
0.03230496
0.68349123
0.025821509
0.08720308
0.008416153
0.09754116
0.008731808
0.00796632
0.41361898
0.21952014
0.21562922
0.029272478
0.55588394
0.7065101
0.5163678
0.72507185
0.4822782
0.4822782
0.02199324
0.10335353
0.01601053
0.032289553
0.0033943942
0.003480731
0.017437892
0.1405263
0.077737086
0.01474764
0.21413979
0.16995193
0.7528855
0.6704886
0.0013941027
0.82740605
0.7769001
0.0017628454
0.017437892
0.5887305
0.5025681
0.015774714
0.0029560765
0.12202784
0.06886779
0.023629805
0.95120645
0.7338088
0.28452414
0.4148971
0.058566052
0.5127791
0.7203974
0.0011572556
0.060929406
0.01601053
0.040894512
0.020805858
0.021713132
0.002820296
0.003784703
0.005919253
0.5012061
0.07011882
0.0063404683
0.103336714
0.0020565516
0.026094746
0.4932084
0.017437892
0.004468535
0.012980006
0.01173813
0.008261414
0.00854131
0.008670857
0.06561683
0.032782834
0.02708569
0.5521279
0.19199468
0.64034855
0.120520286
0.9150864
0.009379532
0.015556534
0.0022292454
0.0020499106
0.020427896
0.0062595126
0.01601053
0.017437892
0.14453208
0.0033745943
0.64075017
0.0050671166
0.2084442
0.0071934303
0.026183903
0.017437892
0.027603652
0.032782834
0.5712571
0.05410831
0.081683904
0.08566842
0.6774681
0.12690829
0.029315589
0.4934753
0.011739999
0.010619356
0.22781906
0.5436547
0.12575588
0.01601053
0.0014178696
0.017437892
0.87580234
0.012272756
0.004930125
0.051174253
0.9387499
0.06590459
0.0496155
0.0669052
0.061304633
0.0014168222
0.027603652
0.01601053
0.0013739379
0.0050671166
0.001999722
0.0015336476
0.025788466
0.64768195
0.12899877
0.031644866
0.0041337935
0.0033117454
0.6373687
0.1616553
0.6250691
0.14321311
0.055773392
0.85992765
0.009923547
0.017437892
0.08732976
0.44711128
0.006846415
0.0012148684
0.7935971
0.070722
0.016171684
0.023861727
0.002024193
0.0050671166
0.017437892
0.07861472
0.008521278
0.0070240027
0.92779857
0.31024656
0.04513302
0.04513302
0.05574729
0.09084782
0.4877708
0.46536374
0.2552246
0.0010898862
0.004224657
0.065068156
0.008818849
0.01601053
0.0008011644
0.14453208
0.09441802
0.030975735
0.030975735
0.015324233
0.009575205
0.014221755
0.10469324
0.0927415
0.0015115517
0.43504137
0.1148575
0.8491167
0.014221755
0.022590593
0.62757814
0.03230496
0.027603652
0.0017960914
0.002885629
0.08056058
0.03061692
0.027603652
0.019668248
0.23324978
0.027177447
0.01655422
0.025908737
0.0047024945
0.77641886
0.0018949185
0.75100714
0.001161794
0.41586974
0.45209256
0.44512406
0.40218905
0.7329593
0.0023882384
0.001156184
0.01601053
0.017437892
0.007425095
0.2507224
0.03498399
0.35483566
0.013356614
0.06939403
0.013183801
0.021181697
0.00081264484
0.20243803
0.5680622
0.03814234
0.2783087
0.01601053
0.017437892
0.80418223
0.8795122
0.043876458
0.00863007
0.0009057666
0.0024533905
0.00420657
0.030339727
0.0013713407
0.026687546
0.12275942
0.0017944676
0.0012845497
0.03785576
0.028761175
0.14937888
0.88598704
0.84560657
0.0048656752
0.01601053
0.00416662
0.017437892
0.08228848
0.027453128
0.020805858
0.021188505
0.08672349
0.80294293
0.9325414
0.31018594
0.01433916
0.0015851106
0.8372994
0.013727323
0.08595091
0.35591432
0.20757782
0.6208538
0.0076599903
0.07276684
0.008601951
0.0076599903
0.05904926
0.0788843
0.43799728
0.026030075
0.13380225
0.007355485
0.011349578
0.4923608
0.88620925
0.4674519
0.001181683
0.0013508277
0.022981433
0.016771305
0.0012350051
0.6179748
0.91188127
0.01601053
0.024778627
0.52587706
0.104719944
0.008618796
0.091350846
0.016452096
0.00737192
0.020805858
0.060049683
0.14453208
0.22471777
0.22471777
0.0048738155
0.025158541
0.9504747
0.04040488
0.6180317
0.31049415
0.031255934
0.23386742
0.024759011
0.013558572
0.0019005848
0.014591722
0.01227664
0.15199098
0.002123121
0.2113741
0.007065079
0.0077405153
0.007183387
0.007128084
0.009243898
0.0075412947
0.01239406
0.3309396
0.0026027784
0.24355288
0.042362563
0.0050671166
0.0050671166
0.039920665
0.034488074
0.798391
0.8359096
0.0024032483
0.4101737
0.0035985203
0.0043847105
0.1493967
0.04435429
0.01601053
0.017437892
0.20442386
0.29916066
0.01736499
0.004268831
0.42582542
0.002758435
0.83255154
0.026604256
0.017437892
0.7364271
0.002603559
0.26893538
0.5075838
0.33748704
0.05709476
0.0033284125
0.030462803
0.031715043
0.04328583
0.6143933
0.25733662
0.04637854
0.038989693
0.0019274584
0.032782834
0.8747352
0.08319002
0.065506294
0.019687682
0.022478674
0.0024209542
0.01601053
0.004063672
0.7761966
0.1172697
0.017437892
0.78335905
0.004495495
0.005307723
0.052653935
0.007342365
0.47568336
0.0016725891
0.115740985
0.35584205
0.015719423
0.83654714
0.008782377
0.06735689
0.0015119003
0.013713529
0.035179228
0.001978677
0.009494721
0.8132522
0.022793815
0.006166851
0.09960102
0.106899135
0.8734763
0.043409463
0.011605702
0.41209215
0.035678927
0.025673702
0.025673702
0.025673702
0.025673702
0.025673702
0.025673702
0.030309133
0.025673702
0.025673702
0.025673702
0.025673702
0.036018983
0.0382589
0.13627718
0.12837222
0.1896751
0.20643081
0.0048617255
0.01601053
0.017437892
0.026405394
0.00781963
0.003427118
0.8515252
0.288802
0.005213994
0.14453208
0.9171246
0.0008699547
0.16249342
0.017437892
0.0031292357
0.47542256
0.0073534166
0.006676308
0.0031205914
0.0023790223
0.05979792
0.020664047
0.0031493416
0.011642878
0.17787173
0.025696674
0.05426477
0.5616188
0.06963722
0.019497788
0.24234311
0.059047826
0.007838832
0.05444208
0.02976246
0.639503
0.0011490991
0.0036331504
0.17961912
0.11392159
0.67472464
0.0016738098
0.80466187
0.105058864
0.048540898
0.009415778
0.5321739
0.5288875
0.0119329365
0.0323175
0.01601053
0.021465203
0.013378009
0.009184435
0.0022187915
0.40265208
0.40265208
0.063724235
0.057097293
0.056558736
0.03785391
0.031399973
0.017437892
0.5174858
0.03785391
0.70738184
0.6297697
0.0027829974
0.021594819
0.015544714
0.49033186
0.6566903
0.6801728
0.12535875
0.63206905
0.011809718
0.7162056
0.034034092
0.40749112
0.01601053
0.10968416
0.9280245
0.0037030387
0.045258828
0.37314963
0.6388476
0.035026927
0.035212066
0.00917123
0.017437892
0.033990763
0.006330057
0.0045389254
0.01601053
0.34041816
0.43804118
0.5533001
0.21830687
0.011044193
0.14453208
0.1651838
0.0019209225
0.04820602
0.10002941
0.8005017
0.106177844
0.3107691
0.4199457
0.08799977
0.12819935
0.6392768
0.004577335
0.014762512
0.031439893
0.013685486
0.072494954
0.021371575
0.6172028
0.77673507
0.0057386546
0.014002054
0.073362745
0.093022816
0.008627447
0.03524101
0.02138018
0.023030596
0.01601053
0.014457345
0.039887484
0.21962816
0.10147449
0.48282248
0.2733093
0.8691716
0.017437892
0.38386917
0.37183374
0.37183374
0.7495269
0.33822998
0.024261137
0.9374171
0.72561437
0.022625217
0.01601053
0.0021825472
0.74627835
0.19336502
0.0718393
0.07043456
0.0718393
0.07148704
0.06232467
0.14996555
0.017437892
0.06948049
0.06948049
0.069745235
0.065786764
0.05961536
0.07245677
0.07245677
0.07388543
0.0020636567
0.07388543
0.07349644
0.8978073
0.06349075
0.05722844
0.09636308
0.6060381
0.1428381
0.8301119
0.024511632
0.01601053
0.07155947
0.07155947
0.07616179
0.07338528
0.07338528
0.3207422
0.8948149
0.009551148
0.73303
0.48034412
0.88248205
0.0042919596
0.045049008
0.009087178
0.01601053
0.0034955558
0.07288624
0.027404465
0.8655791
0.34813473
0.03289187
0.0009444015
0.30052498
0.0018324648
0.016651394
0.024498926
0.049762998
0.01601053
0.2144901
0.6566784
0.033990763
0.12928313
0.8306778
0.020076307
0.062455002
0.028376427
0.009171062
0.802015
0.01601053
0.06219117
0.25789005
0.08188569
0.01601053
0.057280786
0.02142858
0.0032222744
0.35807705
0.0029194371
0.006658613
0.14453208
0.49449837
0.139949
0.0076060346
0.0076060346
0.0076060346
0.5697181
0.3070446
0.41565707
0.53585666
0.4481107
0.01601053
0.040497504
0.3951241
0.50394094
0.009171062
0.0013319893
0.080855854
0.071350425
0.64962184
0.37395027
0.30408376
0.6924088
0.66159284
0.071350425
0.071350425
0.071350425
0.071350425
0.071350425
0.071350425
0.0042437976
0.71904683
0.68773645
0.75694627
0.14006814
0.53591764
0.01601053
0.053474005
0.23358026
0.2126782
0.3592522
0.34366804
0.34366804
0.65785116
0.009171062
0.0414877
0.4546469
0.28847292
0.01601053
0.17830296
0.05368239
0.05015411
0.01678114
0.0013784549
0.5431645
0.0048134457
0.00945827
0.013757353
0.0332238
0.0012325306
0.0015141435
0.7317163
0.039378442
0.14215918
0.0023756141
0.024511632
0.054674726
0.0012717738
0.43911538
0.0014661093
0.6968881
0.0018206814
0.0010151315
0.0011566847
0.0023116728
0.0016398154
0.01601053
0.2633958
0.94562453
0.004086945
0.0009803368
0.00088153256
0.0026458767
0.0025315396
0.004579031
0.0023099335
0.0010735355
0.0011774118
0.0011774118
0.0035355727
0.10442291
0.001249708
0.0018901805
0.09701065
0.6693968
