0.018577121
0.50547844
0.83186096
0.025095178
0.06425549
0.01660625
0.064865634
0.029151494
0.029151494
0.029151494
0.029151494
0.029151494
0.029151494
0.029151494
0.029151494
0.029151494
0.029151494
0.24190807
0.784529
0.4903533
0.8632629
0.0008270882
0.4116872
0.03208246
0.019487023
0.14453208
0.0021719942
0.14453208
0.16419777
0.031889983
0.050879475
0.025107868
0.034521613
0.0010614337
0.0019137819
0.033066574
0.030904936
0.031146353
0.036190465
0.65553916
0.68681693
0.13878655
0.0044875285
0.0044875285
0.0044875285
0.0044875285
0.0044875285
0.0044875285
0.0044875285
0.52323633
0.1278113
0.22131808
0.033313576
0.008247399
0.65403396
0.20395914
0.0017241132
0.0031505364
0.06882993
0.027777541
0.0020348884
0.015146936
0.64576834
0.04907578
0.83783203
0.85711074
0.0037495433
0.008030068
0.027610533
0.82493377
0.7850961
0.51104
0.13005875
0.02891388
0.5100109
0.47284904
0.0037495433
0.0037495433
0.08011975
0.0028377252
0.037867375
0.0037495433
0.0037495433
0.0037495433
0.0037495433
0.0037495433
0.0037495433
0.0037495433
0.55194163
0.8629824
0.814702
0.033955444
0.04515899
0.14453208
0.0020938218
0.9246172
0.0011819372
0.38994753
0.002044289
0.0022803626
0.033027314
0.56574917
0.3993743
0.0023931942
0.0037495433
0.010471492
0.6204007
0.0083450945
0.050896384
0.26469573
0.002593118
0.18656942
0.0049883923
0.31910068
0.2860874
0.1412967
0.6012053
0.011109311
0.005840289
0.50023085
0.05832635
0.037791383
0.02011039
0.02011039
0.02011039
0.02011039
0.02011039
0.02011039
0.022218099
0.02011039
0.02011039
0.02011039
0.0010781187
0.7161396
0.7038199
0.7398469
0.010617264
0.91946244
0.010563619
0.16376041
0.9058425
0.0024649615
0.15174909
0.30789578
0.39767453
0.77067566
0.6787135
0.6787135
0.0037495433
0.7442694
0.7810969
0.00082056475
0.0009334507
0.000952587
0.0008209196
0.0008905472
0.00077483885
0.0008067439
0.0008010455
0.0008315258
0.00083431083
0.0009032408
0.0037495433
0.0037495433
0.0037495433
0.0037495433
0.0037495433
0.0037495433
0.0037495433
0.0037495433
0.0037495433
0.0037495433
0.1359399
0.3390591
0.005888264
0.009603275
0.068046965
0.24423334
0.27261537
0.53313
0.065536514
0.14453208
0.07436658
0.13799055
0.0051526446
0.021321172
0.0012897865
0.0027607211
0.0037495433
0.005268293
0.38807508
0.0018707019
0.02200873
0.017007416
0.57111436
0.5594765
0.034376428
0.033135228
0.033135228
0.033135228
0.0037495433
0.27203047
0.4294807
0.79601616
0.0037495433
0.4905695
0.0037495433
0.0037495433
0.0037495433
0.0037495433
0.0037495433
0.0037495433
0.0037495433
0.0037495433
0.0037495433
0.24237253
0.037004035
0.1709417
0.6540728
0.0049441406
0.008640685
0.0114203505
0.17223889
0.58611214
0.002918626
0.008579397
0.89989966
0.0047160224
0.061331414
0.19346894
0.49403334
0.55909437
0.0037495433
0.9201666
0.03999336
0.9193491
0.7996766
0.0138252275
0.22276819
0.007169909
0.320075
0.036920886
0.4815378
0.0049077026
0.0037495433
0.021150049
0.0021010246
0.7284813
0.41498798
0.7247988
0.6617132
0.0037495433
0.053983297
0.24142726
0.08979459
0.31344652
0.0046780533
0.0037495433
0.0037495433
0.0037495433
0.0037495433
0.0037495433
0.0037495433
0.0037495433
0.0037495433
0.0037495433
0.0037495433
0.0037495433
0.0037495433
0.0037495433
0.23521467
0.42720243
0.8277674
0.5180746
0.76152575
0.0015944915
0.019410944
0.18285312
0.062159985
0.4069472
0.0037495433
0.0032297364
0.0011583886
0.7057677
0.09881361
0.07309663
0.14453208
0.121884994
0.42167482
0.33211288
0.0012773344
0.12193605
0.073692106
0.00094389677
0.00078418106
0.00084457843
0.00081066845
0.00085609575
0.0008045344
0.0008236394
0.00076028705
0.0009355667
0.0007943022
0.00084696367
0.00082731375
0.00080880773
0.0009482632
0.0009055917
0.0008071043
0.0007643154
0.000988718
0.00094959774
0.92756605
0.7580786
0.79510975
0.09045886
0.6446616
0.0037495433
0.0037495433
0.0037495433
0.0037495433
0.0037495433
0.0037495433
0.0037495433
0.0037495433
0.0037495433
0.34103876
0.76309437
0.76309437
0.0021851684
0.0018886904
0.74533015
0.50249755
0.7716827
0.020446662
0.6774131
0.005966337
0.013612734
0.3660355
0.68020505
0.6762963
0.69247395
0.7131079
0.7973848
0.7057677
0.0037495433
0.3518932
0.85232097
0.016572094
0.52053344
0.9537355
0.3009225
0.3056359
0.0032550315
0.01601053
0.06464627
0.55488354
0.70826805
0.40556756
0.34883186
0.7957832
0.75438774
0.8312683
0.7957832
0.75438774
0.049155954
0.0032550315
0.0032550315
0.0032550315
0.0032550315
0.0032550315
0.0032550315
0.0032550315
0.0032550315
0.0032550315
0.0032550315
0.7219988
0.0068564923
0.7160988
0.76257503
0.056369293
0.3621888
0.6211073
0.0022675772
0.004564241
0.011872504
0.6551297
0.0056873886
0.17820618
0.05951919
0.036057528
0.0032550315
0.0032550315
0.73271066
0.5180627
0.71008676
0.010674644
0.019501096
0.009612805
0.7971834
0.1904098
0.14366819
0.022214962
0.016689483
0.7414915
0.021369064
0.6786453
0.040009182
0.007854132
0.021474395
0.043938376
0.90405947
0.017691044
0.0011540956
0.21760514
0.68307954
0.5490438
0.0032550315
0.68411094
0.0032550315
0.0032550315
0.0032550315
0.070358515
0.0032550315
0.0032550315
0.0032550315
0.0032550315
0.60336715
0.0032550315
0.0032550315
0.0060646026
0.016625766
0.66247433
0.12501527
0.22797062
0.0015683867
0.63587475
0.0009566684
0.20067674
0.0025121646
0.6275962
0.001980402
0.026034726
0.009940415
0.007691545
0.5834656
0.015311455
0.005767198
0.4641786
0.75816953
0.4276092
0.18024644
0.044962823
0.19163921
0.30023855
0.0032550315
0.0032550315
0.6155349
0.13509926
0.80256987
0.1451269
0.520038
0.6581428
0.030440597
0.4980776
0.046362292
0.19875814
0.42184427
0.0025978643
0.4248288
0.0052361623
0.1535669
0.14453208
0.41074622
0.004733532
0.15088364
0.33750796
0.04308758
0.011418181
0.079463415
0.0111295525
0.005311431
0.12511078
0.95226496
0.015599628
0.0032550315
0.0032550315
0.0032550315
0.0032550315
0.0032550315
0.0032550315
0.008269149
0.091355905
0.91035736
0.49191368
0.5890315
0.49177977
0.49971306
0.010225607
0.0657511
0.13392733
0.09111258
0.0015103619
0.0050732903
0.024879703
0.0032550315
0.0032550315
0.0065754475
0.07892455
0.005766257
0.27002743
0.80446655
0.12092143
0.3464811
0.7493188
0.38191086
0.5281559
0.002785144
0.08053599
0.0067412164
0.046874277
0.0063915276
0.0032550315
0.0032550315
0.0032550315
0.0032550315
0.0032550315
0.0032550315
0.0032550315
0.872221
0.90557593
0.0020132612
0.5503327
0.09646768
0.68464005
0.12756842
0.0011477458
0.0049586683
0.0026398122
0.69489336
0.28074032
0.09920811
0.0022956887
0.60590374
0.003359658
0.003359658
0.0032550315
0.0032550315
0.003868403
0.0035420184
0.81759363
0.46580148
0.008824143
0.45234248
0.0018402686
0.5728605
0.11112702
0.26137432
0.4020467
0.8439687
0.031014746
0.0014956156
0.0032550315
0.0032550315
0.0032550315
0.0032550315
0.0032550315
0.0032550315
0.0032550315
0.0032550315
0.37697226
0.12179431
0.015314038
0.0026535925
0.0012941315
0.25098398
0.060985524
0.81309575
0.020158948
0.0032550315
0.0027778023
0.40764475
0.0015203577
0.008459051
0.048217285
0.06663759
0.015066104
0.14453208
0.09895912
0.006463177
0.0041584084
0.0516131
0.5759796
0.11960411
0.07269336
0.11619168
0.0032550315
0.0032550315
0.0032550315
0.0032550315
0.0032550315
0.0032550315
0.0032550315
0.0032550315
0.0032550315
0.0032550315
0.6356343
0.0023489464
0.017282618
0.0052056364
0.03299389
0.28972876
0.015831213
0.03384669
0.8110729
0.75710595
0.03952507
0.0013340141
0.5716965
0.49705556
0.09851313
0.63379246
0.003618607
0.7603047
0.95258766
0.01803567
0.46795207
0.09808071
0.017705604
0.020571511
0.5132494
0.02672261
0.0341495
0.031644866
0.04513302
0.03703495
0.11134923
0.74614733
0.08761516
0.012049167
0.36901018
0.0024765462
0.0016211022
0.7603047
0.006846415
0.46884683
0.7603047
0.7603047
0.89418423
0.6515667
0.022428174
0.020571511
0.83746886
0.5411431
0.64356464
0.17531419
0.6648228
0.69240636
0.9501493
0.04852331
0.005381552
0.05034761
0.028402345
0.028402345
0.028402345
0.028402345
0.028402345
0.028402345
0.028402345
0.028402345
0.028402345
0.27594063
0.81217855
0.013399295
0.037887096
0.19252512
0.037887096
0.04059421
0.8787328
0.032418318
0.080465786
0.5166693
0.3275363
0.0112041095
0.021337554
0.6536121
0.5045651
0.0062615783
0.64012
0.0020938218
0.026644059
0.0035795076
0.059645336
0.0357052
0.018541537
0.30314493
0.019648459
0.019648459
0.8427545
0.39987075
0.0023931942
0.005970103
0.4080252
0.025115088
0.0019875732
0.54875267
0.2965631
0.53125066
0.353268
0.93976194
0.71705645
0.019648459
0.019648459
0.019648459
0.019648459
0.019648459
0.019648459
0.019648459
0.020036172
0.5607262
0.8722773
0.013405841
0.90324754
0.86048716
0.7872036
0.0872009
0.0025768399
0.16715787
0.045752835
0.24274206
0.019648459
0.019648459
0.019648459
0.036843177
0.02870921
0.18011299
0.23706393
0.032203656
0.22014573
0.0183625
0.0077583753
0.15241857
0.0071210503
0.7441848
0.027131876
0.08068005
0.0136093255
0.0048633683
0.020199008
0.8423888
0.2946206
0.024981461
0.047486577
0.014694921
0.019648459
0.019648459
0.019648459
0.019648459
0.019648459
0.019648459
0.019648459
0.053007007
0.010020436
0.40072587
0.053217877
0.7081191
0.09270915
0.025065588
0.08546512
0.0136329895
0.17607541
0.2829316
0.07039446
0.07767179
0.15473054
0.02907955
0.011883627
0.0024963033
0.34797677
0.597931
0.7961582
0.020571511
0.019648459
0.0013443498
0.0066407328
0.04326649
0.17351224
0.7027565
0.047885302
0.006470577
0.44512406
0.39287588
0.55869657
0.002325494
0.02097999
0.023372086
0.011431484
0.019751845
0.004500539
0.019988963
0.019648459
0.019648459
0.019648459
0.019648459
0.019648459
0.86625695
0.0046710307
0.097043104
0.93274856
0.6382411
0.001483639
0.0015142568
0.584595
0.016601257
0.002909887
0.010510298
0.019648459
0.019648459
0.5542056
0.04796631
0.030544503
0.04746069
0.04009617
0.06922057
0.027126035
0.014367389
0.012049393
0.0041337935
0.0041337935
0.0041337935
0.0041337935
0.0041337935
0.012102307
0.17895883
0.05036585
0.0028852443
0.7090291
0.14453208
0.14912893
0.69759953
0.13655764
0.0015588808
0.0036367243
0.3033788
0.58596027
0.084046125
0.0012819868
0.27310506
0.0031607999
0.0031607999
0.0031607999
0.0031607999
0.0031607999
0.0031607999
0.0031607999
0.0031607999
0.0059853257
0.0059853257
0.0059853257
0.0059853257
0.07580343
0.7472772
0.0884681
0.004038662
0.0028767544
0.0018101705
0.32442367
0.04468086
0.0035306022
0.045281317
0.0035856988
0.31268892
0.0036061094
0.04916727
0.046917804
0.013293707
0.014753574
0.12174699
0.020571511
0.019648459
0.56382763
0.00316512
0.23053823
0.76561004
0.84407216
0.7623826
0.06722285
0.1554699
0.37412572
0.0011793984
0.83706397
0.050578717
0.0009745728
0.0046259863
0.0046259863
0.0046259863
0.0046259863
0.0046259863
0.0046259863
0.0046259863
0.0046259863
0.0046259863
0.0065838057
0.040541362
0.0020481257
0.0028329107
0.81201154
0.5304342
0.20031995
0.12352576
0.0047634756
0.5560757
0.04513302
0.07937659
0.82031393
0.4872118
0.15425476
0.019648459
0.058281016
0.25904492
0.025029372
0.94141865
0.009648478
0.5406844
0.022183979
0.009548996
0.0026918412
0.019648459
0.019648459
0.019648459
0.019648459
0.020036172
0.019648459
0.019648459
0.9422198
0.016929608
0.28265974
0.0044269217
0.015749613
0.025807891
0.10880475
0.029819831
0.06817452
0.03195572
0.7824577
0.019203678
0.6780441
0.006846415
0.07990898
0.016077926
0.031536154
0.49886128
0.39656097
0.20415758
0.037383396
0.0472343
0.60523564
0.02379167
0.41705278
0.14453208
0.0041337935
0.0041337935
0.0041337935
0.0041337935
0.0041337935
0.0041337935
0.0041337935
0.0041337935
0.0013344466
0.9278495
0.9232052
0.019648459
0.019648459
0.019648459
0.019648459
0.019648459
0.019648459
0.019648459
0.019648459
0.019648459
0.02982443
0.04102773
0.030447021
0.0033847261
0.011488585
0.8408629
0.13878655
0.0033053553
0.6037389
0.6497721
0.058933236
0.06380457
0.019648459
0.11692038
0.012141969
0.6594073
0.10147682
0.1042673
0.7502616
0.008075026
