0.04539054
0.23613025
0.05280356
0.0022436394
0.013729637
0.86553323
0.04658592
0.084095255
0.077918455
0.85948235
0.00977112
0.016294494
0.48938403
0.017973432
0.042337544
0.047964655
0.01475135
0.0076910187
0.029105898
0.0028519186
0.08491103
0.013658291
0.0045414465
0.26204237
0.028011993
0.5940913
0.01877224
0.01777033
0.0025896248
0.025950905
0.009208564
0.013692248
0.018301163
0.0061465586
0.0021897466
0.69599384
0.048860095
0.021988418
0.0048095784
0.72825956
0.0054116845
0.018834937
0.05371065
0.0065895924
0.86625886
0.012374772
0.06898383
0.018285722
0.774489
0.014867614
0.099092826
0.002297629
0.012487941
0.045439735
0.050877452
0.028523952
0.0069452203
0.015390075
0.018678907
0.8960868
0.046358936
0.046358936
0.046358936
0.046358936
0.046358936
0.003429904
0.010292832
0.025013363
0.026926741
0.06517091
0.003085126
0.053613313
0.019802235
0.00615468
0.004439578
0.0068311174
0.006972505
0.028113928
0.01668749
0.002930616
0.012807073
0.044674184
0.033532355
0.00641866
0.059981845
0.0060219145
0.03083337
0.0025396268
0.011189324
0.003329302
0.004544081
0.029372323
0.0058559864
0.01708337
0.26329473
0.016891165
0.014057323
0.029016586
0.053462896
0.5766019
0.0035008856
0.0634301
0.008491017
0.81398225
0.008189635
0.0034036872
0.1461867
0.01668749
0.002537242
0.0027844205
0.01331543
0.86822826
0.008148057
0.020704681
0.025777644
0.03736874
0.029722333
0.01775786
0.018494569
0.004389804
0.014159169
0.03614319
0.06478978
0.008540735
0.012738077
0.0075393966
0.026249923
0.010123713
0.0031891596
0.055843
0.010523143
0.25955436
0.03194638
0.0023794873
0.007363703
0.0022480174
0.006019151
0.10227899
0.013196252
0.30739442
0.011504953
0.010225357
0.18348384
0.063786395
0.0146659855
0.025160596
0.8687677
0.00612922
0.025405847
0.027744757
0.16350658
0.049977478
0.10133897
0.012610406
0.044184823
0.6981249
0.009432713
0.6957717
0.007264314
0.04007862
0.017951751
0.73804516
0.8840661
0.0405138
0.102903455
0.015609866
0.021134276
0.007148944
0.018585172
0.051138714
0.46804982
0.10402582
0.005046563
0.009145423
0.03549755
0.02880433
0.03925177
0.010128076
0.57537615
0.112435356
0.03925177
0.14131466
0.009911284
0.008952007
0.0047347853
0.0530121
0.014215079
0.006548584
0.018821497
0.015986841
0.040978074
0.012425691
0.007934344
0.014477698
0.00326057
0.87407756
0.017579062
0.0037386438
0.008047551
0.045946598
0.013848003
0.016251698
0.020462614
0.070228696
0.9112354
0.03888822
0.057473775
0.045831878
0.0073258015
0.02657453
0.012705404
0.0027649505
0.005199009
0.0056397556
0.0056397556
0.0060206475
0.25562143
0.0062676305
0.015095749
0.030737001
0.014449349
0.0048429947
0.00782002
0.04039763
0.38715553
0.016473917
0.25136235
0.0033071977
0.3322647
0.0075240964
0.02410972
0.002657854
0.9053182
0.0058166063
0.0060414793
0.6766852
0.35064533
0.03358347
0.105065115
0.05901229
0.0035719317
0.0137466015
0.033197947
0.009127519
0.95517504
0.053340763
0.05291789
0.36690435
0.027199525
0.044974398
0.6472462
0.89012194
0.8475444
0.9146123
0.8938062
0.016004039
0.009349353
0.019815644
0.015091655
0.8497808
0.4081404
0.010353096
0.0022865962
0.0037288438
0.011809199
0.023392562
0.013997633
0.016332665
0.019385546
0.0058817854
0.005794516
0.021512788
0.057531532
0.002170453
0.020146271
0.0043477323
0.003701594
0.014788383
0.006368012
0.05084601
0.014195365
0.059146367
0.19239001
0.020382995
0.12462073
0.7190224
0.0045748893
0.005258761
0.019703532
0.0117233535
0.009060861
0.84020865
0.72825956
0.021213006
0.03214966
0.02402645
0.0074537257
0.24762811
0.024338901
0.019385546
0.026940262
0.059981845
0.07907008
0.0039074537
0.123867616
0.008378981
0.029408438
0.019536115
0.003201532
0.019963937
0.06763885
0.025191259
0.00417839
0.07390905
0.075972825
0.0024347042
0.008029448
0.14070266
0.039367024
0.17427133
0.03053546
0.9553831
0.032316476
0.008203186
0.0036779472
0.66855943
0.12186338
0.5706359
0.021102056
0.008160111
0.007972216
0.0053280313
0.03624512
0.00379013
0.011581833
0.0058412184
0.008518185
0.018355567
0.017196666
0.8528051
0.01493147
0.0065816506
0.008160111
0.008199164
0.6476063
0.003905165
0.015608725
0.02481631
0.02204937
0.0044838917
0.02980745
0.16163547
0.03879265
0.024947025
0.049138952
0.0048909853
0.019613108
0.0097823
0.018915018
0.006396878
0.010749404
0.009879001
0.0112832105
0.020733198
0.032868132
0.058434285
0.6955983
0.01667549
0.01007871
0.0039374186
0.010159442
0.012804901
0.003617165
0.3252204
0.017424406
0.013989263
0.013682885
0.013738418
0.4499427
0.005387596
0.026243363
0.07524477
0.020217283
0.14072853
0.10012291
0.0051696594
0.009347185
0.2891433
0.02021055
0.012261546
0.0692882
0.56705016
0.0051788213
0.010208558
0.009507509
0.041746438
0.0045196386
0.01196913
0.0022148113
0.0066630887
0.0081250565
0.025978958
0.0862509
0.032123625
0.04006169
0.013908477
0.7691133
0.045432966
0.0076639685
0.8860512
0.13377304
0.0037047868
0.79991907
0.060982533
0.028011993
0.02331877
0.015608626
0.15595855
0.110689975
0.010768586
0.12361352
0.016977986
0.009454425
0.020251404
0.047714368
0.007934636
0.9709073
0.04699837
0.002756636
0.002756636
0.049840633
0.015301182
0.011592991
0.0041381647
0.040000707
0.007704784
0.10041349
0.011717487
0.0029763265
0.091392666
0.81099296
0.012893649
0.9059593
0.0024944553
0.01593663
0.015555981
0.007930441
0.0067773373
0.62816375
0.0022590852
0.0058332575
0.0751502
0.003958283
0.009672563
0.0017581102
0.009265233
0.0065521714
0.008119703
0.34852135
0.49663743
0.03630944
0.032673642
0.005435409
0.002042521
0.020814193
0.007887944
0.005614156
0.0778345
0.005332731
0.01749359
0.017140126
0.010786484
0.0061216196
0.013489664
0.014314064
0.05181501
0.07063292
0.00806161
0.087209605
0.46382505
0.021174446
0.022004977
0.010171831
0.007866482
0.0063841003
0.003471179
0.010961966
0.0064701983
0.22759959
0.033355717
0.17833188
0.03418133
0.027118243
0.021024011
0.0221975
0.019555395
0.0056499355
0.35736886
0.0032803377
0.004511877
0.0043716077
0.039120656
0.15524109
0.02049778
0.027414763
0.036570366
0.02449442
0.045937207
0.8558413
0.040664613
0.009394267
0.0121571245
0.0021038176
0.01421339
0.8281805
0.98047733
0.48557067
0.09051858
0.16696578
0.012132706
0.023869693
0.049011573
0.17709462
0.012859472
0.86384314
0.02335564
0.057632864
0.008294906
0.007737785
0.8644709
0.003349967
0.8194002
0.91449344
0.0025935941
0.26172343
0.007984513
0.0108318
0.026635425
0.47714663
0.0054886057
0.2385068
0.020121804
0.020427696
0.0139069995
0.0034769417
0.006156368
0.02499514
0.059981845
0.8727773
0.028258836
0.005886383
0.0054112375
0.0062580956
0.0054968763
0.0027837348
0.0024769728
0.008133458
0.0051597552
0.0040504765
0.8637549
0.030155208
0.0023021444
0.029491285
0.019579848
0.123824075
0.24900557
0.021679102
0.31805965
0.9165154
0.065515466
0.0076490706
0.18721606
0.013285406
0.015197174
0.24407215
0.016414862
0.008014252
0.89793175
0.74373263
0.013844761
0.030204942
0.4439827
0.09068877
0.14410745
0.008992853
0.4544754
0.0096268775
0.00819551
0.0026593085
0.0031932
0.009482801
0.006482641
0.05843921
0.013464196
0.019451696
0.046940938
0.84370655
0.016235318
0.5175382
0.004279933
0.0072689923
0.00565223
0.018754508
0.11148159
0.9821346
0.0030548333
0.07184213
0.071640626
0.00880423
0.72825956
0.035741657
0.01368551
0.2121573
0.008057342
0.016883532
0.05969202
0.014745666
0.09260415
0.113844894
0.0058116848
0.017981289
0.0048742266
0.25281897
0.030346714
0.013637124
0.0143838385
0.12487729
0.0160078
0.007947438
0.03177343
0.023693914
0.0019654275
0.043476786
0.7236756
0.095895916
0.0042143795
0.0034022052
0.023591276
0.04890423
0.8446789
0.005237274
0.0033657155
0.0018730734
0.0111096995
0.021131339
0.0063627204
0.009696919
0.0057632914
0.021775456
0.0027374118
0.0034120525
0.038621865
0.0021739553
0.059981845
0.007672783
0.0034325179
0.030012965
0.01860283
0.01860283
0.018960655
0.3526043
0.0077953567
0.012448297
0.22104909
0.021820713
0.14984722
0.822174
0.096433885
0.003536999
0.0045329975
0.0030053519
0.31128472
0.008196706
0.051664416
0.01926764
0.025024047
0.0051840306
0.051619362
0.7518272
0.057117116
0.20539135
0.013017918
0.0058353595
0.0031007428
0.47992268
0.015042352
0.4856154
0.2335789
0.9205179
0.9205179
0.9150833
0.20300935
0.010334965
0.02241732
0.0045714653
0.0027305933
0.14759214
0.016010292
0.06625354
0.013384899
0.07392549
0.2605152
0.020670015
0.9152594
0.13824823
0.012264
0.6764073
0.10193254
0.8091
0.31870615
0.012737905
0.006078269
0.005992952
0.00845396
0.0036996803
0.01776188
0.0038248647
0.02122739
0.028561184
0.0030890408
0.01474825
0.025858738
0.31467432
0.0025391597
0.78599393
0.07953328
0.005197544
0.012192948
0.020680448
0.028011993
0.27321166
0.0070722755
0.012583146
0.10754882
0.003881252
0.12103873
0.004186674
0.11170701
0.77146614
0.010439055
0.0025867575
0.008620399
0.36646464
0.003397139
0.0040032268
0.006492109
0.101701766
0.34851104
0.02928419
0.008681856
0.002376341
0.025169743
0.0028683224
0.00435553
0.3423757
0.002606865
0.0057454244
0.033045184
0.31753534
0.21043839
0.9250714
0.015646052
0.0033476062
0.012605303
0.012753679
0.027915107
0.009784005
0.014331111
0.11317554
0.028563369
0.059981845
0.03518449
0.38095272
0.005069864
0.0030989277
0.03991424
0.003812731
0.003725369
0.011841995
0.06212469
0.33094284
0.4411663
0.04091423
0.010928314
0.12184254
0.008604265
0.010605307
0.008905867
0.003506739
0.17697781
0.022138469
0.008919989
0.022375917
0.017258998
0.003116978
0.047839597
0.9349331
0.0034582664
0.013929508
0.13888563
0.0064452826
0.0069990065
0.020560496
0.0725835
0.7390577
0.03529317
0.008737523
0.014297416
0.021081073
0.0028683224
0.0856668
0.024325252
0.024749143
0.024416305
0.034407906
0.050449546
0.0030549387
0.044268046
0.021031182
0.078146614
0.0031369408
0.008961259
0.038995694
0.0035824948
0.027738685
0.03542245
0.98089796
0.008279778
0.010972117
0.002203673
0.0074565075
0.011455423
0.21158163
0.00902472
0.0032928702
0.0020164156
0.0074484074
0.044820555
0.27953628
0.09757837
0.0040137023
0.0030890408
0.020570107
0.033372972
0.06072366
0.016503058
0.0018884108
0.0028683224
0.89872676
0.06391251
0.040854633
0.0021517812
0.0028683224
0.0021517812
0.0018364213
0.52130675
0.0073242434
0.0042516044
0.005289321
0.813301
0.0046582944
0.00458461
0.021673266
0.015642114
0.015543048
0.0029583105
0.035624314
0.002290104
0.16304941
0.008585586
0.021100778
0.20804746
0.032027446
0.29408503
0.0064371573
0.025971351
0.004152257
0.008669915
0.026250454
0.0020342362
0.0071916124
0.13162525
0.0019059847
0.01625227
0.010736186
0.005637674
0.9749145
0.012578051
0.0077601383
0.29552534
0.08838986
0.006358313
0.00259135
0.30956697
0.030008778
0.018605275
0.039683066
0.05000763
0.020222012
0.0067207413
0.007644585
0.0040029273
0.025384745
0.002155418
0.022053977
0.0046778284
0.0027753508
0.0031889454
0.007149964
0.0069248355
0.057531532
0.00210446
0.05726217
0.30171186
0.31528702
0.05531578
0.0018434377
0.016344834
0.08023048
0.03538011
0.014327574
0.0025084578
0.07514923
0.030288754
0.004194279
0.035092354
0.02962001
0.025306026
0.022479372
0.024586335
0.0028074102
0.012156478
0.002727639
0.12487141
0.025088316
0.033404943
0.006130986
0.010855261
0.0023203988
0.088669404
0.07946585
0.0054068486
0.0028028903
0.0077091735
0.0071577756
0.84208083
0.005988026
0.007920505
0.006373851
0.029704135
0.392068
0.008396341
0.004129252
0.015672414
0.018893918
0.070302635
0.04357916
0.88641894
0.043942597
0.014844286
0.039988983
0.0026616275
0.019274523
0.090560555
0.0140031865
0.007960895
0.06364167
0.0035384065
0.32589507
0.22266959
0.08035176
0.70891273
0.0025872826
0.0102444
0.22481483
0.41889426
0.13199416
0.03306144
0.007527208
0.82662094
0.02362087
0.93983674
0.0023680092
0.77602583
0.016874686
0.009546552
0.0046394053
0.05008807
0.007557591
0.01057411
0.0064499043
0.010508021
0.034954898
0.038701296
0.0023378436
0.15803717
0.09541966
0.037815712
0.008591415
0.008182006
