0.4576338
0.21336798
0.83912766
0.28390622
0.03463609
0.03463609
0.03463609
0.5517791
0.23532425
0.25465748
0.6245639
0.57918656
0.6198156
0.18734443
0.14818548
0.52648276
0.20065364
0.36364555
0.34746802
0.48820144
0.21240415
0.30352724
0.6319219
0.14341411
0.1757359
0.7626596
0.22998382
0.029903026
0.79110795
0.49954015
0.14334889
0.24910845
0.09905783
0.35438424
0.49228707
0.25573564
0.30322978
0.18621433
0.53463393
0.7193417
0.4009158
0.2399863
0.06112502
0.05841912
0.11019657
0.06465392
0.06498905
0.06724098
0.43546033
0.8222865
0.8440057
0.83630055
0.8360446
0.49268273
0.7892346
0.80822307
0.07544692
0.20296638
0.56448555
0.44265723
0.29099855
0.10122371
0.47736385
0.026561502
0.39126897
0.26746178
0.54457825
0.22393961
0.13857841
0.78259546
0.8673733
0.116279595
0.05655115
0.2561489
0.08883962
0.11036602
0.7114353
0.3061355
0.52563554
0.7207744
0.19450775
0.4363536
0.7428831
0.17954455
0.533485
0.36240545
0.11651939
0.11513995
0.7010101
0.66917926
0.39807987
0.28793016
0.28793016
0.28793016
0.6670253
0.24800466
0.09288939
0.48751858
0.15128563
0.7746903
0.6401928
0.66487086
0.09606609
0.39598843
0.92514277
0.18409835
0.14079446
0.21539252
0.73041683
0.26482174
0.81949353
0.056401283
0.12723002
0.4255314
0.19054516
0.6332687
0.5923177
0.29830858
0.051519595
0.6970807
0.546224
0.1752027
0.76482123
0.26429197
0.5651881
0.32607952
0.48284042
0.22713786
0.386222
0.51653296
0.11015576
0.44940794
0.26064634
0.091552906
0.20500295
0.4203525
0.19046074
0.7765264
0.30872828
0.4420319
0.20072329
0.6368441
0.76049024
0.69483566
0.03689062
0.5346402
0.063905485
0.69740057
0.71992517
0.86174893
0.3720613
0.49976367
0.80856323
0.13767204
0.2551082
0.06274731
0.1323531
0.9130407
0.14679435
0.631423
0.6743485
0.24031721
0.21121934
0.684574
0.13165647
0.80950856
0.37984163
0.5639407
0.67375726
0.754105
0.28383303
0.21310556
0.61341083
0.6290923
0.7329783
0.5541228
0.13315074
0.8106968
0.33868724
0.08916241
0.8217204
0.3240351
0.22388689
0.26104218
0.7046139
0.55229163
0.1470701
0.34149152
0.1572908
0.8151051
0.13017038
0.066998735
0.7913191
0.73372906
0.5215833
0.12690957
0.13725251
0.24060234
0.3402541
0.5280036
0.43797794
0.2334793
0.53154457
0.548075
0.4795084
0.13997787
0.1478621
0.13837637
0.100265786
0.72200406
0.5413301
0.12093125
0.7163469
0.050254915
0.2769925
0.12637822
0.56786615
0.20716158
0.42028385
0.3667103
0.11586629
0.6268994
0.11835716
0.64153755
0.7892249
0.3289431
0.6486809
0.74135166
0.32607016
0.87742275
0.21855925
0.6163235
0.44909364
0.34840146
0.33335134
0.044839773
0.73548067
0.4760058
0.50268596
0.5660849
0.05080334
0.60261744
0.8702413
0.4811128
0.2187291
0.25543052
0.83733356
0.32034254
0.14067999
0.2838193
0.5544039
0.012771898
0.24733438
0.28681207
0.29696372
0.15002918
0.17217347
0.5878319
0.55093265
0.45730075
0.15339534
0.16700259
0.6042896
0.51111865
0.76288193
0.4477694
0.215771
0.14587474
0.45170596
0.15997222
0.11143691
0.6146117
0.4490374
0.40542594
0.34859365
0.033348046
0.51111865
0.6146117
0.10870424
0.4490374
0.40542594
0.36499187
0.48239556
0.21613738
0.4490374
0.30781588
0.15042119
0.08260601
0.6538817
0.31711644
0.15392904
0.46998206
0.2182531
0.40542594
0.12880781
0.23033023
0.6153993
0.19249758
0.7327163
0.9035453
0.119410895
0.74528676
0.7610612
0.33403406
0.18499294
0.7598131
0.6813596
0.7687295
0.36499187
0.6380376
0.3468444
0.34118944
0.098588824
0.7855723
0.051179152
0.62076485
0.0673784
0.56076944
0.4805335
0.4553083
0.68370706
0.57736444
0.19012563
0.7422357
0.17135194
0.35596582
0.12984873
0.12046588
0.13724148
0.8144307
0.7352086
0.46035373
0.3220151
0.19205582
0.8030165
0.3961002
0.49034393
0.85994625
0.52474326
0.69536245
0.62341416
0.030851409
0.51684445
0.66093254
0.7511256
0.4880148
0.7301207
0.64408743
0.32849377
0.66877645
0.041985553
0.11732981
0.80912966
0.69838345
0.17002474
0.78612816
0.40906087
0.258206
0.6927055
0.70033044
0.1088634
0.12021882
0.31864503
0.1548891
0.44254786
0.34359804
0.8889931
0.82631993
0.3654354
0.15055926
0.2591765
0.7085385
0.693595
0.72851044
0.3220084
0.8238275
0.73828965
0.79525566
0.32111266
0.13016115
0.14440645
0.70641136
0.5449879
0.7219804
0.8482994
0.15204343
0.2721837
0.2892669
0.34474513
0.083491795
0.90802526
0.28390622
0.43639907
0.5517791
0.123584054
0.52648276
0.20065364
0.12719046
0.9010375
0.330792
0.04508256
0.31561792
0.79110795
0.33732608
0.075021625
0.32933125
0.7872728
0.47915527
0.30322978
0.839855
0.6132913
0.41826838
0.8200688
0.49268273
0.7892346
0.5413924
0.80822307
0.077527024
0.5140844
0.29099855
0.6548123
0.114768445
0.47736385
0.030851409
0.637169
0.116227634
0.86387223
0.65670794
0.33434385
0.3174401
0.6571086
0.41826838
0.36081228
0.7211513
0.22018078
0.78259546
0.3041788
0.22387818
0.25460118
0.29409373
0.8959345
0.8959345
0.35159165
0.5164617
0.7428831
0.33403406
0.34370247
0.38804516
0.6927728
0.77744424
0.7010101
0.66917926
0.1991432
0.10174378
0.6396757
0.15128563
0.2505173
0.25851604
0.18409835
0.80418247
0.30575082
0.018142872
0.5103014
0.8196697
0.33403406
0.81949353
0.28734988
0.15231763
0.2869374
0.2458746
0.4255314
0.6332687
0.5923177
0.7979452
0.21002367
0.23897263
0.20405579
0.77793056
0.27918753
0.11152666
0.076426215
0.13170181
0.31145954
0.25918937
0.7285537
0.89890677
0.16355683
0.60513264
0.24726962
0.11123321
0.27341577
0.4203525
0.7765264
0.36482492
0.4420319
0.28951788
0.23408209
0.76049024
0.103310645
0.6448556
0.27196714
0.70271736
0.86207986
0.35459736
0.05953449
0.7288897
0.43441805
0.31411442
0.2551082
0.22690761
0.52814394
0.631423
0.33984795
0.5932447
0.26934195
0.13123126
0.684574
0.6196205
0.033789758
0.29340526
0.76186866
0.19712627
0.10644946
0.1214395
0.570257
0.15207411
0.23917863
0.28383303
0.12254836
0.56714815
0.31639013
0.36738274
0.18432187
0.57252246
0.5490237
0.915546
0.76965845
0.7329783
0.081040956
0.097504
0.17197265
0.1982578
0.5395827
0.5956284
0.07373963
0.16523185
0.25297326
0.73871017
0.16990708
0.21874756
0.8151051
0.38502744
0.8011679
0.4241344
0.58638173
0.53568006
0.7913191
0.24518563
0.088125765
0.28467658
0.5686528
0.8603946
0.6294617
0.8857951
0.6957745
0.5190586
0.72200406
0.46961677
0.3451624
0.6683909
0.3451624
0.5622855
0.59340763
0.42028385
0.68222094
0.31263408
0.16238353
0.4046582
0.5956284
0.43949074
0.7892249
0.22897531
0.6486809
0.74135166
0.69300556
0.19387902
0.19387902
0.19387902
0.19795872
0.582379
0.16589412
0.71727896
0.13344781
0.29623288
0.6163235
0.673339
0.6300047
0.6859852
0.17998609
0.33335134
0.73548067
0.5660849
0.4811128
0.2187291
0.24443096
0.32034254
0.47630376
0.5544039
0.49928144
0.539723
0.25824603
0.3254808
0.19709262
0.5690348
0.54315007
0.11468548
0.3069796
0.30888468
0.16815159
0.288477
0.42516628
0.10958987
0.45730075
0.69518083
0.23756212
0.43579683
0.11411414
0.22446036
0.6628578
0.13573532
0.1195309
0.14508267
0.44930854
0.5995871
0.7464949
0.6146117
0.4490374
0.40542594
0.11528367
0.25670508
0.7789171
0.48295498
0.14539552
0.51111865
0.8276299
0.44841677
0.6146117
0.4490374
0.5390645
0.40542594
0.85028374
0.1301237
0.4490374
0.3158247
0.64891315
0.10212689
0.21487266
0.4549011
0.56075567
0.37952542
0.31994522
0.40542594
0.0917222
0.27645117
0.29807213
0.09755544
0.76382333
0.048101988
0.8028332
0.08435229
0.2680032
0.14132982
0.6880802
0.49419188
0.110527135
0.7610612
0.21046965
0.13641179
0.67216706
0.6737552
0.15008396
0.36499187
0.7491528
0.07363468
0.38813087
0.06508456
0.6380376
0.3468444
0.57304066
0.70705837
0.7855723
0.40899158
0.4212233
0.3105327
0.3188792
0.344386
0.68370706
0.59652144
0.511096
0.040507272
0.31853747
0.8320645
0.7422357
0.45060092
0.8702413
0.11081065
0.3254782
0.31977797
0.061970536
0.52391803
0.19311632
0.5582385
0.8030165
0.23139219
0.69536245
0.08771189
0.5629232
0.64273214
0.7511256
0.32849377
0.6737552
0.73498374
0.781679
0.67216706
0.061236
0.71946913
0.7831578
0.33364725
0.053121336
0.20304765
0.69838345
0.6402011
0.70033044
0.29965717
0.12021882
0.18575701
0.35690635
0.44254786
0.58970445
0.8889931
0.34359804
0.18839431
0.68184364
0.82631993
0.3654354
0.77820796
0.693595
0.72851044
0.17074819
0.8238275
0.73828965
0.5327596
0.32111266
0.7668335
0.6911701
0.17105304
0.15140516
0.08482803
0.8482994
0.19304733
0.52802974
0.10260863
0.5321882
0.087835595
0.28390622
0.5517791
0.8451981
0.2315353
0.10384178
0.12785745
0.52648276
0.20065364
0.7334199
0.18500684
0.6319219
0.2124642
0.19591822
0.19591822
0.19591822
0.7683145
0.19591822
0.1344348
0.09496268
0.79110795
0.33327916
0.6894144
0.7686872
0.30322978
0.34974942
0.8086614
0.09138708
0.32124305
0.07285568
0.2081061
0.49268273
0.7892346
0.80822307
0.29099855
0.7275042
0.21924971
0.7206536
0.12565535
0.6651268
0.47736385
0.030851409
0.33434385
0.66065335
0.87288296
0.29392955
0.78259546
0.3018671
0.68694097
0.11374461
0.50643533
0.7617449
0.23053648
0.7428831
0.9115452
0.8295034
0.66917926
0.7010101
0.8702413
0.40937266
0.15128563
0.34896514
0.18409835
0.64721555
0.5708781
0.7784481
0.60063523
0.17278096
0.7080004
0.4255314
0.6332687
0.5923177
0.10883493
0.79525566
0.3980222
0.90900314
0.7632213
0.8514628
0.09375467
0.6837164
0.07991443
0.12032002
0.1666819
0.7802653
0.6089616
0.2830929
0.8641093
0.6784198
0.2684625
0.56243443
0.06888318
0.24524304
0.7406001
0.86951596
0.4203525
0.7765264
0.11453525
0.77888227
0.6500484
0.19040242
0.66839856
0.2702199
0.6121648
0.09096949
0.52006906
0.76049024
0.7371322
0.638599
0.51588917
0.66681105
0.15446585
0.25611442
0.634848
0.56449825
0.19731657
0.3948757
0.040244337
0.64040023
0.2551082
0.4795377
0.17682223
0.24419354
0.7084968
0.19094418
0.7412141
0.018986963
0.19387902
0.631423
0.19387902
0.19387902
0.03983464
0.750357
0.684574
0.2138814
0.38042045
0.6653764
0.6002075
0.21748413
0.6655432
0.026561502
0.57340336
0.8805096
0.29928038
0.76186866
0.7451196
0.11457068
0.3577834
0.56748796
0.28383303
0.79666454
0.29577482
0.7329783
0.6703466
0.10643367
0.21230367
0.080860786
0.15209326
0.6920857
0.12156878
0.048356462
0.030469641
0.31039235
0.5600511
0.8151051
0.64114857
0.65310335
0.7913191
0.81331354
0.6812888
0.37759268
0.3573357
0.57124925
0.07083333
0.7345402
0.68143946
0.36962855
0.721622
0.71982414
0.2776982
0.16216433
0.5365626
0.20790926
0.13777494
0.25500286
0.25500286
0.09155265
0.42028385
0.7639567
0.22675376
0.29001877
0.16911805
0.38180223
0.5818073
0.3065754
0.3768494
0.7892249
0.39032978
0.59066725
0.6486809
0.74135166
0.51836234
0.090759225
0.14880584
0.6163235
0.7016321
0.4288524
0.19326167
0.24738955
0.37807113
0.33335134
0.22295427
0.2870925
0.22426198
0.18516777
0.73548067
0.5641593
0.5660849
0.23619439
0.4811128
0.2187291
0.08082129
0.7124455
0.32034254
0.06768991
0.7550172
0.115214854
0.26644975
0.5544039
0.2951615
0.6034731
0.20732549
0.38432676
0.10429485
0.5690348
0.24015935
0.17735521
0.38641644
