0.27612996
0.46910024
0.1124589
0.83994406
0.10819508
0.7868988
0.57164454
0.6544148
0.81757385
0.41840586
0.82818633
0.533788
0.076387145
0.3380574
0.5349447
0.19230835
0.55629706
0.6324666
0.11392113
0.2370502
0.82084996
0.8779698
0.5517791
0.89499944
0.786698
0.27231845
0.47374225
0.5967514
0.07735309
0.52429473
0.20065364
0.81060386
0.40219656
0.80280066
0.18862464
0.15121232
0.59172
0.030208983
0.09090911
0.3085066
0.32916358
0.7764499
0.49441454
0.3080786
0.64268017
0.6319219
0.7102304
0.13587816
0.445922
0.53186625
0.58586836
0.6300735
0.79110795
0.72411364
0.67663026
0.5395827
0.44449514
0.6734899
0.7484107
0.25398645
0.5613133
0.48922056
0.4814981
0.7727357
0.19630077
0.2816572
0.47912392
0.30322978
0.21425842
0.7913162
0.38543487
0.37529182
0.39557448
0.79525405
0.7805719
0.8557238
0.10800082
0.29099855
0.3827123
0.47736385
0.099515945
0.6391845
0.7501574
0.7607902
0.392954
0.33434385
0.6664144
0.7957263
0.48469788
0.84559375
0.15559405
0.21514434
0.63777894
0.6168629
0.1497858
0.13993151
0.78259546
0.54428035
0.36042073
0.3841044
0.5872668
0.8323638
0.74199164
0.68373287
0.21294834
0.6281184
0.030851409
0.29688781
0.6980431
0.7305505
0.4703205
0.33240426
0.319113
0.8245924
0.66917926
0.7010101
0.85596985
0.17611755
0.20162535
0.81230587
0.33465725
0.71727896
0.20990616
0.6899896
0.71612686
0.30210435
0.64721555
0.7210854
0.85554594
0.7444254
0.8183255
0.6110978
0.08548964
0.6657767
0.24414144
0.6247497
0.5211647
0.78547907
0.7267281
0.88557404
0.16674238
0.67826587
0.6332687
0.64291745
0.34304768
0.4255314
0.11041212
0.05718726
0.55585325
0.6281123
0.26893404
0.446481
0.34230772
0.6292729
0.48250094
0.21305329
0.5135145
0.8736302
0.8041695
0.5461902
0.22521214
0.5967826
0.79451406
0.8511673
0.7232126
0.36028486
0.13529764
0.579092
0.48337913
0.49444824
0.70596224
0.18450917
0.7765264
0.65851843
0.4203525
0.8301617
0.4013959
0.475467
0.69180596
0.29853854
0.86713797
0.6812197
0.76049024
0.15038407
0.43078586
0.53407776
0.2413879
0.21419886
0.75112075
0.07415519
0.5856629
0.91384685
0.38349074
0.3645911
0.28159428
0.74909663
0.1526683
0.64769566
0.2551082
0.69204116
0.48982394
0.36974132
0.68451476
0.26831278
0.03505528
0.3466652
0.11899994
0.8644474
0.85988903
0.5371887
0.631423
0.67339176
0.471856
0.6780259
0.6196205
0.3892728
0.2573644
0.614273
0.6321713
0.3674687
0.772554
0.772554
0.7416798
0.7725964
0.33880752
0.285827
0.28383303
0.7245754
0.11995031
0.073152594
0.21635708
0.5066356
0.84426814
0.7950196
0.09112747
0.29550654
0.77066445
0.51936704
0.55284256
0.7881939
0.7236427
0.17164744
0.72163147
0.7620269
0.659916
0.029682996
0.18607517
0.7190974
0.8151051
0.066669576
0.22507967
0.26081982
0.7913191
0.8959717
0.22254197
0.3222657
0.36782727
0.7244112
0.7293628
0.05404203
0.06017476
0.4103731
0.4633624
0.040469892
0.4228325
0.46025604
0.6847935
0.36225596
0.8702357
0.72200406
0.49651212
0.087312594
0.7464949
0.076197915
0.83293015
0.4969714
0.76311827
0.42028385
0.8857067
0.11020531
0.5885538
0.7471727
0.83294207
0.20009705
0.79587173
0.089467436
0.18646014
0.15569957
0.15730357
0.671438
0.6785898
0.2942245
0.2979377
0.7892249
0.22142044
0.7633277
0.3946046
0.79525566
0.6486809
0.14645381
0.059105687
0.7062872
0.24277465
0.20012635
0.6163235
0.62648284
0.69110954
0.69948244
0.50567156
0.81754684
0.6080048
0.72960293
0.28268608
0.73548067
0.3535075
0.6600723
0.8143795
0.2187291
0.4811128
0.55896574
0.780045
0.8486615
0.32034254
0.33307838
0.27151585
0.3992116
0.7656945
0.1574785
0.22573811
0.5544039
0.34594563
0.24538048
0.80023867
0.72757745
0.12453961
0.38437802
0.20042862
0.59352106
0.15961845
0.89563006
0.52474236
0.7484124
0.7617198
0.5690348
0.60167414
0.9034629
0.30406135
0.6691031
0.8869432
0.589702
0.7135273
0.31523722
0.72451806
0.5188376
0.1762908
0.14129373
0.45730075
0.25907347
0.46591562
0.18040866
0.05762983
0.51995605
0.47371453
0.39739075
0.4342225
0.21031003
0.70862055
0.2096418
0.7501185
0.8192333
0.7271269
0.7670616
0.8211653
0.38437802
0.6372856
0.19646618
0.19550513
0.24122144
0.6146117
0.6360919
0.72451806
0.2862208
0.5774313
0.8976612
0.16435687
0.4490374
0.58062655
0.91627467
0.1550716
0.46274206
0.5230118
0.64891315
0.84426814
0.33047652
0.5390645
0.37832782
0.760027
0.3841044
0.7955211
0.26418397
0.8396128
0.78472394
0.82080114
0.4219111
0.58301616
0.6380376
0.7165347
0.2775541
0.40542594
0.727161
0.90992653
0.51111865
0.10080786
0.40219048
0.57184637
0.6427771
0.3797373
0.40219048
0.40219048
0.7955211
0.26418397
0.8396128
0.78472394
0.82080114
0.4219111
0.58301616
0.6380376
0.7165347
0.8106681
0.5774313
0.7955211
0.26418397
0.26586866
0.43072554
0.24635914
0.9174531
0.5005281
0.6470029
0.8396128
0.7983545
0.06992437
0.57232684
0.79118127
0.78472394
0.61652625
0.8203911
0.8702413
0.09821247
0.32402
0.5661025
0.67749435
0.45120496
0.82080114
0.91289115
0.19527942
0.26428622
0.4219111
0.63044983
0.58301616
0.62641495
0.6167323
0.7962338
0.11932578
0.7165347
0.22862548
0.80485123
0.84220564
0.8106681
0.7855723
0.088110924
0.41781706
0.62463015
0.057887565
0.69532233
0.68370706
0.22599642
0.13488074
0.74237794
0.36060223
0.7022344
0.08405449
0.18653111
0.1931163
0.725924
0.65754676
0.7544064
0.18916237
0.5486883
0.3429309
0.09877909
0.47349086
0.3841044
0.49519095
0.7395904
0.17216443
0.20168254
0.8030165
0.06538573
0.7334443
0.8131
0.52771693
0.8164983
0.504159
0.7511256
0.18499154
0.46090847
0.60343754
0.32849377
0.6607715
0.781679
0.7831578
0.752299
0.68401176
0.12563534
0.80912966
0.69838345
0.6646702
0.13251589
0.5864277
0.76295125
0.5864277
0.70033044
0.12021882
0.13561253
0.6700701
0.54426336
0.58970445
0.8889931
0.82631993
0.3654354
0.7336868
0.693595
0.76932687
0.73828965
0.83403045
0.21003944
0.7379926
0.6152688
0.5523303
0.64300996
0.30523878
0.4303113
0.83794695
0.39582795
0.41418597
0.5779577
0.16907091
0.54832506
0.83994406
0.84291446
0.7894225
0.4997951
0.7868988
0.6544148
0.57164454
0.19256671
0.82818633
0.533788
0.6324666
0.55629706
0.5517791
0.82084996
0.8779698
0.48197576
0.54993224
0.6478734
0.786698
0.89499944
0.5967514
0.13220045
0.14863849
0.20065364
0.40219656
0.81060386
0.52429473
0.3312726
0.21268685
0.80280066
0.18862464
0.026425337
0.39534375
0.59172
0.7540678
0.8237163
0.7990932
0.7102304
0.64268017
0.6319219
0.445922
0.8180969
0.72411364
0.6300735
0.79110795
0.6734899
0.44449514
0.89388794
0.48922056
0.5613133
0.04530701
0.2816572
0.47912392
0.30322978
0.50090903
0.7913162
0.38543487
0.37529182
0.57911825
0.6526335
0.5982553
0.49005824
0.79525405
0.49268273
0.7805719
0.34834653
0.63670415
0.71733785
0.29099855
0.47736385
0.62766194
0.21437424
0.392954
0.26172304
0.84559375
0.48469788
0.21671823
0.63777894
0.80113864
0.45571887
0.78259546
0.54428035
0.8323638
0.5872668
0.74199164
0.10066376
0.6281184
0.21294834
0.030851409
0.13011487
0.3514945
0.6507006
0.7305505
0.33240426
0.6980431
0.5533308
0.85596985
0.7010101
0.66917926
0.8245924
0.7781334
0.05712662
0.81230587
0.33696854
0.6899896
0.7210854
0.18409835
0.30210435
0.64721555
0.11758264
0.3305542
0.20207648
0.4766467
0.5523472
0.24414144
0.6657767
0.28527164
0.45000422
0.05595306
0.5211647
0.6247497
0.78547907
0.7267281
0.7456954
0.4255314
0.6332687
0.64291745
0.34304768
0.6281123
0.55585325
0.446481
0.41124618
0.3300769
0.21305329
0.48250094
0.78630894
0.74970096
0.5461902
0.8041695
0.3041471
0.6858262
0.4718177
0.253653
0.8511673
0.19389959
0.21022168
0.17078649
0.36028486
0.7232126
0.79241467
0.030052338
0.7960134
0.8023703
0.70596224
0.49444824
0.48337913
0.05622243
0.8301617
0.4203525
0.65851843
0.7765264
0.475467
0.69180596
0.7671655
0.6812197
0.76049024
0.15339485
0.43078586
0.53407776
0.059376784
0.75112075
0.70576495
0.67247474
0.6600501
0.68225574
0.7871788
0.38349074
0.3645911
0.74909663
0.53739727
0.69204116
0.64769566
0.72031486
0.52748466
0.4062699
0.26831278
0.20583764
0.67339176
0.631423
0.41826838
0.36692542
0.6780259
0.2128727
0.6173604
0.09728241
0.2573644
0.3892728
0.7541731
0.5120275
0.6321713
0.6331388
0.28383303
0.88958585
0.5363607
0.56402415
0.7950196
0.28982922
0.84640825
0.14318185
0.51936704
0.55284256
0.38268495
0.17038462
0.120829664
0.7236427
0.13329424
0.113656245
0.13329424
0.659916
0.1638133
0.033789758
0.122208335
0.8151051
0.3841044
0.15420476
0.22507967
0.7359285
0.7913191
0.21938609
0.6421117
0.47944716
0.22291115
0.7496538
0.09242156
0.37010223
0.83108646
0.4633624
0.4103731
0.4228325
0.72200406
0.49651212
0.8702357
0.55058235
0.4880148
0.23315601
0.06980955
0.2876832
0.76311827
0.42028385
0.6756499
0.79587173
0.74998605
0.19991273
0.23138861
0.3841044
0.17223787
0.24771912
0.20845366
0.40334067
0.6785898
0.671438
0.26918963
0.4463098
0.8307012
0.21981843
0.7892249
0.19976838
0.7353477
0.7633277
0.16672666
0.6845017
0.6486809
0.6283942
0.35489455
0.6163235
0.62648284
0.8679133
0.69110954
0.091426164
0.16278163
0.72960293
0.6080048
0.11398956
0.34990752
0.73548067
0.4811128
0.2187291
0.55896574
0.48854768
0.32034254
0.8486615
0.8303577
0.5544039
0.22573811
0.64984405
0.80023867
0.124507375
0.074487545
0.6741003
0.7617198
0.60167414
0.5690348
0.257054
0.7244112
0.44568884
0.45730075
0.7900085
0.46591562
0.39739075
0.21031003
0.8192333
0.22290783
0.7670616
0.8211653
0.6173758
0.46737453
0.82032937
0.2929418
0.42159164
0.49796772
0.51111865
0.09337323
0.6146117
0.6360919
0.1908288
0.8976612
0.55488354
0.5774313
0.7183693
0.22101748
0.4490374
0.21641168
0.58062655
0.69546276
0.5529074
0.37981263
0.13454705
0.09827071
0.64891315
0.5230118
0.80945784
0.5390645
0.10424507
0.5627442
0.37832782
0.760027
0.7955211
0.26418397
0.8396128
0.78472394
0.82080114
0.4219111
0.58301616
0.6380376
0.7165347
0.09466365
0.27508378
0.6383262
0.40542594
0.727161
0.21898514
0.07755408
0.6427771
0.57184637
0.66491526
0.7955211
0.26418397
0.8396128
0.78472394
0.82080114
0.4219111
0.58301616
0.6380376
0.7165347
0.8106681
0.21005079
0.5774313
0.7955211
0.26418397
0.7983545
0.8396128
0.3598733
0.78472394
0.6549208
0.32088134
0.18996449
0.14572628
0.16454749
0.82080114
0.1526972
0.57931054
0.4219111
0.11844257
0.58301616
0.6380376
0.122807354
0.7165347
0.39518836
0.26935118
0.26935118
0.8106681
0.7855723
0.2256318
0.1889516
0.17081246
0.13794693
0.8402351
0.79525566
0.68370706
0.69532233
0.74237794
0.725924
0.7544064
0.2271437
0.21483293
0.5486883
0.3429309
0.47349086
0.49519095
0.7395904
0.28459996
0.8030165
0.7373037
0.18301691
0.7334443
0.229307
0.2331956
0.2271437
0.60658884
0.7511256
0.32849377
0.13956355
0.6607715
0.781679
0.14971483
0.7831578
0.752299
0.5731678
0.87288296
0.80912966
0.69838345
0.48313114
0.5629232
0.70248264
0.5395827
0.76295125
0.70033044
0.25253767
0.17601304
0.93311536
0.2620619
0.12021882
