0.9386836
0.95304245
0.0017251341
0.886474
0.0020924485
0.43587226
0.59665567
0.67531693
0.3111567
0.0039962903
0.8425618
0.55069727
0.0021362735
0.03366425
0.9164257
0.8676829
0.73139375
0.6005332
0.5110026
0.0207926
0.68681324
0.0033559515
0.9098301
0.38422632
0.66144675
0.19679587
0.25356328
0.92893046
0.1486587
0.86027676
0.8377332
0.74650705
0.5419602
0.0031980355
0.6387292
0.8460022
0.49087948
0.79845834
0.79445666
0.91742074
0.5840721
0.56379277
0.6996556
0.046756666
0.6444145
0.0011766914
0.78942335
0.0010739723
0.7735666
0.13450824
0.41879028
0.0031979554
0.0055893804
0.5989601
0.0020193132
0.5415622
0.6672906
0.54667264
0.5630125
0.14631888
0.6035065
0.01805226
0.43587226
0.38587034
0.4175896
0.42626658
0.58266544
0.9410636
0.59709316
0.0030605863
0.6490682
0.1665072
0.3120905
0.89840364
0.55883074
0.012545813
0.6580397
0.9158096
0.3084092
0.002511111
0.78271765
0.030047053
0.27686474
0.35354406
0.55698997
0.5110026
0.78503245
0.49790353
0.24159609
0.5660387
0.8650337
0.8323038
0.6043206
0.076569736
0.15177894
0.74937475
0.0019405535
0.009245731
0.9161267
0.0016843523
0.04591496
0.1320695
0.45825106
0.31452182
0.0025471542
0.0009899447
0.2995373
0.7397976
0.9297598
0.0023311444
0.48684207
0.0019897122
0.8679457
0.934714
0.8545425
0.8608067
0.8431157
0.0373394
0.001632786
0.005829998
0.218915
0.94278514
0.14333454
0.45825106
0.5922343
0.13748623
0.30783275
0.28989416
0.85252005
0.2522153
0.37293136
0.40117532
0.0022786953
0.31452182
0.42622164
0.099856205
0.2671883
0.4689578
0.25203645
0.72197205
0.92749345
0.7693211
0.5571716
0.06727965
0.8438407
0.901729
0.7476212
0.69014424
0.425625
0.73430866
0.52907974
0.878347
0.0038235355
0.84194094
0.0071238633
0.26952115
0.8943277
0.6297107
0.5182473
0.0023549183
0.5706962
0.09440086
0.71787566
0.8261372
0.7084361
0.0011674896
0.9109512
0.8774656
0.9126393
0.8269166
0.69661
0.90843374
0.89237684
0.15643461
0.33822322
0.0021178355
0.7837457
0.0014792426
0.7015022
0.44134584
0.94478816
0.3212144
0.42856324
0.8244261
0.46270975
0.3755358
0.8368922
0.40358743
0.34791777
0.94890064
0.8353929
0.8780858
0.0009534238
0.8744805
0.6425169
0.96514153
0.5212427
0.40367073
0.81339985
0.39226717
0.9058926
0.6370484
0.92393816
0.5301703
0.9286161
0.94841826
0.463148
0.92579925
0.0017628787
0.7904069
0.93135333
0.307959
0.77174807
0.7242541
0.36114565
0.36781842
0.68639517
0.31849152
0.5653127
0.9523648
0.003463884
0.501984
0.6890577
0.014146355
0.7843872
0.650536
0.93530905
0.8125449
0.052223843
0.92469335
0.87554777
0.6410031
0.0020444724
0.9499575
0.092191145
0.6104285
0.64722437
0.37811357
0.49449417
0.8290069
0.48717365
0.029525574
0.55330783
0.8829651
0.007428162
0.8640396
0.71653974
0.7046099
0.85359216
0.8676662
0.5473678
0.78266805
0.71858054
0.0050430326
0.78633004
0.9036431
0.6131414
0.9248961
0.58223903
0.036658052
0.022622142
0.9581701
0.6344509
0.5561969
0.7753261
0.8712594
0.6813822
0.507264
0.01714111
0.96975714
0.86118555
0.8958883
0.9100971
0.80137634
0.8976007
0.48293734
0.7922022
0.51721805
0.82682025
0.6533675
0.7656436
0.5632334
0.46971586
0.86106676
0.65906394
0.024489826
0.90448517
0.45474946
0.6425169
0.0062033376
0.9329615
0.42649814
0.7664366
0.5726612
0.87793756
0.509639
0.7776431
0.6449949
0.5556421
0.11611709
0.65855116
0.75252074
0.9610635
0.07851806
0.8649462
0.3695366
0.76524186
0.005140746
0.11219204
0.35185966
0.60243887
0.8176692
0.43986928
0.20227885
0.78113896
0.65793633
0.90009326
0.31646916
0.63114554
0.04726464
0.71038014
0.714789
0.3097596
0.43844378
0.5602709
0.38330188
0.27896222
0.49237102
0.0027700157
0.23432712
0.8583268
0.22939207
0.7441543
0.79371494
0.82842445
0.8527703
0.92240405
0.12616013
0.64322
0.7203536
0.83842045
0.5570985
0.17016433
0.11819204
0.93182105
0.71258765
0.039526805
0.8836986
0.16456354
0.62160057
0.68450564
0.84279716
0.33258328
0.59727716
0.001436996
0.38948652
0.80689615
0.706905
0.47310778
0.30559373
0.64428425
0.9127139
0.33136892
0.29335055
0.67809665
0.6712186
0.64428425
0.64428425
0.6494254
0.45614883
0.7812855
0.12332033
0.8625128
0.0037805717
0.7506284
0.8199607
0.06642697
0.0011213694
0.35049433
0.9091722
0.7605019
0.9672875
0.17876428
0.23216923
0.6169138
0.6835491
0.19411728
0.414539
0.58288735
0.9615608
0.96588004
0.6098193
0.0018591845
0.23751158
0.24686289
0.7714059
0.75787556
0.5973078
0.23751158
0.52525115
0.70767117
0.25681064
0.8761746
0.0043736147
0.6350182
0.22707294
0.016732294
0.7832752
0.587126
0.9568709
0.8125449
0.8446867
0.796748
0.9252155
0.21221732
0.96647996
0.038683616
0.30010307
0.9651011
0.90158653
0.907699
0.02438998
0.7868799
0.7648968
0.6498646
0.0037393342
0.43533498
0.5876044
0.9175268
0.66117096
0.0023976213
0.9182605
0.438736
0.69033366
0.055174824
0.5383085
0.3489509
0.26944157
0.0013635132
0.0022629222
0.3551506
0.7768034
0.97718745
0.8880971
0.964901
0.9160424
0.40292513
0.87496936
0.32395622
0.7208286
0.967188
0.906167
0.6969582
0.8511329
0.9065229
0.7436624
0.6073113
0.22198498
0.39176115
0.009874244
0.006245456
0.819451
0.7148897
0.8920583
0.9266993
0.97120404
0.085755356
0.40877995
0.50621456
0.7945075
0.44913036
0.43060428
0.9481747
0.4693271
0.13262817
0.93658155
0.9516801
0.83659136
0.74151367
0.85513234
0.59345675
0.8628465
0.2711669
0.4037567
0.8944537
0.8771156
0.03329796
0.71507275
0.001707265
0.6230492
0.39420363
0.9446434
0.0041282056
0.39290848
0.49583173
0.34253132
0.011741229
0.8093363
0.11940894
0.4295804
0.88576967
0.50742334
0.36687973
0.76070285
0.75809044
0.6835246
0.56772614
0.45445237
0.15380335
0.8452872
0.7266417
0.47547045
0.48522472
0.93174714
0.8442829
0.9214815
0.46071178
0.82559264
0.5919831
0.83034986
0.41190028
0.19119178
0.2612306
0.21439621
0.2388136
0.95825803
0.8250662
0.2895132
0.36271033
0.9410251
0.21074913
0.43866548
0.3152376
0.81281203
0.8803849
0.25308067
0.737936
0.83559144
0.73855
0.28630736
0.70502275
0.9204252
0.026050111
0.13907687
0.5853149
0.5284174
0.0019666094
0.6433217
0.8951536
0.25133777
0.47914335
0.14003333
0.44637987
0.46133658
0.6076351
0.73553514
0.7664526
0.88681805
0.5285482
0.8338172
0.79766744
0.72262615
0.6610501
0.39872798
0.33894628
0.7303472
0.0044880877
0.70736766
0.30039203
0.6892835
0.48661444
0.5448284
0.0068649654
0.75165856
0.6425122
0.044835124
0.12781283
0.030695315
0.7401544
0.92777103
0.6992863
0.9739247
0.027672965
0.03796933
0.5242495
0.046796758
0.7040336
0.020000085
0.94621897
0.8482671
0.5324475
0.638073
0.46570638
0.54624003
0.01066972
0.55106986
0.8925154
0.8675117
0.9429975
0.517395
0.9103876
0.8239259
0.8763922
0.036279343
0.001213635
0.73184335
0.46618903
0.5225442
0.8129913
0.8573782
0.6804735
0.0046552727
0.8285888
0.49324384
0.09280264
0.1603024
0.078507714
0.08345846
0.9453821
0.91135293
0.0070397854
0.7612315
0.751873
0.8896046
0.13508314
0.9557288
0.8120697
0.068434104
0.0020552927
0.97153026
0.3495611
0.001926371
0.20132467
0.7211543
0.2414622
0.48545763
0.0017160578
0.0026523885
0.055015404
0.0017630612
0.11073322
0.003675995
0.016694149
0.0054925676
0.898274
0.6228127
0.004603221
0.0018519744
0.8896046
0.6595534
0.96235955
0.7515486
0.92736745
0.0029801743
0.002158581
0.21643491
0.92157036
0.9293349
0.11288258
0.0137217
0.8052675
0.1846511
0.0016625706
0.67964333
0.77219296
0.8561036
0.0012392452
0.0071839816
0.3988474
0.0012950902
0.5630827
0.45621595
0.003035768
0.017849786
0.9096602
0.004415412
0.002851411
0.2840481
0.0010780494
0.24585535
0.8536947
0.7190482
0.0018560276
0.0012097423
0.85429054
0.9188781
0.8130843
0.2859364
0.28913268
0.931866
0.8159368
0.17568739
0.03875031
0.01793123
0.6096732
0.9255496
0.75320756
0.88510144
0.002951398
0.0021419546
0.016095383
0.1556232
0.11316493
0.8365187
0.38863382
0.24242492
0.0391848
0.66920525
0.9407983
0.8347629
0.6548001
0.7700142
0.021929443
0.091317296
0.8584487
0.004824335
0.4196789
0.5697618
0.7480681
0.5720934
0.02001134
0.7074938
0.62890315
0.02644708
0.8452684
0.030578109
0.56720257
0.8190134
0.877702
0.801836
0.7140105
0.8896046
0.77177477
0.95576197
0.01359277
0.50539535
0.12136372
0.9448288
0.0019131541
0.038806975
0.7088361
0.96224606
0.037402038
0.82580036
0.7469951
0.0022698934
0.60763043
0.49866864
0.32763642
0.73617345
0.011480923
0.07174287
0.9655889
0.48369643
0.41679248
0.0010266661
0.010677507
0.014432547
0.8896046
0.017467873
0.6857227
0.023870576
0.92410547
0.92885816
0.36306846
0.13179398
0.90056866
0.08793166
0.40423018
0.75564355
0.2086397
0.6682652
0.34178156
0.7337778
0.0032258497
0.6979064
0.9125001
0.009412077
0.004149963
0.9347371
0.43276146
0.96259475
0.001889514
0.48661444
0.4166681
0.80676895
0.028925823
0.51406723
0.16126311
0.14520885
0.0027485471
0.3191715
0.1923463
0.8243673
0.86227226
0.38424116
0.37275532
0.82283545
0.8561089
0.1711359
0.31319413
0.0019056058
0.4601177
0.07686929
0.004337333
0.6430756
0.18835863
0.78589046
0.6430756
0.30103058
0.34855965
0.0021274951
0.00378003
0.88896596
0.0014821759
0.8888373
0.72317976
0.9438267
0.5326706
0.39525667
0.87052023
0.87659115
0.0027262866
0.567255
0.07490798
0.002103055
0.9112093
0.78764737
0.010588372
0.9551882
0.5321189
0.006919062
0.16546676
0.042909954
0.6430756
0.064602524
0.48661444
0.07007027
0.9373268
0.79913753
0.0010560484
0.07519596
0.003478634
0.0044825296
0.9466145
0.9802151
0.930633
0.85280085
0.64083725
0.18835863
0.32504553
0.0012422514
0.16877685
0.8311115
0.83245856
0.45665506
0.32578444
0.8558982
0.013940918
0.0011964396
0.0030811457
0.08236134
0.03917764
0.72630024
0.87916803
0.89379305
0.0010245492
0.80175143
0.0010790075
0.2750166
0.023621403
0.9082174
0.93385786
0.0012335886
0.7340049
0.9312953
0.041734055
0.7855224
0.0011299389
0.33902434
0.5486778
0.0488901
0.46322766
0.54728675
0.0009104439
0.0023564151
0.5954325
0.08518099
0.0017601696
0.026182616
0.89180654
0.9596679
0.9364081
0.6430756
0.12646815
0.026452953
0.8819571
0.42743382
0.0020266525
0.7678141
0.29591277
0.036966555
0.06725481
0.83567107
0.45401418
0.8275118
0.28932846
0.8564665
0.896707
0.0067584207
0.9573108
0.48478815
0.8560301
0.48661444
0.65870863
0.03230574
0.08308929
0.5744465
0.2795663
0.5385169
0.0013960567
0.8043106
0.94739395
0.6390954
0.93689966
0.77041525
0.39974043
0.04833363
0.6430756
0.67607766
0.6223624
0.9158168
0.0026502076
0.6452788
0.009645284
0.023059484
0.4019968
0.3846222
0.053976163
0.0073434934
0.73084754
0.032430455
0.016858904
0.82549417
0.6430756
0.0023608503
0.8996143
0.95924455
0.07633082
0.6094437
0.6430756
0.40633848
0.14561002
0.6852738
0.7125493
0.18012008
0.044617627
0.61014086
0.5017905
0.3829887
0.9629779
0.0060484926
0.77837324
0.029909946
0.017000582
0.64588064
0.8233136
0.640276
0.01089169
0.6430756
0.57381284
0.005158605
0.5048856
0.9010868
0.0039306367
0.787824
0.57547873
0.48134312
0.3617411
0.5795718
0.1696392
0.5806941
0.76877475
0.013824387
0.043951225
0.050214812
0.0016144157
0.40111652
0.84385127
0.84457463
0.72602534
0.019640198
0.000843713
0.05582674
0.6430756
0.86547655
0.39605397
0.0027963417
0.48804083
0.07886893
