(QUERY): 'ISLAM' '03'
Negative Neutral Positive
0.7650130987167358 0.21867355704307556 0.016313329339027405 
0.8815182447433472 0.11195553094148636 0.00652625598013401 
0.5408151149749756 0.4221859276294708 0.036998894065618515 
0.6435210704803467 0.3375082015991211 0.01897074095904827 
0.0021730144508183002 0.06371201574802399 0.934114933013916 
0.1521659791469574 0.7478708624839783 0.09996312111616135 
0.6438929438591003 0.33312156796455383 0.022985531017184258 
0.12042183429002762 0.7952734231948853 0.08430474251508713 
0.7961369156837463 0.19137480854988098 0.012488231994211674 
0.19627609848976135 0.7341284155845642 0.06959541887044907 
0.17954066395759583 0.6714804172515869 0.14897893369197845 
0.028246428817510605 0.9162651300430298 0.055488478392362595 
0.2023097574710846 0.7785108685493469 0.01917928270995617 
0.3563183844089508 0.5601364374160767 0.08354517072439194 
0.46389874815940857 0.5161681771278381 0.019933056086301804 
0.9114669561386108 0.08460382372140884 0.003929222468286753 
0.3488655090332031 0.5778276920318604 0.07330676913261414 
0.8849887847900391 0.10747698694467545 0.007534225471317768 
0.2205318808555603 0.6805533170700073 0.0989147499203682 
0.6273984909057617 0.3432590365409851 0.029342474415898323 
0.09085175395011902 0.7596977353096008 0.14945051074028015 
0.08154517412185669 0.42830386757850647 0.49015095829963684 
0.9560323357582092 0.04128192737698555 0.002685812534764409 
0.07502401620149612 0.5955450534820557 0.3294309675693512 
0.5464015007019043 0.4248352348804474 0.028763294219970703 
0.10508302599191666 0.8393359184265137 0.055581096559762955 
0.43874961137771606 0.5053967833518982 0.055853620171546936 
0.7695754170417786 0.21332289278507233 0.01710171438753605 
0.3479872941970825 0.625491738319397 0.026520967483520508 
0.46211138367652893 0.5192669034004211 0.01862175762653351 
0.8745534420013428 0.11956671625375748 0.0058798957616090775 
0.6635254621505737 0.31393975019454956 0.022534767165780067 
0.38312527537345886 0.537726640701294 0.07914802432060242 
0.46239402890205383 0.5057489275932312 0.03185698017477989 
0.5207990407943726 0.426754891872406 0.05244601145386696 
0.7282242178916931 0.257338285446167 0.014437477104365826 
0.6736668348312378 0.31290286779403687 0.013430305756628513 
0.6279063820838928 0.35743361711502075 0.014659930020570755 
0.8884859085083008 0.10727829486131668 0.0042357672937214375 
0.10401533544063568 0.656694233417511 0.23929046094417572 
0.30089646577835083 0.5562295913696289 0.14287395775318146 
0.8392094373703003 0.15475989878177643 0.006030747201293707 
0.6482378840446472 0.33584263920783997 0.015919502824544907 
0.6398749947547913 0.3261643648147583 0.033960651606321335 
0.26614129543304443 0.6951321959495544 0.0387265682220459 
0.07249488681554794 0.35329604148864746 0.5742090940475464 
0.23369120061397552 0.7062138319015503 0.06009495258331299 
0.8296032547950745 0.16162267327308655 0.008774058893322945 
0.7976844906806946 0.19261032342910767 0.00970518495887518 
0.012952138669788837 0.2370315045118332 0.7500163912773132 
0.8552031517028809 0.1375836580991745 0.007213203236460686 
0.5739841461181641 0.3969055712223053 0.029110299423336983 
0.05955304950475693 0.39236029982566833 0.5480866432189941 
0.5537086725234985 0.42568135261535645 0.020609963685274124 
0.30387789011001587 0.6553593873977661 0.04076271876692772 
0.8342721462249756 0.1520145833492279 0.013713300228118896 
0.009586121886968613 0.25616371631622314 0.7342501878738403 
0.17213216423988342 0.6479191184043884 0.17994874715805054 
0.6123690009117126 0.3463296592235565 0.04130135849118233 
0.949457049369812 0.04785482585430145 0.002688076114282012 
0.6907182335853577 0.28709450364112854 0.0221872478723526 
0.891501247882843 0.10189121961593628 0.006607517600059509 
0.8743268847465515 0.11810725182294846 0.007565795909613371 
0.5544610619544983 0.4244394302368164 0.0210995115339756 
0.6818667054176331 0.3059873580932617 0.012145894579589367 
0.4894169270992279 0.46306112408638 0.04752194508910179 
0.09088145196437836 0.4735659956932068 0.43555256724357605 
0.4524436593055725 0.5033569931983948 0.04419936239719391 
0.8880590796470642 0.10662080347537994 0.0053200977854430676 
0.9049839973449707 0.09119357913732529 0.0038224058225750923 
0.13367842137813568 0.7530894875526428 0.11323211342096329 
0.12967154383659363 0.547577440738678 0.3227510154247284 
0.6398749947547913 0.3261643648147583 0.033960651606321335 
0.9457469582557678 0.050105225294828415 0.004147856496274471 
0.8724782466888428 0.12077022343873978 0.006751569919288158 
0.9395174980163574 0.05669116601347923 0.0037913282867521048 
0.7713910937309265 0.22182823717594147 0.006780683528631926 
0.8525023460388184 0.13940343260765076 0.008094185031950474 
0.9186927080154419 0.07810569554567337 0.0032016511540859938 
0.8682084083557129 0.1234351396560669 0.008356480859220028 
0.020353209227323532 0.5423621535301208 0.4372846484184265 
0.8981911540031433 0.09723793715238571 0.004570912569761276 
0.9500420093536377 0.047385990619659424 0.0025719807017594576 
0.8048773407936096 0.18702815473079681 0.008094558492302895 
0.5046988725662231 0.4612809419631958 0.03402009978890419 
0.6992197632789612 0.28344663977622986 0.01733362302184105 
0.5786401629447937 0.4005950391292572 0.020764825865626335 
0.8791871666908264 0.11603132635354996 0.004781479947268963 
0.7646096348762512 0.22565525770187378 0.009735090658068657 
0.4228080213069916 0.5546325445175171 0.02255946956574917 
0.6154932975769043 0.3597103953361511 0.024796344339847565 
0.5831891298294067 0.37313002347946167 0.04368087276816368 
0.6265895962715149 0.3447764813899994 0.028633911162614822 
0.9220290184020996 0.07223879545927048 0.005732184275984764 
0.3442245423793793 0.5901501178741455 0.0656253919005394 
0.80307537317276 0.18914633989334106 0.007778285536915064 
0.9066175222396851 0.08808715641498566 0.005295345559716225 
0.7975043058395386 0.18873797357082367 0.013757801614701748 
0.9343730807304382 0.06276556849479675 0.0028613947797566652 
0.8533856868743896 0.13909102976322174 0.007523259148001671 
0.9033480882644653 0.08905371278524399 0.007598223630338907 
0.013264516368508339 0.42197686433792114 0.5647585988044739 
0.9384337663650513 0.058291561901569366 0.003274674527347088 
0.5738915205001831 0.39114710688591003 0.034961357712745667 
0.1982908844947815 0.6666577458381653 0.13505133986473083 
0.8301094770431519 0.1561509370803833 0.013739547692239285 
0.6398749947547913 0.3261643648147583 0.033960651606321335 
0.09398959577083588 0.7602793574333191 0.14573106169700623 
0.957981288433075 0.03815586119890213 0.0038628061302006245 
0.0698428675532341 0.6849753260612488 0.24518181383609772 
0.7208511233329773 0.25808772444725037 0.021061133593320847 
0.8035486340522766 0.18718527257442474 0.009266085922718048 
0.8035486340522766 0.18718527257442474 0.009266085922718048 
0.804135262966156 0.18652884662151337 0.009335923008620739 
0.06866692751646042 0.5179997086524963 0.41333338618278503 
0.012380862608551979 0.25705504417419434 0.7305640578269958 
0.9387750029563904 0.057913243770599365 0.0033117281273007393 
0.026316089555621147 0.2812109589576721 0.6924729943275452 
0.9128642678260803 0.08039867132902145 0.0067371041513979435 
0.6890206336975098 0.2939063608646393 0.017072992399334908 
0.471542090177536 0.5108920931816101 0.01756579615175724 
0.3725162148475647 0.6055083274841309 0.021975437179207802 
0.6750518679618835 0.3029131591320038 0.022034980356693268 
0.24131427705287933 0.7080231308937073 0.05066263675689697 
0.7256556749343872 0.2568741738796234 0.0174701027572155 
0.7052725553512573 0.28566527366638184 0.00906207412481308 
0.017202049493789673 0.3107944130897522 0.6720035076141357 
0.869376003742218 0.12272323668003082 0.007900787517428398 
0.5765207409858704 0.3871172070503235 0.03636210784316063 
0.9001767635345459 0.09462592005729675 0.005197300110012293 
0.2638693153858185 0.6587027311325073 0.07742796838283539 
0.22092635929584503 0.5870406627655029 0.19203296303749084 
0.5341703295707703 0.42555102705955505 0.04027862101793289 
0.3097592890262604 0.6577692031860352 0.032471541315317154 
0.9408077597618103 0.05414518713951111 0.005046959035098553 
0.8572613000869751 0.13772913813591003 0.005009567365050316 
0.03868536651134491 0.8889248967170715 0.07238977402448654 
0.026241719722747803 0.4200524389743805 0.5537058115005493 
0.02186358906328678 0.39774295687675476 0.580393373966217 
0.0010714903473854065 0.02174469828605652 0.9771838188171387 
0.06973207741975784 0.8886059522628784 0.04166194424033165 
0.08357252925634384 0.8767083883285522 0.039719078689813614 
0.12215890735387802 0.857928454875946 0.019912706688046455 
0.7319263815879822 0.24856746196746826 0.019506126642227173 
0.10969125479459763 0.8590968251228333 0.03121190518140793 
0.11519192159175873 0.8633553981781006 0.02145267091691494 
0.2156466543674469 0.7508400082588196 0.03351333364844322 
0.11238772422075272 0.7215113043785095 0.16610096395015717 
0.22962670028209686 0.6686932444572449 0.1016799733042717 
0.8147870302200317 0.1748785823583603 0.010334378108382225 
0.013008685782551765 0.22982743382453918 0.7571638822555542 
0.7042093873023987 0.2692657709121704 0.026524841785430908 
0.3070531487464905 0.6536715626716614 0.039275262504816055 
0.5222605466842651 0.4615878462791443 0.016151688992977142 
0.20230498909950256 0.7379279732704163 0.05976705998182297 
0.9623720049858093 0.03492813557386398 0.0026999616529792547 
0.025980375707149506 0.43443211913108826 0.5395875573158264 
0.8270989656448364 0.1667652428150177 0.006135700736194849 
0.42332372069358826 0.5380853414535522 0.03859095275402069 
0.5806583166122437 0.39514365792274475 0.024198031052947044 
0.47411778569221497 0.4911115765571594 0.03477063775062561 
0.9412899017333984 0.055573720484972 0.0031363628804683685 
0.9182760715484619 0.07743251323699951 0.004291458521038294 
0.017101820558309555 0.4442417025566101 0.53865647315979 
0.06009297072887421 0.6699069142341614 0.27000007033348083 
0.8820986151695251 0.11222566664218903 0.005675680004060268 
0.024478843435645103 0.49763816595077515 0.4778829514980316 
0.07565446943044662 0.8301616311073303 0.09418395906686783 
0.8719202876091003 0.1208888366818428 0.007190996315330267 
0.04821144416928291 0.622377336025238 0.32941117882728577 
0.0864107757806778 0.8198404908180237 0.09374876320362091 
0.01334569975733757 0.4773739278316498 0.5092803835868835 
0.43432560563087463 0.5253015160560608 0.0403728187084198 
0.8382998108863831 0.15508387982845306 0.0066163139417767525 
0.35723334550857544 0.575948178768158 0.06681844592094421 
0.5090933442115784 0.45906463265419006 0.03184204548597336 
0.06009297072887421 0.6699069142341614 0.27000007033348083 
0.6102001070976257 0.36927103996276855 0.020528849214315414 
0.4715634882450104 0.4531559944152832 0.07528054714202881 
0.588260293006897 0.37749677896499634 0.03424299508333206 
0.018114669248461723 0.6851609945297241 0.2967243194580078 
0.839443027973175 0.1540420651435852 0.006514896638691425 
0.07105860114097595 0.6917186379432678 0.23722277581691742 
0.8382998108863831 0.15508387982845306 0.0066163139417767525 
0.7486920952796936 0.2461169958114624 0.005190947093069553 
0.839443027973175 0.1540420651435852 0.006514896638691425 
0.8382998108863831 0.15508387982845306 0.0066163139417767525 
0.5737563967704773 0.39675816893577576 0.02948545105755329 
0.7374147772789001 0.24413734674453735 0.018447821959853172 
0.8382998108863831 0.15508387982845306 0.0066163139417767525 
0.7268489599227905 0.2536652684211731 0.019485823810100555 
0.7268489599227905 0.2536652684211731 0.019485823810100555 
0.8382998108863831 0.15508387982845306 0.0066163139417767525 
0.8382998108863831 0.15508387982845306 0.0066163139417767525 
0.839443027973175 0.1540420651435852 0.006514896638691425 
0.2808101773262024 0.6384878158569336 0.08070202171802521 
0.04167938977479935 0.9119048118591309 0.046415820717811584 
0.013595190830528736 0.46229568123817444 0.5241090655326843 
0.06204722449183464 0.8533048629760742 0.08464792370796204 
0.7502629160881042 0.2269546091556549 0.02278243936598301 
0.2440386712551117 0.5915343761444092 0.16442690789699554 
0.13885729014873505 0.6925875544548035 0.16855517029762268 
0.017736077308654785 0.7161347270011902 0.26612919569015503 
0.05805434659123421 0.6045774817466736 0.3373681902885437 
0.10424844920635223 0.8328162431716919 0.06293534487485886 
0.2750145494937897 0.6897398233413696 0.03524559736251831 
0.14179353415966034 0.7068145871162415 0.151391863822937 
0.747189998626709 0.2352627068758011 0.017547305673360825 
0.6463636159896851 0.3421309292316437 0.011505458503961563 
0.839443027973175 0.1540420651435852 0.006514896638691425 
0.9522495269775391 0.043995700776576996 0.0037548134569078684 
0.08997549116611481 0.842871367931366 0.06715311855077744 
0.010893912985920906 0.47983071208000183 0.5092753767967224 
0.07035607844591141 0.8615350127220154 0.06810889393091202 
0.22825422883033752 0.7142475843429565 0.057498183101415634 
0.06204722449183464 0.8533048629760742 0.08464792370796204 
0.6204670667648315 0.3629867434501648 0.01654624380171299 
0.5567420125007629 0.40307897329330444 0.040179114788770676 
0.06684082001447678 0.878598153591156 0.05456112325191498 
0.16103367507457733 0.6941514611244202 0.14481483399868011 
0.5832112431526184 0.3833768665790558 0.03341184929013252 
0.28108593821525574 0.6299551725387573 0.08895884454250336 
0.28658977150917053 0.6464939713478088 0.0669163167476654 
0.28108593821525574 0.6299551725387573 0.08895884454250336 
0.28108593821525574 0.6299551725387573 0.08895884454250336 
0.6584597229957581 0.33271729946136475 0.008822953328490257 
0.11336857080459595 0.6055283546447754 0.2811030149459839 
0.9177337884902954 0.07653624564409256 0.005729977041482925 
0.10788348317146301 0.8616049289703369 0.030511649325489998 
0.185380756855011 0.7686192393302917 0.04600004851818085 
0.2804311513900757 0.6962069869041443 0.023361805826425552 
0.29113781452178955 0.5296282172203064 0.17923398315906525 
0.11126738786697388 0.630419909954071 0.25831279158592224 
0.03985525667667389 0.7255079746246338 0.23463678359985352 
0.14123468101024628 0.6665582060813904 0.19220708310604095 
0.5872355103492737 0.39936918020248413 0.013395262882113457 
0.45196351408958435 0.48409605026245117 0.0639403760433197 
0.008733556605875492 0.09367728978395462 0.8975891470909119 
0.012408223003149033 0.06629206240177155 0.9212996959686279 
0.019095854833722115 0.4615224003791809 0.5193817019462585 
0.9233543872833252 0.07210768014192581 0.00453792093321681 
0.012708215042948723 0.31808987259864807 0.6692019104957581 
0.04598669335246086 0.8256086111068726 0.1284046769142151 
0.5289188623428345 0.4393479526042938 0.03173322230577469 
0.06487114727497101 0.8595780730247498 0.07555077224969864 
0.002815607702359557 0.193243607878685 0.8039407730102539 
0.18957462906837463 0.7796772718429565 0.030748074874281883 
0.11728359758853912 0.76697838306427 0.11573801934719086 
0.05308670178055763 0.6128721833229065 0.33404111862182617 
0.15977424383163452 0.4627343416213989 0.37749141454696655 
0.5926589965820312 0.37784868478775024 0.0294923298060894 
0.31693604588508606 0.6125244498252869 0.0705394521355629 
0.04534364119172096 0.7294009923934937 0.2252553403377533 
0.05705108866095543 0.7413089275360107 0.20163999497890472 
0.3317677974700928 0.6452716588973999 0.022960545495152473 
0.015944121405482292 0.4572172164916992 0.5268386006355286 
0.015944121405482292 0.4572172164916992 0.5268386006355286 
0.1330949068069458 0.8194060325622559 0.04749906063079834 
0.01342711504548788 0.41725772619247437 0.5693151950836182 
0.01342711504548788 0.41725772619247437 0.5693151950836182 
0.01342711504548788 0.41725772619247437 0.5693151950836182 
0.08841586858034134 0.7904235124588013 0.12116064876317978 
0.07999130338430405 0.7086410522460938 0.21136760711669922 
0.5907914638519287 0.3487183451652527 0.06049023196101189 
0.7271648049354553 0.2651975154876709 0.007637679576873779 
0.029309701174497604 0.7144815921783447 0.25620874762535095 
0.4962958097457886 0.47075045108795166 0.0329536534845829 
0.18109774589538574 0.7608717679977417 0.05803048610687256 
0.23270317912101746 0.5742834806442261 0.19301339983940125 
0.2722640335559845 0.6206135153770447 0.10712248086929321 
0.6173506379127502 0.36514538526535034 0.017503922805190086 
0.12934477627277374 0.7604085206985474 0.11024674773216248 
0.5108664035797119 0.4550971984863281 0.03403637558221817 
0.06252123415470123 0.9001832604408264 0.037295494228601456 
0.24716323614120483 0.6730115413665771 0.07982522994279861 
0.15819859504699707 0.7850048542022705 0.05679653584957123 
0.821218729019165 0.1730141043663025 0.005767188034951687 
0.5716865062713623 0.3934118449687958 0.034901611506938934 
0.7252809405326843 0.2643832564353943 0.010335823521018028 
0.5367699861526489 0.4287630021572113 0.034466974437236786 
0.7932697534561157 0.19455192983150482 0.012178249657154083 
0.2058008909225464 0.7628068923950195 0.03139222413301468 
0.007232564501464367 0.11041201651096344 0.8823554515838623 
0.03554713353514671 0.8856457471847534 0.07880717515945435 
0.9488078951835632 0.04846789687871933 0.00272415135987103 
0.1160234585404396 0.6474441885948181 0.2365322709083557 
0.37573450803756714 0.5858997702598572 0.0383656769990921 
0.636979877948761 0.3503718674182892 0.012648209929466248 
0.29728639125823975 0.6725664734840393 0.030147122219204903 
0.005924631375819445 0.08715838938951492 0.9069169163703918 
0.9019115567207336 0.0946001186966896 0.0034883813932538033 
0.7993955016136169 0.19304057955741882 0.007563833612948656 
0.6610898375511169 0.3111880421638489 0.027722137048840523 
0.6691356301307678 0.31123074889183044 0.019633620977401733 
0.0825301855802536 0.7584199905395508 0.159049853682518 
0.1275710016489029 0.8305780291557312 0.041850943118333817 
0.17327354848384857 0.8008445501327515 0.02588185854256153 
0.09646209329366684 0.6725085973739624 0.23102934658527374 
0.6783321499824524 0.2915075421333313 0.030160292983055115 
0.38735800981521606 0.5662578344345093 0.046384140849113464 
0.45812276005744934 0.46439677476882935 0.07748040556907654 
0.5998620390892029 0.3916234076023102 0.008514532819390297 
0.15114115178585052 0.691272497177124 0.15758633613586426 
0.5043700337409973 0.43053582310676575 0.06509412080049515 
0.21126309037208557 0.741314709186554 0.047422219067811966 
0.09177490323781967 0.872066855430603 0.03615816682577133 
0.1315377652645111 0.8300356864929199 0.03842652961611748 
0.46058157086372375 0.508327305316925 0.03109118528664112 
0.7969607710838318 0.19079825282096863 0.01224104780703783 
0.7969607710838318 0.19079825282096863 0.01224104780703783 
0.7969607710838318 0.19079825282096863 0.01224104780703783 
0.13084940612316132 0.6107317209243774 0.25841885805130005 
0.195583775639534 0.7011792063713074 0.1032370924949646 
0.04040942341089249 0.7345612645149231 0.22502930462360382 
0.020769162103533745 0.2004542052745819 0.7787766456604004 
0.558131992816925 0.42128971219062805 0.020578358322381973 
0.08174361288547516 0.8530114889144897 0.06524486094713211 
0.7418981194496155 0.24262699484825134 0.015474868007004261 
0.4317687749862671 0.5341192483901978 0.034111980348825455 
0.3990631699562073 0.5599794983863831 0.04095729440450668 
0.0019630882889032364 0.027402285486459732 0.9706346392631531 
0.8166321516036987 0.17593668401241302 0.007431096397340298 
0.02578171342611313 0.7626574635505676 0.21156080067157745 
0.8393569588661194 0.1521783471107483 0.008464653976261616 
0.02869592048227787 0.5699177384376526 0.4013863503932953 
0.32378074526786804 0.5730571150779724 0.10316219180822372 
0.6337052583694458 0.32070913910865784 0.04558565095067024 
0.0719921737909317 0.7973498702049255 0.1306578665971756 
0.12048520892858505 0.8498713374137878 0.029643410816788673 
0.04141025245189667 0.7228860259056091 0.23570369184017181 
0.021987926214933395 0.6955620646476746 0.2824500501155853 
0.9153609871864319 0.08017013967037201 0.004468926694244146 
0.47831836342811584 0.471924364566803 0.049757219851017 
0.19308815896511078 0.6464847922325134 0.1604270339012146 
0.7933112382888794 0.19403405487537384 0.01265471801161766 
0.7933112382888794 0.19403405487537384 0.01265471801161766 
0.7933112382888794 0.19403405487537384 0.01265471801161766 
0.7933112382888794 0.19403405487537384 0.01265471801161766 
0.7969607710838318 0.19079825282096863 0.01224104780703783 
0.7933112382888794 0.19403405487537384 0.01265471801161766 
0.8108937740325928 0.17781618237495422 0.011289997026324272 
0.7933112382888794 0.19403405487537384 0.01265471801161766 
0.5128318071365356 0.42044734954833984 0.0667208582162857 
0.7933112382888794 0.19403405487537384 0.01265471801161766 
0.7933112382888794 0.19403405487537384 0.01265471801161766 
0.7933112382888794 0.19403405487537384 0.01265471801161766 
0.6269960403442383 0.32684239745140076 0.04616149514913559 
0.7945803999900818 0.19554828107357025 0.00987130869179964 
0.35892462730407715 0.5976207852363586 0.04345458373427391 
0.14318200945854187 0.6806212663650513 0.17619669437408447 
0.030177997425198555 0.4174167215824127 0.5524052977561951 
0.06204722449183464 0.8533048629760742 0.08464792370796204 
0.2147320955991745 0.7451645731925964 0.040103305131196976 
0.0030617460142821074 0.10122787207365036 0.8957103490829468 
0.2650495767593384 0.6860319375991821 0.04891848936676979 
0.0013924033846706152 0.008424756117165089 0.9901828169822693 
0.7283236980438232 0.2463366538286209 0.0253396425396204 
0.05688614398241043 0.7276996970176697 0.2154141515493393 
0.04290180653333664 0.6763919591903687 0.2807062268257141 
0.5843780040740967 0.38958293199539185 0.026039086282253265 
0.06121377646923065 0.7407814264297485 0.19800476729869843 
0.40587055683135986 0.5557542443275452 0.03837517276406288 
0.7962077856063843 0.19784586131572723 0.0059463088400661945 
0.011002186685800552 0.4266236126422882 0.5623742341995239 
0.000986094935797155 0.0627671629190445 0.9362467527389526 
0.1296924650669098 0.807355523109436 0.06295202672481537 
0.37857842445373535 0.5882374048233032 0.03318420425057411 
0.11128997802734375 0.34219032526016235 0.5465196967124939 
0.7316529750823975 0.2527664601802826 0.015580509789288044 
0.5741395950317383 0.41252103447914124 0.013339333236217499 
0.09423273801803589 0.3934309482574463 0.5123363137245178 
0.05172403156757355 0.7222577333450317 0.2260182499885559 
0.05119461193680763 0.8939689993858337 0.05483631417155266 
0.07605168968439102 0.8049513101577759 0.11899702250957489 
0.05876428261399269 0.8871457576751709 0.05408996343612671 
0.10929698497056961 0.8206577897071838 0.07004521787166595 
0.6599787473678589 0.3254881501197815 0.014533018693327904 
0.3270541727542877 0.6221140623092651 0.05083175748586655 
0.13762494921684265 0.7521914839744568 0.11018361896276474 
0.38005900382995605 0.5802400708198547 0.039700888097286224 
0.1454687863588333 0.7870527505874634 0.06747850030660629 
0.1523718237876892 0.7946377992630005 0.05299042537808418 
0.07101812213659286 0.8560092449188232 0.0729726254940033 
0.5097790956497192 0.4719410836696625 0.0182797834277153 
0.06633657217025757 0.8132923245429993 0.12037103623151779 
0.5506214499473572 0.4316807687282562 0.017697814851999283 
0.16626182198524475 0.7641721963882446 0.06956595927476883 
0.11514527350664139 0.6910687685012817 0.19378598034381866 
0.3395744264125824 0.6336817145347595 0.026743901893496513 
0.9023488759994507 0.09205540269613266 0.005595741327852011 
0.4839297831058502 0.4967045783996582 0.019365716725587845 
0.3112838566303253 0.6444461345672607 0.044270046055316925 
0.8173685073852539 0.1701783388853073 0.012453173287212849 
0.7981157898902893 0.1890467256307602 0.012837545946240425 
0.3358956575393677 0.6354249715805054 0.028679370880126953 
0.24646294116973877 0.7007125616073608 0.05282445251941681 
0.16398052871227264 0.7842797040939331 0.051739759743213654 
0.06539542227983475 0.8933452367782593 0.041259411722421646 
0.1852923035621643 0.7691318988800049 0.04557575285434723 
0.06988447904586792 0.8866227269172668 0.04349278658628464 
0.6314506530761719 0.3351500630378723 0.03339929133653641 
0.7752025723457336 0.21645544469356537 0.00834193080663681 
0.1915741264820099 0.7614657878875732 0.04696005955338478 
0.52679443359375 0.4524833559989929 0.02072218246757984 
0.052601803094148636 0.7625568509101868 0.1848413348197937 
0.5764445662498474 0.40196505188941956 0.021590355783700943 
0.29476064443588257 0.668976366519928 0.036262962967157364 
0.06684082001447678 0.878598153591156 0.05456112325191498 
0.0032451690640300512 0.10282004624605179 0.8939347863197327 
0.800021767616272 0.18721482157707214 0.012763429433107376 
0.4190759062767029 0.566908597946167 0.014015426859259605 
0.06204722449183464 0.8533048629760742 0.08464792370796204 
0.028163021430373192 0.7122690677642822 0.2595679461956024 
0.05545581132173538 0.7820290327072144 0.16251513361930847 
0.12042183429002762 0.7952734231948853 0.08430474251508713 
0.8514821529388428 0.14089861512184143 0.00761921051889658 
0.2017364203929901 0.6465750932693481 0.15168851613998413 
0.3270082473754883 0.5968436598777771 0.0761481523513794 
0.19987298548221588 0.6186564564704895 0.18147052824497223 
0.042385000735521317 0.8931558132171631 0.06445921212434769 
0.08284026384353638 0.5808882117271423 0.3362714946269989 
0.579412579536438 0.40356290340423584 0.01702447421848774 
0.3355056047439575 0.6072291731834412 0.05726530775427818 
0.3487872779369354 0.6248106360435486 0.026402084156870842 
0.08511170744895935 0.8340326547622681 0.08085567504167557 
0.19338901340961456 0.7802291512489319 0.026381775736808777 
0.04231130704283714 0.5837340354919434 0.3739546239376068 
0.42180562019348145 0.5251612663269043 0.053033068776130676 
0.43096089363098145 0.5169910788536072 0.05204802006483078 
0.21523673832416534 0.6878318190574646 0.09693140536546707 
0.07119881361722946 0.8220368027687073 0.10676436126232147 
0.8959414958953857 0.09758657962083817 0.0064719608053565025 
0.21942363679409027 0.6317174434661865 0.1488589197397232 
0.06204722449183464 0.8533048629760742 0.08464792370796204 
0.9013198018074036 0.09386367350816727 0.0048164548352360725 
0.09836491197347641 0.8081111907958984 0.09352387487888336 
0.14301224052906036 0.7851760387420654 0.07181176543235779 
0.009890839457511902 0.2706690728664398 0.7194401025772095 
0.2920491099357605 0.6639528274536133 0.04399808496236801 
0.05246876925230026 0.8916462659835815 0.0558849461376667 
0.5192906260490417 0.45907798409461975 0.02163136564195156 
0.07234160602092743 0.7320963144302368 0.19556201994419098 
0.19522011280059814 0.6934930086135864 0.11128688603639603 
0.1645859330892563 0.776587724685669 0.05882631242275238 
0.7816393971443176 0.20827507972717285 0.010085536167025566 
0.2797600030899048 0.6781936287879944 0.04204637184739113 
0.32792699337005615 0.6256948113441467 0.04637816548347473 
0.08530566096305847 0.8054905533790588 0.1092037633061409 
0.07104862481355667 0.7331842184066772 0.19576714932918549 
0.21523673832416534 0.6878318190574646 0.09693140536546707 
0.6737534403800964 0.31167876720428467 0.014567796140909195 
0.06684082001447678 0.878598153591156 0.05456112325191498 
0.6052234172821045 0.3730382025241852 0.021738432347774506 
0.41596290469169617 0.5475756525993347 0.036461468786001205 
0.12360268086194992 0.8083891868591309 0.06800808012485504 
0.4766055643558502 0.4980365037918091 0.025357889011502266 
0.08817791938781738 0.7201117277145386 0.19171035289764404 
0.8592137694358826 0.13499689102172852 0.0057893674820661545 
0.03109653666615486 0.35573917627334595 0.6131642460823059 
0.36877691745758057 0.5869302153587341 0.04429290443658829 
0.00782619509845972 0.33715149760246277 0.6550222635269165 
0.12733158469200134 0.7837701439857483 0.08889827132225037 
0.10887542366981506 0.7936474084854126 0.09747707843780518 
0.611353874206543 0.3659891188144684 0.022657036781311035 
0.41416552662849426 0.5554719567298889 0.030362451449036598 
0.8492507934570312 0.14419600367546082 0.006553151179105043 
0.5397140979766846 0.4397946298122406 0.020491300150752068 
0.5909444093704224 0.3856005072593689 0.02345511130988598 
0.4124548137187958 0.5549224019050598 0.032622791826725006 
0.09088106453418732 0.846111536026001 0.06300733983516693 
0.5774372816085815 0.39065539836883545 0.03190739452838898 
0.684100866317749 0.3045296370983124 0.0113694928586483 
0.5902694463729858 0.39406758546829224 0.01566297374665737 
0.6529903411865234 0.3318527638912201 0.015156909823417664 
0.5919142961502075 0.38691940903663635 0.02116631343960762 
0.3901195526123047 0.4845903515815735 0.12529006600379944 
0.5372069478034973 0.4108218252658844 0.05197116732597351 
0.2742646336555481 0.6745696067810059 0.051165737211704254 
0.4517090618610382 0.5171806812286377 0.031110305339097977 
0.11738090962171555 0.6811169981956482 0.20150208473205566 
0.1107926145195961 0.8100874423980713 0.07911992818117142 
0.6532484292984009 0.31662803888320923 0.030123580247163773 
0.3257230222225189 0.6388674974441528 0.03540947660803795 
0.3331780433654785 0.6399784088134766 0.026843586936593056 
0.06539542227983475 0.8933452367782593 0.041259411722421646 
0.21407146751880646 0.739597499370575 0.0463310144841671 
0.2248203009366989 0.7326900362968445 0.042489614337682724 
0.492784708738327 0.48795583844184875 0.019259454682469368 
0.08439948409795761 0.842523992061615 0.07307653874158859 
0.18267419934272766 0.7501114010810852 0.06721439212560654 
0.18237367272377014 0.7669740319252014 0.05065225809812546 
0.04361812025308609 0.8577613830566406 0.0986204519867897 
0.8245817422866821 0.1688709408044815 0.006547287572175264 
0.35022997856140137 0.6206896305084229 0.029080400243401527 
0.5169363021850586 0.46460896730422974 0.01845470815896988 
0.6611459851264954 0.3191191256046295 0.019734911620616913 
0.06684082001447678 0.878598153591156 0.05456112325191498 
0.796597957611084 0.19098030030727386 0.012421739287674427 
0.7248883247375488 0.25981661677360535 0.015295013785362244 
0.07277373224496841 0.8879595398902893 0.03926670923829079 
0.88332200050354 0.11178495734930038 0.004892941564321518 
0.036390434950590134 0.808861494064331 0.15474805235862732 
0.6239428520202637 0.34517547488212585 0.03088168054819107 
0.6354847550392151 0.33507320284843445 0.02944207936525345 
0.04051164537668228 0.8265373110771179 0.132951021194458 
0.07560055702924728 0.790024995803833 0.1343744546175003 
0.011425004340708256 0.24667838215827942 0.7418966293334961 
0.16611339151859283 0.7502266764640808 0.0836598351597786 
0.0798255130648613 0.48203620314598083 0.4381382465362549 
0.9382079243659973 0.05722426250576973 0.004567837808281183 
0.8861958980560303 0.10900873690843582 0.004795297980308533 
0.9008284211158752 0.0947105661034584 0.00446094898506999 
0.6498252749443054 0.3399771451950073 0.010197615250945091 
0.24031788110733032 0.6975700259208679 0.062112074345350266 
0.2533278167247772 0.651131808757782 0.09554041177034378 
0.05410508066415787 0.4783439040184021 0.46755102276802063 
0.5832666158676147 0.3911345601081848 0.025598904117941856 
0.3912598192691803 0.569213330745697 0.03952694684267044 
0.9133404493331909 0.08250032365322113 0.004159320145845413 
0.6869133710861206 0.29966142773628235 0.013425230048596859 
0.002226397395133972 0.1272907853126526 0.8704828023910522 
0.13599489629268646 0.7874743938446045 0.07653075456619263 
0.002056531608104706 0.07732709497213364 0.9206163883209229 
0.058278847485780716 0.7230000495910645 0.2187211662530899 
0.05540630221366882 0.8955659866333008 0.04902775213122368 
0.047732625156641006 0.8938276171684265 0.05843973532319069 
0.11126738786697388 0.630419909954071 0.25831279158592224 
0.11126738786697388 0.630419909954071 0.25831279158592224 
0.5769359469413757 0.39827826619148254 0.024785833433270454 
0.06204722449183464 0.8533048629760742 0.08464792370796204 
0.3548573851585388 0.5987808108329773 0.046361736953258514 
0.4225611686706543 0.4940519630908966 0.08338682353496552 
0.07571515440940857 0.8076363801956177 0.11664850264787674 
0.18015073239803314 0.7292106747627258 0.09063855558633804 
0.11297257244586945 0.799201488494873 0.08782593160867691 
0.8251517415046692 0.16697415709495544 0.007874073460698128 
0.5115528702735901 0.46621623635292053 0.02223086915910244 
0.920251727104187 0.07434248179197311 0.005405791103839874 
0.13300682604312897 0.6418092250823975 0.22518391907215118 
0.0016885733930394053 0.02071226015686989 0.9775991439819336 
0.017786741256713867 0.44154465198516846 0.5406686663627625 
0.025152426213026047 0.2134973406791687 0.7613502144813538 
0.3166698217391968 0.5474542379379272 0.13587598502635956 
0.10302313417196274 0.8178547024726868 0.07912223786115646 
0.25838667154312134 0.6935901641845703 0.04802313074469566 
0.10649143159389496 0.8185138702392578 0.07499473541975021 
0.4802820384502411 0.4980919659137726 0.02162599004805088 
0.37793484330177307 0.5881484746932983 0.03391672670841217 
0.09030365198850632 0.8127689361572266 0.09692738205194473 
0.12247830629348755 0.7766450643539429 0.10087664425373077 
0.14463786780834198 0.793220043182373 0.06214211881160736 
0.5038173198699951 0.4766198694705963 0.01956285536289215 
0.5821456909179688 0.4013359844684601 0.016518305987119675 
0.15252263844013214 0.825914204120636 0.02156321331858635 
0.627484142780304 0.3558548390865326 0.01666097529232502 
0.46977895498275757 0.5095049142837524 0.02071620523929596 
0.7803933620452881 0.20573925971984863 0.013867354020476341 
0.004466672893613577 0.33063796162605286 0.6648954153060913 
0.19711284339427948 0.7542293071746826 0.04865781590342522 
0.06684082001447678 0.878598153591156 0.05456112325191498 
0.24898205697536469 0.7032464742660522 0.04777154698967934 
0.06742826104164124 0.7250206470489502 0.20755106210708618 
0.5922150015830994 0.348939448595047 0.058845534920692444 
0.011893168091773987 0.252567857503891 0.7355390191078186 
0.095339834690094 0.8703835606575012 0.034276608377695084 
0.3588920533657074 0.6197129487991333 0.021394921466708183 
0.001546720159240067 0.11789494007825851 0.8805583119392395 
0.3355049192905426 0.6338383555412292 0.0306567195802927 
0.09814351797103882 0.6996781826019287 0.20217829942703247 
0.20711728930473328 0.7476288676261902 0.04525381326675415 
0.3094111680984497 0.653768002986908 0.03682081028819084 
0.06411179155111313 0.7695288062095642 0.16635943949222565 
0.16349925100803375 0.7649864554405212 0.07151425629854202 
0.518347978591919 0.45979270339012146 0.02185932733118534 
0.19032081961631775 0.624138355255127 0.1855408251285553 
0.24731849133968353 0.6974472999572754 0.055234186351299286 
0.1608249396085739 0.7852240204811096 0.053951017558574677 
0.8948619961738586 0.10043331235647202 0.004704716149717569 
0.07073596119880676 0.8515792489051819 0.07768486440181732 
0.2779843807220459 0.6444118022918701 0.07760383188724518 
0.44549253582954407 0.5173514485359192 0.03715602681040764 
0.6334484815597534 0.33343541622161865 0.033116135746240616 
0.14675939083099365 0.7919876575469971 0.061252985149621964 
0.7617319226264954 0.22833704948425293 0.00993104837834835 
0.2986929416656494 0.6571222543716431 0.04418481886386871 
0.01563957892358303 0.49897417426109314 0.4853861927986145 
0.18432489037513733 0.7775387167930603 0.03813640773296356 
0.08978137373924255 0.8386289477348328 0.07158973067998886 
0.508735716342926 0.4689825475215912 0.022281711921095848 
0.9344238638877869 0.06060557812452316 0.004970554728060961 
0.10632706433534622 0.8231671452522278 0.07050579786300659 
0.25364166498184204 0.6503632664680481 0.09599508345127106 
0.08746796101331711 0.7996910810470581 0.11284101009368896 
0.34298086166381836 0.6094827055931091 0.0475364588201046 
0.07628582417964935 0.8259177803993225 0.09779638797044754 
0.12810365855693817 0.5453522205352783 0.3265441060066223 
0.07299976050853729 0.7507972121238708 0.17620296776294708 
0.38381335139274597 0.5837937593460083 0.03239287808537483 
0.14946535229682922 0.5536702275276184 0.29686444997787476 
0.406570702791214 0.4836941063404083 0.10973518341779709 
0.5273246169090271 0.4373706579208374 0.0353047177195549 
0.41412779688835144 0.5128048062324524 0.07306739687919617 
0.4072927236557007 0.5563870668411255 0.036320216953754425 
0.1633320450782776 0.7774433493614197 0.05922463908791542 
0.06036500632762909 0.8881352543830872 0.05149977281689644 
0.4781055748462677 0.4902714490890503 0.031623076647520065 
0.03889387473464012 0.924896240234375 0.036209896206855774 
0.5223971009254456 0.455276221036911 0.02232668176293373 
0.3899153470993042 0.5821434259414673 0.027941228821873665 
0.5721688270568848 0.40375110507011414 0.024080125615000725 
0.19180254638195038 0.6991341710090637 0.1090632975101471 
0.011375934816896915 0.17669184505939484 0.8119322657585144 
0.7696352601051331 0.21895302832126617 0.011411629617214203 
0.05870668217539787 0.6646603941917419 0.2766328752040863 
0.05144549906253815 0.6518927812576294 0.2966616749763489 
0.9471266865730286 0.05005114898085594 0.002822226844727993 
0.6017770171165466 0.3730173110961914 0.02520568296313286 
0.28894397616386414 0.5365713834762573 0.17448465526103973 
0.1851194202899933 0.732496976852417 0.08238362520933151 
0.13965775072574615 0.7981194853782654 0.062222741544246674 
0.13724857568740845 0.7428427338600159 0.11990871280431747 
0.15651586651802063 0.5502292513847351 0.29325488209724426 
0.08020243793725967 0.8222941160202026 0.0975034087896347 
0.0018183072097599506 0.11827190965414047 0.8799098134040833 
0.003700878471136093 0.013372284360229969 0.9829267859458923 
0.29446861147880554 0.661683976650238 0.04384740814566612 
0.5282621383666992 0.4505807161331177 0.021157151088118553 
0.04652760177850723 0.621317446231842 0.3321550190448761 
0.16081300377845764 0.7230840921401978 0.11610287427902222 
0.027498487383127213 0.6836180090904236 0.2888835072517395 
0.9167522192001343 0.07932183146476746 0.003925968427211046 
0.6187807321548462 0.35869309306144714 0.022526193410158157 
0.06065783277153969 0.7154205441474915 0.22392159700393677 
0.9620254635810852 0.03396188095211983 0.004012587014585733 
0.18098285794258118 0.7587980628013611 0.060219090431928635 
0.8006799221038818 0.1876867413520813 0.01163334771990776 
0.16332502663135529 0.8076854944229126 0.028989458456635475 
0.5266340970993042 0.43430519104003906 0.03906068205833435 
0.7924310564994812 0.20176441967487335 0.005804536398500204 
0.15548016130924225 0.786374568939209 0.058145295828580856 
0.322032630443573 0.5569202303886414 0.12104713171720505 
0.4082331955432892 0.5619775056838989 0.029789283871650696 
0.05017673969268799 0.5997753143310547 0.3500479757785797 
0.7298077344894409 0.25876757502555847 0.01142477709800005 
0.04986647143959999 0.895336925983429 0.05479652062058449 
0.0787210687994957 0.8031653165817261 0.11811364442110062 
0.0457574799656868 0.6148472428321838 0.3393952250480652 
0.08441614359617233 0.8068714737892151 0.1087123453617096 
0.11727368086576462 0.8249582648277283 0.057768069207668304 
0.11364268511533737 0.8146200776100159 0.07173720747232437 
0.605124831199646 0.37161368131637573 0.02326151542365551 
0.3739630877971649 0.5824161767959595 0.04362078011035919 
0.42213091254234314 0.5423787236213684 0.03549039363861084 
0.09752962738275528 0.8586729764938354 0.043797459453344345 
0.2627132534980774 0.6549635529518127 0.08232322335243225 
0.1547711342573166 0.7780375480651855 0.06719135493040085 
0.3599608540534973 0.6120858788490295 0.02795330621302128 
0.6478452086448669 0.34222540259361267 0.00992936734110117 
0.2048078328371048 0.7518139481544495 0.04337814822793007 
0.2003195881843567 0.749071478843689 0.05060897395014763 
0.6265788078308105 0.3351987600326538 0.038222409784793854 
0.2864171266555786 0.6648091077804565 0.04877370968461037 
0.1795615404844284 0.7513721585273743 0.06906629353761673 
0.10387339442968369 0.7372694611549377 0.15885712206363678 
0.10168474912643433 0.6690884232521057 0.22922684252262115 
0.658711314201355 0.31158342957496643 0.029705295339226723 
0.6118155717849731 0.36783313751220703 0.020351281389594078 
0.3403266668319702 0.6267827749252319 0.03289055824279785 
0.2074906826019287 0.7660734057426453 0.02643592096865177 
0.5493438243865967 0.4310011565685272 0.019654981791973114 
0.7042093873023987 0.2692657709121704 0.026524841785430908 
0.51054447889328 0.4713035523891449 0.018151991069316864 
0.5428000688552856 0.4347686469554901 0.022431274875998497 
0.5260963439941406 0.45610857009887695 0.017795130610466003 
0.07698730379343033 0.8667502999305725 0.056262314319610596 
0.6758530735969543 0.28998664021492004 0.03416025638580322 
0.30483949184417725 0.6661533117294312 0.029007241129875183 
0.04637645557522774 0.8883427381515503 0.06528079509735107 
0.5626609921455383 0.4219420850276947 0.015396948903799057 
0.30483949184417725 0.6661533117294312 0.029007241129875183 
0.2012300193309784 0.752492368221283 0.04627764970064163 
0.09827534109354019 0.8686543703079224 0.033070359379053116 
0.29922598600387573 0.6689773201942444 0.03179667517542839 
0.25132322311401367 0.6731879115104675 0.07548882067203522 
0.060316022485494614 0.5635290145874023 0.37615495920181274 
0.36447861790657043 0.5929412841796875 0.0425800159573555 
0.09128160029649734 0.8365226984024048 0.07219570130109787 
0.2380657196044922 0.6895796060562134 0.07235468178987503 
0.8126204609870911 0.1760297566652298 0.011349780485033989 
0.5931339263916016 0.3910982012748718 0.01576787419617176 
0.6338834166526794 0.34955209493637085 0.016564514487981796 
0.5472543835639954 0.4323367774486542 0.02040877565741539 
0.37851014733314514 0.5405111908912659 0.08097857236862183 
0.32032859325408936 0.6259843111038208 0.053687065839767456 
0.06539542227983475 0.8933452367782593 0.041259411722421646 
0.14896418154239655 0.7640681266784668 0.08696769922971725 
0.07990777492523193 0.8229564428329468 0.09713580459356308 
0.2650495767593384 0.6860319375991821 0.04891848936676979 
0.48915642499923706 0.4875444769859314 0.023299137130379677 
0.9502096772193909 0.045439284294843674 0.004350990988314152 
0.21773546934127808 0.689784586429596 0.09247998893260956 
0.4147624373435974 0.5310136675834656 0.05422393977642059 
0.10387339442968369 0.7372694611549377 0.15885712206363678 
0.2674121856689453 0.6824073195457458 0.05018049478530884 
0.8153557777404785 0.17553819715976715 0.009105948731303215 
0.840546190738678 0.1426716297864914 0.01678217574954033 
0.3794863522052765 0.570789098739624 0.04972449690103531 
0.5855065584182739 0.3919732868671417 0.02252018451690674 
0.5072255730628967 0.4565371572971344 0.03623729944229126 
0.02606409415602684 0.6813351511955261 0.29260075092315674 
0.5843780040740967 0.38958293199539185 0.026039086282253265 
0.06121377646923065 0.7407814264297485 0.19800476729869843 
0.31352537870407104 0.6263664960861206 0.06010811775922775 
0.06539542227983475 0.8933452367782593 0.041259411722421646 
0.025402866303920746 0.6678746342658997 0.3067225217819214 
0.32894670963287354 0.589418351650238 0.08163492381572723 
0.1296924650669098 0.807355523109436 0.06295202672481537 
0.04262210801243782 0.3131278157234192 0.6442500948905945 
0.37857842445373535 0.5882374048233032 0.03318420425057411 
0.7908969521522522 0.20242418348789215 0.0066788215190172195 
0.22695372998714447 0.7387113571166992 0.0343349389731884 
0.05119461193680763 0.8939689993858337 0.05483631417155266 
0.07605168968439102 0.8049513101577759 0.11899702250957489 
0.04040645435452461 0.6355239152908325 0.324069619178772 
0.10929698497056961 0.8206577897071838 0.07004521787166595 
0.5425246357917786 0.4301678538322449 0.027307506650686264 
0.3270541727542877 0.6221140623092651 0.05083175748586655 
0.38005900382995605 0.5802400708198547 0.039700888097286224 
0.1454687863588333 0.7870527505874634 0.06747850030660629 
0.8195347785949707 0.17123019695281982 0.009234989061951637 
0.07101812213659286 0.8560092449188232 0.0729726254940033 
0.5097790956497192 0.4719410836696625 0.0182797834277153 
0.04262210801243782 0.3131278157234192 0.6442500948905945 
0.5506214499473572 0.4316807687282562 0.017697814851999283 
0.16626182198524475 0.7641721963882446 0.06956595927476883 
0.12042183429002762 0.7952734231948853 0.08430474251508713 
0.16367590427398682 0.7859202027320862 0.05040393024682999 
0.4839297831058502 0.4967045783996582 0.019365716725587845 
0.8649930953979492 0.12760929763317108 0.00739761907607317 
0.3358956575393677 0.6354249715805054 0.028679370880126953 
0.5306149125099182 0.41215983033180237 0.057225197553634644 
0.24646294116973877 0.7007125616073608 0.05282445251941681 
0.04935624077916145 0.7223715782165527 0.22827216982841492 
0.16398052871227264 0.7842797040939331 0.051739759743213654 
0.1852923035621643 0.7691318988800049 0.04557575285434723 
0.743628978729248 0.2388858050107956 0.01748514361679554 
0.22450941801071167 0.7257607579231262 0.04972977191209793 
0.009192856959998608 0.08834251016378403 0.9024646282196045 
0.0013343730242922902 0.009939325973391533 0.9887263178825378 
0.6314506530761719 0.3351500630378723 0.03339929133653641 
0.051416486501693726 0.8114691972732544 0.13711431622505188 
0.003298815805464983 0.0511074922978878 0.9455936551094055 
0.010478615760803223 0.7224273085594177 0.2670940160751343 
0.00352230085991323 0.047200147062540054 0.9492775201797485 
0.4830862879753113 0.4117862284183502 0.10512746125459671 
0.563570499420166 0.3759356439113617 0.0604938305914402 
0.1915741264820099 0.7614657878875732 0.04696005955338478 
0.3933565318584442 0.5415022373199463 0.06514129042625427 
0.52679443359375 0.4524833559989929 0.02072218246757984 
0.5764445662498474 0.40196505188941956 0.021590355783700943 
0.29476064443588257 0.668976366519928 0.036262962967157364 
0.051271386444568634 0.775156557559967 0.17357206344604492 
0.10845489799976349 0.6822946071624756 0.2092505544424057 
0.800021767616272 0.18721482157707214 0.012763429433107376 
0.2268604189157486 0.6555054187774658 0.11763423681259155 
0.8163598775863647 0.1722695678472519 0.011370512656867504 
0.011967867612838745 0.2845982015132904 0.7034339308738708 
0.026858383789658546 0.41407543420791626 0.5590661764144897 
0.5687554478645325 0.40215376019477844 0.029090803116559982 
0.0074811577796936035 0.3264991343021393 0.6660197377204895 
0.04597996547818184 0.7658607959747314 0.18815916776657104 
0.0043206471018493176 0.45227453112602234 0.543404757976532 
0.33125296235084534 0.6203091740608215 0.048437826335430145 
0.12034732103347778 0.44188788533210754 0.43776482343673706 
0.045583371073007584 0.8665685653686523 0.08784801512956619 
0.01543312706053257 0.7306166887283325 0.2539501488208771 
0.008884320966899395 0.708379328250885 0.2827363610267639 
0.010421003215014935 0.25876009464263916 0.7308189272880554 
0.7377729415893555 0.24610906839370728 0.016117922961711884 
0.7042093873023987 0.2692657709121704 0.026524841785430908 
0.25239163637161255 0.7076119780540466 0.03999634087085724 
0.16958120465278625 0.6612184047698975 0.1692003309726715 
0.011343314312398434 0.27017900347709656 0.718477725982666 
0.10487992316484451 0.715743362903595 0.1793767213821411 
0.004587813280522823 0.11381617933511734 0.8815959692001343 
0.008171341381967068 0.26432284712791443 0.7275058627128601 
0.0672970712184906 0.8844637274742126 0.04823921620845795 
0.14145517349243164 0.8015909194946289 0.056953925639390945 
0.06651364266872406 0.838533341884613 0.09495305269956589 
0.8276291489601135 0.16268686950206757 0.009683958254754543 
0.5397140979766846 0.4397946298122406 0.020491300150752068 
0.06587927788496017 0.2909664511680603 0.6431542634963989 
0.30383116006851196 0.6323704123497009 0.06379847228527069 
0.5902694463729858 0.39406758546829224 0.01566297374665737 
0.30149999260902405 0.6453949213027954 0.05310511961579323 
0.6529903411865234 0.3318527638912201 0.015156909823417664 
0.45590463280677795 0.4909769892692566 0.053118325769901276 
0.010138191282749176 0.20878510177135468 0.7810766696929932 
0.2742646336555481 0.6745696067810059 0.051165737211704254 
0.9542810916900635 0.043290432542562485 0.0024283824022859335 
0.00855542067438364 0.16383954882621765 0.8276050686836243 
0.03581434115767479 0.45555388927459717 0.5086317658424377 
0.6532484292984009 0.31662803888320923 0.030123580247163773 
0.44807374477386475 0.5165526270866394 0.035373639315366745 
0.0057659270241856575 0.141927570104599 0.8523065447807312 
0.010774911381304264 0.26325008273124695 0.7259750366210938 
0.37798961997032166 0.5836503505706787 0.038360048085451126 
0.7969414591789246 0.19349578022956848 0.009562813676893711 
0.12928538024425507 0.7087008953094482 0.16201378405094147 
0.3257230222225189 0.6388674974441528 0.03540947660803795 
0.04519752040505409 0.3918401300907135 0.5629623532295227 
0.04986134171485901 0.8519266247749329 0.09821207076311111 
0.21407146751880646 0.739597499370575 0.0463310144841671 
0.04487919807434082 0.6457725763320923 0.3093482553958893 
0.6051315069198608 0.37015005946159363 0.024718450382351875 
0.2248203009366989 0.7326900362968445 0.042489614337682724 
0.492784708738327 0.48795583844184875 0.019259454682469368 
0.08439948409795761 0.842523992061615 0.07307653874158859 
0.18267419934272766 0.7501114010810852 0.06721439212560654 
0.7042093873023987 0.2692657709121704 0.026524841785430908 
0.014526959508657455 0.23060965538024902 0.7548633813858032 
0.18237367272377014 0.7669740319252014 0.05065225809812546 
0.11771883070468903 0.8294970393180847 0.05278414487838745 
0.011501186527311802 0.5673930048942566 0.42110586166381836 
0.10354367643594742 0.8379986882209778 0.05845767259597778 
0.35022997856140137 0.6206896305084229 0.029080400243401527 
0.0743698999285698 0.24580395221710205 0.6798261404037476 
0.3538939654827118 0.6190730929374695 0.027032949030399323 
0.5169363021850586 0.46460896730422974 0.01845470815896988 
0.21014265716075897 0.7377688884735107 0.05208846181631088 
0.04653237387537956 0.7487380504608154 0.2047296017408371 
0.7660795450210571 0.21857212483882904 0.015348316170275211 
0.796597957611084 0.19098030030727386 0.012421739287674427 
0.18809515237808228 0.7778874039649963 0.03401738405227661 
0.039592139422893524 0.8845291137695312 0.07587870210409164 
0.40342992544174194 0.5116655230522156 0.08490457385778427 
0.6043423414230347 0.3706417679786682 0.025015918537974358 
0.4171423316001892 0.5450938940048218 0.0377638079226017 
0.2372366487979889 0.6638574004173279 0.09890594333410263 
0.6649267077445984 0.32105469703674316 0.014018643647432327 
0.3634796738624573 0.6020562648773193 0.034464020282030106 
0.2750145494937897 0.6897398233413696 0.03524559736251831 
0.2734585404396057 0.6958933472633362 0.0306481271982193 
0.13954368233680725 0.5424497127532959 0.31800660490989685 
0.14804720878601074 0.7785967588424683 0.07335595041513443 
0.6699300408363342 0.31271523237228394 0.01735479198396206 
0.0061696236953139305 0.47015222907066345 0.5236781239509583 
0.8848152756690979 0.11057084798812866 0.004613788798451424 
0.07645022869110107 0.7323975563049316 0.1911522001028061 
0.06263324618339539 0.8807443976402283 0.056622397154569626 
0.15388847887516022 0.766575276851654 0.07953625917434692 
0.6353388428688049 0.34253501892089844 0.02212611399590969 
0.6009814739227295 0.3754735291004181 0.023544995114207268 
0.36594608426094055 0.5883265137672424 0.04572743922472 
0.07281259447336197 0.8299378156661987 0.09724966436624527 
0.008018004707992077 0.4594200849533081 0.5325619578361511 
0.085847869515419 0.8018440008163452 0.11230812966823578 
0.06233951821923256 0.5986855030059814 0.3389750123023987 
0.08434869349002838 0.7654557228088379 0.15019553899765015 
0.13418720662593842 0.7730709910392761 0.09274176508188248 
0.7171214818954468 0.2583157420158386 0.024562804028391838 
0.24670082330703735 0.6956179141998291 0.057681236416101456 
0.5247626304626465 0.45335981249809265 0.021877609193325043 
0.24399471282958984 0.6983856558799744 0.05761963129043579 
0.7976826429367065 0.17613700032234192 0.026180341839790344 
0.021316267549991608 0.9210929274559021 0.05759085342288017 
0.28386393189430237 0.6700077056884766 0.04612840712070465 
0.12115512788295746 0.8072257041931152 0.0716191828250885 
0.1520993858575821 0.8004196286201477 0.047481000423431396 
0.3983107805252075 0.5733305811882019 0.028358597308397293 
0.41412436962127686 0.5546337366104126 0.031241871416568756 
0.4161427319049835 0.5579789876937866 0.0258783008903265 
0.09525703638792038 0.8056049346923828 0.09913797676563263 
0.009166557341814041 0.601097583770752 0.38973578810691833 
0.14139607548713684 0.8151770830154419 0.043426867574453354 
0.7042093873023987 0.2692657709121704 0.026524841785430908 
0.16129937767982483 0.7774894833564758 0.061211083084344864 
0.5832666158676147 0.3911345601081848 0.025598904117941856 
0.3912598192691803 0.569213330745697 0.03952694684267044 
0.048256516456604004 0.7765101194381714 0.17523333430290222 
0.12013127654790878 0.8308087587356567 0.049059923738241196 
0.4848499894142151 0.46894848346710205 0.04620157927274704 
0.13599489629268646 0.7874743938446045 0.07653075456619263 
0.08434869349002838 0.7654557228088379 0.15019553899765015 
0.058278847485780716 0.7230000495910645 0.2187211662530899 
0.047732625156641006 0.8938276171684265 0.05843973532319069 
0.5769359469413757 0.39827826619148254 0.024785833433270454 
0.3548573851585388 0.5987808108329773 0.046361736953258514 
0.07571515440940857 0.8076363801956177 0.11664850264787674 
0.07911500334739685 0.8172367215156555 0.10364826768636703 
0.15658217668533325 0.6237839460372925 0.21963383257389069 
0.5115528702735901 0.46621623635292053 0.02223086915910244 
0.25838667154312134 0.6935901641845703 0.04802313074469566 
0.04549902677536011 0.9049086570739746 0.04959242045879364 
0.10649143159389496 0.8185138702392578 0.07499473541975021 
0.010809031315147877 0.21566413342952728 0.7735268473625183 
0.37793484330177307 0.5881484746932983 0.03391672670841217 
0.09030365198850632 0.8127689361572266 0.09692738205194473 
0.04001379758119583 0.7890576720237732 0.17092850804328918 
0.4441911578178406 0.4825558364391327 0.07325295358896255 
0.04466598480939865 0.5037461519241333 0.45158785581588745 
0.18595418334007263 0.7676974534988403 0.046348340809345245 
0.5038173198699951 0.4766198694705963 0.01956285536289215 
0.5821456909179688 0.4013359844684601 0.016518305987119675 
0.06704287230968475 0.8745911717414856 0.05836593732237816 
0.627484142780304 0.3558548390865326 0.01666097529232502 
0.46977895498275757 0.5095049142837524 0.02071620523929596 
0.7803933620452881 0.20573925971984863 0.013867354020476341 
0.19711284339427948 0.7542293071746826 0.04865781590342522 
0.00521409697830677 0.1977294385433197 0.7970564365386963 
0.029408371075987816 0.8774154186248779 0.0931762307882309 
0.4500254988670349 0.5172379016876221 0.03273661062121391 
0.022819234058260918 0.9334768056869507 0.04370402544736862 
0.11239252984523773 0.7776477932929993 0.1099596619606018 
0.5672071576118469 0.4213150441646576 0.011477835476398468 
0.3355049192905426 0.6338383555412292 0.0306567195802927 
0.5426949262619019 0.4312537908554077 0.026051310822367668 
0.20711728930473328 0.7476288676261902 0.04525381326675415 
0.3094111680984497 0.653768002986908 0.03682081028819084 
0.2558266520500183 0.6461160182952881 0.09805728495121002 
0.16349925100803375 0.7649864554405212 0.07151425629854202 
0.24731849133968353 0.6974472999572754 0.055234186351299286 
0.25173109769821167 0.6563420295715332 0.09192687273025513 
0.1608249396085739 0.7852240204811096 0.053951017558574677 
0.07073596119880676 0.8515792489051819 0.07768486440181732 
0.0027164332568645477 0.0425044484436512 0.9547790884971619 
0.6334484815597534 0.33343541622161865 0.033116135746240616 
0.9629279971122742 0.03480703383684158 0.0022648845333606005 
0.4706891179084778 0.4934890866279602 0.0358218252658844 
0.09480444341897964 0.7279231548309326 0.17727242410182953 
0.036003127694129944 0.8299337029457092 0.13406315445899963 
0.014332594349980354 0.5624271631240845 0.4232402443885803 
0.12473487854003906 0.8510412573814392 0.02422388084232807 
0.2105751633644104 0.7548072934150696 0.0346175953745842 
0.01198944915086031 0.19576190412044525 0.7922486662864685 
0.5834364891052246 0.40086618065834045 0.015697315335273743 
0.05016111209988594 0.9001553654670715 0.04968353733420372 
0.1380481719970703 0.5657112002372742 0.29624059796333313 
0.15026921033859253 0.7973886728286743 0.05234209820628166 
0.6512780785560608 0.3328947424888611 0.015827244147658348 
0.23255084455013275 0.7315741777420044 0.03587499260902405 
0.9063469171524048 0.08801968395709991 0.00563338678330183 
0.055151306092739105 0.8219709396362305 0.12287768721580505 
0.040203507989645004 0.9138791561126709 0.04591737315058708 
0.07506296783685684 0.8320366144180298 0.09290042519569397 
0.9256011247634888 0.07087128609418869 0.003527582623064518 
0.47471216320991516 0.5065099596977234 0.018777938559651375 
0.6967281103134155 0.28947508335113525 0.013796881772577763 
0.38317781686782837 0.5262671709060669 0.09055497497320175 
0.0102970190346241 0.6353588104248047 0.3543441891670227 
0.7303749918937683 0.2615679204463959 0.008057035505771637 
0.23729939758777618 0.6884876489639282 0.07421290874481201 
0.06462011486291885 0.897153913974762 0.0382259227335453 
0.137623131275177 0.8098563551902771 0.052520520985126495 
0.18402370810508728 0.579240083694458 0.2367362529039383 
0.1330149918794632 0.7442042231559753 0.12278083711862564 
0.5868949294090271 0.39570367336273193 0.017401397228240967 
0.06684542447328568 0.7259740233421326 0.20718054473400116 
0.6665163636207581 0.32036247849464417 0.013121075928211212 
0.11432025581598282 0.8480305671691895 0.037649232894182205 
0.014966090209782124 0.4651128053665161 0.5199211239814758 
0.0022329804487526417 0.06473840028047562 0.9330285787582397 
0.24850958585739136 0.7243818044662476 0.027108632028102875 
0.006379171274602413 0.2935335338115692 0.7000872492790222 
0.45369088649749756 0.4801926910877228 0.06611637026071548 
0.8990350961685181 0.09622528403997421 0.004739588126540184 
0.02791411429643631 0.8189765214920044 0.15310925245285034 
0.048054929822683334 0.8752923011779785 0.07665275037288666 
0.4499846398830414 0.5320449471473694 0.017970377579331398 
0.018966849893331528 0.7172467112541199 0.2637864053249359 
0.3355049192905426 0.6338383555412292 0.0306567195802927 
0.20711728930473328 0.7476288676261902 0.04525381326675415 
0.3094111680984497 0.653768002986908 0.03682081028819084 
0.6425944566726685 0.33662644028663635 0.020779069513082504 
0.16349925100803375 0.7649864554405212 0.07151425629854202 
0.12466301769018173 0.7247074246406555 0.15062955021858215 
0.518347978591919 0.45979270339012146 0.02185932733118534 
0.24731849133968353 0.6974472999572754 0.055234186351299286 
0.8915839195251465 0.1009683609008789 0.007447707001119852 
0.1608249396085739 0.7852240204811096 0.053951017558574677 
0.07073596119880676 0.8515792489051819 0.07768486440181732 
0.7139776349067688 0.26821115612983704 0.01781122200191021 
0.9444276094436646 0.05164231359958649 0.003930102568119764 
0.7042093873023987 0.2692657709121704 0.026524841785430908 
0.46741828322410583 0.5022425651550293 0.030339159071445465 
0.13303017616271973 0.5467392802238464 0.32023054361343384 
0.13279643654823303 0.7715376615524292 0.09566597640514374 
0.16627977788448334 0.8031148910522461 0.030605418607592583 
0.07490231096744537 0.6672680377960205 0.2578296661376953 
0.9225292205810547 0.07199052721261978 0.005480214953422546 
0.34814342856407166 0.6042463779449463 0.04761017486453056 
0.6602911949157715 0.3227551579475403 0.016953622922301292 
0.08466079086065292 0.7560856342315674 0.15925365686416626 
0.7042093873023987 0.2692657709121704 0.026524841785430908 
0.06424789130687714 0.8350124955177307 0.10073966532945633 
0.00949800480157137 0.6012437343597412 0.3892582058906555 
0.009109239093959332 0.5918508172035217 0.3990399241447449 
0.05177577957510948 0.8864045143127441 0.06181972473859787 
0.4662679135799408 0.512384295463562 0.021347738802433014 
0.9466081857681274 0.050396163016557693 0.0029956812504678965 
