0.108691275
0.0040831114
0.011461649
0.010442656
0.0075299027
0.014138606
0.02396014
0.04528191
0.020719765
0.041238587
0.00398692
0.029441291
0.02199916
0.029129837
0.013906165
0.020332862
0.088176444
0.03215598
0.003938086
0.0060561877
0.01043959
0.11535548
0.0660832
0.20947057
0.0035352833
0.022002032
0.00411635
0.011012347
0.020634757
0.010918449
0.009839963
0.0028052235
0.0131341955
0.050804313
0.013753741
0.062646486
0.72318536
0.21039312
0.58666164
0.0140547855
0.028219009
0.0033750797
0.061659858
0.66860723
0.0194988
0.0194988
0.0194988
0.060588032
0.006096908
0.0074504097
0.0064112665
0.012187897
0.012284043
0.8396633
0.033632524
0.05291197
0.005762604
0.15818562
0.055658817
0.088595085
0.004783362
0.9733434
0.009876182
0.002302793
0.0039047874
0.104820035
0.10170335
0.002548071
0.033583492
0.040228374
0.019934041
0.007756438
0.006621404
0.0064682215
0.010481743
0.031916138
0.035041906
0.017995585
0.06302443
0.6696358
0.0053718784
0.4840242
0.005488506
0.013653997
0.0039637955
0.004679346
0.0053987163
0.0054745786
0.009083971
0.04600882
0.06332881
0.079863295
0.019165855
0.96389484
0.6896713
0.18266332
0.08716091
0.11678825
0.0034037358
0.09958597
0.013579506
0.11027308
0.0067075505
0.04594921
0.01149698
0.01167051
0.012265351
0.0053094653
0.011785779
0.06369599
0.045094125
0.029129837
0.002968789
0.019618845
0.00458243
0.008787847
0.008712365
0.0033937446
0.03530522
0.006999704
0.03530522
0.017464714
0.0317222
0.033244383
0.0027771825
0.9122404
0.008677477
0.010179363
0.016681345
0.019817749
0.009918341
0.06407913
0.022327056
0.002602125
0.005481983
0.7915364
0.023688741
0.05440443
0.01885694
0.42767978
0.0053133336
0.017355675
0.0441327
0.024146544
0.0035729283
0.0031613393
0.003811916
0.005483316
0.0052997223
0.037025273
0.0055775866
0.054768838
0.004406009
0.009884702
0.21541955
0.19665395
0.010601656
0.039531842
0.029729577
0.10542454
0.15343073
0.8980301
0.017575534
0.013969352
0.012651413
0.017162345
0.04228761
0.004485474
0.050860707
0.013606626
0.010719962
0.0041626585
0.025536073
0.012643233
0.007471854
0.0030933486
0.005580394
0.016522104
0.004729795
0.004679386
0.004679386
0.0048250495
0.0048250495
0.008638452
0.067550674
0.019487604
0.02869552
0.004401535
0.029129837
0.004149696
0.021828484
0.0096060885
0.049026158
0.0024017328
0.021189345
0.25365293
0.0033629893
0.030745914
0.009896184
0.19628097
0.007834495
0.032820728
0.0095767565
0.003842586
0.033432353
0.0101932725
0.0021008628
0.2110471
0.004180437
0.0072557083
0.0062499503
0.007072906
0.011427076
0.013558389
0.0054692533
0.0130209755
0.015994936
0.071877554
0.008054572
0.017585749
0.0074758097
0.94078076
0.005731257
0.018333254
0.17720138
0.0068312488
0.018544871
0.01594972
0.005330294
0.0063178563
0.006133534
0.003348118
0.003348118
0.008058807
0.003348118
0.005712665
0.028659923
0.34823397
0.0050517432
0.014909596
0.030300794
0.014399895
0.0018355363
0.02262933
0.0062271254
0.01761293
0.022326963
0.018713158
0.021221478
0.015844297
0.0053360662
0.017253553
0.016124265
0.004282038
0.005926437
0.9647755
0.0080243135
0.010995231
0.014353024
0.017104575
0.2792684
0.009262052
0.004626968
0.0109006865
0.014588245
0.021379186
0.14437482
0.064186916
0.89669377
0.7565617
0.003722945
0.008287196
0.006524834
0.0042468295
0.03499219
0.009866895
0.16652966
0.0029493812
0.007039854
0.0040644323
0.017097147
0.025615443
0.0031598834
0.0031598834
0.0036045494
0.0026881003
0.0031177544
0.0031177544
0.49936375
0.006565135
0.006565135
0.00288821
0.0028143437
0.029129837
0.0045997454
0.005456517
0.03672221
0.003322024
0.007952813
0.012003977
0.02495746
0.9393376
0.01470219
0.010263888
0.013922165
0.010778422
0.0072915754
0.002754038
0.006380349
0.012569631
0.007426889
0.0038806102
0.009178294
0.017873708
0.03607958
0.0048792306
0.009458787
0.7577699
0.03560199
0.119839825
0.04460523
0.026792148
0.065452516
0.015832368
0.005651199
0.0030427685
0.0038818237
0.95304024
0.0045446055
0.010895769
0.019240154
0.029129837
0.004560513
0.012801793
0.0037918235
0.004022371
0.008707605
0.006682791
0.024198392
0.0033099244
0.010317743
0.008092084
0.0028039736
0.008711119
0.0069002085
0.0039558774
0.4774422
0.090094574
0.6629923
0.017646125
0.012563956
0.105281495
0.0032929054
0.003606633
0.0047054356
0.0042957095
0.005949303
0.9556162
0.012643635
0.0060887295
0.9547677
0.004583055
0.0021814485
0.07727218
0.015819896
0.48817864
0.06454223
0.006262199
0.0023089037
0.86969787
0.003386873
0.4993313
0.008153492
0.005754749
0.008220948
0.0030427685
0.0024636483
0.038856935
0.002817992
0.0023237637
0.6398029
0.83765525
0.021790965
0.05250934
0.002352459
0.060064536
0.2712197
0.011738665
0.009270003
0.0047337655
0.004154663
0.004628458
0.020172019
0.03313349
0.004559161
0.00960866
0.3859001
0.28929323
0.015252957
0.005430087
0.8636395
0.96347743
0.071359046
0.41196588
0.025146091
0.074532524
0.007858482
0.024615824
0.18352868
0.0021221922
0.0063251015
0.017838366
0.0040532798
0.040653784
0.004736041
0.0024872255
0.0025030826
0.9036305
0.008711119
0.0025362202
0.003231758
0.01121479
0.20019534
0.028947601
0.00567985
0.00409017
0.53960574
0.030083166
0.02107384
0.076036766
0.022149688
0.17611498
0.05822913
0.007152678
0.32944676
0.0030962734
0.011835897
0.36541137
0.33553874
0.003119473
0.0038732728
0.0051758923
0.0068584937
0.9877281
0.00864325
0.023940088
0.012717809
0.035595562
0.020055795
0.00823135
0.025881827
0.014042166
0.04340764
0.007880684
0.01657175
0.0050200913
0.17611498
0.04340764
0.005293403
0.0035904106
0.01293388
0.008911941
0.009592333
0.0041876994
0.06139242
0.009895303
0.0062584467
0.0025961415
0.0019757126
0.025453057
0.033574603
0.006783709
0.0140547855
0.015841067
0.034687005
0.022617944
0.0046491716
0.8670627
0.009541639
0.017684981
0.024825914
0.10290393
0.005419797
0.018265951
0.0024035668
0.9357222
0.008215722
0.018889483
0.2329858
0.06748968
0.3627559
0.8287468
0.0042566787
0.012207605
0.023261866
0.019161569
0.008473921
0.0048450064
0.0077141095
0.03734595
0.98621655
0.027310856
0.04366401
0.0042085913
0.008400451
0.010658309
0.24689503
0.017600494
0.008496145
0.0058715413
0.37439743
0.004353261
0.002725877
0.108592845
0.016749226
0.0068633123
0.0068076313
0.006788233
0.022959877
0.02143035
0.0036830558
0.0032313354
0.0285265
0.02086423
0.0075477315
0.013511495
0.0031710914
0.022460565
0.01857401
0.010808976
0.018941233
0.0027055726
0.008134186
0.006029716
0.027048673
0.0072428472
0.5693523
0.8414907
0.011070761
0.096007824
0.0029500509
0.0043984978
0.013452062
0.092561714
0.0065891477
0.007572429
0.010837774
0.05731092
0.037947804
0.024585545
0.013577944
0.46225816
0.019550849
0.005705073
0.027034333
0.014267497
0.010991395
0.011357694
0.007138976
0.003602464
0.15646161
0.005631481
0.042956825
0.057975687
0.0102555165
0.018336834
0.018637612
0.37325898
0.035864845
0.028433472
0.0038523206
0.0070012375
0.11186597
0.003269488
0.0064153853
0.90401447
0.022826787
0.00595883
0.0036178208
0.078574575
0.07212018
0.0028279985
0.027054146
0.14618763
0.0064773574
0.007934132
0.080019034
0.015574311
0.009391289
0.87787205
0.20328793
0.12609991
0.0053452956
0.009639738
0.0043528005
0.029129837
0.006399128
0.007132323
0.0043184534
0.007885369
0.11395619
0.002491915
0.00450061
0.015984658
0.10845555
0.008650319
0.022896156
0.010323453
0.049570832
0.026098372
0.0042792917
0.026077226
0.040411066
0.002611908
0.17389578
0.4840242
0.014198971
0.017156255
0.008752716
0.014123243
0.0037134136
0.2845234
0.021515256
0.8511625
0.11610476
0.046117008
0.008206258
0.051208027
0.0319842
0.01636361
0.001657129
0.0021485952
0.02086423
0.95303464
0.011147485
0.0412969
0.02955381
0.0054261177
0.07354268
0.09151837
0.008797013
0.0019206484
0.011732608
0.21657392
0.009888843
0.00680689
0.5264458
0.010157001
0.005184627
0.0030018261
0.048083767
0.020615516
0.047427192
0.009104635
0.11567985
0.77144086
0.9539586
0.017632412
0.038306016
0.24684492
0.013567143
0.20402744
0.8841642
0.9831297
0.01885957
0.0032025843
0.00379245
0.0034728628
0.020623047
0.0051785847
0.0962772
0.9178212
0.035763185
0.01961045
0.64636165
0.16964181
0.0022316277
0.032505922
0.09341997
0.026210275
0.07158104
0.38434604
0.0076673613
0.35243335
0.0034755997
0.94184387
0.95069873
0.0077571827
0.01980515
0.02904854
0.020375954
0.9516526
0.0040565594
0.025800103
0.01220158
0.0048447377
0.62037975
0.0037664082
0.034935817
0.018222354
0.0050565666
0.16252011
0.029129837
0.008698321
0.7482053
0.94046277
0.11045148
0.008159621
0.0076053166
0.0037503194
0.004928979
0.0033574335
0.0024060667
0.00629079
0.028238421
0.011310777
0.0039691105
0.119514674
0.0032664968
0.027375149
0.0032541524
0.18925023
0.002383721
0.15096146
0.19636333
0.0057038646
0.088589944
0.058980722
0.012659549
0.0023860086
0.19983764
0.62438476
0.004473494
0.008938384
0.006244695
0.6420732
0.01800131
0.005770835
0.004553653
0.45726272
0.0076877386
0.008239405
0.009354174
0.11347632
0.87109685
0.01554343
0.014294047
0.029129837
0.0051658154
0.0212302
0.006943787
0.01601142
0.06438864
0.62438476
0.008972418
0.038848
0.008849921
0.112074725
0.008076775
0.0020700071
0.0037400832
0.0033551995
0.0073138652
0.04144703
0.06775198
0.03977441
0.035562664
0.0048278063
0.024587205
0.16039762
0.017593987
0.62438476
0.0435636
0.02760489
0.042757403
0.019997176
0.031281736
0.01612257
0.0027450963
0.021189345
0.024899615
0.026817452
0.108663045
0.0030626887
0.0026444925
0.019337857
0.016114486
0.95347923
0.019956246
0.62438476
0.039174106
0.0039299103
0.007290163
0.006526326
0.021189345
0.6812129
0.015416533
0.0062840693
0.0060829027
0.07085885
0.03993694
0.008855544
0.012847522
0.37805766
0.005396033
0.9497266
0.020213509
0.061784234
0.0042897966
0.62438476
0.028505417
0.44374284
0.4840242
0.0036922125
0.14948905
0.20648466
0.004601807
0.018707754
0.002298764
0.035234295
0.6793545
0.039174106
0.010134891
0.029129837
0.0051808986
0.9550504
0.008262371
0.009192215
0.011455499
0.041429587
0.0050797206
0.0072814813
0.008752256
0.018432457
0.0033994387
0.016488286
0.025234776
0.039174106
0.62438476
0.003434072
0.9830062
0.005381168
0.023474062
0.009238906
0.97641945
0.012851839
0.0063440343
0.0056834836
0.007396681
0.0074397754
0.0061293463
0.021868106
0.012370177
0.007021584
0.052297764
0.040840104
0.041942853
0.03255668
0.0030200765
0.009112888
0.0067407168
0.018015362
0.0043878555
0.0064481623
0.62438476
0.012678856
0.01835561
0.018586729
0.06811616
0.0050021475
0.003341231
0.006476025
0.0056488547
0.03394141
0.03553397
0.003510352
0.003873684
0.013505722
0.02212934
0.0047409437
0.079869375
0.007062646
0.024175046
0.031951804
0.103601195
0.0044284123
0.004833525
0.031664457
0.02410643
0.007680605
0.009298451
0.1145333
0.012346078
0.24847241
0.0027805893
0.020489981
0.003039832
0.038122367
0.016973129
0.01639107
0.0038527604
0.0045458926
0.15982875
0.003038366
0.014768416
0.021189345
0.010661769
0.006069536
0.004905829
0.034917876
0.009237584
0.034407
0.021189345
0.012115582
0.24289024
0.98301214
0.039930332
0.056273147
0.032948643
0.021189345
0.024386153
0.004802643
0.00604995
0.023399817
0.0023892939
0.0074369856
0.02972428
0.02895302
0.0037844488
0.009096685
0.0040259436
0.0029921092
0.026993476
0.0096827
0.009775803
0.0080922935
0.0027228578
0.092545904
0.024576345
0.07343194
0.004240631
0.014598766
0.005508894
0.008376286
0.008680897
0.016770963
0.12944059
0.0043610777
0.0073535526
0.011346166
0.031065656
0.015504016
0.0049861865
0.008963777
0.01363875
0.01761112
0.0056721517
0.0025818571
0.0043025515
0.02073077
0.021189345
0.00440408
0.0040340945
0.18665574
0.02137107
0.016606893
0.0061197495
0.0018861389
0.010687622
0.023372456
0.030383628
0.15025601
0.038419113
0.004062211
0.11745458
0.06591923
0.0062809014
0.027193751
0.0018700223
0.94714946
0.006176432
0.0105763385
0.030591251
0.0033376804
0.028844591
0.0036963846
0.010313959
0.0022669942
0.021682577
0.008899009
0.73987514
0.0131891295
0.0034239301
0.0039131413
0.004713955
0.12552494
0.021189345
0.021189345
0.0631595
0.007571421
