0.231201
0.009152338
0.009758022
0.010034447
0.047096338
0.046961945
0.0075620264
0.20027056
0.07205336
0.24602474
0.045493983
0.04712441
0.069757454
0.017890804
0.014182615
0.02211868
0.031292543
0.054038387
0.005368813
0.011824549
0.6370258
0.8509171
0.010896012
0.12916194
0.04132746
0.011947245
0.013203233
0.3407336
0.07890091
0.059634775
0.033599243
0.04409345
0.18930607
0.014455556
0.026723726
0.231201
0.016508464
0.007817958
0.009137174
0.011223232
0.005219706
0.1689429
0.013085836
0.97627413
0.007619376
0.0020375105
0.010982185
0.16685243
0.0067531075
0.01250963
0.024190638
0.18930607
0.16584109
0.061323695
0.17543747
0.07791777
0.231201
0.04118896
0.26199445
0.16685243
0.023910457
0.018293956
0.027659427
0.011945997
0.17537396
0.029261896
0.8481657
0.02196253
0.018707003
0.20577197
0.24274227
0.0033746464
0.00412459
0.017794114
0.0036126599
0.8861805
0.0040535373
0.044327274
0.025227604
0.06306759
0.040206116
0.0099698715
0.42119476
0.03255975
0.14154159
0.06233901
0.044147998
0.82620937
0.09682217
0.8136807
0.0062236134
0.033513334
0.007359715
0.24285054
0.007993224
0.06541268
0.007359715
0.30000722
0.07863766
0.013751409
0.09876843
0.008895812
0.046309754
0.010394781
0.44312584
0.231201
0.015911259
0.034572136
0.34263027
0.01821465
0.0738572
0.044415865
0.06055549
0.44355994
0.07391623
0.3016483
0.06913253
0.046599638
0.020345837
0.050791796
0.007622923
0.04274802
0.2398878
0.002835456
0.231201
0.03848002
0.90184426
0.23913127
0.05302525
0.0079656895
0.06368418
0.07257716
0.06814187
0.3788814
0.14434291
0.010686719
0.038394425
0.018620783
0.9269431
0.14240633
0.024648072
0.113280945
0.1103981
0.34762442
0.231201
0.13451105
0.058816873
0.8875116
0.00975676
0.028028173
0.46083573
0.09242503
0.037994415
0.04409345
0.6018427
0.4857183
0.0076595317
0.010932012
0.04409345
0.10607091
0.6950891
0.04292327
0.19706191
0.022606347
0.18930607
0.005924399
0.0040690764
0.0040690764
0.12753801
0.0040690764
0.03486245
0.1545804
0.04122509
0.047788102
0.0051123104
0.89274627
0.231201
0.029710729
0.18930607
0.1403943
0.019853419
0.9668919
0.04125382
0.010350157
0.011204659
0.14767519
0.004435897
0.0050751455
0.076182775
0.051575672
0.96634644
0.029410088
0.006328075
0.0035001303
0.07911066
0.8314383
0.081286564
0.0053433543
0.018006252
0.983423
0.231201
0.038937777
0.94709104
0.94795495
0.01841152
0.18502045
0.13729708
0.078021504
0.16910373
0.3937828
0.6187387
0.078021504
0.067922354
0.44810805
0.8429861
0.014794889
0.02473447
0.9321433
0.48451215
0.038997672
0.06574206
0.013016726
0.034490388
0.015851185
0.5763545
0.017111007
0.007098818
0.04013933
0.042632136
0.0050890646
0.003947306
0.0038765336
0.231201
0.005328667
0.044852614
0.23147844
0.6823651
0.0035292753
0.15235806
0.24274227
0.35002765
0.37826365
0.057511356
0.030838314
0.8497966
0.110357516
0.6421842
0.2427612
0.04116945
0.03845542
0.7120759
0.77046925
0.009110813
0.706738
0.21954215
0.231201
0.003594628
0.016161589
0.0049059475
0.0074314033
0.03202513
0.025255192
0.01544357
0.16841157
0.05179748
0.060789987
0.095946714
0.5073918
0.012834956
0.004734086
0.014982026
0.07500109
0.6421842
0.021022337
0.23839808
0.080783
0.0024118882
0.038539287
0.231201
0.046051405
0.004003893
0.83662206
0.018963264
0.013054984
0.31251448
0.0060514356
0.010552564
0.027168801
0.03303232
0.018562844
0.0050551333
0.01841641
0.056943938
0.006572827
0.55803114
0.09140106
0.06789078
0.51901126
0.6421842
0.6586083
0.6421842
0.6421842
0.34762442
0.231201
0.012158969
0.0035093876
0.021166282
0.1840244
0.01153001
0.004636555
0.0049027023
0.022896083
0.008223151
0.0067634885
0.025968948
0.0058298092
0.47163638
0.026046177
0.013226787
0.074191414
0.0077025336
0.6521122
0.008988842
0.053999737
0.231201
0.0131889535
0.010958432
0.06336456
0.008590251
0.033186805
0.011361195
0.005600739
0.020381564
0.014874101
0.03423076
0.32094446
0.07661099
0.0076108603
0.016155774
0.06234697
0.09984974
0.061819725
0.04062942
0.006445946
0.12497814
0.018755814
0.23717013
0.085201286
0.013290598
0.15474805
0.51318276
0.20185892
0.07708563
0.0050318334
0.18499133
0.029959308
0.63012826
0.5685104
0.050695445
0.87059325
0.49666
0.5499184
0.060694005
0.0048595984
0.5736046
0.08107823
0.30361816
0.062320013
0.025782265
0.01197166
0.01125498
0.25611255
0.55760825
0.24801177
0.0029949907
0.0021364465
0.015536587
0.1859952
0.026685983
0.11663379
0.3893167
0.0037062413
0.06686392
0.018562844
0.17122348
0.013063537
0.021314144
0.022349937
0.13050203
0.34127742
0.020100296
0.023507858
0.14792486
0.020716205
0.013867354
0.058152948
0.048657816
0.018562844
0.0029938007
0.03065672
0.048386183
0.045253813
0.03682081
0.008960009
0.24274227
0.07151426
0.021859327
0.055234186
0.053951018
0.04123618
0.077684864
0.009157925
0.033116136
0.4492203
0.006381234
0.2264648
0.015271328
0.1205753
0.004653985
0.11284101
0.04753646
0.00925357
0.09779639
0.17620297
0.032392878
0.027322264
0.036320217
0.05922464
0.051499773
0.024080126
0.025205683
0.032819524
0.038214102
0.7157004
0.08172185
0.00341501
0.03444692
0.018150274
0.031965006
0.06268398
0.01732448
0.12709403
0.003813894
0.050316725
0.016828338
0.12377467
0.010115429
0.07058949
0.82577676
0.019237367
0.026553147
0.0461835
0.11343491
0.4086024
0.0528783
0.01972865
0.035148866
0.012199364
0.19734535
0.06554155
0.05715698
0.04737027
0.7157004
0.081286564
0.8779369
0.022526193
0.2239216
0.058145296
0.029789284
0.07468616
0.05479652
0.5725735
0.118113644
0.07173721
0.023261515
0.04362078
0.12769945
0.035490394
0.067191355
0.07315873
0.23445338
0.64122343
0.06487293
0.03375908
0.0052369777
0.0045326552
0.0029988838
0.0128470985
0.14505082
0.015592663
0.1462004
0.01287221
0.87303495
0.006557415
0.06508846
0.03634509
0.013520267
0.040968597
0.022391967
0.018981809
0.013909158
0.028431246
0.0043980996
0.014605882
0.032349493
0.03999634
0.0051519745
0.013951106
0.018562844
0.13977303
0.06518889
0.022438375
0.13646808
0.008764274
0.038471084
0.009394127
0.18446761
0.081286564
0.77097225
0.10306321
0.08513221
0.011399361
0.04314099
0.13646808
0.058208082
0.15273339
0.018124199
0.013205942
0.23664053
0.011294901
0.0031519595
0.020060891
0.0032442643
0.0044413786
0.0025303096
0.8866335
0.0033485452
0.10025307
0.24010563
0.021634724
0.10077204
0.0036834227
0.023175867
0.026085353
0.0037989954
0.028183175
0.018562844
0.060365014
0.051288906
0.09934609
0.013377441
0.0046991766
0.260868
0.15522762
0.051288906
0.017431801
0.14310929
0.018051172
0.04362678
0.008314518
0.029705295
0.074163556
0.29184458
0.03289056
0.17398468
0.019654982
0.030970866
0.018151991
0.4548182
0.09894044
0.049892575
0.01779513
0.49563557
0.29367122
0.04627765
0.11502238
0.49308562
0.11387916
0.0721957
0.011221431
0.0113497805
0.018562844
0.015767874
0.016564514
0.5048953
0.021819195
0.422618
0.049008433
0.8425757
0.006616938
0.057933453
0.9373976
0.029779585
0.093640074
0.039157283
0.027630076
0.017023636
0.081286564
0.034059074
0.049892575
0.018562844
0.026039086
0.19800477
0.06295203
0.033184204
0.014848666
0.014753403
0.020554537
0.046786554
0.054836314
0.11899702
0.03576858
0.07004522
0.027307507
0.009692821
0.050831757
0.039700888
0.0674785
0.010588427
0.096268006
0.1598596
0.05813521
0.15560113
0.058826312
0.07950233
0.10920376
0.19576715
0.13491246
0.28308067
0.021738432
0.11815798
0.13491246
0.03646147
0.06800808
0.044292904
0.0070255823
0.022657037
0.061323695
0.030362451
0.2930605
0.0034061337
0.03514807
0.01432694
0.04558264
0.09478742
0.018962035
0.005331896
0.060365014
0.060365014
0.008128227
0.018562844
0.03012358
0.035409477
0.046331014
0.13054673
0.024484176
0.042489614
0.019259455
0.07307654
0.06721439
0.050652258
0.0290804
0.018454708
0.012401055
0.70656246
0.012421739
0.0028687324
0.009132478
0.06282357
0.29075775
0.6512384
0.1911522
0.019430142
0.017040133
0.058357544
0.023544995
0.04572744
0.18430743
0.11230813
0.29756245
0.02187761
0.042313706
0.03851232
0.046128407
0.005084658
0.07161918
0.018562844
0.031241871
0.09913798
0.06649272
0.061211083
0.042821284
0.5572184
0.04362678
0.091293715
0.042313706
0.42444336
0.0815156
0.25527513
0.15187383
0.020100296
0.28394032
0.31407967
0.006973406
0.0512968
0.37216607
0.012013216
0.027555082
0.12230256
0.00961823
0.06276218
0.07250877
0.011692738
0.0030838803
0.024622012
0.21455523
0.024805473
0.18476479
0.059544858
0.008867226
0.018562844
0.13957997
0.20676966
0.3442844
0.0073231696
0.60954297
0.0054255975
0.05475661
0.43063664
0.19607657
0.018984504
