0.78454417
0.48194584
0.449485
0.81133026
0.030851409
0.0381491
0.035953622
0.20657766
0.9066786
0.7491439
0.20533888
0.64296114
0.8575529
0.6939297
0.81899357
0.72385305
0.8826771
0.44605184
0.28565425
0.44605184
0.28565425
0.4170207
0.30702177
0.7327044
0.8092181
0.11768124
0.18758444
0.7934453
0.325704
0.07811176
0.87846404
0.7296246
0.10567089
0.7378714
0.030851409
0.79497474
0.30277032
0.042336266
0.45180145
0.045121677
0.78454417
0.8563169
0.70113647
0.44605184
0.28565425
0.44605184
0.28565425
0.44605184
0.28565425
0.78454417
0.46780723
0.25539201
0.44605184
0.28565425
0.44605184
0.28565425
0.4170207
0.30702177
0.4170207
0.30702177
0.4170207
0.30702177
0.44605184
0.28565425
0.4170207
0.30702177
0.44605184
0.28565425
0.4170207
0.30702177
0.44605184
0.28565425
0.44605184
0.28565425
0.587683
0.4170207
0.30702177
0.4902472
0.26842627
0.44605184
0.28565425
0.44605184
0.28565425
0.44605184
0.28565425
0.8570378
0.19243817
0.19243817
0.5778003
0.06720153
0.37475163
0.64600635
0.07912018
0.050591417
0.78442705
0.030851409
0.85054225
0.8173036
0.16710626
0.0965014
0.7893456
0.787808
0.4880659
0.09379111
0.17230633
0.0702512
0.44605184
0.28565425
0.44605184
0.28565425
0.4170207
0.30702177
0.4170207
0.30702177
0.4170207
0.30702177
0.44605184
0.28565425
0.44605184
0.28565425
0.7916927
0.7551661
0.41559643
0.4170207
0.30702177
0.44605184
0.28565425
0.44605184
0.28565425
0.44605184
0.28565425
0.44605184
0.28565425
0.44605184
0.28565425
0.44605184
0.28565425
0.44605184
0.28565425
0.44605184
0.28565425
0.44605184
0.28565425
0.44605184
0.28565425
0.44605184
0.28565425
0.44605184
0.28565425
0.4982429
0.27391076
0.4170207
0.30702177
0.4816826
0.44605184
0.28565425
0.44605184
0.28565425
0.44605184
0.28565425
0.44605184
0.28565425
0.44605184
0.28565425
0.44605184
0.28565425
0.44605184
0.28565425
0.4170207
0.4170207
0.30702177
0.44605184
0.28565425
0.4342273
0.29867393
0.22752208
0.4342273
0.29867393
0.4342273
0.29867393
0.4170207
0.30702177
0.4170207
0.30702177
0.1628989
0.4170207
0.44605184
0.4170207
0.30702177
0.4342273
0.29867393
0.4170207
0.30702177
0.4170207
0.30702177
0.44605184
0.28565425
0.44605184
0.28565425
0.4170207
0.30702177
0.4342273
0.29867393
0.4170207
0.30702177
0.44605184
0.28565425
0.44605184
0.28565425
0.44605184
0.28565425
0.4170207
0.30702177
0.4342273
0.29867393
0.44605184
0.28565425
0.44605184
0.28565425
0.68065387
0.19557866
0.3824231
0.12551765
0.36518416
0.030851409
0.68016094
0.05131196
0.38657278
0.7438886
0.07129103
0.78454417
0.5756805
0.7315018
0.060612395
0.5622499
0.8607427
0.4295988
0.62077665
0.833551
0.8551798
0.68160677
0.60489506
0.7210948
0.77851266
0.2206556
0.57987607
0.030851409
0.34293783
0.73394734
0.06606158
0.8538247
0.8140648
0.11947513
0.60084075
0.62399757
0.60703677
0.29750183
0.4703232
0.24926066
0.78454417
0.075856976
0.55922097
0.06552544
0.6253015
0.7642334
0.040147837
0.030851409
0.57059157
0.7659596
0.5557094
0.59666735
0.7885789
0.44731748
0.6861058
0.095009774
0.27081826
0.72266203
0.61344564
0.5369425
0.8013497
0.5609417
0.42868564
0.071224585
0.85653216
0.7628324
0.8294473
0.78454417
0.5304321
0.53911793
0.83227354
0.34321332
0.6523575
0.068256
0.1170472
0.6662423
0.68785703
0.1410767
0.038262527
0.6478492
0.60250014
0.09910365
0.597189
0.65998495
0.5208009
0.30702177
0.10757396
0.6772651
0.65296555
0.28867757
0.4819422
0.32606456
0.43337095
0.81416655
0.4204831
0.4487881
0.7668883
0.7970225
0.45424926
0.862619
0.024863971
0.7296956
0.78454417
0.17565884
0.78454417
0.6343325
0.3272608
0.20694353
0.44605184
0.28565425
0.4170207
0.30702177
0.4170207
0.30702177
0.44605184
0.28565425
0.4170207
0.07087201
0.30702177
0.5454132
0.7570919
0.45113546
0.23015681
0.51754373
0.50905764
0.40411776
0.58076626
0.45165426
0.30892327
0.5427725
0.82495165
0.19260035
0.879242
0.83208174
0.8449184
0.47313687
0.8538531
0.042273555
0.47098023
0.085890494
0.5699013
0.071988516
0.5530807
0.87723476
0.27570623
0.15209483
0.476895
0.57040954
0.78454417
0.66735137
0.13251549
0.0868494
0.05177821
0.5670925
0.10578764
0.83972734
0.719067
0.5925371
0.153522
0.107530765
0.721323
0.3772955
0.020769179
0.7311838
0.030851409
0.48041663
0.21893114
0.86944133
0.47273082
0.24234827
0.38247478
0.0146734025
0.17644522
0.67256474
0.78454417
0.6140958
0.6909611
0.22417533
0.42849866
0.5569793
0.49658608
0.87992764
0.030851409
0.86413544
0.63980985
0.21492794
0.12548019
0.78454417
0.18471472
0.19166188
0.90234756
0.072951935
0.6589226
0.4774585
0.9180937
0.11547979
0.86413544
0.69849646
0.18957697
0.8623325
0.050158724
0.012017102
0.8308243
0.8308243
0.3723228
0.43663755
0.91275465
0.56531024
0.37475246
0.47294998
0.83339554
0.83878785
0.83878785
0.81313676
0.8154602
0.030851409
0.016041871
0.36962903
0.78454417
0.469439
0.38354543
0.84069467
0.308871
0.39834148
0.22509368
0.53309315
0.40282086
0.17768785
0.78454417
0.016218351
0.5677829
0.42994878
0.41820884
0.030851409
0.66605306
0.40840003
0.54757684
0.14059083
0.8562214
0.07222903
0.33479947
0.29515412
0.44605184
0.28565425
0.092317894
0.14017749
0.7641517
0.56607133
0.030851409
0.78454417
0.6809843
0.1892944
0.21444006
0.31758517
0.097954445
0.4407293
0.7343791
0.23764692
0.42958927
0.38563323
0.5518736
0.12975366
0.06593187
0.50908715
0.7246677
0.11200286
0.030851409
0.536382
0.68965465
0.32167462
0.086213425
0.7420882
0.78454417
0.7168698
0.6641136
0.55410206
0.04222828
0.84595466
0.78454417
0.030851409
0.3725075
0.05828916
0.32167557
0.35116205
0.20468092
0.087676905
0.429047
0.4658927
0.46320292
0.4547194
0.5987101
0.7962483
0.7029871
0.36813322
0.25479776
0.6631139
0.04699634
0.5980635
0.87500226
0.048989266
0.11543752
0.029245196
0.030851409
0.095395766
0.6661487
0.095395766
0.85435253
0.31202543
0.7412036
0.58748007
0.52613276
0.8798861
0.33997753
0.7591495
0.16112708
0.122482665
0.8949774
0.80875754
0.41188267
0.76942575
0.5530028
0.76942575
0.19714023
0.3884679
0.4245576
0.026696922
0.016747767
0.6927437
0.33212733
0.78454417
0.030851409
0.3117972
0.31539214
0.12751353
0.8011042
0.028540099
0.7930329
0.6276062
0.78685594
0.7602279
0.5004177
0.4689407
0.8696946
0.022821086
0.37487352
0.78454417
0.81010556
0.41609806
0.030851409
0.1126792
0.39988843
0.39988843
0.7002918
0.8310879
0.5293779
0.45529515
0.38212097
0.851295
0.08324134
0.8120524
0.4876995
0.3198332
0.14709362
0.7316378
0.8657287
0.32309368
0.8670197
0.38615823
0.43512464
0.7471289
0.65851766
0.8268245
0.7556877
0.78454417
0.122448705
0.87732196
0.030851409
0.77656037
0.88224363
0.5518532
0.74652094
0.3164958
0.40038347
0.40038347
0.40038347
0.40038347
0.91423
0.7498502
0.33045977
0.20999542
0.57015985
0.08953993
0.52633256
0.7818105
0.8009619
0.8748664
0.74834955
0.022506008
0.12572256
0.7280996
0.68964905
0.030851409
0.03859584
0.43868238
0.43197092
0.31561017
0.38727716
0.6124114
0.7369091
0.76923007
0.49618602
0.31127107
0.7021224
0.7021224
0.7062139
0.7021224
0.7021224
0.86581045
0.86581045
0.86581045
0.8640885
0.052324202
0.4366131
0.36671
0.7085033
0.7503262
0.12390123
0.72553945
0.8482921
0.061996814
0.78454417
0.28569376
0.5699269
0.5789273
0.91201764
0.2576125
0.83590585
0.78454417
0.27225026
0.030851409
0.03051188
0.8572395
0.8981403
0.84002256
0.2280085
0.4648948
0.40351766
0.40351766
0.43213236
0.7342019
0.8198797
0.8088404
0.7987406
0.57838917
0.20991531
0.47868887
0.8764289
0.32350734
0.5622153
0.57696545
0.7827114
0.7827114
0.18726397
0.12250418
0.7827114
0.5460986
0.81493527
0.42536843
0.7296889
0.873739
0.2590499
0.30474284
0.8024855
0.68678397
0.17281042
0.63727957
0.5412473
0.61313826
0.45270604
0.030851409
0.3094344
0.08253408
0.61020046
0.38248166
0.67017287
0.3882954
0.5333877
0.5294069
0.8553928
0.6341384
0.13174072
0.82183903
0.6184835
0.23189205
0.45400998
0.5602755
0.21078175
0.13338253
0.064999074
0.1655819
0.7325256
0.83785367
0.78989846
0.77783626
0.61442024
0.5536896
0.78454417
0.5558051
0.6311253
0.094901994
0.75305915
0.5388136
0.0060385577
0.0102058975
0.81929624
0.57110566
0.106197484
0.07302611
0.5737787
0.029752467
0.18739043
0.030851409
0.61875576
0.6780925
0.7853588
0.5667806
0.6938809
0.19966707
0.61584795
0.31088337
0.7384481
0.1658601
0.7642865
0.5465032
0.7974385
0.02152331
0.73950684
0.15815651
0.1539971
0.112999886
0.71739036
0.43357474
0.48065388
0.24633184
0.48065388
0.24633184
0.44605184
0.28565425
0.48165154
0.2914734
0.4342273
0.29867393
0.4342273
0.29867393
0.4982429
0.27391076
0.44783753
0.3006777
0.44605184
0.28565425
0.44605184
0.28565425
0.44605184
0.28565425
0.76133585
0.44605184
0.28565425
0.44605184
0.28565425
0.44605184
0.28565425
0.44605184
0.28565425
0.44605184
0.28565425
0.4170207
0.44605184
0.28565425
0.46780723
0.44605184
0.28565425
0.44605184
0.28565425
0.44605184
0.28565425
0.44605184
0.28565425
0.44605184
0.44605184
0.28565425
0.30702177
0.44605184
0.28565425
0.44605184
0.28565425
0.44605184
0.28565425
0.44605184
0.28565425
0.44605184
0.28565425
0.4170207
0.30702177
0.28565425
0.44605184
0.28565425
0.4170207
0.30702177
0.28565425
0.44605184
0.28565425
0.40269676
0.44605184
0.28565425
0.4170207
0.30702177
0.4170207
0.30702177
0.45321372
0.42596588
0.67886096
0.6982384
0.2943785
0.57863504
0.62046635
0.75401497
0.20280062
0.29307738
0.4170207
0.30702177
0.61028254
0.45321372
0.48199636
0.18431157
0.5613706
0.28478354
0.29581767
0.024585323
0.7661317
0.03510279
0.14625236
0.4170207
0.010516985
0.4038909
0.060834255
0.03382038
0.45816293
0.015395337
0.65956706
0.7595827
0.014822626
0.035554253
0.50877714
0.6226869
0.62043035
0.63234353
0.428474
0.17512614
0.79995584
0.6472257
0.020179125
0.016938623
0.62417483
0.15289441
0.8767863
0.43992975
0.39962846
0.05352564
0.1680796
0.6400964
0.03783675
0.104247764
0.60561067
0.6261806
0.064061336
0.7933594
0.7979859
0.8368403
0.62686986
0.5350409
0.6027366
0.6830418
0.58828384
0.102702
0.22107263
0.4126607
0.42974904
0.60162663
0.7269925
0.67506903
0.79164934
0.7072802
0.58623075
0.6971918
0.079486735
0.5817822
0.8139629
0.5791811
0.21990085
0.5176069
0.60609686
0.5677392
0.27332473
0.3624601
0.4182617
0.06367154
0.48339108
0.5949304
0.44248942
0.7676513
0.16440342
0.37642184
0.38690993
0.3586763
0.1628616
0.5784472
0.87376755
0.5183252
0.08007965
0.11148578
0.5245553
0.6315155
0.65277576
0.5612535
0.5103924
0.41993716
0.075116985
0.4968708
0.8372252
0.15146025
0.64685506
0.32657912
0.22081764
0.24586599
0.45594612
0.67072856
0.72319645
0.015442935
0.8123883
0.6500896
0.23477446
0.6755273
0.79397845
0.76034325
0.80959153
0.8042682
0.29469335
0.030851409
0.68724895
0.4412829
0.6043255
0.7477098
0.45077983
0.19549148
0.63626176
0.56779677
0.32812324
0.037131652
0.4568475
0.61518437
0.58840585
0.73657554
0.02568826
0.024622792
0.71190363
0.5233261
0.049997337
0.3801217
0.2638226
0.46983585
0.634661
0.30652338
0.41366932
0.39751062
0.6205266
0.6485382
0.7488824
0.33568692
0.4170207
0.726543
0.30702177
