(QUERY): 'AMERICAN-MUSLIM' '08'
Negative Neutral Positive
0.18423724174499512 0.6321560740470886 0.18360669910907745 
0.016761012375354767 0.1323852837085724 0.8508537411689758 
0.951650083065033 0.04488704726099968 0.0034629006404429674 
0.8037954568862915 0.18644236028194427 0.009762250818312168 
0.11820672452449799 0.452411949634552 0.4293813407421112 
0.879643976688385 0.11141399294137955 0.008941969834268093 
0.045945875346660614 0.5063130855560303 0.4477411210536957 
0.4989079236984253 0.47730761766433716 0.023784417659044266 
0.5862693190574646 0.40291303396224976 0.01081769447773695 
0.36112865805625916 0.577090859413147 0.06178048253059387 
0.7293919324874878 0.24654757976531982 0.024060511961579323 
0.6342236399650574 0.35021156072616577 0.015564808622002602 
0.3217338025569916 0.6096032857894897 0.06866292655467987 
0.9365637898445129 0.059591587632894516 0.0038445335812866688 
0.15341727435588837 0.5769525766372681 0.26963010430336 
0.11888451874256134 0.8361596465110779 0.04495575651526451 
0.0016870909603312612 0.04064299911260605 0.9576699137687683 
0.750334620475769 0.23468764126300812 0.01497774850577116 
0.8371265530586243 0.15287794172763824 0.009995529428124428 
0.05421826243400574 0.7840392589569092 0.16174247860908508 
0.7633500695228577 0.22785323858261108 0.008796765469014645 
0.6070813536643982 0.3536835312843323 0.03923514857888222 
0.009722545742988586 0.6718435883522034 0.3184339106082916 
0.04298443719744682 0.9090585708618164 0.047956954687833786 
0.9434955716133118 0.052486665546894073 0.004017794970422983 
0.8810056447982788 0.11462830007076263 0.004366073291748762 
0.027280518785119057 0.8739210963249207 0.09879828244447708 
0.3088199496269226 0.6434529423713684 0.04772711172699928 
0.9142032265663147 0.08228190988302231 0.0035148763563483953 
0.7693867087364197 0.21522289514541626 0.015390411019325256 
0.9116817712783813 0.08469108492136002 0.0036271268036216497 
0.01679295115172863 0.34982866048812866 0.6333783864974976 
0.8357681035995483 0.15200203657150269 0.012229861691594124 
0.6315320730209351 0.3413267731666565 0.027141159400343895 
0.0008331071585416794 0.010771095752716064 0.9883958101272583 
0.037999968975782394 0.373855859041214 0.5881442427635193 
0.3613564670085907 0.600851833820343 0.03779168799519539 
0.23569108545780182 0.6933346390724182 0.07097431272268295 
0.6496304869651794 0.3378719687461853 0.012497546151280403 
0.8096019625663757 0.1836993545293808 0.006698752287775278 
0.6492998600006104 0.3180265724658966 0.03267357498407364 
0.40791055560112 0.5779309868812561 0.014158450067043304 
0.6992076635360718 0.29430949687957764 0.006482833530753851 
0.6809868812561035 0.29624128341674805 0.022771872580051422 
0.5330817103385925 0.4141562581062317 0.05276201665401459 
0.014431668445467949 0.8672239780426025 0.11834434419870377 
0.8012138605117798 0.19003811478614807 0.008748095482587814 
0.9631147384643555 0.03434479609131813 0.0025404810439795256 
0.000830705335829407 0.01606188714504242 0.9831074476242065 
0.09154973924160004 0.7251174449920654 0.18333280086517334 
0.4455362856388092 0.5377939343452454 0.01666981168091297 
0.2635270953178406 0.6262120604515076 0.11026079207658768 
0.6462244391441345 0.3321451246738434 0.021630391478538513 
0.8227317333221436 0.17165006697177887 0.005618129391223192 
0.0053715454414486885 0.14348264038562775 0.8511458039283752 
0.09668242186307907 0.41650328040122986 0.48681437969207764 
0.6187577843666077 0.36691340804100037 0.014328787103295326 
0.5021592974662781 0.47468021512031555 0.023160438984632492 
0.0013925624080002308 0.15459907054901123 0.8440083265304565 
0.456537127494812 0.4786415100097656 0.06482138484716415 
0.6610098481178284 0.32423973083496094 0.014750422909855843 
0.9592253565788269 0.038172926753759384 0.0026016433257609606 
0.8981137871742249 0.09700007736682892 0.004886145703494549 
0.8490859866142273 0.1429448127746582 0.007969193160533905 
0.8878045678138733 0.10690240561962128 0.0052929772064089775 
0.7744266986846924 0.21296696364879608 0.012606356292963028 
0.3093937635421753 0.5064328908920288 0.1841733455657959 
0.7628268599510193 0.22420622408390045 0.01296694204211235 
0.9126038551330566 0.08415362983942032 0.003242508741095662 
0.10861488431692123 0.6395033597946167 0.25188174843788147 
0.3255343437194824 0.6351577043533325 0.03930797800421715 
0.8592204451560974 0.13577677309513092 0.005002791527658701 
0.663555383682251 0.3050006926059723 0.03144389018416405 
0.1293114423751831 0.8376463055610657 0.033042266964912415 
0.8794506192207336 0.1128334179520607 0.007715969812124968 
0.20570425689220428 0.7211188673973083 0.07317685335874557 
0.6560471057891846 0.3271094262599945 0.016843393445014954 
0.07295197248458862 0.8477427959442139 0.07930532097816467 
0.5633718371391296 0.4005749821662903 0.03605325520038605 
0.9589018821716309 0.038811054080724716 0.0022869594395160675 
0.8830634951591492 0.10888663679361343 0.008049882017076015 
0.4759370684623718 0.5022395253181458 0.021823452785611153 
0.8517782092094421 0.14278145134449005 0.005440366920083761 
0.9663811922073364 0.03143639117479324 0.0021823232527822256 
0.8809614181518555 0.11311598122119904 0.005922668147832155 
0.4831424355506897 0.4856038987636566 0.031253598630428314 
0.8538840413093567 0.14023783802986145 0.005878166761249304 
0.6197729110717773 0.3580966591835022 0.022130463272333145 
0.01577526144683361 0.8205155730247498 0.16370920836925507 
0.8295600414276123 0.16135559976100922 0.009084384888410568 
0.2265016734600067 0.7180318832397461 0.0554664321243763 
0.8697383403778076 0.12563683092594147 0.0046248179860413074 
0.5962857604026794 0.37694117426872253 0.02677304670214653 
0.9690011143684387 0.028871968388557434 0.002126868814229965 
0.04242859035730362 0.534038245677948 0.423533171415329 
0.3026326894760132 0.6201947927474976 0.07717256247997284 
0.8711214065551758 0.12311927229166031 0.005759268067777157 
0.6527588367462158 0.33827346563339233 0.008967681787908077 
0.7133932709693909 0.26933643221855164 0.017270304262638092 
0.6869633793830872 0.29637953639030457 0.016657119616866112 
0.5928073525428772 0.39300569891929626 0.014186919666826725 
0.6486083269119263 0.33919742703437805 0.012194273062050343 
0.7323741316795349 0.24717839062213898 0.020447494462132454 
0.06614872068166733 0.5095697641372681 0.4242815673351288 
0.5373481512069702 0.44485822319984436 0.017793677747249603 
0.9335302114486694 0.06265459209680557 0.003815219271928072 
0.0019247847376391292 0.026929959654808044 0.9711452722549438 
0.1552904099225998 0.8231704831123352 0.021539075300097466 
0.6559514403343201 0.3323444724082947 0.011704040691256523 
0.6527588367462158 0.33827346563339233 0.008967681787908077 
0.8779708743095398 0.11471522599458694 0.007313880603760481 
0.6534460783004761 0.33771824836730957 0.00883566215634346 
0.06149521842598915 0.8201500773429871 0.11835471540689468 
0.2643781304359436 0.6323062181472778 0.10331562906503677 
0.8746529817581177 0.11838759481906891 0.0069593763910233974 
0.6534460783004761 0.33771824836730957 0.00883566215634346 
0.6527588367462158 0.33827346563339233 0.008967681787908077 
0.9113919138908386 0.08478977531194687 0.0038182511925697327 
0.9113048911094666 0.08190395683050156 0.006791186053305864 
0.07593242079019547 0.8547140955924988 0.06935344636440277 
0.9547419548034668 0.04317081719636917 0.0020872291643172503 
0.7639784812927246 0.22407369315624237 0.011947796680033207 
0.87419193983078 0.12118600308895111 0.0046219839714467525 
0.6527588367462158 0.33827346563339233 0.008967681787908077 
0.6534460783004761 0.33771824836730957 0.00883566215634346 
0.455422043800354 0.5077996850013733 0.036778222769498825 
0.47504767775535583 0.47901153564453125 0.04594071954488754 
0.6534460783004761 0.33771824836730957 0.00883566215634346 
0.6527588367462158 0.33827346563339233 0.008967681787908077 
0.6527588367462158 0.33827346563339233 0.008967681787908077 
0.6527588367462158 0.33827346563339233 0.008967681787908077 
0.6534460783004761 0.33771824836730957 0.00883566215634346 
0.6527588367462158 0.33827346563339233 0.008967681787908077 
0.6527588367462158 0.33827346563339233 0.008967681787908077 
0.8932560086250305 0.10290592908859253 0.0038380867335945368 
0.3905352056026459 0.5259296894073486 0.08353513479232788 
0.6527588367462158 0.33827346563339233 0.008967681787908077 
0.6534460783004761 0.33771824836730957 0.00883566215634346 
0.6527588367462158 0.33827346563339233 0.008967681787908077 
0.9363617300987244 0.06061575561761856 0.003022529883310199 
0.2935579717159271 0.6845842599868774 0.021857768297195435 
0.7861723303794861 0.20716175436973572 0.006665924564003944 
0.8283838033676147 0.16326262056827545 0.008353503420948982 
0.9066120982170105 0.08960886299610138 0.003778989426791668 
0.6942223906517029 0.2927122414112091 0.013065379112958908 
0.7939281463623047 0.196260005235672 0.009811901487410069 
0.17618350684642792 0.8032611012458801 0.020555393770337105 
0.9423941969871521 0.05546940863132477 0.0021364232525229454 
0.4035196602344513 0.5122453570365906 0.08423494547605515 
0.6520476341247559 0.3037315905094147 0.04422071948647499 
0.7247831225395203 0.24398602545261383 0.031230781227350235 
0.00425607617944479 0.5277227759361267 0.4680212140083313 
0.9075056314468384 0.08963195979595184 0.002862425521016121 
0.5199729204177856 0.4392837882041931 0.040743276476860046 
0.8711938261985779 0.12224528938531876 0.006560943089425564 
0.8803454041481018 0.11084691435098648 0.008807606063783169 
0.4204654097557068 0.5079249143600464 0.07160965353250504 
0.9313033819198608 0.06459981203079224 0.004096872638911009 
0.1752375215291977 0.7239806056022644 0.1007818952202797 
0.8325455188751221 0.160350501537323 0.0071040247566998005 
0.5364417433738708 0.40728768706321716 0.05627058446407318 
0.2533610761165619 0.6749698519706726 0.07166904956102371 
0.5002819299697876 0.4732762575149536 0.026441790163517 
0.8763660192489624 0.11887019127607346 0.0047637238167226315 
0.8785176277160645 0.11364255845546722 0.007839792408049107 
0.6917872428894043 0.2831670641899109 0.025045709684491158 
0.901531457901001 0.0940178707242012 0.004450701177120209 
0.2726007401943207 0.5782790780067444 0.14912022650241852 
0.5149554014205933 0.42013293504714966 0.06491166353225708 
0.22466513514518738 0.7587571144104004 0.016577793285250664 
0.8895218372344971 0.10607501119375229 0.00440314132720232 
0.0042575146071612835 0.02453882433474064 0.971203625202179 
0.05146750807762146 0.7538600564002991 0.19467243552207947 
0.5247344374656677 0.45549920201301575 0.01976635679602623 
0.3279955983161926 0.616390585899353 0.05561382323503494 
0.7456671595573425 0.23686185479164124 0.017470967024564743 
0.8170543313026428 0.17404112219810486 0.008904585614800453 
0.25124964118003845 0.7055060267448425 0.043244339525699615 
0.9191523194313049 0.07619664072990417 0.004650959279388189 
0.5077489614486694 0.43259546160697937 0.059655580669641495 
0.3873055577278137 0.5843070149421692 0.02838738262653351 
0.822105884552002 0.16680847108364105 0.011085692793130875 
0.824255645275116 0.16579407453536987 0.009950279258191586 
0.9432790279388428 0.05275851860642433 0.003962388727813959 
0.7835944294929504 0.20709162950515747 0.009313958697021008 
0.5558261871337891 0.41915658116340637 0.025017280131578445 
0.5918506979942322 0.3926258385181427 0.015523453243076801 
0.6602897047996521 0.3248489499092102 0.014861310832202435 
0.005620141979306936 0.1466275453567505 0.8477522730827332 
0.3852378726005554 0.5958871841430664 0.018874898552894592 
0.6657255291938782 0.3187095522880554 0.015564927831292152 
0.9555329084396362 0.042228858917951584 0.002238258719444275 
0.14266696572303772 0.6735794544219971 0.1837536245584488 
0.12280131131410599 0.5960766673088074 0.28112199902534485 
0.7763720750808716 0.2060437798500061 0.017584213986992836 
0.012002266012132168 0.12151597440242767 0.8664817214012146 
0.02072838693857193 0.23108458518981934 0.7481869459152222 
0.9375272989273071 0.058650095015764236 0.0038225490134209394 
0.7220598459243774 0.2660106122493744 0.011929573491215706 
0.6647776365280151 0.3198687434196472 0.01535362470895052 
0.6522243618965149 0.33079206943511963 0.01698361709713936 
0.8291692137718201 0.16079632937908173 0.010034406557679176 
0.924511730670929 0.07105398923158646 0.00443433690816164 
0.7368919849395752 0.25008904933929443 0.013018959201872349 
0.4221250116825104 0.5549770593643188 0.022897973656654358 
0.802227795124054 0.18288549780845642 0.014886675402522087 
0.7664772868156433 0.21966864168643951 0.01385405007749796 
0.0060218037106096745 0.0727664977312088 0.9212117195129395 
0.0040330300107598305 0.042509716004133224 0.9534571766853333 
0.7768098711967468 0.21492040157318115 0.008269681595265865 
0.9137888550758362 0.08039427548646927 0.005816904362291098 
0.5592554211616516 0.4255210757255554 0.015223473310470581 
0.921490490436554 0.07458150386810303 0.0039280252531170845 
0.647783637046814 0.33562764525413513 0.016588713973760605 
0.9110087752342224 0.0827399268746376 0.00625126576051116 
0.5195797681808472 0.4183683693408966 0.06205185502767563 
0.02329745888710022 0.21190622448921204 0.7647963166236877 
0.032419268041849136 0.9161531329154968 0.05142759531736374 
0.0022439267486333847 0.08220983296632767 0.9155462384223938 
0.7357041835784912 0.2581537067890167 0.0061420840211212635 
0.9542669057846069 0.04284684732556343 0.0028862084727734327 
0.1403946578502655 0.8217942118644714 0.03781120106577873 
0.032364532351493835 0.4764809310436249 0.4911544620990753 
0.0019409393426030874 0.0442255474627018 0.9538335204124451 
0.7612823247909546 0.23128947615623474 0.007428253535181284 
0.0028763744048774242 0.08912815898656845 0.9079954624176025 
0.9129787683486938 0.07974163442850113 0.007279539946466684 
0.18843691051006317 0.6621990203857422 0.14936409890651703 
0.7527728080749512 0.2312036007642746 0.016023652628064156 
0.8194398880004883 0.16992436349391937 0.010635691694915295 
0.9103483557701111 0.08479944616556168 0.00485225161537528 
0.22690831124782562 0.4632622301578522 0.30982938408851624 
0.8419007062911987 0.1524132341146469 0.005686033051460981 
0.0020519495010375977 0.048804424703121185 0.9491435885429382 
0.0015112538821995258 0.03356879949569702 0.9649199843406677 
0.30933839082717896 0.6538810729980469 0.03678056225180626 
0.41458627581596375 0.5527607202529907 0.03265301510691643 
0.6833351254463196 0.29695752263069153 0.01970735937356949 
0.9497641921043396 0.046676117926836014 0.003559693694114685 
0.1341935694217682 0.8064668774604797 0.05933954194188118 
0.8372073173522949 0.1561625450849533 0.006630140822380781 
0.015320980921387672 0.39260953664779663 0.5920695066452026 
0.022234797477722168 0.4385521709918976 0.5392130613327026 
0.8731769919395447 0.12073975801467896 0.006083253771066666 
0.8429625630378723 0.14803583920001984 0.009001621045172215 
0.17398099601268768 0.636298418045044 0.18972060084342957 
0.8104850649833679 0.17884519696235657 0.010669761337339878 
0.7780727744102478 0.2104259580373764 0.011501292698085308 
0.9200764298439026 0.07509409636259079 0.0048295315355062485 
0.5870440602302551 0.38569462299346924 0.027261333540081978 
0.3993464708328247 0.559099555015564 0.04155401512980461 
0.8718717694282532 0.12288864701986313 0.005239616148173809 
0.04903443157672882 0.9165762066841125 0.03438936173915863 
0.0036704454105347395 0.7135564088821411 0.2827731668949127 
0.7055910229682922 0.2700612545013428 0.024347666651010513 
0.881593644618988 0.11303391307592392 0.00537244975566864 
0.21799054741859436 0.7121307849884033 0.06987869739532471 
0.07223650813102722 0.6161061525344849 0.3116573095321655 
0.8319007754325867 0.15896640717983246 0.0091328090056777 
0.16933947801589966 0.7427166700363159 0.08794380724430084 
0.9393416047096252 0.057255253195762634 0.0034031858667731285 
0.26237741112709045 0.49822551012039185 0.2393970638513565 
0.2925417125225067 0.6668250560760498 0.04063323140144348 
0.0020934506319463253 0.09481348842382431 0.9030930399894714 
0.5452442169189453 0.4331482946872711 0.021607467904686928 
0.5452685952186584 0.4228174090385437 0.031913962215185165 
0.0028698293026536703 0.07916528731584549 0.9179648756980896 
0.024037400260567665 0.8325023055076599 0.1434602290391922 
0.6768127679824829 0.31320151686668396 0.009985692799091339 
0.9124518632888794 0.08386028558015823 0.003687865799292922 
0.8360517621040344 0.15839429199695587 0.005553973373025656 
0.6941004395484924 0.29109713435173035 0.01480246614664793 
0.7948083877563477 0.2008221447467804 0.004369412083178759 
0.833817183971405 0.16023027896881104 0.00595249654725194 
0.8847364187240601 0.10793660581111908 0.0073270173743367195 
0.8942391276359558 0.09998681396245956 0.005774126388132572 
0.18882642686367035 0.5436902642250061 0.26748329401016235 
0.9089903831481934 0.08721773326396942 0.003791892435401678 
0.8892782330513 0.10655093193054199 0.004170913714915514 
0.8728596568107605 0.12091287970542908 0.006227490026503801 
0.07505650073289871 0.4808756411075592 0.44406789541244507 
0.9294102787971497 0.06734496355056763 0.0032447429839521646 
0.8385267853736877 0.1523600071668625 0.009113218635320663 
0.4221452474594116 0.5581706166267395 0.019684214144945145 
0.260422021150589 0.7206016182899475 0.018976325169205666 
0.9531734585762024 0.04309893026947975 0.003727668197825551 
0.5730516314506531 0.38333386182785034 0.04361448064446449 
0.7988450527191162 0.19451527297496796 0.0066397106274962425 
0.20262201130390167 0.6847768425941467 0.11260109394788742 
0.9591120481491089 0.03791914880275726 0.002968842163681984 
0.12136654555797577 0.7864903211593628 0.09214320033788681 
0.8271439075469971 0.16294701397418976 0.009909132495522499 
0.020331386476755142 0.9130731225013733 0.06659547984600067 
0.004525740165263414 0.32183828949928284 0.6736359596252441 
0.002939825179055333 0.41653361916542053 0.5805265307426453 
0.4415998160839081 0.5312002301216125 0.027199983596801758 
0.2621740996837616 0.6516822576522827 0.0861435979604721 
0.6750800013542175 0.3029273748397827 0.021992694586515427 
0.9004194140434265 0.09437233954668045 0.005208288785070181 
0.542460560798645 0.42203134298324585 0.03550809621810913 
0.38245275616645813 0.5733822584152222 0.044165026396512985 
0.8290975093841553 0.16186048090457916 0.009042017161846161 
0.9178882241249084 0.07820345461368561 0.0039083268493413925 
0.4105663597583771 0.5737431049346924 0.01569059118628502 
0.9031428694725037 0.09336087107658386 0.0034961984492838383 
0.0008450220921076834 0.01862325891852379 0.9805317521095276 
0.711067795753479 0.27596384286880493 0.012968458235263824 
0.774766743183136 0.21290066838264465 0.012332586571574211 
0.7241801023483276 0.2615716755390167 0.014248260296881199 
0.03405599668622017 0.7837822437286377 0.18216180801391602 
0.6460563540458679 0.334675133228302 0.01926851086318493 
0.5982389450073242 0.381709486246109 0.020051531493663788 
0.847474217414856 0.1482631415128708 0.00426270067691803 
0.7761163711547852 0.2068934291601181 0.0169901754707098 
0.8288578391075134 0.1601632833480835 0.01097892690449953 
0.26049569249153137 0.7207179665565491 0.01878638006746769 
0.059843022376298904 0.3033270835876465 0.6368299126625061 
0.00216909172013402 0.0412161685526371 0.9566147327423096 
0.18169142305850983 0.6490350365638733 0.16927357017993927 
0.0019409393426030874 0.0442255474627018 0.9538335204124451 
0.7330966591835022 0.2453898787498474 0.02151344157755375 
0.6640635132789612 0.31756627559661865 0.018370209261775017 
0.951784610748291 0.04566463083028793 0.0025506746023893356 
0.8679641485214233 0.12428645044565201 0.0077494410797953606 
0.9016627073287964 0.09418089687824249 0.0041563925333321095 
0.025348318740725517 0.7983835339546204 0.176268070936203 
0.6692837476730347 0.3155692517757416 0.015147002413868904 
0.6036744713783264 0.374925822019577 0.02139974944293499 
0.4502717852592468 0.5281601548194885 0.0215680580586195 
0.023608781397342682 0.8864296078681946 0.08996149152517319 
0.8828963041305542 0.11251853406429291 0.004585164599120617 
0.0063865091651678085 0.851830244064331 0.1417832374572754 
0.0027619688771665096 0.15746498107910156 0.8397730588912964 
0.9425560235977173 0.053838156163692474 0.0036057454999536276 
0.42307978868484497 0.533641517162323 0.04327869787812233 
0.8183257579803467 0.1753929704427719 0.006281307432800531 
0.03386446461081505 0.3853294849395752 0.5808060169219971 
0.30754974484443665 0.5195062756538391 0.17294396460056305 
0.6399629712104797 0.3371110260486603 0.022926023229956627 
0.3403584957122803 0.6445313692092896 0.015110144391655922 
0.7431573271751404 0.24280758202075958 0.014035171829164028 
0.8915150165557861 0.10247106850147247 0.006013916805386543 
0.08371596038341522 0.8589867949485779 0.057297300547361374 
0.03854598477482796 0.9292967915534973 0.032157283276319504 
0.023380810394883156 0.7566935420036316 0.21992555260658264 
0.731583297252655 0.2507448196411133 0.017671875655651093 
0.08993975818157196 0.6616116166114807 0.24844858050346375 
0.4568224251270294 0.5312686562538147 0.01190889161080122 
0.6259585022926331 0.35721680521965027 0.01682465150952339 
0.9506280422210693 0.04555170238018036 0.0038203117437660694 
0.7114308476448059 0.27794528007507324 0.010623899288475513 
0.7840787768363953 0.20487789809703827 0.01104331947863102 
0.007049079053103924 0.8948580622673035 0.09809280186891556 
0.6450274586677551 0.34322893619537354 0.011743580922484398 
0.8828210234642029 0.10925812274217606 0.00792083889245987 
0.7429700493812561 0.24108226597309113 0.015947749838232994 
0.25394192337989807 0.5796997547149658 0.16635827720165253 
0.4653918147087097 0.49998974800109863 0.03461843356490135 
0.8515405654907227 0.14297018945217133 0.005489256698638201 
0.9159727692604065 0.08021055907011032 0.003816551063209772 
0.8479220271110535 0.14451873302459717 0.007559229154139757 
0.1850307583808899 0.8016743063926697 0.013294889591634274 
0.42283332347869873 0.5386256575584412 0.038541074842214584 
0.6125509142875671 0.34665781259536743 0.04079127311706543 
0.9214628338813782 0.0732213631272316 0.00531587190926075 
0.1190904900431633 0.5703348517417908 0.31057462096214294 
0.1989678144454956 0.5026823282241821 0.29834985733032227 
0.48454204201698303 0.4400656521320343 0.07539227604866028 
0.07845635712146759 0.8241955637931824 0.09734801203012466 
0.7975559234619141 0.1941218078136444 0.008322250097990036 
0.324006050825119 0.6592806577682495 0.016713326796889305 
0.17542095482349396 0.7946510314941406 0.029927995055913925 
0.7950723767280579 0.1964436024427414 0.008484072051942348 
0.9520276784896851 0.04539414122700691 0.002578194485977292 
0.7551956176757812 0.23521177470684052 0.00959260854870081 
0.9135407209396362 0.08303352445363998 0.0034257741644978523 
0.9246052503585815 0.07126066833734512 0.0041340989992022514 
0.7578253149986267 0.2241239696741104 0.01805071532726288 
0.729676365852356 0.24777504801750183 0.02254863828420639 
0.8927680850028992 0.1026734709739685 0.004558478482067585 
0.8123877644538879 0.17957282066345215 0.008039445616304874 
0.42223331332206726 0.4474296569824219 0.13033707439899445 
0.844535231590271 0.14903195202350616 0.006432818714529276 
0.8967830538749695 0.09755158424377441 0.005665467120707035 
0.7044450640678406 0.25663232803344727 0.03892252966761589 
0.0010945135727524757 0.013757607899606228 0.9851478934288025 
0.8816357254981995 0.11339564621448517 0.004968545399606228 
0.9229941368103027 0.07220932096242905 0.004796538036316633 
0.12743493914604187 0.8319026827812195 0.040662363171577454 
0.27338773012161255 0.6919004917144775 0.034711793065071106 
0.00233553652651608 0.02736913599073887 0.9702953696250916 
0.5477564334869385 0.42371314764022827 0.02853045053780079 
0.9119386672973633 0.08527535945177078 0.0027860552072525024 
0.6857486367225647 0.30296292901039124 0.011288450099527836 
0.8316447138786316 0.16088499128818512 0.007470265496522188 
0.6335515379905701 0.3394099473953247 0.027038563042879105 
0.8860363960266113 0.11129877716302872 0.0026648910716176033 
0.9147166013717651 0.08027161657810211 0.005011857487261295 
0.8448822498321533 0.14516699314117432 0.009950684383511543 
0.049064282327890396 0.6463349461555481 0.3046007752418518 
0.9568328261375427 0.04078913852572441 0.0023780411574989557 
0.051844824105501175 0.27688130736351013 0.6712738871574402 
0.9485881924629211 0.04550095647573471 0.005910850130021572 
0.36392465233802795 0.4412740468978882 0.19480133056640625 
0.328728049993515 0.6507033109664917 0.020568693056702614 
0.40088286995887756 0.4613179862499237 0.1377991884946823 
0.009564468637108803 0.13559593260288239 0.8548396229743958 
0.47674041986465454 0.5104097127914429 0.01284985151141882 
0.7250622510910034 0.25531837344169617 0.019619347527623177 
0.7046984434127808 0.2853803336620331 0.009921140968799591 
0.9358639121055603 0.05940316617488861 0.004732890520244837 
0.7382596135139465 0.24821564555168152 0.013524721376597881 
0.9217484593391418 0.07321075350046158 0.005040784366428852 
0.8149203658103943 0.17856387794017792 0.006515763700008392 
0.1317685842514038 0.5445924401283264 0.32363900542259216 
0.36555394530296326 0.5785577893257141 0.05588821321725845 
0.9455994963645935 0.050966016948223114 0.003434479236602783 
0.7339314222335815 0.2537071406841278 0.012361373752355576 
0.7791176438331604 0.21318873763084412 0.007693598046898842 
0.007393123582005501 0.19940415024757385 0.7932027578353882 
0.8845725655555725 0.10895223915576935 0.006475069560110569 
0.8346480131149292 0.15682202577590942 0.008529909886419773 
0.8468285202980042 0.14581851661205292 0.00735296867787838 
0.8439372777938843 0.14915043115615845 0.006912251003086567 
0.20510907471179962 0.7360982298851013 0.05879264324903488 
0.35092559456825256 0.5872789621353149 0.061795469373464584 
0.5754824876785278 0.39862239360809326 0.02589510567486286 
0.034493014216423035 0.6361788511276245 0.32932814955711365 
0.5543410181999207 0.4283130466938019 0.017345944419503212 
0.005580230616033077 0.04877760261297226 0.9456421136856079 
0.004399462137371302 0.032112136483192444 0.9634883999824524 
0.9161498546600342 0.08147891610860825 0.00237119197845459 
0.5893309712409973 0.40339332818984985 0.007275659125298262 
0.22409522533416748 0.6914302706718445 0.08447456359863281 
0.19985847175121307 0.7833964228630066 0.016745131462812424 
0.8564237356185913 0.13986237347126007 0.003713876474648714 
0.6569849848747253 0.3331195116043091 0.00989549234509468 
0.7619364857673645 0.22930629551410675 0.008757263422012329 
0.9296513795852661 0.06720191985368729 0.0031467594671994448 
0.6892189979553223 0.2996930778026581 0.011087886989116669 
0.9056939482688904 0.08762047439813614 0.00668549258261919 
0.8382962942123413 0.151515394449234 0.010188384912908077 
0.804233193397522 0.1882544755935669 0.007512358482927084 
0.6642436385154724 0.3170945644378662 0.018661802634596825 
0.7762742042541504 0.21398760378360748 0.009738209657371044 
0.5004067420959473 0.45717915892601013 0.04241412132978439 
0.9427062273025513 0.05468886345624924 0.002604912733659148 
0.671564519405365 0.30246010422706604 0.02597537450492382 
0.9312268495559692 0.06530525535345078 0.0034678804222494364 
0.21014654636383057 0.7633543014526367 0.02649916522204876 
0.830391526222229 0.15931808948516846 0.010290349833667278 
0.22175107896327972 0.7592425346374512 0.01900639943778515 
0.6223393678665161 0.3390222489833832 0.0386384092271328 
0.5023992657661438 0.4835171401500702 0.01408360619097948 
0.2519972026348114 0.5441849231719971 0.20381782948970795 
0.8296296000480652 0.16013693809509277 0.010233405977487564 
0.6629142165184021 0.31021517515182495 0.026870541274547577 
0.14229781925678253 0.5584169030189514 0.29928526282310486 
0.9202142953872681 0.07610209286212921 0.0036836082581430674 
0.8610293865203857 0.13248461484909058 0.006485988385975361 
0.47359272837638855 0.5126035809516907 0.013803736306726933 
0.22190974652767181 0.6865456700325012 0.09154455363750458 
0.5807708501815796 0.3954094648361206 0.02381974644958973 
0.8180726766586304 0.17718519270420074 0.004742119926959276 
0.15457752346992493 0.7296302318572998 0.11579219251871109 
0.8929688334465027 0.0989493802189827 0.008081807754933834 
0.491825670003891 0.4826628565788269 0.02551153302192688 
0.69929039478302 0.2934114933013916 0.007298098411411047 
0.8872340321540833 0.10663048177957535 0.006135506089776754 
0.4906604588031769 0.41776448488235474 0.09157495200634003 
0.017482604831457138 0.14669907093048096 0.835818350315094 
0.00811082310974598 0.745919406414032 0.24596986174583435 
0.080555260181427 0.6339637041091919 0.2854810655117035 
0.05152321234345436 0.3191913962364197 0.6292853355407715 
0.9307047724723816 0.06357520073652267 0.005720005836337805 
0.9218534231185913 0.0745009034872055 0.0036456752568483353 
0.5543212294578552 0.392279714345932 0.05339904502034187 
0.30592361092567444 0.5967980623245239 0.09727828949689865 
0.002389447530731559 0.26840469241142273 0.729205846786499 
0.4641793370246887 0.5116078853607178 0.02421276457607746 
0.2910238802433014 0.6716562509536743 0.0373198576271534 
0.5812950730323792 0.39927035570144653 0.019434552639722824 
0.8226050734519958 0.16477319598197937 0.012621736153960228 
0.9343938827514648 0.06274756789207458 0.0028585782274603844 
0.5195685625076294 0.4700700044631958 0.010361473076045513 
0.37006714940071106 0.5980722904205322 0.03186055272817612 
0.7478854060173035 0.24236083030700684 0.009753799997270107 
0.7466887831687927 0.2436171919107437 0.009693939238786697 
0.8512181043624878 0.14093026518821716 0.00785160157829523 
0.9353951811790466 0.06056063622236252 0.004044122062623501 
0.32048851251602173 0.4722379744052887 0.2072734385728836 
0.8327584862709045 0.16183726489543915 0.005404195748269558 
0.0031766588799655437 0.20365266501903534 0.793170690536499 
0.40015730261802673 0.5776799917221069 0.0221626628190279 
0.5862135887145996 0.3685516119003296 0.04523473232984543 
0.018246132880449295 0.8826261758804321 0.0991276428103447 
0.47955524921417236 0.484809935092926 0.03563482314348221 
0.7034584283828735 0.2530069351196289 0.04353462532162666 
0.45876455307006836 0.5116903781890869 0.029545128345489502 
0.5432133674621582 0.43936848640441895 0.017418166622519493 
0.7777276635169983 0.21299445629119873 0.009277941659092903 
0.7944281697273254 0.1956353485584259 0.009936424903571606 
0.8843085765838623 0.11053256690502167 0.0051588439382612705 
0.9225777387619019 0.07344786822795868 0.003974494058638811 
0.9214398860931396 0.07514197379350662 0.003418140346184373 
0.04901868477463722 0.751085638999939 0.1998957246541977 
0.6119396090507507 0.348773330450058 0.03928707540035248 
0.36776202917099 0.5847091674804688 0.047528792172670364 
0.8154321312904358 0.1775621771812439 0.007005755789577961 
0.20689542591571808 0.7547611594200134 0.03834349289536476 
0.5170260071754456 0.46916311979293823 0.013810803182423115 
0.4644378125667572 0.5184541344642639 0.017107967287302017 
0.041117291897535324 0.7924885749816895 0.16639408469200134 
0.0887269675731659 0.3870803117752075 0.524192750453949 
0.26775529980659485 0.573635458946228 0.15860924124717712 
0.8712667226791382 0.12469659000635147 0.004036762751638889 
0.617740273475647 0.37427815794944763 0.007981582544744015 
0.2034706175327301 0.7193177938461304 0.07721155881881714 
0.7798380255699158 0.20286110043525696 0.01730084791779518 
0.7759779691696167 0.21562649309635162 0.008395572192966938 
0.8022856116294861 0.18966834247112274 0.008046027272939682 
0.6131110787391663 0.3417314887046814 0.04515749588608742 
0.7181568145751953 0.2692517936229706 0.012591428123414516 
0.05396976321935654 0.6004984378814697 0.34553179144859314 
0.1048690527677536 0.7381448745727539 0.1569860875606537 
0.00933242216706276 0.7531062364578247 0.23756134510040283 
0.0020519495010375977 0.048804424703121185 0.9491435885429382 
0.9324690103530884 0.06406648457050323 0.003464494366198778 
0.22869031131267548 0.5931864976882935 0.17812316119670868 
0.8951060175895691 0.10054344683885574 0.004350428469479084 
0.7340582013130188 0.247896209359169 0.018045615404844284 
0.5382440090179443 0.44105982780456543 0.020696179941296577 
0.12470726668834686 0.8571431636810303 0.018149645999073982 
0.8973160982131958 0.09985598921775818 0.002827924210578203 
0.15651799738407135 0.7047005891799927 0.13878147304058075 
0.8122336864471436 0.17748653888702393 0.010279753245413303 
0.8747040033340454 0.12214300036430359 0.0031530477572232485 
0.5823355913162231 0.39359015226364136 0.024074232205748558 
0.7741732597351074 0.22167398035526276 0.004152700304985046 
0.7007194757461548 0.2873768210411072 0.011903666891157627 
0.0034937760792672634 0.06539920717477798 0.9311069846153259 
0.9669166207313538 0.03112354315817356 0.001959832850843668 
0.010464029386639595 0.953743040561676 0.035792917013168335 
0.5963897109031677 0.3701540529727936 0.03345625475049019 
0.5466517806053162 0.37681421637535095 0.0765339583158493 
0.4868929982185364 0.5022403597831726 0.010866631753742695 
0.9227025508880615 0.07478812336921692 0.0025093520525842905 
0.5783197283744812 0.3977777361869812 0.023902500048279762 
0.9160426259040833 0.0797928050160408 0.004164628218859434 
0.8777737617492676 0.11732487380504608 0.004901356529444456 
0.8623461127281189 0.12760519981384277 0.010048686526715755 
0.7509214878082275 0.23022304475307465 0.018855474889278412 
0.9048857092857361 0.090142622590065 0.004971688613295555 
0.9254792928695679 0.07093726843595505 0.00358349340967834 
0.08288516104221344 0.8762850165367126 0.040829818695783615 
0.7237552404403687 0.26990365982055664 0.0063410066068172455 
0.05720372498035431 0.8787149786949158 0.06408136337995529 
0.7842774391174316 0.21198855340480804 0.0037339944392442703 
0.1527586132287979 0.763322651386261 0.08391869813203812 
0.21919584274291992 0.638995885848999 0.14180827140808105 
0.8422921299934387 0.15275506675243378 0.0049528260715305805 
0.8926651477813721 0.09881528466939926 0.008519559167325497 
0.25687265396118164 0.6162282228469849 0.1268991380929947 
0.005356582347303629 0.6836853623390198 0.31095802783966064 
0.6683499813079834 0.3154626488685608 0.016187317669391632 
0.005500820465385914 0.491852730512619 0.5026465058326721 
0.6373081803321838 0.34457531571388245 0.018116435036063194 
0.8884444236755371 0.10661938041448593 0.004936146084219217 
0.7408007383346558 0.24906472861766815 0.010134612210094929 
0.001187184825539589 0.23818878829479218 0.7606240510940552 
0.8522987961769104 0.13928963243961334 0.008411506190896034 
0.5095862150192261 0.4514737129211426 0.03894006460905075 
0.9118222594261169 0.08568236231803894 0.0024953472893685102 
0.3140909671783447 0.5549764633178711 0.1309325248003006 
0.003865632228553295 0.7893842458724976 0.20675013959407806 
0.3119727075099945 0.6631766557693481 0.024850644171237946 
0.8511529564857483 0.14510299265384674 0.0037440373562276363 
0.6370500922203064 0.34714415669441223 0.01580575294792652 
0.9182456135749817 0.07763605564832687 0.0041183591820299625 
0.37861350178718567 0.5677138566970825 0.053672704845666885 
0.5223438143730164 0.4597204625606537 0.01793576031923294 
0.3469306230545044 0.6334910988807678 0.01957825943827629 
0.8326051831245422 0.1597834974527359 0.007611324079334736 
0.5489979386329651 0.43194928765296936 0.01905270479619503 
0.8210361003875732 0.1726827770471573 0.006281099282205105 
0.7779117822647095 0.2121414691209793 0.009946739301085472 
0.7276322841644287 0.26469993591308594 0.007667739409953356 
0.9386090636253357 0.05818549543619156 0.00320542324334383 
0.9019736051559448 0.09335976839065552 0.0046666269190609455 
0.8509813547134399 0.1430394947528839 0.005979115609079599 
0.28815752267837524 0.6420701742172241 0.06977230310440063 
0.11555156111717224 0.8318449258804321 0.05260355398058891 
0.46748268604278564 0.5111907124519348 0.021326594054698944 
0.020961446687579155 0.4407125413417816 0.5383259654045105 
0.9110631942749023 0.08363305777311325 0.005303744692355394 
0.8499820232391357 0.14226177334785461 0.0077562048099935055 
0.28292223811149597 0.693522036075592 0.02355574630200863 
0.25920525193214417 0.5910941958427429 0.14970052242279053 
0.9081927537918091 0.08506607264280319 0.0067411609925329685 
0.9522084593772888 0.04469642415642738 0.003095167689025402 
0.8902409672737122 0.10485730320215225 0.00490175187587738 
0.8704173564910889 0.12176063656806946 0.00782197155058384 
0.9356610178947449 0.06140328198671341 0.002935731550678611 
0.39077308773994446 0.5869941115379333 0.022232769057154655 
0.935407817363739 0.061052072793245316 0.0035401037894189358 
0.9343224763870239 0.0620567761361599 0.003620763076469302 
0.935407817363739 0.061052072793245316 0.0035401037894189358 
0.7973218560218811 0.1892787367105484 0.013399392366409302 
0.7849697470664978 0.2036471664905548 0.011383128352463245 
0.6896188855171204 0.3008386194705963 0.009542505256831646 
0.6896188855171204 0.3008386194705963 0.009542505256831646 
0.8590450286865234 0.13490302860736847 0.0060519748367369175 
0.6282204389572144 0.3584313988685608 0.013348149135708809 
0.8650798797607422 0.127493754029274 0.007426347117871046 
0.8172253966331482 0.1782229244709015 0.004551650956273079 
0.9029372930526733 0.0937393307685852 0.0033233158756047487 
0.4355942904949188 0.4618273377418518 0.1025783121585846 
0.8841561079025269 0.10845572501420975 0.007388245780020952 
0.9297488927841187 0.06489162892103195 0.005359473638236523 
0.816321849822998 0.17531877756118774 0.008359406143426895 
0.5999836921691895 0.38660702109336853 0.013409350998699665 
0.3756484389305115 0.5978294014930725 0.02652214840054512 
0.9465181827545166 0.05068729817867279 0.0027945339679718018 
0.530593752861023 0.4530360996723175 0.016370173543691635 
0.7769040465354919 0.2103431224822998 0.012752899900078773 
0.33962440490722656 0.4419431686401367 0.2184324711561203 
0.6145527362823486 0.36109423637390137 0.024353105574846268 
0.7946622371673584 0.19280947744846344 0.01252828724682331 
0.0712507888674736 0.8758680820465088 0.05288110300898552 
0.844736635684967 0.1435781568288803 0.011685268953442574 
0.8420893549919128 0.14602191746234894 0.0118886549025774 
0.6899780035018921 0.28513744473457336 0.024884551763534546 
0.8567931652069092 0.1365717202425003 0.006635220721364021 
0.8314299583435059 0.14604505896568298 0.022524941712617874 
0.2889586091041565 0.6840511560440063 0.026990242302417755 
0.8251354694366455 0.1632274091243744 0.011637117713689804 
0.7611479163169861 0.22189074754714966 0.016961315646767616 
0.8761594295501709 0.11556787043809891 0.008272707462310791 
0.9170390367507935 0.07985486835241318 0.003106106771156192 
0.7316316366195679 0.2531578242778778 0.015210568904876709 
0.8961033225059509 0.09652342647314072 0.007373246364295483 
0.7616823315620422 0.2305627316236496 0.007754886988550425 
0.7143126130104065 0.27249178290367126 0.01319559570401907 
0.24740922451019287 0.6233162879943848 0.12927451729774475 
0.8094277381896973 0.18206168711185455 0.008510498329997063 
0.5258672833442688 0.44139352440834045 0.03273922577500343 
0.46915870904922485 0.48755794763565063 0.04328339919447899 
0.4579143822193146 0.45225659012794495 0.0898289829492569 
0.9108855128288269 0.0848434567451477 0.004271009471267462 
0.5150755643844604 0.4644100069999695 0.020514478906989098 
0.6950482130050659 0.29115211963653564 0.013799633830785751 
0.7544322609901428 0.23682661354541779 0.008741081692278385 
0.9484224915504456 0.048403263092041016 0.0031742944847792387 
0.882455587387085 0.1116703525185585 0.005874083377420902 
0.6134297251701355 0.37179699540138245 0.01477320771664381 
0.9048579931259155 0.09008880704641342 0.005053283181041479 
0.8437690138816833 0.14654654264450073 0.009684483520686626 
0.6930598020553589 0.30008217692375183 0.006858076900243759 
0.5775023698806763 0.38130810856819153 0.04118949919939041 
0.0666269063949585 0.9062498807907104 0.02712324447929859 
0.48423588275909424 0.4929041862487793 0.02285996451973915 
0.14511887729167938 0.7847762107849121 0.07010490447282791 
0.46859994530677795 0.42490333318710327 0.10649681091308594 
0.7894285321235657 0.2013351321220398 0.009236309677362442 
0.9357486963272095 0.061398569494485855 0.002852815203368664 
0.9675247669219971 0.030253544449806213 0.0022215854842215776 
0.8866510987281799 0.10140445828437805 0.011944378726184368 
0.6918485164642334 0.30047422647476196 0.007677280809730291 
0.6443290114402771 0.342212438583374 0.01345860492438078 
0.6777241230010986 0.30300337076187134 0.019272565841674805 
0.4473607838153839 0.5219259858131409 0.030713241547346115 
0.6542865633964539 0.3346295952796936 0.011083850637078285 
0.4651128649711609 0.5000015497207642 0.034885600209236145 
0.9386206865310669 0.058467719703912735 0.002911598654463887 
0.14059849083423615 0.6468168497085571 0.21258464455604553 
0.8954062461853027 0.10071124881505966 0.003882457735016942 
0.9570658802986145 0.04077295586466789 0.0021610769908875227 
0.43103736639022827 0.5301370620727539 0.038825567811727524 
0.5934141874313354 0.38013872504234314 0.026447104290127754 
0.9228981733322144 0.07186100631952286 0.005240861792117357 
0.5925542712211609 0.37342166900634766 0.03402405604720116 
0.09871084243059158 0.8840203881263733 0.017268814146518707 
0.00961391068994999 0.8717833757400513 0.11860284209251404 
0.9355833530426025 0.06147061660885811 0.00294599961489439 
0.9453420639038086 0.052062634378671646 0.0025952812284231186 
0.9453420639038086 0.052062634378671646 0.0025952812284231186 
0.9453420639038086 0.052062634378671646 0.0025952812284231186 
0.01829534024000168 0.33279362320899963 0.6489110589027405 
0.9356610178947449 0.06140328198671341 0.002935731550678611 
0.006209870334714651 0.820831298828125 0.17295876145362854 
0.9356610178947449 0.06140328198671341 0.002935731550678611 
0.8637270927429199 0.13061481714248657 0.0056581273674964905 
0.9355833530426025 0.06147061660885811 0.00294599961489439 
0.9453420639038086 0.052062634378671646 0.0025952812284231186 
0.9356610178947449 0.06140328198671341 0.002935731550678611 
0.046456824988126755 0.49753910303115845 0.4560041129589081 
0.841068685054779 0.14628201723098755 0.01264930609613657 
0.7683749198913574 0.22020545601844788 0.011419636197388172 
0.8627758026123047 0.13118518888950348 0.006039025727659464 
0.7953802347183228 0.19571469724178314 0.00890509132295847 
0.03655159845948219 0.5847668647766113 0.37868157029151917 
0.011399960145354271 0.6583234667778015 0.3302765190601349 
0.8661584854125977 0.1266888976097107 0.007152645383030176 
0.8853335380554199 0.10913541913032532 0.005531034432351589 
0.6642245650291443 0.31824496388435364 0.017530443146824837 
0.40193971991539 0.5508077144622803 0.04725257307291031 
0.5752343535423279 0.39491814374923706 0.02984747476875782 
0.0025584108661860228 0.10566231608390808 0.8917792439460754 
0.21582414209842682 0.7163714170455933 0.06780452281236649 
0.9168666005134583 0.07960407435894012 0.0035292692482471466 
0.49222660064697266 0.4966258108615875 0.011147544719278812 
0.9169784784317017 0.07608513534069061 0.006936372723430395 
0.6740822792053223 0.29518020153045654 0.030737513676285744 
0.8939780592918396 0.10088513791561127 0.005136812571436167 
0.8641981482505798 0.12917721271514893 0.006624596193432808 
0.02157992497086525 0.6342246532440186 0.3441954553127289 
0.7415655851364136 0.23840726912021637 0.020027102902531624 
0.7688162326812744 0.22053579986095428 0.010647897608578205 
0.22951675951480865 0.7157251834869385 0.05475801229476929 
0.08183946460485458 0.8910465240478516 0.027113940566778183 
0.5486178994178772 0.43048468232154846 0.02089736983180046 
0.9112498760223389 0.08198989182710648 0.006760244723409414 
0.09871084243059158 0.8840203881263733 0.017268814146518707 
0.9052819013595581 0.08865740895271301 0.00606067618355155 
0.06433755904436111 0.4661872982978821 0.469475120306015 
0.7039951682090759 0.2748279869556427 0.02117679826915264 
0.8678038716316223 0.12638527154922485 0.005810821428894997 
0.8171850442886353 0.17462824285030365 0.008186752907931805 
0.4874322712421417 0.4761638641357422 0.036403924226760864 
0.018727028742432594 0.7285559773445129 0.252716988325119 
0.74699866771698 0.2376977652311325 0.015303608030080795 
0.013398905284702778 0.9008859992027283 0.08571507781744003 
0.44701310992240906 0.5427530407905579 0.010233773849904537 
0.012613187544047832 0.6545627117156982 0.33282414078712463 
0.469174325466156 0.4983906149864197 0.03243504837155342 
0.023902615532279015 0.2773003578186035 0.6987969875335693 
0.5882667303085327 0.39802902936935425 0.013704231940209866 
0.19545932114124298 0.7694499492645264 0.035090744495391846 
0.0029471556190401316 0.04158129543066025 0.9554715156555176 
0.3947577178478241 0.5588632225990295 0.04637902230024338 
0.34463512897491455 0.6394485235214233 0.015916289761662483 
0.6706617474555969 0.3020012676715851 0.027337003499269485 
0.7450101375579834 0.24103659391403198 0.013953316025435925 
0.36675363779067993 0.5979922413825989 0.03525411710143089 
0.6315682530403137 0.358254998922348 0.010176748968660831 
0.05789792537689209 0.6409955620765686 0.3011065125465393 
0.8920329213142395 0.10453172028064728 0.0034353609662503004 
0.0032988081220537424 0.18634410202503204 0.8103571534156799 
0.695512592792511 0.2947689890861511 0.009718373417854309 
0.5972139239311218 0.37796303629875183 0.024823123589158058 
0.6546758413314819 0.3351840376853943 0.010140067897737026 
0.49394896626472473 0.47734910249710083 0.028702015057206154 
0.7459155917167664 0.24151168763637543 0.01257268339395523 
0.7910001277923584 0.19681373238563538 0.012186180800199509 
0.2599291503429413 0.5465636253356934 0.19350720942020416 
0.5925427675247192 0.3790819048881531 0.02837529592216015 
0.928318977355957 0.06839651614427567 0.0032844615634530783 
0.07877042889595032 0.7971421480178833 0.12408746033906937 
0.7721921801567078 0.22135785222053528 0.006449965760111809 
0.017934827134013176 0.9175654053688049 0.06449974328279495 
0.8317655920982361 0.15940824151039124 0.0088262427598238 
0.8713573813438416 0.12476275116205215 0.0038798667956143618 
0.8743227124214172 0.12207692861557007 0.003600292606279254 
0.03735128790140152 0.920256495475769 0.04239220917224884 
0.21445393562316895 0.5788604617118835 0.2066856324672699 
0.22205843031406403 0.6332556009292603 0.14468596875667572 
0.36147528886795044 0.6165198087692261 0.022004902362823486 
0.8295917510986328 0.1653960943222046 0.005012123379856348 
0.8589948415756226 0.13655135035514832 0.004453806206583977 
0.6453543305397034 0.3412321209907532 0.01341350469738245 
0.42338475584983826 0.47718390822410583 0.0994313508272171 
0.8541706204414368 0.14125367999076843 0.004575672559440136 
0.04300603270530701 0.6894082427024841 0.26758575439453125 
0.5168848037719727 0.42525216937065125 0.05786300450563431 
0.5806570053100586 0.39695820212364197 0.02238483540713787 
0.8713611960411072 0.12347406148910522 0.005164788570255041 
0.886346161365509 0.11000928282737732 0.003644539974629879 
0.3689042031764984 0.5899803638458252 0.041115425527095795 
0.010142064653337002 0.21461822092533112 0.7752397656440735 
0.6373308300971985 0.3439687192440033 0.018700482323765755 
0.43021413683891296 0.5417182445526123 0.02806767076253891 
0.7654227018356323 0.22419427335262299 0.01038303691893816 
0.6200622916221619 0.3533264994621277 0.026611216366291046 
0.7759860754013062 0.2090320587158203 0.014981922693550587 
0.8973684310913086 0.0973055437207222 0.005326061509549618 
0.3723916709423065 0.4613480567932129 0.16626021265983582 
0.5379216074943542 0.4229651093482971 0.039113279432058334 
0.5747539401054382 0.4029807448387146 0.02226530946791172 
0.9039512276649475 0.09242861717939377 0.003620095318183303 
0.8230140805244446 0.17155827581882477 0.00542765948921442 
0.4829307198524475 0.49103790521621704 0.026031289249658585 
0.687353253364563 0.2900925874710083 0.022554190829396248 
0.5505067706108093 0.4328104257583618 0.01668287254869938 
0.4532122313976288 0.5029329657554626 0.043854787945747375 
0.48313644528388977 0.5014340877532959 0.015429451130330563 
0.4509236514568329 0.4924098253250122 0.05666656419634819 
0.9549973607063293 0.04275780916213989 0.0022448047529906034 
0.4824075996875763 0.47545045614242554 0.04214195907115936 
0.9340410828590393 0.06220323592424393 0.003755677957087755 
0.8791968822479248 0.1158042624592781 0.004998786374926567 
0.5858474373817444 0.3909742832183838 0.02317824959754944 
0.00412311777472496 0.5849428772926331 0.4109340012073517 
0.8553962707519531 0.1393646001815796 0.005239029880613089 
0.6983668208122253 0.2842484414577484 0.017384709790349007 
0.35221919417381287 0.6133832931518555 0.03439748287200928 
0.5179543495178223 0.4594714045524597 0.022574273869395256 
0.12095001339912415 0.8562172651290894 0.022832710295915604 
0.8060047626495361 0.18383817374706268 0.010157099924981594 
0.7233660817146301 0.2645584046840668 0.012075482867658138 
0.9113210439682007 0.08383192121982574 0.004847088363021612 
0.8821717500686646 0.11278416961431503 0.005044119898229837 
0.3131025433540344 0.5836766362190247 0.10322078317403793 
0.911755383014679 0.08445567637681961 0.003788966918364167 
0.9131962656974792 0.08294245600700378 0.003861368866637349 
0.765674889087677 0.22370027005672455 0.010624849237501621 
0.0054480573162436485 0.15585842728614807 0.8386935591697693 
0.5383479595184326 0.42444735765457153 0.037204742431640625 
0.8595430254936218 0.1343982219696045 0.0060586631298065186 
0.8531583547592163 0.13998901844024658 0.006852639839053154 
0.2668277621269226 0.6642581224441528 0.06891417503356934 
0.4671315848827362 0.5146562457084656 0.01821214333176613 
0.16265401244163513 0.769938588142395 0.06740738451480865 
0.4213414788246155 0.5386542677879333 0.04000427573919296 
0.1939658671617508 0.4554176926612854 0.3506165146827698 
0.6986902952194214 0.28125739097595215 0.02005220390856266 
0.9395889639854431 0.056905802339315414 0.0035053377505391836 
0.5703741312026978 0.3921301066875458 0.03749575465917587 
0.6783736944198608 0.30353155732154846 0.018094731494784355 
0.6822870373725891 0.29891785979270935 0.018795138224959373 
0.5837323069572449 0.3817426562309265 0.03452501818537712 
0.8943416476249695 0.09878817200660706 0.006870200391858816 
0.6860918998718262 0.299975723028183 0.01393241249024868 
0.001187184825539589 0.23818878829479218 0.7606240510940552 
0.9510751962661743 0.046224333345890045 0.0027004547882825136 
0.9186232089996338 0.07411973178386688 0.007257114164531231 
0.8423547148704529 0.14976046979427338 0.007884782738983631 
0.4611002206802368 0.5131407380104065 0.025759050622582436 
0.45335352420806885 0.4524885416030884 0.0941578671336174 
0.8649556636810303 0.12622958421707153 0.008814776316285133 
0.9356610178947449 0.06140328198671341 0.002935731550678611 
0.9356610178947449 0.06140328198671341 0.002935731550678611 
0.9354166388511658 0.06167904660105705 0.002904308959841728 
0.24977636337280273 0.7026306390762329 0.04759296029806137 
0.3192433714866638 0.6390087008476257 0.04174788296222687 
0.8710833191871643 0.12439820170402527 0.004518421832472086 
0.4319356083869934 0.5500110387802124 0.018053358420729637 
0.5594841241836548 0.3834371268749237 0.057078804820775986 
0.8024235963821411 0.19086681306362152 0.006709565874189138 
0.061944928020238876 0.5981511473655701 0.33990392088890076 
0.077952079474926 0.8681412935256958 0.0539066344499588 
0.8633818030357361 0.12904682755470276 0.007571300491690636 
0.12730196118354797 0.8372892737388611 0.03540877625346184 
0.4428323805332184 0.5199278593063354 0.03723978251218796 
0.012347692623734474 0.32249829173088074 0.665153980255127 
0.12054377794265747 0.8528582453727722 0.026597915217280388 
0.9492437243461609 0.04862987622618675 0.0021265314426273108 
0.34565457701683044 0.61588454246521 0.038460876792669296 
0.6917346715927124 0.2777200937271118 0.030545266345143318 
0.6959876418113708 0.2964826226234436 0.007529813330620527 
0.7302843928337097 0.2580921947956085 0.011623365804553032 
0.1192166656255722 0.853753924369812 0.027029402554035187 
0.5018604397773743 0.47124242782592773 0.026897117495536804 
0.7648493647575378 0.22872036695480347 0.006430274341255426 
0.8288094997406006 0.15752193331718445 0.013668562285602093 
0.7090233564376831 0.2599887549877167 0.03098786249756813 
0.23649339377880096 0.7442660927772522 0.019240526482462883 
0.5549771785736084 0.42283064126968384 0.022192154079675674 
0.7697763442993164 0.21469666063785553 0.015527014620602131 
0.8672997355461121 0.12283629179000854 0.009863904677331448 
0.7447438836097717 0.24715740978717804 0.008098705671727657 
0.968529462814331 0.02898995205760002 0.002480573719367385 
0.6668064594268799 0.3278767764568329 0.005316741298884153 
0.5495477318763733 0.4326243996620178 0.017827842384576797 
0.03079572133719921 0.4549046754837036 0.5142995715141296 
0.5715036988258362 0.40141186118125916 0.027084412053227425 
0.8907806873321533 0.1056203693151474 0.0035989347379654646 
0.4703248143196106 0.4717429578304291 0.05793225020170212 
0.4712406098842621 0.47078466415405273 0.057974737137556076 
0.907887876033783 0.08562558889389038 0.0064866309985518456 
0.6080599427223206 0.3807198405265808 0.011220220476388931 
0.825959324836731 0.1680639386177063 0.005976725369691849 
0.7349631786346436 0.24993976950645447 0.015096996910870075 
0.7260563969612122 0.24727638065814972 0.026667220517992973 
0.8733473420143127 0.1223619282245636 0.0042906953021883965 
0.37584489583969116 0.5752019286155701 0.04895324259996414 
0.7316926717758179 0.2553597390651703 0.012947602197527885 
0.9196680784225464 0.0768059492111206 0.0035260445438325405 
0.8825951814651489 0.11111294478178024 0.00629190681502223 
0.9149664044380188 0.07906603813171387 0.0059676156379282475 
0.724112331867218 0.2652195990085602 0.010668039321899414 
0.4168788194656372 0.5588673949241638 0.02425372786819935 
0.9293373823165894 0.06701549887657166 0.003647184232249856 
0.12660105526447296 0.8259203433990479 0.04747859016060829 
0.28544899821281433 0.6730592846870422 0.041491709649562836 
0.9676923751831055 0.02974223718047142 0.002565318252891302 
0.014646254479885101 0.9486252665519714 0.036728352308273315 
0.8573529720306396 0.1362854540348053 0.006361639592796564 
0.29822444915771484 0.48014935851097107 0.22162620723247528 
0.003371924627572298 0.10131146758794785 0.8953166007995605 
0.8399851322174072 0.15306349098682404 0.006951385643333197 
0.8742715716362 0.11687041074037552 0.008858021348714828 
0.46606799960136414 0.4463334083557129 0.08759857714176178 
0.6911507248878479 0.29418402910232544 0.014665278606116772 
0.7360411286354065 0.2192717343568802 0.04468713328242302 
0.6733813881874084 0.2537271976470947 0.072891466319561 
0.0887109562754631 0.637265682220459 0.2740233838558197 
0.0032580308616161346 0.10833851993083954 0.8884035348892212 
0.5935971140861511 0.3957318067550659 0.010671107098460197 
0.6428919434547424 0.3440330922603607 0.013075032271444798 
0.7262526750564575 0.26037731766700745 0.013369976542890072 
0.8075922727584839 0.18731530010700226 0.005092383828014135 
0.7071245908737183 0.27946123480796814 0.013414141722023487 
0.9448943734169006 0.052595026791095734 0.002510539721697569 
0.9421879053115845 0.054449718445539474 0.0033623366616666317 
0.14530034363269806 0.5259945392608643 0.3287051022052765 
0.774436354637146 0.21485194563865662 0.010711719281971455 
0.6951770782470703 0.27639609575271606 0.028426891192793846 
0.8141012191772461 0.17964991927146912 0.00624888064339757 
0.8163612484931946 0.17739304900169373 0.006245782133191824 
0.7227681875228882 0.2630382478237152 0.014193573966622353 
0.1795709729194641 0.5961747765541077 0.22425420582294464 
0.7472761869430542 0.22334668040275574 0.02937714010477066 
0.07179246842861176 0.4572618007659912 0.4709457457065582 
0.9180141687393188 0.07826773822307587 0.003718061838299036 
0.7688150405883789 0.2104211002588272 0.02076379768550396 
0.3615489602088928 0.5767107605934143 0.061740290373563766 
0.461096853017807 0.49518096446990967 0.04372217878699303 
0.028462588787078857 0.7880987524986267 0.18343865871429443 
0.6819970011711121 0.2860739529132843 0.03192908316850662 
0.8706399202346802 0.11737273633480072 0.011987349949777126 
0.104392409324646 0.8605251908302307 0.03508244827389717 
0.8890926837921143 0.1064048483967781 0.004502532072365284 
0.8949055075645447 0.09947268664836884 0.005621724296361208 
0.6543930172920227 0.33406153321266174 0.011545475572347641 
0.0017463989788666368 0.49356621503829956 0.5046873688697815 
0.035256560891866684 0.36302533745765686 0.6017181277275085 
0.8928577899932861 0.10312888771295547 0.0040133255533874035 
0.8043620586395264 0.18462780117988586 0.01101021096110344 
0.6085109710693359 0.36523133516311646 0.026257745921611786 
0.6399406790733337 0.33816206455230713 0.021897293627262115 
0.8960394263267517 0.09864859282970428 0.005311981774866581 
0.9441008567810059 0.052450746297836304 0.0034484125208109617 
0.9551351070404053 0.04131568968296051 0.0035491923335939646 
0.734363317489624 0.25620681047439575 0.00942982453852892 
0.032075319439172745 0.5517804622650146 0.41614416241645813 
0.7129736542701721 0.2601425349712372 0.026883739978075027 
0.7906951308250427 0.19308827817440033 0.016216523945331573 
0.28783026337623596 0.6020078659057617 0.11016186326742172 
0.4712798297405243 0.5122231841087341 0.016497040167450905 
0.9303276538848877 0.0661829486489296 0.003489407477900386 
0.44967368245124817 0.5011857151985168 0.04914065822958946 
0.4520062506198883 0.4928688406944275 0.05512494593858719 
0.9378536939620972 0.059609267860651016 0.0025370235089212656 
0.005639636889100075 0.2789408266544342 0.715419590473175 
0.5414431691169739 0.4166356921195984 0.04192109405994415 
0.30805253982543945 0.650810182094574 0.04113736003637314 
0.8656509518623352 0.12321757525205612 0.011131534352898598 
0.8785222768783569 0.11668124049901962 0.00479643139988184 
0.5075932741165161 0.47091567516326904 0.021491043269634247 
0.03410619869828224 0.9019989371299744 0.06389492005109787 
0.857028067111969 0.13841129839420319 0.00456062238663435 
0.24817770719528198 0.7341981530189514 0.017624156549572945 
0.8951375484466553 0.09890560805797577 0.005956853739917278 
0.6740766763687134 0.31275472044944763 0.013168631121516228 
0.108930803835392 0.7884024381637573 0.10266672074794769 
0.9039123058319092 0.09126923978328705 0.004818424116820097 
0.7385207414627075 0.25324517488479614 0.008234048262238503 
0.7940195202827454 0.20012058317661285 0.005859901662915945 
0.7030239701271057 0.27610766887664795 0.020868346095085144 
0.536108136177063 0.382455974817276 0.08143586665391922 
0.34712567925453186 0.6380278468132019 0.014846422709524632 
0.46303144097328186 0.5152345299720764 0.02173396572470665 
0.13950730860233307 0.8320087790489197 0.028483927249908447 
0.3940896987915039 0.4767597019672394 0.1291506141424179 
0.09041883051395416 0.8778888583183289 0.031692370772361755 
0.7822290658950806 0.20163042843341827 0.016140557825565338 
0.863354504108429 0.13146549463272095 0.005179953761398792 
0.8949937224388123 0.10103801637887955 0.003968235570937395 
0.7294731736183167 0.24648410081863403 0.02404274046421051 
0.017934827134013176 0.9175654053688049 0.06449974328279495 
0.7390944361686707 0.23551471531391144 0.025390831753611565 
0.9070781469345093 0.08873362094163895 0.0041881948709487915 
0.8808062672615051 0.11093848198652267 0.008255193009972572 
0.12613855302333832 0.4421103894710541 0.4317511320114136 
0.9084806442260742 0.08707267045974731 0.00444662244990468 
0.1862182766199112 0.7965043783187866 0.0172773078083992 
0.6843624114990234 0.2886248826980591 0.027012759819626808 
0.005623231176286936 0.7422212958335876 0.25215545296669006 
0.007185507100075483 0.8812503814697266 0.11156416684389114 
0.2666400671005249 0.6729859709739685 0.06037399172782898 
0.4633793234825134 0.4890027940273285 0.04761785268783569 
0.13554158806800842 0.8367956876754761 0.027662768959999084 
0.8967936635017395 0.09808655083179474 0.0051196967251598835 
0.5606284141540527 0.33758628368377686 0.10178538411855698 
0.13017535209655762 0.775437593460083 0.09438710659742355 
0.004904603585600853 0.15626172721385956 0.8388336300849915 
0.4110426604747772 0.5549627542495728 0.03399461507797241 
0.31259685754776 0.5160779356956482 0.1713252067565918 
0.14392544329166412 0.69237220287323 0.1637023538351059 
0.9222207069396973 0.07411419600248337 0.003665067022666335 
