0.18423724
0.016761012
0.9516501
0.80379546
0.118206725
0.879644
0.045945875
0.49890792
0.5862693
0.36112866
0.72939193
0.63422364
0.3217338
0.9365638
0.15341727
0.11888452
0.001687091
0.7503346
0.83712655
0.054218262
0.76335007
0.60708135
0.009722546
0.042984437
0.9434956
0.88100564
0.027280519
0.30881995
0.9142032
0.7693867
0.9116818
0.016792951
0.8357681
0.6315321
0.00083310716
0.03799997
0.36135647
0.23569109
0.6496305
0.80960196
0.64929986
0.40791056
0.69920766
0.6809869
0.5330817
0.014431668
0.80121386
0.96311474
0.00083070534
0.09154974
0.4455363
0.2635271
0.64622444
0.82273173
0.0053715454
0.09668242
0.6187578
0.5021593
0.0013925624
0.45653713
0.66100985
0.95922536
0.8981138
0.849086
0.88780457
0.7744267
0.30939376
0.76282686
0.91260386
0.108614884
0.32553434
0.85922045
0.6635554
0.12931144
0.8794506
0.20570426
0.6560471
0.07295197
0.56337184
0.9589019
0.8830635
0.47593707
0.8517782
0.9663812
0.8809614
0.48314244
0.85388404
0.6197729
0.015775261
0.82956004
0.22650167
0.86973834
0.59628576
0.9690011
0.04242859
0.3026327
0.8711214
0.65275884
0.7133933
0.6869634
0.59280735
0.6486083
0.73237413
0.06614872
0.53734815
0.9335302
0.0019247847
0.15529041
0.65595144
0.65275884
0.8779709
0.6534461
0.06149522
0.26437813
0.874653
0.6534461
0.65275884
0.9113919
0.9113049
0.07593242
0.95474195
0.7639785
0.87419194
0.65275884
0.6534461
0.45542204
0.47504768
0.6534461
0.65275884
0.65275884
0.65275884
0.6534461
0.65275884
0.65275884
0.893256
0.3905352
0.65275884
0.6534461
0.65275884
0.93636173
0.29355797
0.78617233
0.8283838
0.9066121
0.6942224
0.79392815
0.1761835
0.9423942
0.40351966
0.65204763
0.7247831
0.004256076
0.90750563
0.5199729
0.8711938
0.8803454
0.4204654
0.9313034
0.17523752
0.8325455
0.53644174
0.25336108
0.50028193
0.876366
0.8785176
0.69178724
0.90153146
0.27260074
0.5149554
0.22466514
0.88952184
0.0042575146
0.051467508
0.52473444
0.3279956
0.74566716
0.81705433
0.25124964
0.9191523
0.50774896
0.38730556
0.8221059
0.82425565
0.943279
0.7835944
0.5558262
0.5918507
0.6602897
0.005620142
0.38523787
0.6657255
0.9555329
0.14266697
0.12280131
0.7763721
0.012002266
0.020728387
0.9375273
0.72205985
0.66477764
0.65222436
0.8291692
0.92451173
0.736892
0.422125
0.8022278
0.7664773
0.0060218037
0.00403303
0.7768099
0.91378886
0.5592554
0.9214905
0.64778364
0.9110088
0.51957977
0.023297459
0.032419268
0.0022439267
0.7357042
0.9542669
0.14039466
0.032364532
0.0019409393
0.7612823
0.0028763744
0.91297877
0.18843691
0.7527728
0.8194399
0.91034836
0.22690831
0.8419007
0.0020519495
0.0015112539
0.3093384
0.41458628
0.6833351
0.9497642
0.13419357
0.8372073
0.015320981
0.022234797
0.873177
0.84296256
0.173981
0.81048506
0.7780728
0.92007643
0.58704406
0.39934647
0.87187177
0.04903443
0.0036704454
0.705591
0.88159364
0.21799055
0.07223651
0.8319008
0.16933948
0.9393416
0.2623774
0.2925417
0.0020934506
0.5452442
0.5452686
0.0028698293
0.0240374
0.67681277
0.91245186
0.83605176
0.69410044
0.7948084
0.8338172
0.8847364
0.8942391
0.18882643
0.9089904
0.88927823
0.87285966
0.0750565
0.9294103
0.8385268
0.42214525
0.26042202
0.95317346
0.57305163
0.79884505
0.20262201
0.95911205
0.121366546
0.8271439
0.020331386
0.00452574
0.0029398252
0.44159982
0.2621741
0.67508
0.9004194
0.54246056
0.38245276
0.8290975
0.9178882
0.41056636
0.90314287
0.0008450221
0.7110678
0.77476674
0.7241801
0.034055997
0.64605635
0.59823895
0.8474742
0.7761164
0.82885784
0.2604957
0.059843022
0.0021690917
0.18169142
0.0019409393
0.73309666
0.6640635
0.9517846
0.86796415
0.9016627
0.025348319
0.66928375
0.6036745
0.4502718
0.023608781
0.8828963
0.006386509
0.0027619689
0.942556
0.4230798
0.81832576
0.033864465
0.30754974
0.639963
0.3403585
0.7431573
0.891515
0.08371596
0.038545985
0.02338081
0.7315833
0.08993976
0.45682243
0.6259585
0.95062804
0.71143085
0.7840788
0.007049079
0.64502746
0.882821
0.74297005
0.25394192
0.4653918
0.85154057
0.91597277
0.847922
0.18503076
0.42283332
0.6125509
0.92146283
0.11909049
0.19896781
0.48454204
0.07845636
0.7975559
0.32400605
0.17542095
0.7950724
0.9520277
0.7551956
0.9135407
0.92460525
0.7578253
0.72967637
0.8927681
0.81238776
0.4222333
0.84453523
0.89678305
0.70444506
0.0010945136
0.8816357
0.92299414
0.12743494
0.27338773
0.0023355365
0.54775643
0.91193867
0.68574864
0.8316447
0.63355154
0.8860364
0.9147166
0.84488225
0.049064282
0.9568328
0.051844824
0.9485882
0.36392465
0.32872805
0.40088287
0.009564469
0.47674042
0.72506225
0.70469844
0.9358639
0.7382596
0.92174846
0.81492037
0.13176858
0.36555395
0.9455995
0.7339314
0.77911764
0.0073931236
0.88457257
0.834648
0.8468285
0.8439373
0.20510907
0.3509256
0.5754825
0.034493014
0.554341
0.0055802306
0.004399462
0.91614985
0.589331
0.22409523
0.19985847
0.85642374
0.656985
0.7619365
0.9296514
0.689219
0.90569395
0.8382963
0.8042332
0.66424364
0.7762742
0.50040674
0.9427062
0.6715645
0.93122685
0.21014655
0.8303915
0.22175108
0.62233937
0.50239927
0.2519972
0.8296296
0.6629142
0.14229782
0.9202143
0.8610294
0.47359273
0.22190975
0.58077085
0.8180727
0.15457752
0.89296883
0.49182567
0.6992904
0.88723403
0.49066046
0.017482605
0.008110823
0.08055526
0.051523212
0.9307048
0.9218534
0.5543212
0.3059236
0.0023894475
0.46417934
0.29102388
0.5812951
0.8226051
0.9343939
0.51956856
0.37006715
0.7478854
0.7466888
0.8512181
0.9353952
0.3204885
0.8327585
0.0031766589
0.4001573
0.5862136
0.018246133
0.47955525
0.7034584
0.45876455
0.54321337
0.77772766
0.79442817
0.8843086
0.92257774
0.9214399
0.049018685
0.6119396
0.36776203
0.81543213
0.20689543
0.517026
0.4644378
0.041117292
0.08872697
0.2677553
0.8712667
0.6177403
0.20347062
0.779838
0.77597797
0.8022856
0.6131111
0.7181568
0.053969763
0.10486905
0.009332422
0.0020519495
0.932469
0.22869031
0.895106
0.7340582
0.538244
0.12470727
0.8973161
0.156518
0.8122337
0.874704
0.5823356
0.77417326
0.7007195
0.003493776
0.9669166
0.010464029
0.5963897
0.5466518
0.486893
0.92270255
0.5783197
0.9160426
0.87777376
0.8623461
0.7509215
0.9048857
0.9254793
0.08288516
0.72375524
0.057203725
0.78427744
0.15275861
0.21919584
0.84229213
0.89266515
0.25687265
0.0053565823
0.66835
0.0055008205
0.6373082
0.8884444
0.74080074
0.0011871848
0.8522988
0.5095862
0.91182226
0.31409097
0.0038656322
0.3119727
0.85115296
0.6370501
0.9182456
0.3786135
0.5223438
0.34693062
0.8326052
0.54899794
0.8210361
0.7779118
0.7276323
0.93860906
0.9019736
0.85098135
0.28815752
0.11555156
0.4674827
0.020961447
0.9110632
0.849982
0.28292224
0.25920525
0.90819275
0.95220846
0.89024097
0.87041736
0.935661
0.3907731
0.9354078
0.9343225
0.9354078
0.79732186
0.78496975
0.6896189
0.6896189
0.859045
0.62822044
0.8650799
0.8172254
0.9029373
0.4355943
0.8841561
0.9297489
0.81632185
0.5999837
0.37564844
0.9465182
0.53059375
0.77690405
0.3396244
0.61455274
0.79466224
0.07125079
0.84473664
0.84208935
0.689978
0.85679317
0.83142996
0.2889586
0.82513547
0.7611479
0.8761594
0.91703904
0.73163164
0.8961033
0.76168233
0.7143126
0.24740922
0.80942774
0.5258673
0.4691587
0.45791438
0.9108855
0.51507556
0.6950482
0.75443226
0.9484225
0.8824556
0.6134297
0.904858
0.843769
0.6930598
0.57750237
0.06662691
0.48423588
0.14511888
0.46859995
0.78942853
0.9357487
0.96752477
0.8866511
0.6918485
0.644329
0.6777241
0.44736078
0.65428656
0.46511286
0.9386207
0.14059849
0.89540625
0.9570659
0.43103737
0.5934142
0.9228982
0.5925543
0.09871084
0.009613911
0.93558335
0.94534206
0.94534206
0.94534206
0.01829534
0.935661
0.0062098703
0.935661
0.8637271
0.93558335
0.94534206
0.935661
0.046456825
0.8410687
0.7683749
0.8627758
0.79538023
0.0365516
0.01139996
0.8661585
0.88533354
0.66422457
0.40193972
0.57523435
0.0025584109
0.21582414
0.9168666
0.4922266
0.9169785
0.6740823
0.89397806
0.86419815
0.021579925
0.7415656
0.76881623
0.22951676
0.081839465
0.5486179
0.9112499
0.09871084
0.9052819
0.06433756
0.70399517
0.8678039
0.81718504
0.48743227
0.018727029
0.74699867
0.013398905
0.4470131
0.012613188
0.46917433
0.023902616
0.58826673
0.19545932
0.0029471556
0.39475772
0.34463513
0.67066175
0.74501014
0.36675364
0.63156825
0.057897925
0.8920329
0.0032988081
0.6955126
0.5972139
0.65467584
0.49394897
0.7459156
0.7910001
0.25992915
0.59254277
0.928319
0.07877043
0.7721922
0.017934827
0.8317656
0.8713574
0.8743227
0.037351288
0.21445394
0.22205843
0.3614753
0.82959175
0.85899484
0.64535433
0.42338476
0.8541706
0.043006033
0.5168848
0.580657
0.8713612
0.88634616
0.3689042
0.010142065
0.63733083
0.43021414
0.7654227
0.6200623
0.7759861
0.89736843
0.37239167
0.5379216
0.57475394
0.9039512
0.8230141
0.48293072
0.68735325
0.5505068
0.45321223
0.48313645
0.45092365
0.95499736
0.4824076
0.9340411
0.8791969
0.58584744
0.004123118
0.8553963
0.6983668
0.3522192
0.51795435
0.12095001
0.80600476
0.7233661
0.91132104
0.88217175
0.31310254
0.9117554
0.91319627
0.7656749
0.0054480573
0.53834796
0.859543
0.85315835
0.26682776
0.46713158
0.16265401
0.42134148
0.19396587
0.6986903
0.93958896
0.57037413
0.6783737
0.68228704
0.5837323
0.89434165
0.6860919
0.0011871848
0.9510752
0.9186232
0.8423547
0.46110022
0.45335352
0.86495566
0.935661
0.935661
0.93541664
0.24977636
0.31924337
0.8710833
0.4319356
0.5594841
0.8024236
0.061944928
0.07795208
0.8633818
0.12730196
0.44283238
0.012347693
0.12054378
0.9492437
0.34565458
0.6917347
0.69598764
0.7302844
0.119216666
0.50186044
0.76484936
0.8288095
0.70902336
0.2364934
0.5549772
0.76977634
0.86729974
0.7447439
0.96852946
0.66680646
0.54954773
0.030795721
0.5715037
0.8907807
0.4703248
0.4712406
0.9078879
0.60805994
0.8259593
0.7349632
0.7260564
0.87334734
0.3758449
0.7316927
0.9196681
0.8825952
0.9149664
0.72411233
0.41687882
0.9293374
0.12660106
0.285449
0.9676924
0.0146462545
0.857353
0.29822445
0.0033719246
0.83998513
0.8742716
0.466068
0.6911507
0.7360411
0.6733814
0.08871096
0.0032580309
0.5935971
0.64289194
0.7262527
0.8075923
0.7071246
0.9448944
0.9421879
0.14530034
0.77443635
0.6951771
0.8141012
0.81636125
0.7227682
0.17957097
0.7472762
0.07179247
0.91801417
0.76881504
0.36154896
0.46109685
0.028462589
0.681997
0.8706399
0.10439241
0.8890927
0.8949055
0.654393
0.001746399
0.03525656
0.8928578
0.80436206
0.608511
0.6399407
0.8960394
0.94410086
0.9551351
0.7343633
0.03207532
0.71297365
0.79069513
0.28783026
0.47127983
0.93032765
0.44967368
0.45200625
0.9378537
0.005639637
0.54144317
0.30805254
0.86565095
0.8785223
0.5075933
0.0341062
0.85702807
0.2481777
0.89513755
0.6740767
0.108930804
0.9039123
0.73852074
0.7940195
0.70302397
0.53610814
0.34712568
0.46303144
0.13950731
0.3940897
0.09041883
0.78222907
0.8633545
0.8949937
0.7294732
0.017934827
0.73909444
0.90707815
0.88080627
0.12613855
0.90848064
0.18621828
0.6843624
0.005623231
0.007185507
0.26664007
0.46337932
0.13554159
0.89679366
0.5606284
0.13017535
0.0049046036
0.41104266
0.31259686
0.14392544
0.9222207
