(QUERY): 'ISLAM' '12'
Negative Neutral Positive
0.6639543175697327 0.3070649206638336 0.028980735689401627 
0.4249708950519562 0.5364744067192078 0.03855464234948158 
0.6276369690895081 0.3580572307109833 0.01430573035031557 
0.46068739891052246 0.44032949209213257 0.09898308664560318 
0.5524731278419495 0.4131033718585968 0.03442354127764702 
0.5519376397132874 0.4146060347557068 0.033456265926361084 
0.5585299134254456 0.40730229020118713 0.03416779264807701 
0.5015155673027039 0.45948526263237 0.03899916261434555 
0.5040693879127502 0.45472508668899536 0.04120554029941559 
0.4782436490058899 0.47755053639411926 0.04420580342411995 
0.02939559891819954 0.28921520709991455 0.6813891530036926 
0.02126333862543106 0.2306387722492218 0.748097836971283 
0.8344539403915405 0.15316686034202576 0.012379162944853306 
0.6393760442733765 0.3347961902618408 0.02582773007452488 
0.5330254435539246 0.42386114597320557 0.043113384395837784 
0.5378039479255676 0.4193403422832489 0.0428556352853775 
0.6126380562782288 0.36210858821868896 0.02525332383811474 
0.5330254435539246 0.42386114597320557 0.043113384395837784 
0.5330254435539246 0.42386114597320557 0.043113384395837784 
0.6215717196464539 0.3508242666721344 0.027604032307863235 
0.5406976938247681 0.4139663577079773 0.045335981994867325 
0.5721657872200012 0.3853679597377777 0.04246625304222107 
0.5870842337608337 0.38232553005218506 0.030590182170271873 
0.6502774357795715 0.3276497423648834 0.02207285724580288 
0.701640784740448 0.2790662944316864 0.01929287612438202 
0.402863085269928 0.5201080441474915 0.07702896744012833 
0.5378039479255676 0.4193403422832489 0.0428556352853775 
0.5330254435539246 0.42386114597320557 0.043113384395837784 
0.6107375025749207 0.36366188526153564 0.02560063637793064 
0.07112699747085571 0.7139427065849304 0.21493040025234222 
0.5330254435539246 0.42386114597320557 0.043113384395837784 
0.4153463840484619 0.5350140333175659 0.04963957518339157 
0.5528679490089417 0.420138418674469 0.026993678882718086 
0.6064145565032959 0.36806589365005493 0.025519557297229767 
0.6064145565032959 0.36806589365005493 0.025519557297229767 
0.5953172445297241 0.3782476782798767 0.026435034349560738 
0.5953172445297241 0.3782476782798767 0.026435034349560738 
0.5695047974586487 0.3951047360897064 0.03539044409990311 
0.6126380562782288 0.36210858821868896 0.02525332383811474 
0.6126380562782288 0.36210858821868896 0.02525332383811474 
0.5210516452789307 0.43669211864471436 0.04225630685687065 
0.6064145565032959 0.36806589365005493 0.025519557297229767 
0.6064145565032959 0.36806589365005493 0.025519557297229767 
0.5828618407249451 0.3901393413543701 0.026998860761523247 
0.6364543437957764 0.3415756821632385 0.021970022469758987 
0.6364543437957764 0.3415756821632385 0.021970022469758987 
0.6364543437957764 0.3415756821632385 0.021970022469758987 
0.5953172445297241 0.3782476782798767 0.026435034349560738 
0.5964731574058533 0.3773002028465271 0.026226554065942764 
0.032839689403772354 0.444537878036499 0.5226224064826965 
0.6239573359489441 0.3522663414478302 0.023776251822710037 
0.40118324756622314 0.5548993945121765 0.04391738399863243 
0.6242371797561646 0.353802353143692 0.021960387006402016 
0.5694337487220764 0.40017807483673096 0.030388079583644867 
0.5728297233581543 0.3975147008895874 0.029655542224645615 
0.5687824487686157 0.400968074798584 0.030249467119574547 
0.6278191208839417 0.34576618671417236 0.02641475759446621 
0.5637609362602234 0.40512144565582275 0.031117552891373634 
0.5285069942474365 0.4375666677951813 0.03392636775970459 
0.6544084548950195 0.31964102387428284 0.025950508192181587 
0.5507686138153076 0.41416147351264954 0.03506986424326897 
0.055700913071632385 0.8975502848625183 0.04674885794520378 
0.5922316908836365 0.37795111536979675 0.02981722168624401 
0.553825855255127 0.41159239411354065 0.0345817394554615 
0.4045895040035248 0.5251947641372681 0.07021572440862656 
0.7422302961349487 0.23916615545749664 0.018603632226586342 
0.5315903425216675 0.4349958598613739 0.0334138423204422 
0.5728297233581543 0.3975147008895874 0.029655542224645615 
0.2932724356651306 0.55433189868927 0.15239566564559937 
0.017417917028069496 0.7027757167816162 0.27980631589889526 
0.5189685821533203 0.4568023085594177 0.024229174479842186 
0.20039312541484833 0.7458974123001099 0.053709398955106735 
0.41747575998306274 0.5418554544448853 0.04066876322031021 
0.12838195264339447 0.7813769578933716 0.09024109691381454 
0.10512404143810272 0.8126738667488098 0.08220209181308746 
0.03839484602212906 0.7188628911972046 0.24274227023124695 
0.30810388922691345 0.6505600810050964 0.04133603349328041 
0.5067590475082397 0.4704027473926544 0.022838184610009193 
0.3975040018558502 0.566771924495697 0.03572401404380798 
0.16801868379116058 0.7737765908241272 0.058204762637615204 
0.28153979778289795 0.6911090612411499 0.027351148426532745 
0.30003729462623596 0.6288079023361206 0.07115480303764343 
0.18181408941745758 0.7430270314216614 0.07515891641378403 
0.6835508942604065 0.3058652877807617 0.010583831928670406 
0.5927453637123108 0.37920379638671875 0.028050890192389488 
0.37214210629463196 0.5797301530838013 0.04812776297330856 
0.3344690203666687 0.6321688890457153 0.03336201608181 
0.598066508769989 0.38511922955513 0.01681426167488098 
0.08326873928308487 0.7991396188735962 0.11759165674448013 
0.48263615369796753 0.4947879910469055 0.022575899958610535 
0.9378199577331543 0.05826907232403755 0.0039109778590500355 
0.7701765894889832 0.21452079713344574 0.015302656218409538 
0.35227328538894653 0.6250618696212769 0.02266480028629303 
0.06727758795022964 0.8734769821166992 0.05924541875720024 
0.0009924498153850436 0.026761669665575027 0.9722458124160767 
0.5946362018585205 0.37958961725234985 0.025774206966161728 
0.23471184074878693 0.5545269250869751 0.21076124906539917 
0.08145588636398315 0.7968053221702576 0.12173882871866226 
0.5285069942474365 0.4375666677951813 0.03392636775970459 
0.5850517153739929 0.37619227170944214 0.03875605762004852 
0.15219959616661072 0.7957547903060913 0.05204564332962036 
0.17858022451400757 0.7442924976348877 0.07712730020284653 
0.3801214396953583 0.5982425212860107 0.0216359980404377 
0.27410200238227844 0.6642841100692749 0.06161384657025337 
0.6150938272476196 0.3595178723335266 0.025388404726982117 
0.00722197350114584 0.1170763149857521 0.8757017254829407 
0.016136566177010536 0.4855750501155853 0.4982883632183075 
0.3577633798122406 0.5787014961242676 0.06353510171175003 
0.02302750013768673 0.8445418477058411 0.13243059813976288 
0.4229713976383209 0.5372800230979919 0.039748597890138626 
0.17569708824157715 0.7585932612419128 0.06570959836244583 
0.2286583036184311 0.7066650986671448 0.06467653810977936 
0.07744020223617554 0.7159277200698853 0.20663204789161682 
0.10946790874004364 0.8110098838806152 0.07952208817005157 
0.31009641289711 0.6478512287139893 0.042052388191223145 
0.48751962184906006 0.4910058379173279 0.021474456414580345 
0.19913344085216522 0.7473063468933105 0.05356016010046005 
0.008247015997767448 0.10714354366064072 0.8846094608306885 
0.9576268196105957 0.03954591602087021 0.0028272424824535847 
0.7670537829399109 0.2215852439403534 0.011360940523445606 
0.7042093873023987 0.2692657709121704 0.026524841785430908 
0.5510196685791016 0.4299118220806122 0.019068436697125435 
0.09139630198478699 0.7963851094245911 0.11221850663423538 
0.52352374792099 0.44922059774398804 0.027255697175860405 
0.1082020103931427 0.8173048496246338 0.07449313998222351 
0.6109450459480286 0.3653227686882019 0.02373223565518856 
0.3829842805862427 0.5652612447738647 0.051754459738731384 
0.7469339370727539 0.23617197573184967 0.01689409278333187 
0.3987519145011902 0.5647909045219421 0.036457207053899765 
0.5911796689033508 0.38460445404052734 0.024215860292315483 
0.020955469459295273 0.721584677696228 0.2574598789215088 
0.3212027847766876 0.6338041424751282 0.04499305784702301 
0.018033478409051895 0.426052451133728 0.5559141039848328 
0.5236073136329651 0.4532921314239502 0.023100564256310463 
0.6297426223754883 0.35252001881599426 0.017737390473484993 
0.6639543175697327 0.3070649206638336 0.028980735689401627 
0.4249708950519562 0.5364744067192078 0.03855464234948158 
0.6276369690895081 0.3580572307109833 0.01430573035031557 
0.4042510986328125 0.5724192261695862 0.023329613730311394 
0.6113200187683105 0.3677704632282257 0.020909534767270088 
0.09685991704463959 0.7360763549804688 0.16706371307373047 
0.003029122482985258 0.11440909653902054 0.8825617432594299 
0.1833036243915558 0.7603022456169128 0.056394074112176895 
0.11964403837919235 0.7462156414985657 0.13414032757282257 
0.954730212688446 0.04207497462630272 0.003194802673533559 
0.00778854638338089 0.19597786664962769 0.7962335348129272 
0.1734679490327835 0.7720273733139038 0.05450470373034477 
0.4023700952529907 0.5695386528968811 0.028091290965676308 
0.060616385191679 0.861243724822998 0.07813986390829086 
0.04983733966946602 0.8611763119697571 0.08898637443780899 
0.03166324645280838 0.9202956557273865 0.048041101545095444 
0.02535685896873474 0.8379191756248474 0.13672399520874023 
0.941871166229248 0.055021557956933975 0.00310727977193892 
0.6107302904129028 0.3706287443637848 0.01864098757505417 
0.29567664861679077 0.6614887118339539 0.04283463582396507 
0.4998668134212494 0.4740428030490875 0.02609032392501831 
0.6304779648780823 0.3549177050590515 0.014604234136641026 
0.005714964587241411 0.1674221307039261 0.8268628716468811 
0.11338713020086288 0.7616515755653381 0.12496130168437958 
0.08976378291845322 0.8174972534179688 0.09273891896009445 
0.0029524893034249544 0.07178850471973419 0.925258994102478 
0.22379998862743378 0.6445978879928589 0.13160210847854614 
0.5135489106178284 0.4649461805820465 0.021504918113350868 
0.7919808626174927 0.19144833087921143 0.016570797190070152 
0.9128380417823792 0.07922259718179703 0.007939395494759083 
0.8517271876335144 0.13636520504951477 0.011907682754099369 
0.8234136700630188 0.16026794910430908 0.01631840132176876 
0.020179657265543938 0.4784969091415405 0.5013234615325928 
0.719214916229248 0.26645487546920776 0.014330173842608929 
0.7532140612602234 0.23003162443637848 0.016754258424043655 
0.3986820578575134 0.5518576502799988 0.049460314214229584 
0.2444910705089569 0.6761053204536438 0.07940357178449631 
0.15960264205932617 0.7722581624984741 0.06813918799161911 
0.3853873014450073 0.5767633318901062 0.03784938156604767 
0.1793656051158905 0.7438917756080627 0.07674260437488556 
0.4266297519207001 0.5340263843536377 0.03934384509921074 
0.5966688394546509 0.37661686539649963 0.02671433612704277 
0.22237317264080048 0.7122251391410828 0.06540169566869736 
0.4713692367076874 0.5051314234733582 0.023499365895986557 
0.07193015515804291 0.7142961621284485 0.21377363801002502 
0.6627894639968872 0.3064664602279663 0.030744099989533424 
0.31556767225265503 0.6388940215110779 0.045538343489170074 
0.02038721553981304 0.3346410095691681 0.6449717283248901 
0.8330816030502319 0.15748710930347443 0.009431303478777409 
0.893385648727417 0.10153499245643616 0.005079397466033697 
0.35829731822013855 0.6100301742553711 0.03167248144745827 
0.09249915927648544 0.8281306028366089 0.07937023043632507 
0.7207454442977905 0.26713797450065613 0.012116548605263233 
0.5162570476531982 0.4596576392650604 0.0240852702409029 
0.38767948746681213 0.5734686255455017 0.03885188698768616 
0.3485536277294159 0.5710300803184509 0.08041629940271378 
0.7356123328208923 0.2468949407339096 0.01749279722571373 
0.5045081973075867 0.4759576618671417 0.01953405886888504 
0.41333550214767456 0.5459539294242859 0.040710508823394775 
0.02888651192188263 0.615504264831543 0.3556091785430908 
0.0719774141907692 0.8683680295944214 0.059654600918293 
0.3321676552295685 0.6294407844543457 0.03839154914021492 
0.005410011392086744 0.1773456335067749 0.8172443509101868 
0.36406317353248596 0.5945142507553101 0.04142262041568756 
0.109948068857193 0.8180595636367798 0.07199233025312424 
0.34752047061920166 0.6208369731903076 0.03164249286055565 
0.5283340215682983 0.4489067494869232 0.02275923267006874 
0.7441306114196777 0.24462971091270447 0.01123972237110138 
0.022739622741937637 0.7857706546783447 0.19148974120616913 
0.11950806528329849 0.7476716041564941 0.132820263504982 
0.059036433696746826 0.8798463344573975 0.061117153614759445 
0.2156466543674469 0.7508400082588196 0.03351333364844322 
0.05160324648022652 0.7466154098510742 0.20178137719631195 
0.12607592344284058 0.7797454595565796 0.09417863190174103 
0.06836219131946564 0.7019869685173035 0.22965079545974731 
0.2558266520500183 0.6461160182952881 0.09805728495121002 
0.508533239364624 0.4692794680595398 0.02218721993267536 
0.5893925428390503 0.39009955525398254 0.02050786465406418 
0.12425834685564041 0.7018269300460815 0.17391471564769745 
0.17507177591323853 0.7616093754768372 0.06331881135702133 
0.7591941356658936 0.22956039011478424 0.011245406232774258 
0.6813899278640747 0.29151201248168945 0.027097951620817184 
0.7985127568244934 0.19677124917507172 0.004716034512966871 
0.798105776309967 0.19695284962654114 0.004941325169056654 
0.3250546455383301 0.6053749322891235 0.069570392370224 
0.6039916276931763 0.3610517978668213 0.03495660051703453 
0.03410481661558151 0.8511967062950134 0.11469841748476028 
0.14552074670791626 0.8005588054656982 0.05392039567232132 
0.23362767696380615 0.6533287763595581 0.11304354667663574 
0.5624518990516663 0.4114433228969574 0.026104792952537537 
0.04686935245990753 0.921600341796875 0.031530287116765976 
0.24867179989814758 0.6999778747558594 0.05135023966431618 
0.18299193680286407 0.7621420621871948 0.0548660084605217 
0.1800326108932495 0.7700015902519226 0.049965787678956985 
0.1088135689496994 0.8216118216514587 0.06957466900348663 
0.6255468726158142 0.3529929220676422 0.02146020717918873 
0.6143476963043213 0.3666739761829376 0.018978334963321686 
0.10336259752511978 0.6616939902305603 0.23494338989257812 
0.10277916491031647 0.8156278133392334 0.08159299939870834 
0.02694866620004177 0.7007404565811157 0.27231088280677795 
0.0933016836643219 0.7990840077400208 0.10761426389217377 
0.6384656429290771 0.34758487343788147 0.01394945103675127 
0.32906216382980347 0.62589031457901 0.04504745826125145 
0.44709181785583496 0.5178437829017639 0.03506438061594963 
0.02424100786447525 0.49853843450546265 0.4772205948829651 
0.15454980731010437 0.7468923330307007 0.09855782985687256 
0.3644089698791504 0.6002547740936279 0.03533626347780228 
0.12607592344284058 0.7797454595565796 0.09417863190174103 
0.5283340215682983 0.4489067494869232 0.02275923267006874 
0.49506983160972595 0.47440651059150696 0.03052362985908985 
0.016303125768899918 0.7333605885505676 0.25033625960350037 
0.01765209063887596 0.12048767507076263 0.8618602156639099 
0.382643461227417 0.5184293985366821 0.09892714768648148 
0.07327094674110413 0.8048574924468994 0.12187150865793228 
0.38767948746681213 0.5734686255455017 0.03885188698768616 
0.185354545712471 0.7611679434776306 0.05347750708460808 
0.5624518990516663 0.4114433228969574 0.026104792952537537 
0.013086484745144844 0.3383594751358032 0.6485540270805359 
0.944820761680603 0.05204804986715317 0.003131181700155139 
0.0659346729516983 0.8112715482711792 0.12279382348060608 
0.09460818022489548 0.8050723671913147 0.10031942278146744 
0.6813899278640747 0.29151201248168945 0.027097951620817184 
0.11295835673809052 0.7554005980491638 0.13164110481739044 
0.4674447476863861 0.4535904824733734 0.07896475493907928 
0.5300242304801941 0.45036083459854126 0.01961495168507099 
0.46762382984161377 0.4954027235507965 0.036973461508750916 
0.1514630764722824 0.7465400695800781 0.10199692100286484 
0.17507177591323853 0.7616093754768372 0.06331881135702133 
0.6143476963043213 0.3666739761829376 0.018978334963321686 
0.12740342319011688 0.7861639857292175 0.0864325687289238 
0.3223436176776886 0.6321561336517334 0.045500222593545914 
0.5162570476531982 0.4596576392650604 0.0240852702409029 
0.7509786486625671 0.2401629239320755 0.008858488872647285 
0.40448784828186035 0.5404390096664429 0.05507310852408409 
0.059036433696746826 0.8798463344573975 0.061117153614759445 
0.11899039149284363 0.8295167684555054 0.05149274319410324 
0.41333550214767456 0.5459539294242859 0.040710508823394775 
0.6727070808410645 0.31039583683013916 0.016897045075893402 
0.7042093873023987 0.2692657709121704 0.026524841785430908 
0.44709181785583496 0.5178437829017639 0.03506438061594963 
0.06836219131946564 0.7019869685173035 0.22965079545974731 
0.6384656429290771 0.34758487343788147 0.01394945103675127 
0.34752047061920166 0.6208369731903076 0.03164249286055565 
0.5791261196136475 0.3864149749279022 0.03445888310670853 
0.22098295390605927 0.7124052047729492 0.0666118785738945 
0.17934976518154144 0.746566891670227 0.07408333569765091 
0.14500415325164795 0.7248011231422424 0.1301947385072708 
0.2577422261238098 0.5569021105766296 0.18535564839839935 
0.06869333982467651 0.6592113375663757 0.272095263004303 
0.7509725093841553 0.23256836831569672 0.016459153965115547 
0.1800326108932495 0.7700015902519226 0.049965787678956985 
0.18299193680286407 0.7621420621871948 0.0548660084605217 
0.050243835896253586 0.9170403480529785 0.032715845853090286 
0.07119010388851166 0.6603819727897644 0.26842787861824036 
0.2976312041282654 0.659591555595398 0.042777229100465775 
0.5045081973075867 0.4759576618671417 0.01953405886888504 
0.04592007398605347 0.9177967309951782 0.03628316894173622 
0.16329945623874664 0.7414886951446533 0.09521184861660004 
0.09816089272499084 0.5779186487197876 0.3239203989505768 
0.16099156439304352 0.6260941624641418 0.21291425824165344 
0.08756183087825775 0.8056237697601318 0.10681439936161041 
0.7556601166725159 0.22496214509010315 0.019377755001187325 
0.35989120602607727 0.5697208046913147 0.0703880563378334 
0.92271888256073 0.07417277991771698 0.0031083961948752403 
0.8189984560012817 0.1721632480621338 0.00883828941732645 
0.06620638072490692 0.8686888813972473 0.06510473787784576 
0.12225203961133957 0.766654372215271 0.11109363287687302 
0.5541797876358032 0.42991021275520325 0.015910029411315918 
0.8021451830863953 0.19134260714054108 0.006512264255434275 
0.3787347674369812 0.5515418648719788 0.06972327828407288 
0.13414721190929413 0.8276857733726501 0.03816702961921692 
0.10277916491031647 0.8156278133392334 0.08159299939870834 
0.02018488571047783 0.7778183221817017 0.2019968032836914 
0.12607592344284058 0.7797454595565796 0.09417863190174103 
0.5283340215682983 0.4489067494869232 0.02275923267006874 
0.07327094674110413 0.8048574924468994 0.12187150865793228 
0.38767948746681213 0.5734686255455017 0.03885188698768616 
0.185354545712471 0.7611679434776306 0.05347750708460808 
0.5624518990516663 0.4114433228969574 0.026104792952537537 
0.6813899278640747 0.29151201248168945 0.027097951620817184 
0.058672767132520676 0.7944287657737732 0.14689843356609344 
0.3280237317085266 0.6127918362617493 0.059184480458498 
0.5300242304801941 0.45036083459854126 0.01961495168507099 
0.0020078306552022696 0.03963172808289528 0.9583603739738464 
0.0020559460390359163 0.4019150733947754 0.5960289835929871 
0.9137858748435974 0.08148321509361267 0.0047309501096606255 
0.4234147071838379 0.5547806024551392 0.021804727613925934 
0.17507177591323853 0.7616093754768372 0.06331881135702133 
0.6143476963043213 0.3666739761829376 0.018978334963321686 
0.013428665697574615 0.18002839386463165 0.8065429329872131 
0.5162570476531982 0.4596576392650604 0.0240852702409029 
0.059036433696746826 0.8798463344573975 0.061117153614759445 
0.02373841218650341 0.7024563550949097 0.2738052308559418 
0.41333550214767456 0.5459539294242859 0.040710508823394775 
0.15790408849716187 0.7945109605789185 0.04758501052856445 
0.44709181785583496 0.5178437829017639 0.03506438061594963 
0.7790062427520752 0.21180325746536255 0.009190528653562069 
0.06836219131946564 0.7019869685173035 0.22965079545974731 
0.6384656429290771 0.34758487343788147 0.01394945103675127 
0.34752047061920166 0.6208369731903076 0.03164249286055565 
0.10302313417196274 0.8178547024726868 0.07912223786115646 
0.22098295390605927 0.7124052047729492 0.0666118785738945 
0.17934976518154144 0.746566891670227 0.07408333569765091 
0.19010314345359802 0.7325656414031982 0.07733115553855896 
0.43460971117019653 0.5006144046783447 0.06477585434913635 
0.1800326108932495 0.7700015902519226 0.049965787678956985 
0.18299193680286407 0.7621420621871948 0.0548660084605217 
0.2976312041282654 0.659591555595398 0.042777229100465775 
0.30834874510765076 0.625738263130188 0.06591293960809708 
0.5045081973075867 0.4759576618671417 0.01953405886888504 
0.501422107219696 0.4734308123588562 0.025147076696157455 
0.123879574239254 0.778826892375946 0.09729354083538055 
0.4227079153060913 0.5522640943527222 0.025028038769960403 
0.542273759841919 0.43535593152046204 0.022370243445038795 
0.2603610157966614 0.6295044422149658 0.11013447493314743 
0.17914973199367523 0.7800262570381165 0.040823984891176224 
0.09476615488529205 0.8196327090263367 0.08560118824243546 
0.6795495748519897 0.2917225956916809 0.028727848082780838 
0.5723870396614075 0.40346041321754456 0.024152565747499466 
0.4955398738384247 0.48840078711509705 0.016059335321187973 
0.28664302825927734 0.6708163022994995 0.04254062473773956 
0.1899109035730362 0.7532199621200562 0.05686914920806885 
0.3261496126651764 0.6283150911331177 0.04553522914648056 
0.040456827729940414 0.6942646503448486 0.26527851819992065 
0.0343596413731575 0.6582851409912109 0.30735525488853455 
0.08738698065280914 0.8334316611289978 0.07918136566877365 
0.1743968278169632 0.7747185826301575 0.05088452994823456 
0.8380447030067444 0.15036684274673462 0.011588427238166332 
0.01141229085624218 0.40542545914649963 0.583162248134613 
0.21890853345394135 0.7146807312965393 0.06641076505184174 
0.6419529914855957 0.33113792538642883 0.026909114792943 
0.6098817586898804 0.3657131493091583 0.024405058473348618 
0.7454935312271118 0.2373744249343872 0.017132028937339783 
0.5159270763397217 0.45278605818748474 0.03128693997859955 
0.3707473874092102 0.5883326530456543 0.040919918566942215 
0.17121820151805878 0.7525061964988708 0.07627560198307037 
0.539995014667511 0.44085055589675903 0.019154401496052742 
0.8793540596961975 0.11600860953330994 0.004637302830815315 
0.5494933724403381 0.4222505986690521 0.02825607918202877 
0.8292503952980042 0.1631275862455368 0.007622038014233112 
0.08456718176603317 0.7995944619178772 0.11583831906318665 
0.34190213680267334 0.6265770196914673 0.03152088075876236 
0.6163418292999268 0.3334878385066986 0.050170354545116425 
0.1766030490398407 0.768496572971344 0.054900359362363815 
0.4156939685344696 0.5434545278549194 0.04085148870944977 
0.6127302050590515 0.36827850341796875 0.01899128034710884 
0.6328696608543396 0.3524956703186035 0.014634626917541027 
0.06631559133529663 0.7068987488746643 0.22678562998771667 
0.2652444839477539 0.6797469258308411 0.05500856414437294 
0.7179413437843323 0.2702823877334595 0.011776307597756386 
0.10277916491031647 0.8156278133392334 0.08159299939870834 
0.12607592344284058 0.7797454595565796 0.09417863190174103 
0.028742987662553787 0.6718321442604065 0.29942482709884644 
0.3041875660419464 0.6589468121528625 0.036865610629320145 
0.07327094674110413 0.8048574924468994 0.12187150865793228 
0.38767948746681213 0.5734686255455017 0.03885188698768616 
0.185354545712471 0.7611679434776306 0.05347750708460808 
0.5624518990516663 0.4114433228969574 0.026104792952537537 
0.11030387133359909 0.7783182859420776 0.11137782782316208 
0.6813899278640747 0.29151201248168945 0.027097951620817184 
0.10414674878120422 0.7533401250839233 0.14251317083835602 
0.2647269368171692 0.7175389528274536 0.01773410476744175 
0.5300242304801941 0.45036083459854126 0.01961495168507099 
0.8888562321662903 0.10684843361377716 0.004295424558222294 
0.4613160789012909 0.4941363036632538 0.0445476695895195 
0.42361024022102356 0.5482895970344543 0.028100209310650826 
0.17507177591323853 0.7616093754768372 0.06331881135702133 
0.23864395916461945 0.6362773180007935 0.1250787228345871 
0.6143476963043213 0.3666739761829376 0.018978334963321686 
0.5332610607147217 0.4405183494091034 0.026220574975013733 
0.003993197809904814 0.255511611700058 0.7404952049255371 
0.003867482068017125 0.24015545845031738 0.7559770345687866 
0.5162570476531982 0.4596576392650604 0.0240852702409029 
0.059036433696746826 0.8798463344573975 0.061117153614759445 
0.41333550214767456 0.5459539294242859 0.040710508823394775 
0.3074844181537628 0.6404221057891846 0.05209341272711754 
0.9568681716918945 0.04079882428050041 0.002332993783056736 
0.03999840095639229 0.8591932654380798 0.1008082777261734 
0.44709181785583496 0.5178437829017639 0.03506438061594963 
0.06836219131946564 0.7019869685173035 0.22965079545974731 
0.7535834312438965 0.23302273452281952 0.013393798843026161 
0.6384656429290771 0.34758487343788147 0.01394945103675127 
0.34752047061920166 0.6208369731903076 0.03164249286055565 
0.1578395515680313 0.7754420042037964 0.0667184516787529 
0.22098295390605927 0.7124052047729492 0.0666118785738945 
0.17934976518154144 0.746566891670227 0.07408333569765091 
0.094822458922863 0.8581957817077637 0.046981800347566605 
0.03846148028969765 0.31601861119270325 0.6455198526382446 
0.020955469459295273 0.721584677696228 0.2574598789215088 
0.020955469459295273 0.721584677696228 0.2574598789215088 
0.020955469459295273 0.721584677696228 0.2574598789215088 
0.020955469459295273 0.721584677696228 0.2574598789215088 
0.8949253559112549 0.09899043291807175 0.006084137130528688 
0.8893221616744995 0.10415574163198471 0.0065220994874835014 
0.10650544613599777 0.83455890417099 0.05893566831946373 
0.18299193680286407 0.7621420621871948 0.0548660084605217 
0.49663838744163513 0.4502725899219513 0.05308900773525238 
0.2976312041282654 0.659591555595398 0.042777229100465775 
0.5045081973075867 0.4759576618671417 0.01953405886888504 
0.6847010254859924 0.2882252633571625 0.027073683217167854 
0.7359136939048767 0.2466718554496765 0.01741446927189827 
0.2888965904712677 0.6689717769622803 0.04213167726993561 
0.5187951922416687 0.460405170917511 0.020799629390239716 
0.8801212310791016 0.11063452810049057 0.009244238026440144 
0.909103274345398 0.08666828274726868 0.0042284284718334675 
0.6133146286010742 0.3679746985435486 0.018710631877183914 
0.06598616391420364 0.8983750939369202 0.035638757050037384 
0.6125304698944092 0.36463820934295654 0.02283134125173092 
0.08211486041545868 0.8420610427856445 0.07582410424947739 
0.019550351426005363 0.33253201842308044 0.647917628288269 
0.3294312059879303 0.5757050514221191 0.09486375749111176 
0.1618611067533493 0.7745859622955322 0.06355287879705429 
0.4989592730998993 0.4679800271987915 0.033060722053050995 
0.6839016079902649 0.3012993633747101 0.014798988588154316 
0.1764811873435974 0.7690423727035522 0.054476503282785416 
0.5047819018363953 0.47063755989074707 0.024580489844083786 
0.7058603167533875 0.28161296248435974 0.012526663020253181 
0.34532806277275085 0.6240091919898987 0.030662741512060165 
0.003665751311928034 0.06440792977809906 0.9319263100624084 
0.5151247978210449 0.4631262421607971 0.021748937666416168 
0.007842238061130047 0.3897359371185303 0.6024218201637268 
0.23463226854801178 0.7048605680465698 0.060507141053676605 
0.48928773403167725 0.4904710650444031 0.02024114318192005 
0.08269655704498291 0.802946150302887 0.11435726284980774 
0.686050295829773 0.30009034276008606 0.01385937724262476 
0.6260749697685242 0.3593766987323761 0.014548387378454208 
0.9216568470001221 0.07460742443799973 0.0037357243709266186 
0.02283487096428871 0.31282758712768555 0.6643374562263489 
0.44482913613319397 0.520285427570343 0.03488539904356003 
0.15457884967327118 0.7423216104507446 0.10309960693120956 
0.05288304388523102 0.8850367069244385 0.062080301344394684 
0.32171958684921265 0.4802553653717041 0.19802500307559967 
0.008741214871406555 0.4904238283634186 0.5008348822593689 
0.32327887415885925 0.6317394375801086 0.04498162865638733 
0.26947179436683655 0.6918658018112183 0.0386623851954937 
0.4065192937850952 0.5251424312591553 0.0683382973074913 
0.17064781486988068 0.7795174717903137 0.04983476549386978 
0.9211844801902771 0.07412095367908478 0.004694568924605846 
0.07031869143247604 0.8087000846862793 0.12098126858472824 
0.05876954272389412 0.6994731426239014 0.24175722897052765 
0.6784532070159912 0.3102952241897583 0.011251600459218025 
0.9060951471328735 0.0889744684100151 0.004930303897708654 
0.8904233574867249 0.10325592756271362 0.006320748943835497 
0.5261096358299255 0.4539385735988617 0.019951771944761276 
0.717432975769043 0.26604869961738586 0.016518346965312958 
0.10346866399049759 0.4729228913784027 0.4236084818840027 
0.10337667167186737 0.6739575266838074 0.22266574203968048 
0.17595124244689941 0.7695124745368958 0.05453627556562424 
0.010006117634475231 0.5761193633079529 0.4138745069503784 
0.41810551285743713 0.5424742698669434 0.0394202396273613 
0.1700291633605957 0.7562294006347656 0.07374140620231628 
0.11856073141098022 0.7854703664779663 0.09596890956163406 
0.546545684337616 0.4261826276779175 0.027271747589111328 
0.04579376056790352 0.8622777462005615 0.09192848950624466 
0.6005386710166931 0.3740521967411041 0.025409115478396416 
0.02465668134391308 0.5452802777290344 0.43006306886672974 
0.9427643418312073 0.05243891850113869 0.004796730354428291 
0.8959499001502991 0.10113438218832016 0.0029157192911952734 
0.01904894784092903 0.6929810643196106 0.2879699170589447 
0.1532502919435501 0.6944006085395813 0.1523490846157074 
0.7607220411300659 0.22815057635307312 0.01112741231918335 
0.19845953583717346 0.666975736618042 0.13456468284130096 
0.4491235911846161 0.5281753540039062 0.022701052948832512 
0.29952311515808105 0.6018128991127014 0.09866396337747574 
0.010826792567968369 0.35800865292549133 0.6311644911766052 
0.8411030173301697 0.1502799540758133 0.00861712172627449 
0.3496716320514679 0.6258864402770996 0.02444191835820675 
0.28044867515563965 0.6881122589111328 0.031439099460840225 
0.14512546360492706 0.7747647166252136 0.08010979741811752 
0.3571990132331848 0.6093199849128723 0.03348095715045929 
0.46604230999946594 0.5129575729370117 0.021000055596232414 
0.9493207335472107 0.04729227349162102 0.0033870188053697348 
0.005578943993896246 0.18871717154979706 0.8057039380073547 
0.18178793787956238 0.594821035861969 0.2233910858631134 
0.8340820074081421 0.15746240317821503 0.008455532602965832 
0.24604064226150513 0.7223188281059265 0.031640466302633286 
0.29026031494140625 0.6752769947052002 0.03446269780397415 
0.010348713025450706 0.16529962420463562 0.8243517279624939 
0.38905471563339233 0.5460444092750549 0.06490086019039154 
0.3505200743675232 0.6029948592185974 0.04648502543568611 
0.7996920943260193 0.19213926792144775 0.008168636821210384 
0.6842264533042908 0.2841702699661255 0.031603310257196426 
0.024504879489541054 0.7204030752182007 0.25509199500083923 
0.3149471879005432 0.6260627508163452 0.05899004265666008 
0.6453993320465088 0.32735639810562134 0.02724430337548256 
0.5858420729637146 0.3947743773460388 0.01938353106379509 
0.002570704324170947 0.054493244737386703 0.9429360628128052 
0.2170265018939972 0.6466936469078064 0.1362798660993576 
0.06309326738119125 0.7510309815406799 0.1858757585287094 
0.1264425665140152 0.8196382522583008 0.053919125348329544 
0.21780021488666534 0.7259424924850464 0.05625734105706215 
0.7042093873023987 0.2692657709121704 0.026524841785430908 
0.4428812563419342 0.5347164273262024 0.022402333095669746 
0.32016634941101074 0.5909098982810974 0.08892375230789185 
0.16398558020591736 0.7564631104469299 0.07955126464366913 
0.6597110033035278 0.3233339190483093 0.016955075785517693 
0.034253835678100586 0.5801727771759033 0.3855733573436737 
0.9178270697593689 0.07506182044744492 0.007111100479960442 
0.06953315436840057 0.770581066608429 0.1598857343196869 
0.5877445936203003 0.36086297035217285 0.051392413675785065 
0.33392611145973206 0.6201364398002625 0.04593749716877937 
0.8120898604393005 0.17985670268535614 0.008053398691117764 
0.2228952795267105 0.6943151950836182 0.08278951793909073 
0.7274333238601685 0.26203644275665283 0.010530252940952778 
0.704682469367981 0.28663671016693115 0.008680803701281548 
0.020955469459295273 0.721584677696228 0.2574598789215088 
0.44287577271461487 0.4974449872970581 0.05967925488948822 
0.7597135305404663 0.22869999706745148 0.011586539447307587 
0.8239651322364807 0.16539141535758972 0.010643343441188335 
0.444811075925827 0.5128524303436279 0.04233644902706146 
0.3422442674636841 0.6338384747505188 0.023917298763990402 
0.5994735956192017 0.38026610016822815 0.020260250195860863 
0.0641060397028923 0.8671138882637024 0.0687800943851471 
0.14161129295825958 0.7492173314094543 0.10917142033576965 
0.36867478489875793 0.5801919102668762 0.05113326013088226 
0.2069522738456726 0.7612144947052002 0.031833209097385406 
0.04506002739071846 0.4932147264480591 0.46172529458999634 
0.05522160977125168 0.6900730729103088 0.2547053396701813 
0.006336186546832323 0.12846575677394867 0.865198016166687 
0.9239969849586487 0.07230246067047119 0.0037005781196057796 
0.10249802470207214 0.6988277435302734 0.19867423176765442 
0.020955469459295273 0.721584677696228 0.2574598789215088 
0.020955469459295273 0.721584677696228 0.2574598789215088 
0.5671679377555847 0.3818809986114502 0.050951071083545685 
0.23669300973415375 0.6792199611663818 0.08408702164888382 
0.3215760588645935 0.6532652378082275 0.025158720090985298 
0.8513028621673584 0.14194723963737488 0.006749957334250212 
0.24303391575813293 0.6888265013694763 0.06813963502645493 
0.03827724978327751 0.8449856042861938 0.11673719435930252 
0.270097017288208 0.6907187700271606 0.03918423876166344 
0.2855606973171234 0.6454580426216125 0.06898130476474762 
0.688924252986908 0.30029988288879395 0.010775893926620483 
0.4428812563419342 0.5347164273262024 0.022402333095669746 
0.11500721424818039 0.6664086580276489 0.21858415007591248 
0.13782815635204315 0.8260526061058044 0.0361192561686039 
0.32016634941101074 0.5909098982810974 0.08892375230789185 
0.0012014787644147873 0.03580009192228317 0.9629984498023987 
0.49422311782836914 0.4813072085380554 0.024469641968607903 
0.7294818758964539 0.2569873034954071 0.013530840165913105 
0.5407033562660217 0.41331571340560913 0.045980945229530334 
0.22940446436405182 0.6598218679428101 0.11077369004487991 
0.8284458518028259 0.16583362221717834 0.005720627494156361 
0.009491147473454475 0.37391677498817444 0.6165920495986938 
0.46420368552207947 0.5020884275436401 0.0337078832089901 
0.8154670596122742 0.17344103753566742 0.011091869324445724 
0.2503266930580139 0.7251713871955872 0.02450188249349594 
0.7603160738945007 0.2231280505657196 0.016555914655327797 
0.8271799683570862 0.16246232390403748 0.010357720777392387 
0.5952944755554199 0.38405299186706543 0.020652545616030693 
0.5579132437705994 0.4103437066078186 0.03174310550093651 
0.41916337609291077 0.5460473895072937 0.034789253026247025 
0.09216602146625519 0.8223970532417297 0.08543693274259567 
0.05370575934648514 0.6414413452148438 0.3048529028892517 
0.1324862688779831 0.6625896096229553 0.2049240618944168 
0.3422442674636841 0.6338384747505188 0.023917298763990402 
0.004239141941070557 0.08627218753099442 0.9094886779785156 
0.5026682615280151 0.4780937731266022 0.01923796348273754 
0.10131394863128662 0.816497802734375 0.08218829333782196 
0.0012745087733492255 0.015006080269813538 0.9837194085121155 
0.34081196784973145 0.5599303245544434 0.0992576852440834 
0.7583353519439697 0.21204178035259247 0.029622800648212433 
0.3754142224788666 0.5735411643981934 0.05104457959532738 
0.04165634512901306 0.7640618681907654 0.19428177177906036 
0.49652063846588135 0.48257318139076233 0.020906254649162292 
0.036390434950590134 0.808861494064331 0.15474805235862732 
0.28044867515563965 0.6881122589111328 0.031439099460840225 
0.020955469459295273 0.721584677696228 0.2574598789215088 
0.25502923130989075 0.7134636640548706 0.031507037580013275 
0.23418565094470978 0.7044047117233276 0.0614095963537693 
0.07461687177419662 0.5782703161239624 0.34711286425590515 
0.30191734433174133 0.62013840675354 0.07794425636529922 
0.40350958704948425 0.5462021231651306 0.05028827115893364 
0.33202412724494934 0.6404216885566711 0.027554163709282875 
0.0019628216978162527 0.10776546597480774 0.8902716636657715 
0.4428812563419342 0.5347164273262024 0.022402333095669746 
0.2579905688762665 0.7178549766540527 0.024154426530003548 
0.3215760588645935 0.6532652378082275 0.025158720090985298 
0.3456273674964905 0.6218026876449585 0.03256991133093834 
0.1378600299358368 0.7923284769058228 0.06981142610311508 
0.6269500851631165 0.34580937027931213 0.02724052220582962 
0.558601975440979 0.42147913575172424 0.019918881356716156 
0.040712811052799225 0.8164005875587463 0.14288656413555145 
0.7945845723152161 0.18952426314353943 0.015891162678599358 
0.3422442674636841 0.6338384747505188 0.023917298763990402 
0.8414990901947021 0.1521994024515152 0.006301586981862783 
0.020955469459295273 0.721584677696228 0.2574598789215088 
0.020955469459295273 0.721584677696228 0.2574598789215088 
0.020955469459295273 0.721584677696228 0.2574598789215088 
0.020955469459295273 0.721584677696228 0.2574598789215088 
0.006540402770042419 0.24925461411476135 0.7442049980163574 
0.06901250034570694 0.7990228533744812 0.1319645792245865 
0.32016634941101074 0.5909098982810974 0.08892375230789185 
0.058158375322818756 0.8815631866455078 0.06027841195464134 
0.002742170123383403 0.04231521487236023 0.9549425840377808 
0.0879087746143341 0.8226327896118164 0.08945849537849426 
0.13970163464546204 0.7819862365722656 0.07831205427646637 
0.8996093273162842 0.0936349630355835 0.006755745504051447 
0.6232352256774902 0.35789141058921814 0.018873373046517372 
0.07216061651706696 0.8388482928276062 0.08899109810590744 
0.09952276945114136 0.607681155204773 0.2927960753440857 
0.7255000472068787 0.2598954141139984 0.014604507014155388 
0.472935289144516 0.49861785769462585 0.028446832671761513 
0.7130166292190552 0.2675967514514923 0.019386524334549904 
0.3520394265651703 0.6232233047485352 0.024737248197197914 
0.7351979613304138 0.25084996223449707 0.013952094130218029 
0.45645490288734436 0.5195314288139343 0.02401367388665676 
0.5124855637550354 0.4449881613254547 0.04252622649073601 
0.9145269989967346 0.08054258674383163 0.004930398426949978 
0.30650079250335693 0.6583328247070312 0.03516639024019241 
0.4713303744792938 0.5008331537246704 0.0278365109115839 
0.32469427585601807 0.6476730108261108 0.0276327021420002 
0.7378004193305969 0.24683110415935516 0.015368456952273846 
0.3206917345523834 0.6475428938865662 0.03176539018750191 
0.753917396068573 0.23550766706466675 0.01057489961385727 
0.012412958778440952 0.7578601241111755 0.2297269105911255 
0.9644246697425842 0.03287165239453316 0.002703665755689144 
0.05173151567578316 0.24797622859477997 0.7002922892570496 
0.9518238306045532 0.04449053481221199 0.003685621777549386 
0.6734890341758728 0.2947734296321869 0.0317375510931015 
0.7108373641967773 0.2794416546821594 0.009721008129417896 
0.07017087191343307 0.3331601321697235 0.5966690182685852 
0.12490027397871017 0.8098388314247131 0.06526084244251251 
0.002131241839379072 0.015590646304190159 0.9822781085968018 
0.35496747493743896 0.5705844163894653 0.07444815337657928 
0.2012828141450882 0.7282290458679199 0.0704881027340889 
0.15104034543037415 0.5144072771072388 0.33455243706703186 
0.14010222256183624 0.7842525839805603 0.07564518600702286 
0.09774911403656006 0.4189441204071045 0.48330673575401306 
0.052763331681489944 0.3968924283981323 0.5503442287445068 
0.8027646541595459 0.18714278936386108 0.010092612355947495 
0.3418175280094147 0.5191531181335449 0.1390293836593628 
0.9014612436294556 0.09126844257116318 0.007270234636962414 
0.9587343335151672 0.037944894284009933 0.0033207640517503023 
0.6815532445907593 0.3082745373249054 0.010172191075980663 
0.18391752243041992 0.4183904826641083 0.3976919651031494 
0.8046717643737793 0.18220460414886475 0.013123615644872189 
0.9535025954246521 0.0428982749581337 0.0035991554614156485 
0.28044867515563965 0.6881122589111328 0.031439099460840225 
0.9535025954246521 0.0428982749581337 0.0035991554614156485 
0.011171499267220497 0.09935662895441055 0.8894718289375305 
0.37665286660194397 0.5699571967124939 0.053390033543109894 
0.8719549179077148 0.1166316345334053 0.01141349971294403 
0.9518238306045532 0.04449053481221199 0.003685621777549386 
0.3553575575351715 0.5853381156921387 0.05930440500378609 
0.9535025954246521 0.0428982749581337 0.0035991554614156485 
0.9265575408935547 0.06830492615699768 0.005137556232511997 
0.94217449426651 0.0533335842192173 0.004491942003369331 
0.9535025954246521 0.0428982749581337 0.0035991554614156485 
0.9551498293876648 0.04144250974059105 0.003407718613743782 
0.5787490010261536 0.38787272572517395 0.033378295600414276 
0.4428812563419342 0.5347164273262024 0.022402333095669746 
0.9535025954246521 0.0428982749581337 0.0035991554614156485 
0.6810584664344788 0.3078363835811615 0.011105114594101906 
0.9518238306045532 0.04449053481221199 0.003685621777549386 
0.5540569424629211 0.4108785390853882 0.03506452590227127 
0.3215760588645935 0.6532652378082275 0.025158720090985298 
0.6575961709022522 0.31527552008628845 0.027128228917717934 
0.7449439764022827 0.2422485053539276 0.012807522900402546 
0.5070160031318665 0.40858393907546997 0.08440010249614716 
0.9047707319259644 0.09066269546747208 0.004566546995192766 
0.5855759382247925 0.39091286063194275 0.023511240258812904 
0.0033538201823830605 0.18710067868232727 0.8095455169677734 
0.003447876079007983 0.1819930076599121 0.8145591020584106 
0.3422442674636841 0.6338384747505188 0.023917298763990402 
0.7919800877571106 0.1999427080154419 0.008077164180576801 
0.3376411497592926 0.6361587643623352 0.026200059801340103 
0.32016634941101074 0.5909098982810974 0.08892375230789185 
0.7613403797149658 0.22751161456108093 0.011147981509566307 
0.33316951990127563 0.6146244406700134 0.05220601707696915 
0.03324039280414581 0.7316448092460632 0.2351147085428238 
0.07270239293575287 0.8739343285560608 0.053363341838121414 
0.4139916002750397 0.5429879426956177 0.043020498007535934 
0.03835738077759743 0.475688636302948 0.48595401644706726 
0.5123972296714783 0.46560394763946533 0.0219988115131855 
0.6703466773033142 0.3138984143733978 0.015754912048578262 
0.03845622017979622 0.7036373019218445 0.25790637731552124 
0.08182287961244583 0.547542929649353 0.37063416838645935 
0.8064119815826416 0.18195272982120514 0.011635267175734043 
0.32323896884918213 0.5927849411964417 0.08397602289915085 
0.04755833372473717 0.7884467244148254 0.16399484872817993 
0.1501377373933792 0.8082606792449951 0.041601646691560745 
0.8495467305183411 0.1368211954832077 0.013632101006805897 
0.10279887169599533 0.8657647967338562 0.031436339020729065 
0.1094721332192421 0.57017582654953 0.32035207748413086 
0.10537952184677124 0.5639880299568176 0.3306324779987335 
0.09736405313014984 0.7606752514839172 0.14196065068244934 
0.7873148918151855 0.2035289853811264 0.009156135842204094 
0.4260304868221283 0.5204750895500183 0.053494468331336975 
0.007507810834795237 0.13017112016677856 0.8623210787773132 
0.3217158615589142 0.6518639326095581 0.026420267298817635 
0.010218317620456219 0.2842462956905365 0.7055354118347168 
0.009842346422374249 0.6594945788383484 0.33066311478614807 
0.007082832977175713 0.08403123170137405 0.9088858962059021 
0.004852268844842911 0.11622689664363861 0.8789207935333252 
0.8713265061378479 0.12442486733198166 0.004248622339218855 
0.25405922532081604 0.6864166855812073 0.0595240592956543 
0.9405593276023865 0.05712477117776871 0.002315952442586422 
0.335697740316391 0.5878577828407288 0.07644449174404144 
0.11801882833242416 0.7012094855308533 0.18077173829078674 
0.20677399635314941 0.6208429932594299 0.17238308489322662 
0.1602223813533783 0.46059849858283997 0.37917906045913696 
0.03864599019289017 0.4996238350868225 0.4617302715778351 
0.019004926085472107 0.9134230613708496 0.06757194548845291 
0.32609567046165466 0.5919200778007507 0.0819842591881752 
0.28398606181144714 0.6762155294418335 0.039798371493816376 
0.16626772284507751 0.7004514336585999 0.1332808881998062 
0.6344155073165894 0.3261681795120239 0.03941633179783821 
0.2750145494937897 0.6897398233413696 0.03524559736251831 
0.2604789137840271 0.6216074228286743 0.11791368573904037 
0.10594652593135834 0.6822361350059509 0.21181738376617432 
0.14426837861537933 0.7092745304107666 0.14645709097385406 
0.6735116839408875 0.3154298961162567 0.01105842087417841 
0.2080414891242981 0.7460720539093018 0.045886412262916565 
0.5297139286994934 0.4448500871658325 0.02543599344789982 
0.04868578165769577 0.30144575238227844 0.6498684883117676 
0.6170459985733032 0.3583868443965912 0.024567123502492905 
0.6383728384971619 0.3455146849155426 0.016112439334392548 
0.39612483978271484 0.5734646320343018 0.030410492792725563 
0.016906149685382843 0.5196348428726196 0.46345892548561096 
0.19976715743541718 0.7421790361404419 0.05805378407239914 
0.6809183955192566 0.30800318717956543 0.011078429408371449 
0.01703060418367386 0.20019523799419403 0.7827740907669067 
0.5031269788742065 0.45294055342674255 0.04393251612782478 
0.03949294984340668 0.7800527811050415 0.180454283952713 
0.8338916301727295 0.14968609809875488 0.016422225162386894 
0.8345083594322205 0.1599322259426117 0.005559426732361317 
0.7312233448028564 0.24904029071331024 0.019736336544156075 
0.32084110379219055 0.6521777510643005 0.026981186121702194 
0.5039666891098022 0.4770265519618988 0.019006764516234398 
0.029452534392476082 0.8155118227005005 0.15503564476966858 
0.1826084852218628 0.6676454544067383 0.14974601566791534 
0.4070436954498291 0.5526506304740906 0.0403057225048542 
0.0341593362390995 0.8015455603599548 0.16429510712623596 
0.27812889218330383 0.6932585835456848 0.028612568974494934 
0.12198837846517563 0.7165278792381287 0.1614837497472763 
0.25239163637161255 0.7076119780540466 0.03999634087085724 
0.8942450881004333 0.0947515144944191 0.011003341525793076 
0.018000852316617966 0.39145421981811523 0.5905449390411377 
0.006510095205157995 0.8397164940834045 0.15377342700958252 
0.7777599096298218 0.21689118444919586 0.005348930135369301 
0.8252571225166321 0.16627530753612518 0.008467605337500572 
0.18617960810661316 0.6400452852249146 0.17377512156963348 
0.011853903532028198 0.44911468029022217 0.539031445980072 
0.009263884276151657 0.40968257188796997 0.5810535550117493 
0.1850484311580658 0.7612215876579285 0.05373000726103783 
0.15407943725585938 0.6879094243049622 0.15801109373569489 
0.013696309179067612 0.34722837805747986 0.6390753388404846 
0.011223902925848961 0.31662580370903015 0.6721503138542175 
0.37803328037261963 0.5859254598617554 0.03604130446910858 
0.882996678352356 0.11069009453058243 0.006313261575996876 
0.606083333492279 0.37703627347946167 0.016880348324775696 
0.33340945839881897 0.6199136972427368 0.04667685553431511 
0.17562325298786163 0.7866784334182739 0.037698280066251755 
0.17562325298786163 0.7866784334182739 0.037698280066251755 
0.17562325298786163 0.7866784334182739 0.037698280066251755 
0.0016193654155358672 0.009757955558598042 0.9886227250099182 
0.7042093873023987 0.2692657709121704 0.026524841785430908 
0.34002915024757385 0.6240748167037964 0.03589608892798424 
0.007123625837266445 0.21193177998065948 0.7809445261955261 
0.02822522632777691 0.9303246736526489 0.041450135409832 
0.7829427123069763 0.20472587645053864 0.012331373989582062 
0.22772260010242462 0.7324559092521667 0.039821479469537735 
0.23327961564064026 0.44287368655204773 0.3238466680049896 
0.7793165445327759 0.21191370487213135 0.008769706822931767 
0.4798393249511719 0.49719786643981934 0.022962860763072968 
0.9419102072715759 0.054322272539138794 0.0037674594204872847 
0.06997908651828766 0.8460530042648315 0.08396793156862259 
0.6341089606285095 0.3517802357673645 0.014110769145190716 
0.3836749792098999 0.5032680034637451 0.11305699497461319 
0.29297423362731934 0.6645450592041016 0.04248073324561119 
0.890896737575531 0.1042397990822792 0.0048635113053023815 
0.7978783249855042 0.1892968714237213 0.012824758887290955 
0.2606341242790222 0.6015585064888 0.13780733942985535 
0.3679439127445221 0.6087287664413452 0.023327304050326347 
0.13363990187644958 0.711270809173584 0.15508927404880524 
0.7701685428619385 0.21915364265441895 0.010677827522158623 
0.11015944182872772 0.8234049081802368 0.06643561273813248 
0.8169766068458557 0.1723586767911911 0.01066475547850132 
0.004802567418664694 0.21822500228881836 0.7769724726676941 
0.004360620863735676 0.20323877036571503 0.792400598526001 
0.45484575629234314 0.5241329073905945 0.021021367982029915 
0.0038130804896354675 0.0897313803434372 0.9064555764198303 
0.15109111368656158 0.7669911980628967 0.08191771060228348 
0.8257321715354919 0.16448791325092316 0.00977991335093975 
0.5159270763397217 0.45278605818748474 0.03128693997859955 
0.35992246866226196 0.5617937445640564 0.07828376442193985 
0.1014094278216362 0.675994873046875 0.22259566187858582 
0.8379927277565002 0.15562714636325836 0.0063800932839512825 
0.4958091080188751 0.454973042011261 0.04921780154109001 
0.5149117112159729 0.4373425841331482 0.04774570092558861 
0.22874875366687775 0.6787148714065552 0.09253641963005066 
0.30647701025009155 0.664054274559021 0.029468681663274765 
0.5210473537445068 0.43099725246429443 0.047955382615327835 
0.09579452127218246 0.7578673362731934 0.14633809030056 
0.8781102299690247 0.11502845585346222 0.006861318834125996 
0.0419907420873642 0.763355553150177 0.19465374946594238 
0.5047890543937683 0.47253960371017456 0.022671308368444443 
0.8485360741615295 0.14125984907150269 0.010204036720097065 
0.49515822529792786 0.4195655286312103 0.08527622371912003 
0.5175459384918213 0.46232736110687256 0.020126694813370705 
0.6426200866699219 0.3415956199169159 0.01578422822058201 
0.028729621320962906 0.6851329207420349 0.2861374020576477 
0.9496806263923645 0.04618556424975395 0.0041338251903653145 
0.04428353160619736 0.8746137619018555 0.08110266178846359 
0.43363693356513977 0.529067873954773 0.037295110523700714 
0.03839484602212906 0.7188628911972046 0.24274227023124695 
0.8134903311729431 0.1751643270254135 0.01134535949677229 
0.004090975504368544 0.23682312667369843 0.7590858936309814 
0.004347092006355524 0.23343949019908905 0.762213408946991 
0.018858004361391068 0.4103628993034363 0.5707790851593018 
0.0034449214581400156 0.12369470298290253 0.8728603720664978 
0.21213006973266602 0.7174072265625 0.07046271115541458 
0.7082746624946594 0.2787530720233917 0.012972242198884487 
0.40896859765052795 0.5581047534942627 0.03292662650346756 
0.3513427674770355 0.45487454533576965 0.19378270208835602 
0.1310299187898636 0.7266162037849426 0.1423538327217102 
0.0025674039497971535 0.10793952643871307 0.8894930481910706 
0.8255972266197205 0.16382665932178497 0.010576062835752964 
0.33147990703582764 0.5045113563537598 0.16400876641273499 
0.777845025062561 0.2108454406261444 0.011309570632874966 
0.5032018423080444 0.4711783230304718 0.02561977505683899 
0.6040252447128296 0.37888646125793457 0.01708822324872017 
0.0433662049472332 0.7211443781852722 0.23548944294452667 
0.759507417678833 0.21993528306484222 0.020557302981615067 
0.3679439127445221 0.6087287664413452 0.023327304050326347 
0.5058842897415161 0.4606153070926666 0.03350038081407547 
0.10173095762729645 0.8471001386642456 0.051168881356716156 
0.45484575629234314 0.5241329073905945 0.021021367982029915 
0.4023319184780121 0.5720882415771484 0.02557986229658127 
0.6321755647659302 0.3477632999420166 0.020061153918504715 
0.8248957395553589 0.1559230089187622 0.019181283190846443 
0.31697878241539 0.6343100666999817 0.04871117323637009 
0.02728264406323433 0.6924230456352234 0.28029435873031616 
0.350425124168396 0.6096287369728088 0.039946164935827255 
0.0043989974074065685 0.18894538283348083 0.8066556453704834 
0.06032159924507141 0.6925135254859924 0.24716489017009735 
0.008846530690789223 0.1787158101797104 0.8124376535415649 
0.06349382549524307 0.8452590107917786 0.09124717116355896 
0.30647701025009155 0.664054274559021 0.029468681663274765 
0.041263096034526825 0.882219135761261 0.07651781290769577 
0.054288070648908615 0.5580736994743347 0.3876381814479828 
0.05294850841164589 0.3419104218482971 0.6051411032676697 
0.28044867515563965 0.6881122589111328 0.031439099460840225 
0.0037890966050326824 0.038820575922727585 0.957390308380127 
0.4428812563419342 0.5347164273262024 0.022402333095669746 
0.3215760588645935 0.6532652378082275 0.025158720090985298 
0.7592871189117432 0.22869205474853516 0.012020818889141083 
0.04376332834362984 0.9222735166549683 0.03396306931972504 
0.013094929978251457 0.7543298006057739 0.23257528245449066 
0.2624824345111847 0.6875516176223755 0.0499659925699234 
0.21361052989959717 0.7489591836929321 0.037430211901664734 
0.7372880578041077 0.24876374006271362 0.013948136940598488 
0.15461358428001404 0.7883220314979553 0.057064302265644073 
0.1269918829202652 0.8157415986061096 0.057266492396593094 
0.2990327775478363 0.6766690015792847 0.024298224598169327 
0.010464570485055447 0.6381800770759583 0.3513553738594055 
0.2821165919303894 0.6583606600761414 0.05952272564172745 
0.030978979542851448 0.683089017868042 0.2859319746494293 
0.8443006873130798 0.14000648260116577 0.015692822635173798 
0.16811688244342804 0.7802910804748535 0.05159201845526695 
0.05512520298361778 0.765859067440033 0.17901583015918732 
0.07109826803207397 0.8863162994384766 0.04258542135357857 
0.3466956615447998 0.6317064166069031 0.021597890183329582 
0.33484140038490295 0.5598267316818237 0.1053319200873375 
0.02103828452527523 0.4228852093219757 0.5560764670372009 
0.010432180017232895 0.2410365641117096 0.7485312819480896 
0.02633780799806118 0.8221752643585205 0.15148696303367615 
0.10273116081953049 0.8048087954521179 0.09246008098125458 
0.4491235911846161 0.5281753540039062 0.022701052948832512 
0.2757265269756317 0.6921172142028809 0.03215630725026131 
0.29952311515808105 0.6018128991127014 0.09866396337747574 
0.9364373087882996 0.05952456593513489 0.004038168117403984 
0.862146258354187 0.12708893418312073 0.010764814913272858 
0.3496716320514679 0.6258864402770996 0.02444191835820675 
0.024081991985440254 0.6244228482246399 0.3514951765537262 
0.21676571667194366 0.7558822631835938 0.027352046221494675 
0.01875372976064682 0.5255810618400574 0.4556652009487152 
0.2558266520500183 0.6461160182952881 0.09805728495121002 
0.5854213237762451 0.40767061710357666 0.00690806657075882 
0.07454873621463776 0.7793850898742676 0.14606623351573944 
0.16026970744132996 0.7932774424552917 0.04645295813679695 
0.03304902836680412 0.8856638669967651 0.08128714561462402 
0.0020800833590328693 0.021211721003055573 0.9767082333564758 
0.16200606524944305 0.7909269332885742 0.04706697165966034 
0.29026031494140625 0.6752769947052002 0.03446269780397415 
0.19001571834087372 0.7737153768539429 0.03626890107989311 
0.14957532286643982 0.7809411883354187 0.0694834291934967 
0.1588924080133438 0.7722162008285522 0.06889135390520096 
0.42927271127700806 0.5235008597373962 0.0472264401614666 
0.5089656710624695 0.45132142305374146 0.03971292823553085 
0.11257942020893097 0.8426051735877991 0.04481545090675354 
0.8118906021118164 0.18038716912269592 0.007722306996583939 
0.3060060441493988 0.638584554195404 0.05540939420461655 
0.15642772614955902 0.3748946785926819 0.4686775803565979 
0.29756662249565125 0.6606011390686035 0.041832201182842255 
0.03889387473464012 0.924896240234375 0.036209896206855774 
0.08204168826341629 0.8394368290901184 0.0785214751958847 
0.04572232440114021 0.8251568675041199 0.1291208118200302 
0.2755902409553528 0.634813666343689 0.08959607779979706 
0.9503179788589478 0.045969001948833466 0.003712992649525404 
0.5224252939224243 0.4554612338542938 0.02211347408592701 
0.057263392955064774 0.6135221719741821 0.3292143642902374 
0.7042093873023987 0.2692657709121704 0.026524841785430908 
0.0015399160329252481 0.025482913479208946 0.9729771614074707 
0.8310875296592712 0.15804360806941986 0.01086882222443819 
0.22169572114944458 0.7405762672424316 0.03772801160812378 
0.7042093873023987 0.2692657709121704 0.026524841785430908 
0.029916197061538696 0.8468248248100281 0.12325901538133621 
0.7590277791023254 0.23098134994506836 0.009990866295993328 
0.31422004103660583 0.5897764563560486 0.096003457903862 
0.3520394265651703 0.6232233047485352 0.024737248197197914 
0.4431654214859009 0.5359517931938171 0.020882783457636833 
0.2558266520500183 0.6461160182952881 0.09805728495121002 
0.45645490288734436 0.5195314288139343 0.02401367388665676 
0.30650079250335693 0.6583328247070312 0.03516639024019241 
0.22332438826560974 0.737986147403717 0.03868947923183441 
0.0659070611000061 0.8371387124061584 0.09695424139499664 
0.8652599453926086 0.12776099145412445 0.006979080848395824 
0.4638242721557617 0.4599713683128357 0.07620435208082199 
0.4087962508201599 0.5641443729400635 0.02705935761332512 
0.32469427585601807 0.6476730108261108 0.0276327021420002 
0.5542209148406982 0.4170527160167694 0.0287263635545969 
0.611431896686554 0.363307386636734 0.025260794907808304 
0.4333866238594055 0.5527878403663635 0.013825574889779091 
0.11675281822681427 0.7454909086227417 0.13775624334812164 
0.0066541158594191074 0.4616886079311371 0.5316572785377502 
0.9783549308776855 0.01976308599114418 0.001881968230009079 
0.050666846334934235 0.5704258680343628 0.37890729308128357 
0.013533641584217548 0.3284289240837097 0.6580374240875244 
0.027889642864465714 0.3897957503795624 0.5823146104812622 
0.6092279553413391 0.3754523992538452 0.015319678001105785 
0.2637536823749542 0.48177602887153625 0.2544702887535095 
0.08315280079841614 0.8357072472572327 0.0811399444937706 
0.2047797590494156 0.7476413249969482 0.04757889360189438 
0.08204210549592972 0.8067178726196289 0.11124000698328018 
0.08204210549592972 0.8067178726196289 0.11124000698328018 
0.42250463366508484 0.5573896169662476 0.020105792209506035 
0.10768440365791321 0.6973993182182312 0.1949162483215332 
0.028878390789031982 0.6445468664169312 0.3265747129917145 
0.38748374581336975 0.5890898108482361 0.023426484316587448 
0.22374118864536285 0.6168317198753357 0.15942706167697906 
0.29756662249565125 0.6606011390686035 0.041832201182842255 
0.29756662249565125 0.6606011390686035 0.041832201182842255 
0.41681069135665894 0.5600748658180237 0.023114429786801338 
0.05178016796708107 0.5004989504814148 0.44772088527679443 
0.5808067321777344 0.3704755902290344 0.048717617988586426 
0.24182133376598358 0.6664495468139648 0.0917290523648262 
0.8609589338302612 0.12922218441963196 0.009818936698138714 
0.5895058512687683 0.3863738179206848 0.024120327085256577 
0.0719921737909317 0.7973498702049255 0.1306578665971756 
0.4319026470184326 0.544599711894989 0.02349766343832016 
0.47050440311431885 0.5011579990386963 0.028337644413113594 
0.7024596929550171 0.285881906747818 0.01165845338255167 
0.3764353394508362 0.5508319735527039 0.07273265719413757 
0.5054636001586914 0.46793806552886963 0.02659829892218113 
0.13963009417057037 0.7349230647087097 0.12544690072536469 
0.13963009417057037 0.7349230647087097 0.12544690072536469 
0.5996277332305908 0.38002413511276245 0.02034812420606613 
0.13963009417057037 0.7349230647087097 0.12544690072536469 
0.8153455257415771 0.17564472556114197 0.00900973565876484 
0.6925451159477234 0.2896018624305725 0.017852934077382088 
0.07283481955528259 0.6581519246101379 0.2690132260322571 
0.32266879081726074 0.6444016098976135 0.03292961046099663 
0.027412988245487213 0.513856053352356 0.45873093605041504 
0.46991556882858276 0.5078378915786743 0.022246576845645905 
