0.6639543
0.4249709
0.62763697
0.4606874
0.5524731
0.55193764
0.5585299
0.50151557
0.5040694
0.47824365
0.029395599
0.021263339
0.83445394
0.63937604
0.53302544
0.53780395
0.61263806
0.53302544
0.53302544
0.6215717
0.5406977
0.5721658
0.58708423
0.65027744
0.7016408
0.4028631
0.53780395
0.53302544
0.6107375
0.071127
0.53302544
0.41534638
0.55286795
0.60641456
0.60641456
0.59531724
0.59531724
0.5695048
0.61263806
0.61263806
0.52105165
0.60641456
0.60641456
0.58286184
0.63645434
0.63645434
0.63645434
0.59531724
0.59647316
0.03283969
0.62395734
0.40118325
0.6242372
0.56943375
0.5728297
0.56878245
0.6278191
0.56376094
0.528507
0.65440845
0.5507686
0.055700913
0.5922317
0.55382586
0.4045895
0.7422303
0.53159034
0.5728297
0.29327244
0.017417917
0.5189686
0.20039313
0.41747576
0.12838195
0.10512404
0.038394846
0.3081039
0.50675905
0.397504
0.16801868
0.2815398
0.3000373
0.18181409
0.6835509
0.59274536
0.3721421
0.33446902
0.5980665
0.08326874
0.48263615
0.93781996
0.7701766
0.3522733
0.06727759
0.0009924498
0.5946362
0.23471184
0.08145589
0.528507
0.5850517
0.1521996
0.17858022
0.38012144
0.274102
0.6150938
0.0072219735
0.016136566
0.35776338
0.0230275
0.4229714
0.17569709
0.2286583
0.0774402
0.10946791
0.3100964
0.48751962
0.19913344
0.008247016
0.9576268
0.7670538
0.7042094
0.55101967
0.0913963
0.52352375
0.10820201
0.61094505
0.38298428
0.74693394
0.3987519
0.59117967
0.02095547
0.32120278
0.018033478
0.5236073
0.6297426
0.6639543
0.4249709
0.62763697
0.4042511
0.61132
0.09685992
0.0030291225
0.18330362
0.11964404
0.9547302
0.0077885464
0.17346795
0.4023701
0.060616385
0.04983734
0.031663246
0.025356859
0.94187117
0.6107303
0.29567665
0.4998668
0.63047796
0.0057149646
0.11338713
0.08976378
0.0029524893
0.22379999
0.5135489
0.79198086
0.91283804
0.8517272
0.82341367
0.020179657
0.7192149
0.75321406
0.39868206
0.24449107
0.15960264
0.3853873
0.1793656
0.42662975
0.59666884
0.22237317
0.47136924
0.071930155
0.66278946
0.31556767
0.020387216
0.8330816
0.89338565
0.35829732
0.09249916
0.72074544
0.51625705
0.3876795
0.34855363
0.73561233
0.5045082
0.4133355
0.028886512
0.071977414
0.33216766
0.0054100114
0.36406317
0.10994807
0.34752047
0.528334
0.7441306
0.022739623
0.119508065
0.059036434
0.21564665
0.051603246
0.12607592
0.06836219
0.25582665
0.50853324
0.58939254
0.12425835
0.17507178
0.75919414
0.6813899
0.79851276
0.7981058
0.32505465
0.6039916
0.034104817
0.14552075
0.23362768
0.5624519
0.046869352
0.2486718
0.18299194
0.18003261
0.10881357
0.6255469
0.6143477
0.1033626
0.102779165
0.026948666
0.09330168
0.63846564
0.32906216
0.44709182
0.024241008
0.1545498
0.36440897
0.12607592
0.528334
0.49506983
0.016303126
0.01765209
0.38264346
0.07327095
0.3876795
0.18535455
0.5624519
0.013086485
0.94482076
0.06593467
0.09460818
0.6813899
0.11295836
0.46744475
0.53002423
0.46762383
0.15146308
0.17507178
0.6143477
0.12740342
0.32234362
0.51625705
0.75097865
0.40448785
0.059036434
0.11899039
0.4133355
0.6727071
0.7042094
0.44709182
0.06836219
0.63846564
0.34752047
0.5791261
0.22098295
0.17934977
0.14500415
0.25774223
0.06869334
0.7509725
0.18003261
0.18299194
0.050243836
0.071190104
0.2976312
0.5045082
0.045920074
0.16329946
0.09816089
0.16099156
0.08756183
0.7556601
0.3598912
0.9227189
0.81899846
0.06620638
0.12225204
0.5541798
0.8021452
0.37873477
0.13414721
0.102779165
0.020184886
0.12607592
0.528334
0.07327095
0.3876795
0.18535455
0.5624519
0.6813899
0.058672767
0.32802373
0.53002423
0.0020078307
0.002055946
0.9137859
0.4234147
0.17507178
0.6143477
0.013428666
0.51625705
0.059036434
0.023738412
0.4133355
0.15790409
0.44709182
0.77900624
0.06836219
0.63846564
0.34752047
0.103023134
0.22098295
0.17934977
0.19010314
0.4346097
0.18003261
0.18299194
0.2976312
0.30834875
0.5045082
0.5014221
0.123879574
0.42270792
0.54227376
0.26036102
0.17914973
0.094766155
0.6795496
0.57238704
0.49553987
0.28664303
0.1899109
0.3261496
0.040456828
0.03435964
0.08738698
0.17439683
0.8380447
0.011412291
0.21890853
0.641953
0.60988176
0.74549353
0.5159271
0.3707474
0.1712182
0.539995
0.87935406
0.5494934
0.8292504
0.08456718
0.34190214
0.6163418
0.17660305
0.41569397
0.6127302
0.63286966
0.06631559
0.26524448
0.71794134
0.102779165
0.12607592
0.028742988
0.30418757
0.07327095
0.3876795
0.18535455
0.5624519
0.11030387
0.6813899
0.10414675
0.26472694
0.53002423
0.88885623
0.46131608
0.42361024
0.17507178
0.23864396
0.6143477
0.53326106
0.003993198
0.003867482
0.51625705
0.059036434
0.4133355
0.30748442
0.9568682
0.0399984
0.44709182
0.06836219
0.75358343
0.63846564
0.34752047
0.15783955
0.22098295
0.17934977
0.09482246
0.03846148
0.02095547
0.02095547
0.02095547
0.02095547
0.89492536
0.88932216
0.106505446
0.18299194
0.4966384
0.2976312
0.5045082
0.684701
0.7359137
0.2888966
0.5187952
0.88012123
0.9091033
0.6133146
0.065986164
0.61253047
0.08211486
0.019550351
0.3294312
0.1618611
0.49895927
0.6839016
0.17648119
0.5047819
0.7058603
0.34532806
0.0036657513
0.5151248
0.007842238
0.23463227
0.48928773
0.08269656
0.6860503
0.62607497
0.92165685
0.022834871
0.44482914
0.15457885
0.052883044
0.3217196
0.008741215
0.32327887
0.2694718
0.4065193
0.17064781
0.9211845
0.07031869
0.058769543
0.6784532
0.90609515
0.89042336
0.52610964
0.717433
0.103468664
0.10337667
0.17595124
0.010006118
0.4181055
0.17002916
0.11856073
0.5465457
0.04579376
0.6005387
0.024656681
0.94276434
0.8959499
0.019048948
0.15325029
0.76072204
0.19845954
0.4491236
0.29952312
0.010826793
0.841103
0.34967163
0.28044868
0.14512546
0.357199
0.4660423
0.94932073
0.005578944
0.18178794
0.834082
0.24604064
0.29026031
0.010348713
0.38905472
0.35052007
0.7996921
0.68422645
0.02450488
0.3149472
0.64539933
0.5858421
0.0025707043
0.2170265
0.06309327
0.12644257
0.21780021
0.7042094
0.44288126
0.32016635
0.16398558
0.659711
0.034253836
0.91782707
0.069533154
0.5877446
0.3339261
0.81208986
0.22289528
0.7274333
0.70468247
0.02095547
0.44287577
0.75971353
0.82396513
0.44481108
0.34224427
0.5994736
0.06410604
0.1416113
0.36867478
0.20695227
0.045060027
0.05522161
0.0063361865
0.923997
0.102498025
0.02095547
0.02095547
0.56716794
0.23669301
0.32157606
0.85130286
0.24303392
0.03827725
0.27009702
0.2855607
0.68892425
0.44288126
0.115007214
0.13782816
0.32016635
0.0012014788
0.49422312
0.7294819
0.54070336
0.22940446
0.82844585
0.0094911475
0.4642037
0.81546706
0.2503267
0.7603161
0.82717997
0.5952945
0.55791324
0.41916338
0.09216602
0.05370576
0.13248627
0.34224427
0.004239142
0.50266826
0.10131395
0.0012745088
0.34081197
0.75833535
0.37541422
0.041656345
0.49652064
0.036390435
0.28044868
0.02095547
0.25502923
0.23418565
0.07461687
0.30191734
0.4035096
0.33202413
0.0019628217
0.44288126
0.25799057
0.32157606
0.34562737
0.13786003
0.6269501
0.558602
0.04071281
0.7945846
0.34224427
0.8414991
0.02095547
0.02095547
0.02095547
0.02095547
0.006540403
0.0690125
0.32016635
0.058158375
0.0027421701
0.087908775
0.13970163
0.8996093
0.6232352
0.07216062
0.09952277
0.72550005
0.4729353
0.7130166
0.35203943
0.73519796
0.4564549
0.51248556
0.914527
0.3065008
0.47133037
0.32469428
0.7378004
0.32069173
0.7539174
0.012412959
0.96442467
0.051731516
0.95182383
0.67348903
0.71083736
0.07017087
0.124900274
0.0021312418
0.35496747
0.20128281
0.15104035
0.14010222
0.097749114
0.05276333
0.80276465
0.34181753
0.90146124
0.95873433
0.68155324
0.18391752
0.80467176
0.9535026
0.28044868
0.9535026
0.011171499
0.37665287
0.8719549
0.95182383
0.35535756
0.9535026
0.92655754
0.9421745
0.9535026
0.9551498
0.578749
0.44288126
0.9535026
0.68105847
0.95182383
0.55405694
0.32157606
0.6575962
0.744944
0.507016
0.90477073
0.58557594
0.0033538202
0.003447876
0.34224427
0.7919801
0.33764115
0.32016635
0.7613404
0.33316952
0.033240393
0.07270239
0.4139916
0.03835738
0.5123972
0.6703467
0.03845622
0.08182288
0.806412
0.32323897
0.047558334
0.15013774
0.84954673
0.10279887
0.10947213
0.10537952
0.09736405
0.7873149
0.4260305
0.007507811
0.32171586
0.010218318
0.009842346
0.007082833
0.004852269
0.8713265
0.25405923
0.9405593
0.33569774
0.11801883
0.206774
0.16022238
0.03864599
0.019004926
0.32609567
0.28398606
0.16626772
0.6344155
0.27501455
0.2604789
0.105946526
0.14426838
0.6735117
0.20804149
0.5297139
0.04868578
0.617046
0.63837284
0.39612484
0.01690615
0.19976716
0.6809184
0.017030604
0.503127
0.03949295
0.83389163
0.83450836
0.73122334
0.3208411
0.5039667
0.029452534
0.18260849
0.4070437
0.034159336
0.2781289
0.12198838
0.25239164
0.8942451
0.018000852
0.006510095
0.7777599
0.8252571
0.18617961
0.0118539035
0.009263884
0.18504843
0.15407944
0.013696309
0.011223903
0.37803328
0.8829967
0.60608333
0.33340946
0.17562325
0.17562325
0.17562325
0.0016193654
0.7042094
0.34002915
0.007123626
0.028225226
0.7829427
0.2277226
0.23327962
0.77931654
0.47983932
0.9419102
0.06997909
0.63410896
0.38367498
0.29297423
0.89089674
0.7978783
0.26063412
0.3679439
0.1336399
0.77016854
0.11015944
0.8169766
0.0048025674
0.004360621
0.45484576
0.0038130805
0.15109111
0.8257322
0.5159271
0.35992247
0.10140943
0.8379927
0.4958091
0.5149117
0.22874875
0.306477
0.52104735
0.09579452
0.87811023
0.041990742
0.50478905
0.8485361
0.49515823
0.51754594
0.6426201
0.028729621
0.9496806
0.04428353
0.43363693
0.038394846
0.81349033
0.0040909755
0.004347092
0.018858004
0.0034449215
0.21213007
0.70827466
0.4089686
0.35134277
0.13102992
0.002567404
0.8255972
0.3314799
0.777845
0.50320184
0.60402524
0.043366205
0.7595074
0.3679439
0.5058843
0.10173096
0.45484576
0.40233192
0.63217556
0.82489574
0.31697878
0.027282644
0.35042512
0.0043989974
0.0603216
0.008846531
0.063493825
0.306477
0.041263096
0.05428807
0.05294851
0.28044868
0.0037890966
0.44288126
0.32157606
0.7592871
0.04376333
0.01309493
0.26248243
0.21361053
0.73728806
0.15461358
0.12699188
0.29903278
0.0104645705
0.2821166
0.03097898
0.8443007
0.16811688
0.055125203
0.07109827
0.34669566
0.3348414
0.021038285
0.01043218
0.026337808
0.10273116
0.4491236
0.27572653
0.29952312
0.9364373
0.86214626
0.34967163
0.024081992
0.21676572
0.01875373
0.25582665
0.5854213
0.074548736
0.1602697
0.03304903
0.0020800834
0.16200607
0.29026031
0.19001572
0.14957532
0.15889241
0.4292727
0.5089657
0.11257942
0.8118906
0.30600604
0.15642773
0.29756662
0.038893875
0.08204169
0.045722324
0.27559024
0.950318
0.5224253
0.057263393
0.7042094
0.001539916
0.8310875
0.22169572
0.7042094
0.029916197
0.7590278
0.31422004
0.35203943
0.44316542
0.25582665
0.4564549
0.3065008
0.22332439
0.06590706
0.86525995
0.46382427
0.40879625
0.32469428
0.5542209
0.6114319
0.43338662
0.11675282
0.006654116
0.97835493
0.050666846
0.013533642
0.027889643
0.60922796
0.26375368
0.0831528
0.20477976
0.082042105
0.082042105
0.42250463
0.1076844
0.02887839
0.38748375
0.22374119
0.29756662
0.29756662
0.4168107
0.051780168
0.58080673
0.24182133
0.86095893
0.58950585
0.071992174
0.43190265
0.4705044
0.7024597
0.37643534
0.5054636
0.1396301
0.1396301
0.59962773
0.1396301
0.8153455
0.6925451
0.07283482
0.3226688
0.027412988
0.46991557
