0.30706492
0.5364744
0.35805723
0.4403295
0.41310337
0.41460603
0.4073023
0.45948526
0.4547251
0.47755054
0.2892152
0.23063877
0.15316686
0.3347962
0.42386115
0.41934034
0.3621086
0.42386115
0.42386115
0.35082427
0.41396636
0.38536796
0.38232553
0.32764974
0.2790663
0.52010804
0.41934034
0.42386115
0.3636619
0.7139427
0.42386115
0.53501403
0.42013842
0.3680659
0.3680659
0.37824768
0.37824768
0.39510474
0.3621086
0.3621086
0.43669212
0.3680659
0.3680659
0.39013934
0.34157568
0.34157568
0.34157568
0.37824768
0.3773002
0.44453788
0.35226634
0.5548994
0.35380235
0.40017807
0.3975147
0.40096807
0.3457662
0.40512145
0.43756667
0.31964102
0.41416147
0.8975503
0.37795112
0.4115924
0.52519476
0.23916616
0.43499586
0.3975147
0.5543319
0.7027757
0.4568023
0.7458974
0.54185545
0.78137696
0.81267387
0.7188629
0.6505601
0.47040275
0.5667719
0.7737766
0.69110906
0.6288079
0.74302703
0.3058653
0.3792038
0.57973015
0.6321689
0.38511923
0.7991396
0.494788
0.058269072
0.2145208
0.62506187
0.873477
0.02676167
0.37958962
0.5545269
0.7968053
0.43756667
0.37619227
0.7957548
0.7442925
0.5982425
0.6642841
0.35951787
0.117076315
0.48557505
0.5787015
0.84454185
0.53728
0.75859326
0.7066651
0.7159277
0.8110099
0.6478512
0.49100584
0.74730635
0.10714354
0.039545916
0.22158524
0.26926577
0.42991182
0.7963851
0.4492206
0.81730485
0.36532277
0.56526124
0.23617198
0.5647909
0.38460445
0.7215847
0.63380414
0.42605245
0.45329213
0.35252002
0.30706492
0.5364744
0.35805723
0.5724192
0.36777046
0.73607635
0.1144091
0.76030225
0.74621564
0.042074975
0.19597787
0.7720274
0.56953865
0.8612437
0.8611763
0.92029566
0.8379192
0.055021558
0.37062874
0.6614887
0.4740428
0.3549177
0.16742213
0.7616516
0.81749725
0.071788505
0.6445979
0.46494618
0.19144833
0.0792226
0.1363652
0.16026795
0.4784969
0.26645488
0.23003162
0.55185765
0.6761053
0.77225816
0.57676333
0.7438918
0.5340264
0.37661687
0.71222514
0.5051314
0.71429616
0.30646646
0.638894
0.334641
0.15748711
0.10153499
0.6100302
0.8281306
0.26713797
0.45965764
0.5734686
0.5710301
0.24689494
0.47595766
0.5459539
0.61550426
0.868368
0.6294408
0.17734563
0.59451425
0.81805956
0.620837
0.44890675
0.24462971
0.78577065
0.7476716
0.87984633
0.75084
0.7466154
0.77974546
0.70198697
0.646116
0.46927947
0.39009956
0.70182693
0.7616094
0.22956039
0.291512
0.19677125
0.19695285
0.60537493
0.3610518
0.8511967
0.8005588
0.6533288
0.41144332
0.92160034
0.6999779
0.76214206
0.7700016
0.8216118
0.35299292
0.36667398
0.661694
0.8156278
0.70074046
0.799084
0.34758487
0.6258903
0.5178438
0.49853843
0.74689233
0.6002548
0.77974546
0.44890675
0.4744065
0.7333606
0.120487675
0.5184294
0.8048575
0.5734686
0.76116794
0.41144332
0.33835948
0.05204805
0.81127155
0.80507237
0.291512
0.7554006
0.45359048
0.45036083
0.49540272
0.74654007
0.7616094
0.36667398
0.786164
0.63215613
0.45965764
0.24016292
0.540439
0.87984633
0.82951677
0.5459539
0.31039584
0.26926577
0.5178438
0.70198697
0.34758487
0.620837
0.38641497
0.7124052
0.7465669
0.7248011
0.5569021
0.65921134
0.23256837
0.7700016
0.76214206
0.91704035
0.660382
0.65959156
0.47595766
0.91779673
0.7414887
0.57791865
0.62609416
0.80562377
0.22496215
0.5697208
0.07417278
0.17216325
0.8686889
0.7666544
0.4299102
0.1913426
0.55154186
0.8276858
0.8156278
0.7778183
0.77974546
0.44890675
0.8048575
0.5734686
0.76116794
0.41144332
0.291512
0.79442877
0.61279184
0.45036083
0.039631728
0.40191507
0.081483215
0.5547806
0.7616094
0.36667398
0.1800284
0.45965764
0.87984633
0.70245636
0.5459539
0.79451096
0.5178438
0.21180326
0.70198697
0.34758487
0.620837
0.8178547
0.7124052
0.7465669
0.73256564
0.5006144
0.7700016
0.76214206
0.65959156
0.62573826
0.47595766
0.4734308
0.7788269
0.5522641
0.43535593
0.62950444
0.78002626
0.8196327
0.2917226
0.4034604
0.4884008
0.6708163
0.75321996
0.6283151
0.69426465
0.65828514
0.83343166
0.7747186
0.15036684
0.40542546
0.71468073
0.33113793
0.36571315
0.23737442
0.45278606
0.58833265
0.7525062
0.44085056
0.11600861
0.4222506
0.16312759
0.79959446
0.626577
0.33348784
0.7684966
0.5434545
0.3682785
0.35249567
0.70689875
0.6797469
0.2702824
0.8156278
0.77974546
0.67183214
0.6589468
0.8048575
0.5734686
0.76116794
0.41144332
0.7783183
0.291512
0.7533401
0.71753895
0.45036083
0.10684843
0.4941363
0.5482896
0.7616094
0.6362773
0.36667398
0.44051835
0.2555116
0.24015546
0.45965764
0.87984633
0.5459539
0.6404221
0.040798824
0.85919327
0.5178438
0.70198697
0.23302273
0.34758487
0.620837
0.775442
0.7124052
0.7465669
0.8581958
0.3160186
0.7215847
0.7215847
0.7215847
0.7215847
0.09899043
0.10415574
0.8345589
0.76214206
0.4502726
0.65959156
0.47595766
0.28822526
0.24667186
0.6689718
0.46040517
0.11063453
0.08666828
0.3679747
0.8983751
0.3646382
0.84206104
0.33253202
0.57570505
0.77458596
0.46798003
0.30129936
0.7690424
0.47063756
0.28161296
0.6240092
0.06440793
0.46312624
0.38973594
0.70486057
0.49047107
0.80294615
0.30009034
0.3593767
0.074607424
0.3128276
0.5202854
0.7423216
0.8850367
0.48025537
0.49042383
0.63173944
0.6918658
0.52514243
0.7795175
0.07412095
0.8087001
0.69947314
0.31029522
0.08897447
0.10325593
0.45393857
0.2660487
0.4729229
0.6739575
0.7695125
0.57611936
0.54247427
0.7562294
0.78547037
0.42618263
0.86227775
0.3740522
0.5452803
0.05243892
0.10113438
0.69298106
0.6944006
0.22815058
0.66697574
0.52817535
0.6018129
0.35800865
0.15027995
0.62588644
0.68811226
0.7747647
0.60932
0.5129576
0.047292273
0.18871717
0.59482104
0.1574624
0.7223188
0.675277
0.16529962
0.5460444
0.60299486
0.19213927
0.28417027
0.7204031
0.62606275
0.3273564
0.39477438
0.054493245
0.64669365
0.751031
0.81963825
0.7259425
0.26926577
0.5347164
0.5909099
0.7564631
0.32333392
0.5801728
0.07506182
0.77058107
0.36086297
0.62013644
0.1798567
0.6943152
0.26203644
0.2866367
0.7215847
0.497445
0.2287
0.16539142
0.51285243
0.6338385
0.3802661
0.8671139
0.74921733
0.5801919
0.7612145
0.49321473
0.6900731
0.12846576
0.07230246
0.69882774
0.7215847
0.7215847
0.381881
0.67921996
0.65326524
0.14194724
0.6888265
0.8449856
0.69071877
0.64545804
0.30029988
0.5347164
0.66640866
0.8260526
0.5909099
0.035800092
0.4813072
0.2569873
0.4133157
0.65982187
0.16583362
0.37391677
0.5020884
0.17344104
0.7251714
0.22312805
0.16246232
0.384053
0.4103437
0.5460474
0.82239705
0.64144135
0.6625896
0.6338385
0.08627219
0.47809377
0.8164978
0.01500608
0.5599303
0.21204178
0.57354116
0.76406187
0.48257318
0.8088615
0.68811226
0.7215847
0.71346366
0.7044047
0.5782703
0.6201384
0.5462021
0.6404217
0.107765466
0.5347164
0.717855
0.65326524
0.6218027
0.7923285
0.34580937
0.42147914
0.8164006
0.18952426
0.6338385
0.1521994
0.7215847
0.7215847
0.7215847
0.7215847
0.24925461
0.79902285
0.5909099
0.8815632
0.042315215
0.8226328
0.78198624
0.09363496
0.3578914
0.8388483
0.60768116
0.2598954
0.49861786
0.26759675
0.6232233
0.25084996
0.5195314
0.44498816
0.08054259
0.6583328
0.50083315
0.647673
0.2468311
0.6475429
0.23550767
0.7578601
0.032871652
0.24797623
0.044490535
0.29477343
0.27944165
0.33316013
0.80983883
0.015590646
0.5705844
0.72822905
0.5144073
0.7842526
0.41894412
0.39689243
0.18714279
0.5191531
0.09126844
0.037944894
0.30827454
0.41839048
0.1822046
0.042898275
0.68811226
0.042898275
0.09935663
0.5699572
0.116631635
0.044490535
0.5853381
0.042898275
0.068304926
0.053333584
0.042898275
0.04144251
0.38787273
0.5347164
0.042898275
0.30783638
0.044490535
0.41087854
0.65326524
0.31527552
0.2422485
0.40858394
0.090662695
0.39091286
0.18710068
0.18199301
0.6338385
0.19994271
0.63615876
0.5909099
0.22751161
0.61462444
0.7316448
0.8739343
0.54298794
0.47568864
0.46560395
0.3138984
0.7036373
0.5475429
0.18195273
0.59278494
0.7884467
0.8082607
0.1368212
0.8657648
0.5701758
0.56398803
0.76067525
0.20352899
0.5204751
0.13017112
0.65186393
0.2842463
0.6594946
0.08403123
0.1162269
0.12442487
0.6864167
0.05712477
0.5878578
0.7012095
0.620843
0.4605985
0.49962384
0.91342306
0.5919201
0.6762155
0.70045143
0.32616818
0.6897398
0.6216074
0.68223614
0.70927453
0.3154299
0.74607205
0.4448501
0.30144575
0.35838684
0.34551468
0.57346463
0.51963484
0.74217904
0.3080032
0.20019524
0.45294055
0.7800528
0.1496861
0.15993223
0.24904029
0.65217775
0.47702655
0.8155118
0.66764545
0.55265063
0.80154556
0.6932586
0.7165279
0.707612
0.094751514
0.39145422
0.8397165
0.21689118
0.16627531
0.6400453
0.44911468
0.40968257
0.7612216
0.6879094
0.34722838
0.3166258
0.58592546
0.110690095
0.37703627
0.6199137
0.78667843
0.78667843
0.78667843
0.009757956
0.26926577
0.6240748
0.21193178
0.9303247
0.20472588
0.7324559
0.4428737
0.2119137
0.49719787
0.054322273
0.846053
0.35178024
0.503268
0.66454506
0.1042398
0.18929687
0.6015585
0.60872877
0.7112708
0.21915364
0.8234049
0.17235868
0.218225
0.20323877
0.5241329
0.08973138
0.7669912
0.16448791
0.45278606
0.56179374
0.6759949
0.15562715
0.45497304
0.43734258
0.6787149
0.6640543
0.43099725
0.75786734
0.115028456
0.76335555
0.4725396
0.14125985
0.41956553
0.46232736
0.34159562
0.6851329
0.046185564
0.87461376
0.5290679
0.7188629
0.17516433
0.23682313
0.23343949
0.4103629
0.1236947
0.7174072
0.27875307
0.55810475
0.45487455
0.7266162
0.10793953
0.16382666
0.50451136
0.21084544
0.47117832
0.37888646
0.7211444
0.21993528
0.60872877
0.4606153
0.84710014
0.5241329
0.57208824
0.3477633
0.15592301
0.63431007
0.69242305
0.60962874
0.18894538
0.6925135
0.17871581
0.845259
0.6640543
0.88221914
0.5580737
0.34191042
0.68811226
0.038820576
0.5347164
0.65326524
0.22869205
0.9222735
0.7543298
0.6875516
0.7489592
0.24876374
0.78832203
0.8157416
0.676669
0.6381801
0.65836066
0.683089
0.14000648
0.7802911
0.76585907
0.8863163
0.6317064
0.55982673
0.4228852
0.24103656
0.82217526
0.8048088
0.52817535
0.6921172
0.6018129
0.059524566
0.12708893
0.62588644
0.62442285
0.75588226
0.52558106
0.646116
0.40767062
0.7793851
0.79327744
0.88566387
0.021211721
0.79092693
0.675277
0.7737154
0.7809412
0.7722162
0.52350086
0.45132142
0.8426052
0.18038717
0.63858455
0.37489468
0.66060114
0.92489624
0.8394368
0.82515687
0.63481367
0.045969002
0.45546123
0.6135222
0.26926577
0.025482913
0.15804361
0.74057627
0.26926577
0.8468248
0.23098135
0.58977646
0.6232233
0.5359518
0.646116
0.5195314
0.6583328
0.73798615
0.8371387
0.12776099
0.45997137
0.5641444
0.647673
0.41705272
0.3633074
0.55278784
0.7454909
0.4616886
0.019763086
0.57042587
0.32842892
0.38979575
0.3754524
0.48177603
0.83570725
0.7476413
0.8067179
0.8067179
0.5573896
0.6973993
0.64454687
0.5890898
0.6168317
0.66060114
0.66060114
0.56007487
0.50049895
0.3704756
0.66644955
0.12922218
0.38637382
0.7973499
0.5445997
0.501158
0.2858819
0.550832
0.46793807
0.73492306
0.73492306
0.38002414
0.73492306
0.17564473
0.28960186
0.6581519
0.6444016
0.51385605
0.5078379
