0.028980736
0.038554642
0.01430573
0.09898309
0.03442354
0.033456266
0.034167793
0.038999163
0.04120554
0.044205803
0.68138915
0.74809784
0.012379163
0.02582773
0.043113384
0.042855635
0.025253324
0.043113384
0.043113384
0.027604032
0.045335982
0.042466253
0.030590182
0.022072857
0.019292876
0.07702897
0.042855635
0.043113384
0.025600636
0.2149304
0.043113384
0.049639575
0.026993679
0.025519557
0.025519557
0.026435034
0.026435034
0.035390444
0.025253324
0.025253324
0.042256307
0.025519557
0.025519557
0.02699886
0.021970022
0.021970022
0.021970022
0.026435034
0.026226554
0.5226224
0.023776252
0.043917384
0.021960387
0.03038808
0.029655542
0.030249467
0.026414758
0.031117553
0.033926368
0.025950508
0.035069864
0.046748858
0.029817222
0.03458174
0.070215724
0.018603632
0.033413842
0.029655542
0.15239567
0.27980632
0.024229174
0.0537094
0.040668763
0.0902411
0.08220209
0.24274227
0.041336033
0.022838185
0.035724014
0.058204763
0.027351148
0.0711548
0.07515892
0.010583832
0.02805089
0.048127763
0.033362016
0.016814262
0.11759166
0.0225759
0.003910978
0.015302656
0.0226648
0.05924542
0.9722458
0.025774207
0.21076125
0.12173883
0.033926368
0.038756058
0.052045643
0.0771273
0.021635998
0.061613847
0.025388405
0.8757017
0.49828836
0.0635351
0.1324306
0.039748598
0.0657096
0.06467654
0.20663205
0.07952209
0.04205239
0.021474456
0.05356016
0.88460946
0.0028272425
0.0113609405
0.026524842
0.019068437
0.11221851
0.027255697
0.07449314
0.023732236
0.05175446
0.016894093
0.036457207
0.02421586
0.25745988
0.044993058
0.5559141
0.023100564
0.01773739
0.028980736
0.038554642
0.01430573
0.023329614
0.020909535
0.16706371
0.88256174
0.056394074
0.13414033
0.0031948027
0.79623353
0.054504704
0.028091291
0.078139864
0.088986374
0.0480411
0.136724
0.0031072798
0.018640988
0.042834636
0.026090324
0.014604234
0.8268629
0.1249613
0.09273892
0.925259
0.13160211
0.021504918
0.016570797
0.0079393955
0.011907683
0.016318401
0.50132346
0.014330174
0.016754258
0.049460314
0.07940357
0.06813919
0.03784938
0.076742604
0.039343845
0.026714336
0.065401696
0.023499366
0.21377364
0.0307441
0.045538343
0.6449717
0.0094313035
0.0050793975
0.03167248
0.07937023
0.012116549
0.02408527
0.038851887
0.0804163
0.017492797
0.019534059
0.04071051
0.35560918
0.0596546
0.03839155
0.81724435
0.04142262
0.07199233
0.031642493
0.022759233
0.011239722
0.19148974
0.13282026
0.061117154
0.033513334
0.20178138
0.09417863
0.2296508
0.098057285
0.02218722
0.020507865
0.17391472
0.06331881
0.011245406
0.027097952
0.0047160345
0.004941325
0.06957039
0.0349566
0.11469842
0.053920396
0.11304355
0.026104793
0.031530287
0.05135024
0.05486601
0.049965788
0.06957467
0.021460207
0.018978335
0.23494339
0.081593
0.27231088
0.107614264
0.013949451
0.04504746
0.03506438
0.4772206
0.09855783
0.035336263
0.09417863
0.022759233
0.03052363
0.25033626
0.8618602
0.09892715
0.12187151
0.038851887
0.053477507
0.026104793
0.648554
0.0031311817
0.12279382
0.10031942
0.027097952
0.1316411
0.078964755
0.019614952
0.03697346
0.10199692
0.06331881
0.018978335
0.08643257
0.045500223
0.02408527
0.008858489
0.05507311
0.061117154
0.051492743
0.04071051
0.016897045
0.026524842
0.03506438
0.2296508
0.013949451
0.031642493
0.034458883
0.06661188
0.074083336
0.13019474
0.18535565
0.27209526
0.016459154
0.049965788
0.05486601
0.032715846
0.26842788
0.04277723
0.019534059
0.03628317
0.09521185
0.3239204
0.21291426
0.1068144
0.019377755
0.07038806
0.0031083962
0.008838289
0.06510474
0.11109363
0.01591003
0.0065122643
0.06972328
0.03816703
0.081593
0.2019968
0.09417863
0.022759233
0.12187151
0.038851887
0.053477507
0.026104793
0.027097952
0.14689843
0.05918448
0.019614952
0.9583604
0.596029
0.00473095
0.021804728
0.06331881
0.018978335
0.80654293
0.02408527
0.061117154
0.27380523
0.04071051
0.04758501
0.03506438
0.009190529
0.2296508
0.013949451
0.031642493
0.07912224
0.06661188
0.074083336
0.077331156
0.064775854
0.049965788
0.05486601
0.04277723
0.06591294
0.019534059
0.025147077
0.09729354
0.025028039
0.022370243
0.110134475
0.040823985
0.08560119
0.028727848
0.024152566
0.016059335
0.042540625
0.05686915
0.04553523
0.26527852
0.30735525
0.079181366
0.05088453
0.011588427
0.58316225
0.066410765
0.026909115
0.024405058
0.017132029
0.03128694
0.04091992
0.0762756
0.019154401
0.004637303
0.02825608
0.007622038
0.11583832
0.03152088
0.050170355
0.05490036
0.04085149
0.01899128
0.014634627
0.22678563
0.055008564
0.011776308
0.081593
0.09417863
0.29942483
0.03686561
0.12187151
0.038851887
0.053477507
0.026104793
0.11137783
0.027097952
0.14251317
0.017734105
0.019614952
0.0042954246
0.04454767
0.02810021
0.06331881
0.12507872
0.018978335
0.026220575
0.7404952
0.75597703
0.02408527
0.061117154
0.04071051
0.052093413
0.0023329938
0.10080828
0.03506438
0.2296508
0.013393799
0.013949451
0.031642493
0.06671845
0.06661188
0.074083336
0.0469818
0.64551985
0.25745988
0.25745988
0.25745988
0.25745988
0.006084137
0.0065220995
0.05893567
0.05486601
0.053089008
0.04277723
0.019534059
0.027073683
0.01741447
0.042131677
0.02079963
0.009244238
0.0042284285
0.018710632
0.035638757
0.022831341
0.075824104
0.6479176
0.09486376
0.06355288
0.033060722
0.014798989
0.054476503
0.02458049
0.012526663
0.030662742
0.9319263
0.021748938
0.6024218
0.06050714
0.020241143
0.11435726
0.013859377
0.014548387
0.0037357244
0.66433746
0.0348854
0.10309961
0.0620803
0.198025
0.5008349
0.04498163
0.038662385
0.0683383
0.049834765
0.004694569
0.12098127
0.24175723
0.0112516
0.004930304
0.006320749
0.019951772
0.016518347
0.42360848
0.22266574
0.054536276
0.4138745
0.03942024
0.073741406
0.09596891
0.027271748
0.09192849
0.025409115
0.43006307
0.0047967304
0.0029157193
0.28796992
0.15234908
0.011127412
0.13456468
0.022701053
0.09866396
0.6311645
0.008617122
0.024441918
0.0314391
0.0801098
0.033480957
0.021000056
0.0033870188
0.80570394
0.22339109
0.008455533
0.031640466
0.034462698
0.8243517
0.06490086
0.046485025
0.008168637
0.03160331
0.255092
0.058990043
0.027244303
0.019383531
0.94293606
0.13627987
0.18587576
0.053919125
0.05625734
0.026524842
0.022402333
0.08892375
0.079551265
0.016955076
0.38557336
0.0071111005
0.15988573
0.051392414
0.045937497
0.008053399
0.08278952
0.010530253
0.008680804
0.25745988
0.059679255
0.011586539
0.010643343
0.04233645
0.023917299
0.02026025
0.068780094
0.10917142
0.05113326
0.03183321
0.4617253
0.25470534
0.865198
0.0037005781
0.19867423
0.25745988
0.25745988
0.05095107
0.08408702
0.02515872
0.0067499573
0.068139635
0.116737194
0.03918424
0.068981305
0.010775894
0.022402333
0.21858415
0.036119256
0.08892375
0.96299845
0.024469642
0.01353084
0.045980945
0.11077369
0.0057206275
0.61659205
0.033707883
0.011091869
0.024501882
0.016555915
0.010357721
0.020652546
0.031743106
0.034789253
0.08543693
0.3048529
0.20492406
0.023917299
0.9094887
0.019237963
0.08218829
0.9837194
0.099257685
0.0296228
0.05104458
0.19428177
0.020906255
0.15474805
0.0314391
0.25745988
0.031507038
0.061409596
0.34711286
0.07794426
0.05028827
0.027554164
0.89027166
0.022402333
0.024154427
0.02515872
0.03256991
0.069811426
0.027240522
0.019918881
0.14288656
0.015891163
0.023917299
0.006301587
0.25745988
0.25745988
0.25745988
0.25745988
0.744205
0.13196458
0.08892375
0.060278412
0.9549426
0.089458495
0.078312054
0.0067557455
0.018873373
0.0889911
0.29279608
0.014604507
0.028446833
0.019386524
0.024737248
0.013952094
0.024013674
0.042526226
0.0049303984
0.03516639
0.02783651
0.027632702
0.015368457
0.03176539
0.0105749
0.22972691
0.0027036658
0.7002923
0.0036856218
0.03173755
0.009721008
0.596669
0.06526084
0.9822781
0.07444815
0.0704881
0.33455244
0.075645186
0.48330674
0.5503442
0.010092612
0.13902938
0.0072702346
0.003320764
0.010172191
0.39769197
0.013123616
0.0035991555
0.0314391
0.0035991555
0.8894718
0.053390034
0.0114135
0.0036856218
0.059304405
0.0035991555
0.005137556
0.004491942
0.0035991555
0.0034077186
0.033378296
0.022402333
0.0035991555
0.011105115
0.0036856218
0.035064526
0.02515872
0.027128229
0.012807523
0.0844001
0.004566547
0.02351124
0.8095455
0.8145591
0.023917299
0.008077164
0.02620006
0.08892375
0.0111479815
0.052206017
0.23511471
0.05336334
0.043020498
0.48595402
0.021998812
0.015754912
0.25790638
0.37063417
0.011635267
0.08397602
0.16399485
0.041601647
0.013632101
0.03143634
0.32035208
0.33063248
0.14196065
0.009156136
0.05349447
0.8623211
0.026420267
0.7055354
0.3306631
0.9088859
0.8789208
0.0042486223
0.05952406
0.0023159524
0.07644449
0.18077174
0.17238308
0.37917906
0.46173027
0.067571945
0.08198426
0.03979837
0.13328089
0.03941633
0.035245597
0.117913686
0.21181738
0.14645709
0.011058421
0.045886412
0.025435993
0.6498685
0.024567124
0.01611244
0.030410493
0.46345893
0.058053784
0.011078429
0.7827741
0.043932516
0.18045428
0.016422225
0.0055594267
0.019736337
0.026981186
0.019006765
0.15503564
0.14974602
0.040305723
0.1642951
0.028612569
0.16148375
0.03999634
0.0110033415
0.59054494
0.15377343
0.00534893
0.008467605
0.17377512
0.53903145
0.58105356
0.053730007
0.1580111
0.63907534
0.6721503
0.036041304
0.0063132616
0.016880348
0.046676856
0.03769828
0.03769828
0.03769828
0.9886227
0.026524842
0.03589609
0.7809445
0.041450135
0.012331374
0.03982148
0.32384667
0.008769707
0.02296286
0.0037674594
0.08396793
0.014110769
0.113056995
0.042480733
0.0048635113
0.012824759
0.13780734
0.023327304
0.15508927
0.0106778275
0.06643561
0.0106647555
0.7769725
0.7924006
0.021021368
0.9064556
0.08191771
0.009779913
0.03128694
0.078283764
0.22259566
0.0063800933
0.0492178
0.0477457
0.09253642
0.029468682
0.047955383
0.14633809
0.006861319
0.19465375
0.022671308
0.010204037
0.08527622
0.020126695
0.015784228
0.2861374
0.004133825
0.08110266
0.03729511
0.24274227
0.0113453595
0.7590859
0.7622134
0.5707791
0.8728604
0.07046271
0.012972242
0.032926627
0.1937827
0.14235383
0.88949305
0.010576063
0.16400877
0.011309571
0.025619775
0.017088223
0.23548944
0.020557303
0.023327304
0.03350038
0.05116888
0.021021368
0.025579862
0.020061154
0.019181283
0.048711173
0.28029436
0.039946165
0.80665565
0.24716489
0.81243765
0.09124717
0.029468682
0.07651781
0.38763818
0.6051411
0.0314391
0.9573903
0.022402333
0.02515872
0.012020819
0.03396307
0.23257528
0.049965993
0.037430212
0.013948137
0.057064302
0.057266492
0.024298225
0.35135537
0.059522726
0.28593197
0.015692823
0.05159202
0.17901583
0.04258542
0.02159789
0.10533192
0.55607647
0.7485313
0.15148696
0.09246008
0.022701053
0.032156307
0.09866396
0.004038168
0.010764815
0.024441918
0.35149518
0.027352046
0.4556652
0.098057285
0.0069080666
0.14606623
0.046452958
0.081287146
0.97670823
0.04706697
0.034462698
0.0362689
0.06948343
0.068891354
0.04722644
0.03971293
0.04481545
0.007722307
0.055409394
0.46867758
0.0418322
0.036209896
0.078521475
0.12912081
0.08959608
0.0037129926
0.022113474
0.32921436
0.026524842
0.97297716
0.010868822
0.03772801
0.026524842
0.123259015
0.009990866
0.09600346
0.024737248
0.020882783
0.098057285
0.024013674
0.03516639
0.03868948
0.09695424
0.006979081
0.07620435
0.027059358
0.027632702
0.028726364
0.025260795
0.013825575
0.13775624
0.5316573
0.0018819682
0.3789073
0.6580374
0.5823146
0.015319678
0.2544703
0.081139944
0.047578894
0.11124001
0.11124001
0.020105792
0.19491625
0.3265747
0.023426484
0.15942706
0.0418322
0.0418322
0.02311443
0.4477209
0.048717618
0.09172905
0.009818937
0.024120327
0.13065787
0.023497663
0.028337644
0.011658453
0.07273266
0.026598299
0.1254469
0.1254469
0.020348124
0.1254469
0.009009736
0.017852934
0.26901323
0.03292961
0.45873094
0.022246577
