0.65398526
0.0105693815
0.8801891
0.0013852919
0.010365579
0.015180942
0.6415782
0.8589135
0.004247686
0.15921861
0.70906484
0.04156908
0.059036832
0.058266677
0.10085155
0.43838075
0.011770593
0.0013852919
0.4364625
0.008915284
0.79195446
0.79195446
0.77371067
0.006128252
0.009736877
0.20015657
0.4737461
0.0045638024
0.016128087
0.5560127
0.6380034
0.0013852919
0.0049004345
0.012532106
0.2478938
0.34625092
0.2754393
0.018208629
0.14464621
0.18521744
0.3296264
0.4062873
0.045853313
0.71667975
0.02309826
0.04592034
0.40556756
0.5426994
0.1407856
0.056359533
0.071911484
0.05152365
0.098948665
0.033844914
0.0057120835
0.0013852919
0.01680819
0.04748036
0.0013309179
0.70641404
0.52089036
0.24416575
0.019880172
0.7500976
0.6711193
0.012895041
0.008218289
0.0564728
0.63071316
0.5618526
0.26309827
0.26309827
0.26309827
0.36908704
0.14838013
0.10369839
0.0050653475
0.18521744
0.1791093
0.3768944
0.019896505
0.7317685
0.13871576
0.9203206
0.5658145
0.53986496
0.39197913
0.75150293
0.2631893
0.31570283
0.0013852919
0.04619087
0.2926795
0.013453033
0.47400573
0.57420224
0.003466415
0.72680134
0.88689446
0.015038384
0.13653368
0.7934833
0.40985644
0.033777453
0.0031025934
0.016173342
0.0013852919
0.51478815
0.0039336453
0.0034276985
0.0021081278
0.0021081278
0.57426125
0.15360992
0.0047689057
0.003971675
0.47454107
0.009615447
0.16623399
0.118294716
0.0013852919
0.0041786283
0.4044172
0.0038541919
0.13201424
0.08602796
0.37112942
0.02148925
0.14746481
0.0352287
0.0037609374
0.15323305
0.13283779
0.05595063
0.12080457
0.14320661
0.16777346
0.05292119
0.0013852919
0.6339526
0.14969014
0.0013808014
0.8795619
0.67326945
0.61826825
0.65852165
0.00076285144
0.62162584
0.56510097
0.18521744
0.1585373
0.0020937552
0.90099794
0.7006784
0.11910402
0.14440511
0.39332238
0.014920811
0.011351644
0.21849886
0.010323965
0.0013852919
0.17793448
0.0022362377
0.052040037
0.031443488
0.89077014
0.70489395
0.013686711
0.9151821
0.5661418
0.8933067
0.32668585
0.0135242725
0.30567116
0.0013852919
0.43447027
0.24204434
0.15439026
0.0016207632
0.1419498
0.51463944
0.0071790605
0.35160834
0.120843604
0.6448602
0.32741183
0.020630691
0.035022013
0.57913077
0.59322894
0.09313623
0.23458111
0.0034350331
0.66859156
0.705521
0.6306874
0.026195338
0.034153916
0.129394
0.018765219
0.00816419
0.0049162055
0.16598716
0.8080134
0.6032374
0.009321562
0.024509724
0.17481968
0.16176766
0.43348297
0.10818396
0.86476266
0.7378841
0.64345556
0.4622007
0.3469852
0.9158193
0.41726
0.0038912448
0.0013852919
0.810001
0.6142758
0.634672
0.028214041
0.6646023
0.0035045112
0.008930637
0.0067312433
0.86825866
0.0014860383
0.7856541
0.050770015
0.015380246
0.06680061
0.0013852919
0.42812228
0.5727012
0.0721176
0.81729573
0.65202016
0.03394459
0.010646879
0.38773665
0.54810435
0.006324474
0.3531648
0.0043095076
0.53783727
0.06443563
0.02419248
0.36807975
0.93305546
0.0013852919
0.14143275
0.03248871
0.82167983
0.22278173
0.34060162
0.026826669
0.04699542
0.76734793
0.45252028
0.054862246
0.0013852919
0.61584705
0.49077034
0.4273792
0.03625126
0.8310302
0.6960036
0.84342974
0.013318473
0.045726445
0.62143254
0.004629213
0.74586207
0.007629129
0.090155825
0.026127059
0.086643785
0.8124633
0.0013852919
0.11688964
0.0013442038
0.044655528
0.0047885086
0.14889911
0.03962663
0.0037915015
0.1683316
0.0017138935
0.040022887
0.6130118
0.7591498
0.79849577
0.026719306
0.6211438
0.7967165
0.0043801786
0.017527204
0.7545611
0.012515556
0.060220074
0.853488
0.80121773
0.013211974
0.8583237
0.554081
0.0014056263
0.48208278
0.001724768
0.0070494697
0.0017203124
0.0025012637
0.004057275
0.004849809
0.038617976
0.8415876
0.016701335
0.023493495
0.10836257
0.86220896
0.026280845
0.9282444
0.032019977
0.13461445
0.7221994
0.021322303
0.0013852919
0.46044895
0.044890568
0.13198598
0.02968308
0.11041631
0.02412363
0.0021238148
0.7457858
0.07277218
0.050400395
0.016522171
0.012164381
0.014625918
0.055240426
0.6965657
0.7380938
0.006476024
0.39638665
0.31405708
0.78722906
0.0051816693
0.008660097
0.92380005
0.04625897
0.042014
0.07425246
0.0013852919
0.018053874
0.7576933
0.6530315
0.05550006
0.22095351
0.9025919
0.0684778
0.16144301
0.8089426
0.4965689
0.037485704
0.7714049
0.3921852
0.11001717
0.5800771
0.362877
0.4254345
0.43831357
0.00200455
0.4471364
0.54663444
0.7796026
0.16316168
0.16316168
0.006816163
0.36516985
0.7829899
0.0013852919
0.9120354
0.484734
0.775388
0.005212768
0.19885492
0.8915306
0.95106024
0.3333772
0.7556725
0.117565714
0.89032847
0.37145576
0.81177175
0.85870653
0.49874118
0.49874118
0.6769576
0.58280945
0.49874118
0.07225612
0.019529842
0.49610743
0.0028615613
0.5095313
0.16618687
0.048734613
0.90769506
0.6719445
0.5635481
0.73571765
0.48503083
0.6957555
0.8532352
0.6966027
0.8906914
0.84681886
0.57971805
0.20555103
0.0610703
0.0015662118
0.46591705
0.02999624
0.6537409
0.030555218
0.7220867
0.24696767
0.4393768
0.0113306455
0.86074513
0.60962105
0.809767
0.8467864
0.16034274
0.78182596
0.012167591
0.3300657
0.2596661
0.49141094
0.31382632
0.31382632
0.0787708
0.5898103
0.8045866
0.3904006
0.6123563
0.8540121
0.7870022
0.26964834
0.3428572
0.5615952
0.069714814
0.79631376
0.29357576
0.06402117
0.834234
0.76279086
0.8009027
0.66905606
0.45250028
0.7222267
0.47318235
0.8262238
0.95585716
0.53918517
0.18278287
0.00074317504
0.018539816
0.9416449
0.76465493
0.38327086
0.20500056
0.30259955
0.86294144
0.787923
0.47447753
0.86116964
0.8083793
0.6922435
0.31928802
0.16406067
0.49902043
0.0013852919
0.6753105
0.27196476
0.03026604
0.6783017
0.26482838
0.30328488
0.007162333
0.7164089
0.1596532
0.8656146
0.3928589
0.0018989039
0.3965803
0.31898296
0.9054391
0.5774083
0.5242101
0.6842977
0.6059286
0.4992504
0.76738644
0.8787699
0.63227636
0.4069958
0.91080767
0.9016096
0.12376704
0.795006
0.76997346
0.8053172
0.943503
0.39080304
0.57604545
0.8112633
0.51598364
0.65876806
0.86071813
0.7142861
0.3732217
0.81881243
0.07621938
0.28102723
0.7342516
0.18270153
0.8710788
0.016065644
0.011082707
0.6753652
0.061244767
0.0018835486
0.3928643
0.27028337
0.07651572
0.64151055
0.502384
0.8929075
0.77841794
0.10439904
0.6194354
0.0013852919
0.13342671
0.0040452587
0.21010885
0.8472666
0.8228527
0.09973519
0.008466759
0.0076340134
0.051566314
0.32052866
0.29979482
0.783341
0.40517017
0.22098829
0.113978
0.096156225
0.73842865
0.009525109
0.5740504
0.0013548329
0.02181101
0.29497376
0.0017317642
0.044270054
0.9228926
0.8142565
0.8003166
0.7715664
0.6333895
0.33041745
0.33832115
0.09510164
0.83422077
0.027040794
0.2999931
0.16848153
0.05389818
0.025667451
0.0044860966
0.003806623
0.20836529
0.67111826
0.012678953
0.0019915774
0.22967702
0.0043961513
0.25208342
0.0026296254
0.01747542
