0.08619317
0.45533237
0.4764309
0.0054716845
0.09623345
0.81962407
0.8901541
0.9160028
0.7890816
0.021322912
0.7227771
0.5857464
0.42972663
0.83359504
0.0354364
0.14661644
0.94167936
0.4596646
0.13289925
0.62411153
0.62411153
0.7876193
0.020311596
0.026223613
0.011624031
0.3692856
0.32379398
0.010245525
0.014730717
0.75222117
0.003685941
0.58268195
0.013512738
0.025865402
0.0030244973
0.016313652
0.32296664
0.95007646
0.7951001
0.083635524
0.08619317
0.15573147
0.5821951
0.90196496
0.7621989
0.85525197
0.16792618
0.59632975
0.37932056
0.04193969
0.53393817
0.74575293
0.052624673
0.052624673
0.032575116
0.09812625
0.7575637
0.7677287
0.0047143814
0.32394773
0.93759805
0.25080693
0.28250217
0.3336455
0.7657587
0.77825356
0.7631752
0.0017187053
0.57346594
0.57346594
0.38629526
0.42484105
0.08619317
0.66788566
0.80414504
0.6538168
0.0976001
0.112524636
0.94631326
0.019395031
0.47628608
0.34595355
0.027559342
0.68666816
0.68666816
0.09554749
0.4504134
0.007090128
0.013102184
0.024171317
0.81777805
0.08619317
0.57827616
0.78468573
0.21564665
0.15097259
0.020557366
0.49906108
0.47033098
0.8182985
0.84521556
0.9378269
0.3343384
0.8381899
0.04630767
0.13459957
0.80883193
0.93205035
0.45931342
0.82849765
0.7783584
0.73373264
0.08619317
0.6464193
0.1379084
0.7505449
0.482897
0.4129524
0.6076312
0.5333955
0.5504994
0.9000237
0.0075929146
0.73828
0.031242123
0.22296602
0.45485303
0.006252947
0.08723228
0.01801121
0.33703473
0.8019965
0.61054915
0.08619317
0.9035467
0.85198617
0.5933187
0.4557043
0.87321615
0.06687002
0.81199086
0.4531261
0.14337222
0.16052489
0.62751573
0.8648858
0.7534831
0.14711191
0.038394846
0.40658584
0.75186145
0.12168148
0.8860362
0.44901782
0.73956376
0.47519293
0.61611223
0.2052635
0.7967677
0.08619317
0.6012504
0.43569085
0.68207544
0.049844097
0.7381838
0.07854868
0.07581833
0.9043817
0.72277194
0.8555595
0.1466862
0.8218384
0.7313133
0.38891977
0.27097246
0.10075428
0.80779487
0.7697158
0.2952681
0.036316678
0.012917851
0.5254229
0.72142917
0.08619317
0.12333413
0.21324998
0.74712014
0.10844619
0.09208415
0.8665914
0.005195421
0.79247075
0.23215933
0.6876264
0.42729765
0.40972003
0.5732494
0.7956925
0.5322324
0.83020914
0.011827816
0.7859149
0.73931396
0.0017138132
0.25348514
0.26880497
0.0013290736
0.0013290736
0.0013290736
0.0014366236
0.68594205
0.4294957
0.4248891
0.4246978
0.4294957
0.4294957
0.84519255
0.89950305
0.08619317
0.0058919084
0.47246632
0.038558226
0.6530482
0.45360276
0.90643775
0.6527784
0.008346953
0.6700301
0.8169614
0.7189774
0.8992257
0.4482078
0.5955353
0.04332791
0.557432
0.4777489
0.91080344
0.25358218
0.9032974
0.23506123
0.88820684
0.017775975
0.19567871
0.59551877
0.1894074
0.4053659
0.8599192
0.63786906
0.009667789
0.8737742
0.81815284
0.173964
0.22412334
0.005944225
0.5863614
0.08619317
0.0058919084
0.7392177
0.11838782
0.6258612
0.88235015
0.037387908
0.6217663
0.04478236
0.010103361
0.3854127
0.31676808
0.31275553
0.36428174
0.017445358
0.7190719
0.4438872
0.8753684
0.12761907
0.7420039
0.3112103
0.7226338
0.015298293
0.075168684
0.632713
0.46406323
0.9313227
0.38071814
0.7931233
0.044946454
0.09166887
0.9289217
0.10760837
0.79247534
0.60699916
0.49890223
0.86010957
0.005944225
0.93416244
0.9606224
0.0050651664
0.087785155
0.5461566
0.08619317
0.40892944
0.46116394
0.13648714
0.69726944
0.057029426
0.001654665
0.38506153
0.13222653
0.70370215
0.0021626444
0.70818824
0.18577202
0.33492723
0.0057605137
0.804837
0.26401335
0.861279
0.114740774
0.25965574
0.9011653
0.19942202
0.77216613
0.64396745
0.54162836
0.81909937
0.8372595
0.86770386
0.5359292
0.7425765
0.72221124
0.7111008
0.48924196
0.7423657
0.30551282
0.005944225
0.10615061
0.0050651664
0.08619317
0.74551034
0.89438605
0.6561802
0.37689677
0.5513346
0.8630742
0.29420793
0.06909898
0.83755064
0.7835279
0.4441965
0.93995273
0.501638
0.7344948
0.6723102
0.6348345
0.6897895
0.66422385
0.5940071
0.41480878
0.44950837
0.45922196
0.33882007
0.49579063
0.42946097
0.49696788
0.14651577
0.5566672
0.42388788
0.14586306
0.89594513
0.8099396
0.89799726
0.48738402
0.34275568
0.008060525
0.88178784
0.78272533
0.35559642
0.14186767
0.87174404
0.04446581
0.8995996
0.042886466
0.61139923
0.014564551
0.08619317
0.284796
0.90172696
0.37990215
0.9151577
0.960498
0.18497534
0.5175002
0.5549821
0.20461953
0.7461113
0.5303762
0.09011643
0.47507444
0.82540137
0.23162305
0.5744359
0.9330734
0.85781485
0.427554
0.72783995
0.899696
0.03156721
0.7011061
0.7901985
0.4979546
0.03934197
0.21999802
0.038394846
0.044164397
0.007408859
0.81876856
0.24372554
0.12754525
0.011758335
0.026962887
0.12842678
0.74145705
0.18562116
0.51192284
0.8215995
0.6809195
0.76934636
0.056079306
0.87266415
0.008060525
0.11146926
0.11807958
0.95409125
0.92130387
0.856621
0.90302974
0.46059072
0.53726554
0.8921514
0.13988708
0.2873437
0.96303767
0.13611913
0.33534408
0.19564474
0.015258919
0.9615114
0.31623802
0.0017641783
0.9465792
0.867323
0.71590406
0.08718454
0.7352384
0.4521046
0.40433013
0.20868589
0.08619317
0.18678328
0.56156325
0.73234
0.029659202
0.82193714
0.534823
0.0079531185
0.018322628
0.700188
0.4698436
0.8477862
0.08196379
0.10889014
0.77791595
0.70022684
0.42599037
0.024717892
0.6697864
0.8070503
0.77189744
0.7774242
0.911746
0.16323051
0.69573087
0.6183451
0.49890557
0.8267124
0.7586653
0.6655801
0.7905053
0.7269955
0.030896792
0.45138043
0.37592083
0.4953518
0.85972387
0.11494671
0.54691356
0.31976226
0.014821209
0.8956461
0.85376686
0.9649299
0.13709562
0.5023891
0.084914446
0.36011618
0.90810674
0.4480205
0.06333083
0.42261654
0.9688325
0.6073382
0.9547603
0.7172112
0.77113444
0.786703
0.92817426
0.7682175
0.32297984
0.30820134
0.3071493
0.5488792
0.91923827
0.5306125
0.4704124
0.6412414
0.12270249
0.5817522
0.67286575
0.8947525
0.001433536
0.7921817
0.35451457
0.011768309
0.5648423
0.57917976
0.9594887
0.30752596
0.02607367
0.80547875
0.72879535
0.6883207
0.33026847
0.9373228
0.037056487
0.5469473
0.075610645
0.6114043
0.9032617
0.92931896
0.008273955
0.008273955
0.43704012
0.83804286
0.081695296
0.010142929
0.5851773
0.008273955
0.047355518
0.28537494
0.014337232
0.06556733
0.5875107
0.25239536
0.22710429
0.9488708
0.8467622
0.82004625
0.7940869
0.17344847
0.28386167
0.08586894
0.89614344
0.20352937
0.7895017
0.46287012
0.9096471
0.7241195
0.76513034
0.19252609
0.6786041
0.56522757
0.8485733
0.969269
0.3591998
0.6209693
0.8832822
0.27796385
0.8721283
0.38265416
0.08619317
0.32526892
0.12502056
0.70476717
0.56025124
0.65507805
0.8463827
0.96770734
0.23115149
0.15890312
0.94198215
0.75497913
0.8843538
0.81236565
0.19246095
0.9619207
0.008713196
0.88234276
0.1790767
0.8045567
0.37729454
0.1395801
0.7824499
0.45849624
0.97273594
0.38769883
0.6852447
0.47150427
0.81376207
0.17384654
0.28368884
0.036390435
0.520025
0.6685414
0.520025
0.21370968
0.636176
0.4940238
0.35438648
0.6626489
0.9464813
0.709781
0.13092582
0.0027116388
0.7269716
0.9571438
0.47714785
0.81950873
0.9183446
0.7893167
0.8307655
0.252312
0.82624793
0.8824179
0.8315494
0.8176565
0.802078
0.46797886
0.281156
0.6292425
0.7840935
0.8606088
0.5375612
0.5248124
0.45395502
0.630878
0.6138199
0.012701836
0.94080436
0.9263305
0.025835793
0.0015437691
0.388375
0.48643875
0.87199885
0.85771596
0.6840869
0.29844257
0.010961113
0.6285672
0.38303223
0.6574587
0.6870015
0.90442413
0.901699
0.9467158
0.87855184
0.32699457
0.3008744
0.025493188
0.8342606
0.38162243
0.803706
0.14558803
0.87333447
0.8605337
0.9604476
0.17951548
0.79832435
0.25853744
0.9021988
0.06393401
0.7266024
0.76474535
0.81640935
0.6504846
0.04213925
0.85487866
0.9565424
0.26770538
0.85562134
0.62624604
0.6509915
0.91675943
0.4634299
0.011053858
0.0050853603
0.0052570445
0.902671
0.6403864
0.8919925
0.8976512
0.8355745
0.3026511
0.8465014
0.4389733
0.73052216
0.50193805
0.45966896
0.6696125
0.9551257
0.8325534
0.89957947
0.8434495
0.89733875
0.9278432
0.66454744
0.8165169
0.32972413
0.88259155
0.8337602
0.9141059
0.42667997
0.2774897
0.37925297
0.90860504
0.9572362
0.90860504
0.8556545
0.96734446
0.0072359745
0.94544965
0.5034475
0.6211421
0.10209502
0.66177404
0.66177404
0.3065393
0.011864881
0.020934645
0.14959447
0.026138382
0.80906457
0.12756035
0.097492956
0.04632325
0.6905918
0.28316832
0.93987226
0.5350634
0.92795074
0.7111797
0.88186866
0.5594517
0.6774443
0.41098884
0.75407046
0.88947946
0.65140903
0.08619317
0.5671016
0.9044145
0.6754451
0.9057629
0.48273736
0.5934366
0.9025382
0.26092988
0.87545764
0.91364
0.76961803
0.93014175
0.8992756
0.90876186
0.87521195
0.7707265
0.40034878
0.87908995
0.9642807
0.7515247
0.45020851
0.057721388
0.8624656
0.7126022
0.726323
0.4899101
0.82252014
0.4944799
0.4853415
0.007892539
0.9327301
0.8010396
0.88265145
0.28091305
0.8061859
0.7100929
0.9485859
0.080142215
0.94564813
0.87494934
0.1209071
0.51363623
0.8829844
0.3279556
0.33314764
0.2552624
0.7646832
0.7710398
0.6094015
0.7774539
0.67643386
0.71826243
0.3231209
0.9632205
0.71842295
0.7192003
0.9305764
0.13937627
0.097613536
0.8590037
0.76987886
0.13693199
0.56058496
0.8895756
0.8670123
0.08428954
0.57800204
0.7998481
0.16583042
0.5562365
0.9467438
0.885852
0.3814558
0.85917294
0.8818171
0.93734974
0.34294006
0.6995621
0.405425
0.5893192
0.7963341
0.90632445
0.5964219
0.8468528
0.90577686
0.30426005
0.8384625
0.7897059
0.85803705
0.89170444
0.7985426
0.6877475
0.70788753
0.92050487
0.6397499
0.15270114
0.8886755
0.84213436
0.3934916
0.21269701
0.57348984
0.9507888
0.70102745
0.106696315
0.920363
0.774915
0.8447046
0.7309708
0.68530995
0.6960227
0.8231881
0.8617206
0.9181372
0.50875866
0.50875866
0.50875866
0.5571916
0.022487907
0.8260529
0.411267
0.9521659
0.5611216
0.65793747
0.88904727
0.83133525
0.87175906
0.09488723
0.59554183
0.94746286
0.6390992
0.8899307
0.6085583
0.8782973
0.8458029
0.96506584
0.10019261
0.9120043
0.7696692
0.51571274
0.953682
0.79001683
0.94746727
0.882242
0.90837395
0.010528943
0.8267416
0.95136243
0.7958274
0.9417798
0.5985837
0.5739362
0.7639001
0.81484467
0.5374532
0.35657164
0.33056563
0.8156814
0.97487044
0.06687357
0.95169836
0.88989955
0.54855996
0.9623106
0.8886063
0.82228523
0.91958773
0.8796146
0.30871567
0.9175501
0.93812484
0.91792077
0.9260282
0.39149633
0.66099834
0.829891
0.9013608
0.9125686
0.70677733
0.9357136
0.7725669
0.51101464
0.9247772
0.9739353
0.9243875
0.88469034
0.030322302
0.57469
0.09204445
0.4371671
0.76336527
0.017889997
0.8819
0.64470464
0.46997684
0.010755982
0.6466575
0.9309128
0.038274366
0.4470226
0.14959447
0.7204609
0.40169725
0.8786342
0.8170851
0.8170851
0.08619317
0.96302795
0.88705176
0.5943396
0.2719506
0.5709585
0.5436788
0.8170851
0.9106205
0.12991148
0.5668951
0.0020480042
0.094942994
0.3315404
0.0055875247
0.020253869
0.17369916
0.495408
0.061446536
0.066319615
0.47315314
0.04737192
0.4295043
0.6532281
0.012505242
0.15002455
0.089944795
