(QUERY): 'ISLAM' '07'
Negative Neutral Positive
0.034181587398052216 0.4359578490257263 0.5298606157302856 
0.16586284339427948 0.781098484992981 0.05303868278861046 
0.08619316667318344 0.6944933533668518 0.21931353211402893 
0.8744897246360779 0.11937476694583893 0.006135616917163134 
0.12539435923099518 0.8251703381538391 0.049435339868068695 
0.18053065240383148 0.771279513835907 0.04818982258439064 
0.08920079469680786 0.8603925704956055 0.050406694412231445 
0.08828885853290558 0.8610529899597168 0.050658147782087326 
0.09438984841108322 0.8555459976196289 0.050064194947481155 
0.09545639157295227 0.8487895727157593 0.05575402081012726 
0.23067758977413177 0.4680100679397583 0.3013123571872711 
0.1651684045791626 0.7780840396881104 0.056747645139694214 
0.17388269305229187 0.7824224233627319 0.04369490221142769 
0.818472146987915 0.16950377821922302 0.012024062685668468 
0.13772252202033997 0.8017128705978394 0.060564566403627396 
0.09369959682226181 0.8561239242553711 0.0501764714717865 
0.007803537417203188 0.3194548189640045 0.6727416515350342 
0.5523737072944641 0.43332329392433167 0.014303019270300865 
0.14327417314052582 0.7854790687561035 0.07124672085046768 
0.5525462031364441 0.42506128549575806 0.022392582148313522 
0.11550217866897583 0.8400391340255737 0.04445863515138626 
0.09037921577692032 0.8445455431938171 0.06507518887519836 
0.13867580890655518 0.8078249096870422 0.05349934101104736 
0.4877493977546692 0.4946218729019165 0.017628785222768784 
0.2646826505661011 0.6990588307380676 0.036258548498153687 
0.131254181265831 0.8196297287940979 0.049116067588329315 
0.09077450633049011 0.8415526151657104 0.06767287850379944 
0.13446053862571716 0.8291365504264832 0.03640299290418625 
0.09348376095294952 0.8266204595565796 0.07989578694105148 
0.3564957082271576 0.5949398279190063 0.048564426600933075 
0.302734911441803 0.6582048535346985 0.039060212671756744 
0.11738427728414536 0.8341125249862671 0.048503145575523376 
0.9242899417877197 0.07235068827867508 0.0033594113774597645 
0.9242899417877197 0.07235068827867508 0.0033594113774597645 
0.09052872657775879 0.861245334148407 0.04822592809796333 
0.2505769431591034 0.7081497311592102 0.04127330332994461 
0.10369271039962769 0.8400751948356628 0.056232064962387085 
0.7091670632362366 0.28017863631248474 0.010654338635504246 
0.9173283576965332 0.07765637338161469 0.005015301518142223 
0.13803444802761078 0.8118292689323425 0.050136320292949677 
0.19931930303573608 0.7643060088157654 0.03637472540140152 
0.05147804319858551 0.6618781089782715 0.2866438329219818 
0.7707265615463257 0.215836763381958 0.013436652719974518 
0.49197766184806824 0.4484063684940338 0.059615954756736755 
0.5220085978507996 0.4425630271434784 0.03542844206094742 
0.8273081183433533 0.1644599288702011 0.008231919258832932 
0.62343430519104 0.3612462282180786 0.015319393016397953 
0.3716932535171509 0.5888144373893738 0.039492279291152954 
0.48935335874557495 0.4852643311023712 0.025382312014698982 
0.08324824273586273 0.655880331993103 0.26087141036987305 
0.4890219271183014 0.442194402217865 0.06878363341093063 
0.7493453621864319 0.23954449594020844 0.011110239662230015 
0.12952476739883423 0.8218445181846619 0.048630669713020325 
0.4717387557029724 0.4973651170730591 0.030896175652742386 
0.19938553869724274 0.7470788359642029 0.05353563278913498 
0.5450993180274963 0.4318852722644806 0.023015420883893967 
0.12844553589820862 0.8288240432739258 0.04273035377264023 
0.08619316667318344 0.6944933533668518 0.21931353211402893 
0.05868466943502426 0.7365344762802124 0.20478080213069916 
0.8097527027130127 0.18177929520606995 0.00846796203404665 
0.2729267477989197 0.6777378916740417 0.049335312098264694 
0.19910667836666107 0.7476585507392883 0.053234681487083435 
0.22392155230045319 0.7304850220680237 0.04559338465332985 
0.10723209381103516 0.8251855969429016 0.06758227199316025 
0.3309857249259949 0.631937563419342 0.037076741456985474 
0.2743442952632904 0.6796309351921082 0.046024780720472336 
0.13068827986717224 0.824893057346344 0.04441870003938675 
0.13502004742622375 0.817469596862793 0.04751034826040268 
0.13650739192962646 0.8167299628257751 0.04676268994808197 
0.3056775629520416 0.6187529563903809 0.0755695179104805 
0.13018707931041718 0.8240461945533752 0.04576673358678818 
0.18295316398143768 0.7689394950866699 0.0481073372066021 
0.11406303197145462 0.8328096866607666 0.05312727019190788 
0.19891688227653503 0.7588280439376831 0.04225509986281395 
0.09666354209184647 0.8490087389945984 0.05432766675949097 
0.09527622163295746 0.8499728441238403 0.05475097522139549 
0.39103928208351135 0.5697205662727356 0.03924006223678589 
0.14327417314052582 0.7854790687561035 0.07124672085046768 
0.15016727149486542 0.7990710735321045 0.05076170340180397 
0.47769516706466675 0.4900858998298645 0.032218948006629944 
0.01818264089524746 0.5037219524383545 0.4780954122543335 
0.19207434356212616 0.5593441724777222 0.2485814392566681 
0.11806764453649521 0.8341001868247986 0.04783223941922188 
0.16508592665195465 0.7889279127120972 0.0459861233830452 
0.09610231220722198 0.8449212312698364 0.0589764341711998 
0.7554370164871216 0.2328321486711502 0.011730805039405823 
0.05216643586754799 0.9016969799995422 0.04613657668232918 
0.2472969889640808 0.7102914452552795 0.042411595582962036 
0.02775227651000023 0.5421820282936096 0.43006569147109985 
0.1347380131483078 0.8237614035606384 0.041500579565763474 
0.07955373823642731 0.5535311698913574 0.36691513657569885 
0.19042867422103882 0.761849045753479 0.04772229492664337 
0.17634908854961395 0.7843426465988159 0.03930826485157013 
0.23591627180576324 0.7366756200790405 0.027408065274357796 
0.09969505667686462 0.606956958770752 0.29334795475006104 
0.9180616140365601 0.07861922681331635 0.0033190897665917873 
0.05741036683320999 0.863298773765564 0.07929087430238724 
0.3149202764034271 0.6043227910995483 0.08075688779354095 
0.32100197672843933 0.6323432922363281 0.04665474593639374 
0.9515952467918396 0.045777980238199234 0.002626825822517276 
0.6798182725906372 0.30170658230781555 0.018475137650966644 
0.1278885006904602 0.8085565567016602 0.06355491280555725 
0.47628268599510193 0.46285682916641235 0.06086049973964691 
0.07316076755523682 0.8510143160820007 0.07582496851682663 
0.08619316667318344 0.6944933533668518 0.21931353211402893 
0.31044241786003113 0.6478082537651062 0.04174930602312088 
0.007803537417203188 0.3194548189640045 0.6727416515350342 
0.45082715153694153 0.5111972093582153 0.037975605577230453 
0.23693233728408813 0.7223532795906067 0.04071435704827309 
0.5520820617675781 0.4126988649368286 0.03521905094385147 
0.12363919615745544 0.8306752443313599 0.04568551480770111 
0.8940516710281372 0.0984431803226471 0.007505151908844709 
0.9623438715934753 0.03500206023454666 0.0026540555991232395 
0.17478442192077637 0.7926719784736633 0.03254363685846329 
0.26445451378822327 0.6888027191162109 0.046742819249629974 
0.23861956596374512 0.7158656716346741 0.045514754951000214 
0.14092642068862915 0.8107894062995911 0.048284221440553665 
0.12760427594184875 0.820124626159668 0.05227099731564522 
0.17764711380004883 0.7744653820991516 0.04788745939731598 
0.08994174748659134 0.8598851561546326 0.050173018127679825 
0.09224359691143036 0.8547645211219788 0.05299185961484909 
0.08708954602479935 0.8518514633178711 0.06105908751487732 
0.006749229039996862 0.2550760507583618 0.7381746768951416 
0.14327417314052582 0.7854790687561035 0.07124672085046768 
0.2614721655845642 0.7132577300071716 0.02527010254561901 
0.2779132127761841 0.6870654821395874 0.035021279007196426 
0.12191532552242279 0.8328322768211365 0.045252393931150436 
0.11874277144670486 0.8300017714500427 0.051255468279123306 
0.24234704673290253 0.7180996537208557 0.039553284645080566 
0.8748108148574829 0.11709817498922348 0.008091047406196594 
0.0638289749622345 0.8314148783683777 0.10475616157054901 
0.4728044271469116 0.511375367641449 0.015820132568478584 
0.48481285572052 0.4865112006664276 0.028676005080342293 
0.5736003518104553 0.40181854367256165 0.02458108775317669 
0.1390617936849594 0.806048572063446 0.05488971993327141 
0.19629605114459991 0.7372698187828064 0.0664340928196907 
0.19629605114459991 0.7372698187828064 0.0664340928196907 
0.19629605114459991 0.7372698187828064 0.0664340928196907 
0.19629605114459991 0.7372698187828064 0.0664340928196907 
0.19903142750263214 0.7375230193138123 0.0634455606341362 
0.07530887424945831 0.5920810699462891 0.3326100707054138 
0.017214246094226837 0.336431622505188 0.6463541388511658 
0.02672032080590725 0.45579037070274353 0.5174893140792847 
0.05978478118777275 0.26781946420669556 0.6723957657814026 
0.848016083240509 0.1435474008321762 0.008436600677669048 
0.5706543326377869 0.3521272540092468 0.0772184282541275 
0.19078119099140167 0.7536295652389526 0.05558929964900017 
0.007397326175123453 0.20768992602825165 0.7849128246307373 
0.07029418647289276 0.8723258972167969 0.05737984925508499 
0.08885656297206879 0.8542738556861877 0.05686952546238899 
0.08619316667318344 0.6944933533668518 0.21931353211402893 
0.1692771464586258 0.6771891713142395 0.15353365242481232 
0.09654360264539719 0.8452973961830139 0.05815894529223442 
0.7676469683647156 0.22144515812397003 0.010907892137765884 
0.008681580424308777 0.2879333198070526 0.7033851146697998 
0.12705165147781372 0.8233729004859924 0.049575429409742355 
0.12857507169246674 0.7991304993629456 0.0722944363951683 
0.14372839033603668 0.823176920413971 0.033094748854637146 
0.10878553986549377 0.8221833109855652 0.06903111934661865 
0.11424411833286285 0.8307274580001831 0.05502846837043762 
0.11481858044862747 0.831569492816925 0.05361195653676987 
0.10155145078897476 0.8650612831115723 0.03338726609945297 
0.21608684957027435 0.7012460827827454 0.08266709744930267 
0.05896503105759621 0.8340634107589722 0.10697156190872192 
0.14327417314052582 0.7854790687561035 0.07124672085046768 
0.7854713797569275 0.19799478352069855 0.016533879563212395 
0.3232409358024597 0.6418926119804382 0.03486647084355354 
0.10481791198253632 0.7017085552215576 0.1934734731912613 
0.2156466543674469 0.7508400082588196 0.03351333364844322 
0.08845321834087372 0.820764422416687 0.09078234434127808 
0.11685832589864731 0.8244096636772156 0.058732010424137115 
0.069634810090065 0.8526924252510071 0.07767277210950851 
0.012068060226738453 0.1059562936425209 0.8819756507873535 
0.6958945989608765 0.2875294089317322 0.016575977206230164 
0.17764651775360107 0.7249879837036133 0.09736551344394684 
0.2037314623594284 0.7476654052734375 0.04860307648777962 
0.6761324405670166 0.30691584944725037 0.016951773315668106 
0.5684812068939209 0.4031338095664978 0.028385009616613388 
0.06989630311727524 0.8720116019248962 0.058092016726732254 
0.0617210753262043 0.8793669939041138 0.05891198292374611 
0.07280869036912918 0.8701872825622559 0.05700400844216347 
0.34571775794029236 0.6084398031234741 0.0458424836397171 
0.2991052567958832 0.666916012763977 0.03397873416543007 
0.11540032923221588 0.8320255279541016 0.052574049681425095 
0.02312624640762806 0.5543617606163025 0.4225119650363922 
0.08298121392726898 0.8695369958877563 0.04748178645968437 
0.10916446149349213 0.8073516488075256 0.08348391205072403 
0.8352864384651184 0.15595631301403046 0.008757190778851509 
0.11931554973125458 0.8191162347793579 0.06156817823648453 
0.4832732081413269 0.4640273451805115 0.052699435502290726 
0.9066970348358154 0.08674029260873795 0.006562571972608566 
0.01818264089524746 0.5037219524383545 0.4780954122543335 
0.9440262913703918 0.05301673337817192 0.002956968732178211 
0.03240973874926567 0.43512582778930664 0.5324643850326538 
0.08619316667318344 0.6944933533668518 0.21931353211402893 
0.5029671788215637 0.4185521602630615 0.07848065346479416 
0.6539713144302368 0.3144046366214752 0.031623996794223785 
0.8920007348060608 0.10226868838071823 0.005730557255446911 
0.18543559312820435 0.6553539633750916 0.15921039879322052 
0.25715556740760803 0.6917868256568909 0.051057618111371994 
0.027985231950879097 0.7014476656913757 0.2705671191215515 
0.8447116017341614 0.14415398240089417 0.011134380474686623 
0.005422630347311497 0.39935004711151123 0.5952273011207581 
0.14327417314052582 0.7854790687561035 0.07124672085046768 
0.4627675712108612 0.4930030107498169 0.04422944784164429 
0.7380818128585815 0.2455805242061615 0.016337692737579346 
0.12105756253004074 0.7917250990867615 0.08721727877855301 
0.06609592586755753 0.8125608563423157 0.12134319543838501 
0.0690515786409378 0.7125545144081116 0.21839387714862823 
0.1744132936000824 0.7721219658851624 0.053464725613594055 
0.05521608144044876 0.8981530666351318 0.04663090780377388 
0.1040005087852478 0.8017141222953796 0.09428539872169495 
0.1777968406677246 0.7632840871810913 0.05891907960176468 
0.19925914704799652 0.728099524974823 0.07264130562543869 
0.9126924872398376 0.08313954621553421 0.004167972132563591 
0.7812175750732422 0.20895586907863617 0.009826545603573322 
0.00930058304220438 0.33256304264068604 0.6581363081932068 
0.11361521482467651 0.7587966918945312 0.12758804857730865 
0.007803537417203188 0.3194548189640045 0.6727416515350342 
0.31026503443717957 0.5990744829177856 0.09066053479909897 
0.1519649475812912 0.7316285967826843 0.1164063960313797 
0.16050438582897186 0.7936751246452332 0.04582054913043976 
0.10614563524723053 0.8442988395690918 0.049555517733097076 
0.47749269008636475 0.5061207413673401 0.01638653315603733 
0.26157087087631226 0.6945064663887024 0.043922681361436844 
0.126948282122612 0.8263581395149231 0.04669357091188431 
0.08619316667318344 0.6944933533668518 0.21931353211402893 
0.42600440979003906 0.5101872086524963 0.06380835175514221 
0.01443643681704998 0.49538466334342957 0.4901789128780365 
0.17840217053890228 0.748898446559906 0.07269930094480515 
0.2778293490409851 0.6753912568092346 0.04677937179803848 
0.09993497282266617 0.8518974781036377 0.04816754162311554 
0.1721002608537674 0.7881091833114624 0.03979049250483513 
0.1754595786333084 0.7749599814414978 0.049580443650484085 
0.0015929288929328322 0.02998347021639347 0.96842360496521 
0.12010905146598816 0.8353931903839111 0.0444977805018425 
0.1294422298669815 0.8150738477706909 0.05548398569226265 
0.14327417314052582 0.7854790687561035 0.07124672085046768 
0.8519760966300964 0.13884501159191132 0.00917886570096016 
0.0021149329841136932 0.035273827612400055 0.962611198425293 
0.12234227359294891 0.8205150961875916 0.05714268237352371 
0.20972612500190735 0.7400659322738647 0.05020797625184059 
0.018245484679937363 0.35271522402763367 0.6290392279624939 
0.07660678029060364 0.8727717995643616 0.050621312111616135 
0.08337453752756119 0.8690704107284546 0.047555048018693924 
0.08493714034557343 0.8664326071739197 0.04863018915057182 
0.24524258077144623 0.6897510886192322 0.06500627845525742 
0.007803537417203188 0.3194548189640045 0.6727416515350342 
0.09965702891349792 0.7636798620223999 0.13666312396526337 
0.12870700657367706 0.8249618411064148 0.04633107781410217 
0.006000006105750799 0.2131732553243637 0.7808268070220947 
0.07467348873615265 0.4155028760433197 0.5098236799240112 
0.12286996096372604 0.8327866196632385 0.044343333691358566 
0.34985294938087463 0.6085013747215271 0.041645728051662445 
0.4184940457344055 0.5486986041069031 0.03280734270811081 
0.23000192642211914 0.7132991552352905 0.056698933243751526 
0.24079011380672455 0.7031311392784119 0.05607879161834717 
0.37303072214126587 0.5750561356544495 0.05191313475370407 
0.06275806576013565 0.8083311319351196 0.12891076505184174 
0.2886616289615631 0.6571919322013855 0.05414646118879318 
0.8787707686424255 0.1163085326552391 0.0049206288531422615 
0.013089421205222607 0.29611673951148987 0.6907938122749329 
0.03751135990023613 0.46367204189300537 0.4988165497779846 
0.0013414405984804034 0.03673248738050461 0.9619260430335999 
0.4045403301715851 0.5742190480232239 0.02124069444835186 
0.8662067651748657 0.1276731640100479 0.006120024714618921 
0.08619316667318344 0.6944933533668518 0.21931353211402893 
0.22815093398094177 0.7258579134941101 0.04599108174443245 
0.1872054785490036 0.7691766023635864 0.04361790046095848 
0.05051058158278465 0.6565401554107666 0.2929493486881256 
0.16809147596359253 0.7850516438484192 0.04685693234205246 
0.16712625324726105 0.7702973484992981 0.06257642805576324 
0.17099380493164062 0.7744526267051697 0.054553549736738205 
0.2073400318622589 0.7447507977485657 0.0479092076420784 
0.04621784761548042 0.8611275553703308 0.09265456348657608 
0.2725144028663635 0.5435885787010193 0.18389706313610077 
0.15245215594768524 0.8048785328865051 0.04266924783587456 
0.12522557377815247 0.8270391821861267 0.04773528501391411 
0.7646936178207397 0.22159124910831451 0.013715201988816261 
0.14327417314052582 0.7854790687561035 0.07124672085046768 
0.7470475435256958 0.2291928380727768 0.02375958114862442 
0.7827001214027405 0.20381517708301544 0.013484732247889042 
0.6019356846809387 0.37078753113746643 0.027276813983917236 
0.8234568238258362 0.15823344886302948 0.018309755250811577 
0.4794524908065796 0.49103814363479614 0.029509318992495537 
0.04287375137209892 0.7629742622375488 0.1941520720720291 
0.2774580419063568 0.6954349279403687 0.027107074856758118 
0.4283854365348816 0.5498649477958679 0.021749600768089294 
0.10340279340744019 0.8210946321487427 0.0755026713013649 
0.7299612760543823 0.26102617383003235 0.009012515656650066 
0.8715144395828247 0.12159734964370728 0.006888167466968298 
0.6948373317718506 0.28595486283302307 0.019207783043384552 
0.5828128457069397 0.38147038221359253 0.03571680933237076 
0.37387916445732117 0.6072385311126709 0.018882321193814278 
0.04466995969414711 0.46485334634780884 0.49047669768333435 
0.5946720242500305 0.3613908886909485 0.043937064707279205 
0.9490084052085876 0.04753044620156288 0.0034611187875270844 
0.6269475221633911 0.35030505061149597 0.022747423499822617 
0.6701642870903015 0.30051389336586 0.029321834444999695 
0.07638730853796005 0.8727744817733765 0.05083828046917915 
0.0752674788236618 0.8739444017410278 0.05078810825943947 
0.11062245815992355 0.8322370052337646 0.05714047700166702 
0.05782951042056084 0.8432222604751587 0.09894824028015137 
0.2688673436641693 0.684956967830658 0.04617565497756004 
0.5005469918251038 0.466477632522583 0.03297542408108711 
0.16435286402702332 0.7811408638954163 0.054506219923496246 
0.9248526692390442 0.07088465988636017 0.00426265737041831 
0.01489519514143467 0.5516566634178162 0.43344807624816895 
0.025264248251914978 0.8508023023605347 0.12393345683813095 
0.22416330873966217 0.39752396941185 0.3783127963542938 
0.74908447265625 0.23279649019241333 0.01811906322836876 
0.9116498231887817 0.08279554545879364 0.00555455032736063 
0.3097679018974304 0.5907160639762878 0.09951606392860413 
0.9195627570152283 0.07593782246112823 0.00449947826564312 
0.7245964407920837 0.2627524435520172 0.012651106342673302 
0.7252382040023804 0.2557428181171417 0.01901889406144619 
0.5495006442070007 0.4238659143447876 0.026633422821760178 
0.08619316667318344 0.6944933533668518 0.21931353211402893 
0.1575528085231781 0.7777392268180847 0.06470798701047897 
0.17972207069396973 0.7567576766014099 0.06352023780345917 
0.2682225704193115 0.6991546750068665 0.0326228067278862 
0.1263333112001419 0.7802295088768005 0.09343715757131577 
0.1866127997636795 0.7597660422325134 0.05362112075090408 
0.36293143033981323 0.5989401340484619 0.03812846913933754 
0.1003459170460701 0.7990798354148865 0.1005742996931076 
0.09348376095294952 0.8266204595565796 0.07989578694105148 
0.1238001137971878 0.8195800185203552 0.05661987513303757 
0.1010221466422081 0.8538358807563782 0.04514193534851074 
0.20914152264595032 0.73868328332901 0.05217522755265236 
0.11403031647205353 0.8424152731895447 0.04355434328317642 
0.10147885978221893 0.8464655876159668 0.052055519074201584 
0.14327417314052582 0.7854790687561035 0.07124672085046768 
0.5181330442428589 0.4538232684135437 0.02804373763501644 
0.4105670154094696 0.5103978514671326 0.07903508096933365 
0.13853439688682556 0.8078006505966187 0.053664982318878174 
0.09187507629394531 0.7832114100456238 0.12491346150636673 
0.12309723347425461 0.2727941572666168 0.6041086316108704 
0.08909433335065842 0.8498314619064331 0.061074208468198776 
0.20807039737701416 0.7704102396965027 0.02151930145919323 
0.534311830997467 0.4236421585083008 0.04204603284597397 
0.0017550972988829017 0.0655941367149353 0.9326507449150085 
0.034103382378816605 0.4479037821292877 0.5179928541183472 
0.7123438715934753 0.27795282006263733 0.009703358635306358 
0.9193944931030273 0.0740482360124588 0.006557326298207045 
0.009236332960426807 0.32119593024253845 0.6695677042007446 
0.10162340104579926 0.839478075504303 0.058898527175188065 
0.10095706582069397 0.8431922793388367 0.05585075542330742 
0.1888369917869568 0.7604820728302002 0.050680872052907944 
0.30182117223739624 0.6454677581787109 0.05271105095744133 
0.002707346109673381 0.12107063084840775 0.8762220144271851 
0.2137555480003357 0.6315402388572693 0.1547042280435562 
0.34590184688568115 0.5798130035400391 0.07428522408008575 
0.7483106851577759 0.22667445242404938 0.02501482143998146 
0.40181630849838257 0.5344668030738831 0.06371692568063736 
0.20137551426887512 0.7612206935882568 0.03740386292338371 
0.08619316667318344 0.6944933533668518 0.21931353211402893 
0.1704554557800293 0.7876757979393005 0.041868772357702255 
0.1588718593120575 0.7664118409156799 0.07471632957458496 
0.32640668749809265 0.6034459471702576 0.07014733552932739 
0.1814449578523636 0.7610764503479004 0.057478614151477814 
0.41433319449424744 0.5462509989738464 0.039415765553712845 
0.4676680564880371 0.49895474314689636 0.0333772674202919 
0.22506892681121826 0.7216995358467102 0.05323156341910362 
0.009559116326272488 0.2551611363887787 0.7352797389030457 
0.9122591614723206 0.0834873765707016 0.00425339350476861 
0.058850545436143875 0.8491155505180359 0.09203388541936874 
0.06672973185777664 0.8557610511779785 0.07750926166772842 
0.10821478813886642 0.8454210758209229 0.04636403173208237 
0.6718611717224121 0.3056713044643402 0.022467538714408875 
0.14327417314052582 0.7854790687561035 0.07124672085046768 
0.05017552524805069 0.6147414445877075 0.3350830376148224 
0.7627586126327515 0.2229532152414322 0.014288173988461494 
0.1839219033718109 0.7701419591903687 0.045936208218336105 
0.03729263320565224 0.646629273891449 0.3160780668258667 
0.12486505508422852 0.8286421298980713 0.04649278521537781 
0.5109299421310425 0.43630245327949524 0.05276759713888168 
0.7007110118865967 0.2823997139930725 0.016889235004782677 
0.7163497805595398 0.26780739426612854 0.015842868015170097 
0.7245113849639893 0.26088497042655945 0.014603582210838795 
0.7161973118782043 0.2682841718196869 0.015518496744334698 
0.6584989428520203 0.31792494654655457 0.023576131090521812 
0.3690105378627777 0.5768013596534729 0.05418813228607178 
0.7495955228805542 0.23773062229156494 0.012673802673816681 
0.1917792707681656 0.7739180326461792 0.03430274501442909 
0.944800853729248 0.04886927083134651 0.006329870782792568 
0.8239970207214355 0.1675887256860733 0.008414200507104397 
0.7328717708587646 0.2510991096496582 0.01602914370596409 
0.9296733140945435 0.06687332689762115 0.003453300567343831 
0.8293605446815491 0.1659676879644394 0.004671799950301647 
0.08631104230880737 0.8459186553955078 0.06777036935091019 
0.726713240146637 0.2550264596939087 0.018260274082422256 
0.16002024710178375 0.7849239706993103 0.055055756121873856 
0.1090325266122818 0.8349928855895996 0.05597459152340889 
0.14871293306350708 0.7981727719306946 0.05311434715986252 
0.27622291445732117 0.6773651838302612 0.0464119017124176 
0.008168053813278675 0.20112799108028412 0.7907039523124695 
0.09667894244194031 0.8576374053955078 0.04568370431661606 
0.11039605736732483 0.8392642140388489 0.050339728593826294 
0.8800429105758667 0.1110987439751625 0.008858381770551205 
0.6571374535560608 0.3269510865211487 0.01591147854924202 
0.10572824627161026 0.853410005569458 0.04086173325777054 
0.08619316667318344 0.6944933533668518 0.21931353211402893 
0.8643102645874023 0.1271938532590866 0.008495909161865711 
0.10429711639881134 0.8470838069915771 0.048619113862514496 
0.2886756658554077 0.65964674949646 0.0516776479780674 
0.1563192456960678 0.7912679314613342 0.05241280794143677 
0.35053831338882446 0.6031454801559448 0.04631616175174713 
0.01258640456944704 0.26208287477493286 0.7253307104110718 
0.5689496397972107 0.4134306013584137 0.017619775608181953 
0.11663942784070969 0.8112378120422363 0.07212281227111816 
0.18104363977909088 0.7575483322143555 0.06140796095132828 
0.6248762011528015 0.3590751886367798 0.016048643738031387 
0.004927005618810654 0.22437763214111328 0.7706953883171082 
0.0027262994553893805 0.08415205776691437 0.9131215810775757 
0.17266042530536652 0.7819191217422485 0.04542042315006256 
0.14327417314052582 0.7854790687561035 0.07124672085046768 
0.9655674695968628 0.03162963315844536 0.002802962437272072 
0.888332188129425 0.10315252840518951 0.00851535052061081 
0.0283359307795763 0.48381826281547546 0.4878458082675934 
0.041706573218107224 0.8719380497932434 0.08635545521974564 
0.03466664254665375 0.48030465841293335 0.4850286841392517 
0.13664093613624573 0.751865565776825 0.11149342358112335 
0.12303748726844788 0.8275537490844727 0.04940873011946678 
0.49972596764564514 0.43684229254722595 0.06343182176351547 
0.24915653467178345 0.687130331993103 0.06371310353279114 
0.684549868106842 0.3034534454345703 0.011996671557426453 
0.32511723041534424 0.6451334357261658 0.029749320819973946 
0.0031286494340747595 0.1326221525669098 0.8642491698265076 
0.0025028495583683252 0.11330556124448776 0.8841915130615234 
0.0025028495583683252 0.11330556124448776 0.8841915130615234 
0.6522185206413269 0.3375127613544464 0.010268760845065117 
0.6934608221054077 0.29268261790275574 0.013856596313416958 
0.22736084461212158 0.7292686700820923 0.04337051510810852 
0.21035295724868774 0.7282314300537109 0.06141559034585953 
0.07074026763439178 0.8207433223724365 0.10851645469665527 
0.17119890451431274 0.7864595651626587 0.04234151914715767 
0.007803537417203188 0.3194548189640045 0.6727416515350342 
0.5512979626655579 0.43559399247169495 0.013108030892908573 
0.0031286494340747595 0.1326221525669098 0.8642491698265076 
0.0031286494340747595 0.1326221525669098 0.8642491698265076 
0.0031286494340747595 0.1326221525669098 0.8642491698265076 
0.9417455792427063 0.05468166619539261 0.003572682151570916 
0.9356717467308044 0.061550725251436234 0.0027775168418884277 
0.012085353024303913 0.429491251707077 0.5584233999252319 
0.46341443061828613 0.477027028799057 0.05955855920910835 
0.1490367203950882 0.8046008944511414 0.04636240378022194 
0.14140981435775757 0.7966800928115845 0.061910126358270645 
0.3164560794830322 0.6107754707336426 0.0727684423327446 
0.09495548903942108 0.8480918407440186 0.05695273354649544 
0.9029137492179871 0.09295467287302017 0.004131647292524576 
0.0057038478553295135 0.4625023901462555 0.5317938327789307 
0.10528680682182312 0.6616358160972595 0.23307733237743378 
0.050671182572841644 0.28088730573654175 0.6684415340423584 
0.7832268476486206 0.20273064076900482 0.014042410999536514 
0.9418202042579651 0.05514802038669586 0.003031759290024638 
0.08619316667318344 0.6944933533668518 0.21931353211402893 
0.09410542249679565 0.548708975315094 0.3571856617927551 
0.01621188595890999 0.32965222001075745 0.6541358232498169 
0.0019049432594329119 0.06085499748587608 0.9372400641441345 
0.2009400874376297 0.7412298321723938 0.057830050587654114 
0.3498619794845581 0.58986496925354 0.06027304381132126 
0.14327417314052582 0.7854790687561035 0.07124672085046768 
0.1449747234582901 0.76543790102005 0.08958738297224045 
0.3688823878765106 0.6096735596656799 0.021444078534841537 
0.011742258444428444 0.28190097212791443 0.7063567638397217 
0.056254155933856964 0.6752597689628601 0.2684861421585083 
0.5576125383377075 0.4027057886123657 0.03968168422579765 
0.45652878284454346 0.4957078993320465 0.04776329919695854 
0.6660920977592468 0.3213949203491211 0.01251302007585764 
0.23981837928295135 0.7225348353385925 0.0376468151807785 
0.49229490756988525 0.4879210889339447 0.01978401653468609 
0.03145689144730568 0.41089120507240295 0.5576518774032593 
0.1212289109826088 0.8280678391456604 0.050703249871730804 
0.007788834162056446 0.42467522621154785 0.567535936832428 
0.5113586187362671 0.44342607259750366 0.045215312391519547 
0.6563898921012878 0.32955774664878845 0.01405245065689087 
0.05747896805405617 0.7934893369674683 0.14903168380260468 
0.631328284740448 0.34961605072021484 0.019055664539337158 
0.0652424618601799 0.8140699863433838 0.12068755179643631 
0.020706919953227043 0.7199704647064209 0.25932255387306213 
0.008639722131192684 0.807431697845459 0.18392866849899292 
0.08619316667318344 0.6944933533668518 0.21931353211402893 
0.06642387807369232 0.8274288177490234 0.10614731162786484 
0.2000073939561844 0.756241500377655 0.04375112056732178 
0.18320509791374207 0.7651251554489136 0.05166971683502197 
0.1695672571659088 0.693842887878418 0.13658978044986725 
0.7451178431510925 0.23590843379497528 0.01897372119128704 
0.8844874501228333 0.10774429142475128 0.007768198382109404 
0.29190871119499207 0.5745112895965576 0.13357998430728912 
0.07431632280349731 0.7324692010879517 0.19321443140506744 
0.5851219892501831 0.37875667214393616 0.03612137213349342 
0.04372061416506767 0.6795417666435242 0.27673763036727905 
0.14327417314052582 0.7854790687561035 0.07124672085046768 
0.4731483459472656 0.5007645487785339 0.026087112724781036 
0.6584833860397339 0.3144165277481079 0.027100102975964546 
0.5952429175376892 0.3743017017841339 0.030455369502305984 
0.6003474593162537 0.3693023920059204 0.03035011515021324 
0.1481299102306366 0.8052591681480408 0.046610958874225616 
0.10535033047199249 0.8324264883995056 0.06222323328256607 
0.14143258333206177 0.5523342490196228 0.3062331974506378 
0.27822181582450867 0.6751943230628967 0.04658385366201401 
0.28314441442489624 0.653542160987854 0.06331342458724976 
0.11005435883998871 0.8397200703620911 0.05022555962204933 
0.10481897741556168 0.8450919389724731 0.05008915811777115 
0.18099501729011536 0.7708064317703247 0.04819851741194725 
0.11277072876691818 0.8423726558685303 0.04485662281513214 
0.2670855224132538 0.695372998714447 0.037541456520557404 
0.9144365787506104 0.07917637377977371 0.006387090310454369 
0.08077634125947952 0.629780113697052 0.2894434928894043 
0.1741398274898529 0.7480959892272949 0.07776422798633575 
0.8479069471359253 0.14423032104969025 0.007862667553126812 
0.21578800678253174 0.6800976395606995 0.1041143462061882 
0.028781451284885406 0.2550760507583618 0.716142475605011 
0.7986910939216614 0.1858474463224411 0.015461515635251999 
0.191857248544693 0.7643254399299622 0.043817199766635895 
0.05175177380442619 0.7092347145080566 0.23901349306106567 
0.08619316667318344 0.6944933533668518 0.21931353211402893 
0.13531965017318726 0.8195496797561646 0.04513072222471237 
0.09268998354673386 0.8534145951271057 0.05389542505145073 
0.19277913868427277 0.7504711151123047 0.05674978345632553 
0.21070758998394012 0.7392230033874512 0.05006939172744751 
0.17414090037345886 0.7970470190048218 0.028812071308493614 
0.0992339476943016 0.8417626023292542 0.05900337174534798 
0.09965554624795914 0.811721682548523 0.0886227935552597 
0.2040243148803711 0.6950419545173645 0.10093378275632858 
0.1258920282125473 0.8257585167884827 0.04834946244955063 
0.1787673532962799 0.7701688408851624 0.05106380209326744 
0.08416252583265305 0.8077133297920227 0.10812415927648544 
0.8834251165390015 0.10960789024829865 0.006967053283005953 
0.3693030774593353 0.5847963094711304 0.045900680124759674 
0.49437952041625977 0.4756223261356354 0.029998188838362694 
0.7085878849029541 0.28209733963012695 0.00931472610682249 
0.14327417314052582 0.7854790687561035 0.07124672085046768 
0.17414090037345886 0.7970470190048218 0.028812071308493614 
0.7600241303443909 0.22331629693508148 0.01665961556136608 
0.39759403467178345 0.5736503005027771 0.028755735605955124 
0.8152275085449219 0.17737990617752075 0.007392561994493008 
0.041429996490478516 0.855155885219574 0.1034141555428505 
0.4810579717159271 0.4764356017112732 0.042506471276283264 
0.8573384284973145 0.1355699747800827 0.007091602776199579 
0.718808114528656 0.2723323702812195 0.008859493769705296 
0.6954682469367981 0.2920936048030853 0.012438183650374413 
0.5029723644256592 0.4685644805431366 0.028463197872042656 
0.5000189542770386 0.48322218656539917 0.01675887033343315 
0.13651564717292786 0.7872353792190552 0.0762489065527916 
0.46864596009254456 0.48529160022735596 0.046062398701906204 
0.002387849846854806 0.2275167554616928 0.7700954079627991 
0.7013493776321411 0.28366848826408386 0.01498210895806551 
0.030451199039816856 0.6909265518188477 0.27862221002578735 
0.08619316667318344 0.6944933533668518 0.21931353211402893 
0.11483336240053177 0.7840532064437866 0.10111337900161743 
0.07346481829881668 0.8802605867385864 0.0462745763361454 
0.01818264089524746 0.5037219524383545 0.4780954122543335 
0.033675845712423325 0.799109697341919 0.16721446812152863 
0.2170618623495102 0.639215886592865 0.1437222808599472 
0.24855627119541168 0.7008621096611023 0.050581637769937515 
0.5471549034118652 0.4224305748939514 0.03041452169418335 
0.4060296416282654 0.5438828468322754 0.050087492913007736 
0.5630821585655212 0.41143614053726196 0.02548174187541008 
0.07687696814537048 0.7496570944786072 0.17346592247486115 
0.5926216244697571 0.3904815912246704 0.016896763816475868 
0.5101643204689026 0.4226812422275543 0.06715444475412369 
0.8741500377655029 0.12012352794408798 0.005726335104554892 
0.13937030732631683 0.668680727481842 0.19194896519184113 
0.3493003845214844 0.6093359589576721 0.04136361554265022 
0.07651686668395996 0.8520982265472412 0.07138488441705704 
0.013927839696407318 0.8370885848999023 0.14898356795310974 
0.13923707604408264 0.8039643168449402 0.05679864063858986 
0.8684520721435547 0.1252926141023636 0.006255338899791241 
0.7474249005317688 0.2426309436559677 0.009944146499037743 
0.37999629974365234 0.5247395634651184 0.09526415914297104 
0.09999477863311768 0.8004489541053772 0.09955628961324692 
0.2731403410434723 0.7019556164741516 0.024904079735279083 
0.7502066493034363 0.2393019199371338 0.010491442866623402 
0.8275768160820007 0.16537612676620483 0.007047139573842287 
0.013613809831440449 0.3765861988067627 0.6097999811172485 
0.5446057319641113 0.431790828704834 0.023603476583957672 
0.3585014045238495 0.54859459400177 0.09290408343076706 
0.1399231106042862 0.6040459871292114 0.25603094696998596 
0.07342420518398285 0.7957253456115723 0.13085044920444489 
0.06168114393949509 0.6765086054801941 0.261810302734375 
0.08619316667318344 0.6944933533668518 0.21931353211402893 
0.330973356962204 0.5890050530433655 0.08002156764268875 
0.057071372866630554 0.7104747891426086 0.2324538379907608 
0.036390434950590134 0.808861494064331 0.15474805235862732 
0.5701494216918945 0.4158190190792084 0.014031552709639072 
0.8882960677146912 0.10522858798503876 0.00647535128518939 
0.8746082186698914 0.12023117393255234 0.005160660948604345 
0.29217588901519775 0.6619256138801575 0.04589848592877388 
0.30786627531051636 0.6589232683181763 0.03321041911840439 
0.8817154169082642 0.11321449279785156 0.005070102866739035 
0.22094354033470154 0.6835716962814331 0.09548472613096237 
0.8311806321144104 0.1612357497215271 0.007583641447126865 
0.15053078532218933 0.7870853543281555 0.06238378956913948 
0.9512494206428528 0.04600466787815094 0.0027459096163511276 
0.18511995673179626 0.7073181867599487 0.10756180435419083 
0.18916265666484833 0.6654680371284485 0.14536932110786438 
0.8755829334259033 0.11733002960681915 0.007087055128067732 
0.0025924646761268377 0.17070503532886505 0.8267024755477905 
0.07321364432573318 0.6475217938423157 0.27926453948020935 
0.1746489405632019 0.5090341567993164 0.3163169026374817 
0.12363627552986145 0.6906810402870178 0.18568263947963715 
0.2749682068824768 0.6589338779449463 0.06609784066677094 
0.6033432483673096 0.38180097937583923 0.014855688437819481 
0.05952025204896927 0.4983004927635193 0.44217926263809204 
0.15210705995559692 0.7164890170097351 0.13140390813350677 
0.08619316667318344 0.6944933533668518 0.21931353211402893 
0.9005351066589355 0.09192463755607605 0.0075402348302304745 
0.01491132564842701 0.699737012386322 0.2853516936302185 
0.7379693984985352 0.24343158304691315 0.018599053844809532 
0.3686800003051758 0.5730411410331726 0.0582788921892643 
0.3425985872745514 0.619125247001648 0.03827616572380066 
0.3425985872745514 0.619125247001648 0.03827616572380066 
0.23981310427188873 0.7344046831130981 0.0257822647690773 
0.02398943156003952 0.7447808384895325 0.23122964799404144 
0.5550845265388489 0.37540170550346375 0.06951373815536499 
0.10745339095592499 0.7074212431907654 0.1851254403591156 
0.5566825866699219 0.42310622334480286 0.020211191847920418 
0.8773543834686279 0.11686714738607407 0.005778542719781399 
0.08325869590044022 0.7440545558929443 0.17268677055835724 
0.5263230800628662 0.41804853081703186 0.05562839284539223 
0.9137687087059021 0.08233069628477097 0.003900571959093213 
0.22508741915225983 0.6724929213523865 0.10241959989070892 
0.5707376003265381 0.39494824409484863 0.03431418538093567 
0.042008012533187866 0.865920901298523 0.09207101911306381 
0.13211429119110107 0.6314926743507385 0.236393004655838 
0.6767612099647522 0.30255183577537537 0.020687013864517212 
0.049048490822315216 0.7318613529205322 0.21909017860889435 
0.08619316667318344 0.6944933533668518 0.21931353211402893 
0.09685587882995605 0.8713939189910889 0.03175017982721329 
0.020551715046167374 0.5728650689125061 0.40658316016197205 
0.30532991886138916 0.6508920192718506 0.04377809911966324 
0.6474774479866028 0.32018086314201355 0.03234164044260979 
0.027461867779493332 0.4105212688446045 0.5620169043540955 
0.12358904629945755 0.6646774411201477 0.21173354983329773 
0.7222215533256531 0.24785542488098145 0.029922977089881897 
0.0316445454955101 0.8542401790618896 0.11411527544260025 
0.6611586809158325 0.32501962780952454 0.013821687549352646 
0.9105377793312073 0.08233748376369476 0.007124741096049547 
0.8262884020805359 0.16274675726890564 0.01096490491181612 
0.31496673822402954 0.6317173838615417 0.05331582576036453 
0.002450162312015891 0.1704455465078354 0.8271042704582214 
0.049436528235673904 0.6144024729728699 0.33616092801094055 
0.18967506289482117 0.7734293937683105 0.03689553588628769 
0.8057816624641418 0.18800336122512817 0.006214952562004328 
0.900265097618103 0.09594600647687912 0.003788916626945138 
0.019422827288508415 0.5888833403587341 0.3916938602924347 
0.01845472678542137 0.3524360656738281 0.629109263420105 
0.7383715510368347 0.2502191364765167 0.011409323662519455 
0.03826230391860008 0.42462924122810364 0.5371084213256836 
0.04441876709461212 0.46771758794784546 0.4878636598587036 
0.00790608674287796 0.21970567107200623 0.772388219833374 
0.33600518107414246 0.621804416179657 0.042190417647361755 
0.3317549228668213 0.6251987218856812 0.043046288192272186 
0.11586586385965347 0.8303549885749817 0.05377912148833275 
0.08619316667318344 0.6944933533668518 0.21931353211402893 
0.6355513334274292 0.2993728518486023 0.06507586687803268 
0.11015783995389938 0.8611401915550232 0.028702016919851303 
0.19295364618301392 0.7589836120605469 0.048062775284051895 
0.4192148745059967 0.5399075746536255 0.04087751358747482 
0.8055106401443481 0.1855224370956421 0.00896697398275137 
0.8055106401443481 0.1855224370956421 0.00896697398275137 
0.7661309838294983 0.21399953961372375 0.019869489595294 
0.8330031037330627 0.16083551943302155 0.006161405239254236 
0.0846896842122078 0.878317654132843 0.03699268028140068 
0.002045697532594204 0.07842790335416794 0.9195264577865601 
0.856656551361084 0.13807682693004608 0.005266640800982714 
0.11681903898715973 0.7893136143684387 0.09386728703975677 
0.2652565836906433 0.6507108211517334 0.0840325653553009 
0.41386812925338745 0.5478277206420898 0.0383041687309742 
0.945040225982666 0.05111859366297722 0.0038411470595747232 
0.005822044797241688 0.11550457775592804 0.8786733746528625 
0.9009271264076233 0.09416310489177704 0.004909764975309372 
0.9621689915657043 0.03544069081544876 0.002390331821516156 
0.007334773428738117 0.5069469213485718 0.485718309879303 
0.40320247411727905 0.5746004581451416 0.022197125479578972 
0.028794923797249794 0.28564995527267456 0.6855551600456238 
0.008625227957963943 0.29965463280677795 0.691720187664032 
0.7293134331703186 0.2579881548881531 0.012698428705334663 
0.15429389476776123 0.7492216229438782 0.09648451954126358 
0.018088428303599358 0.9325445890426636 0.049366917461156845 
0.04034816101193428 0.6068090200424194 0.3528428375720978 
0.4909074008464813 0.4609546959400177 0.04813780263066292 
0.02359541319310665 0.2530357539653778 0.7233688235282898 
0.2654424011707306 0.6715198159217834 0.06303778290748596 
0.09248713403940201 0.7036845684051514 0.203828364610672 
0.7342498898506165 0.2555825710296631 0.010167616419494152 
0.934691846370697 0.06271776556968689 0.0025904325302690268 
0.06956952810287476 0.7007299065589905 0.22970056533813477 
0.944942831993103 0.05229678377509117 0.0027603672351688147 
0.602233350276947 0.37354859709739685 0.02421806938946247 
0.19571484625339508 0.6446301937103271 0.15965498983860016 
0.2606964707374573 0.6806773543357849 0.05862614884972572 
0.2606964707374573 0.6806773543357849 0.05862614884972572 
0.07347039133310318 0.8475497364997864 0.07897992432117462 
0.018099572509527206 0.18634043633937836 0.7955600023269653 
0.92518550157547 0.06994374096393585 0.00487072579562664 
0.962215781211853 0.03512740507721901 0.002656754106283188 
0.04564044624567032 0.5182819962501526 0.4360775351524353 
0.7287646532058716 0.2608307898044586 0.01040456723421812 
0.006790132261812687 0.06891311705112457 0.9242967963218689 
0.21229927241802216 0.5754353404045105 0.21226535737514496 
0.6769208908081055 0.3139036297798157 0.009175467304885387 
0.956445574760437 0.0406748503446579 0.0028796521946787834 
0.541429877281189 0.3945300281047821 0.06404008716344833 
0.5212424397468567 0.46256062388420105 0.016196906566619873 
0.7096602320671082 0.2788914442062378 0.011448327451944351 
0.14804993569850922 0.6602157950401306 0.1917341947555542 
0.9444806575775146 0.05090999975800514 0.004609310068190098 
0.36857888102531433 0.5959888696670532 0.035432204604148865 
0.4723554253578186 0.4978162348270416 0.029828350991010666 
0.9614916443824768 0.0354699045419693 0.0030383719131350517 
0.05031120404601097 0.45392170548439026 0.49576714634895325 
0.0015341476537287235 0.08819518238306046 0.910270631313324 
0.42223045229911804 0.5446821451187134 0.033087436109781265 
0.6904029250144958 0.28460466861724854 0.02499242126941681 
0.7371429204940796 0.2500606179237366 0.012796550989151001 
0.5774142742156982 0.4033360183238983 0.019249672070145607 
0.014442317187786102 0.43264997005462646 0.5529077649116516 
0.04436132684350014 0.33301350474357605 0.6226251721382141 
0.2890869379043579 0.6787616610527039 0.0321514867246151 
0.09808021783828735 0.6491761803627014 0.25274354219436646 
0.08619316667318344 0.6944933533668518 0.21931353211402893 
0.023124700412154198 0.7749189138412476 0.20195640623569489 
0.21475601196289062 0.7078555226325989 0.07738856971263885 
0.90751051902771 0.086436428129673 0.006053064949810505 
0.8177000284194946 0.1663331389427185 0.015966784209012985 
0.0008848869474604726 0.020236266776919365 0.9788788557052612 
0.2169637233018875 0.6282877922058105 0.15474845468997955 
0.026918943971395493 0.41492190957069397 0.5581591129302979 
0.004533043131232262 0.3153829574584961 0.6800839900970459 
0.0009431197540834546 0.025884561240673065 0.9731723070144653 
0.0024347640573978424 0.07064109295606613 0.9269241690635681 
0.4230194389820099 0.551801323890686 0.025179263204336166 
0.9516371488571167 0.04491633176803589 0.0034465237986296415 
0.9132842421531677 0.08102021366357803 0.005695476662367582 
0.6881542801856995 0.29756322503089905 0.014282519929111004 
0.02756836637854576 0.7327011227607727 0.23973050713539124 
0.8730750679969788 0.11500606685876846 0.011918905191123486 
0.9563044309616089 0.04104763641953468 0.002647849265486002 
0.27847036719322205 0.6377260088920593 0.08380362391471863 
0.09651393443346024 0.8558272123336792 0.04765883460640907 
0.005477821920067072 0.327664852142334 0.6668573021888733 
0.28485390543937683 0.6878290772438049 0.02731703408062458 
0.020398244261741638 0.6774182319641113 0.30218347907066345 
0.0009602237842045724 0.015760304406285286 0.9832794666290283 
0.1947786808013916 0.6056618690490723 0.1995595246553421 
0.0011728369863703847 0.03096163272857666 0.9678655862808228 
0.7907178401947021 0.19987663626670837 0.009405470453202724 
0.005055175628513098 0.32612353563308716 0.6688212752342224 
0.8483918905258179 0.14191482961177826 0.009693319909274578 
0.5361642837524414 0.43203434348106384 0.03180137276649475 
0.06050992012023926 0.5571817755699158 0.38230833411216736 
0.11578293144702911 0.6964892745018005 0.18772777915000916 
0.8028079271316528 0.18666760623455048 0.010524453595280647 
0.8244929909706116 0.16763289272785187 0.007874073460698128 
0.08619316667318344 0.6944933533668518 0.21931353211402893 
0.008243936114013195 0.4168138802051544 0.5749421715736389 
0.3443029522895813 0.6347525715827942 0.020944466814398766 
0.01607818901538849 0.41409942507743835 0.5698224306106567 
0.8329614400863647 0.15055610239505768 0.016482502222061157 
0.9527220129966736 0.043854955583810806 0.0034229925367981195 
0.00498780095949769 0.2124701887369156 0.7825420498847961 
0.006256336346268654 0.3754861056804657 0.6182575821876526 
0.006256336346268654 0.3754861056804657 0.6182575821876526 
0.9380185604095459 0.058623071759939194 0.0033583997283130884 
0.3208664059638977 0.6465141773223877 0.032619409263134 
0.9578006863594055 0.03946388140320778 0.002735466929152608 
0.6640142202377319 0.3183501660823822 0.017635563388466835 
0.5702635645866394 0.4116513431072235 0.018085118383169174 
0.0009853747906163335 0.048019248992204666 0.9509954452514648 
0.25239163637161255 0.7076119780540466 0.03999634087085724 
0.18368273973464966 0.6153594255447388 0.2009577602148056 
0.005793162155896425 0.3283545672893524 0.6658522486686707 
0.7401667833328247 0.2519875764846802 0.00784568302333355 
0.05224829167127609 0.4880342483520508 0.45971739292144775 
0.20049698650836945 0.6634723544120789 0.13603068888187408 
0.0061765811406075954 0.3708663284778595 0.6229571104049683 
0.9630603194236755 0.03470035642385483 0.002239232650026679 
0.04677058756351471 0.8832598924636841 0.06996949762105942 
0.0013868323294445872 0.05869254097342491 0.9399206042289734 
0.5790829658508301 0.40398547053337097 0.01693158969283104 
0.020621025934815407 0.5542570948600769 0.42512190341949463 
0.00937329139560461 0.4476640224456787 0.5429627299308777 
0.13896635174751282 0.796946108341217 0.06408751010894775 
0.029493026435375214 0.3989320397377014 0.5715749859809875 
0.010057209059596062 0.5169394612312317 0.4730033278465271 
0.0014530295738950372 0.05228918418288231 0.9462577700614929 
0.011472364887595177 0.6153268218040466 0.37320083379745483 
0.043429527431726456 0.7942444086074829 0.16232603788375854 
0.008182628080248833 0.4716443419456482 0.5201730132102966 
0.12389126420021057 0.6874485015869141 0.18866026401519775 
0.008827446959912777 0.46367233991622925 0.5275002121925354 
0.018170921131968498 0.5581183433532715 0.42371073365211487 
0.007257274352014065 0.44259461760520935 0.5501481294631958 
0.0010730610229074955 0.01222836971282959 0.9866985082626343 
0.0010730610229074955 0.01222836971282959 0.9866985082626343 
0.20598982274532318 0.731345534324646 0.0626646876335144 
0.08137480169534683 0.454219251871109 0.46440598368644714 
0.8554423451423645 0.1382080763578415 0.0063495878130197525 
0.8562446236610413 0.13841937482357025 0.005336079280823469 
0.569824755191803 0.39879122376441956 0.03138398379087448 
0.27874529361724854 0.697108268737793 0.024146344512701035 
0.44737163186073303 0.5142843723297119 0.03834395110607147 
0.5658986568450928 0.39683395624160767 0.037267424166202545 
0.6683231592178345 0.3176628351211548 0.014014004729688168 
0.08619316667318344 0.6944933533668518 0.21931353211402893 
0.37161877751350403 0.5896746516227722 0.038706518709659576 
0.26678231358528137 0.6801397800445557 0.05307795852422714 
0.11518873274326324 0.840720534324646 0.044090744107961655 
0.5086652636528015 0.36635416746139526 0.12498059868812561 
0.6632635593414307 0.32390761375427246 0.012828774750232697 
0.25230395793914795 0.6585325598716736 0.08916348218917847 
0.4221225678920746 0.5507593154907227 0.02711804397404194 
0.028409719467163086 0.6089848279953003 0.36260542273521423 
0.7280945181846619 0.26296454668045044 0.00894089974462986 
0.021187931299209595 0.20098359882831573 0.7778285145759583 
0.005052892025560141 0.03840921074151993 0.9565379023551941 
0.853069007396698 0.13363994657993317 0.013291084207594395 
0.0013797865249216557 0.03221404179930687 0.9664061069488525 
0.39672979712486267 0.577489972114563 0.02578025311231613 
0.4345671236515045 0.5239518880844116 0.04148102179169655 
0.0267266146838665 0.724859893321991 0.24841342866420746 
0.802334725856781 0.19043302536010742 0.007232273928821087 
0.41950300335884094 0.5456587672233582 0.034838199615478516 
0.043521665036678314 0.6352449655532837 0.3212333917617798 
0.02976517379283905 0.8343432545661926 0.13589158654212952 
0.6732110381126404 0.3111300766468048 0.015658896416425705 
0.5281845927238464 0.4391539990901947 0.03266136720776558 
0.13284644484519958 0.6214354634284973 0.2457181066274643 
0.015409947372972965 0.30006131529808044 0.6845287084579468 
0.8680059909820557 0.12533755600452423 0.006656447891145945 
0.3414820432662964 0.6205366253852844 0.03798137232661247 
0.08221695572137833 0.5899809002876282 0.3278021216392517 
0.1397237777709961 0.8105515837669373 0.04972464591264725 
0.13284644484519958 0.6214354634284973 0.2457181066274643 
0.08619316667318344 0.6944933533668518 0.21931353211402893 
0.01251363754272461 0.3032691478729248 0.6842171549797058 
0.09950828552246094 0.8100876212120056 0.09040412306785583 
0.09863720834255219 0.8111637234687805 0.09019908308982849 
0.007123878691345453 0.3047565221786499 0.6881195902824402 
0.5685554146766663 0.39482977986335754 0.0366148017346859 
0.35397619009017944 0.5957871675491333 0.05023665353655815 
0.829963743686676 0.16532550752162933 0.004710668232291937 
0.5640662908554077 0.3914679288864136 0.04446573182940483 
0.09499865025281906 0.7268770933151245 0.17812426388263702 
0.8483507037162781 0.1461551934480667 0.005494094453752041 
0.8191834688186646 0.17431367933750153 0.006502910517156124 
0.22934868931770325 0.6946666836738586 0.07598460465669632 
0.0031806044280529022 0.11600527912378311 0.8808141350746155 
0.016809914261102676 0.7889030575752258 0.19428709149360657 
0.0054277172312140465 0.16315197944641113 0.8314202427864075 
0.08221695572137833 0.5899809002876282 0.3278021216392517 
0.49425479769706726 0.48622483015060425 0.01952032744884491 
0.04905886948108673 0.2153938114643097 0.7355473041534424 
0.9193239808082581 0.07618892937898636 0.004487093538045883 
0.9019262790679932 0.09264207631349564 0.0054315486922860146 
0.8958745002746582 0.09840806573629379 0.005717332474887371 
0.21402832865715027 0.6149094700813293 0.17106221616268158 
0.1734708994626999 0.7946192622184753 0.03190985694527626 
0.8958745002746582 0.09840806573629379 0.005717332474887371 
0.8818150758743286 0.11168713867664337 0.006497837603092194 
0.8802120089530945 0.11370762437582016 0.006080309394747019 
0.5214999914169312 0.4626491665840149 0.015850890427827835 
0.41154977679252625 0.5701254606246948 0.01832471415400505 
0.833895206451416 0.1546846330165863 0.011420203372836113 
0.6103323698043823 0.368958979845047 0.02070862613618374 
0.2326335906982422 0.6992824673652649 0.06808386743068695 
0.08436904102563858 0.8319209218025208 0.08371011167764664 
0.15049485862255096 0.7557376027107239 0.09376754611730576 
0.08619316667318344 0.6944933533668518 0.21931353211402893 
0.49037519097328186 0.47437357902526855 0.035251300781965256 
0.6425746083259583 0.3359237015247345 0.021501637995243073 
0.0401315875351429 0.7712427377700806 0.18862566351890564 
0.46018582582473755 0.5063683986663818 0.03344574198126793 
0.8872411847114563 0.10657171159982681 0.006187074817717075 
0.5172727108001709 0.46153387427330017 0.02119341492652893 
0.5415382385253906 0.4331914186477661 0.02527027204632759 
0.49957025051116943 0.4450061619281769 0.05542358011007309 
0.21410886943340302 0.4623475968837738 0.32354357838630676 
0.9083709120750427 0.08642188459634781 0.005207224283367395 
0.5977200865745544 0.36462724208831787 0.03765260428190231 
0.0010730610229074955 0.01222836971282959 0.9866985082626343 
0.0010730610229074955 0.01222836971282959 0.9866985082626343 
0.89292973279953 0.10089874267578125 0.00617152638733387 
0.23145851492881775 0.5997083783149719 0.16883313655853271 
0.3428073525428772 0.6303747892379761 0.02681783400475979 
0.19264069199562073 0.7671628594398499 0.04019651561975479 
0.03591369092464447 0.527237057685852 0.4368492364883423 
0.9709632396697998 0.02662074752151966 0.0024159967433661222 
0.7937309145927429 0.1956569254398346 0.010612109676003456 
0.8710330128669739 0.12427031248807907 0.0046966723166406155 
0.22826777398586273 0.7141314744949341 0.057600684463977814 
0.3994266986846924 0.5012548565864563 0.09931840747594833 
0.22282762825489044 0.6506102681159973 0.12656202912330627 
0.5991049408912659 0.37056711316108704 0.03032792918384075 
0.9394701719284058 0.05626188591122627 0.004267947282642126 
0.08619316667318344 0.6944933533668518 0.21931353211402893 
0.018473848700523376 0.5383942127227783 0.4431319236755371 
0.5810266137123108 0.38634297251701355 0.03263044357299805 
0.3347843289375305 0.6079129576683044 0.057302746921777725 
0.6180229187011719 0.3584510087966919 0.023526031523942947 
0.5619758367538452 0.4210899770259857 0.016934245824813843 
0.9349822998046875 0.059423256665468216 0.005594426300376654 
0.6170644760131836 0.35470929741859436 0.028226284310221672 
0.012245268560945988 0.46805956959724426 0.5196951031684875 
0.6797963976860046 0.2964462339878082 0.023757372051477432 
0.49478110671043396 0.4872271716594696 0.017991675063967705 
0.32477450370788574 0.6388429403305054 0.036382630467414856 
0.003894512541592121 0.05768010765314102 0.9384253621101379 
0.2662375569343567 0.6895138025283813 0.044248539954423904 
0.14486701786518097 0.7440245747566223 0.11110839992761612 
0.1670898050069809 0.6925516724586487 0.1403585523366928 
0.8466346859931946 0.14729949831962585 0.006065764930099249 
0.5227511525154114 0.4359067678451538 0.041342079639434814 
0.004145374987274408 0.05399208515882492 0.9418625235557556 
0.050378359854221344 0.8998278379440308 0.049793872982263565 
0.06077904254198074 0.6811404824256897 0.25808048248291016 
0.6448410153388977 0.3326706290245056 0.022488325834274292 
0.010416608303785324 0.05204525589942932 0.937538206577301 
0.02868368662893772 0.7171478867530823 0.25416839122772217 
0.8010748028755188 0.19026614725589752 0.00865904986858368 
0.8010748028755188 0.19026614725589752 0.00865904986858368 
0.8640812635421753 0.1271159052848816 0.00880284234881401 
0.08619316667318344 0.6944933533668518 0.21931353211402893 
0.030618032440543175 0.840730607509613 0.12865136563777924 
0.01818264089524746 0.5037219524383545 0.4780954122543335 
0.030482366681098938 0.681129515171051 0.28838804364204407 
0.08312320709228516 0.8802521824836731 0.03662455081939697 
0.5291578769683838 0.43936488032341003 0.03147723525762558 
0.433218389749527 0.522532045841217 0.044249530881643295 
0.9278099536895752 0.06825133413076401 0.003938667010515928 
0.9312419295310974 0.06477300077676773 0.003984978888183832 
0.44888031482696533 0.5210917592048645 0.030027853325009346 
0.8707891702651978 0.12005966901779175 0.009151117876172066 
0.44151556491851807 0.5340794920921326 0.024404948577284813 
0.7356178164482117 0.2548375129699707 0.009544726461172104 
0.06894654035568237 0.37990444898605347 0.5511490702629089 
0.9534878730773926 0.04298151284456253 0.003530602902173996 
0.8459141254425049 0.1496686339378357 0.004417208023369312 
0.7346189618110657 0.2526283860206604 0.012752584181725979 
0.704670786857605 0.27566778659820557 0.019661447033286095 
0.6014453172683716 0.3759479224681854 0.02260676398873329 
0.18509556353092194 0.7231077551841736 0.09179665148258209 
0.0033874723594635725 0.08439745754003525 0.9122151136398315 
0.8342122435569763 0.15901243686676025 0.006775360554456711 
0.4154847264289856 0.5642404556274414 0.020274868234992027 
0.5738241672515869 0.4046325981616974 0.02154322899878025 
0.7488709688186646 0.2412690967321396 0.009859850630164146 
0.9384392499923706 0.05844336375594139 0.0031174435280263424 
0.08619316667318344 0.6944933533668518 0.21931353211402893 
0.8198793530464172 0.1697668880224228 0.010353838093578815 
0.25871482491493225 0.6759480237960815 0.06533720344305038 
0.9245855212211609 0.07135508209466934 0.004059419501572847 
0.5725573301315308 0.4016980826854706 0.025744587182998657 
0.8774394392967224 0.11653061211109161 0.0060299234464764595 
0.0029875612817704678 0.07205121964216232 0.9249612092971802 
0.7032586336135864 0.2809422016143799 0.015799207612872124 
0.7238021492958069 0.2689051032066345 0.007292713969945908 
0.5293703675270081 0.454076886177063 0.01655277982354164 
0.4591895043849945 0.5161448121070862 0.02466571144759655 
0.8699758052825928 0.12210080772638321 0.007923414930701256 
0.9668776392936707 0.030366288498044014 0.0027560656890273094 
0.7673942446708679 0.22342802584171295 0.009177803993225098 
0.8084776997566223 0.18312233686447144 0.008399926126003265 
0.22888900339603424 0.6522216200828552 0.11888940632343292 
0.05992000177502632 0.7227497696876526 0.2173301726579666 
0.39876043796539307 0.5585314035415649 0.042708177119493484 
0.37936899065971375 0.5067518949508667 0.11387915909290314 
0.6071066856384277 0.37189844250679016 0.0209948793053627 
0.568198025226593 0.4063906967639923 0.025411294773221016 
0.0855308547616005 0.40035346150398254 0.5141156315803528 
0.3120020031929016 0.6130079030990601 0.07499013841152191 
0.29652416706085205 0.5843983888626099 0.11907747387886047 
0.8076543807983398 0.18404421210289001 0.00830130372196436 
0.7840170860290527 0.2029470056295395 0.013035877607762814 
0.7883037328720093 0.18937282264232635 0.022323397919535637 
0.8364167809486389 0.15325643122196198 0.010326840914785862 
0.657071590423584 0.3316243886947632 0.011304079554975033 
0.01818264089524746 0.5037219524383545 0.4780954122543335 
0.8673765063285828 0.12855350971221924 0.004069982096552849 
0.712420642375946 0.2743666470050812 0.013212691992521286 
0.08806231617927551 0.8785642385482788 0.033373355865478516 
0.3077082335948944 0.6559028029441833 0.036388952285051346 
0.0897950679063797 0.8147311806678772 0.09547378122806549 
0.7882753014564514 0.20229102671146393 0.009433726780116558 
0.841129720211029 0.15317493677139282 0.005695271771401167 
0.8477389812469482 0.14625412225723267 0.0060068704187870026 
0.5370999574661255 0.44420915842056274 0.0186909232288599 
0.1729382425546646 0.5055522918701172 0.3215094804763794 
0.47259268164634705 0.4685136675834656 0.05889368802309036 
0.7174489498138428 0.2648587226867676 0.017692411318421364 
0.8645641803741455 0.13008984923362732 0.005345959682017565 
0.4081858992576599 0.5225493311882019 0.06926477700471878 
0.7079451084136963 0.2788882255554199 0.01316671259701252 
0.8098220229148865 0.177761971950531 0.01241594459861517 
0.08250557631254196 0.824841320514679 0.09265311807394028 
0.005732658784836531 0.04194934666156769 0.9523179531097412 
0.4691014587879181 0.5023690462112427 0.028529468923807144 
0.4193536639213562 0.46232229471206665 0.11832398176193237 
