0.034181587
0.16586284
0.08619317
0.8744897
0.12539436
0.18053065
0.089200795
0.08828886
0.09438985
0.09545639
0.23067759
0.1651684
0.1738827
0.81847215
0.13772252
0.0936996
0.0078035374
0.5523737
0.14327417
0.5525462
0.11550218
0.090379216
0.13867581
0.4877494
0.26468265
0.13125418
0.09077451
0.13446054
0.09348376
0.3564957
0.3027349
0.11738428
0.92428994
0.92428994
0.09052873
0.25057694
0.10369271
0.70916706
0.91732836
0.13803445
0.1993193
0.051478043
0.77072656
0.49197766
0.5220086
0.8273081
0.6234343
0.37169325
0.48935336
0.08324824
0.48902193
0.74934536
0.12952477
0.47173876
0.19938554
0.5450993
0.12844554
0.08619317
0.05868467
0.8097527
0.27292675
0.19910668
0.22392155
0.107232094
0.33098572
0.2743443
0.13068828
0.13502005
0.13650739
0.30567756
0.13018708
0.18295316
0.11406303
0.19891688
0.09666354
0.09527622
0.39103928
0.14327417
0.15016727
0.47769517
0.01818264
0.19207434
0.118067645
0.16508593
0.09610231
0.755437
0.052166436
0.24729699
0.027752277
0.13473801
0.07955374
0.19042867
0.17634909
0.23591627
0.09969506
0.9180616
0.057410367
0.31492028
0.32100198
0.95159525
0.6798183
0.1278885
0.4762827
0.07316077
0.08619317
0.31044242
0.0078035374
0.45082715
0.23693234
0.55208206
0.123639196
0.8940517
0.9623439
0.17478442
0.2644545
0.23861957
0.14092642
0.12760428
0.17764711
0.08994175
0.0922436
0.087089546
0.006749229
0.14327417
0.26147217
0.2779132
0.121915326
0.11874277
0.24234705
0.8748108
0.063828975
0.47280443
0.48481286
0.57360035
0.1390618
0.19629605
0.19629605
0.19629605
0.19629605
0.19903143
0.075308874
0.017214246
0.02672032
0.05978478
0.8480161
0.57065433
0.19078119
0.007397326
0.07029419
0.08885656
0.08619317
0.16927715
0.0965436
0.76764697
0.00868158
0.12705165
0.12857507
0.14372839
0.10878554
0.11424412
0.11481858
0.10155145
0.21608685
0.05896503
0.14327417
0.7854714
0.32324094
0.10481791
0.21564665
0.08845322
0.116858326
0.06963481
0.01206806
0.6958946
0.17764652
0.20373146
0.67613244
0.5684812
0.0698963
0.061721075
0.07280869
0.34571776
0.29910526
0.11540033
0.023126246
0.082981214
0.10916446
0.83528644
0.11931555
0.4832732
0.90669703
0.01818264
0.9440263
0.03240974
0.08619317
0.5029672
0.6539713
0.89200073
0.1854356
0.25715557
0.027985232
0.8447116
0.0054226303
0.14327417
0.46276757
0.7380818
0.12105756
0.066095926
0.06905158
0.1744133
0.05521608
0.10400051
0.17779684
0.19925915
0.9126925
0.7812176
0.009300583
0.113615215
0.0078035374
0.31026503
0.15196495
0.16050439
0.106145635
0.4774927
0.26157087
0.12694828
0.08619317
0.4260044
0.014436437
0.17840217
0.27782935
0.09993497
0.17210026
0.17545958
0.0015929289
0.12010905
0.12944223
0.14327417
0.8519761
0.002114933
0.12234227
0.20972613
0.018245485
0.07660678
0.08337454
0.08493714
0.24524258
0.0078035374
0.09965703
0.128707
0.006000006
0.07467349
0.12286996
0.34985295
0.41849405
0.23000193
0.24079011
0.37303072
0.062758066
0.28866163
0.87877077
0.013089421
0.03751136
0.0013414406
0.40454033
0.86620677
0.08619317
0.22815093
0.18720548
0.05051058
0.16809148
0.16712625
0.1709938
0.20734003
0.046217848
0.2725144
0.15245216
0.12522557
0.7646936
0.14327417
0.74704754
0.7827001
0.6019357
0.8234568
0.4794525
0.04287375
0.27745804
0.42838544
0.10340279
0.7299613
0.87151444
0.69483733
0.58281285
0.37387916
0.04466996
0.594672
0.9490084
0.6269475
0.6701643
0.07638731
0.07526748
0.11062246
0.05782951
0.26886734
0.500547
0.16435286
0.92485267
0.014895195
0.025264248
0.22416331
0.7490845
0.9116498
0.3097679
0.91956276
0.72459644
0.7252382
0.54950064
0.08619317
0.15755281
0.17972207
0.26822257
0.12633331
0.1866128
0.36293143
0.10034592
0.09348376
0.123800114
0.10102215
0.20914152
0.11403032
0.10147886
0.14327417
0.51813304
0.41056702
0.1385344
0.09187508
0.12309723
0.08909433
0.2080704
0.53431183
0.0017550973
0.034103382
0.7123439
0.9193945
0.009236333
0.1016234
0.100957066
0.18883699
0.30182117
0.002707346
0.21375555
0.34590185
0.7483107
0.4018163
0.20137551
0.08619317
0.17045546
0.15887186
0.3264067
0.18144496
0.4143332
0.46766806
0.22506893
0.009559116
0.91225916
0.058850545
0.06672973
0.10821479
0.6718612
0.14327417
0.050175525
0.7627586
0.1839219
0.037292633
0.124865055
0.51092994
0.700711
0.7163498
0.7245114
0.7161973
0.65849894
0.36901054
0.7495955
0.19177927
0.94480085
0.823997
0.7328718
0.9296733
0.82936054
0.08631104
0.72671324
0.16002025
0.10903253
0.14871293
0.2762229
0.008168054
0.09667894
0.11039606
0.8800429
0.65713745
0.105728246
0.08619317
0.86431026
0.10429712
0.28867567
0.15631925
0.3505383
0.012586405
0.56894964
0.11663943
0.18104364
0.6248762
0.0049270056
0.0027262995
0.17266043
0.14327417
0.96556747
0.8883322
0.02833593
0.041706573
0.034666643
0.13664094
0.12303749
0.49972597
0.24915653
0.68454987
0.32511723
0.0031286494
0.0025028496
0.0025028496
0.6522185
0.6934608
0.22736084
0.21035296
0.07074027
0.1711989
0.0078035374
0.55129796
0.0031286494
0.0031286494
0.0031286494
0.9417456
0.93567175
0.012085353
0.46341443
0.14903672
0.14140981
0.31645608
0.09495549
0.90291375
0.005703848
0.10528681
0.050671183
0.78322685
0.9418202
0.08619317
0.09410542
0.016211886
0.0019049433
0.20094009
0.34986198
0.14327417
0.14497472
0.3688824
0.011742258
0.056254156
0.55761254
0.45652878
0.6660921
0.23981838
0.4922949
0.03145689
0.12122891
0.007788834
0.5113586
0.6563899
0.057478968
0.6313283
0.06524246
0.02070692
0.008639722
0.08619317
0.06642388
0.2000074
0.1832051
0.16956726
0.74511784
0.88448745
0.2919087
0.07431632
0.585122
0.043720614
0.14327417
0.47314835
0.6584834
0.5952429
0.60034746
0.14812991
0.10535033
0.14143258
0.27822182
0.2831444
0.11005436
0.10481898
0.18099502
0.11277073
0.26708552
0.9144366
0.08077634
0.17413983
0.84790695
0.215788
0.028781451
0.7986911
0.19185725
0.051751774
0.08619317
0.13531965
0.09268998
0.19277914
0.21070759
0.1741409
0.09923395
0.099655546
0.20402431
0.12589203
0.17876735
0.084162526
0.8834251
0.36930308
0.49437952
0.7085879
0.14327417
0.1741409
0.76002413
0.39759403
0.8152275
0.041429996
0.48105797
0.8573384
0.7188081
0.69546825
0.50297236
0.50001895
0.13651565
0.46864596
0.0023878498
0.7013494
0.030451199
0.08619317
0.11483336
0.07346482
0.01818264
0.033675846
0.21706186
0.24855627
0.5471549
0.40602964
0.56308216
0.07687697
0.5926216
0.5101643
0.87415004
0.1393703
0.34930038
0.07651687
0.01392784
0.13923708
0.8684521
0.7474249
0.3799963
0.09999478
0.27314034
0.75020665
0.8275768
0.01361381
0.54460573
0.3585014
0.13992311
0.073424205
0.061681144
0.08619317
0.33097336
0.057071373
0.036390435
0.5701494
0.88829607
0.8746082
0.2921759
0.30786628
0.8817154
0.22094354
0.83118063
0.15053079
0.9512494
0.18511996
0.18916266
0.87558293
0.0025924647
0.073213644
0.17464894
0.123636276
0.2749682
0.60334325
0.059520252
0.15210706
0.08619317
0.9005351
0.014911326
0.7379694
0.36868
0.3425986
0.3425986
0.2398131
0.023989432
0.5550845
0.10745339
0.5566826
0.8773544
0.083258696
0.5263231
0.9137687
0.22508742
0.5707376
0.042008013
0.13211429
0.6767612
0.04904849
0.08619317
0.09685588
0.020551715
0.30532992
0.64747745
0.027461868
0.12358905
0.72222155
0.031644545
0.6611587
0.9105378
0.8262884
0.31496674
0.0024501623
0.04943653
0.18967506
0.80578166
0.9002651
0.019422827
0.018454727
0.73837155
0.038262304
0.044418767
0.007906087
0.33600518
0.33175492
0.115865864
0.08619317
0.63555133
0.11015784
0.19295365
0.41921487
0.80551064
0.80551064
0.766131
0.8330031
0.084689684
0.0020456975
0.85665655
0.11681904
0.26525658
0.41386813
0.9450402
0.005822045
0.9009271
0.962169
0.0073347734
0.40320247
0.028794924
0.008625228
0.72931343
0.1542939
0.018088428
0.04034816
0.4909074
0.023595413
0.2654424
0.092487134
0.7342499
0.93469185
0.06956953
0.94494283
0.60223335
0.19571485
0.26069647
0.26069647
0.07347039
0.018099573
0.9251855
0.9622158
0.045640446
0.72876465
0.0067901323
0.21229927
0.6769209
0.9564456
0.5414299
0.52124244
0.70966023
0.14804994
0.94448066
0.36857888
0.47235543
0.96149164
0.050311204
0.0015341477
0.42223045
0.6904029
0.7371429
0.5774143
0.014442317
0.044361327
0.28908694
0.09808022
0.08619317
0.0231247
0.21475601
0.9075105
0.8177
0.00088488695
0.21696372
0.026918944
0.004533043
0.00094311975
0.002434764
0.42301944
0.95163715
0.91328424
0.6881543
0.027568366
0.87307507
0.95630443
0.27847037
0.096513934
0.005477822
0.2848539
0.020398244
0.0009602238
0.19477868
0.001172837
0.79071784
0.0050551756
0.8483919
0.5361643
0.06050992
0.11578293
0.8028079
0.824493
0.08619317
0.008243936
0.34430295
0.016078189
0.83296144
0.952722
0.004987801
0.0062563363
0.0062563363
0.93801856
0.3208664
0.9578007
0.6640142
0.57026356
0.0009853748
0.25239164
0.18368274
0.005793162
0.7401668
0.05224829
0.20049699
0.006176581
0.9630603
0.046770588
0.0013868323
0.57908297
0.020621026
0.009373291
0.13896635
0.029493026
0.010057209
0.0014530296
0.011472365
0.043429527
0.008182628
0.123891264
0.008827447
0.018170921
0.0072572744
0.001073061
0.001073061
0.20598982
0.0813748
0.85544235
0.8562446
0.56982476
0.2787453
0.44737163
0.56589866
0.66832316
0.08619317
0.37161878
0.2667823
0.11518873
0.50866526
0.66326356
0.25230396
0.42212257
0.02840972
0.7280945
0.021187931
0.005052892
0.853069
0.0013797865
0.3967298
0.43456712
0.026726615
0.8023347
0.419503
0.043521665
0.029765174
0.67321104
0.5281846
0.13284644
0.015409947
0.868006
0.34148204
0.082216956
0.13972378
0.13284644
0.08619317
0.012513638
0.099508286
0.09863721
0.0071238787
0.5685554
0.3539762
0.82996374
0.5640663
0.09499865
0.8483507
0.81918347
0.22934869
0.0031806044
0.016809914
0.005427717
0.082216956
0.4942548
0.04905887
0.919324
0.9019263
0.8958745
0.21402833
0.1734709
0.8958745
0.8818151
0.880212
0.5215
0.41154978
0.8338952
0.61033237
0.23263359
0.08436904
0.15049486
0.08619317
0.4903752
0.6425746
0.040131588
0.46018583
0.8872412
0.5172727
0.54153824
0.49957025
0.21410887
0.9083709
0.5977201
0.001073061
0.001073061
0.89292973
0.23145851
0.34280735
0.19264069
0.03591369
0.97096324
0.7937309
0.871033
0.22826777
0.3994267
0.22282763
0.59910494
0.9394702
0.08619317
0.018473849
0.5810266
0.33478433
0.6180229
0.56197584
0.9349823
0.6170645
0.012245269
0.6797964
0.4947811
0.3247745
0.0038945125
0.26623756
0.14486702
0.1670898
0.8466347
0.52275115
0.004145375
0.05037836
0.060779043
0.644841
0.010416608
0.028683687
0.8010748
0.8010748
0.86408126
0.08619317
0.030618032
0.01818264
0.030482367
0.08312321
0.5291579
0.4332184
0.92780995
0.9312419
0.4488803
0.8707892
0.44151556
0.7356178
0.06894654
0.9534879
0.8459141
0.73461896
0.7046708
0.6014453
0.18509556
0.0033874724
0.83421224
0.41548473
0.57382417
0.74887097
0.93843925
0.08619317
0.81987935
0.25871482
0.9245855
0.57255733
0.87743944
0.0029875613
0.70325863
0.72380215
0.52937037
0.4591895
0.8699758
0.96687764
0.76739424
0.8084777
0.228889
0.05992
0.39876044
0.379369
0.6071067
0.568198
0.085530855
0.312002
0.29652417
0.8076544
0.7840171
0.78830373
0.8364168
0.6570716
0.01818264
0.8673765
0.71242064
0.088062316
0.30770823
0.08979507
0.7882753
0.8411297
0.847739
0.53709996
0.17293824
0.47259268
0.71744895
0.8645642
0.4081859
0.7079451
0.809822
0.08250558
0.005732659
0.46910146
0.41935366
