0.43595785
0.7810985
0.69449335
0.11937477
0.82517034
0.7712795
0.8603926
0.861053
0.855546
0.8487896
0.46801007
0.77808404
0.7824224
0.16950378
0.8017129
0.8561239
0.31945482
0.4333233
0.78547907
0.4250613
0.84003913
0.84454554
0.8078249
0.49462187
0.69905883
0.8196297
0.8415526
0.82913655
0.82662046
0.5949398
0.65820485
0.8341125
0.07235069
0.07235069
0.86124533
0.70814973
0.8400752
0.28017864
0.07765637
0.81182927
0.764306
0.6618781
0.21583676
0.44840637
0.44256303
0.16445993
0.36124623
0.58881444
0.48526433
0.65588033
0.4421944
0.2395445
0.8218445
0.49736512
0.74707884
0.43188527
0.82882404
0.69449335
0.7365345
0.1817793
0.6777379
0.74765855
0.730485
0.8251856
0.63193756
0.67963094
0.82489306
0.8174696
0.81672996
0.61875296
0.8240462
0.7689395
0.8328097
0.75882804
0.84900874
0.84997284
0.56972057
0.78547907
0.7990711
0.4900859
0.50372195
0.5593442
0.8341002
0.7889279
0.84492123
0.23283215
0.901697
0.71029145
0.542182
0.8237614
0.55353117
0.76184905
0.78434265
0.7366756
0.60695696
0.07861923
0.8632988
0.6043228
0.6323433
0.04577798
0.30170658
0.80855656
0.46285683
0.8510143
0.69449335
0.64780825
0.31945482
0.5111972
0.7223533
0.41269886
0.83067524
0.09844318
0.03500206
0.792672
0.6888027
0.7158657
0.8107894
0.8201246
0.7744654
0.85988516
0.8547645
0.85185146
0.25507605
0.78547907
0.71325773
0.6870655
0.8328323
0.8300018
0.71809965
0.117098175
0.8314149
0.51137537
0.4865112
0.40181854
0.8060486
0.7372698
0.7372698
0.7372698
0.7372698
0.737523
0.59208107
0.33643162
0.45579037
0.26781946
0.1435474
0.35212725
0.75362957
0.20768993
0.8723259
0.85427386
0.69449335
0.6771892
0.8452974
0.22144516
0.28793332
0.8233729
0.7991305
0.8231769
0.8221833
0.83072746
0.8315695
0.8650613
0.7012461
0.8340634
0.78547907
0.19799478
0.6418926
0.70170856
0.75084
0.8207644
0.82440966
0.8526924
0.10595629
0.2875294
0.724988
0.7476654
0.30691585
0.4031338
0.8720116
0.879367
0.8701873
0.6084398
0.666916
0.8320255
0.55436176
0.869537
0.80735165
0.15595631
0.81911623
0.46402735
0.08674029
0.50372195
0.053016733
0.43512583
0.69449335
0.41855216
0.31440464
0.10226869
0.65535396
0.6917868
0.70144767
0.14415398
0.39935005
0.78547907
0.493003
0.24558052
0.7917251
0.81256086
0.7125545
0.77212197
0.89815307
0.8017141
0.7632841
0.7280995
0.083139546
0.20895587
0.33256304
0.7587967
0.31945482
0.5990745
0.7316286
0.7936751
0.84429884
0.50612074
0.69450647
0.82635814
0.69449335
0.5101872
0.49538466
0.74889845
0.67539126
0.8518975
0.7881092
0.77496
0.02998347
0.8353932
0.81507385
0.78547907
0.13884501
0.035273828
0.8205151
0.74006593
0.35271522
0.8727718
0.8690704
0.8664326
0.6897511
0.31945482
0.76367986
0.82496184
0.21317326
0.41550288
0.8327866
0.6085014
0.5486986
0.71329916
0.70313114
0.57505614
0.80833113
0.65719193
0.11630853
0.29611674
0.46367204
0.036732487
0.57421905
0.12767316
0.69449335
0.7258579
0.7691766
0.65654016
0.78505164
0.77029735
0.7744526
0.7447508
0.86112756
0.5435886
0.80487853
0.8270392
0.22159125
0.78547907
0.22919284
0.20381518
0.37078753
0.15823345
0.49103814
0.76297426
0.6954349
0.54986495
0.82109463
0.26102617
0.12159735
0.28595486
0.38147038
0.60723853
0.46485335
0.3613909
0.047530446
0.35030505
0.3005139
0.8727745
0.8739444
0.832237
0.84322226
0.68495697
0.46647763
0.78114086
0.07088466
0.55165666
0.8508023
0.39752397
0.23279649
0.082795545
0.59071606
0.07593782
0.26275244
0.25574282
0.4238659
0.69449335
0.7777392
0.7567577
0.6991547
0.7802295
0.75976604
0.59894013
0.79907984
0.82662046
0.81958
0.8538359
0.7386833
0.8424153
0.8464656
0.78547907
0.45382327
0.51039785
0.80780065
0.7832114
0.27279416
0.84983146
0.77041024
0.42364216
0.06559414
0.44790378
0.27795282
0.074048236
0.32119593
0.8394781
0.8431923
0.7604821
0.64546776
0.12107063
0.63154024
0.579813
0.22667445
0.5344668
0.7612207
0.69449335
0.7876758
0.76641184
0.60344595
0.76107645
0.546251
0.49895474
0.72169954
0.25516114
0.08348738
0.84911555
0.85576105
0.8454211
0.3056713
0.78547907
0.61474144
0.22295322
0.77014196
0.6466293
0.82864213
0.43630245
0.2823997
0.2678074
0.26088497
0.26828417
0.31792495
0.57680136
0.23773062
0.77391803
0.04886927
0.16758873
0.2510991
0.06687333
0.16596769
0.84591866
0.25502646
0.784924
0.8349929
0.7981728
0.6773652
0.20112799
0.8576374
0.8392642
0.111098744
0.3269511
0.85341
0.69449335
0.12719385
0.8470838
0.65964675
0.79126793
0.6031455
0.26208287
0.4134306
0.8112378
0.75754833
0.3590752
0.22437763
0.08415206
0.7819191
0.78547907
0.031629633
0.10315253
0.48381826
0.87193805
0.48030466
0.75186557
0.82755375
0.4368423
0.68713033
0.30345345
0.64513344
0.13262215
0.11330556
0.11330556
0.33751276
0.29268262
0.72926867
0.72823143
0.8207433
0.78645957
0.31945482
0.435594
0.13262215
0.13262215
0.13262215
0.054681666
0.061550725
0.42949125
0.47702703
0.8046009
0.7966801
0.6107755
0.84809184
0.09295467
0.4625024
0.6616358
0.2808873
0.20273064
0.05514802
0.69449335
0.548709
0.32965222
0.060854997
0.74122983
0.58986497
0.78547907
0.7654379
0.60967356
0.28190097
0.67525977
0.4027058
0.4957079
0.32139492
0.72253484
0.4879211
0.4108912
0.82806784
0.42467523
0.44342607
0.32955775
0.79348934
0.34961605
0.81407
0.71997046
0.8074317
0.69449335
0.8274288
0.7562415
0.76512516
0.6938429
0.23590843
0.10774429
0.5745113
0.7324692
0.37875667
0.67954177
0.78547907
0.50076455
0.31441653
0.3743017
0.3693024
0.80525917
0.8324265
0.55233425
0.6751943
0.65354216
0.8397201
0.84509194
0.77080643
0.84237266
0.695373
0.079176374
0.6297801
0.748096
0.14423032
0.68009764
0.25507605
0.18584745
0.76432544
0.7092347
0.69449335
0.8195497
0.8534146
0.7504711
0.739223
0.797047
0.8417626
0.8117217
0.69504195
0.8257585
0.77016884
0.8077133
0.10960789
0.5847963
0.47562233
0.28209734
0.78547907
0.797047
0.2233163
0.5736503
0.1773799
0.8551559
0.4764356
0.13556997
0.27233237
0.2920936
0.46856448
0.4832222
0.7872354
0.4852916
0.22751676
0.2836685
0.69092655
0.69449335
0.7840532
0.8802606
0.50372195
0.7991097
0.6392159
0.7008621
0.42243057
0.54388285
0.41143614
0.7496571
0.3904816
0.42268124
0.12012353
0.6686807
0.60933596
0.8520982
0.8370886
0.8039643
0.12529261
0.24263094
0.52473956
0.80044895
0.7019556
0.23930192
0.16537613
0.3765862
0.43179083
0.5485946
0.604046
0.79572535
0.6765086
0.69449335
0.58900505
0.7104748
0.8088615
0.41581902
0.10522859
0.120231174
0.6619256
0.65892327
0.11321449
0.6835717
0.16123575
0.78708535
0.046004668
0.7073182
0.66546804
0.11733003
0.17070504
0.6475218
0.50903416
0.69068104
0.6589339
0.38180098
0.4983005
0.716489
0.69449335
0.09192464
0.699737
0.24343158
0.57304114
0.61912525
0.61912525
0.7344047
0.74478084
0.3754017
0.70742124
0.42310622
0.11686715
0.74405456
0.41804853
0.0823307
0.6724929
0.39494824
0.8659209
0.6314927
0.30255184
0.73186135
0.69449335
0.8713939
0.57286507
0.650892
0.32018086
0.41052127
0.66467744
0.24785542
0.8542402
0.32501963
0.082337484
0.16274676
0.6317174
0.17044555
0.6144025
0.7734294
0.18800336
0.09594601
0.58888334
0.35243607
0.25021914
0.42462924
0.4677176
0.21970567
0.6218044
0.6251987
0.830355
0.69449335
0.29937285
0.8611402
0.7589836
0.5399076
0.18552244
0.18552244
0.21399954
0.16083552
0.87831765
0.0784279
0.13807683
0.7893136
0.6507108
0.5478277
0.051118594
0.11550458
0.094163105
0.03544069
0.5069469
0.57460046
0.28564996
0.29965463
0.25798815
0.7492216
0.9325446
0.606809
0.4609547
0.25303575
0.6715198
0.70368457
0.25558257
0.062717766
0.7007299
0.052296784
0.3735486
0.6446302
0.68067735
0.68067735
0.84754974
0.18634044
0.06994374
0.035127405
0.518282
0.2608308
0.06891312
0.57543534
0.31390363
0.04067485
0.39453003
0.46256062
0.27889144
0.6602158
0.05091
0.59598887
0.49781623
0.035469905
0.4539217
0.08819518
0.54468215
0.28460467
0.25006062
0.40333602
0.43264997
0.3330135
0.67876166
0.6491762
0.69449335
0.7749189
0.7078555
0.08643643
0.16633314
0.020236267
0.6282878
0.4149219
0.31538296
0.025884561
0.07064109
0.5518013
0.04491633
0.08102021
0.29756323
0.7327011
0.11500607
0.041047636
0.637726
0.8558272
0.32766485
0.6878291
0.67741823
0.015760304
0.60566187
0.030961633
0.19987664
0.32612354
0.14191483
0.43203434
0.5571818
0.6964893
0.1866676
0.1676329
0.69449335
0.41681388
0.6347526
0.41409943
0.1505561
0.043854956
0.21247019
0.3754861
0.3754861
0.05862307
0.6465142
0.03946388
0.31835017
0.41165134
0.04801925
0.707612
0.6153594
0.32835457
0.25198758
0.48803425
0.66347235
0.37086633
0.034700356
0.8832599
0.05869254
0.40398547
0.5542571
0.44766402
0.7969461
0.39893204
0.51693946
0.052289184
0.6153268
0.7942444
0.47164434
0.6874485
0.46367234
0.55811834
0.44259462
0.01222837
0.01222837
0.73134553
0.45421925
0.13820808
0.13841937
0.39879122
0.69710827
0.5142844
0.39683396
0.31766284
0.69449335
0.58967465
0.6801398
0.84072053
0.36635417
0.3239076
0.65853256
0.5507593
0.6089848
0.26296455
0.2009836
0.03840921
0.13363995
0.03221404
0.57749
0.5239519
0.7248599
0.19043303
0.54565877
0.63524497
0.83434325
0.31113008
0.439154
0.62143546
0.30006132
0.12533756
0.6205366
0.5899809
0.8105516
0.62143546
0.69449335
0.30326915
0.8100876
0.8111637
0.30475652
0.39482978
0.59578717
0.16532551
0.39146793
0.7268771
0.1461552
0.17431368
0.6946667
0.11600528
0.78890306
0.16315198
0.5899809
0.48622483
0.21539381
0.07618893
0.09264208
0.098408066
0.61490947
0.79461926
0.098408066
0.11168714
0.113707624
0.46264917
0.57012546
0.15468463
0.36895898
0.69928247
0.8319209
0.7557376
0.69449335
0.47437358
0.3359237
0.77124274
0.5063684
0.10657171
0.46153387
0.43319142
0.44500616
0.4623476
0.086421885
0.36462724
0.01222837
0.01222837
0.10089874
0.5997084
0.6303748
0.76716286
0.52723706
0.026620748
0.19565693
0.12427031
0.7141315
0.50125486
0.65061027
0.3705671
0.056261886
0.69449335
0.5383942
0.38634297
0.60791296
0.358451
0.42108998
0.059423257
0.3547093
0.46805957
0.29644623
0.48722717
0.63884294
0.057680108
0.6895138
0.7440246
0.6925517
0.1472995
0.43590677
0.053992085
0.89982784
0.6811405
0.33267063
0.052045256
0.7171479
0.19026615
0.19026615
0.1271159
0.69449335
0.8407306
0.50372195
0.6811295
0.8802522
0.43936488
0.52253205
0.068251334
0.064773
0.52109176
0.12005967
0.5340795
0.2548375
0.37990445
0.042981513
0.14966863
0.2526284
0.2756678
0.37594792
0.72310776
0.08439746
0.15901244
0.56424046
0.4046326
0.2412691
0.058443364
0.69449335
0.16976689
0.675948
0.07135508
0.40169808
0.11653061
0.07205122
0.2809422
0.2689051
0.4540769
0.5161448
0.12210081
0.030366288
0.22342803
0.18312234
0.6522216
0.72274977
0.5585314
0.5067519
0.37189844
0.4063907
0.40035346
0.6130079
0.5843984
0.18404421
0.202947
0.18937282
0.15325643
0.3316244
0.50372195
0.12855351
0.27436665
0.87856424
0.6559028
0.8147312
0.20229103
0.15317494
0.14625412
0.44420916
0.5055523
0.46851367
0.26485872
0.13008985
0.52254933
0.27888823
0.17776197
0.8248413
0.041949347
0.50236905
0.4623223
