0.5298606
0.053038683
0.21931353
0.006135617
0.04943534
0.048189823
0.050406694
0.050658148
0.050064195
0.05575402
0.30131236
0.056747645
0.043694902
0.012024063
0.060564566
0.05017647
0.67274165
0.014303019
0.07124672
0.022392582
0.044458635
0.06507519
0.05349934
0.017628785
0.03625855
0.049116068
0.06767288
0.036402993
0.07989579
0.048564427
0.039060213
0.048503146
0.0033594114
0.0033594114
0.048225928
0.041273303
0.056232065
0.010654339
0.0050153015
0.05013632
0.036374725
0.28664383
0.013436653
0.059615955
0.035428442
0.008231919
0.015319393
0.03949228
0.025382312
0.2608714
0.06878363
0.01111024
0.04863067
0.030896176
0.053535633
0.02301542
0.042730354
0.21931353
0.2047808
0.008467962
0.049335312
0.05323468
0.045593385
0.06758227
0.03707674
0.04602478
0.0444187
0.04751035
0.04676269
0.07556952
0.045766734
0.048107337
0.05312727
0.0422551
0.054327667
0.054750975
0.039240062
0.07124672
0.050761703
0.032218948
0.4780954
0.24858144
0.04783224
0.045986123
0.058976434
0.011730805
0.046136577
0.042411596
0.4300657
0.04150058
0.36691514
0.047722295
0.039308265
0.027408065
0.29334795
0.0033190898
0.079290874
0.08075689
0.046654746
0.0026268258
0.018475138
0.06355491
0.0608605
0.07582497
0.21931353
0.041749306
0.67274165
0.037975606
0.040714357
0.03521905
0.045685515
0.007505152
0.0026540556
0.032543637
0.04674282
0.045514755
0.04828422
0.052270997
0.04788746
0.050173018
0.05299186
0.061059088
0.7381747
0.07124672
0.025270103
0.03502128
0.045252394
0.05125547
0.039553285
0.008091047
0.10475616
0.015820133
0.028676005
0.024581088
0.05488972
0.06643409
0.06643409
0.06643409
0.06643409
0.06344556
0.33261007
0.64635414
0.5174893
0.67239577
0.008436601
0.07721843
0.0555893
0.7849128
0.05737985
0.056869525
0.21931353
0.15353365
0.058158945
0.010907892
0.7033851
0.04957543
0.07229444
0.03309475
0.06903112
0.05502847
0.053611957
0.033387266
0.0826671
0.10697156
0.07124672
0.01653388
0.03486647
0.19347347
0.033513334
0.090782344
0.05873201
0.07767277
0.88197565
0.016575977
0.09736551
0.048603076
0.016951773
0.02838501
0.058092017
0.058911983
0.05700401
0.045842484
0.033978734
0.05257405
0.42251197
0.047481786
0.08348391
0.008757191
0.06156818
0.052699436
0.006562572
0.4780954
0.0029569687
0.5324644
0.21931353
0.07848065
0.031623997
0.0057305573
0.1592104
0.051057618
0.27056712
0.0111343805
0.5952273
0.07124672
0.044229448
0.016337693
0.08721728
0.121343195
0.21839388
0.053464726
0.046630908
0.0942854
0.05891908
0.072641306
0.004167972
0.009826546
0.6581363
0.12758805
0.67274165
0.090660535
0.116406396
0.04582055
0.049555518
0.016386533
0.04392268
0.04669357
0.21931353
0.06380835
0.4901789
0.0726993
0.04677937
0.04816754
0.039790493
0.049580444
0.9684236
0.04449778
0.055483986
0.07124672
0.009178866
0.9626112
0.057142682
0.050207976
0.6290392
0.050621312
0.047555048
0.04863019
0.06500628
0.67274165
0.13666312
0.046331078
0.7808268
0.5098237
0.044343334
0.041645728
0.032807343
0.056698933
0.05607879
0.051913135
0.12891077
0.05414646
0.004920629
0.6907938
0.49881655
0.96192604
0.021240694
0.0061200247
0.21931353
0.04599108
0.0436179
0.29294935
0.046856932
0.06257643
0.05455355
0.047909208
0.09265456
0.18389706
0.042669248
0.047735285
0.013715202
0.07124672
0.023759581
0.013484732
0.027276814
0.018309755
0.029509319
0.19415207
0.027107075
0.0217496
0.07550267
0.009012516
0.0068881675
0.019207783
0.03571681
0.018882321
0.4904767
0.043937065
0.0034611188
0.022747423
0.029321834
0.05083828
0.05078811
0.057140477
0.09894824
0.046175655
0.032975424
0.05450622
0.0042626574
0.43344808
0.12393346
0.3783128
0.018119063
0.0055545503
0.099516064
0.0044994783
0.012651106
0.019018894
0.026633423
0.21931353
0.06470799
0.06352024
0.032622807
0.09343716
0.05362112
0.03812847
0.1005743
0.07989579
0.056619875
0.045141935
0.052175228
0.043554343
0.05205552
0.07124672
0.028043738
0.07903508
0.053664982
0.12491346
0.60410863
0.06107421
0.021519301
0.042046033
0.93265074
0.51799285
0.009703359
0.0065573263
0.6695677
0.058898527
0.055850755
0.050680872
0.05271105
0.876222
0.15470423
0.074285224
0.025014821
0.063716926
0.037403863
0.21931353
0.041868772
0.07471633
0.070147336
0.057478614
0.039415766
0.033377267
0.053231563
0.73527974
0.0042533935
0.092033885
0.07750926
0.04636403
0.022467539
0.07124672
0.33508304
0.014288174
0.04593621
0.31607807
0.046492785
0.052767597
0.016889235
0.015842868
0.014603582
0.015518497
0.023576131
0.054188132
0.012673803
0.034302745
0.006329871
0.0084142005
0.016029144
0.0034533006
0.0046718
0.06777037
0.018260274
0.055055756
0.05597459
0.053114347
0.0464119
0.79070395
0.045683704
0.05033973
0.008858382
0.015911479
0.040861733
0.21931353
0.008495909
0.048619114
0.051677648
0.052412808
0.04631616
0.7253307
0.017619776
0.07212281
0.06140796
0.016048644
0.7706954
0.9131216
0.045420423
0.07124672
0.0028029624
0.0085153505
0.4878458
0.086355455
0.48502868
0.11149342
0.04940873
0.06343182
0.0637131
0.011996672
0.02974932
0.86424917
0.8841915
0.8841915
0.010268761
0.013856596
0.043370515
0.06141559
0.108516455
0.04234152
0.67274165
0.013108031
0.86424917
0.86424917
0.86424917
0.0035726822
0.0027775168
0.5584234
0.05955856
0.046362404
0.061910126
0.07276844
0.056952734
0.0041316473
0.53179383
0.23307733
0.66844153
0.014042411
0.0030317593
0.21931353
0.35718566
0.6541358
0.93724006
0.05783005
0.060273044
0.07124672
0.08958738
0.021444079
0.70635676
0.26848614
0.039681684
0.0477633
0.01251302
0.037646815
0.019784017
0.5576519
0.05070325
0.56753594
0.045215312
0.014052451
0.14903168
0.019055665
0.12068755
0.25932255
0.18392867
0.21931353
0.10614731
0.04375112
0.051669717
0.13658978
0.018973721
0.0077681984
0.13357998
0.19321443
0.036121372
0.27673763
0.07124672
0.026087113
0.027100103
0.03045537
0.030350115
0.04661096
0.062223233
0.3062332
0.046583854
0.063313425
0.05022556
0.050089158
0.048198517
0.044856623
0.037541457
0.0063870903
0.2894435
0.07776423
0.007862668
0.104114346
0.7161425
0.015461516
0.0438172
0.2390135
0.21931353
0.045130722
0.053895425
0.056749783
0.05006939
0.028812071
0.05900337
0.08862279
0.10093378
0.048349462
0.051063802
0.10812416
0.0069670533
0.04590068
0.029998189
0.009314726
0.07124672
0.028812071
0.016659616
0.028755736
0.007392562
0.103414156
0.04250647
0.007091603
0.008859494
0.012438184
0.028463198
0.01675887
0.07624891
0.0460624
0.7700954
0.014982109
0.2786222
0.21931353
0.10111338
0.046274576
0.4780954
0.16721447
0.14372228
0.050581638
0.030414522
0.050087493
0.025481742
0.17346592
0.016896764
0.067154445
0.005726335
0.19194897
0.041363616
0.071384884
0.14898357
0.05679864
0.006255339
0.0099441465
0.09526416
0.09955629
0.02490408
0.010491443
0.0070471396
0.6098
0.023603477
0.09290408
0.25603095
0.13085045
0.2618103
0.21931353
0.08002157
0.23245384
0.15474805
0.014031553
0.0064753513
0.005160661
0.045898486
0.03321042
0.005070103
0.095484726
0.0075836414
0.06238379
0.0027459096
0.107561804
0.14536932
0.007087055
0.8267025
0.27926454
0.3163169
0.18568264
0.06609784
0.014855688
0.44217926
0.13140391
0.21931353
0.007540235
0.2853517
0.018599054
0.058278892
0.038276166
0.038276166
0.025782265
0.23122965
0.06951374
0.18512544
0.020211192
0.0057785427
0.17268677
0.055628393
0.003900572
0.1024196
0.034314185
0.09207102
0.236393
0.020687014
0.21909018
0.21931353
0.03175018
0.40658316
0.0437781
0.03234164
0.5620169
0.21173355
0.029922977
0.114115275
0.013821688
0.007124741
0.010964905
0.053315826
0.8271043
0.33616093
0.036895536
0.0062149526
0.0037889166
0.39169386
0.62910926
0.011409324
0.5371084
0.48786366
0.7723882
0.042190418
0.04304629
0.05377912
0.21931353
0.06507587
0.028702017
0.048062775
0.040877514
0.008966974
0.008966974
0.01986949
0.0061614052
0.03699268
0.91952646
0.005266641
0.09386729
0.084032565
0.03830417
0.003841147
0.8786734
0.004909765
0.0023903318
0.4857183
0.022197125
0.68555516
0.6917202
0.012698429
0.09648452
0.049366917
0.35284284
0.048137803
0.7233688
0.06303778
0.20382836
0.010167616
0.0025904325
0.22970057
0.0027603672
0.02421807
0.15965499
0.05862615
0.05862615
0.078979924
0.79556
0.004870726
0.002656754
0.43607754
0.010404567
0.9242968
0.21226536
0.009175467
0.0028796522
0.06404009
0.016196907
0.011448327
0.1917342
0.00460931
0.035432205
0.029828351
0.003038372
0.49576715
0.91027063
0.033087436
0.024992421
0.012796551
0.019249672
0.55290776
0.6226252
0.032151487
0.25274354
0.21931353
0.2019564
0.07738857
0.006053065
0.015966784
0.97887886
0.15474845
0.5581591
0.680084
0.9731723
0.92692417
0.025179263
0.0034465238
0.0056954767
0.01428252
0.2397305
0.011918905
0.0026478493
0.083803624
0.047658835
0.6668573
0.027317034
0.30218348
0.98327947
0.19955952
0.9678656
0.00940547
0.6688213
0.00969332
0.031801373
0.38230833
0.18772778
0.010524454
0.007874073
0.21931353
0.5749422
0.020944467
0.56982243
0.016482502
0.0034229925
0.78254205
0.6182576
0.6182576
0.0033583997
0.03261941
0.002735467
0.017635563
0.018085118
0.95099545
0.03999634
0.20095776
0.66585225
0.007845683
0.4597174
0.13603069
0.6229571
0.0022392327
0.0699695
0.9399206
0.01693159
0.4251219
0.54296273
0.06408751
0.571575
0.47300333
0.94625777
0.37320083
0.16232604
0.520173
0.18866026
0.5275002
0.42371073
0.5501481
0.9866985
0.9866985
0.06266469
0.46440598
0.006349588
0.0053360793
0.031383984
0.024146345
0.03834395
0.037267424
0.014014005
0.21931353
0.03870652
0.05307796
0.044090744
0.1249806
0.012828775
0.08916348
0.027118044
0.36260542
0.0089409
0.7778285
0.9565379
0.013291084
0.9664061
0.025780253
0.04148102
0.24841343
0.007232274
0.0348382
0.3212334
0.13589159
0.015658896
0.032661367
0.2457181
0.6845287
0.006656448
0.037981372
0.32780212
0.049724646
0.2457181
0.21931353
0.68421715
0.09040412
0.09019908
0.6881196
0.0366148
0.050236654
0.004710668
0.04446573
0.17812426
0.0054940945
0.0065029105
0.075984605
0.88081414
0.19428709
0.83142024
0.32780212
0.019520327
0.7355473
0.0044870935
0.0054315487
0.0057173325
0.17106222
0.031909857
0.0057173325
0.0064978376
0.0060803094
0.01585089
0.018324714
0.011420203
0.020708626
0.06808387
0.08371011
0.093767546
0.21931353
0.0352513
0.021501638
0.18862566
0.033445742
0.006187075
0.021193415
0.025270272
0.05542358
0.32354358
0.0052072243
0.037652604
0.9866985
0.9866985
0.0061715264
0.16883314
0.026817834
0.040196516
0.43684924
0.0024159967
0.01061211
0.0046966723
0.057600684
0.09931841
0.12656203
0.03032793
0.0042679473
0.21931353
0.44313192
0.032630444
0.057302747
0.023526032
0.016934246
0.0055944263
0.028226284
0.5196951
0.023757372
0.017991675
0.03638263
0.93842536
0.04424854
0.1111084
0.14035855
0.006065765
0.04134208
0.9418625
0.049793873
0.25808048
0.022488326
0.9375382
0.2541684
0.00865905
0.00865905
0.008802842
0.21931353
0.12865137
0.4780954
0.28838804
0.03662455
0.031477235
0.04424953
0.003938667
0.003984979
0.030027853
0.009151118
0.024404949
0.009544726
0.5511491
0.003530603
0.004417208
0.012752584
0.019661447
0.022606764
0.09179665
0.9122151
0.0067753606
0.020274868
0.021543229
0.009859851
0.0031174435
0.21931353
0.010353838
0.0653372
0.0040594195
0.025744587
0.0060299234
0.9249612
0.015799208
0.007292714
0.01655278
0.024665711
0.007923415
0.0027560657
0.009177804
0.008399926
0.11888941
0.21733017
0.042708177
0.11387916
0.02099488
0.025411295
0.51411563
0.07499014
0.119077474
0.008301304
0.013035878
0.022323398
0.010326841
0.01130408
0.4780954
0.004069982
0.013212692
0.033373356
0.036388952
0.09547378
0.009433727
0.005695272
0.0060068704
0.018690923
0.32150948
0.058893688
0.017692411
0.0053459597
0.06926478
0.013166713
0.012415945
0.09265312
0.95231795
0.028529469
0.11832398
