0.9329625
0.007003922
0.9677633
0.01397514
0.011995998
0.36247593
0.01982218
0.048363823
0.011189157
0.04139256
0.10830342
0.07837392
0.07164901
0.028711246
0.019155117
0.091359206
0.08994654
0.04088064
0.072096944
0.60182875
0.13458703
0.01956796
0.13458703
0.01956796
0.01956796
0.010211373
0.1061317
0.020386215
0.016268687
0.020606881
0.02110398
0.012181437
0.9797009
0.13458703
0.034297775
0.07130908
0.9508193
0.0054875687
0.9677633
0.07092385
0.08950449
0.9903921
0.1753109
0.07092385
0.07636772
0.13458703
0.01956796
0.13458703
0.01956796
0.025582721
0.02404236
0.0041127256
0.008673589
0.025269886
0.9677633
0.097670026
0.038444385
0.25844488
0.17133988
0.18468304
0.0052473336
0.067186184
0.92311394
0.023585934
0.08613835
0.00236535
0.053636037
0.060904365
0.8744195
0.051202394
0.16626444
0.07092385
0.07452746
0.072461404
0.9677633
0.021697849
0.10633261
0.052862514
0.005220065
0.04879239
0.008886966
0.97066766
0.007868006
0.9715366
0.044678077
0.0050022863
0.09392179
0.5880472
0.021940554
0.023911657
0.033400744
0.031375192
0.041373596
0.04333286
0.030783655
0.03617964
0.016912287
0.106886394
0.57754254
0.9890643
0.026231788
0.9677633
0.0067380015
0.16041896
0.08398103
0.77787566
0.10656681
0.059024446
0.014959907
0.030480245
0.025329148
0.8989163
0.010153225
0.039861377
0.06360095
0.4726791
0.33575225
0.04030724
0.33589172
0.07092385
0.006061475
0.0073498557
0.9677633
0.16806927
0.0053269803
0.15526462
0.46672046
0.9407254
0.051002696
0.16243228
0.017446473
0.16976333
0.017563997
0.13458703
0.13458703
0.1187657
0.018636614
0.01956796
0.020386215
0.08166028
0.045051828
0.023315717
0.012127478
0.26391584
0.014779907
0.020424655
0.7843967
0.608431
0.9677633
0.3346534
0.08558431
0.09019806
0.091176756
0.008100097
0.18892162
0.36931053
0.58151585
0.09014731
0.94837195
0.041665766
0.16527377
0.051699575
0.14616327
0.8900014
0.030613026
0.497668
0.9381518
0.07092385
0.07602719
0.10507925
0.055208568
0.03020046
0.10841924
0.21415237
0.14168878
0.19595641
0.9677633
0.28512478
0.011503026
0.037774693
0.112281196
0.026520682
0.41249886
0.039702233
0.7482527
0.1414626
0.108303554
0.054435153
0.0248669
0.78160495
0.06583059
0.07092385
0.04964612
0.024729999
0.1105605
0.06779227
0.09533098
0.8621505
0.054658815
0.90981156
0.9677633
0.038772225
0.5038664
0.22408454
0.03638678
0.01598093
0.063530475
0.049393862
0.06514992
0.6944887
0.6453119
0.018570319
0.0029713109
0.07092385
0.026568761
0.9030022
0.421747
0.9677633
0.6749141
0.020909855
0.0077666393
0.0076678866
0.7938486
0.70248353
0.3737825
0.066785745
0.014643228
0.19530271
0.012774818
0.036631215
0.069511585
0.070587434
0.024729999
0.070535876
0.0248669
0.00862777
0.44200227
0.30801746
0.2139705
0.08892819
0.070535876
0.0248669
0.070535876
0.0248669
0.14678185
0.0048656887
0.042974763
0.06766556
0.023078281
0.9677633
0.010847852
0.036384143
0.19418907
0.070587434
0.024729999
0.070587434
0.024729999
0.070535876
0.0248669
0.070535876
0.019457368
0.006409416
0.070587434
0.070535876
0.0248669
0.070535876
0.0248669
0.070535876
0.0248669
0.070535876
0.0248669
0.070535876
0.0248669
0.070535876
0.0248669
0.070535876
0.0248669
0.070535876
0.0248669
0.070587434
0.024729999
0.070535876
0.0248669
0.054435153
0.059540853
0.0248669
0.059540853
0.067253776
0.024729999
0.02425203
0.0248669
0.0248669
0.0248669
0.0248669
0.026273998
0.0248669
0.84575933
0.019457368
0.018502058
0.012487515
0.07092385
0.021000056
0.086145744
0.07092385
0.8468428
0.013527762
0.033101846
0.59209126
0.0059524965
0.13859051
0.9677633
0.43758205
0.32174835
0.60314006
0.63054717
0.103437245
0.6687449
0.6687449
0.24049166
0.29636684
0.01647012
0.0346601
0.01587383
0.21663164
0.022411108
0.9677633
0.011255889
0.24802762
0.01144138
0.041492764
0.03597787
0.32229066
0.94258755
0.028408838
0.30257538
0.12768361
0.3038373
0.07092385
0.14908792
0.35607198
0.027067615
0.008927716
0.03313602
0.105238274
0.279358
0.026478034
0.012250449
0.013527558
0.33813748
0.53498626
0.04270627
0.03768025
0.067186184
0.73335415
0.01885984
0.0032030675
0.075271465
0.0048118
0.4037808
0.01144138
0.11588015
0.9107574
0.25825682
0.0062487517
0.0033187927
0.38449475
0.013804979
0.021400392
0.07092385
0.008238505
0.0037263406
0.05910193
0.019701848
0.79840225
0.09959434
0.046222553
0.094910815
0.0887521
0.013592927
0.56212384
0.6994805
0.3869087
0.15644597
0.08992428
0.060278412
0.07092385
0.020418804
0.088150226
0.2893693
0.10430108
0.2350148
0.004010386
0.9677633
0.74133766
0.013754072
0.58457685
0.02775979
0.035587996
0.054485876
0.63017696
0.7600573
0.106765665
0.36636284
0.083744444
0.012718313
0.048894607
0.022363013
0.9677633
0.015275678
0.031334456
0.007855529
0.63017696
0.32305905
0.017492427
0.44058967
0.79630375
0.07092385
0.028416635
0.6803266
0.33166674
0.022351474
0.014151711
0.016974438
0.0025112226
0.07092385
0.942322
0.09100716
0.08820325
0.9677633
0.70581037
0.023934698
0.34202474
0.07542395
0.27064896
0.03072348
0.8967119
0.2359341
0.009854396
0.6890429
0.29355744
0.05980243
0.026420267
0.053223297
0.15311174
0.023702335
0.015184611
0.022350825
0.76250076
0.019814666
0.014077716
0.16624226
0.12577538
0.029588105
0.9677633
0.018721621
0.40026036
0.0664762
0.028091434
0.062082157
0.06481633
0.008343769
0.46911165
0.8589709
0.89839214
0.07092385
0.21181738
0.031080686
0.254149
0.046014488
0.073972896
0.12820551
0.271863
0.0043180794
0.023565816
0.64881873
0.023250692
0.92451787
0.9677633
0.4114507
0.06520049
0.020570923
0.02604616
0.0030858545
0.3496939
0.060988627
0.39630753
0.06143022
0.034301773
0.55879605
0.37082928
0.53635836
0.58131033
0.5964553
0.29355744
0.024746694
0.027011221
0.3076524
0.014291149
0.0048635113
0.045303337
0.07092385
0.2516477
0.17739794
0.07739412
0.117252074
0.9471254
0.31581336
0.07092385
0.8234324
0.046989895
0.06441606
0.0046722004
0.02331173
0.010818887
0.047955383
0.1919527
0.25544304
0.08387213
0.03380265
0.74088407
0.1292122
0.053393804
0.31485385
0.39809963
0.1760902
0.1760902
0.10063851
0.92518735
0.52375907
0.17683616
0.5626283
0.9056962
0.012388921
0.01286204
0.023079386
0.16516414
0.009347077
0.02123076
0.011098053
0.0558959
0.010818887
0.07092385
0.09813489
0.55626434
0.06368689
0.006961936
0.009660879
0.010007707
0.0444737
0.098663524
0.8598141
0.79225326
0.020186072
0.0086366
0.61140645
0.095522046
0.07092385
0.07233079
0.14845896
0.01516303
0.54804283
0.68167603
0.008740525
0.26460782
0.017145418
0.009460759
0.008808332
0.70248353
0.48636678
0.11515358
0.008408588
0.09173523
0.033232678
0.7453361
0.113220334
0.9588642
0.013527762
0.03414389
0.030406052
0.07092385
0.20034006
0.04308435
0.0068416083
0.050371233
0.85389453
0.18504754
0.03849337
0.9044988
0.013867716
0.053935334
0.6449354
0.013754072
0.84002686
0.0143941855
0.26530135
0.022969218
0.36494204
0.01958239
0.03069067
0.32571226
0.02692979
0.089103535
0.05350129
0.75968593
0.07092385
0.011438536
0.07092385
0.017209273
0.12831125
0.0879765
0.11707017
0.5230017
0.32543764
0.012997532
0.97766614
0.028811725
0.054790877
0.022477964
0.09498376
0.14987002
0.04664962
0.029571908
