0.007333006
0.0085044345
0.005328699
0.017113807
0.02832273
0.02832273
0.055454455
0.0069888886
0.01688701
0.00533745
0.048752293
0.03558782
0.018552614
0.003901408
0.7926192
0.030166363
0.039045878
0.007229182
0.02569408
0.010792053
0.46127284
0.025252866
0.005377857
0.0044630743
0.027052652
0.025626728
0.01165109
0.0018558047
0.03707098
0.047562387
0.009528357
0.01549975
0.0020462566
0.010599727
0.008469034
0.0334215
0.037121624
0.052472666
0.011746839
0.015730452
0.29867277
0.007921877
0.0128126545
0.06015254
0.007237917
0.011727935
0.02132323
0.04061506
0.01145432
0.24055591
0.012837581
0.019227484
0.0077703977
0.017074993
0.27842808
0.28718936
0.13112451
0.012299386
0.0057697045
0.004985465
0.3980576
0.014065186
0.47038084
0.026602807
0.016046949
0.33488533
0.0134150935
0.18831934
0.0038421836
0.027279042
0.0065528643
0.023843827
0.02070143
0.023170382
0.45916033
0.007384991
0.010000492
0.013115948
0.02559033
0.1123667
0.04933356
0.03530972
0.0051424983
0.046453077
0.018130394
0.020396508
0.08356875
0.007830622
0.107232094
0.8707745
0.010864515
0.010752018
0.012929991
0.012064669
0.48483357
0.0055368347
0.012929991
0.48483357
0.012929991
0.012064669
0.48483357
0.03311354
0.0254315
0.020367606
0.98275524
0.6523696
0.0116723
0.012207117
0.024405263
0.0055657844
0.012225551
0.0057244357
0.35104668
0.819578
0.023123333
0.056568757
0.05051398
0.038817324
0.0040726806
0.090622544
0.0058959806
0.030265857
0.013312536
0.006689126
0.00999574
0.0072077382
0.023049785
0.02171619
0.018464671
0.002798254
0.52345634
0.0037085905
0.0077215713
0.016494056
0.024129909
0.005165475
0.124279335
0.0088467
0.022417074
0.0071139154
0.012929991
0.012064669
0.47268134
0.32439727
0.9807859
0.024678571
0.012552317
0.04895462
0.013972151
0.046475984
0.018504623
0.04017421
0.85053664
0.0036246155
0.004634416
0.020385588
0.025395386
0.02279572
0.17420976
0.017785596
0.007716747
0.008179061
0.02089553
0.014708107
0.0024878841
0.023005873
0.0024098442
0.012746619
0.0103400415
0.0032019794
0.005550939
0.036792267
0.05989929
0.017595826
0.010768968
0.0061369315
0.106175885
0.07622967
0.066900626
0.26408052
0.024519607
0.004676172
0.93188137
0.0027284299
0.015642542
0.033076193
0.01675065
0.0056107533
0.04188581
0.023762474
0.024807137
0.0070157303
0.24137338
0.040620115
0.023533422
0.031430226
0.0027730886
0.03521937
0.01996979
0.011831215
0.47268134
0.052013446
0.020376252
0.044260856
0.0066080163
0.020663517
0.00310816
0.0057422216
0.010924786
0.051239595
0.016069533
0.35718048
0.08899583
0.17932455
0.06360539
0.02271662
0.018040016
0.012690531
0.023627767
0.004544582
0.11922582
0.11922582
0.11922582
0.017427938
0.018001324
0.0030135063
0.0038743608
0.01126693
0.0701401
0.03358056
0.01811014
0.43297386
0.51563656
0.005240467
0.013849183
0.028667409
0.015193797
0.021663621
0.03358056
0.0077437125
0.54003996
0.9350211
0.42761084
0.003192929
0.003936822
0.010284365
0.059981845
0.0025104366
0.024439968
0.018350601
0.012425747
0.13496357
0.004018843
0.04526833
0.040342987
0.019796588
0.025838463
0.013622696
0.013312736
0.01585912
0.006833974
0.10045191
0.006987588
0.034682415
0.037761837
0.83952963
0.010306642
0.022175718
0.004000166
0.0029523517
0.11455842
0.010623564
0.26329055
0.004675198
0.014346471
0.9855731
0.012100759
0.09750421
0.0070281653
0.009570686
0.009006782
0.9800606
0.93970096
0.070131175
0.0048384955
0.0049844054
0.058222167
0.028041339
0.009144894
0.08694001
0.43593398
0.85999626
0.056031488
0.01612084
0.004403563
0.027468218
0.17616306
0.9205179
0.0030156358
0.110894054
0.011574969
0.025421638
0.03192588
0.05885276
0.005888287
0.053027198
0.052119844
0.7928764
0.14649794
0.026377205
0.018083068
0.00786187
0.014607488
0.01744
0.008806173
0.033096164
0.0067229946
0.012832827
0.0031101967
0.012760935
0.009233771
0.024814326
0.0044435984
0.008172457
0.0072220173
0.015959263
0.022267684
0.0051591936
0.0034031319
0.008552679
0.023508511
0.028182037
0.017808735
0.069552496
0.036082465
0.1374139
0.015591168
0.023046456
0.6291918
0.9914751
0.007870447
0.5035735
0.0027423762
0.04277587
0.82123256
0.9205179
0.36814693
0.032852955
0.03717355
0.01632169
0.03717355
0.008042825
0.017023327
0.008081249
0.012929991
0.012064669
0.48483357
0.0038308876
0.053385284
0.78386724
0.41139328
0.010054862
0.05286043
0.009167081
0.028041309
0.0031048846
0.006835092
0.03358056
0.0031965792
0.008705348
0.00414009
0.02770176
0.005346467
0.017887278
0.0022160292
0.033467144
0.005449662
0.019859869
0.042635452
0.37936506
0.009878617
0.51693916
0.036044005
0.060930654
0.018379247
0.8637702
0.04346602
0.017383937
0.00443103
0.0045830226
0.0024255847
0.09996699
0.7817683
0.004153897
0.00589881
0.109747164
0.004847751
0.05414364
0.92520887
0.028196665
0.015079329
0.007692534
0.02044733
0.021812215
0.014139284
0.013452192
0.7325616
0.002810796
0.008113024
0.18383437
0.005911763
0.010092363
0.39023897
0.049744952
0.0061777635
0.121101886
0.47268134
0.48483357
0.48483357
0.80490535
0.002496032
0.009081093
0.008133449
0.106077
0.03343997
0.0060765636
0.01123515
0.006452201
0.008204065
0.0062176767
0.04271823
0.03358056
0.04930442
0.03358056
0.056797054
0.006478438
0.9291468
0.004521513
0.0035491493
0.033881485
0.0049587777
0.0077469675
0.025029538
0.081296414
0.030104265
0.013935324
0.4202999
0.0037085905
0.011590803
0.049663518
0.0059718066
0.2207432
0.028381286
0.040556885
0.012829148
0.010347369
0.6723224
0.016726064
0.008721022
0.0050207796
0.0045967475
0.9803844
0.02210934
0.062145416
0.041518398
0.23838499
0.030966273
0.014452437
0.025208946
0.0055764425
0.10869533
0.016684586
0.014446672
0.22094184
0.0072143567
0.043761544
0.18417941
0.20676959
0.013744578
0.034752518
0.0137770735
0.022173785
0.009473579
0.009865596
0.013779113
0.051754277
0.069341965
0.02478246
0.027805042
0.0025342423
0.067448415
0.023709409
0.018841915
0.06330218
0.008048201
0.035964206
0.2687266
0.023568364
0.024971018
0.07105513
0.0035880331
0.0025689101
0.00423735
0.011889369
0.004874708
0.0022261562
0.0053028637
0.021390425
0.0065627634
0.0096578775
0.011803279
0.004020353
0.004208202
0.022642553
0.0037731677
0.0045269495
0.0030833152
0.0025774252
0.016731456
0.4510678
0.0055823703
0.023892013
0.005615043
0.028589226
0.0053836647
0.004805617
0.015518501
0.0076005906
0.0031518487
0.007194614
0.08132872
0.13097842
0.023900894
0.03513977
0.07364637
0.029419063
0.33118665
0.0021523074
0.014998464
0.81273055
0.027439825
0.0046750796
0.60244656
0.002817257
0.008793762
0.032628987
0.01714906
0.0071478365
0.0044681192
0.007955224
0.00645763
0.011674584
0.006905849
0.019734463
0.10630225
0.0064713308
0.087014176
0.02916266
0.010655185
0.00433683
0.024105722
0.003920972
0.012339686
0.005602134
0.0029981323
0.9380407
0.47268134
0.48483357
0.1539469
0.0025043888
0.020888556
0.0023897376
0.9726716
0.025433978
0.5771977
0.00323782
0.013263556
0.028739491
0.025083337
0.11211348
0.0035941466
0.057637703
0.84094703
0.0035540822
0.04806795
0.014512357
0.0051258723
0.008200299
0.0058550644
0.015145986
0.42710721
0.00261357
0.006042193
0.08068975
0.01883265
0.0054562944
0.104543686
0.012542412
0.722884
0.67936295
0.027755221
0.01606246
0.0035748472
0.00992108
0.06245169
0.0028876835
0.006925787
0.012064669
0.22947413
0.0033267504
0.008844525
0.003924045
0.047004256
0.0031385866
0.84233123
0.40637845
0.0068027256
0.024085063
0.040623046
0.026395028
0.018950526
0.012762747
0.75063086
0.008280699
0.058218185
0.023117885
0.013937757
0.5813472
0.56947124
0.9492929
0.80727714
0.4050044
0.007947576
0.003516791
0.04284484
0.010860092
0.0070094327
0.0092510255
0.016179435
0.18482225
0.031564865
0.010196208
0.30306616
0.028430495
0.28885776
0.6654125
0.00711364
0.4134002
0.009028715
0.012095493
0.007845581
0.017906893
0.0035068642
0.04703284
0.021424178
0.0024689755
0.0067866417
0.040659215
0.0039103194
0.011469061
0.006047621
0.0059193945
0.004700803
0.63919276
0.22847217
0.09610548
0.01247502
0.003752363
0.030745741
0.00755846
0.0043984107
0.021692373
0.09341796
0.0036291538
0.03434195
0.0036988358
0.066148154
0.003978173
0.0075720255
0.033235066
0.0057898
0.019553605
0.011846795
0.0058231624
0.8519339
0.08534946
0.81293154
0.0057029314
0.0025563587
0.92038584
0.022867933
0.010506058
0.040959015
0.03264815
0.009978984
0.0032354365
0.048168406
0.014714398
0.780518
0.78763
0.046529222
0.008011081
0.9593859
0.8789222
0.013589751
0.012929991
0.012064669
0.48483357
0.020177474
0.030294914
0.003176065
0.0033711586
0.012929991
0.010924482
0.56543475
0.022785323
0.012929991
0.010676615
0.017748106
0.44899368
0.010910068
0.040050548
0.024027912
0.07488596
0.007600541
0.042036515
0.009069554
0.028287485
0.0678738
0.0066976314
0.89040387
0.4411663
0.002388656
0.005699055
0.019126382
0.00673891
0.014001515
0.8243773
0.027289616
0.04894727
0.020401858
0.013970687
0.022337612
0.60457695
0.14152792
0.020444829
0.05197907
0.006337467
0.0028749853
0.03805275
0.007204671
0.018471405
0.40536937
0.13083512
0.6022118
0.026645657
0.023671485
0.0021204152
0.004302693
0.012678031
0.0044036135
0.0062051243
0.15431307
0.04204387
0.0022324554
0.018354401
0.008241295
0.011569066
0.0161985
0.043038324
0.006381139
0.76003927
0.15641837
0.0424567
0.023137711
0.7992154
0.008805546
0.13555013
0.06768191
0.23532596
0.0029743845
0.0045853225
0.3841416
0.49411744
0.0028641406
0.006223507
0.39124608
0.072267346
0.025392277
0.010107201
0.014501671
0.018398741
0.005723452
0.005723452
0.005595837
0.31380785
0.06758123
0.013719133
0.010519776
0.00592709
0.87014955
0.031462323
0.004612446
0.012912227
0.014840947
0.01934851
0.018490264
0.01966679
0.0063980836
0.057384845
0.0053927666
0.0048823673
0.9665068
0.00670881
0.014467294
0.0046479944
0.2575276
0.028752772
0.3724661
0.018831072
0.20652866
0.020713879
0.0022917818
0.041411288
0.0033391665
0.06186949
0.028373247
0.04311338
0.0052893423
0.025715493
0.018309021
0.02342165
0.0064916955
0.0037506453
0.07520386
0.012809804
0.0037103808
0.0068130395
0.0046608336
0.004670887
0.021710508
0.014842686
0.0028707124
0.043345343
0.011462908
0.0044417283
0.03384665
0.005991204
0.007735194
0.0030557767
0.020944212
0.013620133
0.8242841
0.0029259808
0.026712745
0.014813532
0.014409745
0.008357374
0.011051881
0.009145791
0.0126594575
0.33104926
0.0032173854
0.013626511
0.013333201
0.012064669
0.013626511
0.013620133
0.48483357
0.20344453
0.019859869
0.012929991
0.012064669
0.003142154
0.006987174
0.021194497
0.020413319
0.015340883
0.039072942
0.0158833
0.009738296
0.017123852
0.0022535857
0.017121041
0.0048848037
0.026305337
0.07229661
0.053230874
0.90777844
0.020786894
0.025793225
0.016968843
0.016001467
0.2900246
0.022507377
0.010743211
0.005819491
0.018935405
0.01199804
0.015114081
0.023189183
0.008892939
0.17949675
0.007261529
0.024175404
0.1251566
0.34348026
0.013434723
0.008740658
0.003983753
0.012105296
0.08474107
0.002227902
0.031963076
0.52861667
0.014112298
0.0061251917
0.002047873
0.013511335
0.009533045
0.018319413
0.030017212
0.012214551
0.094612606
0.5219283
0.376317
0.003946883
0.012841981
0.03308808
0.0042789336
0.023684012
0.020573622
0.11718402
0.014170058
0.036906842
0.0029404664
0.0077804043
0.024889978
0.052605525
0.007598217
0.012517387
0.0022044042
0.014566427
0.0034848496
0.0077428226
0.033205844
0.008627532
0.0036636384
0.045732476
0.013589751
0.010924482
0.48483357
0.021879598
0.023900894
0.013909317
0.006722159
0.009020115
0.04663761
0.002972358
0.0023435284
0.009093735
0.0056910673
0.0043380777
0.06665496
0.009951911
0.22972518
0.7508689
0.045695364
0.0057435753
0.0392802
0.0043245577
0.05873593
0.01518254
0.008538212
0.24217227
0.018514888
0.059609327
0.013626511
0.48483357
0.010749916
0.07288374
0.011038517
0.0051645115
0.020156011
0.01081469
0.37408635
0.7845507
0.04246611
0.008561098
0.014537204
0.03409673
0.2747785
0.013084449
0.18092541
0.009311226
0.0027417412
0.8097734
0.007328936
0.020038689
0.0066581992
