(QUERY): 'MUSLIM' '05'
Negative Neutral Positive
0.5613898038864136 0.39769431948661804 0.040915898978710175 
0.6734921336174011 0.31303802132606506 0.013469869270920753 
0.1085200384259224 0.8502837419509888 0.04119618237018585 
0.328243613243103 0.6531033515930176 0.018652960658073425 
0.8582243919372559 0.13342425227165222 0.008351337164640427 
0.6558837890625 0.32877594232559204 0.015340233221650124 
0.0031395473051816225 0.11235900968313217 0.8845014572143555 
0.0303143672645092 0.6328721642494202 0.33681344985961914 
0.030704371631145477 0.6277317404747009 0.3415638506412506 
0.9652377367019653 0.03218788653612137 0.002574307145550847 
0.40082624554634094 0.5562571287155151 0.04291665181517601 
0.7577617764472961 0.23254171013832092 0.00969646405428648 
0.0015869883354753256 0.0570664145052433 0.9413466453552246 
0.8857923150062561 0.10769214481115341 0.006515626795589924 
0.007686023134738207 0.4272257387638092 0.5650882124900818 
0.9449233412742615 0.052232775837183 0.0028439247980713844 
0.8524128794670105 0.14338503777980804 0.004202115815132856 
0.8272477388381958 0.16764995455741882 0.00510223675519228 
0.8524128794670105 0.14338503777980804 0.004202115815132856 
0.8524128794670105 0.14338503777980804 0.004202115815132856 
0.12822237610816956 0.7772524952888489 0.09452513605356216 
0.36493420600891113 0.6003991365432739 0.03466666117310524 
0.0031851751264184713 0.20275545120239258 0.7940593361854553 
0.5617534518241882 0.41394370794296265 0.024302871897816658 
0.005961455870419741 0.19318683445453644 0.8008517622947693 
0.22621609270572662 0.7440500259399414 0.02973385713994503 
0.9266180992126465 0.06989644467830658 0.0034853701945394278 
0.8122158050537109 0.1791471540927887 0.008637037128210068 
0.18739645183086395 0.7749083638191223 0.03769512102007866 
0.05794094502925873 0.5069683194160461 0.43509072065353394 
0.24270325899124146 0.7301429510116577 0.027153851464390755 
0.16112500429153442 0.7091988325119019 0.1296761929988861 
0.0557793490588665 0.8728829622268677 0.07133770734071732 
0.01877710595726967 0.6205854415893555 0.3606374263763428 
0.22175680100917816 0.6865774989128113 0.09166571497917175 
0.008226599544286728 0.5603151321411133 0.4314582347869873 
0.4015538692474365 0.5730406641960144 0.02540549449622631 
0.014087090268731117 0.2672615945339203 0.718651294708252 
0.011500933207571507 0.18176060914993286 0.8067384362220764 
0.8121081590652466 0.1788979321718216 0.008993932977318764 
0.3440938889980316 0.6187202334403992 0.037185970693826675 
0.19907453656196594 0.7457964420318604 0.055129025131464005 
0.005866005085408688 0.3270457088947296 0.6670882701873779 
0.07708627730607986 0.7359216809272766 0.18699201941490173 
0.43210944533348083 0.5383050441741943 0.029585564509034157 
0.627981960773468 0.3471095561981201 0.02490846998989582 
0.3759042024612427 0.6007183790206909 0.02337741293013096 
0.19284319877624512 0.7121185660362244 0.09503824263811111 
0.014417018741369247 0.49057093262672424 0.495012104511261 
0.012236518785357475 0.42882266640663147 0.5589408278465271 
0.001531265676021576 0.055959079414606094 0.9425095915794373 
0.44070905447006226 0.48184287548065186 0.0774480327963829 
0.9679743647575378 0.02964160218834877 0.0023840831127017736 
0.5199695825576782 0.37358295917510986 0.10644742101430893 
0.44890812039375305 0.5258386731147766 0.02525321952998638 
0.24384935200214386 0.5552628040313721 0.20088790357112885 
0.5578318238258362 0.4284943640232086 0.013673808425664902 
0.10445424169301987 0.8385958075523376 0.05695004761219025 
0.013860407285392284 0.28439685702323914 0.7017427086830139 
0.932417094707489 0.06440373510122299 0.0031792097724974155 
0.08626669645309448 0.8064728379249573 0.10726037621498108 
0.6838876605033875 0.3048798143863678 0.011232517659664154 
0.439237505197525 0.5395827293395996 0.021179720759391785 
0.6626337170600891 0.32573777437210083 0.011628507636487484 
0.006783401593565941 0.2482425421476364 0.7449740767478943 
0.8870403170585632 0.10707751661539078 0.005882193334400654 
0.6125643253326416 0.37715092301368713 0.010284792631864548 
0.011443099938333035 0.3668908476829529 0.6216660141944885 
0.0013852919219061732 0.03085140883922577 0.9677633047103882 
0.0635080561041832 0.8370261192321777 0.09946580231189728 
0.0037234278861433268 0.170159250497818 0.8261172771453857 
0.6718598008155823 0.2880111038684845 0.04012912139296532 
0.007282719947397709 0.10583239793777466 0.8868849277496338 
0.029466839507222176 0.5886529088020325 0.3818802535533905 
0.02341623418033123 0.7234749794006348 0.25310882925987244 
0.03293802961707115 0.31688547134399414 0.650176465511322 
0.1640082597732544 0.6724158525466919 0.1635759174823761 
0.0035170121118426323 0.2654039263725281 0.7310790419578552 
0.23182077705860138 0.735389232635498 0.032789941877126694 
0.5511944890022278 0.4074493944644928 0.04135611653327942 
0.07258264720439911 0.5225964188575745 0.40482091903686523 
0.3721056878566742 0.5633028745651245 0.06459138542413712 
0.7053072452545166 0.2822094261646271 0.012483326718211174 
0.931286633014679 0.06392273306846619 0.004790682811290026 
0.9057014584541321 0.08794817328453064 0.006350365467369556 
0.018995091319084167 0.7762179970741272 0.20478694140911102 
0.053034014999866486 0.7795166373252869 0.16744932532310486 
0.7694874405860901 0.21326124668121338 0.017251333221793175 
0.008740454912185669 0.8365184664726257 0.15474112331867218 
0.008001112379133701 0.5079264044761658 0.4840724468231201 
0.0322740375995636 0.523977518081665 0.443748414516449 
0.8431727290153503 0.14590559899806976 0.010921744629740715 
0.30475616455078125 0.6597998738288879 0.0354439876973629 
0.7227641940116882 0.2698255181312561 0.007410310674458742 
0.8310233354568481 0.16060633957386017 0.008370348252356052 
0.1444946676492691 0.7931951880455017 0.06231014430522919 
0.7023122906684875 0.2869877815246582 0.010699906386435032 
0.0038926927372813225 0.1934904158115387 0.8026168942451477 
0.12572473287582397 0.8361773490905762 0.038097966462373734 
0.039864491671323776 0.8656378388404846 0.09449761360883713 
0.01025852095335722 0.8229580521583557 0.16678336262702942 
0.009374458342790604 0.5184800028800964 0.47214555740356445 
0.022372040897607803 0.6773267388343811 0.3003012537956238 
0.8262465596199036 0.16848358511924744 0.00526984129101038 
0.8271085023880005 0.16513265669345856 0.007758809719234705 
0.36601078510284424 0.5926370620727539 0.04135212302207947 
0.014442318119108677 0.866480827331543 0.11907684057950974 
0.24309882521629333 0.7172789573669434 0.039622288197278976 
0.19184251129627228 0.7244925498962402 0.08366493135690689 
0.8680016994476318 0.1267601102590561 0.00523819774389267 
0.7600929141044617 0.22829049825668335 0.011616545729339123 
0.9464848041534424 0.05026813596487045 0.003247044514864683 
0.7861895561218262 0.20207704603672028 0.011733397841453552 
0.5002833604812622 0.4440992772579193 0.05561733990907669 
0.005861484911292791 0.7618170380592346 0.23232150077819824 
0.3244909644126892 0.6479392647743225 0.027569731697440147 
0.3895069658756256 0.5885894298553467 0.02190367877483368 
0.16594551503658295 0.7723429203033447 0.061711639165878296 
0.6364403963088989 0.347618967294693 0.015940679237246513 
0.4363973140716553 0.5401719212532043 0.023430824279785156 
0.07019076496362686 0.8846837282180786 0.04512550309300423 
0.06171540170907974 0.7911691069602966 0.14711543917655945 
0.010314266197383404 0.5116310119628906 0.4780546724796295 
0.2783299684524536 0.6724068522453308 0.049263205379247665 
0.8780646324157715 0.11733764410018921 0.004597649909555912 
0.10872196406126022 0.8007614016532898 0.09051671624183655 
0.15216055512428284 0.5871794819831848 0.26065993309020996 
0.1447613537311554 0.6405295729637146 0.21470907330513 
0.4494142532348633 0.5206195712089539 0.029966143891215324 
0.05454540625214577 0.6377426385879517 0.3077118992805481 
0.00949855986982584 0.915123462677002 0.0753779485821724 
0.005290838424116373 0.15541379153728485 0.8392953872680664 
0.8850902915000916 0.11076238751411438 0.004147278144955635 
0.10455542802810669 0.7513960003852844 0.14404861629009247 
0.5768988728523254 0.40479522943496704 0.018305905163288116 
0.003909270744770765 0.2616608440876007 0.7344298958778381 
0.27082452178001404 0.7068091034889221 0.022366387769579887 
0.9259517192840576 0.07061151415109634 0.003436761675402522 
0.32631421089172363 0.6196205019950867 0.05406517907977104 
0.5223426222801208 0.4591752588748932 0.018482161685824394 
0.8972144722938538 0.10020372271537781 0.002581794746220112 
0.06622079759836197 0.8645050525665283 0.06927407532930374 
0.006934712175279856 0.30262139439582825 0.6904439330101013 
0.1444946676492691 0.7931951880455017 0.06231014430522919 
0.031636446714401245 0.4290907680988312 0.5392727851867676 
0.5932881236076355 0.3814168870449066 0.025295039638876915 
0.0013485621893778443 0.04104285687208176 0.9576085805892944 
0.028264230117201805 0.5010750889778137 0.47066065669059753 
0.5929977297782898 0.3916376531124115 0.015364575199782848 
0.01800301857292652 0.9325363039970398 0.04946058988571167 
0.5266556143760681 0.42074888944625854 0.05259550362825394 
0.020529495552182198 0.7296039462089539 0.2498665750026703 
0.29710853099823 0.6113475561141968 0.09154392778873444 
0.018599631264805794 0.4393236041069031 0.5420767068862915 
0.028457820415496826 0.6069182753562927 0.36462390422821045 
0.00158488261513412 0.02968299575150013 0.9687321186065674 
0.7510957717895508 0.2392621785402298 0.009642030112445354 
0.07152526080608368 0.7885318994522095 0.13994286954402924 
0.02463737316429615 0.28267332911491394 0.6926892995834351 
0.5185239315032959 0.4542863667011261 0.027189671993255615 
0.0012678072089329362 0.061365846544504166 0.9373663663864136 
0.011602689512073994 0.8995146155357361 0.08888276666402817 
0.9186239838600159 0.07639836519956589 0.0049776341766119 
0.9197775721549988 0.07550568133592606 0.004716780036687851 
0.023397453129291534 0.8246455788612366 0.15195700526237488 
0.05510944128036499 0.7688220143318176 0.17606855928897858 
0.8049860000610352 0.18647275865077972 0.008541193790733814 
0.5712043046951294 0.41420334577560425 0.014592386782169342 
0.6309974193572998 0.3436896800994873 0.025312945246696472 
0.04786602035164833 0.8493683934211731 0.10276554524898529 
0.06432396173477173 0.4975137412548065 0.43816229701042175 
0.031636446714401245 0.4290907680988312 0.5392727851867676 
0.7136551141738892 0.264821857213974 0.021522939205169678 
0.2674194276332855 0.7059493064880371 0.026631247252225876 
0.028724132105708122 0.9057924151420593 0.0654834508895874 
0.839255690574646 0.15275859832763672 0.007985751144587994 
0.1828909069299698 0.5792027711868286 0.2379062920808792 
0.633658230304718 0.3499075174331665 0.016434282064437866 
0.7788564562797546 0.2092001587152481 0.011943381279706955 
0.017676468938589096 0.6622215509414673 0.3201020061969757 
0.8317927122116089 0.16236890852451324 0.005838377866894007 
0.5194910764694214 0.4105464816093445 0.0699625089764595 
0.8891992568969727 0.10697860270738602 0.0038221450522542 
0.12693706154823303 0.4082840383052826 0.46477898955345154 
0.8622281551361084 0.131039559841156 0.006732358131557703 
0.9089924693107605 0.08745540678501129 0.003552123671397567 
0.4733518362045288 0.4948553144931793 0.03179287165403366 
0.1857226938009262 0.668927013874054 0.14535023272037506 
0.9473320245742798 0.04964790865778923 0.0030201030895113945 
0.18363352119922638 0.6574718952178955 0.1588945835828781 
0.7145056128501892 0.2637787461280823 0.02171563357114792 
0.9641472101211548 0.032990481704473495 0.002862317021936178 
0.6786961555480957 0.30855095386505127 0.01275285892188549 
0.5691976547241211 0.4071371853351593 0.02366512455046177 
0.039641715586185455 0.6100242733955383 0.3503339886665344 
0.7805691957473755 0.19554436206817627 0.023886431008577347 
0.47162994742393494 0.5125458240509033 0.015824291855096817 
0.5040098428726196 0.42343491315841675 0.07255523651838303 
0.12804414331912994 0.8252196907997131 0.04673615097999573 
0.5715457201004028 0.4182683825492859 0.01018592994660139 
0.6324428915977478 0.35603219270706177 0.011524985544383526 
0.12216027081012726 0.5752269625663757 0.3026127517223358 
0.7291616797447205 0.26448380947113037 0.006354483310133219 
0.2751329839229584 0.6110158562660217 0.1138511374592781 
0.5957457423210144 0.39099058508872986 0.013263675384223461 
0.5957457423210144 0.39099058508872986 0.013263675384223461 
0.8515895009040833 0.14162757992744446 0.006782855838537216 
0.5957457423210144 0.39099058508872986 0.013263675384223461 
0.46524107456207275 0.5029032230377197 0.03185573220252991 
0.8148069381713867 0.17754334211349487 0.007649637758731842 
0.44656315445899963 0.5352200865745544 0.018216753378510475 
0.04285924509167671 0.7533815503120422 0.20375919342041016 
0.08881240338087082 0.841495931148529 0.06969168037176132 
0.0024847581516951323 0.07403991371393204 0.9234753251075745 
0.09546950459480286 0.8702412843704224 0.03428930044174194 
0.4068518579006195 0.5446369647979736 0.04851119965314865 
0.00218900665640831 0.06287728250026703 0.9349337220191956 
0.07318935543298721 0.5159116387367249 0.4108990430831909 
0.0015514512779191136 0.23629701137542725 0.7621515393257141 
0.007535156328231096 0.2972492575645447 0.69521564245224 
0.014851542189717293 0.6708658337593079 0.3142826557159424 
0.5077546238899231 0.47821930050849915 0.014026038348674774 
0.10033819824457169 0.8463535904884338 0.05330828204751015 
0.8056373000144958 0.1854185163974762 0.00894419476389885 
0.3067525327205658 0.6613112092018127 0.03193620592355728 
0.7269524335861206 0.2592543661594391 0.013793240301311016 
0.41049185395240784 0.5263945460319519 0.06311355531215668 
0.0027628543321043253 0.15883678197860718 0.8384003639221191 
0.7347810864448547 0.25726404786109924 0.007954786531627178 
0.8345727920532227 0.1609954982995987 0.004431743640452623 
0.4700658917427063 0.4340701401233673 0.09586402028799057 
0.8398615121841431 0.15259595215320587 0.007542539853602648 
0.8546878099441528 0.1383964866399765 0.006915712263435125 
0.015200004912912846 0.8837842345237732 0.10101567953824997 
0.013420302420854568 0.5859914422035217 0.4005883038043976 
0.9000729322433472 0.09500846266746521 0.0049186223186552525 
0.8046239018440247 0.18873712420463562 0.006638998165726662 
0.8066436648368835 0.18680033087730408 0.0065559218637645245 
0.1795903593301773 0.7879238128662109 0.032485805451869965 
0.9696767926216125 0.02809554524719715 0.00222767167724669 
0.691275417804718 0.2984161972999573 0.010308424942195415 
0.644814133644104 0.3358492851257324 0.019336607307195663 
0.674127995967865 0.3150119185447693 0.010860099457204342 
0.02295604906976223 0.2333998680114746 0.743644118309021 
0.3622702360153198 0.5963011980056763 0.041428569704294205 
0.01122206449508667 0.6195353865623474 0.36924248933792114 
0.10859090089797974 0.7463282346725464 0.1450808346271515 
0.6482484936714172 0.33568087220191956 0.016070552170276642 
0.03553469851613045 0.3431881368160248 0.6212772130966187 
0.06722480803728104 0.8029432892799377 0.1298319548368454 
0.013223337940871716 0.41579338908195496 0.5709832310676575 
0.39545339345932007 0.5450692772865295 0.059477299451828 
0.1407461166381836 0.8296986818313599 0.029555218294262886 
0.23605647683143616 0.6222672462463379 0.14167633652687073 
0.1601969301700592 0.8104046583175659 0.02939843386411667 
0.44798028469085693 0.5330119132995605 0.019007757306098938 
0.9295243620872498 0.06631538271903992 0.004160302225500345 
0.5725467205047607 0.4050584137439728 0.022394832223653793 
0.7604817748069763 0.2301773726940155 0.009340846911072731 
0.7855205535888672 0.20717492699623108 0.007304535247385502 
0.7471926212310791 0.23965643346309662 0.013151003047823906 
0.7970823049545288 0.19622069597244263 0.00669700326398015 
0.007154707796871662 0.30108216404914856 0.691763162612915 
0.780889630317688 0.2000734806060791 0.019036851823329926 
0.22711117565631866 0.619455099105835 0.1534336805343628 
0.012144584208726883 0.30019044876098633 0.6876649260520935 
0.9021294116973877 0.09435733407735825 0.0035133191850036383 
0.537542998790741 0.42182761430740356 0.040629442781209946 
0.30372968316078186 0.6505590677261353 0.045711297541856766 
0.013468984514474869 0.646368682384491 0.3401622772216797 
0.19043900072574615 0.7088273763656616 0.10073360800743103 
0.28566086292266846 0.5981836318969727 0.11615555733442307 
0.15806786715984344 0.8019799590110779 0.039952076971530914 
0.487896203994751 0.47363120317459106 0.03847256302833557 
0.16775941848754883 0.7943640351295471 0.03787652403116226 
0.20816057920455933 0.6970993280410767 0.09474015235900879 
0.6468079686164856 0.3099888563156128 0.04320317134261131 
0.011514542624354362 0.45235684514045715 0.536128580570221 
0.5644224286079407 0.39675331115722656 0.03882426396012306 
0.7994188070297241 0.19216346740722656 0.008417648263275623 
0.6988319158554077 0.2895621657371521 0.011605851352214813 
0.3536882698535919 0.6181936264038086 0.02811812236905098 
0.1328532099723816 0.8199232220649719 0.04722358658909798 
0.8473977446556091 0.14539845287799835 0.0072037288919091225 
0.002154223620891571 0.0895228460431099 0.9083228707313538 
0.053084805607795715 0.8484746813774109 0.09844055026769638 
0.010946134105324745 0.7027641534805298 0.28628966212272644 
0.06262768059968948 0.6808997988700867 0.25647249817848206 
0.004325196146965027 0.5047991275787354 0.49087560176849365 
0.2024211883544922 0.5850645303726196 0.21251432597637177 
0.2132461965084076 0.747744619846344 0.03900924324989319 
0.7290815114974976 0.26028546690940857 0.010632968507707119 
0.13063335418701172 0.7538172602653503 0.1155494824051857 
0.006824208423495293 0.39839693903923035 0.594778835773468 
0.6909578442573547 0.30116507411003113 0.00787703413516283 
0.04234673082828522 0.4987720549106598 0.4588812291622162 
0.5559520125389099 0.4095618724822998 0.034486107528209686 
0.8616609573364258 0.13208110630512238 0.006257910747081041 
0.1500166952610016 0.8183597326278687 0.03162361681461334 
0.1151152104139328 0.8535470962524414 0.031337711960077286 
0.19061821699142456 0.4904577434062958 0.3189239799976349 
0.05627549812197685 0.5511798858642578 0.3925447165966034 
0.6839606165885925 0.30413544178009033 0.011903948150575161 
0.1524057388305664 0.8075023293495178 0.04009197652339935 
0.3839220106601715 0.5776783227920532 0.03839965537190437 
0.8944051265716553 0.09992498904466629 0.005669920705258846 
0.8866769671440125 0.10850407928228378 0.004818969871848822 
0.9244929552078247 0.07132739573717117 0.004179628565907478 
0.020009644329547882 0.6736839413642883 0.3063064217567444 
0.345365971326828 0.582497239112854 0.07213681936264038 
0.043446991592645645 0.7585791349411011 0.19797383248806 
0.8513699173927307 0.14173562824726105 0.0068945372477173805 
0.08228535950183868 0.4252031743526459 0.49251142144203186 
0.1110663041472435 0.6920889616012573 0.19684477150440216 
0.8592231273651123 0.1338166445493698 0.006960283499211073 
0.04147173464298248 0.35281696915626526 0.6057113409042358 
0.02274404466152191 0.7076723575592041 0.26958364248275757 
0.010071379132568836 0.6646702289581299 0.32525840401649475 
0.7142361998558044 0.2752947211265564 0.010468967258930206 
0.8782016634941101 0.11467495560646057 0.00712336553260684 
0.21001586318016052 0.5762396454811096 0.21374446153640747 
0.9514437913894653 0.0452960729598999 0.003260043915361166 
0.7880789637565613 0.20497481524944305 0.006946231238543987 
0.08605292439460754 0.789972186088562 0.12397493422031403 
0.6714025139808655 0.30816829204559326 0.020429173484444618 
0.40626174211502075 0.5447320938110352 0.049006249755620956 
0.024482036009430885 0.2754334807395935 0.7000845074653625 
0.4433458149433136 0.5361655354499817 0.02048860490322113 
0.7319228649139404 0.2542775571346283 0.013799577951431274 
0.8993196487426758 0.09545549750328064 0.00522484490647912 
0.8854377269744873 0.1084604486823082 0.006101790349930525 
0.8335040211677551 0.15672791004180908 0.009768035262823105 
0.6608725190162659 0.3222483694553375 0.01687917299568653 
0.06773488968610764 0.6514283418655396 0.2808367908000946 
0.9074152112007141 0.08595065027475357 0.006634104065597057 
0.649768054485321 0.30837172269821167 0.04186020791530609 
0.4711613655090332 0.5132982134819031 0.015540454536676407 
0.6501840949058533 0.33037474751472473 0.019441138952970505 
0.86285400390625 0.12930136919021606 0.007844624109566212 
0.09928881376981735 0.7952556610107422 0.10545545816421509 
0.22202874720096588 0.7336868047714233 0.044284459203481674 
0.8778966665267944 0.11609844118356705 0.006004860624670982 
0.264588862657547 0.7014471292495728 0.03396400809288025 
0.4320009648799896 0.46823322772979736 0.0997658520936966 
0.6770101189613342 0.306436151266098 0.016553781926631927 
0.13692022860050201 0.7583451271057129 0.10473473370075226 
0.04091397672891617 0.7567114233970642 0.20237459242343903 
0.9668786525726318 0.030944429337978363 0.0021769399754703045 
0.9703675508499146 0.02766161784529686 0.0019708534236997366 
0.2163386344909668 0.7579439878463745 0.02571733295917511 
0.4501262903213501 0.48053351044654846 0.06934019178152084 
0.7617684602737427 0.228975310921669 0.0092562111094594 
0.9081874489784241 0.08722079545259476 0.004591745790094137 
0.04548460245132446 0.8421640992164612 0.11235131323337555 
0.2609458863735199 0.6459170579910278 0.09313704818487167 
0.0167250894010067 0.8140966892242432 0.16917812824249268 
0.23601099848747253 0.6032493710517883 0.16073966026306152 
0.09970585256814957 0.7901484370231628 0.1101456880569458 
0.0714879110455513 0.33084627985954285 0.5976658463478088 
0.5159474015235901 0.47224971652030945 0.011802878230810165 
0.37252238392829895 0.5765380263328552 0.05093955621123314 
0.7982022762298584 0.19385740160942078 0.00794035941362381 
0.0018046436598524451 0.05053071305155754 0.9476646184921265 
0.43771418929100037 0.5048741698265076 0.05741158500313759 
0.7336995005607605 0.24953699111938477 0.01676352508366108 
0.5882461667060852 0.38273027539253235 0.02902352064847946 
0.5453408360481262 0.42330944538116455 0.031349774450063705 
0.9143775105476379 0.08116691559553146 0.004455627407878637 
0.8720380067825317 0.12029600888490677 0.007665949407964945 
0.877537727355957 0.1151568666100502 0.007305379491299391 
0.5043088793754578 0.4255027770996094 0.07018835842609406 
0.1884697675704956 0.7758976817131042 0.03563258796930313 
0.7045175433158875 0.2742929756641388 0.021189481019973755 
0.6483458876609802 0.3363327980041504 0.015321278013288975 
0.009844149462878704 0.3453584909439087 0.6447973847389221 
0.3137880861759186 0.6567079424858093 0.029503928497433662 
0.7427546977996826 0.24876943230628967 0.008475852198898792 
0.5976218581199646 0.38806042075157166 0.014317727647721767 
0.9565122723579407 0.04011403024196625 0.003373706480488181 
0.7209739685058594 0.2578440010547638 0.021182004362344742 
0.5249186158180237 0.4561005234718323 0.018980836495757103 
0.5350739359855652 0.4404732584953308 0.0244528166949749 
0.00915674027055502 0.4899405539035797 0.5009027123451233 
0.877593457698822 0.11732981353998184 0.005076718516647816 
0.1788041591644287 0.7656840682029724 0.055511847138404846 
0.8847154974937439 0.1091587170958519 0.006125756073743105 
0.09182742983102798 0.8100008964538574 0.09817172586917877 
0.33761563897132874 0.6469177007675171 0.015466657467186451 
0.5623162388801575 0.40529322624206543 0.032390519976615906 
0.07519891858100891 0.8791506290435791 0.04565046355128288 
0.22092077136039734 0.7464948892593384 0.03258433938026428 
0.8988146781921387 0.0965951681137085 0.004590082913637161 
0.6896266937255859 0.291792094707489 0.018581213429570198 
0.006085362285375595 0.2325584441423416 0.7613561749458313 
0.937820553779602 0.058421529829502106 0.003757897298783064 
0.004720722790807486 0.49680837988853455 0.49847081303596497 
0.0013852919219061732 0.03085140883922577 0.9677633047103882 
0.008907790295779705 0.335492879152298 0.6555992960929871 
0.40891748666763306 0.5490162968635559 0.042066264897584915 
0.8930994272232056 0.09947691857814789 0.0074236528016626835 
0.1608767956495285 0.8041824698448181 0.034940753132104874 
0.2414456158876419 0.7251390814781189 0.03341534733772278 
0.5140810012817383 0.4542599022388458 0.03165911138057709 
0.03565026447176933 0.9061725735664368 0.05817718431353569 
0.5847730040550232 0.39781320095062256 0.01741376519203186 
0.5715457201004028 0.4182683825492859 0.01018592994660139 
0.5075957179069519 0.475082665681839 0.017321549355983734 
0.12559755146503448 0.7472555041313171 0.12714697420597076 
0.07132910937070847 0.8460814952850342 0.08258935064077377 
0.08326073735952377 0.8789533972740173 0.037785835564136505 
0.8437836170196533 0.14898577332496643 0.0072305831126868725 
0.09546950459480286 0.8702412843704224 0.03428930044174194 
0.18335485458374023 0.7802192568778992 0.036425817757844925 
0.869185209274292 0.12472151219844818 0.006093248724937439 
0.7782492637634277 0.21362878382205963 0.008121957071125507 
0.5356894731521606 0.44429248571395874 0.02001803182065487 
0.2222117930650711 0.7219803929328918 0.05580771714448929 
0.07884559780359268 0.6163697242736816 0.30478471517562866 
0.884874701499939 0.10654778778553009 0.008577574975788593 
0.033462896943092346 0.36508485674858093 0.6014522314071655 
0.45206278562545776 0.49424511194229126 0.053692061454057693 
0.7071494460105896 0.2793632447719574 0.013487273827195168 
0.23627661168575287 0.6602857708930969 0.10343761742115021 
0.6873623728752136 0.2988017201423645 0.013835960999131203 
0.5644018650054932 0.3682912290096283 0.06730692833662033 
0.7886497378349304 0.20283646881580353 0.008513716980814934 
0.47574058175086975 0.5056574940681458 0.018601922318339348 
0.017700599506497383 0.4320189952850342 0.5502804517745972 
0.78626948595047 0.2057204246520996 0.008010041899979115 
0.78626948595047 0.2057204246520996 0.008010041899979115 
0.8073902726173401 0.1856340914964676 0.006975624710321426 
0.78626948595047 0.2057204246520996 0.008010041899979115 
0.07502869516611099 0.7969453930854797 0.12802597880363464 
0.5835967659950256 0.3940272629261017 0.022375965490937233 
0.24295185506343842 0.7266426086425781 0.03040558099746704 
0.07237614691257477 0.8511036038398743 0.07652026414871216 
0.08051643520593643 0.8880435824394226 0.031439948827028275 
0.9074233770370483 0.08775198459625244 0.00482467794790864 
0.5807055234909058 0.390783429145813 0.028511034324765205 
0.5164909362792969 0.45605888962745667 0.027450231835246086 
0.5112473964691162 0.45902496576309204 0.029727676883339882 
0.002746259793639183 0.059427857398986816 0.9378259181976318 
0.06871553510427475 0.5976877212524414 0.33359676599502563 
0.662801206111908 0.325406551361084 0.011792202480137348 
0.1565406322479248 0.770919680595398 0.07253967225551605 
0.15107248723506927 0.78415447473526 0.0647730678319931 
0.28742560744285583 0.6409547328948975 0.07161968946456909 
0.09375829994678497 0.8678491115570068 0.0383925624191761 
0.012889713980257511 0.4289741814136505 0.5581361055374146 
0.01848442293703556 0.36764779686927795 0.6138678193092346 
0.7772506475448608 0.21264100074768066 0.010108302347362041 
0.0022941960487514734 0.11864931881427765 0.8790565133094788 
0.8041393756866455 0.18469281494617462 0.011167755350470543 
0.052074503153562546 0.6364304423332214 0.3114950656890869 
0.019527845084667206 0.5781585574150085 0.40231356024742126 
0.007615303620696068 0.6034470796585083 0.3889376223087311 
0.07655497640371323 0.44729146361351013 0.47615352272987366 
0.004118077456951141 0.25054988265037537 0.7453320622444153 
0.17052823305130005 0.7006087303161621 0.12886303663253784 
0.05032531917095184 0.35574933886528015 0.5939253568649292 
0.07223109900951385 0.7576146125793457 0.1701543629169464 
0.8636210560798645 0.13145940005779266 0.004919562488794327 
0.32631421089172363 0.6196205019950867 0.05406517907977104 
0.4909765422344208 0.4859653413295746 0.0230580884963274 
0.8228446841239929 0.16926605999469757 0.007889269851148129 
0.0014290664112195373 0.035117682069540024 0.9634532332420349 
0.6368452906608582 0.34338605403900146 0.01976863481104374 
0.27136754989624023 0.6094540357589722 0.11917835474014282 
0.015506776981055737 0.39899688959121704 0.5854963660240173 
0.46674054861068726 0.48110702633857727 0.052152376621961594 
0.8437876105308533 0.15154147148132324 0.004670964553952217 
0.9136373400688171 0.07763662189245224 0.008725965395569801 
0.8769813179969788 0.11823113262653351 0.004787466023117304 
0.537542998790741 0.42182761430740356 0.040629442781209946 
0.08764522522687912 0.6755154132843018 0.23683935403823853 
0.9583340883255005 0.038734473288059235 0.002931418363004923 
0.44453245401382446 0.5332521796226501 0.02221541851758957 
0.44453245401382446 0.5332521796226501 0.02221541851758957 
0.013679775409400463 0.33149150013923645 0.6548287868499756 
0.02125321514904499 0.6815139651298523 0.29723283648490906 
0.030400333926081657 0.7774717807769775 0.19212792813777924 
0.8548476696014404 0.13932903110980988 0.0058233365416526794 
0.6490683555603027 0.3336945176124573 0.017237095162272453 
0.503404438495636 0.4628902077674866 0.03370536491274834 
0.12351178377866745 0.8414366245269775 0.035051632672548294 
0.06301060318946838 0.6756895780563354 0.2612997889518738 
0.18043936789035797 0.767045259475708 0.0525154247879982 
0.19050410389900208 0.7708075642585754 0.038688287138938904 
0.18795546889305115 0.7683476805686951 0.0436968132853508 
0.18795546889305115 0.7683476805686951 0.0436968132853508 
0.0013105854159221053 0.03378975763916969 0.9648996591567993 
0.004542234353721142 0.1289137750864029 0.8665440082550049 
0.8124184608459473 0.17202916741371155 0.01555237453430891 
0.19050410389900208 0.7708075642585754 0.038688287138938904 
0.013762292452156544 0.22510264813899994 0.7611350417137146 
0.347795307636261 0.575346052646637 0.07685863226652145 
0.0979669988155365 0.7750039100646973 0.127029150724411 
0.8233755826950073 0.16959413886070251 0.00703028216958046 
0.002750060986727476 0.5941703915596008 0.4030795395374298 
0.00721276318654418 0.25099653005599976 0.7417906522750854 
0.8456950187683105 0.1451738476753235 0.009131071157753468 
0.7406758069992065 0.25027817487716675 0.009046003222465515 
0.08256883174180984 0.8172125220298767 0.10021865367889404 
0.8764739036560059 0.11736994981765747 0.00615620706230402 
0.29031065106391907 0.671339213848114 0.03835013881325722 
0.07487701624631882 0.8779861330986023 0.04713684320449829 
0.9482566118240356 0.04970432072877884 0.002039066981524229 
0.15271508693695068 0.8089378476142883 0.03834707289934158 
0.9563229084014893 0.04175804927945137 0.0019191693281754851 
0.035849787294864655 0.697442352771759 0.26670777797698975 
0.02755582705140114 0.650968074798584 0.3214760422706604 
0.4281848669052124 0.5567810535430908 0.015034085139632225 
0.819613516330719 0.1735667884349823 0.0068197050131857395 
0.05027670040726662 0.561653733253479 0.3880695700645447 
0.05590253695845604 0.7862491011619568 0.15784841775894165 
0.36203062534332275 0.5839817523956299 0.05398760735988617 
0.0643344521522522 0.8559058904647827 0.07975970208644867 
0.10776105523109436 0.8459823727607727 0.04625658690929413 
0.822451114654541 0.16878731548786163 0.008761543780565262 
0.06127920746803284 0.6833612322807312 0.25535956025123596 
0.858392059803009 0.1339838057756424 0.007624167948961258 
0.018898485228419304 0.5169594287872314 0.4641420543193817 
0.20065070688724518 0.7126243114471436 0.08672500401735306 
0.6933038234710693 0.29518935084342957 0.01150683593004942 
0.04130277410149574 0.8460466265678406 0.11265059560537338 
0.11903498321771622 0.4541782736778259 0.42678678035736084 
0.8475788831710815 0.1470809280872345 0.005340094678103924 
0.8145001530647278 0.17862090468406677 0.006878954824060202 
0.6450694799423218 0.34177276492118835 0.013157777488231659 
0.47230276465415955 0.4673745334148407 0.060322705656290054 
0.7015390396118164 0.29038485884666443 0.008076180703938007 
0.48090535402297974 0.49636268615722656 0.022732021287083626 
0.01547528151422739 0.6507025957107544 0.333822101354599 
0.0009838829282671213 0.10143459588289261 0.8975814580917358 
0.5903656482696533 0.37140652537345886 0.03822783753275871 
0.061226341873407364 0.41067150235176086 0.5281021595001221 
0.8042536973953247 0.19034650921821594 0.005399879068136215 
0.7625001668930054 0.2293071448802948 0.008192751556634903 
0.5846202969551086 0.4027233123779297 0.012656396254897118 
0.16218891739845276 0.6917332410812378 0.14607778191566467 
0.4455174207687378 0.5312381982803345 0.023244380950927734 
0.27739259600639343 0.6781633496284485 0.044444043189287186 
0.1285945475101471 0.6898643970489502 0.1815410852432251 
0.8835535049438477 0.10698879510164261 0.009457654319703579 
0.02549409307539463 0.6418680548667908 0.33263787627220154 
0.8865899443626404 0.10674256831407547 0.006667518522590399 
0.0894467830657959 0.8754162788391113 0.03513689339160919 
0.005952566862106323 0.3616386950016022 0.6324086785316467 
0.872489869594574 0.12182780355215073 0.00568231288343668 
0.16291595995426178 0.7216023206710815 0.11548173427581787 
0.8444822430610657 0.14915670454502106 0.006361013278365135 
0.2597494125366211 0.5758538842201233 0.1643967181444168 
0.8195191025733948 0.1766517460346222 0.003829121822491288 
0.14818362891674042 0.5248070359230042 0.32700932025909424 
0.03212813660502434 0.43164366483688354 0.5362281799316406 
0.4233437478542328 0.5496084094047546 0.027047807350754738 
0.0557793490588665 0.8728829622268677 0.07133770734071732 
0.3948368430137634 0.5743750333786011 0.030788205564022064 
0.7530315518379211 0.23744787275791168 0.00952056236565113 
0.6918593645095825 0.294878751039505 0.013261889107525349 
0.0018749216105788946 0.09762346744537354 0.900501549243927 
0.8017843961715698 0.1926494985818863 0.005566099658608437 
0.13928405940532684 0.7975305318832397 0.06318531930446625 
0.019071459770202637 0.7887691259384155 0.19215936958789825 
0.8093401789665222 0.17874261736869812 0.011917173862457275 
0.5722296237945557 0.41612523794174194 0.011645052582025528 
0.08751891553401947 0.7721216082572937 0.14035944640636444 
0.4084083139896393 0.5631511211395264 0.028440576046705246 
0.7388690710067749 0.23713117837905884 0.02399977296590805 
0.2686682939529419 0.483591765165329 0.24773994088172913 
0.13979168236255646 0.742196798324585 0.11801157891750336 
0.8632878661155701 0.1289425641298294 0.007769579067826271 
0.8125723004341125 0.17841309309005737 0.009014534763991833 
0.17986971139907837 0.7429842948913574 0.07714599370956421 
0.20480231940746307 0.6547285914421082 0.14046905934810638 
0.7417089939117432 0.24663183093070984 0.011659177020192146 
0.1832156777381897 0.7694262862205505 0.047358009964227676 
0.9505578279495239 0.046004779636859894 0.003437384031713009 
0.04755249246954918 0.44499069452285767 0.5074567794799805 
0.3422260582447052 0.6031969785690308 0.054576970636844635 
0.5077546238899231 0.47821930050849915 0.014026038348674774 
0.18486270308494568 0.7866522669792175 0.02848503552377224 
0.12118987739086151 0.8166056871414185 0.06220439821481705 
0.8252493739128113 0.1685326099395752 0.006218007765710354 
0.15813833475112915 0.6249330639839172 0.21692858636379242 
0.12118987739086151 0.8166056871414185 0.06220439821481705 
0.003198181977495551 0.07960013300180435 0.9172016382217407 
0.8218351006507874 0.16708038747310638 0.01108455192297697 
0.6286733746528625 0.35770606994628906 0.013620555400848389 
0.7885090708732605 0.20198588073253632 0.009505081921815872 
0.007154707796871662 0.30108216404914856 0.691763162612915 
0.008758515119552612 0.41208213567733765 0.5791592597961426 
0.009069079533219337 0.3912881016731262 0.599642813205719 
0.6945533156394958 0.2962052822113037 0.009241383522748947 
0.17251674830913544 0.7643341422080994 0.06314913183450699 
0.1671740561723709 0.7484577298164368 0.08436818420886993 
0.012491867877542973 0.7830492854118347 0.20445892214775085 
0.026417111977934837 0.8622799515724182 0.11130297929048538 
0.45470231771469116 0.5247015357017517 0.02059612236917019 
0.30167117714881897 0.638830840587616 0.05949795991182327 
0.57883220911026 0.4100683331489563 0.011099472641944885 
0.42002636194229126 0.5622668266296387 0.01770680770277977 
0.027113819494843483 0.5017490983009338 0.47113701701164246 
0.8420915007591248 0.14704884588718414 0.010859642177820206 
0.20237316191196442 0.7560484409332275 0.04157842695713043 
0.13100501894950867 0.7664448618888855 0.10255003720521927 
0.0018710307776927948 0.06472144275903702 0.9334074854850769 
0.745747983455658 0.24180589616298676 0.012446100823581219 
0.01687960885465145 0.6431440114974976 0.33997634053230286 
0.6589904427528381 0.3215433657169342 0.019466137513518333 
0.5588919520378113 0.42864274978637695 0.012465265579521656 
0.02049340307712555 0.5327252149581909 0.4467814266681671 
0.0049835871905088425 0.3676851689815521 0.6273312568664551 
0.6927073001861572 0.29469943046569824 0.012593223713338375 
0.29468122124671936 0.6710457801818848 0.03427298367023468 
0.4393051862716675 0.5439058542251587 0.016788989305496216 
0.0557793490588665 0.8728829622268677 0.07133770734071732 
0.6988319158554077 0.2895621657371521 0.011605851352214813 
0.6296524405479431 0.35104668140411377 0.01930091343820095 
0.20424391329288483 0.6552865505218506 0.1404695361852646 
0.5480402112007141 0.4286414682865143 0.02331838756799698 
0.577189564704895 0.39988574385643005 0.022924717515707016 
0.8541079759597778 0.13804344832897186 0.007848520763218403 
0.6093472242355347 0.3702601492404938 0.020392606034874916 
0.9285733103752136 0.06813418865203857 0.0032925414852797985 
0.02049340307712555 0.5327252149581909 0.4467814266681671 
0.04635559394955635 0.6098336577415466 0.3438107669353485 
0.5138062834739685 0.4398351013660431 0.04635864496231079 
0.07215536385774612 0.7853512763977051 0.14249342679977417 
0.8741950392723083 0.12006929516792297 0.005735653452575207 
0.001291771186515689 0.04224288836121559 0.9564654231071472 
0.08210760354995728 0.8454707860946655 0.07242155820131302 
0.11868035048246384 0.8451170921325684 0.036202505230903625 
0.5650721788406372 0.4153441786766052 0.01958365924656391 
0.08210760354995728 0.8454707860946655 0.07242155820131302 
0.9419549703598022 0.055891845375299454 0.002153216628357768 
0.8015202879905701 0.18952588737010956 0.008953815326094627 
0.864351212978363 0.12970122694969177 0.005947554484009743 
0.91374272108078 0.08202240616083145 0.004234819207340479 
0.10744119435548782 0.7287266850471497 0.16383212804794312 
0.8219676613807678 0.16922694444656372 0.008805442601442337 
0.14122715592384338 0.7688671946525574 0.08990562707185745 
0.4054291844367981 0.5392547249794006 0.05531608313322067 
0.02447011135518551 0.575132429599762 0.4003974497318268 
0.005925591569393873 0.5629231929779053 0.43115121126174927 
0.003438349347561598 0.02361469157040119 0.9729470014572144 
0.8652690052986145 0.1282370388507843 0.006493952590972185 
0.858691394329071 0.13423356413841248 0.00707499124109745 
0.6262562870979309 0.36447057127952576 0.009273134171962738 
0.6403908133506775 0.3508506119251251 0.0087586073204875 
0.6418229937553406 0.3492513597011566 0.008925632573664188 
0.1085200384259224 0.8502837419509888 0.04119618237018585 
0.31088829040527344 0.5818073153495789 0.1073043942451477 
0.2880273163318634 0.6748462915420532 0.03712640330195427 
0.011058049276471138 0.4868640899658203 0.5020778179168701 
0.7905396819114685 0.20156511664390564 0.007895240560173988 
0.7179335355758667 0.2522270083427429 0.029839489609003067 
0.17630161345005035 0.8013213276863098 0.022377070039510727 
0.06919420510530472 0.6694698333740234 0.26133590936660767 
0.9147777557373047 0.07929683476686478 0.005925493314862251 
0.439237505197525 0.5395827293395996 0.021179720759391785 
0.8778858780860901 0.11729885637760162 0.004815213847905397 
0.6356497406959534 0.3425827920436859 0.021767469123005867 
0.6397812366485596 0.3393296003341675 0.020889194682240486 
0.4698236882686615 0.49914517998695374 0.03103119321167469 
0.3349025249481201 0.4685470163822174 0.19655045866966248 
0.8920456171035767 0.10280095040798187 0.005153432488441467 
0.71988844871521 0.254640132188797 0.02547149918973446 
0.6761490702629089 0.31132611632347107 0.012524819001555443 
0.36564698815345764 0.6198477149009705 0.014505267143249512 
0.25867292284965515 0.6505101323127747 0.090816929936409 
0.13448618352413177 0.8064044713973999 0.059109389781951904 
0.6641566753387451 0.31941184401512146 0.016431545838713646 
0.6382027864456177 0.3485162556171417 0.013280987739562988 
0.8953861594200134 0.09848646819591522 0.006127355620265007 
0.9214380383491516 0.07307200133800507 0.005490018054842949 
0.749636709690094 0.23923635482788086 0.011126953177154064 
0.7121567130088806 0.2793465852737427 0.008496714755892754 
0.8856743574142456 0.10679565370082855 0.007529964670538902 
0.6559432148933411 0.33240634202957153 0.011650440283119678 
0.02048744633793831 0.3554907739162445 0.6240217089653015 
0.8560100793838501 0.1348448097705841 0.009145095944404602 
0.8470354676246643 0.14653219282627106 0.0064323777332901955 
0.0020113459322601557 0.07698635756969452 0.9210023283958435 
0.24309882521629333 0.7172789573669434 0.039622288197278976 
0.0013807365903630853 0.012247667647898197 0.9863715767860413 
0.3963881731033325 0.5836367607116699 0.019975053146481514 
0.44468116760253906 0.4540117383003235 0.10130707919597626 
0.4618689715862274 0.5137123465538025 0.024418670684099197 
0.014991039410233498 0.8636868596076965 0.1213221549987793 
0.07482382655143738 0.5590909719467163 0.3660852015018463 
0.01688866876065731 0.3362208604812622 0.6468904614448547 
0.33037859201431274 0.5999017953872681 0.06971956044435501 
0.8788792490959167 0.11661352217197418 0.004507220350205898 
0.9061224460601807 0.08971751481294632 0.004160020034760237 
0.0215435940772295 0.5174596309661865 0.4609968066215515 
0.01265708263963461 0.6464956402778625 0.3408472537994385 
0.3226821720600128 0.5974428057670593 0.07987508177757263 
0.0011635515838861465 0.00705200619995594 0.9917844533920288 
0.5695509910583496 0.4072688817977905 0.023180140182375908 
0.8805918097496033 0.11491304636001587 0.004495141562074423 
0.8358942866325378 0.15507175028324127 0.009033971466124058 
0.0021117194555699825 0.09194879978895187 0.9059394598007202 
0.7454308271408081 0.23935598134994507 0.01521319430321455 
0.8460280895233154 0.14362801611423492 0.010343899019062519 
0.0111107612028718 0.13249869644641876 0.8563905358314514 
0.01798728108406067 0.18592429161071777 0.7960883975028992 
0.7390310764312744 0.25136512517929077 0.009603804908692837 
0.5780401825904846 0.37895143032073975 0.04300834611058235 
0.8569126725196838 0.1353515237569809 0.007735748775303364 
0.05782654508948326 0.5964552164077759 0.34571826457977295 
0.5213666558265686 0.42600879073143005 0.05262450873851776 
0.005412145517766476 0.6221814155578613 0.37240639328956604 
0.80283123254776 0.18200944364070892 0.01515932660549879 
0.39167505502700806 0.5399336814880371 0.06839124858379364 
0.23955562710762024 0.7224404215812683 0.038003966212272644 
0.752663254737854 0.2356874644756317 0.011649291031062603 
0.41360852122306824 0.5630839467048645 0.023307539522647858 
0.5085895657539368 0.454110711812973 0.03729967027902603 
0.05731463059782982 0.8522812724113464 0.09040413051843643 
0.49181482195854187 0.4880147874355316 0.020170383155345917 
0.1708013117313385 0.80701744556427 0.022181276232004166 
0.42483311891555786 0.5574634075164795 0.01770341396331787 
0.5894242525100708 0.3983806371688843 0.01219520065933466 
0.0013852919219061732 0.03085140883922577 0.9677633047103882 
0.5816625356674194 0.37592098116874695 0.042416445910930634 
0.7462243437767029 0.23909080028533936 0.014684796333312988 
0.7300012707710266 0.25644588470458984 0.013552858494222164 
0.5634356737136841 0.36665233969688416 0.06991193443536758 
0.43216025829315186 0.5429742336273193 0.02486545965075493 
0.9263956546783447 0.0701315701007843 0.0034727228339761496 
0.9283778667449951 0.06699302047491074 0.004629139788448811 
0.05809464305639267 0.9080182909965515 0.033887021243572235 
0.7347848415374756 0.2555142343044281 0.009700963273644447 
0.9417065382003784 0.05547409504652023 0.0028193097095936537 
0.008285904303193092 0.4728654623031616 0.5188485980033875 
0.6729503870010376 0.3175188899040222 0.0095306895673275 
0.8254472017288208 0.170336052775383 0.004216777626425028 
0.8977414965629578 0.09615758061408997 0.0061009833589196205 
0.1514243483543396 0.6765388250350952 0.17203682661056519 
0.005714559927582741 0.15118315815925598 0.8431022763252258 
0.5001348257064819 0.44077053666114807 0.05909464880824089 
0.052615687251091 0.5432851314544678 0.4040992259979248 
0.052615687251091 0.5432851314544678 0.4040992259979248 
0.7701404690742493 0.21721151471138 0.012648027390241623 
0.6230383515357971 0.34980833530426025 0.027153413742780685 
0.7155017256736755 0.26775407791137695 0.016744159162044525 
0.36564698815345764 0.6198477149009705 0.014505267143249512 
0.49560779333114624 0.47950872778892517 0.024883460253477097 
0.06465711444616318 0.5083633065223694 0.42697960138320923 
0.5815943479537964 0.4057454764842987 0.012660101987421513 
0.8759496212005615 0.11837971210479736 0.005670585669577122 
0.09622562676668167 0.8577719926834106 0.046002261340618134 
0.002156526083126664 0.11359906196594238 0.8842443823814392 
0.633658230304718 0.3499075174331665 0.016434282064437866 
0.6681557297706604 0.30668699741363525 0.025157317519187927 
0.012082114815711975 0.8346154689788818 0.15330243110656738 
0.8807017207145691 0.11250881105661392 0.006789425853639841 
0.6149682402610779 0.36302924156188965 0.02200251631438732 
0.09387248754501343 0.5643236041069031 0.3418039083480835 
0.09546950459480286 0.8702412843704224 0.03428930044174194 
0.16550597548484802 0.672275185585022 0.1622188538312912 
0.7205910682678223 0.26820871233940125 0.01120024174451828 
0.012532527558505535 0.545745849609375 0.4417216181755066 
0.690639853477478 0.29065945744514465 0.018700744956731796 
0.5768988728523254 0.40479522943496704 0.018305905163288116 
0.690639853477478 0.29065945744514465 0.018700744956731796 
0.7806425094604492 0.21153105795383453 0.00782641302794218 
0.12083348631858826 0.8309457302093506 0.04822077229619026 
0.06878550350666046 0.888491690158844 0.042722806334495544 
0.55318284034729 0.42945849895477295 0.017358697950839996 
0.019096022471785545 0.6339364051818848 0.3469676375389099 
0.019096022471785545 0.6339364051818848 0.3469676375389099 
0.09928881376981735 0.7952556610107422 0.10545545816421509 
0.18651512265205383 0.5979146957397461 0.21557015180587769 
0.004189787898212671 0.07895804196596146 0.9168521761894226 
0.6231852173805237 0.3616611957550049 0.015153530985116959 
0.8805918097496033 0.11491304636001587 0.004495141562074423 
0.8788792490959167 0.11661352217197418 0.004507220350205898 
0.9007164239883423 0.0947641134262085 0.004519498907029629 
0.433236300945282 0.543944776058197 0.022818924859166145 
0.7233896255493164 0.26492464542388916 0.011685672216117382 
0.8374475836753845 0.15790191292762756 0.0046504586935043335 
0.8395581245422363 0.153681218624115 0.0067605748772621155 
0.6176709532737732 0.3609543740749359 0.0213746577501297 
0.6361907124519348 0.34941402077674866 0.014395217411220074 
0.6341150403022766 0.3503888249397278 0.01549613755196333 
0.8307878971099854 0.16030141711235046 0.008910681121051311 
0.6501142382621765 0.3346969485282898 0.015188755467534065 
0.7410284280776978 0.24945414066314697 0.009517434053122997 
0.5629202127456665 0.42310476303100586 0.013975017704069614 
0.730825662612915 0.2628772556781769 0.006297031883150339 
0.38338130712509155 0.5534546971321106 0.06316393613815308 
0.3482854962348938 0.6023350954055786 0.049379438161849976 
0.28340181708335876 0.6678374409675598 0.04876076057553291 
0.5342516303062439 0.44432497024536133 0.02142343856394291 
0.7412473559379578 0.2496498078107834 0.009102826938033104 
0.14504285156726837 0.775932788848877 0.07902438938617706 
0.6702197790145874 0.31830477714538574 0.011475433595478535 
0.2444389909505844 0.6634804606437683 0.0920805111527443 
0.8040350675582886 0.1888757348060608 0.00708923302590847 
0.006120970472693443 0.6157674789428711 0.3781115710735321 
0.5441626906394958 0.4342460036277771 0.02159128151834011 
0.9597024917602539 0.03775482252240181 0.002542647998780012 
0.5289947390556335 0.33928391337394714 0.13172128796577454 
0.8276903033256531 0.16483598947525024 0.007473750505596399 
0.6720457077026367 0.31200292706489563 0.0159513670951128 
0.32631421089172363 0.6196205019950867 0.05406517907977104 
0.19345955550670624 0.7624112367630005 0.04412919282913208 
0.005908365827053785 0.376749187707901 0.6173424124717712 
0.012915587984025478 0.5690136551856995 0.4180707633495331 
0.10073878616094589 0.7493630051612854 0.1498982161283493 
0.8569539189338684 0.13702049851417542 0.006025669630616903 
0.7429066300392151 0.24965381622314453 0.007439558394253254 
0.022780347615480423 0.7192769050598145 0.2579427659511566 
0.02049340307712555 0.5327252149581909 0.4467814266681671 
0.02049340307712555 0.5327252149581909 0.4467814266681671 
0.7564701437950134 0.23154708743095398 0.011982721276581287 
0.9369195699691772 0.0594918467104435 0.0035885546822100878 
0.31500113010406494 0.620476484298706 0.06452243775129318 
0.9583407044410706 0.03929141163825989 0.0023679460864514112 
0.004530088976025581 0.49903935194015503 0.49643057584762573 
0.9022744297981262 0.09275751560926437 0.0049680802039802074 
0.4025179147720337 0.5650205612182617 0.03246154636144638 
0.7499647736549377 0.24112047255039215 0.008914663456380367 
0.6879679560661316 0.3014337122440338 0.010598337277770042 
0.8651265501976013 0.13002929091453552 0.004844190087169409 
0.7901431918144226 0.19869959354400635 0.011157223023474216 
0.8289795517921448 0.16529163718223572 0.005728832446038723 
0.8656060099601746 0.12686662375926971 0.007527346257120371 
0.3069840669631958 0.648603081703186 0.04441288486123085 
0.8398504853248596 0.15377135574817657 0.006378082558512688 
0.8527311682701111 0.13957221806049347 0.007696612738072872 
0.9473825097084045 0.050073277205228806 0.002544223330914974 
0.11274082958698273 0.6791168451309204 0.20814234018325806 
0.0014348308322951198 0.026561502367258072 0.9720036387443542 
0.8730551600456238 0.12043935060501099 0.006505473051220179 
0.5563050508499146 0.41091808676719666 0.03277687355875969 
0.8000494241714478 0.19010108709335327 0.009849502705037594 
0.1445089429616928 0.8116413354873657 0.04384976997971535 
0.15074872970581055 0.8219985961914062 0.02725277654826641 
0.7256282567977905 0.2555394768714905 0.018832281231880188 
0.6069673299789429 0.3747861385345459 0.018246565014123917 
0.7911410927772522 0.19352830946445465 0.01533061545342207 
0.4015538692474365 0.5730406641960144 0.02540549449622631 
0.07482382655143738 0.5590909719467163 0.3660852015018463 
0.10141602158546448 0.5586147308349609 0.3399692475795746 
0.07430952042341232 0.7831615805625916 0.14252889156341553 
0.8449075222015381 0.1476181149482727 0.0074743228033185005 
0.8180235028266907 0.17348621785640717 0.008490270934998989 
0.8776372671127319 0.11726273596286774 0.005100052338093519 
0.0241636261343956 0.7857191562652588 0.1901172399520874 
0.004790602717548609 0.08252838999032974 0.912680983543396 
0.027552159503102303 0.6905065178871155 0.28194132447242737 
0.5100095868110657 0.4399585723876953 0.05003184452652931 
0.9155443906784058 0.08102629333734512 0.0034293157514184713 
0.01540724653750658 0.7403719425201416 0.24422083795070648 
0.9272524118423462 0.06986698508262634 0.0028806468471884727 
0.07136159390211105 0.8257030844688416 0.10293532907962799 
0.08746551722288132 0.8698168992996216 0.04271761327981949 
0.0031853518448770046 0.10823246836662292 0.8885822296142578 
0.789831817150116 0.1963491439819336 0.013819023966789246 
0.7146515250205994 0.2757551074028015 0.0095934197306633 
0.19209064543247223 0.7394154071807861 0.06849394738674164 
0.5773141384124756 0.40855804085731506 0.014127827249467373 
0.3207424283027649 0.6624715924263 0.016786005347967148 
0.4915860891342163 0.4763606786727905 0.03205316886305809 
0.5765039324760437 0.3886643946170807 0.03483167290687561 
0.07444356381893158 0.8896533250808716 0.035903144627809525 
0.9068793654441833 0.08905954658985138 0.00406113313511014 
0.04628177732229233 0.4964217245578766 0.45729655027389526 
0.7991599440574646 0.19527237117290497 0.005567639600485563 
0.7991599440574646 0.19527237117290497 0.005567639600485563 
0.7991599440574646 0.19527237117290497 0.005567639600485563 
0.04123132675886154 0.48551157116889954 0.47325706481933594 
0.6685288548469543 0.3164041340351105 0.015067036263644695 
0.6685288548469543 0.3164041340351105 0.015067036263644695 
0.6685288548469543 0.3164041340351105 0.015067036263644695 
0.6846269965171814 0.30173632502555847 0.013636594638228416 
0.7862662672996521 0.1992918848991394 0.014441858045756817 
0.14001783728599548 0.7935802936553955 0.06640193611383438 
0.0044255126267671585 0.22918552160263062 0.7663888931274414 
0.11143600195646286 0.8367863893508911 0.05177769437432289 
0.8756405711174011 0.11755511164665222 0.006804333068430424 
0.9698909521102905 0.0282480139285326 0.0018610069528222084 
0.14055679738521576 0.7528600692749023 0.1065831333398819 
0.1974499225616455 0.6915379166603088 0.11101210862398148 
0.013124466873705387 0.6421245336532593 0.3447510600090027 
0.7787929177284241 0.21268615126609802 0.008521003648638725 
0.2558639645576477 0.7269468903541565 0.017189158126711845 
0.8643888235092163 0.13039527833461761 0.0052159568294882774 
0.011244281195104122 0.47351711988449097 0.5152385830879211 
0.7681992053985596 0.22193531692028046 0.00986540224403143 
0.5672221183776855 0.3974784314632416 0.035299431532621384 
0.6483680009841919 0.33658209443092346 0.015049854293465614 
0.37215837836265564 0.5224432945251465 0.10539829730987549 
0.5314661264419556 0.4414973556995392 0.02703648805618286 
0.22260630130767822 0.7262712717056274 0.05112249776721001 
0.645472526550293 0.326048344373703 0.028479160740971565 
0.007451796904206276 0.8129931688308716 0.1795549988746643 
0.6978774070739746 0.291822224855423 0.010300344787538052 
0.11770235002040863 0.8346534967422485 0.04764409363269806 
0.3417942523956299 0.5204246640205383 0.13778109848499298 
0.004736551083624363 0.7183114886283875 0.27695193886756897 
0.7239415645599365 0.24626219272613525 0.02979625016450882 
0.2550699710845947 0.7116462588310242 0.0332837738096714 
0.9427745342254639 0.05305396392941475 0.004171540029346943 
0.4735466539859772 0.501547634601593 0.024905722588300705 
0.8436011075973511 0.14990638196468353 0.006492568179965019 
0.6486402153968811 0.3347637355327606 0.016596002504229546 
0.797467827796936 0.18828439712524414 0.014247807674109936 
0.002990962704643607 0.24459901452064514 0.7524099946022034 
0.6862318515777588 0.3002403676509857 0.013527827337384224 
0.8355324268341064 0.1528819054365158 0.011585679836571217 
0.8659780621528625 0.12941119074821472 0.004610794596374035 
0.2689528465270996 0.6810710430145264 0.04997607320547104 
0.43798404932022095 0.5407294631004333 0.02128647267818451 
0.36221593618392944 0.6077582240104675 0.030025819316506386 
0.2705683708190918 0.6120590567588806 0.1173725500702858 
0.1194186806678772 0.7691611647605896 0.1114201694726944 
0.0014141428982838988 0.031182078644633293 0.9674038290977478 
0.04941033944487572 0.8790680766105652 0.07152162492275238 
0.37071529030799866 0.5932146906852722 0.03606995940208435 
0.39953815937042236 0.5687464475631714 0.03171532228589058 
0.6452558636665344 0.3329372704029083 0.021806862205266953 
0.16452926397323608 0.7724193930625916 0.06305135786533356 
0.7112225294113159 0.2517273426055908 0.03705012425780296 
0.8029124736785889 0.18746092915534973 0.00962661299854517 
0.5077546238899231 0.47821930050849915 0.014026038348674774 
0.007154707796871662 0.30108216404914856 0.691763162612915 
0.008758515119552612 0.41208213567733765 0.5791592597961426 
0.009069079533219337 0.3912881016731262 0.599642813205719 
0.8510539531707764 0.14312362670898438 0.005822396371513605 
0.4694261848926544 0.5004639625549316 0.030109865590929985 
0.8007929921150208 0.1910523623228073 0.008154673501849174 
0.0876070186495781 0.6795734763145447 0.23281952738761902 
0.5237799286842346 0.45037510991096497 0.025844911113381386 
0.7946767807006836 0.19493794441223145 0.010385250672698021 
0.402633935213089 0.5565764904022217 0.04078955575823784 
0.3606209456920624 0.585932195186615 0.05344687029719353 
0.011017123237252235 0.7716101408004761 0.21737277507781982 
0.5930960178375244 0.3756568431854248 0.031247224658727646 
0.8012710213661194 0.1863805204629898 0.012348469346761703 
0.8171738386154175 0.17586788535118103 0.006958325393497944 
0.5523117184638977 0.38404595851898193 0.06364227831363678 
0.8307745456695557 0.16127918660640717 0.00794626958668232 
0.8502811193466187 0.14390678703784943 0.005812032613903284 
0.4321155548095703 0.5449597835540771 0.02292468398809433 
0.9042280912399292 0.08954545110464096 0.006226437631994486 
0.3757724165916443 0.6083195805549622 0.015908021479845047 
0.19139327108860016 0.7296231985092163 0.0789835974574089 
0.30614572763442993 0.6520933508872986 0.041760899126529694 
0.0022884381469339132 0.06784842163324356 0.9298631548881531 
0.736439049243927 0.22223038971424103 0.04133060574531555 
0.5912577509880066 0.39548641443252563 0.013255901634693146 
0.08138422667980194 0.8221922516822815 0.09642347693443298 
0.9145674109458923 0.08201542496681213 0.003417175728827715 
0.8264725804328918 0.16309744119644165 0.010429956018924713 
0.8723854422569275 0.12224110215902328 0.00537349795922637 
0.2711133658885956 0.6582488417625427 0.07063783705234528 
0.8406065702438354 0.15318532288074493 0.006208099890500307 
0.6042805910110474 0.3783407509326935 0.017378663644194603 
0.8044284582138062 0.18567444384098053 0.009897034615278244 
0.06365900486707687 0.8283441662788391 0.10799682140350342 
0.5603013038635254 0.41466057300567627 0.025038134306669235 
0.8993015289306641 0.09525589644908905 0.005442596040666103 
0.11014654487371445 0.6394796371459961 0.2503737807273865 
0.8695673942565918 0.1253189593553543 0.005113649182021618 
0.00998712982982397 0.3186362087726593 0.671376645565033 
0.5860692858695984 0.37697920203208923 0.03695156052708626 
0.12380223721265793 0.8481471538543701 0.028050675988197327 
0.011332971975207329 0.2453056275844574 0.7433614134788513 
0.10054440796375275 0.8399147987365723 0.05954079329967499 
0.783654510974884 0.20580387115478516 0.010541602969169617 
0.21480785310268402 0.7144760489463806 0.07071619480848312 
0.21772600710391998 0.7172980308532715 0.0649760514497757 
0.8143277168273926 0.1768098920583725 0.008862435817718506 
0.1371571570634842 0.8312285542488098 0.03161434456706047 
0.020509781315922737 0.5585482120513916 0.42094194889068604 
0.4866577386856079 0.47517555952072144 0.03816666081547737 
0.3170636296272278 0.6391974687576294 0.043738868087530136 
0.8530289530754089 0.13894662261009216 0.008024522103369236 
0.771763265132904 0.21969455480575562 0.008542272262275219 
0.003345679258927703 0.05640137568116188 0.940252959728241 
0.1475529670715332 0.5476129651069641 0.3048340678215027 
0.022668352350592613 0.41584670543670654 0.5614849925041199 
0.8930957317352295 0.10012050718069077 0.006783798802644014 
0.4743649959564209 0.48834916949272156 0.03728584945201874 
0.9033375978469849 0.09038259834051132 0.006279842462390661 
0.23390835523605347 0.7033195495605469 0.06277211755514145 
0.8396589159965515 0.15521179139614105 0.005129261873662472 
0.844207763671875 0.14406640827655792 0.01172587275505066 
0.6142273545265198 0.36534518003463745 0.020427441224455833 
0.19617219269275665 0.7337254285812378 0.07010232657194138 
0.014248543418943882 0.35666507482528687 0.6290863752365112 
0.004760533105581999 0.07957646995782852 0.9156630635261536 
0.43322670459747314 0.5314628481864929 0.03531043231487274 
0.0072663314640522 0.2444910705089569 0.7482425570487976 
0.480593740940094 0.49481824040412903 0.024587972089648247 
0.02731781266629696 0.646632969379425 0.32604920864105225 
