0.011275584
0.13077009
0.3663195
0.004463699
0.09339976
0.010770464
0.025815224
0.29194102
0.29194102
0.38530836
0.035797745
0.29194102
0.29194102
0.06882462
0.29721388
0.0072799562
0.29194102
0.29194102
0.011651087
0.3023239
0.2910552
0.012416912
0.5683199
0.0064086216
0.0115778
0.02611814
0.0028378326
0.6708954
0.019119842
0.21533085
0.48221588
0.043297246
0.004364577
0.65566826
0.06736431
0.02949347
0.05550519
0.669675
0.669675
0.03279407
0.034100197
0.08817974
0.003341954
0.0062233163
0.19630913
0.06372814
0.11093736
0.066108085
0.02613405
0.0069606863
0.029168796
0.008933694
0.13482039
0.19568504
0.38530836
0.011658846
0.5613464
0.06663947
0.02567127
0.012009934
0.46402296
0.88947606
0.0043143746
0.28087997
0.6881675
0.052700218
0.033450454
0.0032360596
0.66141003
0.63811076
0.34165543
0.34165543
0.34165543
0.34165543
0.34165543
0.10629314
0.03460891
0.03349553
0.19465375
0.0061356723
0.6123921
0.017533254
0.023324499
0.0035413473
0.30878648
0.30878648
0.38530836
0.0033823675
0.5222417
0.006395925
0.06681807
0.09473272
0.29129744
0.0046395906
0.0102561265
0.008413757
0.009005504
0.025506433
0.026652854
0.008751483
0.030015701
0.045714762
0.93960845
0.38530836
0.0141656445
0.003605884
0.10948355
0.17422962
0.05353229
0.9324254
0.013022227
0.011005399
0.04688861
0.0045917686
0.013618854
0.0032581356
0.017745784
0.0049001733
0.034472223
0.28563532
0.03197804
0.03056712
0.013164928
0.38530836
0.018109825
0.015780305
0.015316496
0.021398287
0.17368402
0.008817519
0.08842107
0.053438693
0.8626712
0.1030237
0.022306837
0.010974941
0.0061000222
0.06532937
0.8396327
0.7882193
0.38530836
0.96034884
0.6826708
0.82925546
0.1865434
0.77837354
0.79209673
0.014309332
0.007982933
0.050887324
0.5866038
0.18177119
0.18501149
0.044051487
0.7205836
0.36392385
0.36392385
0.57574105
0.38530836
0.03684303
0.17367975
0.005556917
0.9143723
0.0047119
0.31399825
0.047927644
0.83841705
0.17715566
0.0096894
0.009281492
0.17479065
0.64878434
0.52430177
0.08101787
0.07974639
0.19326268
0.17715566
0.696137
0.092133425
0.58086187
0.15052499
0.27562922
0.013798457
0.15117551
0.17108747
0.12334391
0.17715566
0.059539046
0.17715566
0.17715566
0.03869478
0.39064905
0.17715566
0.08020837
0.38530836
0.019272674
0.11499281
0.17715566
0.11999998
0.08750056
0.48197982
0.0028843253
0.49486682
0.12835766
0.014533042
0.4841284
0.017947033
0.10378818
0.10378818
0.043677185
0.19519784
0.03126653
0.07399048
0.07865592
0.29645973
0.18904066
0.07865592
0.14661545
0.025509408
0.6167283
0.14956106
0.12848629
0.8277194
0.032291826
0.10324406
0.006655085
0.6727857
0.36392385
0.36392385
0.36392385
0.36392385
0.0047773086
0.83841705
0.24052778
0.38530836
0.9511411
0.003753745
0.013484498
0.007947246
0.02848564
0.03746323
0.0229501
0.053128853
0.24071348
0.8281708
0.09261258
0.07740181
0.014815447
0.025455168
0.0057917945
0.012248041
0.18068928
0.69099337
0.7325635
0.050538246
0.38530836
0.011970404
0.06315227
0.059334535
0.016137555
0.006841993
0.02824222
0.011410589
0.005375875
0.002207859
0.12558202
0.12859572
0.03679188
0.027838485
0.38530836
0.010016523
0.0065887473
0.062722914
0.005813257
0.71014714
0.007926559
0.0041337325
0.03502181
0.38789016
0.022482116
0.024158876
0.70889324
0.11656921
0.0779304
0.062461436
0.048876427
0.053875472
0.047419492
0.7702847
0.01492261
0.38530836
0.012305586
0.047634646
0.05731425
0.00358523
0.71472424
0.035308216
0.0036366356
0.177312
0.20760268
0.064675264
0.33267385
0.010445347
0.7560709
0.024951093
0.008364658
0.03777739
0.21319415
0.07711307
0.33880776
0.006232107
0.68101376
0.03421583
0.38530836
0.02045097
0.016174866
0.0113941645
0.06749323
0.009576215
0.12689424
0.0034327263
0.003363023
0.03706151
0.015382931
0.20421608
0.070437364
0.07733954
0.38530836
0.00498119
0.008446616
0.01627375
0.45686734
0.015785003
0.5204678
0.022091145
0.017207505
0.49047136
0.042879034
0.013159165
0.38530836
0.025933834
0.037796285
0.058552634
0.67826664
0.0039794873
0.040052395
0.053778462
0.36392385
0.36392385
0.36392385
0.54043907
0.023588758
0.35771018
0.061792135
0.06720213
0.05510118
0.08053816
0.38530836
0.09336505
0.36392385
0.36392385
0.015445049
0.04505802
