0.054069184
0.11460868
0.9677633
0.728988
0.8947555
0.024197506
0.11764822
0.0031100605
0.008357998
0.034072023
0.7786531
0.0063708313
0.32128718
0.0033374368
0.024207424
0.0023605567
0.321483
0.43494654
0.093890496
0.0031220478
0.039064854
0.9774959
0.01798818
0.00508058
0.0024372374
0.0054748724
0.43998677
0.019337375
0.11431464
0.032989047
0.11973122
0.04014838
0.9677633
0.03781703
0.0259574
0.5960632
0.026232092
0.013361419
0.06386096
0.023464205
0.033335157
0.036857396
0.23936649
0.06589598
0.030043993
0.0081717
0.008148349
0.14536546
0.006607371
0.011143923
0.04731084
0.04731084
0.04639964
0.7479377
0.32781252
0.64369416
0.28535348
0.38301647
0.09955614
0.049251806
0.17134047
0.2382452
0.13758011
0.025524467
0.9677633
0.08846843
0.0131536415
0.018158235
0.016752362
0.44060045
0.018241758
0.96618
0.020659901
0.8976989
0.08772078
0.020898433
0.5382948
0.735661
0.9739721
0.10329584
0.026017683
0.057509787
0.2074518
0.11239412
0.3401945
0.9677633
0.23478928
0.7458919
0.38583565
0.25691292
0.9616766
0.034366503
0.27646434
0.2015391
0.47549248
0.022587815
0.006177477
0.1642832
0.6210784
0.023703773
0.18001394
0.032782704
0.013548466
0.09648261
0.037643753
0.09235524
0.08823032
0.9677633
0.34526706
0.00963808
0.016575042
0.015739368
0.45244128
0.3937589
0.22129652
0.25068215
0.52966106
0.833532
0.048279535
0.01810146
0.08353092
0.009823211
0.06849502
0.30147213
0.86855215
0.12584761
0.023261998
0.05916658
0.04452967
0.08842416
0.060404956
0.9677633
0.2806371
0.2806371
0.9175871
0.3678251
0.8917839
0.120829344
0.09500579
0.83840334
0.15430106
0.01974061
0.0173048
0.478015
0.93584996
0.5826224
0.021747015
0.105888925
0.055980593
0.07092385
0.15844618
0.09031575
0.06624543
0.08288155
0.07773571
0.09052994
0.07275358
0.01924667
0.032006986
0.028021721
0.16789152
0.2835464
0.0028703427
0.85870683
0.09004791
0.15338123
0.022838257
0.9677633
0.93096405
0.009571335
0.00939779
0.8124339
0.008807666
0.8827643
0.21687618
0.009764436
0.0972518
0.046162453
0.119914904
0.0074621867
0.07152661
0.6173381
0.16789152
0.6426718
0.10564066
0.0034342934
0.018285345
0.9664305
0.19031118
0.08899413
0.0873652
0.013009644
0.91826844
0.11273444
0.6441797
0.09701079
0.031310998
0.40146708
0.97004324
0.24844417
0.016434317
0.07092385
0.7254453
0.013427677
0.058720004
0.010470556
0.9428707
0.007191135
0.010443203
0.31751573
0.2664554
0.03333746
0.13307972
0.058162816
0.5866424
0.028507713
0.0049612736
0.021619553
0.11606597
0.84523404
0.6357951
0.27469108
0.03624266
0.01974061
0.5095122
0.030247808
0.57631725
0.20234776
0.0725279
0.04304235
0.026013188
0.007540709
0.2806371
0.084879436
0.12765999
0.09722646
0.082259074
0.026317304
0.63013214
0.7097861
0.37918812
0.032111835
0.9081969
0.00666601
0.83919346
0.25454855
0.035907853
0.08772309
0.12895177
0.051027607
0.91915315
0.5409094
0.6010796
0.003635624
0.6510105
0.7026785
0.23848724
0.98182285
0.025250508
0.011909393
0.014405191
0.017547993
0.022268591
0.02868821
0.01923941
0.64544815
0.7958154
0.08342364
0.006357235
0.017017959
0.033770192
0.22189955
0.23453827
0.101097256
0.004798153
0.17827092
0.2886997
0.2781742
0.20337209
0.2057517
0.9677633
0.041376032
0.03839095
0.012073272
0.052513704
0.4955324
0.73491037
0.17554326
0.019569315
0.007074777
0.032499053
0.045227658
0.07442369
0.8551823
0.1714942
0.85290897
0.05300371
0.9778372
0.20146233
0.054401506
0.35486287
0.53675383
0.017223096
0.96012473
0.8825177
0.036926024
0.0074684694
0.87849987
0.018279325
0.012239309
0.9425499
0.05304513
0.08668495
0.0340293
0.005052501
0.8047983
0.64953727
0.95671105
0.07080881
0.44870862
0.0476389
0.025904126
0.048318505
0.020262204
0.18285789
0.018501936
0.78988093
0.018291965
0.5638196
0.06675673
0.005336887
0.027910717
0.17326869
0.9266822
0.9408195
0.78498465
0.0085694995
0.17586027
0.005014502
0.50217146
0.078237414
0.018971357
0.39949363
0.9029276
0.035396248
0.026525319
0.026693009
0.03143639
0.006058684
0.014365791
0.027798679
0.18640538
0.59638745
0.02291112
0.2787163
0.014671676
0.009873147
0.030361412
0.13797626
0.049940355
0.06490412
0.008146691
0.05696266
0.025466757
0.5147908
0.042029962
0.15978508
0.033180773
0.006124086
0.022182573
0.06515324
0.39299634
0.5272655
0.016881974
0.12763472
0.42316094
0.16138832
0.1522481
0.017207054
0.7528501
0.88892895
0.024337173
0.56412023
0.037781533
0.94700027
0.027106145
0.014773264
0.20322241
0.815557
0.12325944
0.97915363
0.124092095
0.49829152
0.097713284
0.044037953
0.7854884
0.14977609
0.153216
0.6435241
0.0987342
0.75904405
0.5128643
0.007420373
0.90720236
0.038146593
0.026720703
0.003444833
0.75414383
0.023586737
0.015280256
0.9428282
0.43729645
0.03590959
0.052513704
0.2942618
0.017308123
0.066420265
0.15118146
0.35008696
0.056464847
0.96159846
0.078337796
0.17340782
0.87444264
0.010193437
0.0051872144
0.0033301977
0.031195665
0.29266638
0.033429634
0.036973905
0.027534967
0.10193325
0.07402372
0.09369032
0.63169104
0.21769634
0.031836916
0.04623167
0.025177943
0.9291113
0.0135126095
0.0058119367
0.82640433
0.058902856
0.65749466
0.057874333
0.06171742
0.2486503
0.039688453
0.37975958
0.029589599
0.02131333
0.9370013
0.24716298
0.7818666
0.9174699
0.62960553
0.041724272
0.03004025
0.18749961
0.062023316
0.048995163
0.94056517
0.041634962
0.15765716
0.047372594
0.19371803
0.40935305
0.036487326
0.8522571
0.746158
0.31505632
0.004227979
0.028260345
0.0050959005
0.028778719
0.83209044
0.7274975
0.12381541
0.28944618
0.2095957
0.8299575
0.9727184
0.07978359
0.92662966
0.021976264
0.7430996
0.01028957
0.33707947
0.047017764
0.024443615
0.17981122
0.13867833
0.08346156
0.010198691
0.004533166
0.0422131
0.02069267
0.027494878
0.01127551
0.97612107
0.0109731
0.015758066
0.051959515
0.01974061
0.18276861
0.39325592
0.97266823
0.012236362
0.011614664
0.0071359137
0.01507052
0.14862467
0.04431169
0.0814955
0.014464784
0.40347573
0.011645196
0.08154961
0.0067551285
0.020291869
0.009524553
0.024423786
0.17431039
0.047262464
0.08639479
0.079431504
0.17431039
0.17431039
0.0135105895
0.12344923
0.117363274
0.06957985
0.017212054
0.97442144
0.016603652
0.29841197
0.9543786
0.09163672
0.010067415
0.072053626
0.9519759
0.009799391
0.005235899
0.17431039
0.0050900504
0.46063963
0.17431039
0.01082798
0.011439179
0.017258534
0.018430848
0.83547413
0.4037191
0.4084229
0.02663903
0.10125891
0.006496074
0.018008895
0.0033740134
0.054163564
0.019375905
0.043080673
0.06749255
0.21431811
0.036782455
0.016708259
0.043050352
0.019312691
0.069834836
0.068226956
0.0023511369
0.06267667
0.007453547
0.005363244
0.12269791
0.109585606
0.042879608
0.2614181
0.0029782667
0.43866214
0.53355336
0.41315514
0.03743409
0.005652816
0.0090292385
0.80069345
0.21111394
0.018920576
0.110056
0.05486216
0.109626174
0.9734895
0.009427821
0.0454456
0.9527449
0.0454456
0.0454456
0.020738464
0.34584722
0.009445177
0.03522128
0.014443748
0.37142617
0.011617064
0.06341789
0.012455363
0.08342364
0.005274579
0.6130466
0.04315958
0.013613138
0.08523114
0.60070854
0.026230555
0.015166106
0.0973797
0.53079456
0.044222984
0.11729047
0.08414004
0.0031197362
0.9677633
0.020432273
0.031313073
0.0044855974
0.2736747
0.017203713
0.11279501
0.030066488
0.015913337
0.2736747
0.017677318
0.045050737
0.0047714985
0.047436625
0.008823328
0.0454456
0.0454456
0.0454456
0.0454456
0.0454456
0.0454456
0.0454456
0.006723028
0.079657525
0.038526364
0.06605471
0.01824211
0.004963432
0.004963432
0.072023846
0.01586845
0.08967417
0.79808336
0.79808336
0.0094913095
0.07454657
0.11686856
0.22902994
0.30162424
0.019067159
0.038555097
0.11256179
0.7277217
0.010699437
0.2416742
0.12898394
0.17585905
0.10561674
0.12935528
0.0834501
0.12612116
0.43662238
0.12612116
0.01148914
0.40509737
0.01977828
0.40439186
0.013291327
0.030899977
0.43873262
0.14565755
0.4458061
0.41976875
0.38114196
0.03906486
0.36887047
0.07890932
0.9677633
0.4709346
0.7634858
0.027346173
0.41804174
0.019883344
0.3919952
0.30487993
0.016959941
0.028650321
0.075860344
0.034925796
0.014515307
0.97448367
0.060443975
0.047785856
0.10529822
0.5947912
0.029523872
0.44744608
0.8338012
0.0155118
0.65474075
0.028392732
0.02586003
0.033742297
0.0078067924
0.055117037
0.035892297
0.061085895
0.009219389
0.01974061
0.021776373
0.03577066
0.91227007
0.088157825
0.15060352
0.07763187
0.08958781
0.01484103
0.0040820013
0.007884246
0.35360137
0.9677633
0.012358014
0.010514076
0.0057759364
0.026670853
0.02759194
0.028092837
0.008463805
0.014223312
0.2338116
0.16752769
0.0040199272
0.13428013
0.012251572
0.13106814
0.01864784
0.080183215
0.19483615
0.060264908
0.0035398186
0.015695244
0.8468659
0.015250597
0.011022409
0.013214675
0.023605855
0.007761477
0.0030469305
0.046882067
0.111865945
0.0047559384
0.042962316
0.9629436
0.030229226
0.08020442
0.050267033
0.33995828
0.37034506
0.9677633
0.018794449
0.076062664
0.012713665
0.0069929217
0.0047916826
0.07676357
0.004600999
0.07666925
0.011022409
0.031594798
0.008348851
0.08793873
0.018713297
0.026576556
0.025720814
0.027277194
0.375697
0.07606868
0.12036394
0.0035739138
0.02593744
0.10484639
0.8105485
0.40695545
0.015810894
0.05958013
0.030848619
0.012897853
0.035393074
0.64790064
0.047565274
0.014044854
0.8423705
0.02843295
0.0053454894
0.12287182
0.12287182
0.9677633
0.68569523
0.05038482
0.01423533
0.13282116
0.35961762
0.12287182
0.21072991
0.07495084
0.021730557
0.008876407
0.002309013
0.42014235
0.5982253
0.75519925
0.01974061
0.3275816
0.14120962
0.7620844
0.8603568
0.08990905
0.67245847
0.9677633
0.0032238446
0.053805936
0.9055764
0.014581172
0.15811881
0.16828008
0.22427863
0.2586799
0.08259326
0.023538006
0.10529822
0.07122275
0.7189639
0.11381854
0.105092704
0.8423042
0.0076536858
0.019032663
0.22907731
0.07092385
0.5089263
0.9677633
0.007275103
0.044482365
0.011711984
0.52314794
0.0027988537
0.0027988537
0.016792675
0.88071084
0.30809915
0.013295884
0.13414791
0.012208173
0.026531782
0.008501305
0.016941154
0.40501392
0.047971312
0.058437172
0.0059970766
0.006341236
0.017250039
0.034585733
0.23493204
0.0069010123
0.1793892
0.14998345
0.013200221
0.10751648
0.018479832
0.7144405
0.9677633
0.015475661
0.2803991
0.025667097
0.037781265
0.716469
0.007409272
0.006376259
0.018322848
0.13083278
0.20032997
0.08976145
0.02559535
0.3399593
0.016394317
0.016727753
0.6000548
0.025055284
0.026132569
0.0439413
0.013588676
0.1313531
0.20523517
0.02634525
0.032865133
0.014493102
0.026324566
0.053037427
0.019374566
0.27555227
0.01974061
0.051495247
0.07092385
0.47822413
0.061101
0.020273821
0.9677633
0.026818257
0.03252105
0.08555819
0.011914293
0.04938901
0.98055845
0.5317558
0.02456072
0.006693352
0.14108954
0.12175402
0.3827075
0.00463614
0.08284163
0.025690338
0.04918417
0.07860071
0.01376128
0.0033152683
0.008222899
0.061125476
0.065339774
0.16061386
0.022974817
0.65619665
0.014767552
0.050477713
0.050721303
0.050477713
0.019136783
0.05253146
0.035368506
0.042534642
0.07226218
0.021118334
0.06210761
0.010665777
0.9677633
0.036457337
0.09731675
0.10477306
0.67748547
0.032022513
0.06509635
0.22601172
0.94431067
0.007034814
0.03278874
0.053184967
0.045920454
0.17906666
0.005560635
0.9549569
0.018616945
0.008534873
0.06159318
0.0207257
0.85159737
0.05305171
0.08889376
0.96149135
0.010940535
0.007818
0.5026852
0.7646387
0.009864808
0.20690209
0.11165763
0.021524007
0.14268376
0.12891059
0.02505553
0.020895693
0.020895693
0.007862052
0.07092385
0.005248881
0.007365735
0.8876629
