0.21158415
0.47761884
0.077329226
0.077329226
0.03361235
0.31571597
0.5293169
0.44584587
0.42519566
0.52588415
0.39214262
0.46801776
0.17785746
0.16264269
0.09634504
0.07460585
0.42033708
0.7427734
0.56022424
0.3205007
0.8746498
0.31841043
0.37754816
0.050345108
0.92864835
0.3500469
0.14625084
0.4715311
0.05981856
0.050457582
0.46397346
0.4124928
0.2905315
0.59739923
0.8660443
0.2508655
0.9304152
0.1765946
0.078524135
0.07875753
0.3383943
0.078524135
0.72119063
0.57330745
0.11604698
0.09923017
0.7641447
0.44750458
0.7114989
0.92300683
0.030034848
0.24186437
0.0982581
0.40808836
0.12290429
0.21908572
0.6734687
0.47681245
0.23896481
0.75408775
0.29871517
0.31794733
0.07638309
0.08851444
0.37360406
0.4684514
0.50144094
0.4808407
0.38071233
0.057017498
0.533865
0.118465595
0.13115333
0.59617907
0.11252799
0.2592946
0.016523385
0.4973627
0.28841716
0.078436084
0.058798198
0.2599975
0.5746974
0.4546991
0.30532727
0.20554528
0.3508348
0.36492488
0.08417478
0.17034243
0.3212855
0.470313
0.61109704
0.124923095
0.10699081
0.51501745
0.8769823
0.322124
0.05580283
0.1997556
0.31305656
0.016963415
0.8125586
0.41461316
0.1361551
0.13489197
0.5742922
0.07674772
0.17526071
0.1698952
0.68862116
0.15068741
0.34319773
0.2258873
0.20466523
0.24369362
0.4876218
0.31105685
0.041683435
0.74513716
0.3942702
0.2133378
0.36706406
0.83789176
0.16974433
0.555898
0.64897287
0.81505597
0.41249695
0.626692
0.78526837
0.71826625
0.43526843
0.928766
0.18150465
0.40791562
0.034701914
0.3775767
0.14934832
0.09540516
0.81636757
0.49972478
0.1791105
0.07011392
0.47133726
0.5275385
0.117724515
0.33880526
0.21983062
0.7609118
0.012316746
0.86206317
0.8606985
0.43390074
0.51283026
0.18557216
0.30207202
0.15102306
0.5012083
0.42922404
0.18480888
0.20057593
0.07420647
0.7036602
0.30575556
0.06902205
0.17393216
0.042078614
0.37710783
0.20080741
0.30231276
0.26342365
0.30231276
0.26342365
0.59617907
0.41414353
0.087372504
0.6106839
0.49936894
0.8556831
0.05036978
0.6300427
0.18975328
0.80492145
0.5675644
0.2741259
0.49928647
0.33195317
0.22414328
0.11709629
0.43021396
0.35066214
0.26395655
0.11564359
0.06853031
0.09164649
0.399067
0.60970074
0.6513297
0.26915315
0.5444499
0.7395719
0.21117248
0.3769246
0.11799481
0.7161696
0.75087976
0.6243749
0.34159195
0.5010897
0.5057293
0.41114637
0.17678751
0.756881
0.8198051
0.14024478
0.2043389
0.4392147
0.42300615
0.25533327
0.67381334
0.20746657
0.4973627
0.85641307
0.5439773
0.03864764
0.674941
0.08219826
0.37602276
0.29754302
0.07625293
0.32559666
0.075525284
0.31325385
0.11375559
0.665795
0.29541615
0.5444499
0.38242373
0.16104627
0.16989912
0.83058804
0.62840086
0.5572383
0.677337
0.8551897
0.40212524
0.105818436
0.35075957
0.6238349
0.26952183
0.043563608
0.3157124
0.3390049
0.4018032
0.74770975
0.45694676
0.07427291
0.44081107
0.26410055
0.14011464
0.23816873
0.18564843
0.07741959
0.08206569
0.7466033
0.6970781
0.5669013
0.25773212
0.37845019
0.38767982
0.49711803
0.36568117
0.66916716
0.5718965
0.18363826
0.14941135
0.6675721
0.12100223
0.29192975
0.29192975
0.2765067
0.5558408
0.31176722
0.24703735
0.13017409
0.07516382
0.25630638
0.2170922
0.50582993
0.46066582
0.13192642
0.27582198
0.23845176
0.6347937
0.63691604
0.6675721
0.57002705
0.4993696
0.59136474
0.43782616
0.23423395
0.3461268
0.35705465
0.23675026
0.6462573
0.102499805
0.4672212
0.51587826
0.39946645
0.18957682
0.11370877
0.18983674
0.18909432
0.78689647
0.51164
0.1375198
0.75617045
0.51769626
0.6804692
0.5478893
0.15020075
0.64914054
0.5232378
0.26342365
0.30231276
0.30231276
0.24274352
0.026714005
0.29192975
0.30375388
0.78159827
0.23340173
0.009695856
0.52839917
0.16472848
0.14865357
0.36828846
0.37051755
0.077497646
0.20991609
0.29644787
0.760827
0.29192975
0.36190405
0.14973252
0.46948647
0.12151868
0.19758599
0.21457942
0.40841886
0.21881893
0.12565877
0.31339794
0.23429038
0.18331608
0.042541783
0.08889227
0.54453856
0.19958761
0.2866476
0.769483
0.7578643
0.09989769
0.40791562
0.6718587
0.30471545
0.28447017
0.69177103
0.7557516
0.6391036
0.44976774
0.16151085
0.54921913
0.10234272
0.33143505
0.13550767
0.37393013
0.068700954
0.29962233
0.3863085
0.4034958
0.13289386
0.32298368
0.24939214
0.147368
0.41214743
0.5528576
0.23867302
0.7868375
0.14583345
0.47856855
0.08307482
0.6613978
0.3536142
0.55914617
0.32351607
0.07383668
0.72991264
0.39102918
0.020872673
0.2460736
0.23017924
0.55761164
0.357149
0.5715189
0.7194286
0.42922404
0.080094874
0.51353997
0.14974293
0.16196315
0.38494745
0.19755435
0.68455034
0.39273626
0.5949094
0.7362902
0.7269932
0.21492957
0.82960606
0.52846026
0.4484442
0.45910418
0.8704787
0.46537673
0.11749585
0.45398393
0.07615517
0.27512565
0.3009813
0.6211853
0.29124802
0.2750973
0.31788158
0.6606575
0.45910418
0.10960619
0.29360396
0.7459954
0.80121523
0.8148216
0.5456826
0.6289851
0.64789253
0.37519518
0.5917726
0.10290682
0.2904093
0.86456484
0.29438812
0.08070061
0.13032204
0.6825884
0.12717035
0.82477236
0.42922404
0.92465895
0.33212486
0.5433343
0.6816292
0.40791562
0.65233463
0.6162499
0.5147313
0.7024575
0.812918
0.16023028
0.61755013
0.23482037
0.12502727
0.74171674
0.2009485
0.31478396
0.36995894
0.186658
0.23250031
0.37124377
0.23175843
0.5443471
0.30819678
0.6258442
0.11497142
0.60893524
0.21452251
0.45253974
0.19286937
0.45698178
0.91594017
0.08218602
0.6437013
0.8704787
0.065264486
0.23968686
0.75159854
0.17429611
0.5767689
0.50556254
0.02109631
0.361316
0.6371869
0.10588232
0.060420964
0.75268674
0.3000404
0.6967676
0.61918247
0.24675554
0.06248219
0.5932614
0.95184976
0.85010195
0.4593529
0.08274327
0.2974424
0.753814
0.6140183
0.44031644
0.41208926
0.3596369
0.18529646
0.17069429
0.6846907
0.7635892
0.70577586
0.57823557
0.11416449
0.920723
0.29129857
0.26793867
0.6080046
0.05305565
0.48059925
0.3632869
0.040592607
0.90082484
0.16340198
0.16107097
0.66229624
0.10866055
0.34795487
0.12816755
0.37067
0.3923031
0.5302556
0.028233571
0.42666838
0.04903141
0.34879628
0.08657378
0.5616807
0.08015744
0.5174391
0.8841429
0.17066991
0.784493
0.4748335
0.51565427
0.90778756
0.5092754
0.08956317
0.24206233
0.23486152
0.1916686
0.11141395
0.15705383
0.058031112
0.42922404
0.058994252
0.41977575
0.10839883
0.46953407
0.52453685
0.20679866
0.6532003
0.3368935
0.18988678
0.28823698
0.3245525
0.1255391
0.32558462
0.0444311
0.82803875
0.53452516
0.057959113
0.30204788
0.45845187
0.15416007
0.60413975
0.11467271
0.30794448
0.04928698
0.6674338
0.4295879
0.077087045
0.3362123
0.1363035
0.8585384
0.16828832
0.43192422
0.377543
0.27678093
0.01002256
0.27834034
0.22632831
0.45305148
0.27725834
0.45845187
0.19138232
0.5657433
0.16825269
0.08814014
0.07107549
0.54318553
0.62149984
0.61236626
0.8651118
0.18453357
0.204703
0.67846495
0.43029478
0.017728988
0.17322434
0.62149984
0.54318553
0.6321704
0.21692595
0.38881108
0.03392205
0.54318553
0.62149984
0.044103052
0.046542995
0.14775802
0.0409357
0.04551171
0.11592242
0.2681459
0.03931356
0.32615668
0.68312836
0.116482005
0.14463866
0.24038985
0.31412756
0.63755655
0.31651446
0.6369375
0.62149984
0.54318553
0.059056096
0.29247978
0.54318553
0.54318553
0.62149984
0.22012231
0.5117687
0.069338776
0.51329535
0.26806805
0.50047183
0.6228895
0.72335154
0.8810135
0.45845187
0.49707782
0.40727735
0.46131396
0.45698717
0.45845187
0.10767879
0.49210685
0.6734698
0.43655178
0.121210314
0.45845187
0.36296067
0.08489102
0.94091827
0.10747291
0.107643165
0.2543703
0.09170491
0.32395792
0.0074870614
0.25693774
0.5741398
0.043349653
0.28909367
0.14985535
0.20497413
0.45804533
0.45845187
0.031236274
0.14425081
0.17107484
0.19981974
0.45662948
0.3664041
0.37706012
0.20092307
0.5090652
0.8785581
0.08432545
0.4074146
0.77832484
0.032971136
0.45845187
0.5752008
0.110944666
0.2825283
0.60253906
0.44968164
0.54576737
0.78614527
0.23847745
0.9437873
0.31729516
0.21324483
0.44047114
0.4860987
0.21879667
0.18023467
0.2802954
0.5597591
0.7425723
0.52447486
0.38707462
0.5138873
0.40300557
0.46499938
0.088366754
0.06599147
0.1304763
0.54857063
0.5504368
0.08026459
0.2649011
0.022383485
0.4467311
0.17420603
0.8197674
0.2585947
0.16235316
0.7606679
0.035075728
0.2659578
0.40258703
0.1415375
0.30382612
0.58484226
0.4127101
0.2361783
0.3911622
0.51283026
0.038044132
0.25368622
0.68428326
0.59916353
0.16920084
0.104689285
0.17590986
0.42365688
0.29425988
0.8029002
0.16201031
0.15734147
0.47664678
0.31280518
0.42071414
0.1430743
0.4844806
0.71742046
0.7575782
0.54914004
0.2555426
0.035474144
0.25130573
0.21017784
0.06076869
0.19442429
0.9296246
0.8412594
0.21606696
0.03843198
0.78433526
0.6272133
0.30039263
0.06924548
0.058825944
0.30842334
0.15810955
0.14680706
0.27412316
0.21002725
0.7097849
0.070035025
0.53396493
0.18927997
0.11021286
0.19732924
0.2372893
0.39924714
0.13059281
0.029544445
0.39892802
0.1609036
0.6677296
0.1950183
0.23508827
0.52120256
0.34464708
0.3256276
0.47337243
0.47337243
0.36472175
0.7712657
0.37548456
0.5719377
0.1720283
0.33229738
0.3096411
0.3722092
0.07783894
0.33603063
0.8200867
0.046936687
0.7369625
0.86213136
0.738519
0.8277107
0.23094423
0.1985184
0.7791962
0.09568977
0.07575881
0.12665455
0.13061212
0.08681859
0.08806935
0.118635066
0.6505851
0.17885405
0.097962305
0.10007318
0.93859255
0.18268378
0.44739687
0.44183522
0.11863772
0.3008775
0.32058123
0.06039875
0.77131814
0.17120011
0.22629093
0.7269455
0.32628608
0.10724482
0.5173106
0.8760187
0.5724915
0.12090427
0.2942589
0.20588909
0.7124583
0.29645246
0.30173165
0.31660092
0.87388
0.78053
0.48618615
0.19607742
0.09327022
0.25099578
0.44013083
0.06853031
0.56984764
0.890852
0.50062376
0.076823734
0.26135418
0.2223206
0.4264102
0.10568063
0.21555205
0.35528114
0.5632593
0.102169745
0.48832494
0.3829044
0.055733632
0.7559693
0.035800193
0.317474
0.7585461
0.28719226
0.15969288
0.15685555
0.08212263
0.16187625
0.25190097
0.20386712
0.592611
0.15788834
0.11543336
0.09921033
0.72397476
0.12937427
0.76069295
0.47644463
0.23532821
0.17018759
0.2532183
0.9140201
0.02896994
0.18046431
0.052920606
0.10142189
0.06664843
0.78552365
0.6800782
0.24196291
0.43035182
0.16632076
0.34371462
0.55531263
0.74605995
0.5946104
0.13538495
0.33655667
0.05617256
0.6372682
0.6680858
0.5466735
0.22031985
0.48385268
0.24161434
0.3724145
0.3883754
0.93097353
0.72117585
0.28058058
0.7829554
0.7167007
0.7585461
0.026258558
0.047369085
0.68709135
0.25489458
0.24197356
0.124409996
0.15415625
0.10774768
0.31309435
0.9075962
0.3177601
0.32145056
0.3575195
0.93766
0.29209888
0.51283026
0.40007728
0.6773259
0.75381446
0.32151428
0.23496792
0.21134946
0.38228273
0.21142615
0.0897228
0.3717018
0.5748603
0.1597102
0.051952127
0.26966262
0.34787187
0.63368374
0.25536153
0.39042258
0.19466673
0.32386643
0.58278227
0.3829044
0.7522581
0.6553687
0.2887141
0.17697945
0.2247171
0.19744746
0.109876074
0.38702142
0.6887017
0.23027867
0.64602023
0.3464979
0.032926638
0.3949169
0.57621086
0.25904548
