(QUERY): 'AMERICAN-MUSLIM' '03'
Negative Neutral Positive
0.8920755386352539 0.10337305814027786 0.004551374819129705 
0.3504989445209503 0.5874278545379639 0.06207318976521492 
0.9539387226104736 0.04251842945814133 0.003542938269674778 
0.4693988263607025 0.5117830634117126 0.018818099051713943 
0.9321548938751221 0.06485837697982788 0.002986766630783677 
0.9441661238670349 0.05221123993396759 0.003622644115239382 
0.0031219786033034325 0.05362554267048836 0.943252444267273 
0.12533678114414215 0.6097376942634583 0.264925479888916 
0.20134983956813812 0.6610545516014099 0.13759560883045197 
0.3001875877380371 0.5253536105155945 0.17445877194404602 
0.9630137085914612 0.03347138687968254 0.0035149550531059504 
0.9236811399459839 0.07318077236413956 0.0031380783766508102 
0.8209340572357178 0.17071408033370972 0.008351865224540234 
0.0010264473967254162 0.011364709585905075 0.987608790397644 
0.9477941989898682 0.048086006194353104 0.004119763150811195 
0.4494655728340149 0.5069268345832825 0.043607570230960846 
0.002376569900661707 0.5355641841888428 0.46205925941467285 
0.9360122084617615 0.06178414449095726 0.002203592797741294 
0.6326796412467957 0.32940971851348877 0.03791059926152229 
0.4693988263607025 0.5117830634117126 0.018818099051713943 
0.8628645539283752 0.12974490225315094 0.007390451151877642 
0.07143541425466537 0.8308137059211731 0.0977509468793869 
0.4789825677871704 0.5035494565963745 0.017467979341745377 
0.0012184132356196642 0.04399760812520981 0.9547839760780334 
0.013670806773006916 0.19254709780216217 0.7937820553779602 
0.4693988263607025 0.5117830634117126 0.018818099051713943 
0.03131505474448204 0.9377670884132385 0.030917789787054062 
0.7983243465423584 0.19519095122814178 0.00648471899330616 
0.9189853668212891 0.07535088062286377 0.005663756281137466 
0.4693988263607025 0.5117830634117126 0.018818099051713943 
0.8617534637451172 0.13241708278656006 0.0058294362388551235 
0.7706945538520813 0.21341758966445923 0.015887808054685593 
0.9239674210548401 0.07134684175252914 0.004685686435550451 
0.9347102046012878 0.06278921663761139 0.0025006611831486225 
0.008202744647860527 0.15359073877334595 0.8382064700126648 
0.010763462632894516 0.8746704459190369 0.1145661398768425 
0.9378025531768799 0.05976960062980652 0.002427889034152031 
0.8807205557823181 0.11172471195459366 0.007554654963314533 
0.01644924096763134 0.8681322932243347 0.1154184564948082 
0.8290920853614807 0.16477273404598236 0.006135141476988792 
0.8096007704734802 0.1833939105272293 0.007005280815064907 
0.9534330368041992 0.043576985597610474 0.0029899929650127888 
0.8146260976791382 0.17664963006973267 0.008724222891032696 
0.8604382872581482 0.134103462100029 0.005458304192870855 
0.4166029989719391 0.5640859603881836 0.019311092793941498 
0.0007425821968354285 0.05539223551750183 0.9438651204109192 
0.8909657001495361 0.10074041038751602 0.008293853141367435 
0.8260252475738525 0.1640787422657013 0.009895947761833668 
0.4693988263607025 0.5117830634117126 0.018818099051713943 
0.6932260990142822 0.2925964593887329 0.014177483506500721 
0.4693988263607025 0.5117830634117126 0.018818099051713943 
0.4693988263607025 0.5117830634117126 0.018818099051713943 
0.5347669720649719 0.40730994939804077 0.05792311578989029 
0.8852762579917908 0.10540598630905151 0.009317734278738499 
0.9035669565200806 0.09344836324453354 0.0029846045654267073 
0.9035669565200806 0.09344836324453354 0.0029846045654267073 
0.5341998934745789 0.44644808769226074 0.01935204677283764 
0.5545871257781982 0.4331933259963989 0.012219548225402832 
0.9301358461380005 0.06623562425374985 0.0036284606903791428 
0.8760976791381836 0.11714101582765579 0.006761257071048021 
0.03435904160141945 0.6924810409545898 0.2731598913669586 
0.004192199092358351 0.9096459150314331 0.08616190403699875 
0.7535005807876587 0.23735421895980835 0.009145158343017101 
0.6787028908729553 0.3141383230686188 0.007158753927797079 
0.0031894021667540073 0.1545204073190689 0.8422901630401611 
0.00594165688380599 0.12613394856452942 0.8679243922233582 
0.48761412501335144 0.492275208234787 0.020110715180635452 
0.49572470784187317 0.45370620489120483 0.05056912451982498 
0.8496944308280945 0.14325964450836182 0.007045906502753496 
0.3231821358203888 0.6060926914215088 0.07072516530752182 
0.8800643682479858 0.11470071226358414 0.0052348836325109005 
0.01895046792924404 0.7570427060127258 0.2240067720413208 
0.8188053965568542 0.17220066487789154 0.008993923664093018 
0.20609275996685028 0.7159833908081055 0.07792383432388306 
0.4965893626213074 0.484716534614563 0.018694089725613594 
0.7395532131195068 0.23299916088581085 0.027447642758488655 
0.4156702756881714 0.569589376449585 0.014740253798663616 
0.4693988263607025 0.5117830634117126 0.018818099051713943 
0.024699077010154724 0.9176102876663208 0.057690586894750595 
0.4345056116580963 0.5347237586975098 0.030770637094974518 
0.7883110642433167 0.19667287170886993 0.015016123652458191 
0.5647484660148621 0.3993482291698456 0.03590328246355057 
0.9202374219894409 0.07655629515647888 0.0032063524704426527 
0.001258121570572257 0.0347878634929657 0.963953971862793 
0.8821954727172852 0.11227822303771973 0.005526258144527674 
0.9321458339691162 0.06518145650625229 0.0026726715732365847 
0.895463228225708 0.09955998510122299 0.0049767522141337395 
0.0023952629417181015 0.056207939982414246 0.9413967728614807 
0.5098657011985779 0.4502483606338501 0.03988592326641083 
0.0010673931101337075 0.02708645723760128 0.9718461632728577 
0.5568349957466125 0.43100908398628235 0.01215586718171835 
0.01278777327388525 0.9262571334838867 0.060955122113227844 
0.1581662893295288 0.5770394802093506 0.26479417085647583 
0.10355482995510101 0.8610807061195374 0.035364504903554916 
0.4693988263607025 0.5117830634117126 0.018818099051713943 
0.003934307489544153 0.6988653540611267 0.29720035195350647 
0.4693988263607025 0.5117830634117126 0.018818099051713943 
0.2834199070930481 0.6549580693244934 0.0616220086812973 
0.4693988263607025 0.5117830634117126 0.018818099051713943 
0.4693988263607025 0.5117830634117126 0.018818099051713943 
0.4693988263607025 0.5117830634117126 0.018818099051713943 
0.4693988263607025 0.5117830634117126 0.018818099051713943 
0.2430894672870636 0.7365872859954834 0.020323265343904495 
0.6928617358207703 0.29368677735328674 0.013451502658426762 
0.0015221306821331382 0.028353111818432808 0.9701247811317444 
0.8045210838317871 0.18759581446647644 0.007883082143962383 
0.3878166377544403 0.583514392375946 0.028668969869613647 
0.01983824372291565 0.35583823919296265 0.6243234872817993 
0.003862360492348671 0.1304854303598404 0.8656522035598755 
0.597490131855011 0.36716794967651367 0.035341862589120865 
0.8920503854751587 0.10455812513828278 0.003391522215679288 
0.072128064930439 0.7234357595443726 0.20443612337112427 
0.7023393511772156 0.2660541832447052 0.03160643205046654 
0.017867542803287506 0.6275274753570557 0.35460495948791504 
0.38680118322372437 0.5838739275932312 0.029324883595108986 
0.7320404052734375 0.2596263885498047 0.008333194069564342 
0.7692093253135681 0.22296130657196045 0.007829364389181137 
0.8749201893806458 0.11835353076457977 0.006726355757564306 
0.9567383527755737 0.040936656296253204 0.0023251078091561794 
0.5569055676460266 0.4224749505519867 0.020619463175535202 
0.861723780632019 0.13190071284770966 0.006375481840223074 
0.03412798419594765 0.9193542003631592 0.046517789363861084 
0.6337350010871887 0.35666796565055847 0.00959705002605915 
0.900650680065155 0.0951048880815506 0.004244471900165081 
0.7774352431297302 0.21280677616596222 0.00975788664072752 
0.8936501145362854 0.10172440856695175 0.004625481553375721 
0.6815731525421143 0.30281293392181396 0.015613967552781105 
0.26307412981987 0.7018937468528748 0.03503217175602913 
0.9540767073631287 0.04363831505179405 0.002284979447722435 
0.0030260803177952766 0.16258849203586578 0.8343853950500488 
0.46129730343818665 0.5237063765525818 0.014996313489973545 
0.9092011451721191 0.0864177942276001 0.004381072707474232 
0.9662285447120667 0.030757270753383636 0.003014173125848174 
0.07468480616807938 0.4320206940174103 0.49329444766044617 
0.9170406460762024 0.07767248898744583 0.005286956671625376 
0.8748127818107605 0.11619193851947784 0.00899530854076147 
0.9294602274894714 0.06756523251533508 0.002974540228024125 
0.8609660267829895 0.12829512357711792 0.010738780722022057 
0.9401496052742004 0.05745156109333038 0.0023988187313079834 
0.34051406383514404 0.6363906264305115 0.023095279932022095 
0.9746116399765015 0.023405147716403008 0.001983193913474679 
0.7057787775993347 0.2659587860107422 0.0282624252140522 
0.26761049032211304 0.6343818306922913 0.0980076715350151 
0.9610764980316162 0.0364181324839592 0.0025054062716662884 
0.014261462725698948 0.4624742567539215 0.5232642889022827 
0.9136651158332825 0.07993758469820023 0.006397215649485588 
0.04157261177897453 0.6203059554100037 0.3381214439868927 
0.018304292112588882 0.2969173789024353 0.6847783327102661 
0.5645423531532288 0.4140003025531769 0.02145734615623951 
0.002338513033464551 0.07276327908039093 0.9248982667922974 
0.0053736367262899876 0.2621287405490875 0.7324976325035095 
0.9302950501441956 0.0669156163930893 0.0027893371880054474 
0.251030832529068 0.6417046785354614 0.10726449638605118 
0.799297571182251 0.187453955411911 0.013248414732515812 
0.06903114169836044 0.863265872001648 0.06770295649766922 
0.007414436899125576 0.7203744649887085 0.27221110463142395 
0.7106477618217468 0.26986241340637207 0.019489798694849014 
0.00707063265144825 0.9114745259284973 0.08145490288734436 
0.0013861332554370165 0.18933835625648499 0.8092754483222961 
0.9571531414985657 0.04029295593500137 0.0025539775379002094 
0.007245044689625502 0.8994730710983276 0.09328195452690125 
0.9140920639038086 0.08236301690340042 0.003544942941516638 
0.010991248302161694 0.529252827167511 0.45975592732429504 
0.010471312329173088 0.5298894047737122 0.4596392512321472 
0.8731861114501953 0.1214180663228035 0.005395851098001003 
0.9634722471237183 0.03425421565771103 0.0022735721431672573 
0.0051560248248279095 0.09248843044042587 0.9023554921150208 
0.8206275105476379 0.1708916276693344 0.008480871096253395 
0.1295900046825409 0.7489567995071411 0.12145313620567322 
0.07235504686832428 0.37128373980522156 0.556361198425293 
0.01528023462742567 0.1651528924703598 0.8195669054985046 
0.11257912963628769 0.7571122050285339 0.1303086280822754 
0.0041320305317640305 0.10730792582035065 0.8885601162910461 
0.04211731627583504 0.18715791404247284 0.7707247734069824 
0.7266262769699097 0.261298805475235 0.012074876576662064 
0.8256940245628357 0.1685478538274765 0.005758119281381369 
0.6172760725021362 0.37237969040870667 0.010344243608415127 
0.018353942781686783 0.14055517315864563 0.8410908579826355 
0.009150072932243347 0.2599623203277588 0.7308876514434814 
0.8352551460266113 0.15663282573223114 0.008111946284770966 
0.0019859347958117723 0.058346692472696304 0.9396674036979675 
0.8232243061065674 0.16900138556957245 0.007774291560053825 
0.38207122683525085 0.5979586243629456 0.01997016742825508 
0.8422317504882812 0.15343408286571503 0.004334172233939171 
0.28765183687210083 0.6144564747810364 0.09789160639047623 
0.1646610051393509 0.6878724694252014 0.1474665403366089 
0.6004427671432495 0.37920042872428894 0.0203567948192358 
0.9502100348472595 0.04723620414733887 0.002553709549829364 
0.4924076199531555 0.4755491614341736 0.03204317018389702 
0.7096153497695923 0.2819303572177887 0.00845426321029663 
0.1308654248714447 0.8358167409896851 0.033317822962999344 
0.9271901249885559 0.06895779073238373 0.003852024907246232 
0.9302160143852234 0.06512442231178284 0.004659575410187244 
0.917172372341156 0.07957981526851654 0.0032478102948516607 
0.9158380627632141 0.08088266849517822 0.003279171185567975 
0.9158380627632141 0.08088266849517822 0.003279171185567975 
0.021014725789427757 0.32315126061439514 0.6558340191841125 
0.8539235591888428 0.1405937522649765 0.005482644774019718 
0.8298406004905701 0.15954291820526123 0.010616489686071873 
0.8666308522224426 0.1278226375579834 0.0055465055629611015 
0.14572781324386597 0.7239784598350525 0.13029374182224274 
0.9586659669876099 0.038798559457063675 0.002535475417971611 
0.9336053133010864 0.06316186487674713 0.0032328939996659756 
0.12095935642719269 0.856705904006958 0.022334696725010872 
0.4242687523365021 0.5266984105110168 0.04903283342719078 
0.003362413262948394 0.07121030241250992 0.9254273176193237 
0.8481453061103821 0.1442844271659851 0.007570319343358278 
0.8168252110481262 0.17437107861042023 0.008803662844002247 
0.7516239285469055 0.23265253007411957 0.0157235786318779 
0.6153236031532288 0.367084264755249 0.017592132091522217 
0.8968802690505981 0.09465734660625458 0.008462452329695225 
0.8332330584526062 0.15709201991558075 0.009674916975200176 
0.9564282894134521 0.0409582182765007 0.002613475313410163 
0.39200064539909363 0.5826952457427979 0.025304174050688744 
0.4226743280887604 0.5583160519599915 0.019009584560990334 
0.15411947667598724 0.8177644610404968 0.02811604179441929 
0.744765043258667 0.24123093485832214 0.014004026539623737 
0.0149361127987504 0.5767087340354919 0.40835511684417725 
0.0019070894923061132 0.274176687002182 0.723916232585907 
0.2342471480369568 0.6814717054367065 0.08428117632865906 
0.003706312971189618 0.4179855287075043 0.5783081650733948 
0.9188300967216492 0.07789290696382523 0.0032770594116300344 
0.916627049446106 0.07805705815553665 0.00531590823084116 
0.14430910348892212 0.5463504791259766 0.30934038758277893 
0.3343437612056732 0.5243933200836182 0.14126287400722504 
0.18486693501472473 0.738787055015564 0.07634597271680832 
0.5222889184951782 0.41428253054618835 0.06342855095863342 
0.40926921367645264 0.5612804293632507 0.029450371861457825 
0.9495527148246765 0.04734703153371811 0.003100175876170397 
0.8067447543144226 0.18386036157608032 0.009394877590239048 
0.6846584677696228 0.3036889135837555 0.01165265403687954 
0.3453071713447571 0.5648226737976074 0.08987012505531311 
0.30581164360046387 0.658500611782074 0.03568779677152634 
0.5809032917022705 0.38386526703834534 0.03523142635822296 
0.8806121945381165 0.11507422477006912 0.004313533194363117 
0.28191912174224854 0.5841802954673767 0.13390055298805237 
0.24065536260604858 0.722368061542511 0.03697657957673073 
0.7468123435974121 0.244180366396904 0.009007275104522705 
0.16326400637626648 0.7934595346450806 0.04327649250626564 
0.8519576787948608 0.14228104054927826 0.0057612513191998005 
0.9124691486358643 0.08436211943626404 0.0031687018927186728 
0.7872391939163208 0.20477402210235596 0.007986764423549175 
0.2769312262535095 0.7064419388771057 0.01662675105035305 
0.02000008523464203 0.9394291043281555 0.04057079926133156 
0.755174458026886 0.23618820309638977 0.008637331426143646 
0.8965447545051575 0.09922102093696594 0.00423427065834403 
0.9339407086372375 0.06272748112678528 0.0033318456262350082 
0.8811967372894287 0.11358121037483215 0.005222005769610405 
0.41807225346565247 0.5356045365333557 0.04632323235273361 
0.08525554090738297 0.7452417016029358 0.16950273513793945 
0.9550786018371582 0.042054176330566406 0.002867200644686818 
0.7594627141952515 0.22764736413955688 0.012889900244772434 
0.9228538870811462 0.07443242520093918 0.002713638124987483 
0.2966427803039551 0.6827540993690491 0.020603079348802567 
0.8703635931015015 0.12580858170986176 0.00382787617854774 
0.885756254196167 0.10738539695739746 0.006858308799564838 
0.9653451442718506 0.031719405204057693 0.0029354027938097715 
0.21038982272148132 0.6363319754600525 0.15327824652194977 
0.8243147730827332 0.16577386856079102 0.009911280125379562 
0.9248917102813721 0.07238664478063583 0.002721611177548766 
0.5456613302230835 0.4284069240093231 0.025931766256690025 
0.8140286207199097 0.17985527217388153 0.00611612293869257 
0.013989097438752651 0.9071205258369446 0.07889045029878616 
0.9112219214439392 0.08552638441324234 0.003251767950132489 
0.7231070399284363 0.2665294408798218 0.010363558307290077 
0.8511779308319092 0.14206920564174652 0.006752853747457266 
0.5891315937042236 0.37474513053894043 0.03612334281206131 
0.9621000289916992 0.03565520793199539 0.0022447293158620596 
0.8766276836395264 0.11900497227907181 0.0043673887848854065 
0.9514307379722595 0.04525895044207573 0.0033103073947131634 
0.8919642567634583 0.10317793488502502 0.004857838619500399 
0.8182036876678467 0.16898581385612488 0.0128104779869318 
0.6736254692077637 0.29413437843322754 0.03224016726016998 
0.41827890276908875 0.4618999660015106 0.11982107162475586 
0.46104195713996887 0.47874805331230164 0.06021004542708397 
0.9419773817062378 0.055586788803339005 0.0024358010850846767 
0.38455110788345337 0.48421698808670044 0.1312319040298462 
0.4789825677871704 0.5035494565963745 0.017467979341745377 
0.9710435271263123 0.02631022408604622 0.0026461745146661997 
0.8613824844360352 0.1333446204662323 0.005272821523249149 
0.9195591807365417 0.07758307456970215 0.0028576364275068045 
0.24545107781887054 0.7360873222351074 0.018461603671312332 
0.7365264892578125 0.2507995665073395 0.012673967517912388 
0.008088285103440285 0.6390417814254761 0.3528698980808258 
0.3918312191963196 0.4912447929382324 0.1169239953160286 
0.15511777997016907 0.8109427094459534 0.033939432352781296 
0.9052762985229492 0.09053172916173935 0.004191901534795761 
0.7489620447158813 0.23657666146755219 0.014461293816566467 
0.23661547899246216 0.37690097093582153 0.3864835798740387 
0.875438392162323 0.11708161979913712 0.007479981053620577 
0.7992715239524841 0.19412721693515778 0.006601244676858187 
0.8572652339935303 0.13818107545375824 0.004553674254566431 
0.8600480556488037 0.13237419724464417 0.007577703334391117 
0.5701172351837158 0.39608705043792725 0.033795710653066635 
0.18591590225696564 0.7402787208557129 0.07380539178848267 
0.8567072749137878 0.1373603641986847 0.005932409316301346 
0.9146680235862732 0.07871240377426147 0.006619539111852646 
0.6615636944770813 0.3263408839702606 0.012095348909497261 
0.00911709014326334 0.5941300392150879 0.39675283432006836 
0.8526480197906494 0.1412864774465561 0.006065514869987965 
0.9200795292854309 0.07707297056913376 0.0028474016580730677 
0.7966005206108093 0.19215460121631622 0.01124483160674572 
0.6672519445419312 0.30813395977020264 0.02461407333612442 
0.0031589255668222904 0.04101162031292915 0.9558295011520386 
0.28503042459487915 0.5885066390037537 0.1264629364013672 
0.2836567163467407 0.6841298937797546 0.03221340849995613 
0.9065069556236267 0.0892983078956604 0.004194742068648338 
0.8880694508552551 0.10599338263273239 0.005937189795076847 
0.5286726951599121 0.4519158601760864 0.019411494955420494 
0.07024925947189331 0.8365796208381653 0.09317117184400558 
0.847592294216156 0.14624187350273132 0.006165844388306141 
0.629630982875824 0.3600737452507019 0.010295341722667217 
0.08590338379144669 0.5508130192756653 0.36328354477882385 
0.7521229982376099 0.23967252671718597 0.008204500190913677 
0.8524336814880371 0.13898737728595734 0.008578900247812271 
0.8074204325675964 0.18566033244132996 0.006919232662767172 
0.828276515007019 0.16112466156482697 0.010598814114928246 
0.9707587361335754 0.027301080524921417 0.00194005505181849 
0.29964110255241394 0.6847934126853943 0.015565473586320877 
0.8116132616996765 0.18367116153240204 0.004715573508292437 
0.8553244471549988 0.14013633131980896 0.00453928904607892 
0.8116132616996765 0.18367116153240204 0.004715573508292437 
0.02343379333615303 0.7453179955482483 0.23124821484088898 
0.7012444138526917 0.2633112370967865 0.03544439375400543 
0.9328778982162476 0.06396675854921341 0.003155284561216831 
0.9296121597290039 0.06530372053384781 0.005084147676825523 
0.3940999507904053 0.5819321870803833 0.023967906832695007 
0.8514484167098999 0.1440260410308838 0.004525528755038977 
0.9583835005760193 0.03914934769272804 0.002467232057824731 
0.9202470779418945 0.07706745713949203 0.0026854563038796186 
0.9604541063308716 0.037447139620780945 0.0020988581236451864 
0.8766416907310486 0.11584392189979553 0.007514298427850008 
0.6361096501350403 0.35428887605667114 0.009601438418030739 
0.0029461951926350594 0.2561444342136383 0.7409093976020813 
0.02323177084326744 0.7267038226127625 0.2500643730163574 
0.02323177084326744 0.7267038226127625 0.2500643730163574 
0.022554989904165268 0.5981210470199585 0.37932395935058594 
0.017720120027661324 0.5782302021980286 0.4040496349334717 
0.9205741882324219 0.07603869587182999 0.0033871615305542946 
0.3755303621292114 0.6102615594863892 0.014208094216883183 
0.8177708387374878 0.1702076941728592 0.012021460570394993 
0.3705628216266632 0.5601767301559448 0.06926047056913376 
0.8947760462760925 0.09889308363199234 0.0063307867385447025 
0.1886763721704483 0.6515931487083435 0.15973052382469177 
0.89932781457901 0.09430554509162903 0.006366617977619171 
0.8395166993141174 0.15506495535373688 0.005418303422629833 
0.8798781633377075 0.11344095319509506 0.006680832244455814 
0.03614869341254234 0.9352574348449707 0.02859385497868061 
0.7808246612548828 0.2144503891468048 0.004724955651909113 
0.6136872172355652 0.3522978127002716 0.03401505574584007 
0.8939024209976196 0.10205952078104019 0.00403802702203393 
0.19241546094417572 0.5488258600234985 0.25875869393348694 
0.9535340666770935 0.04362128674983978 0.0028446787036955357 
0.7103855013847351 0.26425278186798096 0.02536175772547722 
0.3940999507904053 0.5819321870803833 0.023967906832695007 
0.8116132616996765 0.18367116153240204 0.004715573508292437 
0.6582912802696228 0.3313027620315552 0.010405945591628551 
0.0926329642534256 0.4400480091571808 0.4673190116882324 
0.14456599950790405 0.5298858284950256 0.3255482017993927 
0.778408408164978 0.21388548612594604 0.007706059142947197 
0.5682581663131714 0.4052604138851166 0.026481440290808678 
0.2133813500404358 0.727332592010498 0.05928603559732437 
0.6581242084503174 0.32448068261146545 0.017395079135894775 
0.011244178749620914 0.21607916057109833 0.7726766467094421 
0.9077672362327576 0.0886031836271286 0.0036296264734119177 
0.004965616390109062 0.8591943383216858 0.13584007322788239 
0.9560146331787109 0.04178648442029953 0.0021988481748849154 
0.901807427406311 0.09495372325181961 0.003238895907998085 
0.8662940859794617 0.12559251487255096 0.008113383315503597 
0.6468294262886047 0.31356602907180786 0.03960453346371651 
0.48417919874191284 0.5016832947731018 0.014137482270598412 
0.7437554001808167 0.23788873851299286 0.018355870619416237 
0.9656403064727783 0.031772226095199585 0.0025874795392155647 
0.8792575001716614 0.1153392568230629 0.00540326489135623 
0.9272739887237549 0.06777132302522659 0.004954675678163767 
0.08214016258716583 0.8931857943534851 0.02467402257025242 
0.4889878034591675 0.49439728260040283 0.016614802181720734 
0.6281468868255615 0.3528209626674652 0.01903219148516655 
0.0062004937790334225 0.36303722858428955 0.6307622194290161 
0.27915582060813904 0.698952853679657 0.021891355514526367 
0.8680644631385803 0.12689705193042755 0.005038500297814608 
0.8680644631385803 0.12689705193042755 0.005038500297814608 
0.8680644631385803 0.12689705193042755 0.005038500297814608 
0.8680644631385803 0.12689705193042755 0.005038500297814608 
0.7046895027160645 0.2664341330528259 0.02887638472020626 
0.8846004605293274 0.10996063798666 0.005438852123916149 
0.6018965244293213 0.3704552948474884 0.027648236602544785 
0.40547165274620056 0.5686107873916626 0.02591755986213684 
0.9252800345420837 0.06925084441900253 0.005469063296914101 
0.8042623400688171 0.18547865748405457 0.010258951224386692 
0.7051747441291809 0.2766965627670288 0.01812867633998394 
0.49172142148017883 0.47976455092430115 0.028514031320810318 
0.9508268237113953 0.045785725116729736 0.003387336153537035 
0.7862454056739807 0.19445495307445526 0.019299622625112534 
0.0013043797807767987 0.033920176327228546 0.9647755026817322 
0.9084351062774658 0.08842783421278 0.0031371060758829117 
0.9372602105140686 0.05802345648407936 0.004716405179351568 
0.0034563227090984583 0.15594758093357086 0.8405961394309998 
0.6515700221061707 0.3131609857082367 0.03526896983385086 
0.26067835092544556 0.5664320588111877 0.17288963496685028 
0.7702108025550842 0.21299326419830322 0.016795994713902473 
0.8045745491981506 0.18961630761623383 0.005809185095131397 
0.853434145450592 0.1367621123790741 0.00980370957404375 
0.6690661907196045 0.3055494427680969 0.02538435533642769 
0.01786043494939804 0.6707193851470947 0.31142017245292664 
0.40508806705474854 0.5225284099578857 0.07238348573446274 
0.022513678297400475 0.2530553638935089 0.7244309186935425 
0.09800442308187485 0.5148781538009644 0.3871173858642578 
0.87483149766922 0.11742601543664932 0.007742420770227909 
0.830321192741394 0.15967810153961182 0.01000069547444582 
0.9073755741119385 0.08833309262990952 0.004291320685297251 
0.954028308391571 0.043288856744766235 0.002682773396372795 
0.9468262791633606 0.050942596048116684 0.0022310977801680565 
0.356481671333313 0.5949108004570007 0.04860755801200867 
0.838607132434845 0.14758403599262238 0.013808852061629295 
0.20239382982254028 0.7022144794464111 0.0953916609287262 
0.5361671447753906 0.405926913022995 0.057905927300453186 
0.7707462310791016 0.22022029757499695 0.009033432230353355 
0.5440094470977783 0.3767339587211609 0.07925659418106079 
0.9205929040908813 0.07431282103061676 0.005094321444630623 
0.8331770896911621 0.15942397713661194 0.00739895086735487 
0.7140044569969177 0.2703273594379425 0.015668177977204323 
0.0829983800649643 0.7045934796333313 0.2124081552028656 
0.4082213044166565 0.5722900629043579 0.019488627091050148 
0.7298383712768555 0.251102477312088 0.019059153273701668 
0.7942200899124146 0.19707323610782623 0.008706686086952686 
0.8068172335624695 0.18647021055221558 0.00671255262568593 
0.006276920437812805 0.47061362862586975 0.5231094360351562 
0.7422017455101013 0.2391374409198761 0.01866086572408676 
0.7710503935813904 0.21403153240680695 0.014918150380253792 
0.20465175807476044 0.6480370759963989 0.14731110632419586 
0.8655730485916138 0.1270701289176941 0.00735680153593421 
0.9016145467758179 0.09364986419677734 0.004735646769404411 
0.7018505930900574 0.28507718443870544 0.013072265312075615 
0.5938206315040588 0.38424643874168396 0.021932926028966904 
0.8009926676750183 0.1884566992521286 0.01055057067424059 
0.7494664788246155 0.23695415258407593 0.013579369522631168 
0.5984328389167786 0.34058746695518494 0.06097971647977829 
0.8306540250778198 0.154908686876297 0.01443723775446415 
0.04698166251182556 0.9092593193054199 0.043758947402238846 
0.45772483944892883 0.5265192985534668 0.01575581356883049 
0.9003627896308899 0.0946466401219368 0.004990569315850735 
0.7933416366577148 0.18841414153575897 0.018244221806526184 
0.6497846841812134 0.29560431838035583 0.05461094155907631 
0.4227030873298645 0.5337628722190857 0.043534062802791595 
0.008660577237606049 0.12484554946422577 0.8664938807487488 
0.4773774743080139 0.46673041582107544 0.05589217692613602 
0.576347827911377 0.3537551164627075 0.06989701092243195 
0.9222738146781921 0.07296042889356613 0.004765748977661133 
0.9602515697479248 0.03687961399555206 0.0028688034508377314 
0.37990865111351013 0.5681673288345337 0.051924023777246475 
0.9219660758972168 0.07505552470684052 0.0029783505015075207 
0.8118476867675781 0.1775418519973755 0.010610414668917656 
0.1392577886581421 0.7712320685386658 0.08951014280319214 
0.7631065249443054 0.2256731539964676 0.011220346204936504 
0.9348962306976318 0.0626782551407814 0.002425500424578786 
0.6894037127494812 0.30103468894958496 0.009561646729707718 
0.04139028862118721 0.8018496632575989 0.15675999224185944 
0.6240700483322144 0.35625916719436646 0.019670763984322548 
0.8895792961120605 0.10593342036008835 0.004487330559641123 
0.7686742544174194 0.20769564807415009 0.023630183190107346 
0.7128509879112244 0.26114946603775024 0.025999510660767555 
0.6568532586097717 0.3258374035358429 0.017309360206127167 
0.7444600462913513 0.24263611435890198 0.012903796508908272 
0.7025373578071594 0.28623074293136597 0.011231927201151848 
0.012442751787602901 0.37297844886779785 0.6145787835121155 
0.6256004571914673 0.31930384039878845 0.055095698684453964 
0.7299384474754333 0.23576468229293823 0.03429686650633812 
0.8464885354042053 0.14744332432746887 0.006068145390599966 
0.16616278886795044 0.7892486453056335 0.0445885956287384 
0.7542353272438049 0.22840650379657745 0.01735818386077881 
0.9065775275230408 0.0894903689622879 0.003932117950171232 
0.779120922088623 0.20736350119113922 0.013515553437173367 
0.5631095170974731 0.42586731910705566 0.011023166589438915 
0.8511676788330078 0.13622792065143585 0.012604448944330215 
0.776509702205658 0.2103613317012787 0.013128967955708504 
0.9166879653930664 0.07800330221652985 0.005308676976710558 
0.012796266935765743 0.2717757821083069 0.7154279351234436 
0.7538286447525024 0.2139408439397812 0.03223056346178055 
0.22024080157279968 0.6169277429580688 0.16283155977725983 
0.18310141563415527 0.7965201735496521 0.02037842757999897 
0.942025899887085 0.05458333343267441 0.00339072709903121 
0.8324808478355408 0.1521621197462082 0.015356993302702904 
0.12059909105300903 0.6282221674919128 0.25117865204811096 
0.3934158980846405 0.4540291428565979 0.15255500376224518 
0.886298418045044 0.10947802662849426 0.004223603755235672 
0.0741439238190651 0.9026638865470886 0.023192165419459343 
0.002268005395308137 0.5337621569633484 0.4639698565006256 
0.7380117774009705 0.2484373301267624 0.013550922274589539 
0.7503402829170227 0.2201564610004425 0.02950315736234188 
0.7375002503395081 0.2510649561882019 0.011434795334935188 
0.8457958102226257 0.14844906330108643 0.0057550594210624695 
0.4445990025997162 0.5235298871994019 0.03187110275030136 
0.9248917102813721 0.07238664478063583 0.002721611177548766 
0.7817215919494629 0.20780101418495178 0.010477462783455849 
0.8729749917984009 0.12369764596223831 0.0033273654989898205 
0.0008563182782381773 0.016806427389383316 0.982337236404419 
0.2623768746852875 0.7126766443252563 0.02494647167623043 
0.5118740797042847 0.46775662899017334 0.020369337871670723 
0.8807147145271301 0.11524618417024612 0.0040390100330114365 
0.8807147145271301 0.11524618417024612 0.0040390100330114365 
0.4827934801578522 0.4469758868217468 0.0702306479215622 
0.9023153185844421 0.09007120877504349 0.007613546214997768 
0.5885311961174011 0.400452584028244 0.011016298085451126 
0.8614664673805237 0.13061372935771942 0.00791984610259533 
0.8719635605812073 0.11985859274864197 0.008177835494279861 
0.6507298946380615 0.2755034863948822 0.07376661896705627 
0.7585326433181763 0.23167209327220917 0.009795264340937138 
0.8991866707801819 0.09531582146883011 0.005497540347278118 
0.4763578772544861 0.45861342549324036 0.06502873450517654 
0.12486453354358673 0.8040195107460022 0.07111597061157227 
0.055983949452638626 0.9196393489837646 0.024376703426241875 
0.1373605877161026 0.6238276362419128 0.23881177604198456 
0.9399409294128418 0.05681896582245827 0.0032401345670223236 
0.9372766017913818 0.05979357659816742 0.0029297855217009783 
0.2486540526151657 0.5552266240119934 0.19611933827400208 
0.403918594121933 0.5347257256507874 0.06135564297437668 
0.8030931353569031 0.1862829625606537 0.010623903945088387 
0.8600524067878723 0.1337287276983261 0.006218794733285904 
0.8771456480026245 0.11700819432735443 0.005846145562827587 
0.693740725517273 0.29415595531463623 0.01210334524512291 
0.12674328684806824 0.5814617276191711 0.2917949855327606 
0.7127577066421509 0.2691226303577423 0.01811963878571987 
0.1990579068660736 0.5036131739616394 0.29732897877693176 
0.596904993057251 0.39385756850242615 0.009237400256097317 
0.5155172348022461 0.4608752429485321 0.023607447743415833 
0.6431003212928772 0.32882094383239746 0.028078820556402206 
0.19125235080718994 0.7443637251853943 0.06438393145799637 
0.8344621658325195 0.15672467648983002 0.008813117630779743 
0.0011027741711586714 0.1673486977815628 0.8315485119819641 
0.8685616850852966 0.12527993321418762 0.006158419419080019 
0.0009442315204069018 0.11972162872552872 0.8793340921401978 
0.06118211895227432 0.6899363398551941 0.24888160824775696 
0.9249101877212524 0.0708978921175003 0.004191935993731022 
0.7958207726478577 0.19287367165088654 0.011305549181997776 
0.6856704950332642 0.2901220917701721 0.024207431823015213 
0.0062677497044205666 0.0860411673784256 0.9076911211013794 
0.19639495015144348 0.6544075012207031 0.14919748902320862 
0.855249285697937 0.13599811494350433 0.008752619847655296 
0.9392997622489929 0.05536201596260071 0.005338210146874189 
0.16930577158927917 0.8040528893470764 0.026641417294740677 
0.8798514008522034 0.11385957896709442 0.006289003416895866 
0.43035978078842163 0.5091742277145386 0.060465991497039795 
0.10443705320358276 0.778495192527771 0.11706781387329102 
0.6622459888458252 0.32686781883239746 0.010886243544518948 
0.8748775720596313 0.12057225406169891 0.004550077486783266 
0.01674041524529457 0.6890458464622498 0.2942136824131012 
0.927832305431366 0.06887201219797134 0.003295652102679014 
0.005685875192284584 0.14804446697235107 0.8462696075439453 
0.7038454413414001 0.27524295449256897 0.020911626517772675 
0.7007861137390137 0.28008344769477844 0.019130483269691467 
0.29879915714263916 0.6744381189346313 0.02676273137331009 
0.766919732093811 0.21839329600334167 0.0146869458258152 
0.888296902179718 0.10763833671808243 0.004064674489200115 
0.7458575367927551 0.2346140295267105 0.019528428092598915 
0.798379123210907 0.1886492818593979 0.012971589341759682 
0.5062487125396729 0.4756753742694855 0.01807587780058384 
0.7190713882446289 0.26871439814567566 0.012214155867695808 
0.4235681891441345 0.5473918914794922 0.029039930552244186 
0.005293401889503002 0.6634722948074341 0.33123430609703064 
0.7931991815567017 0.20025700330734253 0.0065438407473266125 
0.8416158556938171 0.1522546410560608 0.006129600573331118 
0.6092014908790588 0.3524799942970276 0.03831849992275238 
0.6346312165260315 0.3493093252182007 0.016059422865509987 
0.27074024081230164 0.6127910017967224 0.11646883934736252 
0.6724904179573059 0.29833874106407166 0.02917078323662281 
0.6540446281433105 0.31548988819122314 0.030465515330433846 
0.6613133549690247 0.3261416256427765 0.012544996105134487 
0.9198966026306152 0.07726483047008514 0.0028385843615978956 
0.9401928186416626 0.05534737929701805 0.004459801129996777 
0.8172836899757385 0.1739070862531662 0.008809247054159641 
0.1364794820547104 0.8343645930290222 0.02915600873529911 
0.6283268928527832 0.3603289723396301 0.01134411059319973 
0.5940800309181213 0.3964686095714569 0.009451312012970448 
0.8624364733695984 0.1307503581047058 0.006813174579292536 
0.8767086863517761 0.11700783669948578 0.006283439230173826 
0.8371923565864563 0.15633203089237213 0.0064755454659461975 
0.7491294741630554 0.2333115041255951 0.017558934167027473 
0.9118523001670837 0.08303235471248627 0.0051154219545423985 
0.36336639523506165 0.6141457557678223 0.02248786948621273 
0.2765631377696991 0.6229345798492432 0.10050225257873535 
0.9093195199966431 0.08739668875932693 0.0032837071921676397 
0.007692975457757711 0.34578582644462585 0.6465211510658264 
0.8542007207870483 0.14080987870693207 0.004989435896277428 
0.02165854535996914 0.9394135475158691 0.038927871733903885 
0.45285764336586 0.47305500507354736 0.07408736646175385 
0.007926011458039284 0.9207321405410767 0.0713418573141098 
0.04458809271454811 0.206589475274086 0.7488223910331726 
0.007692975457757711 0.34578582644462585 0.6465211510658264 
0.9703905582427979 0.02708090841770172 0.0025285386946052313 
0.798768162727356 0.18643847107887268 0.014793356880545616 
0.1276349574327469 0.5251607894897461 0.34720420837402344 
0.9280881285667419 0.06725809723138809 0.0046537998132407665 
0.21579739451408386 0.6508285403251648 0.13337400555610657 
0.9505655765533447 0.046189576387405396 0.0032448316924273968 
0.7021591067314148 0.28215906023979187 0.015681834891438484 
0.706072986125946 0.28033506870269775 0.013591940514743328 
0.6089431047439575 0.3378089964389801 0.05324797332286835 
0.20008185505867004 0.779920756816864 0.019997363910079002 
0.10347096621990204 0.7997413873672485 0.09678763151168823 
0.8074017763137817 0.18342143297195435 0.00917684007436037 
0.8080471158027649 0.18415136635303497 0.007801505737006664 
0.28862208127975464 0.685359537601471 0.0260184146463871 
0.7980396151542664 0.18733714520931244 0.014623208902776241 
0.0041084554977715015 0.3852138817310333 0.6106776595115662 
0.3873758614063263 0.5954217910766602 0.017202327027916908 
0.5776113271713257 0.39849597215652466 0.023892728611826897 
0.9289101958274841 0.06766965985298157 0.0034202069509774446 
0.7833252549171448 0.2009170651435852 0.01575768180191517 
0.00478343153372407 0.473331481218338 0.521885097026825 
0.4813685417175293 0.5070014595985413 0.011629952117800713 
0.8853222727775574 0.10708732157945633 0.00759047782048583 
0.368106484413147 0.5594603419303894 0.07243311405181885 
0.3970654606819153 0.5806863903999329 0.022248120978474617 
0.5251457095146179 0.406036913394928 0.0688173845410347 
0.9248324036598206 0.07057617604732513 0.004591360222548246 
0.4087599813938141 0.5533707737922668 0.03786925971508026 
0.04041591286659241 0.8995227217674255 0.0600612610578537 
0.04041591286659241 0.8995227217674255 0.0600612610578537 
0.04041591286659241 0.8995227217674255 0.0600612610578537 
0.04041591286659241 0.8995227217674255 0.0600612610578537 
0.05620404705405235 0.8786666989326477 0.06512926518917084 
0.004290814511477947 0.21959619224071503 0.776112973690033 
0.14886441826820374 0.7476456165313721 0.10348989814519882 
0.6705440878868103 0.31319165229797363 0.016264215111732483 
0.20576070249080658 0.7733863592147827 0.020852867513895035 
0.8762871026992798 0.11694828420877457 0.006764624267816544 
0.18471667170524597 0.7710240483283997 0.044259339570999146 
0.6798613667488098 0.3146039545536041 0.005534717813134193 
0.5310884714126587 0.4373588562011719 0.031552620232105255 
0.8143606185913086 0.17579525709152222 0.009844102896749973 
0.8133653998374939 0.17655886709690094 0.010075749829411507 
0.9548630118370056 0.042015474289655685 0.0031215730123221874 
0.3472135663032532 0.6220154762268066 0.03077095001935959 
0.11372159421443939 0.6072654128074646 0.2790129780769348 
0.8756891489028931 0.11819855868816376 0.006112216971814632 
0.8400318622589111 0.1512705683708191 0.008697489276528358 
0.9285080432891846 0.0687159076333046 0.0027759727090597153 
0.9316806197166443 0.06419643759727478 0.004122947808355093 
0.001722305896691978 0.14424648880958557 0.8540312051773071 
0.9116408228874207 0.08297732472419739 0.005381900817155838 
0.8682636618614197 0.12790659070014954 0.0038297330029308796 
0.8211283087730408 0.16712237894535065 0.011749404482543468 
0.04862615093588829 0.5878324508666992 0.3635413646697998 
0.8858867883682251 0.10950785875320435 0.0046054101549088955 
0.5268789529800415 0.45551785826683044 0.0176031943410635 
0.9210159778594971 0.07531782984733582 0.0036662465427070856 
0.11195392161607742 0.48176878690719604 0.40627726912498474 
0.831214964389801 0.16088390350341797 0.007901076227426529 
0.9119390249252319 0.08393485099077225 0.00412619998678565 
0.8470048308372498 0.14195267856121063 0.011042522266507149 
0.6550760269165039 0.3288518488407135 0.016072146594524384 
0.8731465339660645 0.12354910373687744 0.003304325742647052 
0.6621485948562622 0.2486497312784195 0.08920175582170486 
0.40522319078445435 0.5739772319793701 0.020799627527594566 
0.13627134263515472 0.4446500241756439 0.41907864809036255 
0.5812985897064209 0.3266160488128662 0.0920853391289711 
0.7127466201782227 0.26862236857414246 0.018631024286150932 
0.938398003578186 0.057075660675764084 0.0045262728817760944 
0.3842628300189972 0.5950709581375122 0.020666206255555153 
0.7304707765579224 0.25941386818885803 0.010115385055541992 
0.9403191804885864 0.05605359748005867 0.0036272380966693163 
0.9178053736686707 0.07752730697393417 0.004667373839765787 
0.8018326759338379 0.19126060605049133 0.00690673990175128 
0.24708960950374603 0.7351551651954651 0.017755236476659775 
0.023946475237607956 0.9400238394737244 0.03602975979447365 
0.9047776460647583 0.0925949215888977 0.002627418842166662 
0.2501998543739319 0.450885534286499 0.2989146411418915 
0.8632201552391052 0.13188230991363525 0.004897482693195343 
0.5262529253959656 0.4613629877567291 0.012384086847305298 
0.016963118687272072 0.4115554392337799 0.571481466293335 
0.41006022691726685 0.5748405456542969 0.015099327079951763 
0.657552182674408 0.32509365677833557 0.01735416054725647 
0.47352755069732666 0.5038078427314758 0.022664625197649002 
0.8105858564376831 0.182426318526268 0.006987870205193758 
0.8037203550338745 0.179812952876091 0.01646667905151844 
0.860711932182312 0.13142578303813934 0.007862349972128868 
0.45715638995170593 0.5273459553718567 0.015497630462050438 
0.8129280805587769 0.17064860463142395 0.016423311084508896 
0.9080157279968262 0.08623962849378586 0.005744574125856161 
0.7092538475990295 0.28464049100875854 0.006105646025389433 
0.6336492300033569 0.3478999137878418 0.01845083385705948 
0.013179846107959747 0.17178119719028473 0.8150389194488525 
0.4413587152957916 0.5421091914176941 0.01653207093477249 
0.7090398073196411 0.2809928357601166 0.009967326186597347 
0.5096388459205627 0.4703461527824402 0.020014993846416473 
0.5108639597892761 0.44377055764198303 0.04536551237106323 
0.0675700381398201 0.8511319756507874 0.08129797875881195 
0.8039941191673279 0.18615196645259857 0.009853855706751347 
0.50765460729599 0.45640692114830017 0.03593844920396805 
0.00262320414185524 0.17873364686965942 0.8186431527137756 
0.08169228583574295 0.5612214207649231 0.35708633065223694 
0.7408648133277893 0.2538788616657257 0.005256299395114183 
0.1913062483072281 0.46610763669013977 0.34258610010147095 
0.14279486238956451 0.6651319265365601 0.192073255777359 
0.005416320636868477 0.07784494757652283 0.916738748550415 
0.15966796875 0.482700914144516 0.3576311767101288 
0.8191098570823669 0.17723262310028076 0.0036575435660779476 
0.7357680797576904 0.2528754472732544 0.011356470175087452 
0.900226354598999 0.09477689117193222 0.004996711388230324 
0.8647480607032776 0.12794332206249237 0.007308618165552616 
0.0043247719295322895 0.047121401876211166 0.9485538601875305 
0.7909777760505676 0.2001856416463852 0.0088365962728858 
0.8099226951599121 0.18237130343914032 0.00770607590675354 
0.46771809458732605 0.5013400316238403 0.03094186820089817 
0.9536982774734497 0.04370229318737984 0.0025993508752435446 
0.9063296318054199 0.08727364987134933 0.006396754179149866 
0.38568776845932007 0.5449867844581604 0.06932541728019714 
0.6683444976806641 0.3227178454399109 0.008937647566199303 
0.8659044504165649 0.12932159006595612 0.004773919936269522 
0.8610352873802185 0.13078562915325165 0.008179007098078728 
0.21292050182819366 0.3968556523323059 0.39022377133369446 
0.6143183708190918 0.3691141903400421 0.016567418351769447 
0.6143183708190918 0.3691141903400421 0.016567418351769447 
0.03748863562941551 0.9064026474952698 0.05610867962241173 
0.619662880897522 0.36450666189193726 0.015830451622605324 
0.6605508923530579 0.3219316899776459 0.017517445608973503 
0.5304211974143982 0.4319683015346527 0.0376104898750782 
0.7432644367218018 0.24974600970745087 0.006989565212279558 
0.48096439242362976 0.4859781563282013 0.03305741026997566 
0.7237396240234375 0.2558000087738037 0.020460398867726326 
0.4272291958332062 0.5485841631889343 0.024186622351408005 
0.516010046005249 0.47044771909713745 0.013542181812226772 
0.8794994950294495 0.11214235424995422 0.00835820846259594 
0.3153631091117859 0.5450429916381836 0.13959385454654694 
0.003963105846196413 0.044768910855054855 0.9512679576873779 
0.04380861669778824 0.6245980858802795 0.33159327507019043 
0.47629112005233765 0.4528200328350067 0.07088890671730042 
0.6357729434967041 0.35112884640693665 0.013098198920488358 
0.9480582475662231 0.04944368451833725 0.0024980518501251936 
0.9244701862335205 0.0708441287279129 0.004685681313276291 
0.5774841904640198 0.4086093604564667 0.013906441628932953 
0.12579187750816345 0.8307799696922302 0.043428193777799606 
0.8870651721954346 0.1087629497051239 0.004171936772763729 
0.8675759434700012 0.12608246505260468 0.006341575179249048 
0.8970091342926025 0.09899689257144928 0.00399402529001236 
0.6024934649467468 0.35188958048820496 0.045617006719112396 
0.8232786655426025 0.1677636355161667 0.00895770639181137 
0.3380248546600342 0.6450881958007812 0.016886994242668152 
0.39743348956108093 0.5668979287147522 0.035668592900037766 
0.9481753706932068 0.04740782827138901 0.004416840150952339 
0.9095515012741089 0.08501025289297104 0.005438272841274738 
0.9198966026306152 0.07726483047008514 0.0028385843615978956 
0.8576037287712097 0.13730692863464355 0.005089377984404564 
0.11093227565288544 0.48856624960899353 0.4005014896392822 
0.9672994017601013 0.030785832554101944 0.0019147925777360797 
0.5312435626983643 0.4491588771343231 0.01959758810698986 
0.4137507677078247 0.2625793218612671 0.3236699402332306 
0.9162150025367737 0.07920080423355103 0.004584184382110834 
0.6977925300598145 0.2854306101799011 0.016776856034994125 
0.7517169117927551 0.24118027091026306 0.007102866191416979 
0.2730516195297241 0.6774260401725769 0.04952234402298927 
0.8976609110832214 0.09830630570650101 0.004032786004245281 
0.40132084488868713 0.5272969603538513 0.07138223946094513 
0.8083585500717163 0.18254007399082184 0.009101399220526218 
0.8656781911849976 0.1267433762550354 0.007578435819596052 
0.6134580373764038 0.3730558454990387 0.013486066833138466 
0.6740936040878296 0.31207528710365295 0.01383108552545309 
0.6801126003265381 0.2907700836658478 0.02911740355193615 
0.4070237874984741 0.461387038230896 0.13158921897411346 
0.8282504677772522 0.16239134967327118 0.009358100593090057 
0.9085271954536438 0.0850326344370842 0.0064401766285300255 
0.5243921875953674 0.44156530499458313 0.03404250368475914 
0.8441200256347656 0.15077084302902222 0.005109095945954323 
0.016723237931728363 0.17586393654346466 0.80741286277771 
0.5235391855239868 0.46531379222869873 0.011146997101604939 
0.15681645274162292 0.638733983039856 0.20444948971271515 
0.8174795508384705 0.17579050362110138 0.006730009336024523 
0.8010810017585754 0.183168426156044 0.015750588849186897 
0.6664800643920898 0.3215257227420807 0.011994191445410252 
0.0013043797807767987 0.033920176327228546 0.9647755026817322 
0.05377206206321716 0.913192093372345 0.03303585201501846 
0.9261136651039124 0.0673140287399292 0.006572247948497534 
0.6933467984199524 0.2900637984275818 0.016589457169175148 
0.1054505854845047 0.8753838539123535 0.01916562207043171 
0.9145644903182983 0.08116243779659271 0.004273037426173687 
0.5324276685714722 0.4374406337738037 0.03013172559440136 
0.5427283644676208 0.4277510344982147 0.02952064573764801 
0.7884230613708496 0.20279043912887573 0.008786460384726524 
0.9376367926597595 0.05798491835594177 0.004378183279186487 
0.4495198726654053 0.5071854591369629 0.04329471290111542 
0.21429632604122162 0.7237165570259094 0.06198706105351448 
0.1862218976020813 0.6446794867515564 0.16909869015216827 
0.4641941785812378 0.5246199369430542 0.011185809038579464 
0.7565686106681824 0.22677305340766907 0.016658330336213112 
0.9665244817733765 0.02922670915722847 0.00424885842949152 
0.5984314680099487 0.39153555035591125 0.01003299094736576 
0.5984314680099487 0.39153555035591125 0.01003299094736576 
0.039892930537462234 0.465434193611145 0.49467286467552185 
0.7695295810699463 0.22253598272800446 0.007934476248919964 
0.8002252578735352 0.19557572901248932 0.004198988433927298 
0.5282565355300903 0.44592922925949097 0.025814266875386238 
0.47001516819000244 0.5106041431427002 0.01938069611787796 
0.49557191133499146 0.4905582368373871 0.01386990025639534 
0.9299235939979553 0.0654488280415535 0.0046275281347334385 
0.3212372064590454 0.640188992023468 0.03857380151748657 
0.0961458757519722 0.4848455786705017 0.4190085828304291 
0.3055287003517151 0.4955964982509613 0.19887478649616241 
0.005570468958467245 0.6021146178245544 0.3923149108886719 
0.8738915324211121 0.11959564685821533 0.006512770429253578 
0.9248908162117004 0.07200977206230164 0.003099441062659025 
0.27085617184638977 0.48516422510147095 0.2439795583486557 
0.6674864292144775 0.3162153363227844 0.016298266127705574 
0.665778398513794 0.3113662302494049 0.022855395451188087 
0.8570558428764343 0.13456381857395172 0.008380336686968803 
0.6680900454521179 0.3197839558124542 0.012126032263040543 
0.31941187381744385 0.6315709352493286 0.04901723191142082 
0.03399190679192543 0.5730485320091248 0.3929595649242401 
0.4985015094280243 0.4746972322463989 0.026801209896802902 
0.8817955851554871 0.10913700610399246 0.009067412465810776 
0.03266042470932007 0.2759842872619629 0.691355288028717 
0.0013043797807767987 0.033920176327228546 0.9647755026817322 
0.8043045997619629 0.1869187355041504 0.00877674575895071 
0.9474392533302307 0.049764592200517654 0.002796122571453452 
0.0013043797807767987 0.033920176327228546 0.9647755026817322 
0.6276354789733887 0.32590603828430176 0.046458493918180466 
0.7379319071769714 0.21149130165576935 0.05057678744196892 
0.9369757175445557 0.05839909240603447 0.004625098779797554 
0.9316259622573853 0.06615810096263885 0.002215916058048606 
0.752021849155426 0.24076998233795166 0.007208195049315691 
0.8666545152664185 0.12535713613033295 0.00798838958144188 
0.54258131980896 0.40224453806877136 0.05517411604523659 
0.002801324240863323 0.04410421475768089 0.9530945420265198 
0.6232936978340149 0.3454832136631012 0.031223049387335777 
0.003348966594785452 0.09326644241809845 0.9033845663070679 
0.006185424979776144 0.08389244228601456 0.9099220633506775 
0.018716905266046524 0.20231249928474426 0.7789705991744995 
0.14955124258995056 0.5243068337440491 0.32614198327064514 
0.6659815311431885 0.32105913758277893 0.01295933686196804 
0.07464774698019028 0.49875226616859436 0.42659997940063477 
0.818200409412384 0.17476794123649597 0.007031688001006842 
0.023860441520810127 0.29199525713920593 0.6841443181037903 
0.9412515759468079 0.05457501485943794 0.0041734399273991585 
0.127900630235672 0.8341487050056458 0.037950675934553146 
0.6787739992141724 0.3027332127094269 0.0184928085654974 
0.36695295572280884 0.6070441603660583 0.026002878323197365 
0.8667946457862854 0.1260574609041214 0.0071478476747870445 
0.8247835636138916 0.16366511583328247 0.011551301926374435 
0.0029813386499881744 0.6173858642578125 0.3796328604221344 
0.8789147734642029 0.11448447406291962 0.006600702181458473 
0.6848986744880676 0.3025490343570709 0.01255231723189354 
0.6779834628105164 0.29917311668395996 0.022843459621071815 
0.3924199044704437 0.5537545680999756 0.053825486451387405 
0.4996737539768219 0.48442015051841736 0.015906136482954025 
0.0064634601585567 0.6383402347564697 0.3551963269710541 
0.020081816241145134 0.9021508097648621 0.07776737213134766 
0.08940518647432327 0.8572829365730286 0.05331185460090637 
0.1746513843536377 0.6383220553398132 0.18702657520771027 
0.9259585738182068 0.07096026092767715 0.003081144765019417 
0.12504597008228302 0.8461818695068359 0.02877208963036537 
0.9226506948471069 0.07448308914899826 0.00286615127697587 
0.2056816667318344 0.6834929585456848 0.11082540452480316 
0.04679146781563759 0.9265227317810059 0.026685839518904686 
0.6256492137908936 0.3519558906555176 0.02239486388862133 
0.21347182989120483 0.6901720762252808 0.09635608643293381 
0.7432572841644287 0.23041951656341553 0.026323195546865463 
0.9414911270141602 0.05579787492752075 0.002710985951125622 
0.9278777837753296 0.06751373410224915 0.004608544521033764 
0.04811395704746246 0.8316006660461426 0.12028536945581436 
0.6463871598243713 0.32972216606140137 0.02389068342745304 
0.06413357704877853 0.8216507434844971 0.1142156720161438 
0.9117326736450195 0.08437465131282806 0.0038925788830965757 
0.7071881294250488 0.2701077163219452 0.022704172879457474 
0.05912661924958229 0.588080644607544 0.3527927100658417 
0.0614086389541626 0.8375062942504883 0.10108505934476852 
0.40416955947875977 0.556800127029419 0.03903032839298248 
0.7034189105033875 0.26552683115005493 0.031054269522428513 
0.21227702498435974 0.7299292087554932 0.0577937476336956 
0.35517844557762146 0.6055785417556763 0.039243023842573166 
0.8809102773666382 0.11273439973592758 0.006355320103466511 
0.011359871365129948 0.7462745904922485 0.24236556887626648 
0.6814230680465698 0.3007466495037079 0.017830362543463707 
0.8331188559532166 0.1593751758337021 0.007505999878048897 
0.7829847931861877 0.20591215789318085 0.011103026568889618 
0.8785075545310974 0.11500021070241928 0.006492139771580696 
0.9477176666259766 0.04919867217540741 0.0030836916994303465 
0.7405052185058594 0.24453353881835938 0.014961319044232368 
0.8840364813804626 0.10952441394329071 0.00643911212682724 
0.9175950288772583 0.07926707714796066 0.0031378483399748802 
0.09577679634094238 0.8229801654815674 0.08124296367168427 
0.2482900321483612 0.6237190365791321 0.1279909610748291 
0.10865417122840881 0.7516647577285767 0.13968108594417572 
0.8197466135025024 0.1716289520263672 0.008624374866485596 
0.8110458850860596 0.17958010733127594 0.009374035522341728 
0.8104527592658997 0.1803329437971115 0.009214288555085659 
0.8401060104370117 0.15239368379116058 0.007500365376472473 
0.5957130789756775 0.3851125240325928 0.019174402579665184 
0.814580500125885 0.17650850117206573 0.008911002427339554 
0.9060187339782715 0.0888649970293045 0.005116242449730635 
0.8064559698104858 0.1837422102689743 0.009801887907087803 
0.7389065027236938 0.2448681890964508 0.016225330531597137 
0.8186407685279846 0.17260758578777313 0.008751638233661652 
0.6265255808830261 0.3588765263557434 0.014597938396036625 
0.8847292065620422 0.11057885736227036 0.004691916983574629 
0.22063101828098297 0.7257804870605469 0.05358855053782463 
0.050767723470926285 0.9208251237869263 0.028407154604792595 
0.6973873376846313 0.2903452217578888 0.012267492711544037 
0.02645343355834484 0.5614826679229736 0.4120638966560364 
0.26163753867149353 0.5425306558609009 0.19583183526992798 
0.0013043797807767987 0.033920176327228546 0.9647755026817322 
0.7464762330055237 0.24318796396255493 0.010335861705243587 
0.5539675354957581 0.4245123565196991 0.021520117297768593 
0.6798662543296814 0.26192834973335266 0.058205362409353256 
0.5165415406227112 0.35998407006263733 0.12347439676523209 
0.9496292471885681 0.04704326391220093 0.00332744256593287 
0.9579586386680603 0.039168424904346466 0.0028729464393109083 
0.7884230613708496 0.20279043912887573 0.008786460384726524 
0.7085426449775696 0.28262805938720703 0.008829294703900814 
0.02754254825413227 0.8898336887359619 0.08262382447719574 
0.7892757654190063 0.1970834732055664 0.013640720397233963 
0.173284649848938 0.7549413442611694 0.07177402079105377 
0.8453589081764221 0.14947620034217834 0.005164909642189741 
0.012016752734780312 0.2958611845970154 0.6921220421791077 
0.8583642244338989 0.13197726011276245 0.009658553637564182 
0.5425159931182861 0.4179641008377075 0.039519909769296646 
0.7978445887565613 0.1920487880706787 0.01010666973888874 
0.9379631876945496 0.059841644018888474 0.0021951175294816494 
0.7699307203292847 0.22279104590415955 0.0072781722992658615 
0.62985759973526 0.34428897500038147 0.025853415951132774 
0.4735715985298157 0.5119032263755798 0.014525225386023521 
0.48350080847740173 0.5026686787605286 0.013830488547682762 
0.08935805410146713 0.684248149394989 0.22639380395412445 
0.707613468170166 0.2794073522090912 0.012979150749742985 
0.9686940908432007 0.028717773035168648 0.002588123083114624 
0.8040029406547546 0.18854936957359314 0.007447737734764814 
0.8245935440063477 0.1677945852279663 0.00761192524805665 
0.06400222331285477 0.36984747648239136 0.5661503076553345 
0.7416300177574158 0.2526445984840393 0.005725349299609661 
0.8005567193031311 0.19376179575920105 0.00568144116550684 
0.7659098505973816 0.22433242201805115 0.009757738560438156 
0.5011159181594849 0.4847107529640198 0.014173309318721294 
0.9137502312660217 0.08246087282896042 0.0037889222148805857 
0.6800249218940735 0.2901795208454132 0.029795506969094276 
0.11658430844545364 0.3765302300453186 0.5068854689598083 
0.762226939201355 0.2207585871219635 0.017014458775520325 
0.9169667363166809 0.07923506200313568 0.003798239165917039 
0.9758262038230896 0.022057918831706047 0.00211584335193038 
0.002411420224234462 0.01699703559279442 0.9805915951728821 
0.9216165542602539 0.0751204639673233 0.0032630017958581448 
0.7238051295280457 0.26666975021362305 0.009525209665298462 
0.8569493889808655 0.13798658549785614 0.005063977558165789 
0.3348262310028076 0.6381884813308716 0.026985272765159607 
0.7328782081604004 0.25649672746658325 0.010625073686242104 
0.9579741358757019 0.039484091103076935 0.002541720401495695 
0.3502535820007324 0.5865431427955627 0.06320328265428543 
0.5387974977493286 0.43618759512901306 0.025014858692884445 
0.4735790193080902 0.5106399059295654 0.015781080350279808 
0.5841889977455139 0.38975661993026733 0.026054387912154198 
0.7789844274520874 0.20691470801830292 0.014100850559771061 
0.9280358552932739 0.06771187484264374 0.0042522503063082695 
0.8609010577201843 0.13238400220870972 0.006714897695928812 
0.4030227065086365 0.5117409229278564 0.08523636311292648 
0.9463814496994019 0.050652697682380676 0.0029658940620720387 
0.1276271939277649 0.7181277871131897 0.1542450487613678 
0.8590935468673706 0.12769374251365662 0.013212664052844048 
0.7019985318183899 0.2753168046474457 0.022684654220938683 
0.4118219017982483 0.5443384647369385 0.04383963719010353 
0.9330717325210571 0.06375522911548615 0.003172973170876503 
0.7596678137779236 0.22904075682163239 0.011291447095572948 
0.7707298398017883 0.2189234048128128 0.010346743278205395 
0.7707298398017883 0.2189234048128128 0.010346743278205395 
0.6322175860404968 0.3448185622692108 0.022963859140872955 
0.1694905310869217 0.5790978074073792 0.25141164660453796 
0.8279299736022949 0.16469529271125793 0.007374714128673077 
0.27484023571014404 0.6755812764167786 0.04957852140069008 
0.8081601858139038 0.17372345924377441 0.018116435036063194 
0.8603687286376953 0.12556177377700806 0.014069526456296444 
0.34908849000930786 0.6167811751365662 0.03413035348057747 
0.8529135584831238 0.14026518166065216 0.006821213290095329 
0.1636122614145279 0.7897254824638367 0.04666223004460335 
0.3808075189590454 0.5830588936805725 0.036133602261543274 
0.18203994631767273 0.7789242267608643 0.03903584182262421 
0.9224517941474915 0.0740901455283165 0.003458113642409444 
0.8687705993652344 0.1260775327682495 0.005151830613613129 
0.9558936357498169 0.04098190367221832 0.0031244014389812946 
0.5774841904640198 0.4086093604564667 0.013906441628932953 
0.9276246428489685 0.06964144855737686 0.0027339556254446507 
0.8932345509529114 0.10242627561092377 0.004339180886745453 
0.1636122614145279 0.7897254824638367 0.04666223004460335 
0.8675190210342407 0.12727521359920502 0.005205811001360416 
0.8894903063774109 0.1045457050204277 0.005963955540210009 
0.8474758863449097 0.14846399426460266 0.004060045350342989 
0.3541213870048523 0.5306184887886047 0.11526008695363998 
0.10433286428451538 0.5899849534034729 0.30568215250968933 
0.2291882187128067 0.6338382959365845 0.1369735300540924 
0.4035363495349884 0.5440075397491455 0.052456118166446686 
0.8824180960655212 0.11080805212259293 0.006773913744837046 
0.5774841904640198 0.4086093604564667 0.013906441628932953 
0.0007963814423419535 0.020048124715685844 0.9791554808616638 
0.919239342212677 0.07678236067295074 0.003978243563324213 
0.8620861768722534 0.12854047119617462 0.009373308159410954 
0.853215754032135 0.14211618900299072 0.004668021108955145 
0.5774841904640198 0.4086093604564667 0.013906441628932953 
0.6082658767700195 0.35254424810409546 0.03918983414769173 
0.605120062828064 0.37995970249176025 0.014920258894562721 
0.9550817608833313 0.042314574122428894 0.002603717613965273 
0.8904430270195007 0.1048659086227417 0.004691078327596188 
0.9438921213150024 0.05228551849722862 0.0038223490118980408 
0.6585273742675781 0.31677231192588806 0.024700261652469635 
0.028901245445013046 0.12423554062843323 0.8468632102012634 
