0.15283115
0.0068135555
0.014325911
0.7162892
0.93497753
0.1549609
0.78397244
0.70695364
0.02223128
0.720178
0.62422884
0.054791886
0.70574933
0.5571759
0.12847824
0.5577712
0.047248688
0.5169602
0.17936313
0.049721766
0.021273954
0.11561917
0.37123317
0.3475763
0.2488494
0.06114217
0.19348668
0.87985665
0.008587321
0.78465974
0.03661874
0.2173468
0.76366067
0.4870206
0.28388637
0.63134134
0.824469
0.09152972
0.49061298
0.7997929
0.27567485
0.23784004
0.40006575
0.5908658
0.31462416
0.92344403
0.17258772
0.2064491
0.041054767
0.0012048212
0.077924214
0.038979564
0.37722948
0.5673175
0.15673722
0.110189974
0.6920155
0.7066418
0.38629475
0.13738893
0.9683253
0.009690932
0.23744787
0.6970691
0.46933207
0.12768562
0.0928606
0.8650658
0.008263213
0.45442143
0.1926573
0.5739336
0.43645036
0.49401808
0.08189174
0.36731726
0.0068018176
0.017407088
0.024173478
0.113739364
0.009359281
0.79808813
0.35163254
0.044396047
0.20186006
0.79808813
0.78019136
0.6991502
0.32783198
0.0053073983
0.79808813
0.66677994
0.25401518
0.048178304
0.9115416
0.9115416
0.10220856
0.030928493
0.16272965
0.03937796
0.08884505
0.8398884
0.08474436
0.86921906
0.02788264
0.671735
0.008087182
0.30975997
0.34650126
0.008632163
0.042051747
0.86689836
0.025362337
0.14327417
0.021483816
0.00092564494
0.83317965
0.041093107
0.063885696
0.007724533
0.361046
0.01755165
0.13181013
0.8934503
0.5925534
0.8114031
0.6339721
0.1425298
0.03667674
0.026720125
0.10958275
0.008376767
0.46248046
0.012812431
0.63506204
0.9513054
0.13138784
0.013442547
0.047225993
0.5502706
0.054384355
0.8453774
0.145025
0.46994987
0.03955894
0.23396663
0.35498062
0.38797233
0.106536016
0.3142085
0.09570302
0.5426504
0.090658486
0.41680497
0.26329842
0.52062887
0.15170462
0.1452501
0.028917152
0.2614768
0.87991285
0.07978455
0.9014154
0.4585105
0.0038258273
0.008859522
0.052852158
0.850016
0.045371007
0.28927016
0.81697965
0.5456182
0.6550393
0.4503217
0.6154239
0.05147474
0.018579084
0.08646816
0.038094934
0.66572756
0.011574436
0.84417915
0.4329357
0.0101350555
0.00083511224
0.6038842
0.28017476
0.0070039295
0.7663549
0.12172839
0.02024884
0.012059325
0.32290646
0.04309482
0.6427384
0.30868202
0.027695365
0.9573587
0.689612
0.6897013
0.42262852
0.019810796
0.77148736
0.5343478
0.80987245
0.41086435
0.05378118
0.031576943
0.041074384
0.7429919
0.21276881
0.1637602
0.26878628
0.70302063
0.07331618
0.77794707
0.1378787
0.9254467
0.91732836
0.5716511
0.15771385
0.8751636
0.22202875
0.27060413
0.008913569
0.844543
0.016704034
0.08542915
0.12193026
0.5048787
0.8439341
0.26459116
0.2677931
0.120100915
0.6384319
0.674979
0.0017275062
0.021233302
0.02553142
0.15174398
0.22232495
0.0038618532
0.37119365
0.9063627
0.4548694
0.48479784
0.9118761
0.6019673
0.005089885
0.09618562
0.10355607
0.21749766
0.37868792
0.77672154
0.04853364
0.2079568
0.068552725
0.45053983
0.0025156313
0.41866067
0.42394271
0.7042987
0.8152569
0.06238949
0.35719225
0.19761121
0.07614938
0.07614938
0.7326027
0.015995117
0.068798944
0.91481596
0.052854616
0.0031244138
0.0031244138
0.0031244138
0.049137216
0.0051067397
0.1498998
0.7005066
0.79606605
0.019553056
0.06363375
0.038896658
0.043574914
0.075627305
0.03284887
0.0050800177
0.67723894
0.04656455
0.0035552457
0.025422063
0.024403393
0.02617332
0.0500515
0.04080006
0.24818091
0.51270276
0.05251419
0.06092155
0.3495278
0.23139337
0.07209234
0.037714895
0.016520878
0.2524561
0.922485
0.17599213
0.03288945
0.020658193
0.0025104948
0.875078
0.7110407
0.6667184
0.026067365
0.44683704
0.767698
0.7000074
0.014414093
0.25172967
0.05908311
0.41740853
0.7110244
0.14419134
0.8356285
0.8929946
0.79808813
0.019125674
0.14373219
0.874752
0.66969496
0.52830213
0.37817165
0.099288814
0.08007506
0.0031345226
0.2412441
0.9424865
0.0222618
0.25176278
0.09571842
0.51271796
0.58134687
0.005423249
0.33893812
0.43517193
0.5520932
0.74587256
0.39367712
0.0772293
0.011011681
0.81196505
0.060677942
0.00073089346
0.035823345
0.31891313
0.5334106
0.5568448
0.16814262
0.13642183
0.35886595
0.44157565
0.37932727
0.56858295
0.4677033
0.49748453
0.49748453
0.0065341974
0.81923944
0.17222296
0.33137083
0.7507602
0.0074561015
0.6074467
0.005388003
0.1079797
0.39367712
0.10677139
0.14572906
0.3850833
0.050272815
0.17921786
0.13782173
0.031768933
0.15007469
0.87920743
0.4505166
0.06733862
0.5833344
0.6311608
0.6801179
0.05820569
0.103261255
0.057364352
0.010720331
0.056364287
0.062362608
0.26669556
0.12818627
0.5717271
0.5555766
0.45187995
0.016499113
0.461172
0.6801179
0.05820569
0.103261255
0.16377872
0.057364352
0.010720331
0.056364287
0.062362608
0.26669556
0.12818627
0.39367712
0.6801179
0.05820569
0.041883796
0.103261255
0.8188587
0.91796404
0.035653494
0.23421314
0.11396335
0.6135545
0.798199
0.2777509
0.057364352
0.91015524
0.010720331
0.74311364
0.8224131
0.031429112
0.056364287
0.7861684
0.31603658
0.062362608
0.0018221572
0.58827865
0.26669556
0.67727405
0.42906561
0.49181482
0.021294894
0.12818627
0.8318578
0.27527812
0.039295666
0.06933459
0.62852186
0.066181816
0.41192383
0.15052322
0.24990565
0.015809888
0.81474406
0.01372974
0.2137541
0.0896825
0.008426735
0.81474406
0.81474406
0.7212753
0.008496697
0.39454576
0.055886514
0.15332417
0.0063946936
0.59704113
0.07321424
0.016574325
0.016526902
0.4501263
0.50154567
0.7585032
0.034255587
0.7441132
0.11345775
0.7316522
0.08067161
0.0070993924
0.63810617
0.24985811
0.07864678
0.14440413
0.64828223
0.14181608
0.9103216
0.16569631
0.39331353
0.061114967
0.84036833
0.035672504
0.4656325
0.17969313
0.07577706
0.85452
0.049189515
0.8280922
0.87759346
0.056728665
0.6207378
0.38901302
0.015099495
0.06465285
0.004788591
0.03819136
0.11492893
0.23997533
0.19543941
0.7742633
0.088809334
0.6156553
0.16042645
0.0033362985
0.061703656
0.25293425
0.25131536
0.011454488
0.12077008
0.4241965
0.92097896
0.014642108
0.03721983
0.77045184
0.6757894
0.037165362
0.054417796
0.015331506
0.00504951
0.37929592
0.15283115
0.0020138933
0.1549609
0.720178
0.62422884
0.054791886
0.83282393
0.8938779
0.12847824
0.70574933
0.5571759
0.21475892
0.44383714
0.049721766
0.17936313
0.11561917
0.021273954
0.37123317
0.2222118
0.2488494
0.19348668
0.06114217
0.54378486
0.55934674
0.008587321
0.78465974
0.03661874
0.019879753
0.76366067
0.2173468
0.63134134
0.28388637
0.09152972
0.05048403
0.27567485
0.40006575
0.23784004
0.31462416
0.54669607
0.5043089
0.041054767
0.2064491
0.17258772
0.038979564
0.077924214
0.51467764
0.3137881
0.5673175
0.110189974
0.15673722
0.14082566
0.2678055
0.7066418
0.38629475
0.6920155
0.5812754
0.2705206
0.13738893
0.2229104
0.009690932
0.23744787
0.009826092
0.46933207
0.0928606
0.12768562
0.0018042658
0.004269767
0.09704613
0.70597553
0.7799863
0.3358076
0.0018582817
0.43191087
0.9736752
0.0029499952
0.5739336
0.78036416
0.40840384
0.6691037
0.79808813
0.08189174
0.49401808
0.1608768
0.0753996
0.017407088
0.7611396
0.113739364
0.009359281
0.04508806
0.044396047
0.35163254
0.20186006
0.034973096
0.10329851
0.0016470954
0.0053073983
0.32783198
0.008191268
0.8670128
0.39919397
0.9201759
0.63348126
0.17607243
0.048178304
0.25401518
0.019070232
0.10220856
0.16272965
0.03937796
0.030928493
0.0020359748
0.0020359748
0.8916408
0.08474436
0.8398884
0.006691258
0.671735
0.02788264
0.30975997
0.30468008
0.025045162
0.042051747
0.008632163
0.77635956
0.6564841
0.03718781
0.14327417
0.021483816
0.025362337
0.7996775
0.31880143
0.4164477
0.01755165
0.361046
0.007724533
0.063885696
0.041093107
0.4532951
0.81999487
0.123631336
0.9220351
0.1425298
0.03667674
0.0019708741
0.21733427
0.79808813
0.033190325
0.40201557
0.524886
0.5719055
0.56283194
0.5590578
0.008376767
0.46248046
0.41032416
0.047225993
0.013442547
0.90296596
0.19207434
0.054384355
0.0073899343
0.145025
0.23396663
0.03955894
0.46994987
0.01230681
0.46255663
0.106536016
0.5426504
0.090658486
0.09570302
0.3142085
0.26329842
0.52062887
0.006827946
0.1452501
0.36717913
0.0535871
0.63083553
0.4585105
0.1405711
0.016767405
0.9418945
0.045371007
0.795533
0.9136495
0.5077228
0.07652422
0.018579084
0.05147474
0.6154239
0.10934569
0.3208824
0.0101350555
0.4329357
0.0070039295
0.029201297
0.0015069579
0.5322675
0.008734671
0.02024884
0.012059325
0.6576859
0.4392375
0.46634665
0.021653617
0.55308735
0.689612
0.6897013
0.2758659
0.012804552
0.41086435
0.031576943
0.05378118
0.07097712
0.046840448
0.7064361
0.70302063
0.5719192
0.9156281
0.35296133
0.80721134
0.4851158
0.07331618
0.21475892
0.041906167
0.5716511
0.15771385
0.06210069
0.0043687513
0.08542915
0.033868987
0.1897721
0.13692759
0.7951862
0.12820238
0.26459116
0.76176846
0.46716213
0.120100915
0.0020658423
0.745759
0.065926075
0.037250698
0.92938805
0.021233302
0.40552425
0.16861673
0.042499755
0.8381302
0.85710007
0.85710007
0.113934755
0.6019673
0.48479784
0.023199072
0.6569163
0.4465897
0.040084127
0.06363971
0.0033723135
0.068552725
0.2079568
0.04853364
0.23109965
0.015881503
0.80890894
0.3675153
0.5952255
0.24309883
0.7336005
0.82150537
0.068798944
0.015995117
0.37968236
0.6751663
0.062114015
0.019553056
0.06363375
0.86962336
0.075627305
0.043574914
0.6171824
0.90019417
0.04656455
0.0035552457
0.5383014
0.05251419
0.51270276
0.04080006
0.9180616
0.15417431
0.81439507
0.9200233
0.74624795
0.23139337
0.0032532243
0.8267207
0.15774877
0.037714895
0.07209234
0.016520878
0.39447495
0.9377537
0.0055828835
0.17599213
0.020645931
0.4321899
0.22092077
0.0065178834
0.2904261
0.44683704
0.026067365
0.767698
0.23257603
0.080752455
0.78906155
0.15537557
0.063571535
0.05908311
0.124932244
0.057410367
0.15537557
0.8852337
0.17756103
0.062001757
0.41740853
0.20428231
0.16730933
0.8535056
0.0051932395
0.14373219
0.37817165
0.08007506
0.2688778
0.16258739
0.52090037
0.8612655
0.113199525
0.80438596
0.0025259953
0.0222618
0.5791565
0.43762708
0.5394317
0.51271796
0.6956204
0.732792
0.8364515
0.23931013
0.8222238
0.7085167
0.8838032
0.8096731
0.8096731
0.7421662
0.58134687
0.8493338
0.5224582
0.58954006
0.74587256
0.39367712
0.017498758
0.06087414
0.004853081
0.008719482
0.8242068
0.060677942
0.50838715
0.040754214
0.06959039
0.9198734
0.6684391
0.16814262
0.13642183
0.5365624
0.18676427
0.61906785
0.0016486837
0.37932727
0.0026421181
0.0108719645
0.26517794
0.3240965
0.015440444
0.76211727
0.81081545
0.5152986
0.08666182
0.33137083
0.17222296
0.016767405
0.15801114
0.8288735
0.87574756
0.1079797
0.39367712
0.007870113
0.14572906
0.45436436
0.3850833
0.263281
0.004549294
0.050272815
0.4473523
0.031768933
0.15007469
0.5833344
0.6801179
0.05820569
0.103261255
0.057364352
0.010720331
0.056364287
0.062362608
0.26669556
0.12818627
0.91296667
0.29356667
0.5717271
0.45187995
0.74624795
0.016499113
0.461172
0.6801179
0.05820569
0.103261255
0.16377872
0.057364352
0.010720331
0.056364287
0.062362608
0.26669556
0.12818627
0.04617273
0.39367712
0.6801179
0.05820569
0.8211914
0.10852004
0.041883796
0.103261255
0.1932638
0.66141784
0.80757415
0.6559871
0.799802
0.11396335
0.0023684925
0.7294749
0.0091154445
0.8524266
0.0015956854
0.5148598
0.7846709
0.6399598
0.057364352
0.02800412
0.010720331
0.29249242
0.056364287
0.8786065
0.5940784
0.017716642
0.062362608
0.0025075257
0.7454755
0.79808813
0.79808813
