0.07355917
0.6138903
0.6216845
0.029448472
0.0024671732
0.03757748
0.012455294
0.031296447
0.42504025
0.011467857
0.021608887
0.1060804
0.010344402
0.024678307
0.06565045
0.010693266
0.02852978
0.023253394
0.03960569
0.38882425
0.09302863
0.08226949
0.07698769
0.03433024
0.061173886
0.05099687
0.042639423
0.003800741
0.5892161
0.014686608
0.17672014
0.056735557
0.013716088
0.012806827
0.028843727
0.02119065
0.0042095175
0.09405262
0.01478783
0.00913379
0.0924033
0.05192956
0.034261625
0.037534855
0.05675469
0.004081732
0.036304325
0.09774432
0.3842103
0.88359284
0.3413882
0.27412695
0.0826946
0.027643573
0.21723986
0.33349043
0.011434274
0.014084585
0.051978067
0.08306728
0.0021588171
0.6294018
0.03569155
0.025099782
0.03798525
0.06409129
0.11790481
0.0062015057
0.3560206
0.038420722
0.0273093
0.02173829
0.026907077
0.021284044
0.072514474
0.05036651
0.7643964
0.34481394
0.6966155
0.10366511
0.44636035
0.011072751
0.061100725
0.12324011
0.0561483
0.011072751
0.00648021
0.0133182015
0.044049535
0.78174424
0.011072751
0.010871407
0.0479417
0.20893863
0.002759465
0.002759465
0.04943909
0.29989228
0.13626018
0.13602974
0.03762074
0.008825982
0.102949776
0.010087713
0.25103197
0.026160618
0.8078145
0.043024473
0.046717796
0.74722636
0.29217145
0.0047185402
0.34988794
0.07124672
0.45735145
0.94779795
0.007192986
0.31598952
0.3028456
0.64922774
0.046636254
0.55691695
0.15411024
0.0047068996
0.016937131
0.01203082
0.0073423753
0.22935781
0.40747
0.25349918
0.080089994
0.7785699
0.0285753
0.5791475
0.011282181
0.00404826
0.15169603
0.44036725
0.14860448
0.023516439
0.09444841
0.004197444
0.12833345
0.035601966
0.25168
0.09114582
0.04152014
0.05806015
0.23494561
0.07709644
0.054559804
0.036997117
0.0791798
0.022581192
0.08711478
0.0373392
0.053794708
0.094259694
0.730123
0.045146868
0.0035994544
0.033133388
0.0036834923
0.11070372
0.8928581
0.7913289
0.2283235
0.007979208
0.20350823
0.026311675
0.007978922
0.020809125
0.011545333
0.037929703
0.01998497
0.17342146
0.5256441
0.086879484
0.11613325
0.013582602
0.8080645
0.0061314944
0.069606714
0.73475677
0.97454333
0.015624565
0.022343291
0.755051
0.007463212
0.050097328
0.34832814
0.45979676
0.07141331
0.5405058
0.011747072
0.03811957
0.32500023
0.0025332232
0.0136329
0.014601402
0.035639808
0.06041198
0.010227907
0.016996603
0.007183857
0.025684915
0.07229807
0.20655443
0.23615012
0.010080371
0.02698149
0.07223359
0.039833765
0.013146346
0.15108223
0.013565618
0.4909573
0.003420902
0.0050153015
0.022136547
0.10930786
0.006779881
0.04428446
0.041868336
0.47109064
0.005635535
0.302008
0.16950847
0.09095175
0.05564722
0.006610871
0.07143277
0.08774706
0.06479399
0.023142662
0.011901519
0.91613305
0.18744764
0.18468079
0.043983676
0.03585504
0.72025
0.01757226
0.0025781866
0.043752633
0.033318024
0.0032517973
0.020513674
0.50470406
0.41060024
0.026932733
0.02514357
0.029353507
0.008458341
0.4549542
0.07003916
0.06622288
0.026047742
0.7697644
0.012954118
0.012482109
0.02159328
0.004674165
0.037863515
0.030985078
0.39088863
0.12329764
0.12329764
0.01851748
0.563721
0.16808282
0.005606559
0.14877445
0.87548006
0.87548006
0.87548006
0.20561491
0.8042669
0.039902695
0.009669198
0.006552977
0.22607978
0.18638016
0.1797807
0.2849871
0.24395408
0.4784202
0.79037863
0.024773832
0.16421047
0.782613
0.21277522
0.21731885
0.2062739
0.02857263
0.21784835
0.07883515
0.025309503
0.2988049
0.22871496
0.034148704
0.15075682
0.29941222
0.33792564
0.65012777
0.055734012
0.0035563675
0.08852722
0.34533858
0.20285515
0.7505045
0.0037917914
0.009345579
0.024027467
0.3678296
0.07205008
0.013572919
0.011159687
0.15460098
0.024780473
0.11050826
0.028187567
0.009690004
0.15081267
0.0058171824
0.003638917
0.011072751
0.14598598
0.094548054
0.0036900362
0.01088227
0.01818679
0.02015421
0.10545546
0.35089007
0.9247901
0.024581786
0.0034743901
0.5204374
0.11605044
0.030065281
0.021366498
0.02126239
0.70991874
0.10904137
0.061602615
0.01323346
0.015517628
0.028891588
0.2253042
0.44501096
0.0053267083
0.1200888
0.9809942
0.26256195
0.03500946
0.060843695
0.018522536
0.06479583
0.042412788
0.057375982
0.019546768
0.034617186
0.024997307
0.016232064
0.016110675
0.016110675
0.5769779
0.006076654
0.21316531
0.032537304
0.01669621
0.4589076
0.011240928
0.72225595
0.03370133
0.028891588
0.30686006
0.18063132
0.03429017
0.48698506
0.032338254
0.036176335
0.4291666
0.040467534
0.0066090683
0.055209547
0.19031058
0.03833783
0.012496817
0.02066861
0.14627324
0.051307943
0.08915449
0.6242878
0.4085157
0.2995998
0.03504512
0.061145626
0.022846987
0.02298357
0.037001397
0.34072378
0.041299973
0.02066861
0.14627324
0.051307943
0.0342673
0.08915449
0.6242878
0.4085157
0.2995998
0.03504512
0.061145626
0.028891588
0.02066861
0.14627324
0.19220872
0.051307943
0.0070372084
0.0029342605
0.30342215
0.036828805
0.12497546
0.027740251
0.017115926
0.08454476
0.08915449
0.0032357492
0.6242878
0.0074143484
0.010730413
0.48084703
0.4085157
0.011255903
0.08157229
0.2995998
0.95885015
0.022820357
0.03504512
0.015154266
0.029632445
0.020170383
0.77586734
0.061145626
0.006337149
0.060370415
0.42475608
0.19370084
0.015467419
0.24682792
0.021405488
0.12502067
0.066387214
0.50691634
0.0047074147
0.6394258
0.046700392
0.07054777
0.13735427
0.0047074147
0.0047074147
0.017758118
0.6482739
0.062414158
0.050818846
0.057446666
0.38583565
0.015077521
0.3780975
0.4688644
0.46143597
0.06934019
0.019988187
0.007575359
0.24622455
0.0074955397
0.08352577
0.007934241
0.21399222
0.2239606
0.027957866
0.054779477
0.22081064
0.10447033
0.023224
0.076504976
0.0047805295
0.051145896
0.058437616
0.12975544
0.010714711
0.26594403
0.018000579
0.057355646
0.22389248
0.009867393
0.36110604
0.004086644
0.0050767185
0.5418575
0.035664182
0.018926395
0.6194651
0.10902717
0.72673976
0.20178714
0.08801521
0.0664297
0.07605016
0.009263091
0.08736317
0.025758956
0.10128392
0.9317105
0.07052936
0.08980526
0.062952235
0.57011086
0.2573453
0.057189535
0.0049846233
0.58132243
0.16021374
0.010636007
0.01684418
0.11453528
0.26286373
0.45958194
0.74276
0.024025962
0.07355917
0.955851
0.03757748
0.011467857
0.021608887
0.1060804
0.013254814
0.003937444
0.06565045
0.010344402
0.024678307
0.05269517
0.027410835
0.38882425
0.03960569
0.08226949
0.09302863
0.07698769
0.055807717
0.061173886
0.042639423
0.05099687
0.0154057145
0.040273014
0.5892161
0.014686608
0.17672014
0.31470925
0.013716088
0.056735557
0.02119065
0.028843727
0.09405262
0.07710652
0.0924033
0.034261625
0.05192956
0.05675469
0.042762563
0.07018836
0.3842103
0.09774432
0.036304325
0.27412695
0.3413882
0.026565
0.029503928
0.027643573
0.33349043
0.21723986
0.056341186
0.027354866
0.014084585
0.051978067
0.011434274
0.031833626
0.07799674
0.08306728
0.028394686
0.6294018
0.03569155
0.15787737
0.03798525
0.11790481
0.06409129
0.8578112
0.66496545
0.12527415
0.012892861
0.009349629
0.13043162
0.8521086
0.09072531
0.0025050153
0.810156
0.02173829
0.007204514
0.020340987
0.009674732
0.011072751
0.072514474
0.021284044
0.034940753
0.38445333
0.34481394
0.010493858
0.10366511
0.44636035
0.23941724
0.12324011
0.061100725
0.0561483
0.21081507
0.12058465
0.8195669
0.78174424
0.044049535
0.35463974
0.0051861387
0.16054459
0.002562601
0.021704888
0.1386982
0.20893863
0.0479417
0.5171521
0.04943909
0.13626018
0.13602974
0.29989228
0.8660394
0.8660394
0.003946421
0.102949776
0.008825982
0.566689
0.026160618
0.25103197
0.043024473
0.063953005
0.16935867
0.29217145
0.74722636
0.007983483
0.017956514
0.3958958
0.07124672
0.45735145
0.34988794
0.008979978
0.11635759
0.046061147
0.55691695
0.046636254
0.64922774
0.3028456
0.31598952
0.053901978
0.0058959248
0.06935296
0.003765255
0.22935781
0.40747
0.83873457
0.094432965
0.011072751
0.077237174
0.025388362
0.022681301
0.015091242
0.01523804
0.015438162
0.7785699
0.0285753
0.018745085
0.14860448
0.44036725
0.0037720348
0.24858144
0.09444841
0.38008422
0.12833345
0.09114582
0.25168
0.035601966
0.7047871
0.028257318
0.23494561
0.036997117
0.0791798
0.054559804
0.07709644
0.08711478
0.0373392
0.7339569
0.094259694
0.08682232
0.31019354
0.016210329
0.11070372
0.06087622
0.36301535
0.0046460475
0.20350823
0.011011189
0.0036406587
0.021880684
0.036470395
0.5256441
0.17342146
0.01998497
0.0413428
0.03251781
0.73475677
0.069606714
0.755051
0.09428982
0.93592054
0.013280302
0.15419658
0.34832814
0.45979676
0.0077693537
0.02117972
0.028055646
0.21086057
0.016143799
0.0136329
0.014601402
0.031328946
0.5955127
0.025684915
0.20655443
0.07229807
0.20019832
0.079071164
0.0076500187
0.013146346
0.017449338
0.003339164
0.07579939
0.0157557
0.030033205
0.15108223
0.05269517
0.04585515
0.022136547
0.10930786
0.03751491
0.9009855
0.16950847
0.1675942
0.030868603
0.024857603
0.0074415705
0.024314424
0.07143277
0.009256211
0.042775165
0.06479399
0.77428246
0.011501999
0.39026517
0.07192823
0.0030721703
0.18744764
0.07829188
0.17674765
0.23536646
0.0069489693
0.005011762
0.005011762
0.09380506
0.020513674
0.033318024
0.3644678
0.008592011
0.03723323
0.6848264
0.2535841
0.8855949
0.06622288
0.07003916
0.4549542
0.061603755
0.8220987
0.005586751
0.037045617
0.009279282
0.03962229
0.023553893
0.008533258
0.16808282
0.563721
0.038977202
0.020924473
0.059940334
0.22607978
0.18638016
0.0036016826
0.24395408
0.2849871
0.04350314
0.005070932
0.16421047
0.782613
0.020730233
0.2988049
0.025309503
0.21784835
0.0033190898
0.05901463
0.0046973685
0.0051280945
0.011532134
0.15075682
0.7822373
0.010619647
0.039992277
0.33792564
0.29941222
0.65012777
0.026036657
0.002417962
0.46877423
0.08852722
0.20043238
0.02509668
0.03258434
0.87623364
0.035338495
0.07205008
0.3678296
0.013572919
0.030110069
0.06828856
0.011402334
0.073055156
0.07009274
0.11050826
0.059170667
0.079290874
0.073055156
0.005027346
0.029154016
0.050934326
0.028187567
0.17210647
0.13528524
0.0077169044
0.8683332
0.094548054
0.02015421
0.35089007
0.019787781
0.029915309
0.013517131
0.0047960607
0.35330412
0.013502414
0.75012064
0.5204374
0.009866122
0.03166669
0.060445663
0.021366498
0.009248334
0.036378432
0.011620944
0.21503802
0.0079854205
0.007840666
0.008441842
0.006620527
0.006620527
0.011787159
0.02126239
0.0067333733
0.015400947
0.021149114
0.015517628
0.028891588
0.54944295
0.029292462
0.5748746
0.39759755
0.0048377304
0.1200888
0.008732464
0.07606612
0.052719586
0.004406337
0.016175594
0.06479583
0.042412788
0.035791658
0.08028779
0.027833367
0.8611498
0.034617186
0.7988077
0.09817869
0.120898426
0.07784759
0.24349488
0.019464718
0.008817932
0.027096994
0.04150753
0.032537304
0.21316531
0.36301535
0.03657939
0.005120107
0.0052226735
0.03370133
0.028891588
0.29968476
0.18063132
0.030660594
0.03429017
0.026524367
0.78654695
0.48698506
0.02276064
0.4291666
0.040467534
0.03833783
0.02066861
0.14627324
0.051307943
0.08915449
0.6242878
0.4085157
0.2995998
0.03504512
0.061145626
0.003979863
0.026170176
0.022846987
0.037001397
0.011532134
0.34072378
0.041299973
0.02066861
0.14627324
0.051307943
0.0342673
0.08915449
0.6242878
0.4085157
0.2995998
0.03504512
0.061145626
0.43460122
0.028891588
0.02066861
0.14627324
0.009949013
0.041196182
0.19220872
0.051307943
0.072552405
0.01913697
0.008416745
0.013987769
0.007408092
0.12497546
0.74437404
0.0064555537
0.25462005
0.0068191257
0.9129111
0.025502706
0.0050213686
0.009837622
0.08915449
0.043189827
0.6242878
0.075961165
0.4085157
0.0035912532
0.024715703
0.18884426
0.2995998
0.75078684
0.017279616
0.011072751
0.011072751
