0.12438531
0.08409837
0.28296974
0.072908334
0.24092196
0.6254733
0.3137462
0.07893061
0.5750428
0.05227822
0.25037217
0.39381266
0.21001007
0.24539362
0.3643333
0.31682965
0.5336895
0.8372329
0.27701128
0.2629185
0.069193676
0.18260399
0.048983637
0.19662295
0.71846956
0.72071797
0.5084317
0.5912834
0.14509034
0.121359676
0.11400694
0.26091182
0.14578825
0.21508472
0.8391713
0.38407114
0.56648654
0.7096067
0.35215566
0.103485286
0.5067981
0.59733814
0.26496753
0.21734111
0.0904512
0.06371319
0.8834247
0.23746392
0.05069325
0.09952823
0.16855228
0.534494
0.32712585
0.6758566
0.15924948
0.2901651
0.040857226
0.12329424
0.14048651
0.4642978
0.17226909
0.48632875
0.37873322
0.6622545
0.24585544
0.9301393
0.11837641
0.7114773
0.59040195
0.6337822
0.12094114
0.07692608
0.18941727
0.12560879
0.12080478
0.8601554
0.48491165
0.21271838
0.20603742
0.38651758
0.2619958
0.27416554
0.28552917
0.7854972
0.4300598
0.64162344
0.049029782
0.44495633
0.396916
0.6149732
0.18374018
0.18374018
0.676521
0.03873508
0.28981522
0.6161831
0.07188248
0.33867693
0.2536952
0.14618532
0.120379604
0.10214801
0.34348622
0.13448867
0.21291043
0.5632248
0.3650417
0.37508875
0.120379604
0.120379604
0.11839298
0.15296061
0.23721886
0.05391563
0.060661472
0.72071797
0.28174478
0.030081209
0.08563907
0.13398318
0.036783077
0.60344714
0.7262391
0.35992306
0.078283235
0.9041838
0.8207587
0.032897707
0.19195406
0.105157904
0.060189668
0.18255527
0.24480541
0.10806719
0.23122002
0.17108765
0.14818682
0.08923836
0.05507893
0.70341796
0.18166578
0.043537427
0.19277515
0.19968602
0.11520193
0.334217
0.3041582
0.33855662
0.23132215
0.06662582
0.3019022
0.73452634
0.28097603
0.3104332
0.050895665
0.26093376
0.5879336
0.89788413
0.37395588
0.13802779
0.5272298
0.67125815
0.2559358
0.02465988
0.046255752
0.032383475
0.34315425
0.5402756
0.26417562
0.051986285
0.18151997
0.4523322
0.13805848
0.14689186
0.42109236
0.04756349
0.35318285
0.2783147
0.29327562
0.07588324
0.6478655
0.4991986
0.44947913
0.55919087
0.3141759
0.80138826
0.5677226
0.21852972
0.14048557
0.08842309
0.158826
0.07232849
0.17701393
0.57014686
0.04235521
0.47148567
0.40566725
0.37262243
0.28565043
0.06421887
0.27231264
0.09919564
0.38316408
0.020246936
0.1674811
0.08842309
0.78822744
0.10569888
0.27134785
0.48646408
0.15564975
0.28491735
0.5930643
0.46469167
0.266973
0.22927141
0.5060323
0.5910114
0.3260037
0.40451586
0.3037231
0.37004912
0.65645236
0.78341633
0.20906313
0.098963425
0.17392227
0.043225475
0.45900965
0.44396186
0.9220833
0.05245351
0.09066399
0.15283747
0.36019802
0.48816139
0.34941354
0.135942
0.25489426
0.24713452
0.80674356
0.79630595
0.77088517
0.2088997
0.4594167
0.31641042
0.035032116
0.042170554
0.65674424
0.6345892
0.57634705
0.017594347
0.63376695
0.0629474
0.578838
0.16372845
0.8257976
0.5782035
0.2712365
0.40198588
0.38925007
0.66084874
0.082222536
0.11211533
0.681005
0.039800078
0.6448492
0.23009127
0.05032631
0.07639928
0.210535
0.19766894
0.02813488
0.21649031
0.5234202
0.15763274
0.74957794
0.3103615
0.04648511
0.085975334
0.64528555
0.37862366
0.33575177
0.38433295
0.1223604
0.63937676
0.5555684
0.6303506
0.2718918
0.10950903
0.70345366
0.24770556
0.306533
0.4821063
0.17731367
0.11710198
0.52390206
0.51923627
0.4829343
0.76922065
0.57366294
0.20683278
0.30128983
0.39356536
0.16337715
0.43066406
0.80251676
0.3747327
0.3051821
0.063888334
0.48917788
0.06017829
0.107418574
0.07823432
0.11763013
0.80103207
0.2056521
0.11252563
0.04317892
0.7939285
0.08911046
0.44713414
0.046072956
0.5204357
0.8406358
0.7788654
0.39459518
0.51952386
0.105373375
0.07293182
0.27778113
0.09724161
0.53145486
0.044278443
0.06758833
0.42183977
0.3018204
0.8037739
0.20295943
0.8184726
0.04207245
0.5353158
0.6233891
0.20921439
0.24860615
0.40492588
0.04642762
0.2357883
0.16876043
0.5082033
0.065969385
0.04958163
0.1271498
0.3531362
0.12846625
0.17226249
0.7521259
0.041048177
0.19328593
0.13504948
0.13382004
0.40518108
0.25856984
0.17178038
0.70749265
0.03412235
0.26350793
0.52950317
0.08862205
0.18514834
0.35457656
0.1692248
0.31667593
0.14266823
0.5790909
0.7316089
0.40185514
0.045568094
0.023480635
0.14634335
0.10987931
0.09342597
0.09656615
0.21807747
0.18843442
0.07720714
0.068186335
0.36027902
0.5269389
0.31374025
0.14414196
0.23368336
0.64940333
0.2533075
0.12206154
0.119597524
0.13109817
0.11218109
0.10924236
0.21533702
0.08983132
0.21533702
0.35457656
0.062760666
0.04348882
0.11983216
0.029252753
0.7842686
0.78824943
0.039891936
0.08791639
0.32314625
0.017921211
0.34542787
0.290772
0.42315897
0.29170164
0.020840168
0.24009803
0.30861008
0.30331665
0.44214216
0.35457656
0.33724833
0.35457656
0.38316408
0.59293747
0.69787174
0.4375492
0.43864787
0.08841627
0.7635794
0.09385158
0.05385418
0.08138882
0.25437337
0.5641143
0.7192859
0.073908664
0.34021524
0.07743279
0.89301723
0.16141476
0.23660651
0.038601406
0.25818712
0.20037627
0.07724184
0.16511978
0.5557058
0.043034147
0.027101744
0.26903805
0.36423478
0.41025093
0.13890788
0.6032814
0.08561644
0.053772364
0.6015584
0.29204768
0.6945876
0.5265736
0.35457656
0.77724105
0.0840313
0.24065553
0.09518637
0.5447997
0.06253847
0.18947096
0.2765896
0.65129036
0.22156793
0.2954037
0.058296863
0.021135174
0.76922065
0.066016
0.43033147
0.35457656
0.066016
0.022496134
0.80561846
0.066016
0.49048793
0.065808855
0.17408235
0.3705205
0.54385626
0.065808855
0.065808855
0.03678328
0.5896944
0.4482777
0.25521424
0.1036725
0.7141223
0.3535131
0.78341633
0.2659124
0.14906642
0.40282613
0.7767128
0.44570735
0.35457656
0.35457656
0.7452067
0.24055123
0.74807584
0.24653976
0.20222753
0.7121854
0.038950395
0.35457656
0.099689506
0.72071797
0.6143544
0.817468
0.8668588
0.5486709
0.35457656
0.35457656
0.015004596
0.028577631
0.03519653
0.35457656
0.18527207
0.047572765
0.7441459
0.23859933
0.05941202
0.17337814
0.09625825
0.21357578
0.1857647
0.21111251
0.5848658
0.068869576
0.38490057
0.9101668
0.04610117
0.51500034
0.07327299
0.46147877
0.47888
0.12146657
0.16783749
0.18149376
0.11549917
0.28171393
0.4834576
0.1622796
0.07600437
0.2638487
0.08714892
0.35457656
0.06460495
0.26704523
0.20733915
0.27033326
0.61341727
0.2219615
0.051563777
0.35457656
0.16621336
0.39015305
0.111435644
0.017609488
0.10574881
0.91074777
0.72050786
0.08829635
0.76922065
0.049554545
0.16569342
0.52078456
0.5807816
0.37477404
0.35850796
0.35457656
0.41222078
0.35457656
0.16111547
0.35535794
0.3550116
0.4080408
0.104051515
0.08504583
0.0871487
0.2153278
0.23929837
0.20459501
0.26357916
0.12782143
0.14697623
0.14697623
0.14697623
0.35457656
0.78252816
0.18667424
0.1957011
0.111651585
0.25788411
0.11910814
0.72542423
0.7135942
0.23728903
0.022119816
0.06347887
0.06347887
0.06347887
0.7017727
0.06347887
0.06347887
0.813095
0.39971697
0.35457656
0.78252816
0.02648402
0.20977442
0.30947295
0.43251613
0.023406824
0.24166396
0.025228499
0.1301733
0.02584398
0.2635693
0.33449832
0.5178504
0.28450683
0.18216911
0.27068067
0.12306965
0.5539851
0.29205707
0.31104934
0.086363025
0.12281331
0.6215711
0.52681005
0.56282806
0.1485565
0.561649
0.50326794
0.51855564
0.028879112
0.05712503
0.6510403
0.6440024
0.08109727
0.3588948
0.63843346
0.3910441
0.12876658
0.9483855
0.1931618
0.7488323
0.1554698
0.20670249
0.51014465
0.3184202
0.8732725
0.057806343
0.086530134
0.43958023
0.44073316
0.03206555
0.34820342
0.04712237
0.78252816
0.014238188
0.12256634
0.6935669
0.29321158
0.11840533
0.09565402
0.21497034
0.12372491
0.0461216
0.13047169
0.9083113
0.76922065
0.13600802
0.45495626
0.43526557
0.04075303
0.5237689
0.4916447
0.25158054
0.11249386
0.79735047
0.112553336
0.13614587
0.20265122
0.13253511
0.12599829
0.7879382
0.027922025
0.9357986
0.86184245
0.41979066
0.042447522
0.11701781
0.08393718
0.16029784
0.5009219
0.18968134
0.78293425
0.09292777
0.5023343
0.4264322
0.4264322
0.76922065
0.4264322
0.45307696
0.45307696
0.10647566
0.39227462
0.45307696
0.45307696
0.055734176
0.44237787
0.62944835
0.26913676
0.51778513
0.1557943
0.15193115
0.1932656
0.19672991
0.78341633
0.12255491
0.4906619
0.07414339
0.11339848
0.680116
0.78341633
0.10343587
0.45835266
0.1727164
0.07032769
0.78977716
0.2846973
0.2846973
0.057350345
0.052459124
0.20076242
0.09300668
0.16061738
0.054910857
0.31762955
0.08097386
0.015442617
0.15928625
0.08108217
0.58949596
0.24586444
0.076601416
0.76865524
0.26962477
0.81671554
0.42971924
0.84298426
0.2932583
0.61851364
0.107350625
0.04716293
0.23036966
0.024305297
0.59615713
0.032753434
0.6385598
0.28691778
0.92362326
0.92389864
0.5639849
0.4994874
0.12616938
0.44548368
0.355281
0.1270336
0.6647847
0.15790227
0.4098246
0.84298426
0.7876368
0.5631482
0.14532882
0.067837134
0.11677819
0.30383906
0.15741886
0.61409646
0.07164515
0.08844498
0.029199107
0.50759256
0.76922065
0.12950872
0.80374193
0.89746404
0.09026526
0.1425544
0.3555068
0.45751485
0.15235579
0.2726525
0.5669927
0.04864382
0.88504857
0.68381304
0.3789345
0.0431212
0.38817784
0.6234752
0.76922065
0.72337866
0.6687215
0.6638324
0.18624301
0.21375173
0.22686428
0.10494833
0.38147187
0.18003637
0.57730323
0.022110432
0.80706
0.06847536
0.6845458
0.20115367
0.05344372
0.2424933
0.029973542
0.4684742
0.57756543
0.87531996
0.4015473
0.73052603
0.19375576
0.78954977
0.47222915
0.06853071
0.77861834
0.14276156
0.2640332
0.094848886
0.089440785
0.43764377
0.2975496
0.7811239
0.59386545
0.473216
0.2772443
0.83599335
0.5776512
0.07263668
0.36077303
0.22503783
0.011953483
0.09851335
0.25762635
0.06534271
0.060181737
0.30672878
0.2896245
0.035094526
0.134261
0.09035552
0.7344541
0.7120908
0.44067684
0.41511732
0.21132667
0.035842746
0.12428022
0.4351939
0.4764535
0.26629588
0.016303396
0.15474167
0.020672653
0.05448523
0.10733658
0.04330249
0.10940172
0.05048466
0.32757628
0.45471427
0.47523302
0.09663487
0.051129308
0.4139351
0.06694861
0.9016972
0.86353236
0.39397252
0.05295568
0.79845524
0.12972385
0.068905585
0.38510707
0.4436726
0.6737288
0.20888521
0.10494635
0.5063905
0.13074568
0.25668716
0.24311158
0.17529632
0.10297301
0.1992681
0.8254479
0.06042611
0.05080203
0.3624644
0.63186944
0.37302342
0.4964906
0.6008693
0.1229387
0.7567199
0.22375788
0.3023899
0.41378516
0.62476707
0.2910785
0.2695363
0.28116065
0.4372618
0.16480973
0.12053824
0.45647132
0.45647132
0.23332496
0.8501428
0.4530285
0.028811248
0.16731918
0.5132434
0.16852832
0.06139538
0.36150172
0.28380898
0.6492167
0.017114416
0.059155803
0.019817417
0.018804183
0.020829787
0.26693845
0.021186566
0.5462076
0.055565815
0.020245582
0.16221906
0.035596766
0.09703573
0.47883764
0.3809222
0.109615125
0.16022079
0.45883188
0.1252197
0.558292
0.17473683
0.57680535
0.40560266
0.27325714
0.03751719
0.47110415
0.5063817
0.037669115
0.096282296
0.7763004
0.08462255
0.46676278
0.6513564
0.19496253
0.46023956
0.46544966
0.30331963
0.18599582
0.27836114
0.249717
0.1401445
0.583091
0.25545356
0.082105786
0.28441837
0.07212354
0.18660313
0.30112377
0.29352367
0.2492158
0.40719795
0.45776302
0.054135967
