0.17621285
0.073754616
0.19670922
0.6166295
0.6218381
0.17560378
0.29813668
0.37031573
0.6210884
0.62472665
0.16948439
0.88643086
0.51172686
0.4561454
0.042853747
0.33869946
0.29631796
0.3129088
0.46737075
0.15294716
0.31039014
0.265773
0.03426291
0.29795566
0.6581536
0.4734648
0.11299889
0.059040375
0.551247
0.12746628
0.22403935
0.7493845
0.17613743
0.16525851
0.14812677
0.48533636
0.29813668
0.3129088
0.14744306
0.16770586
0.32445335
0.6047924
0.6090482
0.35368598
0.45800725
0.14232138
0.21192393
0.13625401
0.86715895
0.5334232
0.57773286
0.13242687
0.10378849
0.15669265
0.10961
0.26205721
0.46834365
0.065767415
0.58541614
0.5507534
0.32427526
0.048126668
0.5456774
0.11212922
0.38033333
0.05811901
0.20785831
0.3129088
0.1578159
0.5881384
0.2451471
0.43896082
0.12109151
0.328849
0.22733794
0.37485692
0.29813668
0.6636193
0.44252878
0.4395913
0.016192524
0.32651952
0.5166626
0.50053054
0.63428336
0.1497555
0.18183145
0.031271607
0.15958267
0.640459
0.101898946
0.26312563
0.84540004
0.36549738
0.42197558
0.5044463
0.48693332
0.062092714
0.1514609
0.44215077
0.04253977
0.12671694
0.14299837
0.067400716
0.17641598
0.10811527
0.85710514
0.32923824
0.22733794
0.29813668
0.28993776
0.43443832
0.64350486
0.107989304
0.19838746
0.07030403
0.11484909
0.26692438
0.3368354
0.40579307
0.30582
0.073163405
0.88144696
0.13312708
0.10431277
0.08021501
0.2787141
0.6096914
0.8215578
0.1586043
0.74968475
0.1096405
0.4851632
0.21416336
0.4714365
0.17858547
0.57663715
0.034189336
0.115956955
0.08325755
0.23811345
0.13534482
0.14819045
0.12629439
0.032270882
0.15467703
0.20289397
0.3162482
0.78787524
0.29421765
0.3777802
0.1713215
0.925729
0.1396172
0.18736473
0.6589638
0.08027132
0.88245356
0.5782885
0.31319797
0.1423742
0.07357792
0.43128255
0.05770767
0.3997694
0.7372876
0.15976562
0.5528308
0.29497182
0.22876622
0.24256314
0.3477442
0.50953275
0.68438554
0.16410297
0.3249066
0.033318903
0.8108135
0.27254602
0.58702594
0.6312342
0.13365644
0.20648558
0.29188868
0.42922404
0.59403896
0.17958549
0.71954775
0.40453804
0.03253915
0.22583032
0.10916781
0.21226479
0.10519488
0.3793691
0.5728962
0.45777294
0.63111824
0.13071665
0.4306459
0.33151522
0.43733248
0.51215917
0.12391049
0.23544903
0.17101815
0.28371146
0.5081188
0.037337467
0.095091134
0.04148851
0.5561417
0.03244499
0.077562906
0.15472715
0.7537677
0.3112859
0.33294615
0.2865852
0.68130064
0.14221632
0.8037629
0.24454378
0.2711702
0.70505583
0.36397403
0.19411844
0.040191706
0.7445785
0.19320436
0.5881384
0.11206247
0.06244655
0.23719938
0.17882083
0.17718412
0.06733194
0.8366739
0.7728956
0.30283716
0.050989803
0.2791271
0.090324745
0.08583315
0.32765794
0.06127703
0.24144231
0.31351978
0.13040008
0.07599733
0.0382984
0.18865426
0.19666255
0.16941749
0.26318374
0.6255112
0.4612235
0.14209759
0.03867567
0.063785344
0.83400196
0.7200218
0.15917769
0.8915675
0.31302464
0.74634427
0.110150434
0.20931976
0.120243
0.2580938
0.694269
0.36369005
0.28303963
0.046462163
0.047597814
0.2480215
0.3160606
0.13235943
0.379747
0.20785831
0.3129088
0.089311674
0.3323344
0.27798074
0.22733794
0.90388453
0.212255
0.85013217
0.46581084
0.31796288
0.23746668
0.38194638
0.29813668
0.20604447
0.5328034
0.172571
0.27469102
0.7731505
0.37765765
0.29813668
0.41619852
0.41161633
0.16630457
0.20642036
0.3129088
0.40309605
0.24100049
0.87429947
0.23255943
0.3642324
0.29181656
0.3302807
0.28960618
0.06722255
0.07813579
0.32048416
0.45224372
0.5787798
0.1879389
0.32690564
0.32160324
0.69409263
0.12052699
0.1768871
0.08595303
0.5022963
0.85012996
0.27232608
0.8842791
0.7879976
0.16704184
0.095126055
0.19759977
0.47565517
0.09781236
0.47375208
0.1257829
0.11245122
0.7440999
0.72362405
0.35603616
0.49064738
0.2680285
0.2648262
0.4643407
0.08175028
0.16718994
0.6507896
0.47685376
0.40999803
0.14079714
0.030493489
0.19613694
0.061614886
0.43377706
0.16966906
0.2785724
0.05362265
0.17547421
0.4085805
0.3670878
0.290059
0.20765293
0.85915595
0.37765765
0.3642324
0.29181656
0.25115865
0.10581355
0.39948833
0.4170083
0.29369712
0.3275906
0.37765765
0.29369712
0.3214455
0.1180078
0.29369712
0.07166343
0.29369712
0.37765765
0.5639484
0.39648804
0.36147237
0.8992557
0.11223348
0.8617037
0.419772
0.67577225
0.5335614
0.28608012
0.8637441
0.0809111
0.10391625
0.90724933
0.2305129
0.2930138
0.20295729
0.38470522
0.08343035
0.25622356
0.06642341
0.86377084
0.12532474
0.36443207
0.48585826
0.40252808
0.21674545
0.25361463
0.30510667
0.5144907
0.53898066
0.37765765
0.06419642
0.5243767
0.4480631
0.25667205
0.12308079
0.09666003
0.31284532
0.028450733
0.09545684
0.88245356
0.6605903
0.82814246
0.30913687
0.12085938
0.45688927
0.7026167
0.31643865
0.21778418
0.65565723
0.20945162
0.6733341
0.5868008
0.7384701
0.5985935
0.37765765
0.16382395
0.8313853
0.37747175
0.50495553
0.045333266
0.4851897
0.35984117
0.8674723
0.40643787
0.48406315
0.2305129
0.19491902
0.45313138
0.21603768
0.04926872
0.09813892
0.8651574
0.06525638
0.3619396
0.4485321
0.27881438
0.17256685
0.29102045
0.30137226
0.37765765
0.2305129
0.29369712
0.103588484
0.1576666
0.37765765
0.2305129
0.29369712
0.19346157
0.44973996
0.38895908
0.036033697
0.20978774
0.34909883
0.39475965
0.24428645
0.0790146
0.8470461
0.22169906
0.3149492
0.40715003
0.81587374
0.5098232
0.6606712
0.37223324
0.3877638
0.30899876
0.8441184
0.1417371
0.0685809
0.74714595
0.47614488
0.26044548
0.31817675
0.21301314
0.43448892
0.5599858
0.13409519
0.34304202
0.5405813
0.83886474
0.29447466
0.40094948
0.42673168
0.29447466
0.6422771
0.1618223
0.38659713
0.29369712
0.5873599
0.29369712
0.65715283
0.23024015
0.37747175
0.38084453
0.47431228
0.16765957
0.0809018
0.79086703
0.33858526
0.8933005
0.7056144
0.36867294
0.8031086
0.6632942
0.08255323
0.6233939
0.40969014
0.16490905
0.13119811
0.28031528
0.7041352
0.8033013
0.051450875
0.8024507
0.49194172
0.24622804
0.43330267
0.11757012
0.46112603
0.23478663
0.26290375
0.16749847
0.24181674
0.12670614
0.8292684
0.8316335
0.082514256
0.9254991
0.8317991
0.0959204
0.6787893
0.24704278
0.40398037
0.34543264
0.88245356
0.61300826
0.4169951
0.8670347
0.46123466
0.10497265
0.6587326
0.30890983
0.08258888
0.43766078
0.19555013
0.24274538
0.21645786
0.27135766
0.8380562
0.8298449
0.11206012
0.5131571
0.36313498
0.21449488
0.50373083
0.06274263
0.5838184
0.55131155
0.86950743
0.23774329
0.92722756
0.113742985
0.34733456
0.17416471
0.29782012
0.31738904
0.8505674
0.19977131
0.2305129
0.37765765
0.29369712
0.15807179
0.1388196
0.31613725
0.51552826
0.16946888
0.76740026
0.5236554
0.718576
0.48914614
0.23892201
0.26958472
0.3789538
0.82576865
0.38028783
0.06675301
0.560738
0.18168516
0.23521653
0.0675443
0.55205244
0.23892201
0.5163354
0.26958472
0.42740375
0.17702305
0.07821711
0.4552933
0.12736256
0.744386
0.10062302
0.16035703
0.27801976
0.1692935
0.15518703
0.23981349
0.5095758
0.26762262
0.4086863
0.73877436
0.50399625
0.52126503
0.23981349
0.3149636
0.11926829
0.4364201
0.11942768
0.46491605
0.39686337
0.06142639
0.08855281
0.2824005
0.32615927
0.33985063
0.6532048
0.71621335
0.24273838
0.14551784
0.38943228
0.7006893
0.17002448
0.29569164
0.58119214
0.48672146
0.81170046
0.10974766
0.037229177
0.12212132
0.5280902
0.617409
0.2824005
0.13174364
0.20109016
0.10055213
0.26040858
0.57682335
0.4685063
0.5748532
0.35754207
0.2824005
0.6556381
0.16368927
0.29569164
0.2824005
0.4308253
0.5194094
0.18022835
0.064269714
0.16314632
0.13132475
0.47269922
0.10454331
0.2824005
0.64111674
0.3082736
0.1996023
0.36277977
0.5835335
0.09123389
0.16149442
0.4684184
0.20309862
0.1544675
0.5867031
0.042187925
0.26090875
0.5385877
0.40398037
0.3030631
0.022860985
0.30341426
0.5159335
0.21013
0.05150356
0.03853705
0.27296886
0.065962814
0.5586987
0.5596188
0.22021632
0.38059294
0.3579871
0.10454331
0.2824005
0.6448539
0.51519525
0.51630217
0.4413456
0.22934373
0.2780342
0.04607306
0.34649417
0.23829263
0.4432139
0.09159001
0.46983147
0.5230064
0.04576508
0.32589987
0.43684378
0.4698045
0.23026907
0.75056547
0.096137434
0.08823785
0.057913996
0.27057102
0.39611304
0.10069264
0.031526443
0.108057305
0.45241192
0.09921088
0.21636046
0.09526323
0.07154552
0.5730077
0.46931216
0.039225265
0.12046689
0.062003903
0.25351685
0.25399733
0.32452253
0.3503354
0.39425305
0.019480374
0.53210324
0.7594132
0.123730294
0.305027
0.66472787
0.43187904
0.45981374
0.71722543
0.5512371
0.25862262
0.2824005
0.2956073
0.6494408
0.6948978
0.56622463
0.5400437
0.71725035
0.21618949
0.059697784
0.56108975
0.21601999
0.5101647
0.5862295
0.34388238
0.21970236
0.13625322
0.082372405
0.26871344
0.2824005
0.17290924
0.13929051
0.2824005
0.8765417
0.069880806
0.3472939
0.14330305
0.40936705
0.2550103
0.44398835
0.30107442
0.4364574
0.9174357
0.508198
0.29315487
0.3202471
0.46477088
0.43718
0.49317268
0.26631933
0.53345907
0.10454331
0.2824005
0.10454331
0.2824005
0.08463403
0.49759406
0.27104118
0.08179184
0.10445096
0.09157205
0.2826192
0.418647
0.2067457
0.3751379
0.05051587
0.090031825
0.4136864
0.8924129
0.3290435
0.107375816
0.26842088
0.42632413
0.8810421
0.2980703
0.46096176
0.2824005
0.062113468
0.38821343
0.2824005
0.04293729
0.12032416
0.14766191
0.6656649
0.18063182
0.058839522
0.53876746
0.31087774
0.3234261
0.34211737
0.29569164
0.05547502
0.09337616
0.90232503
0.408376
0.34842536
0.24554908
0.2824005
0.20107944
0.66811657
0.5264305
0.52963203
0.24569443
0.06544341
0.15908393
0.10454331
0.2824005
0.14739725
0.52927965
0.1297123
0.42131633
0.41884512
0.07378412
0.41504145
0.2270713
0.14632712
0.091850944
0.20905417
0.2671383
0.17531277
0.046028055
0.12191662
0.3723921
0.27667773
0.7866291
0.16894652
0.101742096
0.51909316
0.30425283
0.20389457
0.45152107
0.2824005
0.025629789
0.21588439
0.07751942
0.041278332
0.2824005
0.40460658
0.20774324
0.40822554
0.38714385
0.26691598
0.28885838
0.2824005
0.2862969
0.62513846
0.39557952
0.2824005
0.05266419
0.13626613
0.68440634
0.012908643
0.6221409
0.87615204
0.36976412
0.27230301
0.51588464
0.38096434
0.40120348
0.1209004
0.15228412
0.15228412
0.274885
0.16162609
0.17222336
0.4573565
0.15606835
0.3791308
0.18086778
0.23349431
0.5996272
0.18265687
0.06906938
0.34604216
0.48849404
0.28086126
0.26071295
0.0638951
0.16312972
0.19792798
0.8235106
0.30968153
0.7663482
0.19792798
0.55029464
0.057802536
0.06845076
0.6934078
0.07030133
0.37992096
0.1326202
0.2090619
0.19792798
0.23582725
0.09567726
0.07015516
0.35235435
0.5383569
0.08521895
0.37480405
0.26249135
0.65038836
0.106032185
0.046493985
0.06415304
0.04493062
0.19520584
0.6995148
0.29943633
0.90157026
0.8712299
0.0699051
0.08821681
0.27984008
0.27627838
0.19792798
0.34875837
0.19792798
0.4089685
0.05926326
0.77439135
0.25987807
0.29461285
0.1454378
0.70937955
0.3476792
0.048318796
0.19678521
0.15141053
0.50396144
0.1444848
0.26684353
0.18431656
0.36267954
0.19298553
0.65421206
0.92776066
0.37922984
0.15347433
0.043039273
0.07960505
