0.4725125
0.20014098
0.70058584
0.1875703
0.0017237462
0.40154085
0.013048235
0.5339045
0.087931365
0.29533812
0.87408847
0.0017551762
0.31635535
0.073978044
0.23226322
0.69631344
0.6088098
0.79671913
0.038702138
0.12221345
0.11410228
0.81353843
0.053250153
0.5578748
0.88807595
0.83201456
0.07359407
0.015860468
0.06977844
0.07554323
0.85896575
0.29542062
0.02430362
0.7057747
0.77113175
0.6657968
0.7865188
0.1317118
0.32948607
0.30652484
0.6094074
0.8348093
0.10204032
0.053250153
0.94002295
0.63848853
0.24091786
0.11137927
0.6528223
0.071715765
0.09344903
0.04159482
0.015860468
0.015860468
0.015860468
0.015860468
0.015860468
0.43707022
0.6450209
0.7914317
0.09875802
0.5568302
0.0058880965
0.010034524
0.6917664
0.7819093
0.042671356
0.013035221
0.021929769
0.014363857
0.16754983
0.8939601
0.1656957
0.06267014
0.053250153
0.32919055
0.50281763
0.076423645
0.05934981
0.24228889
0.42496502
0.7898131
0.51369333
0.93995893
0.06118055
0.278346
0.015860468
0.015860468
0.15681323
0.015860468
0.29842913
0.008476702
0.21156278
0.24340133
0.04639033
0.00091519015
0.07486038
0.053250153
0.21208674
0.13604751
0.12521245
0.05125766
0.8001131
0.013679775
0.4629989
0.02863384
0.24383898
0.005223416
0.009324415
0.04561539
0.007707408
0.04337914
0.1217788
0.03542131
0.053250153
0.9085399
0.01357305
0.3008244
0.68859667
0.03616976
0.37807146
0.12935954
0.015860468
0.015860468
0.015860468
0.015860468
0.4622737
0.010142675
0.86574346
0.6723825
0.7652522
0.16430251
0.7589196
0.6561088
0.6918602
0.012850366
0.32055968
0.8264745
0.15511121
0.7758663
0.3546544
0.3546544
0.3546544
0.48604596
0.23328803
0.4168156
0.34459758
0.07390776
0.8556188
0.7365105
0.67369354
0.6852018
0.29930386
0.07209068
0.9240343
0.053250153
0.17104644
0.2312695
0.0063559115
0.015860468
0.015860468
0.08565177
0.5319269
0.40340364
0.42510262
0.155254
0.5653766
0.37906876
0.8331075
0.9278973
0.1426335
0.93566257
0.9333039
0.015860468
0.015860468
0.015860468
0.060564134
0.36719888
0.045155343
0.004839293
0.065657526
0.1360632
0.27845263
0.32576525
0.07483483
0.0053497404
0.90275735
0.43764222
0.95200163
0.022388352
0.015860468
0.690536
0.6706077
0.8307726
0.08886914
0.68855435
0.053250153
0.29145625
0.017723119
0.015860468
0.43190426
0.82181585
0.47710502
0.043383088
0.025663808
0.72632414
0.024296392
0.87854934
0.38173386
0.10917433
0.28812623
0.048308548
0.2551019
0.72795933
0.28366464
0.22595821
0.8960218
0.53989494
0.8708509
0.25526598
0.053250153
0.80041564
0.014723447
0.035593547
0.8229241
0.0014544391
0.039628543
0.9453218
0.14869298
0.11633706
0.9680729
0.27100262
0.05651665
0.015860468
0.47743693
0.81607455
0.18196136
0.6550223
0.10642506
0.053250153
0.43169692
0.01991015
0.0934386
0.35160378
0.12983942
0.10642506
0.110823534
0.2482849
0.234807
0.0456758
0.015860468
0.015860468
0.34219602
0.25808617
0.10642506
0.33097646
0.5075682
0.19812417
0.020845653
0.16889589
0.5954815
0.9186553
0.34080622
0.34208828
0.07257909
0.044386845
0.031059971
0.72692865
0.86395687
0.28812623
0.79325706
0.7711781
0.90663004
0.79077876
0.427608
0.54229635
0.22962236
0.015860468
0.015860468
0.015860468
0.20553176
0.047183204
0.040785104
0.524904
0.5376676
0.096265614
0.053250153
0.1698129
0.054919466
0.15028143
0.9358085
0.001124425
0.6657114
0.7284596
0.5331605
0.015178781
0.04091122
0.019069536
0.85902864
0.17145754
0.008652781
0.20075065
0.008852445
0.32161745
0.704876
0.019190654
0.1574877
0.70129806
0.0077789202
0.45495197
0.053250153
0.9406288
0.11680214
0.015860468
0.015860468
0.015860468
0.0066122646
0.57501775
0.7802791
0.18427907
0.113331184
0.8111419
0.015860468
0.015860468
0.016595995
0.5009058
0.6707936
0.7560446
0.56739837
0.6701779
0.24664307
0.053250153
0.08168024
0.120887786
0.5834481
0.019702591
0.028504895
0.015860468
0.015860468
0.06669414
0.92726135
0.6601156
0.20401064
0.6707562
0.5925288
0.14639765
0.030874161
0.1383396
0.766086
0.03658026
0.62832963
0.058030974
0.20455058
0.22959325
0.19275805
0.917531
0.0534924
0.0035943293
0.49304694
0.6592483
0.053250153
0.64255
0.0556064
0.025721045
0.10035209
0.3330896
0.8195758
0.09401827
0.68297654
0.088763505
0.1093623
0.81980306
0.009939614
0.7902808
0.74840504
0.38109934
0.64653647
0.15187202
0.00956227
0.22158179
0.43787763
0.06727584
0.90003425
0.055066038
0.015860468
0.015860468
0.015860468
0.015860468
0.015860468
0.78311497
0.8771665
0.0017749942
0.8435427
0.7535099
0.31434906
0.017774912
0.053250153
0.64285696
0.8107341
0.60737544
0.21201728
0.16947183
0.30745158
0.8347561
0.015860468
0.0556064
0.015860468
0.03896128
0.030026387
0.030026387
0.5069329
0.2259396
0.46447298
0.41815507
0.0200817
0.2895863
0.748925
0.12818088
0.0556064
0.0025202762
0.015860468
0.015860468
0.015860468
0.015860468
