(QUERY): 'ISLAM' '02'
Negative Neutral Positive
0.0243491530418396 0.564198911190033 0.41145196557044983 
0.8320952653884888 0.15996386110782623 0.007940861396491528 
0.18125256896018982 0.666647732257843 0.15209965407848358 
0.10384754091501236 0.7237145304679871 0.17243783175945282 
0.9033021926879883 0.09256736189126968 0.004130478482693434 
0.05865965783596039 0.8673123121261597 0.07402804493904114 
0.9141173362731934 0.07828057557344437 0.007602033670991659 
0.30738434195518494 0.6250399351119995 0.06757572293281555 
0.00927236769348383 0.38999417424201965 0.6007334589958191 
0.0013582399114966393 0.013264556415379047 0.9853772521018982 
0.010131455957889557 0.5560889840126038 0.4337795376777649 
0.7765495777130127 0.21505104005336761 0.008399361744523048 
0.6607887744903564 0.3207034170627594 0.01850774697959423 
0.28638795018196106 0.4974241852760315 0.21618786454200745 
0.7606469988822937 0.23015190660953522 0.009201054461300373 
0.11449167877435684 0.7650017738342285 0.12050651013851166 
0.1250411719083786 0.7728425860404968 0.10211624205112457 
0.6391534805297852 0.34855279326438904 0.012293760664761066 
0.3482424318790436 0.6093881726264954 0.04236939549446106 
0.8617885112762451 0.13329021632671356 0.004921356216073036 
0.8407526612281799 0.15502209961414337 0.004225175362080336 
0.08692266047000885 0.8409621119499207 0.07211523503065109 
0.03740505501627922 0.5400543212890625 0.4225405752658844 
0.09375803917646408 0.5318961143493652 0.37434589862823486 
0.89993816614151 0.09442146867513657 0.005640441086143255 
0.7214428186416626 0.26619651913642883 0.01236061193048954 
0.3248913288116455 0.6208822131156921 0.05422641709446907 
0.04767449200153351 0.38159096240997314 0.5707345008850098 
0.07181423157453537 0.7699100375175476 0.15827572345733643 
0.3474148213863373 0.5243266820907593 0.12825848162174225 
0.3824330270290375 0.5632055997848511 0.05436129495501518 
0.5573925971984863 0.41094112396240234 0.031666312366724014 
0.1069672629237175 0.5222055912017822 0.3708271384239197 
0.2656407654285431 0.5977968573570251 0.13656236231327057 
0.05386431887745857 0.8985584378242493 0.047577254474163055 
0.37709009647369385 0.5625482201576233 0.06036167964339256 
0.8413019776344299 0.1483880579471588 0.010309900157153606 
0.05932093784213066 0.7843314409255981 0.15634770691394806 
0.8447237014770508 0.14160455763339996 0.013671746477484703 
0.6221179366111755 0.3527349531650543 0.02514713816344738 
0.01597028411924839 0.2742496728897095 0.7097800374031067 
0.5619932413101196 0.42056065797805786 0.017446143552660942 
0.4144858121871948 0.519292414188385 0.06622181832790375 
0.8329759836196899 0.1516275852918625 0.015396399423480034 
0.9175055027008057 0.07816798985004425 0.0043264213018119335 
0.23354707658290863 0.7059102654457092 0.060542650520801544 
0.05135210603475571 0.408013254404068 0.5406346917152405 
0.03873763978481293 0.23116140067577362 0.7301009893417358 
0.7394187450408936 0.2516692876815796 0.008911941200494766 
0.06633839756250381 0.6736695170402527 0.25999215245246887 
0.2813304662704468 0.6139223575592041 0.10474718362092972 
0.684100866317749 0.3045296370983124 0.0113694928586483 
0.8709656596183777 0.12288684397935867 0.006147464737296104 
0.9317688941955566 0.06260830909013748 0.0056228949688375 
0.33157116174697876 0.6234148740768433 0.04501398652791977 
0.42755749821662903 0.5522544384002686 0.0201881043612957 
0.21225227415561676 0.6345493197441101 0.15319842100143433 
0.14914986491203308 0.6647500991821289 0.1861000657081604 
0.8963125348091125 0.09896589815616608 0.004721532575786114 
0.9192227721214294 0.07681678980588913 0.003960398957133293 
0.10067645460367203 0.8419192433357239 0.057404350489377975 
0.06233546882867813 0.6570885181427002 0.28057605028152466 
0.15853138267993927 0.668927788734436 0.1725408136844635 
0.192300483584404 0.7489702701568604 0.05872919782996178 
0.7684103846549988 0.2181694358587265 0.013420211151242256 
0.08054225146770477 0.6960128545761108 0.22344492375850677 
0.1009715273976326 0.8275731205940247 0.07145538181066513 
0.7187596559524536 0.26889485120773315 0.012345555238425732 
0.4817287027835846 0.45004454255104065 0.06822672486305237 
0.48020994663238525 0.4750414192676544 0.04474860057234764 
0.08434869349002838 0.7654557228088379 0.15019553899765015 
0.5047972202301025 0.47245728969573975 0.022745490074157715 
0.4167264997959137 0.5003666281700134 0.0829068273305893 
0.4167264997959137 0.5003666281700134 0.0829068273305893 
0.8367534279823303 0.154768705368042 0.00847786758095026 
0.5893011689186096 0.36735185980796814 0.04334696754813194 
0.00597976753488183 0.3263360261917114 0.6676841974258423 
0.29170817136764526 0.6515721082687378 0.05671975389122963 
0.06342737376689911 0.8670964241027832 0.0694761574268341 
0.8425922393798828 0.14827565848827362 0.009132185019552708 
0.9124473929405212 0.07974916696548462 0.007803414016962051 
0.27839332818984985 0.6691616177558899 0.05244506523013115 
0.41973891854286194 0.5184484124183655 0.06181265786290169 
0.14177820086479187 0.7533777356147766 0.10484402626752853 
0.0010105730034410954 0.03324299678206444 0.9657464623451233 
0.6722253561019897 0.3139386773109436 0.013835938647389412 
0.8230143189430237 0.16611072421073914 0.010875046253204346 
0.19854529201984406 0.741546630859375 0.05990806967020035 
0.4481900930404663 0.5114333629608154 0.04037661477923393 
0.09222771227359772 0.8351526260375977 0.07261968404054642 
0.8372958898544312 0.1548125445842743 0.007891502231359482 
0.5178577899932861 0.46300289034843445 0.01913936249911785 
0.5178577899932861 0.46300289034843445 0.01913936249911785 
0.20558735728263855 0.7601409554481506 0.03427163511514664 
0.8327836394309998 0.16033200919628143 0.006884339731186628 
0.04238785430788994 0.9080749750137329 0.04953717812895775 
0.1433602124452591 0.43008318543434143 0.4265565872192383 
0.5724307298660278 0.37371817231178284 0.05385114252567291 
0.8876436352729797 0.10674610733985901 0.005610179156064987 
0.3861420750617981 0.5835496783256531 0.03030831553041935 
0.8508018255233765 0.14062020182609558 0.00857799407094717 
0.32360702753067017 0.6438685059547424 0.03252442181110382 
0.021393749862909317 0.8588443994522095 0.11976179480552673 
0.31189629435539246 0.6506686210632324 0.03743510693311691 
0.7804815769195557 0.21169158816337585 0.007826822809875011 
0.34855884313583374 0.5680493712425232 0.08339174091815948 
0.2502295970916748 0.7010831236839294 0.048687346279621124 
0.8363979458808899 0.15268659591674805 0.010915459133684635 
0.21121367812156677 0.5949833989143372 0.19380296766757965 
0.24756278097629547 0.5667968392372131 0.185640349984169 
0.35663414001464844 0.5940661430358887 0.04929974302649498 
0.5207313299179077 0.4480588436126709 0.031209826469421387 
0.8256174921989441 0.1683112531900406 0.006071333307772875 
0.7324978113174438 0.2539559304714203 0.013546287082135677 
0.002914868760854006 0.10530118644237518 0.8917840123176575 
0.002914868760854006 0.10530118644237518 0.8917840123176575 
0.002914868760854006 0.10530118644237518 0.8917840123176575 
0.0019027333473786712 0.1321776956319809 0.8659195899963379 
0.1553131639957428 0.7141366600990295 0.13055017590522766 
0.7736350893974304 0.21928764879703522 0.007077230140566826 
0.700896143913269 0.2885531485080719 0.0105506656691432 
0.7507615089416504 0.23809966444969177 0.011138908565044403 
0.4443221688270569 0.45452752709388733 0.10115034133195877 
0.9073888063430786 0.08422734588384628 0.008383830077946186 
0.8518122434616089 0.13951782882213593 0.0086698979139328 
0.6565107703208923 0.2933478057384491 0.05014137923717499 
0.8862123489379883 0.1079154685139656 0.0058721206150949 
0.9057090878486633 0.08866281062364578 0.005628117825835943 
0.11440213769674301 0.8520419001579285 0.033556047827005386 
0.05399448052048683 0.8817560076713562 0.0642494335770607 
0.9031575918197632 0.09105460345745087 0.005787877831608057 
0.5998674631118774 0.37790536880493164 0.022227145731449127 
0.45783743262290955 0.53041011095047 0.011752490885555744 
0.8158824443817139 0.17098987102508545 0.013127702288329601 
0.5119516849517822 0.45119670033454895 0.036851666867733 
0.32149016857147217 0.5860495567321777 0.0924602821469307 
0.014242790639400482 0.157568097114563 0.8281890749931335 
0.8409409523010254 0.14786754548549652 0.01119146216660738 
0.008598808199167252 0.3744197189807892 0.6169814467430115 
0.5869098901748657 0.3934256136417389 0.019664544612169266 
0.18896275758743286 0.7061169147491455 0.10492037981748581 
0.007054914720356464 0.3168390691280365 0.6761059761047363 
0.08235406130552292 0.7485284805297852 0.1691175103187561 
0.06583598256111145 0.8739567399024963 0.06020724028348923 
0.5368229746818542 0.4483920633792877 0.014784970320761204 
0.6710144281387329 0.3178422451019287 0.011143356561660767 
0.0014376493636518717 0.033948395401239395 0.9646139740943909 
0.0014376493636518717 0.033948395401239395 0.9646139740943909 
0.7206503748893738 0.2636793255805969 0.01567036844789982 
0.5243008136749268 0.45714807510375977 0.018551155924797058 
0.03839484602212906 0.7188628911972046 0.24274227023124695 
0.36837038397789 0.5962837338447571 0.03534584492444992 
0.0015265196561813354 0.03836677223443985 0.9601067304611206 
0.0017514204373583198 0.08081737160682678 0.9174311757087708 
0.4687088429927826 0.5090203285217285 0.0222708098590374 
0.8113155961036682 0.17857682704925537 0.010107610374689102 
0.8377091288566589 0.15232208371162415 0.009968768805265427 
0.31384938955307007 0.6184044480323792 0.06774618476629257 
0.08521558344364166 0.7611100077629089 0.1536744385957718 
0.5022210478782654 0.4696800708770752 0.028098851442337036 
0.1594316065311432 0.749171793460846 0.09139656275510788 
0.39309415221214294 0.5799707174301147 0.02693512849509716 
0.09036596864461899 0.8690385818481445 0.040595345199108124 
0.02772766537964344 0.826133131980896 0.1461392045021057 
0.6649976372718811 0.31115466356277466 0.02384771779179573 
0.04999499395489693 0.6639512181282043 0.286053866147995 
0.4126470685005188 0.5631042718887329 0.0242486372590065 
0.8723107576370239 0.12205500900745392 0.005634225904941559 
0.5500869154930115 0.42805951833724976 0.021853545680642128 
0.0691496878862381 0.8333631157875061 0.09748721122741699 
0.12441505491733551 0.7540803551673889 0.12150459736585617 
0.10787416994571686 0.8531830906867981 0.038942743092775345 
0.6612893342971802 0.31836846470832825 0.020342184230685234 
0.024041565135121346 0.3070022165775299 0.6689562201499939 
0.9388801455497742 0.05789412558078766 0.0032257111743092537 
0.2502259612083435 0.6854609251022339 0.0643131285905838 
0.695899248123169 0.28769275546073914 0.01640804298222065 
0.8287115097045898 0.1548638939857483 0.016424687579274178 
0.9186172485351562 0.0772891640663147 0.0040936716832220554 
0.23546874523162842 0.7347798943519592 0.029751334339380264 
0.042178042232990265 0.7543877959251404 0.20343412458896637 
0.41352590918540955 0.556006669998169 0.030467461794614792 
0.06932613253593445 0.8904356360435486 0.040238216519355774 
0.5372161269187927 0.4485011100769043 0.014282750897109509 
0.8055480122566223 0.18498189747333527 0.009470091201364994 
0.23484711349010468 0.7317072749137878 0.033445585519075394 
0.029340529814362526 0.38973474502563477 0.5809247493743896 
0.6875053644180298 0.29273808002471924 0.019756563007831573 
0.4126470685005188 0.5631042718887329 0.0242486372590065 
0.21118736267089844 0.7159201502799988 0.07289254665374756 
0.07024120539426804 0.8069284558296204 0.12283039093017578 
0.9297472238540649 0.06558635830879211 0.004666465800255537 
0.7917659282684326 0.19954712688922882 0.008686928078532219 
0.3249373435974121 0.6358992457389832 0.039163392037153244 
0.08906498551368713 0.641750156879425 0.26918479800224304 
0.34010452032089233 0.6259617805480957 0.03393367677927017 
0.5266487002372742 0.45283523201942444 0.02051607519388199 
0.010571109130978584 0.6412991881370544 0.34812965989112854 
0.8390730023384094 0.1550033837556839 0.0059236022643744946 
0.057513438165187836 0.7252997756004333 0.2171868234872818 
0.8060675263404846 0.18522131443023682 0.008711122907698154 
0.003853599075227976 0.14317676424980164 0.8529695868492126 
0.02485993131995201 0.6820839643478394 0.29305610060691833 
0.010217344388365746 0.37464943528175354 0.6151332259178162 
0.012957356870174408 0.4166620075702667 0.5703806281089783 
0.2716042101383209 0.6772056221961975 0.05119026452302933 
0.06679517030715942 0.6127856373786926 0.32041916251182556 
0.03624463826417923 0.8854719400405884 0.07828343659639359 
0.00933198444545269 0.09519806504249573 0.8954699039459229 
0.35364052653312683 0.5473936796188354 0.09896574914455414 
0.7940776944160461 0.19590513408184052 0.010017143562436104 
0.03413395583629608 0.40163454413414 0.5642315149307251 
0.5410784482955933 0.42252546548843384 0.03639611229300499 
0.06966448575258255 0.8200720548629761 0.11026342213153839 
0.0831788182258606 0.7348977327346802 0.18192344903945923 
0.14143440127372742 0.8209871053695679 0.03757845610380173 
0.35051995515823364 0.6094748973846436 0.04000508040189743 
0.15998339653015137 0.7803031206130981 0.05971348285675049 
0.23342585563659668 0.7276087999343872 0.03896540030837059 
0.017021602019667625 0.4932222068309784 0.48975619673728943 
0.8172510266304016 0.1743340790271759 0.008414854295551777 
0.6373173594474792 0.33848097920417786 0.024201681837439537 
0.8878926038742065 0.10342139005661011 0.00868594367057085 
0.18954898416996002 0.5601588487625122 0.2502921521663666 
0.01751667633652687 0.8873679041862488 0.095115527510643 
0.8788021802902222 0.1174241378903389 0.0037737125530838966 
0.7722105979919434 0.2128349095582962 0.014954510144889355 
0.6821497082710266 0.30344337224960327 0.014406898058950901 
0.7800471782684326 0.20889513194561005 0.011057672090828419 
0.07460778206586838 0.8601471781730652 0.06524502485990524 
0.12418898940086365 0.706264317035675 0.16954673826694489 
0.8791053891181946 0.11676032096147537 0.00413424102589488 
0.8124993443489075 0.1711800992488861 0.016320575028657913 
0.0077709173783659935 0.820327639579773 0.17190143465995789 
0.05842352285981178 0.8136917948722839 0.12788470089435577 
0.1385488063097 0.8061147332191467 0.05533644184470177 
0.4712378680706024 0.49137312173843384 0.037388987839221954 
0.8940287232398987 0.10117164999246597 0.004799709655344486 
0.8358805775642395 0.15502583980560303 0.009093529544770718 
0.01237332820892334 0.4416230618953705 0.5460035800933838 
0.05593288689851761 0.35242530703544617 0.5916417837142944 
0.3389662504196167 0.6353608965873718 0.025672925636172295 
0.2746821343898773 0.6532158255577087 0.07210211455821991 
0.011075569316744804 0.18277600407600403 0.8061484098434448 
0.14200221002101898 0.6307639479637146 0.2272338569164276 
0.33891791105270386 0.5775319933891296 0.08355014026165009 
0.734048068523407 0.250129759311676 0.01582222990691662 
0.001571644563227892 0.03681067377328873 0.961617648601532 
0.14007052779197693 0.829833447933197 0.0300960224121809 
0.1117827370762825 0.8387005925178528 0.049516621977090836 
0.034313034266233444 0.7031599283218384 0.2625270485877991 
0.9122859239578247 0.08132292330265045 0.006391075439751148 
0.427309513092041 0.5192677974700928 0.053422704339027405 
0.7169290781021118 0.2701810896396637 0.012889808043837547 
0.7169290781021118 0.2701810896396637 0.012889808043837547 
0.2590812146663666 0.5424328446388245 0.19848595559597015 
0.4111941158771515 0.5447401404380798 0.04406576603651047 
0.5460561513900757 0.4107964336872101 0.04314742609858513 
0.18860752880573273 0.7811110019683838 0.03028150089085102 
0.9027400612831116 0.09042748808860779 0.0068324594758450985 
0.8103017210960388 0.18169242143630981 0.008005796000361443 
0.021349778398871422 0.7659445405006409 0.21270571649074554 
0.31443580985069275 0.6180667281150818 0.06749748438596725 
0.0020694280974566936 0.16077953577041626 0.8371509909629822 
0.5863791108131409 0.3858846426010132 0.02773618884384632 
0.17389768362045288 0.659160852432251 0.16694143414497375 
0.8345382213592529 0.14921988546848297 0.01624184474349022 
0.8716163039207458 0.12428799271583557 0.004095707554370165 
0.5856497287750244 0.37346023321151733 0.04089006409049034 
0.843441367149353 0.1500021368265152 0.0065564666874706745 
0.7419546842575073 0.24526803195476532 0.012777253054082394 
0.7040334343910217 0.2858070135116577 0.010159557685256004 
0.04795185476541519 0.24950875341892242 0.7025394439697266 
0.0591815784573555 0.8619898557662964 0.07882856577634811 
0.10811104625463486 0.740380585193634 0.1515084058046341 
0.9119436740875244 0.08044853061437607 0.00760783301666379 
0.21756994724273682 0.7444422841072083 0.03798774629831314 
0.3438799977302551 0.6120684742927551 0.04405148699879646 
0.4190759062767029 0.566908597946167 0.014015426859259605 
0.47023385763168335 0.47923964262008667 0.050526492297649384 
0.4414883553981781 0.4978351593017578 0.06067655608057976 
0.4340910315513611 0.5007590055465698 0.06515001505613327 
0.43771255016326904 0.49775680899620056 0.06453069299459457 
0.014181623235344887 0.739628255367279 0.246190145611763 
0.4594063460826874 0.49843505024909973 0.04215855896472931 
0.506507158279419 0.4670020341873169 0.026490794494748116 
0.6237500905990601 0.36042648553848267 0.015823403373360634 
0.4801316559314728 0.5008419752120972 0.019026366993784904 
0.00443722540512681 0.1271066963672638 0.8684560656547546 
0.9087349772453308 0.08455301076173782 0.006711969152092934 
0.05970506742596626 0.7878243327140808 0.1524706482887268 
0.07061593234539032 0.8371817469596863 0.09220226109027863 
0.8835887908935547 0.11209315806627274 0.004318135790526867 
0.9124473929405212 0.07974916696548462 0.007803414016962051 
0.05336252972483635 0.8873685598373413 0.05926893651485443 
0.8787018656730652 0.1144287958741188 0.006869380362331867 
0.8818503022193909 0.11097152531147003 0.007178108207881451 
0.8461598753929138 0.14497487246990204 0.008865252137184143 
0.022047685459256172 0.9207621216773987 0.057190123945474625 
0.06618361920118332 0.7587854266166687 0.17503097653388977 
0.02352732978761196 0.2888111174106598 0.6876615881919861 
0.007994481362402439 0.9168612360954285 0.07514426112174988 
0.0062301261350512505 0.24642135202884674 0.7473484873771667 
0.0030935255344957113 0.12122175842523575 0.8756847381591797 
0.7393844127655029 0.24818077683448792 0.012434864416718483 
0.027465421706438065 0.8923761248588562 0.08015845715999603 
0.7848135828971863 0.20595097541809082 0.009235509671270847 
0.7428343892097473 0.2465190589427948 0.010646568611264229 
0.2475544661283493 0.69145667552948 0.060988835990428925 
0.07361620664596558 0.8199647665023804 0.10641894489526749 
0.6282263398170471 0.3562946319580078 0.015479133464396 
0.027275627478957176 0.8077645301818848 0.1649598926305771 
0.2649668753147125 0.6111636161804199 0.12386956065893173 
0.8060385584831238 0.18558239936828613 0.008378969505429268 
0.632270336151123 0.35534846782684326 0.012381209060549736 
0.005762605927884579 0.20904400944709778 0.7851933836936951 
0.7294209599494934 0.2543783187866211 0.01620067097246647 
0.9305871725082397 0.06650399416685104 0.0029088505543768406 
0.1466526985168457 0.7246772050857544 0.1286700814962387 
0.42165112495422363 0.49448922276496887 0.08385960012674332 
0.3228934407234192 0.5329143404960632 0.14419221878051758 
0.4245366156101227 0.49495649337768555 0.08050680160522461 
0.5844157338142395 0.380385160446167 0.03519917652010918 
0.36411812901496887 0.6159025430679321 0.01997930184006691 
0.024462589994072914 0.8626502752304077 0.11288713663816452 
0.5459173321723938 0.4289360046386719 0.02514660358428955 
0.057341769337654114 0.8657102584838867 0.0769479051232338 
0.33118361234664917 0.6147671341896057 0.05404926463961601 
0.6470774412155151 0.34483519196510315 0.008087349124252796 
0.6484827399253845 0.3431832492351532 0.008333943784236908 
0.618820071220398 0.3661770522594452 0.015002885833382607 
0.5773369669914246 0.4007355868816376 0.021927421912550926 
0.4110371768474579 0.542535662651062 0.04642714932560921 
0.3976711332798004 0.5366851091384888 0.0656438022851944 
0.011673806235194206 0.13783377408981323 0.8504924178123474 
0.44062191247940063 0.49338164925575256 0.06599653512239456 
0.5762836933135986 0.4057835638523102 0.01793273352086544 
0.052090685814619064 0.7643848657608032 0.1835244596004486 
0.8821017146110535 0.11230883747339249 0.00558953732252121 
0.4848315715789795 0.49212637543678284 0.023041967302560806 
0.5793018937110901 0.40035054087638855 0.02034755051136017 
0.2145608812570572 0.7488426566123962 0.03659648820757866 
0.16138090193271637 0.7447357177734375 0.09388331323862076 
0.9551371932029724 0.042095571756362915 0.0027672818396240473 
0.5401256084442139 0.433249294757843 0.026625068858265877 
0.200918510556221 0.7552691102027893 0.043812330812215805 
0.42343249917030334 0.534643292427063 0.041924234479665756 
0.611724853515625 0.35738298296928406 0.03089209645986557 
0.011082973331212997 0.5241920948028564 0.46472492814064026 
0.6708964705467224 0.31384676694869995 0.01525680162012577 
0.8557423949241638 0.13469256460666656 0.009565121494233608 
0.007054914720356464 0.3168390691280365 0.6761059761047363 
0.08712255954742432 0.8371129035949707 0.0757644921541214 
0.6903764009475708 0.29587337374687195 0.013750273734331131 
0.018396878615021706 0.37608057260513306 0.6055225729942322 
0.7865979075431824 0.2023436427116394 0.011058494448661804 
0.011524190194904804 0.3448094427585602 0.6436663866043091 
0.1483639031648636 0.3900805413722992 0.4615555703639984 
0.9090306758880615 0.0859186202287674 0.0050506372936069965 
0.884649395942688 0.10931619256734848 0.006034449674189091 
0.04291230067610741 0.7295929193496704 0.2274947613477707 
0.33243468403816223 0.5961057543754578 0.07145956158638 
0.41464608907699585 0.5092564821243286 0.07609748095273972 
0.03839484602212906 0.7188628911972046 0.24274227023124695 
0.6079012155532837 0.379596471786499 0.012502314522862434 
0.8297508955001831 0.16143137216567993 0.008817661553621292 
0.8343027830123901 0.15677204728126526 0.00892525352537632 
0.7793218493461609 0.2111610770225525 0.009517095051705837 
0.8448614478111267 0.14508724212646484 0.01005129236727953 
0.4734530448913574 0.48409855365753174 0.04244837164878845 
0.452835351228714 0.5020241737365723 0.045140430331230164 
0.22078818082809448 0.5955461263656616 0.1836657077074051 
0.8944888710975647 0.09719506651163101 0.008316103368997574 
0.8859087824821472 0.10458192974328995 0.009509271942079067 
0.16843335330486298 0.7501089572906494 0.08145768195390701 
0.5487183332443237 0.40490618348121643 0.04637550562620163 
0.08368396013975143 0.8400524258613586 0.07626360654830933 
0.020111264660954475 0.28877171874046326 0.691116988658905 
0.863334596157074 0.12698610126972198 0.009679261595010757 
0.05667181685566902 0.853995680809021 0.0893324464559555 
0.14550460875034332 0.5967288613319397 0.25776657462120056 
0.19070257246494293 0.7481720447540283 0.061125341802835464 
0.11473127454519272 0.8333799839019775 0.05188876390457153 
0.11437879502773285 0.8567215800285339 0.028899656608700752 
0.8087620139122009 0.1830999255180359 0.008138041943311691 
0.3244141638278961 0.6452592611312866 0.030326535925269127 
0.27309736609458923 0.7018224000930786 0.025080237537622452 
0.026953496038913727 0.6808502674102783 0.29219624400138855 
0.6583039164543152 0.3305385410785675 0.011157537810504436 
0.07056723535060883 0.7789932489395142 0.1504395753145218 
0.03603416681289673 0.7477259635925293 0.21623991429805756 
0.6228670477867126 0.34614264965057373 0.03099028207361698 
0.8529304265975952 0.13942354917526245 0.007646005135029554 
0.8497545719146729 0.14405395090579987 0.00619148276746273 
0.7705053687095642 0.21841001510620117 0.011084641329944134 
0.1826411485671997 0.7537234425544739 0.0636354312300682 
0.7733117938041687 0.2103802114725113 0.016307977959513664 
0.8502194881439209 0.12793223559856415 0.02184826135635376 
0.6997287273406982 0.2873550355434418 0.012916279025375843 
0.3201967477798462 0.526668131351471 0.15313512086868286 
0.3709026873111725 0.5633054375648499 0.06579191237688065 
0.4030105769634247 0.553656816482544 0.04333255812525749 
0.006689094938337803 0.580881655216217 0.4124293029308319 
0.9154629111289978 0.07704465091228485 0.007492425385862589 
0.06210530176758766 0.6097433567047119 0.32815128564834595 
0.012081447057425976 0.5247471332550049 0.46317142248153687 
0.04652971774339676 0.7297868728637695 0.22368350625038147 
0.02002505213022232 0.4952714145183563 0.4847034811973572 
0.7934244871139526 0.19533929228782654 0.011236224323511124 
0.8576119542121887 0.13346676528453827 0.00892123207449913 
0.4388444721698761 0.5037822723388672 0.057373251765966415 
0.7159696817398071 0.2714295983314514 0.012600710615515709 
0.060268715023994446 0.8449116945266724 0.0948195680975914 
0.2213570922613144 0.7513158321380615 0.027327081188559532 
0.10203258693218231 0.8357646465301514 0.06220279633998871 
0.3671899735927582 0.5489449501037598 0.08386510610580444 
0.7159696817398071 0.2714295983314514 0.012600710615515709 
0.19630515575408936 0.7493748068809509 0.05432002991437912 
0.8754704594612122 0.11636441200971603 0.008165146224200726 
0.756300151348114 0.23412460088729858 0.009575201198458672 
0.2486386001110077 0.6134743690490723 0.13788698613643646 
0.03495839610695839 0.4401155114173889 0.5249261260032654 
0.04038684442639351 0.5941253304481506 0.36548781394958496 
0.7630593180656433 0.2272389531135559 0.009701700881123543 
0.05208809673786163 0.5677200555801392 0.380191832780838 
0.005222715903073549 0.16772769391536713 0.8270495533943176 
0.05987431854009628 0.8208666443824768 0.1192590594291687 
0.7986035346984863 0.18600808084011078 0.01538837980479002 
0.24891425669193268 0.6293530464172363 0.12173263728618622 
0.005313051864504814 0.19616568088531494 0.7985212802886963 
0.7296554446220398 0.262290894985199 0.008053663186728954 
0.2878285050392151 0.6655325889587402 0.04663899168372154 
0.03056102991104126 0.7200462818145752 0.24939267337322235 
0.0685204565525055 0.5831838250160217 0.3482957184314728 
0.6825887560844421 0.3010748624801636 0.016336407512426376 
0.7825852036476135 0.2061566859483719 0.011258118785917759 
0.7460258603096008 0.2381623387336731 0.01581181399524212 
0.08602769672870636 0.8623881340026855 0.05158425122499466 
0.07716009765863419 0.8253865838050842 0.097453273832798 
0.09819880872964859 0.8363194465637207 0.06548168510198593 
0.05269913747906685 0.8502529263496399 0.09704800695180893 
0.7013528347015381 0.279561847448349 0.019085321575403214 
0.7019568085670471 0.28597185015678406 0.012071293778717518 
0.701281726360321 0.2783970832824707 0.020321263000369072 
0.1567557454109192 0.8080224394798279 0.03522179275751114 
0.4808044731616974 0.4827651381492615 0.036430373787879944 
0.19806909561157227 0.725027322769165 0.07690362632274628 
0.05428902059793472 0.5560783743858337 0.38963261246681213 
0.5866361856460571 0.4002821147441864 0.013081738725304604 
0.5781906843185425 0.40726765990257263 0.014541673474013805 
0.016469653695821762 0.43140584230422974 0.5521245002746582 
0.510797381401062 0.46387284994125366 0.025329742580652237 
0.963860273361206 0.033501554280519485 0.0026381120551377535 
0.019819695502519608 0.5797629952430725 0.400417298078537 
0.02338281087577343 0.5947659015655518 0.38185131549835205 
0.00325266201980412 0.4504937529563904 0.5462535619735718 
0.5852476358413696 0.40133044123649597 0.013421879149973392 
0.6298031806945801 0.3551391363143921 0.015057692304253578 
0.0021330455783754587 0.12935787439346313 0.8685091137886047 
0.19169412553310394 0.7692369222640991 0.03906896710395813 
0.422398179769516 0.5567813515663147 0.020820433273911476 
0.36422258615493774 0.5340573191642761 0.10172007977962494 
0.6835591197013855 0.3023768663406372 0.014064009301364422 
0.3863484561443329 0.5593505501747131 0.05430102348327637 
0.6444573998451233 0.32044917345046997 0.03509338200092316 
0.5751545429229736 0.4081117510795593 0.016733670607209206 
0.17336440086364746 0.7699198722839355 0.05671568959951401 
0.06423983722925186 0.835660994052887 0.10009922087192535 
0.5024086833000183 0.4227495789527893 0.07484170794487 
0.014738709665834904 0.6697041988372803 0.3155570328235626 
0.002327678957954049 0.0894881933927536 0.9081841111183167 
0.024892698973417282 0.7586541175842285 0.2164531946182251 
0.896365225315094 0.09893245249986649 0.004702412057667971 
0.48745453357696533 0.47694772481918335 0.0355977788567543 
0.032349999994039536 0.86397784948349 0.10367216914892197 
0.3374755382537842 0.6272968649864197 0.03522758558392525 
0.9124473929405212 0.07974916696548462 0.007803414016962051 
0.6901144981384277 0.2940674126148224 0.015818113461136818 
0.06539934128522873 0.5334630012512207 0.4011375606060028 
0.16744157671928406 0.799465537071228 0.033092886209487915 
0.102420873939991 0.5334920883178711 0.3640870153903961 
0.6859480142593384 0.29213130474090576 0.021920599043369293 
0.5067691206932068 0.46264100074768066 0.030589895322918892 
0.3046382665634155 0.6479142904281616 0.047447457909584045 
0.639177680015564 0.3481963574886322 0.01262598391622305 
0.7395519614219666 0.24829359352588654 0.012154466472566128 
0.7990356683731079 0.19185522198677063 0.00910904724150896 
0.6043750047683716 0.37517955899238586 0.02044541947543621 
0.12441505491733551 0.7540803551673889 0.12150459736585617 
0.3755175471305847 0.5778976082801819 0.046584829688072205 
0.1914769858121872 0.7620589733123779 0.046464089304208755 
0.1491980105638504 0.7732222080230713 0.07757978141307831 
0.14774000644683838 0.7525373697280884 0.09972264617681503 
0.06884481757879257 0.8401361107826233 0.09101907908916473 
0.11179450899362564 0.8180730938911438 0.07013242691755295 
0.06667139381170273 0.8557067513465881 0.07762177288532257 
0.24305327236652374 0.6807056665420532 0.07624101638793945 
0.1697539985179901 0.775809645652771 0.05443628132343292 
0.06609059870243073 0.8596652150154114 0.0742441937327385 
0.05490909889340401 0.8448193073272705 0.10027163475751877 
0.11405835300683975 0.8285584449768066 0.05738319084048271 
0.16570980846881866 0.7777060270309448 0.05658412352204323 
0.042613282799720764 0.7894243001937866 0.167962446808815 
0.11143962293863297 0.7855405807495117 0.10301981121301651 
0.33289462327957153 0.6300193071365356 0.03708607703447342 
0.2359243631362915 0.7235198020935059 0.040555842220783234 
0.3371891975402832 0.6265195608139038 0.03629129379987717 
0.04838211089372635 0.8386629819869995 0.11295491456985474 
0.06342427432537079 0.7920376062393188 0.14453808963298798 
0.06440587341785431 0.8635452389717102 0.07204888761043549 
0.07682594656944275 0.817311704158783 0.10586237907409668 
0.061427559703588486 0.8517594933509827 0.08681291341781616 
0.03402804210782051 0.7555550336837769 0.21041691303253174 
0.012258954346179962 0.6823643445968628 0.3053766191005707 
0.3838055729866028 0.5571449398994446 0.059049494564533234 
0.1686529815196991 0.5743305683135986 0.25701647996902466 
0.09460959583520889 0.8356969356536865 0.06969348341226578 
0.5437580943107605 0.4208872616291046 0.03535467013716698 
0.1376408338546753 0.7608354091644287 0.10152383148670197 
0.2734769880771637 0.6692186594009399 0.057304348796606064 
0.6283365488052368 0.34894484281539917 0.0227186381816864 
0.026551835238933563 0.8822881579399109 0.09116002917289734 
0.6838569641113281 0.29178911447525024 0.02435392327606678 
0.12015850096940994 0.7125816345214844 0.16725987195968628 
0.7731355428695679 0.21624261140823364 0.010621842928230762 
0.8236030340194702 0.16945414245128632 0.0069427783600986 
0.10365858674049377 0.8141944408416748 0.08214696496725082 
0.19792142510414124 0.6404075026512146 0.16167108714580536 
0.008033106103539467 0.536439061164856 0.45552781224250793 
0.7350190281867981 0.25008901953697205 0.014891993254423141 
0.8712289333343506 0.12177020311355591 0.007000787649303675 
0.04592788591980934 0.8858827352523804 0.06818932294845581 
0.030537089332938194 0.3848002851009369 0.5846626162528992 
0.46395382285118103 0.5065646171569824 0.029481559991836548 
0.6573997735977173 0.3202621638774872 0.022338028997182846 
0.0021749064326286316 0.07085569202899933 0.9269694089889526 
0.25570523738861084 0.709828794002533 0.03446603938937187 
0.6967281103134155 0.28947508335113525 0.013796881772577763 
0.009895057417452335 0.29833853244781494 0.6917664408683777 
0.3498861789703369 0.5745919346809387 0.07552181929349899 
0.07722768187522888 0.48839884996414185 0.43437349796295166 
0.46357399225234985 0.499758780002594 0.03666726499795914 
0.006145609077066183 0.3602098822593689 0.6336445212364197 
0.3244141638278961 0.6452592611312866 0.030326535925269127 
0.7187678813934326 0.27201205492019653 0.009220118634402752 
0.8681805729866028 0.12741868197917938 0.004400693811476231 
0.13765935599803925 0.5306453704833984 0.3316952884197235 
0.007054914720356464 0.3168390691280365 0.6761059761047363 
0.2924625277519226 0.6729872226715088 0.03455027937889099 
0.023565614596009254 0.620956540107727 0.35547783970832825 
0.2995157837867737 0.6685768961906433 0.03190729394555092 
0.3736966848373413 0.5402433276176453 0.08605999499559402 
0.030712934210896492 0.5483308434486389 0.42095616459846497 
0.0013620848767459393 0.08670812100172043 0.9119297862052917 
0.16015160083770752 0.7473628520965576 0.09248549491167068 
0.4777761399745941 0.4941171407699585 0.028106728568673134 
0.5626223087310791 0.4228173792362213 0.014560350216925144 
0.013254230841994286 0.8869922161102295 0.09975353628396988 
0.8516289591789246 0.1425805389881134 0.005790471099317074 
0.08375024050474167 0.647157609462738 0.2690921723842621 
0.4467026889324188 0.49874329566955566 0.05455401912331581 
0.5953881144523621 0.38677284121513367 0.017839087173342705 
0.4939180910587311 0.4725077748298645 0.033574048429727554 
0.5146880745887756 0.4586912989616394 0.026620570570230484 
0.5033661723136902 0.4645702838897705 0.03206352889537811 
0.5307326316833496 0.4431920647621155 0.02607530914247036 
0.013436217792332172 0.37574243545532227 0.6108213663101196 
0.03839484602212906 0.7188628911972046 0.24274227023124695 
0.5756307244300842 0.39528897404670715 0.029080336913466454 
0.014571762643754482 0.43932443857192993 0.546103835105896 
0.5628932118415833 0.40650561451911926 0.030601171776652336 
0.7957926392555237 0.19346435368061066 0.010743005201220512 
0.05980875343084335 0.5459185838699341 0.3942726254463196 
0.6720198392868042 0.31139716506004333 0.016582978889346123 
0.49184146523475647 0.4834793508052826 0.02467922493815422 
0.06464975327253342 0.5692903399467468 0.36605992913246155 
0.5122038722038269 0.45547112822532654 0.03232498839497566 
0.006596402730792761 0.08528460562229156 0.9081189632415771 
0.08352526277303696 0.6795019507408142 0.23697270452976227 
0.32483527064323425 0.6432571411132812 0.031907543540000916 
0.7475985884666443 0.23551614582538605 0.016885265707969666 
0.31617075204849243 0.6432986259460449 0.040530573576688766 
0.8766075372695923 0.11042574793100357 0.012966765090823174 
0.01723586581647396 0.6332383155822754 0.3495258688926697 
0.06999579071998596 0.8866389989852905 0.04336519539356232 
0.05269913747906685 0.8502529263496399 0.09704800695180893 
0.938179612159729 0.056534767150878906 0.0052856081165373325 
0.39431101083755493 0.5817918181419373 0.02389719896018505 
0.25239163637161255 0.7076119780540466 0.03999634087085724 
0.9237997531890869 0.07134633511304855 0.0048539359122514725 
0.15909580886363983 0.8052216172218323 0.03568265587091446 
0.06058918684720993 0.6063329577445984 0.3330778181552887 
0.04627404734492302 0.5722793340682983 0.3814466595649719 
0.1704055219888687 0.5570977926254272 0.27249670028686523 
0.9241284728050232 0.071272112429142 0.004599348176270723 
0.26913782954216003 0.65559983253479 0.0752624049782753 
0.5765239596366882 0.3896900415420532 0.033786024898290634 
0.18577541410923004 0.5219557881355286 0.2922687828540802 
0.2825411558151245 0.6053655743598938 0.11209321767091751 
0.012673133052885532 0.2627120912075043 0.7246147990226746 
0.17758618295192719 0.7595214247703552 0.06289240717887878 
0.7353902459144592 0.25456148386001587 0.010048295371234417 
0.9096323847770691 0.08399450033903122 0.006373110692948103 
0.16169264912605286 0.8161581158638 0.022149184718728065 
0.8860709071159363 0.10957079380750656 0.0043582855723798275 
0.04291674867272377 0.8312867879867554 0.12579648196697235 
0.027120159938931465 0.7325183153152466 0.2403615564107895 
0.9089482426643372 0.08641713112592697 0.004634605720639229 
0.3790695071220398 0.5357767343521118 0.08515369147062302 
0.7905974388122559 0.19778408110141754 0.011618436314165592 
0.22857466340065002 0.7107676863670349 0.06065768003463745 
0.3768487572669983 0.5022866129875183 0.12086465209722519 
0.3322153687477112 0.5795804262161255 0.0882042795419693 
0.3967358469963074 0.5861531496047974 0.017111007124185562 
0.003844776889309287 0.08924544602632523 0.9069097638130188 
0.8901776075363159 0.10437297075986862 0.005449476186186075 
0.745695948600769 0.2441387176513672 0.01016533188521862 
0.28725770115852356 0.6628763675689697 0.04986594244837761 
0.9705646634101868 0.027063949033617973 0.0023714019916951656 
0.26095449924468994 0.683843195438385 0.05520232394337654 
0.018868787214159966 0.6584852337837219 0.32264602184295654 
0.35557904839515686 0.6062852144241333 0.03813576698303223 
0.019603298977017403 0.6531549096107483 0.32724180817604065 
0.02141053043305874 0.44354048371315 0.5350489616394043 
0.4101574420928955 0.5630611181259155 0.02678137645125389 
0.633293092250824 0.34672725200653076 0.01997959055006504 
0.3888205885887146 0.5850530862808228 0.02612629346549511 
0.21530893445014954 0.7217795848846436 0.0629114881157875 
0.4503942131996155 0.5259870290756226 0.02361881360411644 
0.41031110286712646 0.5584462881088257 0.031242601573467255 
0.012258954346179962 0.6823643445968628 0.3053766191005707 
0.28105002641677856 0.6885294318199158 0.03042060323059559 
0.5444948673248291 0.40346887707710266 0.05203628912568092 
0.49844595789909363 0.4861474633216858 0.015406614169478416 
0.5460436940193176 0.4315224587917328 0.022433793172240257 
0.009026207961142063 0.30689749121665955 0.6840763688087463 
0.018028881400823593 0.5330356359481812 0.44893550872802734 
0.7778918743133545 0.20917034149169922 0.012937759049236774 
0.07549800723791122 0.7742079496383667 0.15029406547546387 
0.9141173362731934 0.07828057557344437 0.007602033670991659 
0.4614008665084839 0.49904802441596985 0.039551183581352234 
0.44415298104286194 0.5333923101425171 0.02245471626520157 
0.8701523542404175 0.12103243172168732 0.008815167471766472 
0.8307387232780457 0.16138523817062378 0.007875987328588963 
0.59457927942276 0.3760760724544525 0.029344679787755013 
0.4066939651966095 0.543100118637085 0.05020594224333763 
0.09002820402383804 0.8558709025382996 0.05410092696547508 
0.006432639434933662 0.25380751490592957 0.7397599220275879 
0.8385258913040161 0.14750078320503235 0.013973277993500233 
0.014657305553555489 0.6715497970581055 0.3137929141521454 
0.05220971629023552 0.8666802644729614 0.08111005276441574 
0.1044282615184784 0.850731372833252 0.04484042152762413 
0.37106701731681824 0.5252542495727539 0.10367874801158905 
0.19469811022281647 0.7795029282569885 0.025798991322517395 
0.061503782868385315 0.8338640928268433 0.1046321764588356 
0.7396020889282227 0.2489214986562729 0.011476431973278522 
0.06395592540502548 0.8631356358528137 0.07290849834680557 
0.9390585422515869 0.05683634802699089 0.004105166532099247 
0.6773800849914551 0.3110737204551697 0.011546206660568714 
0.5454211235046387 0.39979124069213867 0.05478762462735176 
0.0038554298225790262 0.12021656334400177 0.8759279847145081 
0.062559574842453 0.7574720978736877 0.17996825277805328 
0.002409453736618161 0.09976078569889069 0.8978297114372253 
0.9155173301696777 0.0778830423951149 0.00659956457093358 
0.8768818974494934 0.11809079349040985 0.005027389619499445 
0.7156937122344971 0.25797170400619507 0.026334641501307487 
0.8584775328636169 0.13595430552959442 0.005568098276853561 
0.06589695066213608 0.7744144201278687 0.1596885621547699 
0.06161973625421524 0.7663040161132812 0.17207632958889008 
0.5606821775436401 0.41813138127326965 0.02118639461696148 
0.9530850052833557 0.04341914877295494 0.003495836164802313 
0.904635488986969 0.08960109204053879 0.005763498600572348 
0.030942194163799286 0.8467773795127869 0.12228041142225266 
0.038731709122657776 0.9286738634109497 0.03259442001581192 
0.9135021567344666 0.08248601853847504 0.004011822864413261 
0.5473228096961975 0.42863333225250244 0.024043770506978035 
0.5809574127197266 0.3990460932254791 0.019996492192149162 
0.7911918759346008 0.19847816228866577 0.010329927317798138 
0.622891902923584 0.34551286697387695 0.031595248728990555 
0.28071120381355286 0.6885667443275452 0.03072204813361168 
0.008655903860926628 0.36212390661239624 0.6292201280593872 
0.02717888355255127 0.4806655943393707 0.492155522108078 
0.5659278631210327 0.42084386944770813 0.013228222727775574 
0.5006975531578064 0.4558908939361572 0.04341159015893936 
0.6437842845916748 0.33083805441856384 0.0253776703029871 
0.9359316229820251 0.05990048870444298 0.004167824052274227 
0.2811617851257324 0.6694977283477783 0.04934041574597359 
0.15280410647392273 0.6545621752738953 0.192633718252182 
0.041891150176525116 0.8623834252357483 0.09572543203830719 
0.02329576015472412 0.3077748417854309 0.6689294576644897 
0.9119436740875244 0.08044853061437607 0.00760783301666379 
0.12885285913944244 0.7321867346763611 0.13896045088768005 
0.31051355600357056 0.5572317242622375 0.1322546750307083 
0.006579039618372917 0.11848688125610352 0.8749340772628784 
0.01611281745135784 0.25805115699768066 0.7258360385894775 
0.8603425025939941 0.13289697468280792 0.006760505493730307 
0.16122019290924072 0.7587122321128845 0.08006757497787476 
0.91913902759552 0.07683250308036804 0.00402839807793498 
0.006820626091212034 0.1323869377374649 0.8607923984527588 
0.04110165685415268 0.3213244676589966 0.6375738978385925 
0.011860484257340431 0.6738085746765137 0.3143308758735657 
0.9005987048149109 0.0934852659702301 0.00591590441763401 
0.7638391256332397 0.22889557480812073 0.007265313062816858 
0.6838935017585754 0.28988635540008545 0.026220103725790977 
0.5231241583824158 0.3706202805042267 0.10625552386045456 
0.5008577108383179 0.4800836145877838 0.019058704376220703 
0.8196049332618713 0.1722564697265625 0.0081385662779212 
0.03995366767048836 0.4137820303440094 0.5462643504142761 
0.4001615047454834 0.5482929944992065 0.051545560359954834 
0.6680271029472351 0.321384072303772 0.010588796809315681 
0.002993174595758319 0.22424815595149994 0.7727587223052979 
0.012101639993488789 0.7290488481521606 0.25884953141212463 
0.8020676970481873 0.18769393861293793 0.010238326154649258 
0.6572970747947693 0.3281729221343994 0.014530026353895664 
0.31671568751335144 0.5167331695556641 0.1665511280298233 
0.25009486079216003 0.6941531300544739 0.05575196444988251 
0.7910627126693726 0.19632580876350403 0.012611506506800652 
0.7913429737091064 0.20170481503009796 0.006952271331101656 
0.3402460217475891 0.4696206748485565 0.19013336300849915 
0.460556298494339 0.510658323764801 0.028785325586795807 
0.6222280859947205 0.3431948721408844 0.034577012062072754 
0.5471180081367493 0.43774718046188354 0.015134818851947784 
0.005753285717219114 0.1318897306919098 0.8623570203781128 
0.2963847815990448 0.5144717693328857 0.18914346396923065 
0.3980465233325958 0.5443021655082703 0.05765131860971451 
0.523012101650238 0.46207746863365173 0.014910365454852581 
0.06879165023565292 0.8330956697463989 0.09811268001794815 
0.5375613570213318 0.4292798340320587 0.03315884992480278 
0.0037383444141596556 0.19365982711315155 0.8026018142700195 
0.7381858229637146 0.25356072187423706 0.008253376930952072 
0.7531744837760925 0.23105721175670624 0.01576831564307213 
0.1675380915403366 0.7942282557487488 0.038233619183301926 
0.5330302119255066 0.4348316788673401 0.03213808685541153 
0.3836356997489929 0.5777592062950134 0.03860504925251007 
0.25223153829574585 0.6104575991630554 0.13731083273887634 
0.25561463832855225 0.6048021912574768 0.13958309590816498 
0.3664371967315674 0.606624960899353 0.02693779580295086 
0.8620745539665222 0.13156425952911377 0.006361202336847782 
0.07660219818353653 0.8712190985679626 0.05217865854501724 
0.04975791275501251 0.876703143119812 0.07353900372982025 
0.08747454732656479 0.8597762584686279 0.0527491569519043 
0.2247491478919983 0.602989912033081 0.17226098477840424 
0.2317831963300705 0.7130793929100037 0.05513744428753853 
0.31544744968414307 0.652716338634491 0.03183622285723686 
0.003974108025431633 0.07578182965517044 0.920244038105011 
0.918764054775238 0.07778801023960114 0.003447998082265258 
0.5614194869995117 0.398335725069046 0.040244799107313156 
0.4608232080936432 0.4860168993473053 0.05315990746021271 
0.09752857685089111 0.8083458542823792 0.09412556141614914 
0.25342637300491333 0.688597559928894 0.05797605589032173 
0.09281108528375626 0.7988556027412415 0.10833325982093811 
0.06641843914985657 0.8321887254714966 0.10139276832342148 
0.042925335466861725 0.8741927742958069 0.0828818678855896 
0.06879165023565292 0.8330956697463989 0.09811268001794815 
0.7046162486076355 0.28575822710990906 0.009625561535358429 
0.6241773366928101 0.35097578167915344 0.024846870452165604 
0.6419082880020142 0.31632477045059204 0.041766922920942307 
0.9100123643875122 0.08584067225456238 0.004146983381360769 
0.9339317083358765 0.06070900708436966 0.005359349772334099 
0.7037525773048401 0.27926209568977356 0.016985304653644562 
0.9206289649009705 0.07518645375967026 0.004184571094810963 
0.9244133830070496 0.07114958018064499 0.004437054507434368 
0.9326407313346863 0.06351639330387115 0.0038428655825555325 
0.031228993088006973 0.2643597424030304 0.7044112682342529 
0.7668560743331909 0.22417613863945007 0.008967751637101173 
0.009889842011034489 0.25613412261009216 0.7339760661125183 
0.8111146092414856 0.18171940743923187 0.007165929302573204 
0.6334438323974609 0.3443085849285126 0.022247614338994026 
0.7596359848976135 0.22803214192390442 0.012331902049481869 
0.8999626636505127 0.09383399039506912 0.0062034172005951405 
0.013700244016945362 0.1836482733488083 0.8026515245437622 
0.1678636521100998 0.7330152988433838 0.09912107139825821 
0.16193003952503204 0.7130152583122253 0.1250547617673874 
0.15173351764678955 0.8067247867584229 0.04154174029827118 
0.8957006335258484 0.09731944650411606 0.006979915779083967 
0.5606016516685486 0.4250214695930481 0.014376896433532238 
0.011174676939845085 0.26203152537345886 0.7267937660217285 
0.8022837042808533 0.18792025744915009 0.009796014055609703 
0.19000640511512756 0.7404491901397705 0.06954435259103775 
0.44528770446777344 0.4633452296257019 0.09136711061000824 
0.007054914720356464 0.3168390691280365 0.6761059761047363 
0.9097368717193604 0.0851447582244873 0.005118391942232847 
0.818812370300293 0.17220833897590637 0.00897934939712286 
0.0041385977528989315 0.1134079098701477 0.8824535012245178 
0.022563466802239418 0.8322132229804993 0.1452232301235199 
0.8761999011039734 0.11803467571735382 0.005765484645962715 
0.38531583547592163 0.5381555557250977 0.0765286311507225 
0.05626766383647919 0.8008566498756409 0.14287571609020233 
0.8318438529968262 0.14888015389442444 0.019276047125458717 
0.0018072591628879309 0.012370763346552849 0.9858220219612122 
0.2503255605697632 0.7037021517753601 0.0459723025560379 
0.14143440127372742 0.8209871053695679 0.03757845610380173 
0.11071448028087616 0.7409369349479675 0.14834848046302795 
0.1705847829580307 0.7028723359107971 0.12654291093349457 
0.03839484602212906 0.7188628911972046 0.24274227023124695 
0.25813591480255127 0.45369356870651245 0.2881704866886139 
0.02512538433074951 0.6318897008895874 0.3429849445819855 
0.919601559638977 0.07356724143028259 0.0068311551585793495 
0.43616873025894165 0.5146085619926453 0.049222707748413086 
0.18656861782073975 0.7607650756835938 0.05266629531979561 
0.8212981820106506 0.16788597404956818 0.010815947316586971 
0.36455851793289185 0.6015716195106506 0.03386980667710304 
0.6501840949058533 0.327617883682251 0.022198060527443886 
0.8000040650367737 0.1911260187625885 0.008869956247508526 
0.010483629070222378 0.7028958797454834 0.286620557308197 
0.7468075752258301 0.2410006821155548 0.012191756628453732 
0.7605273723602295 0.2272414118051529 0.012231200933456421 
0.6045778393745422 0.3786669671535492 0.01675524190068245 
0.3841114044189453 0.5858989357948303 0.029989661648869514 
0.8517112731933594 0.14275716245174408 0.005531518720090389 
0.185761958360672 0.7436329126358032 0.07060517370700836 
0.1670611947774887 0.7610880732536316 0.07185062021017075 
0.480133980512619 0.4753020405769348 0.04456397145986557 
0.019952373579144478 0.6080742478370667 0.3719733953475952 
0.6387422680854797 0.34640416502952576 0.014853538945317268 
0.4182124435901642 0.5409296154975891 0.04085792601108551 
0.7544296979904175 0.226212739944458 0.01935756206512451 
0.09575870633125305 0.760056734085083 0.14418457448482513 
0.3384615480899811 0.624995768070221 0.03654271736741066 
0.43481573462486267 0.5069008469581604 0.058283478021621704 
0.8170179724693298 0.17150580883026123 0.011476202867925167 
0.6098345518112183 0.3514559268951416 0.03870956227183342 
0.6970674991607666 0.27915462851524353 0.02377784252166748 
0.05875009298324585 0.8547757267951965 0.08647423982620239 
0.6994767785072327 0.2765044867992401 0.024018799886107445 
0.43859538435935974 0.5372479557991028 0.024156657978892326 
0.6569309830665588 0.31656813621520996 0.026500854641199112 
0.002608683193102479 0.041720326989889145 0.9556710124015808 
0.6674104332923889 0.3106398284435272 0.0219497699290514 
0.0032768750097602606 0.12406764179468155 0.87265545129776 
0.5304439067840576 0.41711822152137756 0.052437879145145416 
0.5213528871536255 0.44249385595321655 0.03615323081612587 
0.3045153319835663 0.6451835632324219 0.050301168113946915 
0.07540371268987656 0.7385991811752319 0.18599706888198853 
0.827475905418396 0.16570205986499786 0.0068220654502511024 
0.4827243387699127 0.46455875039100647 0.05271684750914574 
0.8955143690109253 0.10138055682182312 0.003105182433500886 
0.2048979103565216 0.6560819149017334 0.1390201598405838 
0.26600852608680725 0.6887955069541931 0.045195918530225754 
0.2704175114631653 0.6663953065872192 0.0631871223449707 
0.1879229098558426 0.5868160128593445 0.22526104748249054 
0.7525895237922668 0.23060791194438934 0.016802607104182243 
0.8767533898353577 0.11772846430540085 0.005518198013305664 
0.4860416650772095 0.49341216683387756 0.020546188578009605 
0.06398551911115646 0.8838861584663391 0.052128370851278305 
0.14289087057113647 0.7102354764938354 0.1468736231327057 
0.0031951493583619595 0.1757243424654007 0.8210805654525757 
0.010248009115457535 0.6730359196662903 0.3167160749435425 
0.15183410048484802 0.7241156101226807 0.12405028194189072 
0.01504622120410204 0.7809864282608032 0.20396733283996582 
0.18314936757087708 0.725851833820343 0.09099876880645752 
0.33788540959358215 0.43101420998573303 0.2311004102230072 
0.40559273958206177 0.5661850571632385 0.02822212688624859 
0.08434869349002838 0.7654557228088379 0.15019553899765015 
