0.024349153
0.83209527
0.18125257
0.10384754
0.9033022
0.058659658
0.91411734
0.30738434
0.009272368
0.0013582399
0.010131456
0.7765496
0.6607888
0.28638795
0.760647
0.11449168
0.12504117
0.6391535
0.34824243
0.8617885
0.84075266
0.08692266
0.037405055
0.09375804
0.89993817
0.7214428
0.32489133
0.047674492
0.07181423
0.34741482
0.38243303
0.5573926
0.10696726
0.26564077
0.05386432
0.3770901
0.841302
0.059320938
0.8447237
0.62211794
0.015970284
0.56199324
0.4144858
0.832976
0.9175055
0.23354708
0.051352106
0.03873764
0.73941875
0.0663384
0.28133047
0.68410087
0.87096566
0.9317689
0.33157116
0.4275575
0.21225227
0.14914986
0.89631253
0.9192228
0.100676455
0.06233547
0.15853138
0.19230048
0.7684104
0.08054225
0.10097153
0.71875966
0.4817287
0.48020995
0.08434869
0.5047972
0.4167265
0.4167265
0.8367534
0.58930117
0.0059797675
0.29170817
0.063427374
0.84259224
0.9124474
0.27839333
0.41973892
0.1417782
0.001010573
0.67222536
0.8230143
0.19854529
0.4481901
0.09222771
0.8372959
0.5178578
0.5178578
0.20558736
0.83278364
0.042387854
0.14336021
0.57243073
0.88764364
0.38614208
0.8508018
0.32360703
0.02139375
0.3118963
0.7804816
0.34855884
0.2502296
0.83639795
0.21121368
0.24756278
0.35663414
0.52073133
0.8256175
0.7324978
0.0029148688
0.0029148688
0.0029148688
0.0019027333
0.15531316
0.7736351
0.70089614
0.7507615
0.44432217
0.9073888
0.85181224
0.6565108
0.88621235
0.9057091
0.11440214
0.05399448
0.9031576
0.59986746
0.45783743
0.81588244
0.5119517
0.32149017
0.014242791
0.84094095
0.008598808
0.5869099
0.18896276
0.0070549147
0.08235406
0.06583598
0.536823
0.6710144
0.0014376494
0.0014376494
0.7206504
0.5243008
0.038394846
0.36837038
0.0015265197
0.0017514204
0.46870884
0.8113156
0.8377091
0.3138494
0.08521558
0.50222105
0.1594316
0.39309415
0.09036597
0.027727665
0.66499764
0.049994994
0.41264707
0.87231076
0.5500869
0.06914969
0.124415055
0.10787417
0.66128933
0.024041565
0.93888015
0.25022596
0.69589925
0.8287115
0.91861725
0.23546875
0.042178042
0.4135259
0.06932613
0.5372161
0.805548
0.23484711
0.02934053
0.68750536
0.41264707
0.21118736
0.070241205
0.9297472
0.7917659
0.32493734
0.089064986
0.34010452
0.5266487
0.010571109
0.839073
0.05751344
0.8060675
0.003853599
0.024859931
0.010217344
0.012957357
0.2716042
0.06679517
0.03624464
0.009331984
0.35364053
0.7940777
0.034133956
0.54107845
0.069664486
0.08317882
0.1414344
0.35051996
0.1599834
0.23342586
0.017021602
0.817251
0.63731736
0.8878926
0.18954898
0.017516676
0.8788022
0.7722106
0.6821497
0.7800472
0.07460778
0.12418899
0.8791054
0.81249934
0.0077709174
0.058423523
0.1385488
0.47123787
0.8940287
0.8358806
0.012373328
0.055932887
0.33896625
0.27468213
0.011075569
0.14200221
0.3389179
0.73404807
0.0015716446
0.14007053
0.11178274
0.034313034
0.9122859
0.4273095
0.7169291
0.7169291
0.2590812
0.41119412
0.54605615
0.18860753
0.90274006
0.8103017
0.021349778
0.3144358
0.002069428
0.5863791
0.17389768
0.8345382
0.8716163
0.5856497
0.84344137
0.7419547
0.70403343
0.047951855
0.05918158
0.108111046
0.9119437
0.21756995
0.34388
0.4190759
0.47023386
0.44148836
0.43409103
0.43771255
0.014181623
0.45940635
0.50650716
0.6237501
0.48013166
0.0044372254
0.908735
0.059705067
0.07061593
0.8835888
0.9124474
0.05336253
0.87870187
0.8818503
0.8461599
0.022047685
0.06618362
0.02352733
0.007994481
0.006230126
0.0030935255
0.7393844
0.027465422
0.7848136
0.7428344
0.24755447
0.07361621
0.62822634
0.027275627
0.26496688
0.80603856
0.63227034
0.005762606
0.72942096
0.9305872
0.1466527
0.42165112
0.32289344
0.42453662
0.58441573
0.36411813
0.02446259
0.54591733
0.05734177
0.3311836
0.64707744
0.64848274
0.6188201
0.57733697
0.41103718
0.39767113
0.011673806
0.4406219
0.5762837
0.052090686
0.8821017
0.48483157
0.5793019
0.21456088
0.1613809
0.9551372
0.5401256
0.20091851
0.4234325
0.61172485
0.011082973
0.6708965
0.8557424
0.0070549147
0.08712256
0.6903764
0.018396879
0.7865979
0.01152419
0.1483639
0.9090307
0.8846494
0.0429123
0.33243468
0.4146461
0.038394846
0.6079012
0.8297509
0.8343028
0.77932185
0.84486145
0.47345304
0.45283535
0.22078818
0.8944889
0.8859088
0.16843335
0.54871833
0.08368396
0.020111265
0.8633346
0.056671817
0.14550461
0.19070257
0.114731275
0.114378795
0.808762
0.32441416
0.27309737
0.026953496
0.6583039
0.070567235
0.036034167
0.62286705
0.8529304
0.8497546
0.77050537
0.18264115
0.7733118
0.8502195
0.6997287
0.32019675
0.3709027
0.40301058
0.006689095
0.9154629
0.0621053
0.012081447
0.046529718
0.020025052
0.7934245
0.85761195
0.43884447
0.7159697
0.060268715
0.22135709
0.10203259
0.36718997
0.7159697
0.19630516
0.87547046
0.75630015
0.2486386
0.034958396
0.040386844
0.7630593
0.052088097
0.005222716
0.05987432
0.79860353
0.24891426
0.005313052
0.72965544
0.2878285
0.03056103
0.06852046
0.68258876
0.7825852
0.74602586
0.0860277
0.0771601
0.09819881
0.052699137
0.70135283
0.7019568
0.7012817
0.15675575
0.48080447
0.1980691
0.05428902
0.5866362
0.5781907
0.016469654
0.5107974
0.9638603
0.019819696
0.02338281
0.003252662
0.58524764
0.6298032
0.0021330456
0.19169413
0.42239818
0.3642226
0.6835591
0.38634846
0.6444574
0.57515454
0.1733644
0.06423984
0.5024087
0.01473871
0.002327679
0.024892699
0.8963652
0.48745453
0.03235
0.33747554
0.9124474
0.6901145
0.06539934
0.16744158
0.102420874
0.685948
0.5067691
0.30463827
0.6391777
0.73955196
0.79903567
0.604375
0.124415055
0.37551755
0.19147699
0.14919801
0.14774
0.06884482
0.11179451
0.066671394
0.24305327
0.169754
0.0660906
0.0549091
0.11405835
0.16570981
0.042613283
0.11143962
0.33289462
0.23592436
0.3371892
0.04838211
0.063424274
0.06440587
0.07682595
0.06142756
0.034028042
0.012258954
0.38380557
0.16865298
0.094609596
0.5437581
0.13764083
0.273477
0.62833655
0.026551835
0.68385696
0.1201585
0.77313554
0.82360303
0.10365859
0.19792143
0.008033106
0.735019
0.87122893
0.045927886
0.03053709
0.46395382
0.6573998
0.0021749064
0.25570524
0.6967281
0.009895057
0.34988618
0.07722768
0.463574
0.006145609
0.32441416
0.7187679
0.8681806
0.13765936
0.0070549147
0.29246253
0.023565615
0.29951578
0.37369668
0.030712934
0.0013620849
0.1601516
0.47777614
0.5626223
0.013254231
0.85162896
0.08375024
0.4467027
0.5953881
0.4939181
0.5146881
0.5033662
0.53073263
0.013436218
0.038394846
0.5756307
0.014571763
0.5628932
0.79579264
0.059808753
0.67201984
0.49184147
0.06464975
0.5122039
0.0065964027
0.08352526
0.32483527
0.7475986
0.31617075
0.87660754
0.017235866
0.06999579
0.052699137
0.9381796
0.394311
0.25239164
0.92379975
0.15909581
0.060589187
0.046274047
0.17040552
0.9241285
0.26913783
0.57652396
0.18577541
0.28254116
0.012673133
0.17758618
0.73539025
0.9096324
0.16169265
0.8860709
0.04291675
0.02712016
0.90894824
0.3790695
0.79059744
0.22857466
0.37684876
0.33221537
0.39673585
0.003844777
0.8901776
0.74569595
0.2872577
0.97056466
0.2609545
0.018868787
0.35557905
0.019603299
0.02141053
0.41015744
0.6332931
0.3888206
0.21530893
0.4503942
0.4103111
0.012258954
0.28105003
0.54449487
0.49844596
0.5460437
0.009026208
0.018028881
0.7778919
0.07549801
0.91411734
0.46140087
0.44415298
0.87015235
0.8307387
0.5945793
0.40669397
0.090028204
0.0064326394
0.8385259
0.014657306
0.052209716
0.10442826
0.37106702
0.19469811
0.061503783
0.7396021
0.063955925
0.93905854
0.6773801
0.5454211
0.0038554298
0.062559575
0.0024094537
0.91551733
0.8768819
0.7156937
0.85847753
0.06589695
0.061619736
0.5606822
0.953085
0.9046355
0.030942194
0.03873171
0.91350216
0.5473228
0.5809574
0.7911919
0.6228919
0.2807112
0.008655904
0.027178884
0.56592786
0.50069755
0.6437843
0.9359316
0.2811618
0.1528041
0.04189115
0.02329576
0.9119437
0.12885286
0.31051356
0.0065790396
0.016112817
0.8603425
0.1612202
0.919139
0.006820626
0.041101657
0.011860484
0.9005987
0.7638391
0.6838935
0.52312416
0.5008577
0.81960493
0.039953668
0.4001615
0.6680271
0.0029931746
0.01210164
0.8020677
0.6572971
0.3167157
0.25009486
0.7910627
0.791343
0.34024602
0.4605563
0.6222281
0.547118
0.0057532857
0.29638478
0.39804652
0.5230121
0.06879165
0.53756136
0.0037383444
0.7381858
0.7531745
0.16753809
0.5330302
0.3836357
0.25223154
0.25561464
0.3664372
0.86207455
0.0766022
0.049757913
0.08747455
0.22474915
0.2317832
0.31544745
0.003974108
0.91876405
0.5614195
0.4608232
0.09752858
0.25342637
0.092811085
0.06641844
0.042925335
0.06879165
0.70461625
0.62417734
0.6419083
0.91001236
0.9339317
0.7037526
0.92062896
0.9244134
0.93264073
0.031228993
0.7668561
0.009889842
0.8111146
0.63344383
0.759636
0.89996266
0.013700244
0.16786365
0.16193004
0.15173352
0.89570063
0.56060165
0.011174677
0.8022837
0.1900064
0.4452877
0.0070549147
0.9097369
0.8188124
0.0041385978
0.022563467
0.8761999
0.38531584
0.056267664
0.83184385
0.0018072592
0.25032556
0.1414344
0.11071448
0.17058478
0.038394846
0.2581359
0.025125384
0.91960156
0.43616873
0.18656862
0.8212982
0.36455852
0.6501841
0.80000407
0.010483629
0.7468076
0.7605274
0.60457784
0.3841114
0.8517113
0.18576196
0.1670612
0.48013398
0.019952374
0.63874227
0.41821244
0.7544297
0.09575871
0.33846155
0.43481573
0.817018
0.60983455
0.6970675
0.058750093
0.6994768
0.43859538
0.656931
0.0026086832
0.66741043
0.003276875
0.5304439
0.5213529
0.30451533
0.07540371
0.8274759
0.48272434
0.89551437
0.20489791
0.26600853
0.2704175
0.18792291
0.7525895
0.8767534
0.48604167
0.06398552
0.14289087
0.0031951494
0.010248009
0.1518341
0.015046221
0.18314937
0.3378854
0.40559274
0.08434869
