0.914527
0.8262185
0.29952312
0.730873
0.90861547
0.10197209
0.91782707
0.34967163
0.7439952
0.4491236
0.9442215
0.3121229
0.00359653
0.4258471
0.9639771
0.16837974
0.4798717
0.6737488
0.16889422
0.4064228
0.13619661
0.40685222
0.023610247
0.75279784
0.7042094
0.8390005
0.03435281
0.700927
0.7933175
0.096087486
0.6927711
0.018547561
0.3065008
0.35203943
0.0013505312
0.7042094
0.7042094
0.069198996
0.027779616
0.53772545
0.7042094
0.1599494
0.20783582
0.02319285
0.046181716
0.6031162
0.49911466
0.0864711
0.023553964
0.32469428
0.06703527
0.2367602
0.42748538
0.5038819
0.65327734
0.31422004
0.6560239
0.11876373
0.054757036
0.60723895
0.80942476
0.27394873
0.6397752
0.84269804
0.84269804
0.84269804
0.04078569
0.90684456
0.032051995
0.49649325
0.38276827
0.40805918
0.46492773
0.34692472
0.013202735
0.755921
0.8818313
0.571534
0.7042094
0.38748375
0.3393742
0.6629162
0.6108079
0.3226688
0.46991557
0.45118174
0.6791285
0.61541903
0.35906696
0.38151878
0.23416427
0.54412496
0.07631131
0.2897611
0.033875592
0.0058781235
0.43725812
0.53990936
0.12584677
0.1348786
0.7427003
0.31636664
0.11878666
0.84438384
0.6537824
0.3655009
0.10143192
0.6600446
0.8808454
0.9049995
0.3226688
0.61299455
0.06507755
0.27501455
0.46991557
0.94515383
0.012680813
0.29304773
0.21564665
0.35189483
0.60245657
0.38326693
0.021729195
0.8272694
0.8022602
0.08281421
0.00197015
0.7383407
0.4070437
0.004607439
0.03610101
0.46826884
0.34692472
0.8643714
0.7162436
0.34626073
0.37317547
0.33732596
0.34626073
0.5297046
0.6219924
0.35906696
0.1644151
0.06135078
0.91789824
0.7042094
0.08114648
0.41614273
0.317431
0.33981994
0.017035255
0.008820376
0.32469428
0.21349916
0.10081285
0.68195903
0.02205277
0.5482751
0.880592
0.4564549
0.87292486
0.449611
0.06920399
0.2364326
0.03831614
0.0016612001
0.18861909
0.49524194
0.7988622
0.31422004
0.3725766
0.79484326
0.35203943
0.8299363
0.34171924
0.11265003
0.62581223
0.48101404
0.03655351
0.35906696
0.34692472
0.20872071
0.7424747
0.20621103
0.921272
0.15686922
0.5480345
0.19938543
0.3226688
0.8142844
0.3262679
0.038394846
0.16033159
0.29976827
0.003850409
0.5589775
0.5394996
0.6748336
0.713847
0.5506804
0.44106302
0.2068882
0.38534236
0.47300994
0.35203943
0.03907918
0.32469428
0.37180033
0.35447112
0.31422004
0.8036963
0.07089508
0.5859063
0.5070126
0.9382187
0.3373771
0.10052581
0.3233159
0.8232789
0.75208783
0.53967
0.1817451
0.57937884
0.80921143
0.9171233
0.008024375
0.011691576
0.2983118
0.011481697
0.18058328
0.6967281
0.06237771
0.8846781
0.87451565
0.30298996
0.03669766
0.26944363
0.09676346
0.4704367
0.32938924
0.12566185
0.44388887
0.58442396
0.4102298
0.27937376
0.06738823
0.7768803
0.1670569
0.3334205
0.29512498
0.37499082
0.47358608
0.47358608
0.46110883
0.07731038
0.10754782
0.39422962
0.23320979
0.17071798
0.886995
0.5007592
0.20716496
0.62128747
0.67572683
0.014801616
0.5411796
0.16485222
0.00323963
0.3463566
0.013275659
0.4400362
0.012310131
0.063240275
0.11967323
0.018628344
0.4070437
0.010644115
0.01098909
0.01836843
0.3857574
0.08340216
0.249985
0.9001591
0.9001591
0.9001591
0.8939666
0.3715745
0.279748
0.1093063
0.12332669
0.30643645
0.37499082
0.3753357
0.52956986
0.0077520018
0.52632374
0.9497722
0.3334205
0.92387605
0.10592094
0.5997321
0.14695424
0.06990503
0.75452083
0.92535543
0.43020326
0.20405167
0.03203045
0.531439
0.17952994
0.95283824
0.06990503
0.20952593
0.011573459
0.08345337
0.6502097
0.38888142
0.55761296
0.116083845
0.2770047
0.020718863
0.3127607
0.2025544
0.573178
0.74037796
0.18086499
0.73963386
0.8566249
0.032904007
0.06983869
0.02325215
0.7012346
0.026222778
0.022197261
0.681582
0.0052248803
0.0045476276
0.14294761
0.10494253
0.8489992
0.8981651
0.7340003
0.008729474
0.05438056
0.055579264
0.46387017
0.6787922
0.011555069
0.044572704
0.93991816
0.7515219
0.79980177
0.264286
0.026210694
0.6910137
0.05892283
0.023354718
0.108245
0.88136315
0.0906418
0.18903978
0.1195258
0.86777365
0.69187474
0.81255925
0.22638388
0.2238788
0.9122097
0.9357275
0.03229425
0.02726054
0.048805177
0.567596
0.029907841
0.028227884
0.8713506
0.66178
0.1682532
0.21692562
0.078256965
0.016500236
0.38011786
0.14960931
0.7081495
0.88411015
0.12215617
0.42215207
0.8692113
0.7284997
0.0055807424
0.0059177177
0.049145427
0.7241894
0.86390215
0.88452905
0.3147102
0.74135256
0.0825482
0.5823234
0.15199031
0.78851986
0.16314177
0.5159271
0.44908148
0.70978475
0.15979016
0.07265086
0.96674806
0.8545084
0.0020709177
0.13886392
0.108261116
0.14345875
0.0058363355
0.24831119
0.38233748
0.5496249
0.00933863
0.008715796
0.45008662
0.9179139
0.46093252
0.7634161
0.42630166
0.37526795
0.25217253
0.019087214
0.8948592
0.07384894
0.70463073
0.010644115
0.01098909
0.022702012
0.20239742
0.9007675
0.56823665
0.013935428
0.7302869
0.71469414
0.18031436
0.60924226
0.47413632
0.01947593
0.26475778
0.194673
0.872618
0.40914494
0.40222296
0.87710786
0.95171237
0.6893824
0.010901611
0.37499082
0.97204137
0.017401364
0.9325394
0.3334205
0.82872295
0.020642383
0.23891735
0.8059481
0.50450367
0.058602415
0.018983422
0.038394846
0.0060795927
0.011931503
0.861029
0.70279497
0.36229324
0.08406095
0.6006236
0.33798015
0.19968729
0.67129683
0.026432134
0.91522557
0.61180484
0.82138485
0.55579233
0.81825197
0.6717199
0.903039
0.3169788
0.18063341
0.40169978
0.34306702
0.28368884
0.11112608
0.63671166
0.4421288
0.9029815
0.10037429
0.011982044
0.404068
0.67469674
0.67469674
0.016436478
0.90173924
0.3157413
0.64695686
0.61026585
0.7298672
0.9336478
0.018310234
0.013741479
0.9350193
0.01108585
0.37499082
0.46202517
0.8523484
0.3334205
0.036390435
0.38025066
0.040152263
0.12913111
0.015361945
0.013347059
0.0025376643
0.0025376643
0.757816
0.23542313
0.7388542
0.75652486
0.21740179
0.29778475
0.33725274
0.20736575
0.14759274
0.8627456
0.7126699
0.7823194
0.40496418
0.42725572
0.89795005
0.56819874
0.46435228
0.059536327
0.29022852
0.55717963
0.04984824
0.65108997
0.059124127
0.0695682
0.6699143
0.6156905
0.01288776
0.027219428
0.5238984
0.07213412
0.67185706
0.37753054
0.4497926
0.902673
0.00487245
0.081534624
0.34829122
0.6384232
0.0066021187
0.7042094
0.6941158
0.7889129
0.06062633
0.75669444
0.12018814
0.2229463
0.08240278
0.92189413
0.05538169
0.028348368
0.75669444
0.06175769
0.5133558
0.31203765
0.3025332
0.85621786
0.009084565
0.5918511
0.01911359
0.0060447366
0.034259938
0.6948306
0.1790015
0.66940135
0.7895988
0.013069676
0.35715818
0.5991807
0.02433056
0.026346937
0.82064927
0.95321107
0.035942424
0.68920505
0.37499082
0.89387095
0.88810724
0.16810718
0.019197382
0.3334205
0.027693724
0.031751372
0.8682259
0.026452063
0.84571403
0.30108088
0.62758446
0.7163899
0.10886277
0.3398606
0.6990408
0.12690136
0.056376603
0.019824341
0.8036218
0.009084565
0.28921285
0.84791774
0.03869666
0.28579947
0.01098909
0.78585523
0.30782452
0.9649065
0.5749426
0.8378911
0.0069487914
0.29180393
0.21205331
0.6477068
0.34030017
0.9524137
0.6695361
0.034124535
0.83022285
0.9304867
0.43477482
0.53803664
0.41178274
0.2307958
0.8725958
0.10889794
0.49692982
0.91767764
0.42547223
0.4228422
0.3248873
0.66836303
0.52262914
0.9460765
0.06379189
0.83400655
0.008785731
0.84899646
0.8100029
0.011151831
0.11557356
0.7576624
0.06658693
0.1044186
0.004806304
0.024466842
0.04862911
0.26398844
0.07449889
0.13666512
0.004806304
0.9517426
0.7483329
0.5912516
0.19822198
0.36595017
0.46846104
0.4080118
0.021635896
0.019836396
0.021635896
0.021635896
0.021635896
0.021635896
0.021635896
0.021635896
0.019610723
0.021635896
0.022014331
0.037697166
0.4631812
0.6555472
0.19906175
0.29463872
0.9510339
0.6000701
0.97014475
0.08566218
0.37657157
0.058676925
0.79209644
0.27255797
0.5088966
0.89268124
0.6392862
0.071992174
0.7684927
0.014154173
0.6193007
0.7042094
0.4745218
0.008738885
0.93312675
0.62418234
0.5195267
0.6555227
0.22575334
0.37085697
0.0016520552
0.941924
0.08859856
0.6440071
0.4576008
0.00076252624
0.013029834
0.059519462
0.73484045
0.023660403
0.02882222
0.75447756
0.010644115
0.01098909
0.13015606
0.11421024
0.040512856
0.010966226
0.4754081
0.47863325
0.07490231
0.19930668
0.97499686
0.011338148
0.011205282
0.011571578
0.011306206
0.4640003
0.04216023
0.016893271
0.4070437
0.033572275
0.17621787
0.0070549147
0.057779413
0.0398864
0.045363992
0.81840414
0.02074946
0.8707486
0.54954153
0.79102993
0.85913986
0.081435814
0.87997234
0.036931995
0.8722313
0.94496804
0.25239164
0.65303904
0.047746968
0.02479251
0.090172864
0.081665
0.044401173
0.13528688
0.35816255
0.16808152
0.12960193
0.490071
0.0505441
0.0046411683
0.8919678
0.03360749
0.48256394
0.9378128
0.04637704
0.06658529
0.066307984
0.038394846
0.028744098
0.56323653
0.020600976
0.33413172
0.74439806
0.06891743
0.7960437
0.030583251
0.64339685
0.92495906
0.8463819
0.08437592
0.005851268
0.12038547
0.38122967
0.38122967
0.016893271
0.084489904
0.21433286
0.30984354
0.093714654
0.30670312
0.110790566
0.003997807
0.12473488
0.6878076
0.068724304
0.7895546
0.6531834
0.0025118715
0.038681094
0.098625734
0.08437592
0.085891046
0.5150626
0.8757447
0.62613595
0.64776236
0.06942443
0.06942443
0.06942443
0.06942443
0.10381617
0.41609657
0.09251399
0.4341634
0.8736774
0.025050001
0.29065648
0.010361762
0.97038335
0.2417199
0.8170533
0.83909607
0.9131195
0.7458559
0.5533894
0.040212356
0.58431643
0.013662828
0.6830271
0.9098712
0.10584796
0.6524729
0.14983216
0.078609705
0.78604054
0.7610841
0.5217732
0.61738884
0.88096845
0.36858442
0.022327583
0.043604918
0.004599881
0.0023001472
0.7042094
0.7102881
0.37337428
0.9308202
0.6532236
0.13644178
0.17814583
0.25054216
0.0439908
0.042857647
0.26519325
0.8643599
0.011207718
0.1864221
0.28370464
0.81785303
0.42962193
0.6868151
0.849687
0.63337475
0.8224306
0.11169845
0.5476872
0.1840653
0.6799908
0.4855109
0.7384596
0.7580051
0.7486546
0.318125
0.65107816
0.0025717132
0.5169187
0.17934886
0.86104053
0.091137595
0.8263016
0.046617024
0.022327583
0.12337375
0.030304296
0.23646598
0.48238063
0.105563365
0.1154555
0.6622043
0.10105888
0.058262747
0.38932246
0.25479886
0.6193047
0.008699109
0.3244206
0.16377234
0.12337375
0.85455155
0.94680256
0.43102002
0.8922689
0.28485724
0.05265158
0.7739987
0.9294857
0.012164412
0.28298724
0.0024119837
0.24925776
0.22935852
0.23342231
0.6807516
0.5898232
0.58973795
0.50569427
0.12555803
0.16582528
0.021209264
0.760343
0.029595284
0.022327583
0.7042094
0.062257875
0.0086154165
0.16906102
0.47917774
0.5330064
0.23073974
0.7826028
0.9072987
0.89459455
0.5921466
0.8966641
0.58076185
0.49319315
0.20621103
0.71189624
0.95052916
0.13368565
0.42560235
0.4431995
0.09391825
0.009631573
0.01291338
0.8155625
0.8729599
0.8054256
0.48279426
0.86856955
0.60911965
0.87962115
0.90276444
0.014152402
0.25879875
0.91227406
0.69771796
0.15632434
0.38045293
0.41923043
0.8175321
0.17191872
0.014879161
0.03505166
0.080300726
0.13903807
0.05054329
0.029595284
0.04828178
0.043178733
0.022327583
0.057809778
0.59955674
0.4028562
0.68062854
0.40897626
0.28110933
0.9215489
0.43743333
0.8173289
0.48037842
0.6829741
0.9242294
