0.0049303984
0.014589446
0.09866396
0.029535579
0.0028979867
0.2759325
0.0071111005
0.024441918
0.01262343
0.022701053
0.0029256095
0.027276412
0.8941773
0.03686361
0.0027525611
0.06769153
0.035888113
0.010595594
0.0989989
0.04500154
0.05951906
0.022889184
0.63204336
0.02184552
0.026524842
0.008176461
0.25760975
0.02532561
0.009943253
0.04966213
0.012724013
0.30398023
0.03516639
0.024737248
0.991459
0.026524842
0.026524842
0.1504861
0.1940593
0.07650709
0.026524842
0.035218116
0.04980714
0.669217
0.21892603
0.027748257
0.020342601
0.115943454
0.68048334
0.027632702
0.5128619
0.037766416
0.031102806
0.03958077
0.025559748
0.09600346
0.03797175
0.081188396
0.16058998
0.027372727
0.011226095
0.07026361
0.017156374
0.008546847
0.008546847
0.008546847
0.18427591
0.0061124912
0.50766575
0.034886453
0.034446105
0.026117172
0.031765345
0.025689756
0.4151959
0.017637327
0.005769958
0.030613517
0.026524842
0.023426484
0.027282534
0.021535022
0.031112932
0.03292961
0.022246577
0.02827727
0.011199329
0.010062999
0.08428605
0.061682668
0.034205362
0.017449638
0.32260984
0.04016566
0.332507
0.8836699
0.12608112
0.019718368
0.165072
0.47139993
0.024751173
0.029370148
0.051662043
0.007372921
0.0142439315
0.016020425
0.03907133
0.0114458585
0.0069408254
0.0041179927
0.03292961
0.024831537
0.085304275
0.035245597
0.022246577
0.0020991692
0.3420498
0.026726173
0.033513334
0.16138603
0.017188767
0.04076181
0.5814678
0.00620087
0.007351436
0.07085849
0.96510345
0.008606577
0.040305723
0.79743075
0.2695324
0.039716672
0.025689756
0.009215754
0.010472457
0.098288044
0.08743101
0.09653923
0.098288044
0.028652659
0.017503154
0.08428605
0.045278635
0.046877578
0.0037109775
0.026524842
0.051752567
0.0258783
0.119353086
0.044942018
0.37894246
0.91050845
0.027632702
0.045095116
0.07321164
0.013093986
0.38138545
0.05283361
0.005456078
0.024013674
0.005244146
0.020195493
0.23256986
0.058007047
0.4041694
0.93754625
0.047645006
0.023637801
0.0083354
0.09600346
0.028912412
0.0086777955
0.024737248
0.011545602
0.05153524
0.05674858
0.015580082
0.030967107
0.6122205
0.08428605
0.025689756
0.021669963
0.014955669
0.07420015
0.003829023
0.17232314
0.03833833
0.10485092
0.03292961
0.007046533
0.035357118
0.24274227
0.100326926
0.09182745
0.7623687
0.05462299
0.059279222
0.019536216
0.009196113
0.0585352
0.033204865
0.11124955
0.05890987
0.04255267
0.024737248
0.36283112
0.027632702
0.029222665
0.08614002
0.09600346
0.012380178
0.15531957
0.03584665
0.039172467
0.0036492173
0.03677106
0.06874211
0.08074735
0.00905587
0.010284857
0.01595614
0.15757875
0.03630726
0.0077921283
0.004924579
0.7117028
0.55356526
0.03426077
0.5597725
0.10757744
0.013796882
0.2802465
0.005389347
0.0059891324
0.10089664
0.19869058
0.04020542
0.16027786
0.02831898
0.0273945
0.043057233
0.039012264
0.017833477
0.01954655
0.02901572
0.09067309
0.0075583844
0.046220317
0.024083892
0.025287779
0.021323677
0.017581979
0.017581979
0.0194847
0.06420013
0.19301769
0.060088158
0.06349507
0.1151748
0.008187344
0.05892615
0.06468992
0.012306596
0.017691283
0.39178625
0.016076813
0.026172278
0.9648873
0.081457496
0.7117661
0.09262837
0.78928035
0.19248591
0.1638549
0.23044421
0.040305723
0.6850796
0.6783745
0.634773
0.07624865
0.07394652
0.056396905
0.0049017267
0.0049017267
0.0049017267
0.0051383493
0.055231534
0.04769191
0.048253525
0.043299086
0.08531055
0.021323677
0.040669035
0.029999115
0.8328248
0.08383301
0.0022760122
0.024083892
0.0035239328
0.055146974
0.018157968
0.13710898
0.05929889
0.013933048
0.0039862934
0.045739893
0.06449143
0.7220915
0.035373773
0.10373946
0.0024339387
0.05929889
0.107515484
0.5710411
0.169527
0.022567054
0.09757522
0.032560285
0.14453897
0.092426606
0.23516701
0.039439835
0.12016611
0.016592208
0.016941303
0.040243763
0.010511339
0.010194135
0.5226897
0.10435246
0.2144283
0.0059433826
0.18824403
0.48576328
0.021220444
0.66488034
0.67382973
0.1359262
0.046944436
0.007537966
0.006028566
0.018279087
0.89982665
0.13052998
0.21792291
0.049645375
0.0111768
0.41988167
0.07087677
0.0053326236
0.0144250905
0.013369667
0.027323294
0.04890709
0.020474458
0.065851934
0.5325586
0.02442809
0.008664791
0.1883944
0.24763359
0.23400326
0.005304125
0.011438605
0.012046825
0.27266416
0.102054104
0.0075289384
0.003232554
0.5442615
0.4075617
0.3439324
0.0760011
0.2671328
0.05556352
0.0077316663
0.018451355
0.21840051
0.07407628
0.105327696
0.6708086
0.036183953
0.093316615
0.019895272
0.00651142
0.13164254
0.03759061
0.0055251983
0.014299615
0.74380136
0.71698004
0.33005562
0.018020982
0.007913712
0.005659911
0.099421985
0.016462345
0.025300812
0.03792703
0.03493085
0.009685566
0.0510533
0.03128694
0.03485283
0.02666305
0.04354484
0.0646552
0.0024011212
0.0076087886
0.97458357
0.1291845
0.04784233
0.04017604
0.7893121
0.09433897
0.017007776
0.019088093
0.5666892
0.5292037
0.07808806
0.0041393354
0.060362224
0.007164736
0.033771288
0.03130496
0.025661193
0.61890084
0.0062062126
0.2636741
0.010542054
0.6850796
0.6783745
0.5884112
0.13373247
0.0073733632
0.02259047
0.6332087
0.020926492
0.029230963
0.064161316
0.01298289
0.034343373
0.66383255
0.039534513
0.0418359
0.0041734367
0.033367172
0.057551697
0.008457171
0.0025793423
0.012225113
0.48987046
0.021323677
0.0023082204
0.08029944
0.0036536634
0.024083892
0.007037346
0.33245677
0.08210999
0.008186219
0.023153493
0.08395051
0.7610861
0.24274227
0.65002644
0.39903766
0.00806155
0.015105521
0.04870153
0.16024399
0.019593315
0.032667205
0.049226005
0.012055724
0.29266387
0.003600715
0.03946187
0.0070357476
0.0181037
0.0070736883
0.024311451
0.004231183
0.09325936
0.058424633
0.08452268
0.12135722
0.0816237
0.053871512
0.030866992
0.029601166
0.0072366353
0.10956757
0.30893505
0.056810696
0.029839844
0.029839844
0.32675365
0.005644993
0.056902822
0.028231516
0.015517114
0.013314536
0.0057705473
0.36408898
0.26334193
0.003610318
0.7598502
0.021323677
0.027741425
0.0070274593
0.024083892
0.15474805
0.04350907
0.15783645
0.11178843
0.42316142
0.4381497
0.6929267
0.6929267
0.012375631
0.1014762
0.021663012
0.013403138
0.02663077
0.099582925
0.018253008
0.04520661
0.04887395
0.0056950566
0.024505295
0.01587257
0.040259812
0.023870802
0.0051401844
0.034308515
0.03143429
0.21272823
0.09642194
0.02724201
0.13923049
0.02052737
0.30604616
0.1396226
0.011269428
0.011439009
0.115612306
0.60505015
0.0216877
0.05231848
0.017436286
0.06414692
0.023580698
0.0055750473
0.9126658
0.14616957
0.08419642
0.017969469
0.8909785
0.026524842
0.013280365
0.010116248
0.1571614
0.013364069
0.21565928
0.039682087
0.03896193
0.0032019129
0.09801358
0.47579056
0.013364069
0.048067167
0.02423016
0.05990444
0.15114363
0.008861833
0.54090506
0.01283758
0.546988
0.7607932
0.24913925
0.011601483
0.0542879
0.011275402
0.008746673
0.61775786
0.082895234
0.022394823
0.39801425
0.38705975
0.0125048235
0.002906425
0.21514356
0.014523549
0.021323677
0.006252043
0.006508874
0.03537578
0.81374055
0.024083892
0.16102155
0.1465686
0.004988669
0.39162996
0.004396772
0.077548765
0.017483868
0.020379962
0.11483043
0.07774483
0.025733737
0.047209904
0.33955896
0.62847567
0.010618091
0.54090506
0.08075631
0.012172982
0.15185472
0.032457918
0.6783745
0.0075575206
0.033789456
0.0021084168
0.024805052
0.008276793
0.9375821
0.061241873
0.083076246
0.022927461
0.034206692
0.0037446388
0.011255941
0.19567111
0.008307922
0.0022645548
0.04492701
0.02087541
0.029041855
0.067461096
0.006559455
0.07051694
0.05350949
0.0032418657
0.028271696
0.105600715
0.04132672
0.020826634
0.06655444
0.0032053187
0.16270572
0.008049708
0.7692442
0.005433087
0.0061479076
0.7421233
0.13284738
0.016501727
0.13628334
0.117353246
0.84106576
0.292473
0.19012408
0.06417705
0.14043796
0.08999297
0.84106576
0.0028629685
0.012733919
0.027941873
0.0680932
0.044706438
0.02006066
0.03494705
0.4201178
0.42685187
0.4201178
0.4201178
0.4201178
0.4201178
0.4201178
0.4201178
0.46550688
0.4201178
0.43785596
0.36511767
0.086521
0.01571912
0.105006255
0.035163406
0.0026802165
0.050878536
0.0022680722
0.35866508
0.0276551
0.4445027
0.0076099355
0.029347181
0.059985496
0.0051572905
0.024074188
0.13065787
0.0116541935
0.19927171
0.025821084
0.026524842
0.04259481
0.54670584
0.0044923527
0.019886004
0.093859844
0.013538162
0.2939654
0.10066292
0.92492366
0.003122884
0.2561487
0.014402474
0.022425901
0.9774099
0.7901661
0.18018483
0.020504177
0.24543643
0.21022508
0.021189155
0.6850796
0.6783745
0.108608305
0.09907719
0.12839684
0.25428557
0.028944658
0.037634484
0.25782967
0.037245374
0.0024492876
0.65536183
0.66578746
0.65238565
0.66058236
0.026770422
0.11902319
0.32621258
0.040305723
0.22002408
0.054946102
0.676106
0.27038428
0.6606934
0.09873608
0.013585957
0.6342826
0.005797295
0.040048573
0.006546227
0.007739676
0.3120611
0.007344861
0.14440586
0.007782699
0.004143437
0.03999634
0.013762998
0.1334449
0.08614572
0.19189781
0.20499974
0.23494925
0.049069315
0.040452957
0.17852299
0.15889873
0.09672318
0.51399595
0.86542225
0.00616319
0.29556143
0.03759963
0.0030783673
0.15833291
0.11717994
0.101803996
0.24274227
0.4098127
0.023387631
0.74565244
0.031073246
0.030188307
0.1467236
0.013770208
0.057142798
0.01320126
0.004783393
0.008658304
0.28567046
0.6199432
0.07458975
0.03947232
0.03947232
0.32621258
0.046051405
0.16092134
0.05788381
0.17449582
0.10023078
0.07006437
0.9268324
0.02422388
0.02192131
0.25446144
0.010026785
0.01377638
0.9368825
0.24912736
0.254276
0.28567046
0.27653137
0.042768877
0.0065640425
0.017926471
0.018286718
0.26421404
0.26421404
0.26421404
0.26421404
0.39816225
0.05543197
0.3971901
0.029342826
0.005724134
0.17812204
0.07444874
0.76020837
0.002324708
0.04065156
0.009751607
0.00851452
0.004306132
0.01941501
0.05784011
0.2680565
0.06778864
0.76183856
0.016083958
0.005685103
0.35151887
0.012461455
0.10536333
0.24184582
0.00997223
0.02314942
0.044806227
0.025734412
0.004363802
0.030970123
0.24514516
0.05403039
0.77064526
0.9242882
0.026524842
0.010891941
0.06781594
0.005344899
0.013438949
0.30956745
0.043287672
0.017662318
0.1104015
0.37908712
0.034575522
0.008314537
0.20444967
0.24685003
0.047992785
0.008287607
0.01940731
0.015550468
0.010183805
0.01978178
0.0081899995
0.08725562
0.02670303
0.184935
0.014861169
0.023695624
0.017468456
0.015601595
0.010583841
0.086343236
0.013807314
0.8931469
0.04092745
0.12242811
0.00861922
0.40085822
0.0140023185
0.58080304
0.24514516
0.054447826
0.05929174
0.02715718
0.073441766
0.073289335
0.06850018
0.01717158
0.35037583
0.3774103
0.017927885
0.042309202
0.021562994
0.7344418
0.07329812
0.17129333
0.054447826
0.0055945986
0.0040388117
0.021281542
0.004619235
0.05614566
0.13753943
0.012483262
0.0038804505
0.56060904
0.07099163
0.619035
0.08084276
0.065850176
0.11505413
0.016908301
0.030485915
0.024178226
0.019319974
0.037041526
0.046706162
0.2086073
0.010857249
0.6366603
0.24514516
0.026524842
0.08246083
0.35270292
0.049809895
0.040666584
0.028281773
0.21416074
0.009359233
0.004288278
0.004488884
0.024002997
0.0053275917
0.049721856
0.03207808
0.07420015
0.012518546
0.0025755053
0.031005519
0.05080133
0.031803627
0.03851769
0.46973518
0.39465946
0.011161027
0.0052814577
0.008316501
0.036343325
0.00620968
0.02691912
0.0051432913
0.0059087216
0.83555734
0.18591204
0.0027527318
0.017761027
0.24725182
0.13069765
0.039862137
0.017523345
0.12103282
0.6050284
0.4990137
0.20423955
0.107397854
0.568297
0.6366603
0.21091999
0.24293186
0.24514516
0.4550345
0.023983251
0.067984305
0.02667192
0.016664293
0.03964689
0.0043871216
0.109381504
0.00770763
0.055981647
0.017354757
0.003568467
