0.061113387
0.12620327
0.027423032
0.8345272
0.019616127
0.7429786
0.8879641
0.69902295
0.070701994
0.08742763
0.0013852919
0.074893534
0.48870176
0.0076537062
0.5755287
0.21111783
0.90600246
0.90571654
0.008857703
0.09746716
0.07445199
0.8868545
0.013753656
0.1727368
0.0021209645
0.1079213
0.16047579
0.0025506793
0.013047229
0.011130469
0.26888996
0.0022874584
0.0020502328
0.0076537062
0.0013852919
0.07091934
0.069203906
0.008892058
0.0038191976
0.005902635
0.020289835
0.10434785
0.14413086
0.005412587
0.14453208
0.19668816
0.15036792
0.14453208
0.00418833
0.06503667
0.005088583
0.053173248
0.41227642
0.04961024
0.45226893
0.0017042826
0.008168883
0.6013273
0.008932856
0.06536267
0.0013852919
0.009516927
0.18629824
0.4740948
0.0076537062
0.039133333
0.4193611
0.68783814
0.16801694
0.06488782
0.6325509
0.12792335
0.0147598395
0.013361249
0.012003463
0.13365091
0.016093042
0.2488353
0.69967055
0.54542667
0.5243401
0.008110756
0.0034162414
0.06675054
0.8431388
0.0076537062
0.0026128304
0.14453208
0.4395758
0.82801586
0.018892605
0.054249555
0.0016375114
0.019375036
0.76791763
0.005749535
0.0014738799
0.04362907
0.0013852919
0.02950029
0.069472894
0.022868846
0.051949333
0.41615176
0.0076537062
0.015916307
0.083223365
0.1339797
0.50897866
0.4838387
0.14453208
0.7603047
0.04060246
0.015821546
0.015821546
0.002205369
0.790971
0.7303769
0.7778372
0.015821546
0.022304533
0.11499874
0.00095537864
0.01829766
0.0013852919
0.01753365
0.5765855
0.0010851275
0.31522083
0.7603047
0.003177218
0.14453208
0.0067186477
0.002223747
0.030741952
0.03748509
0.19238003
0.0055789663
0.00549233
0.012118771
0.01205842
0.39033222
0.33053032
0.015128284
0.36581355
0.7155956
0.761162
0.950149
0.0013852919
0.007714839
0.061433084
0.00069249753
0.043412257
0.03165966
0.6002664
0.0119636245
0.80283785
0.75053394
0.90447474
0.29501346
0.011422362
0.4422472
0.0034985626
0.0007817111
0.005900269
0.0030042725
0.007618555
0.060724817
0.0013852919
0.137697
0.14453208
0.045168962
0.019711
0.00870645
0.074893534
0.075653546
0.2922695
0.45060095
0.85012925
0.5073495
0.47067162
0.04114575
0.14453208
0.011285777
0.012001464
0.021568734
0.01386997
0.012987777
0.082881264
0.27310506
0.0013852919
0.0012883943
0.061735477
0.0048978096
0.024593093
0.06695674
0.11500339
0.008876063
0.026539704
0.0015540356
0.018144513
0.03313421
0.85979146
0.24619159
0.014420529
0.014521788
0.011287506
0.48960546
0.002027293
0.14453208
0.0013852919
0.010751517
0.05141639
0.029253079
0.017241128
0.21594301
0.011874699
0.7255045
0.2733572
0.29450443
0.14802374
0.16771278
0.0040110005
0.91022795
0.54597723
0.5384148
0.4193611
0.68783814
0.4193611
0.68783814
0.4193611
0.68783814
0.4193611
0.47684756
0.6648507
0.4193611
0.68783814
0.4193611
0.68783814
0.4193611
0.68783814
0.4193611
0.68783814
0.4193611
0.68783814
0.4193611
0.68783814
0.4193611
0.68783814
0.044261888
0.33616328
0.81761295
0.0027203057
0.07287373
0.6182862
0.6182862
0.024902087
0.53274053
0.8058987
0.8060575
0.04408355
0.31809178
0.0013852919
0.2572891
0.849303
0.4193611
0.68783814
0.06822208
0.5414923
0.003871281
0.0022405998
0.17869757
0.1641814
0.0010821085
0.2131381
0.039215557
0.22784062
0.032055806
0.02160474
0.004150449
0.77669036
0.63873607
0.014724921
0.14453208
0.0068996195
0.2732152
0.1215789
0.20384327
0.14453208
0.2950059
0.007734046
0.78262025
0.0013852919
0.011715113
0.24578369
0.014105657
0.055504683
0.14388855
0.08733192
0.010373322
0.91854596
0.1968138
0.006039503
0.014527691
0.014377353
0.009300707
0.015154246
0.0018575513
0.72841567
0.016095418
0.15789452
0.24247658
0.0013852919
0.33041745
0.7844673
0.01137193
0.019986987
0.019986987
0.36503372
0.46651292
0.60533535
0.019991452
0.7801888
0.060724817
0.13229907
0.46243238
0.16789235
0.013121169
0.4193611
0.68783814
0.47684756
0.6648507
0.56239206
0.0067443503
0.39729428
0.68783814
0.0016570383
0.062320728
0.003956399
0.51055104
0.062320728
0.7199895
0.0013852919
0.73721725
0.7164423
0.52342266
0.24775735
0.4193611
0.68783814
0.41492325
0.6711111
0.42395592
0.78989846
0.30763277
0.0067186477
0.104460254
0.043956317
0.0047947136
0.014460345
0.0031286618
0.013102039
0.14453208
0.2703655
0.0013852919
0.06498439
0.026369471
0.039187413
0.29053083
0.07786766
0.8693241
0.003005069
0.0406326
0.031251017
0.02193649
0.16149993
0.0067186477
0.062320728
0.015400148
0.01662486
0.0063121216
0.14453208
0.05207987
0.054711405
0.060042582
0.059947487
0.05522493
0.051908255
0.060042582
0.6057864
0.6223514
0.041982524
0.0016976534
0.7128509
0.013379733
0.013379733
0.0012281658
0.0013852919
0.024717506
0.26991257
0.39633748
0.011236206
0.0050391555
0.6277911
0.0032017687
0.65038615
0.048819754
0.05522493
0.05522493
0.028843017
0.05522493
0.05522493
0.05522493
0.05522493
0.05522493
0.05522493
0.05522493
0.05522493
0.22470388
0.50666213
0.009247567
0.014627341
0.25134432
0.013847432
0.024598483
0.0072094034
0.8300411
0.019018242
0.029178068
0.03417742
0.0073200376
0.35916498
0.58432716
0.060724817
0.005671048
0.007958515
0.0013852919
0.41808027
0.06527969
0.043664802
0.01880249
0.0020874145
0.22251545
0.016312698
0.06503667
0.017697228
0.0023931942
0.034440063
0.14453208
0.017734908
0.0067186477
0.011838936
0.3295945
0.23627527
0.14453208
0.46506083
0.0009782701
0.010959982
0.2120493
0.0013852919
0.002892167
0.08277531
0.0017219825
0.0077234064
0.006857181
0.06034597
0.18157732
0.01486631
0.01486631
0.39032936
0.3580829
0.004201363
0.009413987
0.0073228246
0.06800319
0.01486631
0.27703843
0.025480103
0.0013852919
0.27703843
0.29007074
0.29007074
0.29007074
0.012245366
0.17075369
0.16552326
0.13540147
0.24916436
0.0023511879
0.0034189238
0.14453208
0.0120198745
0.7938117
0.6164097
0.9304675
0.32171586
0.016276255
0.0013852919
0.0015750574
0.2423103
0.10155686
0.06614083
0.0034131687
0.08704542
0.08800143
0.18965209
0.024189321
0.07233049
0.014072756
0.011862758
0.02168483
0.014300274
0.015061878
0.0022077211
0.007376038
0.0026842349
0.0569957
0.14453208
0.0013852919
0.032404006
0.3376311
0.101520866
0.020171657
0.14453208
0.0067186477
0.013651543
0.0049962415
0.013651543
0.1648879
0.16353884
0.15599558
0.021664483
0.009936789
0.010259789
0.011436097
0.012384474
0.008819899
0.008636995
0.48966375
0.0013852919
0.03933432
0.0154500175
0.05447249
0.10151718
0.13172995
0.067726664
0.060126815
0.76055247
0.012810134
0.41898715
0.0067186477
0.035387367
0.0321765
0.002403852
0.01486715
0.031097254
0.025838727
0.14031231
0.14371774
0.14005306
0.14067829
0.13293533
0.13662723
0.1436905
0.1415184
0.1439823
0.14018025
0.13288985
0.13779585
0.15151745
0.14057179
0.0013852919
0.060724817
0.0045026504
0.6246645
0.14453208
0.14296506
0.27172372
0.0067186477
0.025851352
0.0068251197
0.025882794
0.84764564
0.4701378
0.4249567
0.06464148
0.2969109
0.62977463
0.035555508
0.0013852919
0.14453208
0.010547409
0.6572525
0.2855071
0.184941
0.81549406
0.0017726336
0.0017726336
0.0017726336
0.0065178997
0.06512859
0.14686534
0.014426613
0.18168658
0.0056540887
0.74365985
0.0013852919
0.49197516
0.09551113
0.0069802958
0.012343556
0.007260148
0.16052853
0.22247511
0.14453208
0.0067186477
0.2372752
0.0027009395
0.15839726
0.13783441
0.003981148
0.0013852919
0.002028598
0.07130376
0.44894162
0.8822045
0.01639428
0.0028084046
0.1250575
0.008394554
0.014635934
0.027186772
0.0039488957
0.08538494
0.0013852919
0.29849142
0.123199254
0.18736728
0.03679365
0.040869832
0.14453208
0.025747033
0.14453208
0.05063124
0.037784804
0.025812931
