0.0058483346
0.0062028444
0.48702013
0.019166809
0.00501985
0.031661298
0.0034386897
0.42622152
0.04747427
0.011094925
0.0051100994
0.008704019
0.037441187
0.030777695
0.5810504
0.03392428
0.0020982542
0.011287711
0.0042633065
0.0041191685
0.08483021
0.005759141
0.03780838
0.021808494
0.030394383
0.00991773
0.49964097
0.003522203
0.019993259
0.004728962
0.068115994
0.00261617
0.005280847
0.005754786
0.023706578
0.0063434606
0.1685002
0.068341374
0.006061189
0.5238693
0.013411183
0.006960844
0.00657746
0.062152218
0.10005841
0.9256016
0.06310829
0.052154653
0.007019444
0.0033814402
0.013655988
0.014889435
0.01524688
0.021939175
0.03952989
0.008280141
0.013067572
0.79679286
0.002093773
0.07238873
0.008980926
0.0034796295
0.013550416
0.0032598786
0.11189786
0.014889435
0.025703866
0.020099852
0.99187547
0.0057869116
0.9785065
0.049840998
0.030507049
0.41857117
0.22837697
0.013177684
0.0146977315
0.09897575
0.748968
0.017834185
0.07924105
0.014889435
0.04142873
0.014889435
0.013715851
0.88129795
0.005622312
0.013828983
0.006000314
0.008673152
0.039228626
0.0068424493
0.0037386029
0.0029513303
0.010550033
0.0047553475
0.007617407
0.06678969
0.029235244
0.0037988499
0.0022684964
0.023227638
0.00667681
0.014889435
0.012672089
0.012679498
0.0061311913
0.9690936
0.9330681
0.08781472
0.033190276
0.0056779752
0.93518424
0.0029619923
0.022478018
0.0044665006
0.009819444
0.0035609365
0.08806862
0.12688848
0.021932418
0.01144394
0.021939175
0.013309095
0.07473138
0.015634794
0.013314962
0.02172466
0.22094299
0.0078977
0.06566673
0.0024933575
0.021939175
0.020468703
0.03417422
0.003729378
0.14683923
0.01039921
0.011209958
0.0072445665
0.06447268
0.038443413
0.13146949
0.0033745952
0.3883927
0.020862449
0.005856407
0.009203699
0.012483975
0.0039812825
0.33032835
0.0031775706
0.010278346
0.01774258
0.004436766
0.0040477677
0.042790834
0.07215167
0.021978304
0.0065898397
0.07791526
0.15123098
0.018334974
0.02255957
0.008192028
0.0043889824
0.011929067
0.05737968
0.0035356025
0.34844062
0.018185966
0.014059255
0.01859979
0.004472074
0.49534014
0.122532696
0.038458
0.6035416
0.06496105
0.016750341
0.07103182
0.014310951
0.00602817
0.06155975
0.014059255
0.01860632
0.014948021
0.0041338718
0.25782588
0.0055920347
0.0021910258
0.0056941034
0.0034485832
0.67115307
0.21611328
0.010641456
0.0052148746
0.038458
0.037752435
0.012992807
0.036905434
0.27092904
0.010732464
0.008132572
0.0040739914
0.004421903
0.0060663745
0.015392728
0.13242742
0.023766458
0.0020281384
0.0052558375
0.005629252
0.015922094
0.029252274
0.6406348
0.012112845
0.050835088
0.4567609
0.009676986
0.0069890157
0.5542024
0.97669023
0.091921054
0.0026956808
0.010345948
0.007213447
0.013485137
0.0059511317
0.0027784582
0.0046013487
0.01639243
0.580192
0.012549657
0.003861056
0.008816027
0.020625249
0.0033846416
0.1543268
0.21166573
0.19839954
0.19800751
0.0070422525
0.07739435
0.68355024
0.0024306532
0.0056195105
0.013245055
0.0051915785
0.00785355
0.0026819108
0.0055884956
0.006925776
0.013459251
0.66416615
0.0024083697
0.004926336
0.031472314
0.0042745685
0.0048817564
0.7038245
0.012760611
0.49534014
0.002427598
0.20125389
0.04010495
0.0069179707
0.05088849
0.0063786022
0.0201617
0.011837191
0.024082785
0.061881285
0.022908682
0.0049306024
0.063752644
0.01825182
0.022294112
0.4105657
0.005689662
0.028185561
0.0130164595
0.004036752
0.01845887
0.0093965735
0.02065656
0.13620122
0.035362594
0.035174713
0.27611154
0.004577583
0.007999968
0.9804883
0.03558734
0.036491144
0.008590113
0.019571334
0.0063464544
0.006386115
0.19375072
0.016485777
0.029461365
0.5383122
0.029267466
0.004082442
0.014539239
0.054071188
0.089549296
0.020225996
0.023227638
0.0038504645
0.01702579
0.034451216
0.0030224526
0.038270846
0.02920749
0.024778144
0.4049528
0.02362814
0.019591138
0.022920424
0.016717473
0.005069439
0.4980468
0.013846894
0.02003991
0.006845579
0.0036523852
0.50622153
0.0045279725
0.013071551
0.01041523
0.011047844
0.034106042
0.0021440014
0.00984885
0.09416089
0.010049536
0.05872861
0.052477535
0.9653368
0.13700901
0.0028890008
0.58044755
0.94809145
0.010142765
0.009026453
0.013698765
0.13975789
0.08095852
0.10093028
0.23261473
0.0034110432
0.004033819
0.0038352804
0.039127078
0.001975737
0.15862751
0.0049302815
0.045887183
0.024325006
0.25321358
0.9891588
0.03732707
0.0035659438
0.8864663
0.0048223673
0.0076535135
0.018861607
0.02921715
0.020808348
0.008208434
0.006184879
0.011207005
0.00855613
0.6918889
0.038458
0.055662695
0.05026763
0.00682065
0.02362077
0.0024984116
0.0029648526
0.011848939
0.67432326
0.039444234
0.007965028
0.050146796
0.022713233
0.0054516704
0.03387447
0.004208348
0.009144928
0.0055123297
0.013245202
0.0019779778
0.0042067287
0.030892897
0.015375318
0.011320268
0.028212775
0.04586035
0.0028745402
0.04206832
0.0045845746
0.0036226197
0.0210693
0.93439734
0.0029816057
0.008544088
0.0101383915
0.002416957
0.93717074
0.05176501
0.035357527
0.013601471
0.012884625
0.056688838
0.5248376
0.002471933
0.0031974576
0.00929424
0.0022280428
0.0039135106
0.032112006
0.016284302
0.0098136645
0.015123467
0.7369719
0.0075609577
0.013374856
0.0027394372
0.0030517287
0.93439734
0.03776723
0.022883682
0.0029180525
0.017345611
0.017437767
0.035085257
0.0018278958
0.0018278958
0.017896611
0.09247757
0.307113
0.008025753
0.6442888
0.05391637
0.00912388
0.2228104
0.009105371
0.0043640486
0.0071530268
0.005619844
0.08819704
0.010224444
0.7009728
0.012468876
0.005073009
0.0032492797
0.0037951674
0.038458
0.012552202
0.012875929
0.13887884
0.42110872
0.00439708
0.06209849
0.08338329
0.034377027
0.026377272
0.0055631055
0.011541519
0.017276404
0.02836622
0.013069254
0.066753924
0.633054
0.7381053
0.8709617
0.1813762
0.023955176
0.017223382
0.0063381973
0.0104742665
0.03720696
0.0023480586
0.009146981
0.0046471166
0.46278343
0.0028733495
0.005218637
0.014076359
0.037699454
0.051344614
0.0494488
0.0048995856
0.009864444
0.010622001
0.017217785
0.0719831
0.15827411
0.15881363
0.019137088
0.04686168
0.009310352
0.006887179
0.046891756
0.013211424
0.0029799822
0.033148285
0.02725453
0.07763302
0.016121691
0.037900317
0.0037785491
0.00510945
0.08931687
0.011657659
0.012208412
0.020017717
0.0060736868
0.041154634
0.05318307
0.0034626438
0.09478599
0.009344461
0.0021598046
0.016988829
0.028796298
0.0036664067
0.0036664067
0.013909053
0.94783723
0.023219513
0.16397458
0.015627427
0.20707002
0.0034911009
0.034223463
0.006251668
0.019059155
0.025010785
0.002799235
0.014843298
0.007301222
0.03938999
0.0019121132
0.014854128
0.016128818
0.008461736
0.01555779
0.0041851206
0.6698864
0.004185846
0.008152063
0.0035736405
0.009740377
0.2410239
0.0040243226
0.0028465753
0.010374632
0.006264635
0.08948526
0.0032932411
0.0395427
0.058937907
0.002079215
0.34380284
0.1705338
0.0088266125
0.00970569
0.04776192
0.21947777
0.0019121132
0.026731793
0.003623324
0.005376197
0.102246046
0.029457316
0.53557175
0.012516278
0.00896069
0.02871509
0.9495744
0.0032893936
0.089993775
0.010867541
0.0039069545
0.042299025
0.0064218976
0.7184369
0.72670144
0.048877154
0.06481296
0.0051301513
0.29298353
0.22006801
0.014648092
0.0046298862
0.0030186903
0.015791485
0.26498884
0.062369928
0.7156471
0.0036337143
0.41857117
0.037536852
0.014073298
0.03720134
0.14957118
0.005943308
0.076073125
0.007777123
0.0062488825
0.011303446
0.1153728
0.014819252
0.8341684
0.44069907
0.011497232
0.008039146
0.006835344
0.011568062
0.011134708
0.023474226
0.057031974
0.13800608
0.49715772
0.028274536
0.0036303014
0.023631435
0.004630978
0.01943284
0.0072144377
0.027429573
0.18551487
0.002071202
0.0036353152
0.0054721725
0.09014205
0.02534493
0.023227638
0.009794797
0.013535322
0.07331912
0.0024171202
0.012728124
0.005815275
0.0082613975
0.17887731
0.087449804
0.0040580155
0.13898203
0.0061277323
0.009459994
0.27523592
0.97229564
0.011271746
0.2694503
0.019473268
0.006938753
0.0044980226
0.003212624
0.03416209
0.00609805
0.02957338
0.37829316
0.27723965
0.061504472
0.06694715
0.031284854
0.008915699
0.0031755462
0.033443037
0.06451213
0.0036410114
0.008368396
0.009481669
0.04100136
0.04686993
0.006075093
0.6794682
0.026802711
0.020978162
0.007617516
0.03474974
0.011271746
0.013857663
0.032311533
0.095979124
0.6661497
0.0021590402
0.0030071563
0.026317107
0.0064270543
0.038514826
0.23976342
0.73443866
0.059984505
0.011129063
0.018406821
0.0066427565
0.052987743
0.010993709
0.004781473
0.9598893
0.0042454405
0.97293776
0.031980876
0.026803754
0.08516054
0.024316054
0.010860091
0.0038559271
0.14500877
0.006891079
0.010747162
0.11032125
0.10665007
0.038458
0.1443642
0.004906048
0.0024459285
0.7633605
0.022617782
0.028614586
0.033114705
0.007930932
0.024459027
0.005972356
0.026388058
0.0047221105
0.0040260786
0.005703342
0.004225612
0.0020930099
0.25756332
0.01425457
0.04512846
0.010162589
0.3395199
0.010162589
0.0060177185
0.0029933234
0.002345271
0.07048768
0.00494528
0.022164483
0.008537015
0.11684927
0.009536914
0.003611113
0.0039519244
0.010162589
0.04869139
0.02806482
0.018802205
0.02031812
0.025805222
0.01502449
0.0064976895
0.041734204
0.05927182
0.0052070445
0.7569369
0.015838625
0.9759177
0.009657504
0.9067901
0.038458
0.008413779
0.029749114
0.010162589
0.5641822
0.006938753
0.038458
0.0087291375
0.006555996
0.012565138
0.019049946
0.038458
0.0035488275
0.0036793393
0.011488973
0.051801443
0.3458393
0.0045272405
0.072206266
0.002881568
0.2183702
0.9113631
0.006740081
0.019454267
0.047947817
0.005954681
0.0026003718
0.17114687
0.010451551
0.111067824
0.035621572
0.0047565247
0.0056525473
0.0074075917
0.004671219
0.013440695
0.009147697
0.01305925
0.09197344
0.02787993
0.024910029
0.0146344155
0.60271585
0.3650764
0.0037961528
0.011090933
0.083694935
0.002615873
0.0030155035
0.119119674
0.0030389489
0.011440292
0.09080478
0.038023453
0.011981278
0.021377385
0.012646036
0.12602276
0.043798234
0.037655532
0.024179688
0.02459518
0.05289066
0.002218458
0.94149065
0.005575132
0.003830941
0.01792127
0.010265182
0.0116665475
0.0037636736
0.0061547398
0.0035263111
0.7808129
0.008878722
0.010408715
0.0053149494
0.17575666
0.88062054
0.08619247
0.031813405
0.024912683
0.41217715
0.032325074
0.007398548
0.09549439
0.5035392
0.008486264
0.027609771
0.24356052
0.87524617
0.004511045
0.05907848
0.0026768055
0.015383641
0.0154148275
0.01984636
0.037355866
0.060313407
0.006796672
0.0058109267
0.9913292
0.004444517
0.0045142984
0.092385
0.38155982
0.026232786
0.1969653
0.046127383
0.011163571
0.022606382
0.035543546
0.010497629
0.010991607
0.0029620556
0.0946334
0.02730993
0.046127383
0.021012848
0.038458
0.011991425
0.31980592
0.038458
0.0035406384
0.026274892
0.005234338
0.31648368
0.05262185
0.52962655
0.008009615
0.0030562785
0.01782847
0.0029478963
0.004060565
0.0024871582
0.0051648626
0.012084727
0.0663286
0.0025876598
0.06776854
0.0076981797
0.0021626935
0.0115937805
0.17520176
0.014760685
0.8296774
0.01138202
0.037635554
0.02792633
0.025292084
0.065465234
0.8199386
0.011842243
0.004420094
0.047698572
0.009236039
0.031624362
0.1725845
0.004989751
0.0023251078
0.009812944
0.9350809
0.06585178
0.0038593623
0.007450735
0.0056841485
0.059162993
0.0029830998
0.01885348
0.0027272096
0.49263313
0.038458
0.13860506
0.005189322
0.04308449
0.017362509
0.0067734867
0.049601164
0.056845035
0.1424879
0.013663483
0.31306124
0.03422369
0.0038687298
0.0113254385
0.004767329
0.026099069
0.014590666
0.005580895
0.0020978928
0.0025842616
0.0051409667
0.005624014
0.010327566
0.0038405894
0.04991523
0.014707841
0.008406611
0.005740839
0.8365409
0.038458
0.0071508437
0.034398068
0.022745969
0.009800369
0.0075150393
0.062136225
0.018137163
0.011080416
0.038458
0.0049927104
0.038458
0.007420284
0.87427723
0.00765154
0.0069455113
0.01453198
0.00724445
0.04310193
0.0040272884
0.018334422
0.022926213
0.06732965
0.007926639
0.010350048
0.028724747
0.0031465685
0.038458
0.4615584
0.022482617
