0.8446313
0.069440484
0.9732256
0.6843842
0.8984955
0.8167535
0.68674135
0.94043934
0.37529275
0.8030518
0.3049584
0.0064266548
0.40390965
0.23001736
0.55899644
0.55899644
0.55899644
0.55899644
0.3906327
0.3995879
0.41005918
0.41005918
0.41005918
0.41005918
0.60524756
0.86141384
0.08613599
0.9190676
0.9196574
0.9096551
0.48494688
0.5557452
0.07726496
0.19495432
0.049634185
0.9037035
0.75847787
0.66905165
0.2164208
0.83361435
0.8987574
0.8109569
0.006917089
0.007020491
0.8528482
0.62814957
0.45794937
0.104218744
0.86879045
0.90441036
0.08351088
0.15759756
0.5183296
0.24288675
0.6276805
0.48408154
0.9156647
0.45682895
0.75225437
0.9097842
0.74438906
0.59502065
0.15943666
0.21964425
0.69430995
0.7733318
0.84575105
0.47902447
0.1787991
0.59456795
0.102199696
0.21165316
0.6372759
0.14453208
0.82598174
0.88045543
0.5125188
0.84853184
0.6175243
0.8729467
0.83189625
0.4316868
0.26114592
0.7221539
0.7036318
0.014572919
0.38431832
0.09194829
0.703722
0.15817879
0.8420139
0.38687387
0.32218233
0.35828274
0.03298965
0.6840591
0.90147597
0.8426278
0.9040628
0.90088195
0.90088195
0.59543437
0.12279533
0.9040628
0.90441036
0.90147597
0.90441036
0.6994004
0.90088195
0.0017482477
0.7396364
0.8896596
0.17582044
0.6995079
0.27357516
0.90088195
0.1523912
0.87500197
0.0026174984
0.85835534
0.75234425
0.555294
0.39808717
0.5809879
0.5826219
0.3283389
0.6497167
0.87699693
0.41160172
0.8750983
0.39692718
0.26964244
0.7932181
0.31164882
0.3645613
0.062353056
0.034324788
0.76633275
0.5226998
0.6138219
0.12744826
0.124325365
0.34975561
0.73997474
0.8296144
0.5047191
0.80562973
0.109055236
0.8961063
0.71609557
0.0011178881
0.615124
0.8563629
0.488578
0.7803548
0.045606904
0.22878845
0.83552396
0.72171307
0.6894685
0.31874406
0.7984938
0.593282
0.05391765
0.55834234
0.36126548
0.14068957
0.6671873
0.68794554
0.21395425
0.13153024
0.24214138
0.89036155
0.0059095644
0.42876482
0.76050216
0.6300398
0.30780032
0.4248642
0.43049088
0.41084155
0.88019717
0.38298967
0.39859417
0.093645014
0.73880357
0.8795496
0.0047787307
0.8917364
0.59760964
0.9416836
0.71049064
0.76912326
0.8818303
0.7676286
0.7436178
0.02064685
0.7874477
0.75917906
0.7676286
0.88193715
0.121622905
0.4838185
0.08140291
0.84655905
0.7334094
0.13949609
0.9410125
0.39783454
0.6966255
0.9089727
0.46183872
0.7432583
0.023723505
0.7410686
0.4312082
0.6197732
0.005089885
0.07834503
0.026693663
0.0075457236
0.74924374
0.68368036
0.05855322
0.6949655
0.02166302
0.6951031
0.020845708
0.115511194
0.019701675
0.6045698
0.16664538
0.121475026
0.26144347
0.7544533
0.08977622
0.57130927
0.7016943
0.6966255
0.6966255
0.6400659
0.53099966
0.5042212
0.6966255
0.17319416
0.8567151
0.31691483
0.38852602
0.11594519
0.6966255
0.6976964
0.7016943
0.7016943
0.6966255
0.6966255
0.6966255
0.7909558
0.54505324
0.6966255
0.7016943
0.7016943
0.7016943
0.83174086
0.0051953783
0.7716435
0.6966255
0.71927124
0.7260283
0.6966255
0.7706372
0.7016943
0.6966255
0.18029688
0.6966255
0.7016943
0.7016943
0.7459152
0.7016943
0.34594667
0.40383515
0.5876179
0.8552802
0.8488767
0.02494639
0.7489779
0.7895447
0.4493849
0.7042508
0.1962876
0.8026591
0.69567907
0.1604854
0.7942031
0.7942031
0.24007928
0.7942031
0.7942031
0.83906186
0.4669097
0.035741646
0.0883232
0.24728489
0.79516643
0.5019438
0.81394964
0.8476247
0.19833875
0.5870864
0.027817551
0.7721121
0.09833427
0.10437096
0.7441866
0.24431065
0.26944572
0.891605
0.27480245
0.6671873
0.14062545
0.43687785
0.88155353
0.00847916
0.6005607
0.8429642
0.20800254
0.03882637
0.8799108
0.8434216
0.7738917
0.25310817
0.891605
0.90088195
0.3117986
0.8682934
0.5904174
0.8751116
0.9274941
0.12488061
0.31605807
0.6476495
0.8621658
0.1560777
0.80851996
0.38230467
0.14965981
0.0111362515
0.21624744
0.8682854
0.1623727
0.218483
0.88736385
0.4276495
0.15912814
0.8525724
0.29980078
0.11911041
0.28345743
0.28219953
0.7021815
0.8605781
0.2953574
0.3416839
0.54232687
0.92414457
0.05169919
0.65487474
0.6398804
0.849359
0.67782617
0.5545668
0.5305321
0.9157407
0.59344083
0.58737683
0.7053353
0.54587233
0.4547079
0.8345041
0.3550501
0.18191299
0.10935004
0.38970697
0.4991646
0.28812456
0.5613703
0.33779022
0.15427758
0.30616462
0.0020275472
0.0027022262
0.26419327
0.0069704456
0.46282893
0.57280654
0.59033275
0.5631423
0.48012465
0.8261505
0.51487356
0.81458616
0.8059241
0.65694207
0.8111673
0.004066383
0.8031966
0.74811333
0.87376726
0.6167449
0.8034464
0.6162471
0.7053501
0.94254667
0.21080574
0.15296844
0.7556527
0.4202339
0.36756337
0.33559492
0.4661815
0.6990135
0.88749087
0.67679787
0.06592053
0.90843165
0.1843998
0.3072588
0.068519585
0.88807565
0.5865671
0.9120771
0.59677345
0.009125086
0.86761475
0.88724524
0.0019792386
0.8050263
0.044080596
0.43925127
0.036992516
0.80371183
0.37961277
0.8037504
0.892475
0.37206653
0.105153784
0.42746675
0.10229343
0.11348089
0.39569375
0.47777924
0.68437696
0.4503271
0.18376495
0.110497594
0.23167138
0.45380908
0.19232875
0.22868276
0.87119025
0.7538581
0.70870686
0.06711551
0.67668986
0.5325294
0.0059819487
0.8037504
0.74516004
0.42652193
0.8926921
0.8063035
0.5918672
0.7835421
0.27751726
0.443573
0.67633045
0.72296494
0.91268855
0.7066599
0.8571196
0.74552065
0.84646535
0.7912258
0.687554
0.0019963868
0.32279468
0.74905527
0.5806239
0.61976457
0.66860443
0.9681676
0.66860443
0.69567907
0.5192697
0.50716746
0.90432847
0.57530856
0.6717046
0.12014172
0.57091886
0.27896804
0.3848475
0.5873712
0.88394773
0.8182527
0.82650274
0.78989786
0.8318212
0.05872199
0.69169706
0.20858966
0.76306254
0.24822223
0.9380727
0.29134136
0.50373876
0.6221698
0.6085622
0.08160368
0.84092426
0.83028156
0.25107306
0.21548185
0.026626047
0.3617801
0.7467505
0.4748341
0.34450504
0.57059264
0.81436574
0.5500628
0.023708122
0.03897967
0.8700277
0.7807589
0.5491948
0.83362114
0.67717713
0.24719681
0.79136354
0.84166574
0.3769369
0.19928463
0.4418108
0.7625323
0.79821765
0.7050416
0.60621387
0.8246825
0.72472364
0.57761407
0.6492723
0.36597517
0.5940924
0.7057906
0.25616804
0.87575114
0.48811546
0.5681368
0.8799596
0.7098661
0.33111414
0.4410343
0.8333386
0.5326091
0.010458132
0.14800093
0.91844535
0.8829187
0.016364874
0.5053646
0.16547015
0.6979267
0.930171
0.5321511
0.70783675
0.5369791
0.14424539
0.6747969
0.3488723
0.027670283
0.8714145
0.017323215
0.0042721815
0.6720751
0.74401927
0.90967155
0.6154721
0.6050453
0.93056035
0.08963085
0.012965103
0.6223031
0.6494765
0.46264026
0.6892271
0.8425318
0.95406044
0.71244156
0.6081317
0.8702003
0.79162395
0.9142335
0.83068776
0.41086644
0.70290697
0.5802221
0.44516736
0.39634767
0.63462204
0.8342161
0.2012765
0.5101325
0.6078584
0.7634471
0.9594565
0.6341675
0.58156735
0.2525678
0.56136686
0.4924307
0.7302676
0.18557037
0.70128703
0.33224007
0.294803
0.26478583
0.17909911
0.13832329
0.70290697
0.7818877
0.26252884
0.49325052
0.4633978
0.41427198
0.0076371464
0.23120934
0.5006223
0.75425315
0.7927137
0.01657595
0.8254981
0.87357193
0.08432716
0.90088195
0.7817059
0.90441036
0.90441036
0.03347102
0.659845
0.8946298
0.30634993
0.7989274
0.16157818
0.058357272
0.61449236
0.380394
0.5361226
0.9262411
0.61430234
0.6816845
0.75710666
0.8424312
0.8649403
0.7601507
0.6147549
0.16317403
0.23380846
0.8747679
0.05670284
0.66181475
0.11356837
0.7858937
0.292301
0.65715855
0.79122525
0.13583936
0.3134828
0.76439023
0.24123675
0.0904838
0.7751391
0.24470633
0.7828034
0.7942652
0.018187834
0.6539489
0.13245499
0.5555075
0.26525635
0.70128703
0.26764476
0.41650617
0.6525098
0.7009835
0.48312408
0.7163707
0.095444664
0.8984296
0.094312966
0.76497483
0.62047434
0.4336156
0.45265952
0.75604177
0.06374346
0.8888708
0.6512024
0.76823
0.84139645
0.48498902
0.11962119
0.019383937
0.7117905
0.8227766
0.54668784
0.098227724
0.7144184
0.70037633
0.8609327
0.5747662
0.3227755
0.6348893
0.17361723
0.1265262
0.68363917
0.7725704
0.6982844
0.0052438383
0.94046265
0.633848
0.94821525
0.059583355
0.38785872
0.65072197
0.4005385
0.7934933
0.53795576
0.043774154
0.6646403
0.5848805
0.82186246
0.6133713
0.21226664
0.39031586
0.5687571
0.0037323285
0.060352273
0.85696286
0.56865615
0.56792265
0.14352047
0.52940166
0.84092426
0.11446618
0.6400332
0.72443324
0.9513127
0.003373579
0.84092426
0.84092426
0.6692702
0.36893553
0.12327847
0.54867166
0.6168999
0.08688313
0.80586606
0.048615888
0.4298807
0.36256695
0.60796714
0.18178779
0.71352565
0.30201954
0.21727459
0.47629195
0.14757578
0.6758957
0.13386604
0.6843559
0.04987938
0.43824506
0.467558
0.18810616
0.61767465
0.7855541
0.0027467208
0.4561648
0.9034536
0.8706462
0.19282107
0.69599885
0.26510265
0.0063736346
0.17852308
0.26831484
0.7733623
0.7379175
0.61866397
0.6747237
0.3039065
0.8022657
0.9262372
0.9327628
0.89193904
0.3314782
0.070068166
0.8536134
0.52881527
0.001439642
0.4477998
0.478642
0.8756441
0.7781889
0.20596395
0.0598224
0.81678563
0.65002894
0.65002894
0.61834794
0.39462966
0.9272196
0.8646665
0.50276464
0.18325046
0.106617935
0.22535832
0.7467061
0.15684034
0.6607285
0.71818995
0.8118045
0.67059046
0.16439733
0.6560026
0.5510856
0.8133273
0.22009052
0.1615922
0.87362194
0.86466384
0.88285387
0.62277097
0.4466235
0.41608438
0.32533124
0.9097119
0.19756134
0.7336313
0.5757762
0.526724
0.8823168
0.923775
0.5085614
0.88687575
0.75337577
0.6811145
0.0024439974
0.4617736
0.45473337
0.7271994
0.38544205
0.0101617435
0.33376294
0.16860293
0.6117759
0.38404757
0.78982633
0.50397056
0.88502127
0.43673047
0.5498304
0.5170142
0.19761169
0.87526417
0.8938542
0.43181866
0.7968642
0.006289632
0.66746604
0.05777237
0.7611027
0.33611265
0.48093694
0.7514983
0.16846061
0.8554899
0.777672
0.6089096
0.46351796
0.74740064
0.6396124
0.6330928
0.7003773
0.048079714
0.51733625
0.9018704
0.5344253
0.031002749
0.21989602
0.19100778
0.506934
0.3253631
0.03006558
0.6062873
0.9232358
0.87962085
0.0040648594
0.32984045
0.58282334
0.4985866
0.16650961
0.6425532
0.3150761
0.63003397
0.018883038
0.062308025
0.61792666
0.59123915
0.88145816
0.54337025
0.5984256
0.6269995
0.5024054
0.5678497
0.17670827
0.21210125
0.2603023
0.5118355
0.1893853
0.4569304
0.31987593
0.6627516
0.014783862
0.7297578
0.6743193
0.71473104
0.8763999
0.7234005
0.05800611
0.45040548
0.7205238
0.652029
0.24120055
0.67121446
0.8679264
0.820589
0.044951085
0.20276071
0.1413691
0.71273226
0.81630516
0.5703275
0.7126141
0.84667134
0.30466545
0.8721301
0.64706516
0.41466495
0.027906211
0.3754561
0.48545912
0.78861934
0.39443263
0.16702442
0.5706165
0.12234788
0.5183531
0.450663
0.14575224
0.025176419
0.92535114
0.7625644
0.88404924
0.034281284
0.31715474
0.6877583
0.6747525
0.8700277
0.8034919
0.8738017
0.8232529
0.68793404
0.045834403
0.5673047
0.0052955113
0.833715
0.17021874
0.9489322
0.7355017
0.42652193
0.6225097
0.67320037
0.015982043
0.49707812
0.23106588
0.9071204
0.39747077
0.65954334
0.47865504
