0.26815405
0.080830365
0.7278006
0.15522206
0.15351127
0.13193272
0.1487208
0.24800806
0.14327417
0.05832047
0.35213625
0.20500192
0.3544678
0.57093287
0.08076037
0.33985344
0.88177884
0.2381698
0.34639797
0.9378196
0.7757767
0.6299664
0.28744492
0.048641555
0.116693504
0.13070433
0.3139893
0.8290023
0.05622497
0.02156867
0.15108168
0.28590345
0.002336307
0.4856689
0.15002455
0.080830365
0.030482488
0.113813
0.34221867
0.17467415
0.59612125
0.4563145
0.48972538
0.26629588
0.17610641
0.14327417
0.13742954
0.13167919
0.62354684
0.54867244
0.77034974
0.18776634
0.3644762
0.051416684
0.028847218
0.122360654
0.4069475
0.001997978
0.45477417
0.012100507
0.89072657
0.81587166
0.08052382
0.11593269
0.546725
0.080830365
0.88925713
0.21341564
0.40529576
0.5732966
0.19797683
0.114549555
0.44029096
0.20289868
0.64781004
0.787684
0.15448165
0.017926425
0.7179361
0.3063374
0.14327417
0.34888288
0.2385935
0.48839772
0.43207145
0.0114698
0.22502488
0.078820646
0.356324
0.12931137
0.12809426
0.110654116
0.019675117
0.32612324
0.08869095
0.18140285
0.6359055
0.094693005
0.11420882
0.051840615
0.05509364
0.6751665
0.05442713
0.010616022
0.56444824
0.09527223
0.08973988
0.7305515
0.91788965
0.080830365
0.009955203
0.09115749
0.09114322
0.00224318
0.5943683
0.59468037
0.6043029
0.46137595
0.1515275
0.14327417
0.15445335
0.18114015
0.10021503
0.21047725
0.06658441
0.292996
0.21564665
0.34522808
0.54551435
0.07852854
0.10135061
0.0022084033
0.35832137
0.09503378
0.7356473
0.757662
0.7259703
0.142913
0.29843283
0.696644
0.10336976
0.20303927
0.14514126
0.5561246
0.5389832
0.9447968
0.94246644
0.9639502
0.918546
0.95626795
0.023471365
0.27680752
0.051862393
0.11443996
0.14327417
0.5932469
0.41747597
0.08942394
0.119674385
0.80699134
0.14043103
0.5811114
0.016372241
0.7564498
0.75055164
0.7481137
0.4190759
0.44635552
0.0017086659
0.071992174
0.0838207
0.8337868
0.8337868
0.8337868
0.8527449
0.50526255
0.2795258
0.080830365
0.13340078
0.18329889
0.32069424
0.114657484
0.18380103
0.3079007
0.50199085
0.3655414
0.14327417
0.043246184
0.38330716
0.60829747
0.18894285
0.11604458
0.290218
0.062844634
0.33441442
0.49558696
0.02118782
0.2805097
0.745819
0.26030645
0.1421409
0.111909196
0.043246184
0.18356125
0.15344216
0.12117657
0.2694331
0.006867329
0.3595847
0.7439309
0.080830365
0.1712027
0.17124072
0.013719635
0.26336354
0.0035532145
0.14327417
0.08402754
0.17287137
0.012081447
0.07429413
0.13371149
0.01238898
0.2883441
0.25202256
0.041302197
0.4076909
0.13566948
0.17316954
0.7440987
0.7838436
0.033837024
0.01823174
0.14180343
0.25256434
0.83508223
0.72168976
0.06581996
0.02878625
0.7414313
0.028507411
0.04295736
0.037859175
0.0020062195
0.017005697
0.67256653
0.0015298396
0.8991277
0.080830365
0.6216869
0.5854553
0.9403457
0.14327417
0.3445346
0.76550716
0.63995105
0.879574
0.50452965
0.655221
0.0062305694
0.89895207
0.009851152
0.8641092
0.20222047
0.15253009
0.54158086
0.8766275
0.5643922
0.080830365
0.14457673
0.01630915
0.16571055
0.14327417
0.36610106
0.69361526
0.020407725
0.2144981
0.11963344
0.010190155
0.4064053
0.5513699
0.038394846
0.7715324
0.94275874
0.3802426
0.9220775
0.2334384
0.3178397
0.69157493
0.78191787
0.080830365
0.843544
0.14327417
0.004003862
0.53207904
0.008700287
0.6267678
0.53016424
0.39453396
0.29089877
0.07229372
0.13031963
0.5785698
0.58164376
0.15452556
0.930371
0.78217494
0.82923037
0.080830365
0.02409425
0.033522587
0.005011562
0.14327417
0.03151161
0.017814364
0.1239744
0.040702377
0.011223707
0.33990294
0.77572876
0.7706117
0.5785698
0.039090306
0.0836109
0.25534037
0.080830365
0.5302881
0.14327417
0.9440796
0.5740995
0.124805026
0.75113976
0.68915856
0.49446812
0.13943191
0.050377294
0.5230307
0.14653979
0.428927
0.0115043875
0.66024023
0.5785698
0.3814184
0.01782874
0.36330006
0.026818236
0.035328705
0.12013757
0.042984474
0.025117138
0.0050064716
0.08552687
0.080830365
0.7888003
0.4659479
0.14327417
0.4529061
0.8385441
0.52065283
0.275989
0.017113168
0.011299531
0.13042082
0.5767102
0.30038264
0.041341834
0.013703236
0.77994543
0.8368774
0.042909298
0.359387
0.73131984
0.080830365
0.051532276
0.11618933
0.11485291
0.6376904
0.009271289
0.14327417
0.20327303
0.14504899
0.02102929
0.82363296
0.22790785
0.0421818
0.85426474
0.37253737
0.046995793
0.8800935
0.056998294
0.77703494
0.080830365
0.77699256
0.5573223
0.01896314
0.08747455
0.024515232
0.036390435
0.14327417
0.5767473
0.5129218
0.45985454
0.07766404
0.052600894
0.052600894
0.925691
0.07256498
0.09480444
0.9142172
0.011753829
0.022101855
0.7190534
0.83665603
0.9399604
0.6550996
0.3588706
0.31246796
0.852547
0.04818067
0.90642047
0.76725024
0.054145753
0.3760465
0.6961518
0.8566694
0.83040535
0.8328127
0.080830365
0.002272242
0.80500686
0.5793662
0.48503995
0.2398131
0.13042922
0.597562
0.046193026
0.29553604
0.14327417
0.16663183
0.6736522
0.6028785
0.6034265
0.8900731
0.18885663
0.17211096
0.6377337
0.11788059
0.3655414
0.29675487
0.17290026
0.038394846
0.92814016
0.81082696
0.8637212
0.018962173
0.2383084
0.91084546
0.0398054
0.47285336
0.22465801
0.7998942
0.0068189655
0.83676237
0.90241337
0.5277539
0.300683
0.026447484
0.50490916
0.8714757
0.88770753
0.29975435
0.8740895
0.080830365
0.8252534
0.6537663
0.03374003
0.33182004
0.9538735
0.81673336
0.9055089
0.14327417
0.029463176
0.8705355
0.41948217
0.43332136
0.76987374
0.28149247
0.7886576
0.89689827
0.6107642
0.19067283
0.10046782
0.24779229
0.6733595
0.6194347
0.8657347
0.84041363
0.64721763
0.36246562
0.76248044
0.33606213
0.28574795
0.38065693
0.46391675
0.080830365
0.8404616
0.34582195
0.23386703
0.14327417
0.32040232
0.35245872
0.32841167
0.93312615
0.9135282
0.37612087
0.018407553
0.25570163
0.01672325
0.029094296
0.37228683
0.37228683
0.73901147
0.7641211
0.24251138
0.048550434
0.029937373
0.82036793
0.75657994
0.30975026
0.40227324
0.8033906
0.91135836
0.008946539
0.5243215
0.21429709
0.080830365
0.03586824
0.1071777
0.14327417
0.008952475
0.8591681
0.0041738325
0.56780225
0.13167937
0.7658709
0.8931352
0.36278072
0.09268127
0.760342
0.022743938
0.49744824
0.80428815
0.30191568
0.6946369
0.07928252
0.13752215
0.4438699
0.7720835
0.13216655
0.081172556
0.5465578
0.7007867
0.19015735
0.828992
0.48860812
0.25159532
0.06263068
0.080830365
0.0054031718
0.04818067
0.00358067
0.09618067
0.14327417
0.9023808
0.9101354
0.48511872
0.5033781
0.53149223
0.081566185
0.02137389
0.25239164
0.31403443
0.7327977
0.9020747
0.053234644
0.41483116
0.71323603
0.7365833
0.07335894
0.13475087
0.9229733
0.87835664
0.89814264
0.39270112
0.07158013
0.7824467
0.04830719
0.6724251
0.9471977
0.026258431
0.080830365
0.4478311
0.030756991
0.75245154
0.57897675
0.1670542
0.0896941
0.14327417
0.6948729
0.7011863
0.044059414
0.044059414
0.41063336
0.26504466
0.040039737
0.11542507
0.8385525
0.40189427
0.07866736
0.0659415
0.6550379
0.58926886
0.29952446
0.2456992
0.022977963
0.8798828
0.2332695
0.5491113
0.5770123
0.15523814
0.031359423
0.22843833
0.080830365
0.06681156
0.3534829
0.14327417
0.013512677
0.013512677
0.4873258
0.19281226
0.4550499
0.051182587
0.87326837
0.03317651
0.03827725
0.29035813
0.6450374
0.17926617
0.3541663
0.12779063
0.4958445
0.80272126
0.080830365
0.021345677
0.14327417
0.6315392
0.5770912
0.036072142
0.9256928
0.8306163
0.22699986
0.72686195
0.038394846
0.023114534
0.17448005
0.29389983
0.738073
0.2112373
0.24911457
0.8384585
0.78043467
0.4818538
0.024316102
0.080830365
0.65162677
0.22476792
0.6950369
0.921273
0.016970793
0.14327417
0.75297344
0.12473556
0.74326545
0.86637264
0.022062685
0.6932954
0.8712266
0.7070117
0.091787316
0.6148144
0.9145332
0.30056447
0.43680057
0.78958607
0.7919953
0.080830365
0.3446085
0.3901063
0.72710526
0.009679403
0.090783805
0.14327417
0.71433914
0.65891385
0.0019509998
0.8656373
0.8484477
0.14036171
0.16040221
0.9218681
0.28639615
0.89561886
0.049432423
0.84776753
0.54579157
0.9760897
0.915766
0.06196744
0.14088842
0.080830365
0.13122758
0.7834713
0.6682159
0.014079402
0.5872771
0.14327417
0.5199066
0.6550565
0.75665236
0.017495487
0.8807393
0.3475997
0.7360373
0.6907315
0.3281716
0.03330228
0.10876646
0.26041707
0.8016766
0.74221116
0.7352861
0.3337225
0.40621537
0.8575401
0.88278776
0.051207006
0.080830365
0.022121891
0.18381932
0.14327417
0.69535154
0.008581034
0.04602675
0.04386242
0.5090589
0.73122334
0.015330045
0.1962934
0.40734085
