0.65573543
0.26787013
0.8477534
0.21056093
0.23932357
0.5614415
0.15373802
0.65312713
0.67261744
0.15452413
0.7009614
0.88471365
0.81378853
0.42965895
0.4016332
0.7846688
0.606665
0.85432404
0.70601517
0.7533241
0.4902552
0.12933825
0.84000725
0.5614415
0.804666
0.53679067
0.06872078
0.3311874
0.7375003
0.6429474
0.83281547
0.59004754
0.05769756
0.504806
0.44925225
0.7062558
0.8155819
0.13382217
0.88471365
0.20251197
0.8441051
0.1199193
0.22177702
0.79753464
0.7387891
0.30954552
0.87044454
0.88471365
0.71607244
0.58237207
0.8165935
0.17654486
0.61282873
0.5614415
0.40416473
0.7860332
0.0570317
0.70706844
0.39121556
0.063940674
0.88471365
0.65113944
0.40158427
0.44324353
0.7203772
0.43400118
0.5275608
0.19061378
0.38600954
0.5427686
0.1901588
0.21638115
0.8871326
0.40887272
0.21220171
0.22348988
0.5614415
0.14323018
0.3129817
0.2991161
0.07144136
0.32762235
0.42726648
0.4305145
0.24891405
0.39373735
0.2857975
0.24024439
0.43653202
0.4115218
0.2991161
0.3790822
0.7976513
0.39571267
0.33422938
0.36248356
0.2094087
0.7964102
0.3985323
0.51702964
0.019898953
0.36181203
0.3314915
0.5614415
0.69761884
0.25086224
0.72598875
0.29793355
0.41330242
0.56874704
0.093392886
0.8372213
0.32144475
0.75763094
0.73459923
0.059664637
0.61745787
0.3038971
0.25031552
0.12183169
0.15863536
0.8499699
0.7758382
0.75083226
0.32662874
0.8372212
0.62570363
0.7902614
0.5614415
0.16680054
0.6284274
0.20493495
0.63797355
0.036836106
0.09927698
0.2255883
0.20351678
0.41972315
0.3183287
0.069504164
0.5173718
0.46959788
0.607248
0.3010604
0.642484
0.642484
0.7596619
0.12525128
0.42301035
0.91064125
0.6483907
0.42612764
0.5998211
0.6740968
0.4443849
0.22965916
0.642484
0.642484
0.642484
0.642484
0.642484
0.78495055
0.8376119
0.18135782
0.5136908
0.37058917
0.7138063
0.47808167
0.6758547
0.6029493
0.14388025
0.6556158
0.7912421
0.4472658
0.7891164
0.80894756
0.8185053
0.049258433
0.6675833
0.8577379
0.30861285
0.2661745
0.7184566
0.12925008
0.52836436
0.6618659
0.80712444
0.5645639
0.73014504
0.6199783
0.28409362
0.29810324
0.7062558
0.78356874
0.64061165
0.3429328
0.8155819
0.16672537
0.77701163
0.64786994
0.66596186
0.16281448
0.81237507
0.4506209
0.1928511
0.4218523
0.5614415
0.3115553
0.75517756
0.3738996
0.62697047
0.2406214
0.023004146
0.76591116
0.86720866
0.8944952
0.8495917
0.16514713
0.46532312
0.8013259
0.43945733
0.34562117
0.7879102
0.8666383
0.5614415
0.4245638
0.5832961
0.4220202
0.28265563
0.64917
0.5928296
0.8034471
0.739227
0.74207765
0.09678461
0.60181093
0.68373764
0.7929785
0.8484198
0.55419487
0.20686673
0.39813757
0.40317327
0.7808445
0.81548107
0.8272546
0.58108133
0.22102343
0.493855
0.2768512
0.78532964
0.6465763
0.5345346
0.083890334
0.5677816
0.39591742
0.12898225
0.36395332
0.89502466
0.642484
0.642484
0.642484
0.642484
0.5614415
0.10671127
0.16098396
0.78544754
0.21831745
0.73717517
0.057415664
0.21079266
0.18597248
0.61886275
0.1839364
0.115421556
0.06939813
0.62428814
0.6353922
0.120254375
0.8299292
0.8013853
0.69989026
0.24925405
0.5686728
0.7845818
0.5614415
0.6468231
0.25939956
0.59204054
0.642484
0.642484
0.6857654
0.6515064
0.67314184
0.5793738
0.3016546
0.3016546
0.5614415
0.19471985
0.8183512
0.83474535
0.11859338
0.0060231546
0.779233
0.642484
0.642484
0.642484
0.70591646
0.61116594
0.64840776
0.3744235
0.76649326
0.22567263
0.5520273
0.07954674
0.84650475
0.66788846
0.5614415
0.47162145
0.23547675
0.20621507
0.5536858
0.36679533
0.107059
0.093264036
0.7814939
0.07149204
0.14386523
0.665714
0.71083826
0.76059633
0.7655904
0.9194645
0.642484
0.642484
0.642484
0.642484
0.868727
0.23717012
0.77777106
0.57194996
0.11100688
0.89424914
0.80193806
