0.90111846
0.5515135
0.7838954
0.098921604
0.50213826
0.16781446
0.3285122
0.0864361
0.86799884
0.037462123
0.68051213
0.74396443
0.74396443
0.74396443
0.74396443
0.7427246
0.8193505
0.84374195
0.62393415
0.8426902
0.18115437
0.8923117
0.601038
0.039128546
0.6688523
0.31364256
0.2345038
0.17325366
0.30593517
0.1287341
0.06494654
0.081152864
0.7404057
0.76974213
0.64132756
0.8386859
0.6846464
0.87097764
0.47146922
0.8803234
0.5342046
0.58703107
0.8482692
0.0608192
0.25946155
0.7353367
0.33923122
0.22980453
0.19320363
0.8630133
0.44777998
0.6399239
0.24346723
0.74167806
0.7813823
0.7813823
0.7295898
0.7087107
0.3073799
0.87676215
0.8320862
0.5903087
0.78454417
0.44261253
0.6429474
0.59006613
0.2588902
0.84873146
0.14907746
0.033835392
0.80179596
0.6886906
0.8468698
0.8468698
0.8468698
0.8468698
0.8468698
0.8468698
0.3419868
0.17416917
0.16022725
0.29319018
0.40235737
0.07172409
0.5853062
0.052168984
0.30344078
0.49513447
0.13363655
0.047729276
0.80846274
0.82355404
0.4739385
0.17862926
0.4990999
0.9307938
0.068369724
0.8948038
0.8948038
0.047551207
0.8194079
0.8194079
0.047551207
0.8194079
0.8194079
0.8194079
0.047551207
0.8194079
0.8194079
0.8194079
0.8194079
0.18542002
0.8048192
0.7029603
0.055329368
0.27572486
0.11404188
0.032331876
0.62586725
0.024482587
0.27297887
0.4850388
0.6557376
0.7248485
0.8883553
0.898686
0.8985921
0.16056308
0.4168399
0.5806606
0.099373005
0.40714723
0.40416473
0.7339802
0.063495
0.69653815
0.48522463
0.71465755
0.26812214
0.72428364
0.72428364
0.7860332
0.6354831
0.72428364
0.70461184
0.03470123
0.9173754
0.038272407
0.042223208
0.8780063
0.50730807
0.53947544
0.8494435
0.2529818
0.5792691
0.6444189
0.054848302
0.22341608
0.7089699
0.7813823
0.8213471
0.7780985
0.40158427
0.05520883
0.86295
0.16668247
0.6934368
0.3700877
0.38333765
0.25332752
0.82793945
0.59417546
0.7207272
0.055533987
0.43400118
0.8437864
0.9006113
0.8288034
0.28568265
0.110374965
0.035874613
0.8655745
0.67451733
0.8284887
0.38600954
0.33403695
0.1901588
0.049715184
0.94675165
0.40887272
0.40647992
0.846487
0.89169127
0.59506434
0.5365593
0.468146
0.22348988
0.19301958
0.78454417
0.62644345
0.2991161
0.022073863
0.5011439
0.59813255
0.31818798
0.32762235
0.06696464
0.17589718
0.31756204
0.17434616
0.44310018
0.41707307
0.5159783
0.2857975
0.834347
0.42544788
0.89169127
0.22202961
0.615503
0.29902434
0.4115218
0.032177374
0.2991161
0.73319244
0.6298846
0.25523308
0.5267831
0.3994448
0.5213438
0.68520284
0.8404724
0.89169127
0.08836015
0.60713536
0.66799074
0.20036688
0.42141348
0.8090558
0.6513234
0.51565075
0.74061704
0.3163855
0.41410968
0.027115341
0.54053986
0.021065613
0.51702964
0.296
0.5329234
0.055655282
0.42555925
0.031449765
0.18340148
0.8120495
0.58471274
0.84359515
0.40758827
0.24354766
0.62157804
0.14409699
0.44711262
0.35341367
0.58846134
0.40485704
0.7092617
0.21523312
0.08630451
0.1253742
0.21850254
0.9023115
0.29541138
0.5645537
0.90691084
0.047757745
0.8421348
0.65743536
0.36394626
0.16559573
0.30988827
0.37377265
0.66982615
0.09411702
0.75763094
0.5260051
0.14042331
0.67023975
0.8293147
0.864628
0.8289087
0.33142424
0.3038971
0.45534283
0.49222448
0.042059314
0.28190616
0.76557386
0.89073926
0.9116908
0.05519174
0.30045885
0.15419197
0.57044405
0.7183108
0.7022466
0.6584436
0.5456565
0.8908004
0.044510674
0.49816805
0.81204057
0.033762563
0.32297796
0.47515327
0.69287497
0.78454417
0.13895391
0.07605694
0.70072997
0.39174008
0.34563386
0.79144496
0.11778555
0.09277709
0.08911675
0.8691473
0.46974933
0.7736507
0.9137775
0.16680054
0.6625657
0.19859697
0.9394087
0.56968683
0.011753617
0.1876296
0.7994521
0.85653836
0.5776617
0.04206138
0.078236036
0.820842
0.48560575
0.16294886
0.10660603
0.36960897
0.7609322
0.03780859
0.52762747
0.23928846
0.7289007
0.4789308
0.0868494
0.3981265
0.04157857
0.1893899
0.16596751
0.7929746
0.18634342
0.12219867
0.13833201
0.3183287
0.13732629
0.37939465
0.8853646
0.13570428
0.589333
0.14629994
0.2749187
0.07308248
0.34392938
0.20256354
0.7907745
0.75145364
0.75145364
0.3045532
0.2905115
0.2258674
0.13238403
0.60365725
0.34703276
0.839562
0.21565762
0.1634207
0.7809527
0.607248
0.51819426
0.15549767
0.73205984
0.67698973
0.24335468
0.1165163
0.3010604
0.1509236
0.15009156
0.6421832
0.14819275
0.95172536
0.054237444
0.77238303
0.7409455
0.15788749
0.23934667
0.35494068
0.35430965
0.8685498
0.1655894
0.42108065
0.14824618
0.2563263
0.2563263
0.24918358
0.18084504
0.7181789
0.43993104
0.19382972
0.50068873
0.3053081
0.28723258
0.13612437
0.304379
0.22700697
0.8030072
0.7352654
0.74089295
0.636763
0.19306691
0.1509236
0.14150847
0.7253652
0.22480418
0.67965823
0.3104163
0.708427
0.77336115
0.056736063
0.21565762
0.40515324
0.22266968
0.5657852
0.6724757
0.2983698
0.30408886
0.4470695
0.8970491
0.5576988
0.08501108
0.12663044
0.6376555
0.4063242
0.62069374
0.2209731
0.37649894
0.6150983
0.5612345
0.016368974
0.6625965
0.51921064
0.6328691
0.29736295
0.29736295
0.29736295
0.4770615
0.29736295
0.29736295
0.15238318
0.8290767
0.8132673
0.84947205
0.09130605
0.8042887
0.48620325
0.55286884
0.8426651
0.070587285
0.61190903
0.71452844
0.62052613
0.6242637
0.81522864
0.7781812
0.29390702
0.31761587
0.6236506
0.26631525
0.84888273
0.03780859
0.034105938
0.042195667
0.05150761
0.044692677
0.05150761
0.046524618
0.04563958
0.03921
0.047488406
0.047488406
0.03921
0.04934311
0.044235226
0.042668574
0.03921
0.044235226
0.743676
0.7166091
0.10947083
0.041241717
0.608096
0.2987823
0.4935648
0.85121775
0.071285695
0.38393432
0.2943229
0.47995454
0.1526051
0.16413023
0.16573113
0.69290876
0.052006193
0.74864537
0.89604294
0.6447901
0.8148604
0.6334906
0.45316792
0.3597162
0.73191833
0.07748619
0.4263199
0.102814004
0.3193968
0.89947736
0.75385076
0.14623141
0.49691465
0.7883516
0.6677078
0.7883516
0.7883516
0.7371656
0.32249686
0.54345196
0.114932485
0.047565818
0.4876673
0.5250809
0.26338255
0.38788897
0.25917724
0.5610786
0.6910412
0.07236158
0.850239
0.33336166
0.90473366
0.40228018
0.64344007
0.094364405
0.73394805
0.8203639
0.8203639
0.80533427
0.8203639
0.70335585
0.644022
0.43820658
0.29952508
0.4136228
0.42556614
0.87920177
0.8882072
0.8003919
0.83158773
0.68339336
0.5780078
0.6686131
0.7797935
0.21673808
0.36023048
0.28954303
0.67021585
0.2271246
0.053804073
0.8045639
0.101275876
0.858415
0.5424933
0.8210126
0.053169996
0.80058515
0.77366567
0.21681379
0.048759855
0.78454417
0.29970843
0.9448961
0.12993667
0.83349675
0.7607911
0.4008262
0.28656256
0.27496055
0.27687424
0.6277163
0.055533987
0.055533987
0.055533987
0.4607715
0.43904024
0.5260009
0.44370845
0.34271383
0.42029542
0.70370924
0.7499846
0.94236594
0.94159347
0.5068123
0.048891593
0.8392435
0.30010372
0.7595112
0.7550295
0.17284572
0.06953513
0.5516195
0.559031
0.9371424
0.46891916
0.17198075
0.14012149
0.10005055
0.012227926
0.34214643
0.16413817
0.3332432
0.6163133
0.5468611
0.58210766
0.5356376
0.19543612
0.06012165
0.79588056
0.18124366
0.36021808
0.8023624
0.5646384
0.36052728
0.5520444
0.42933372
0.02518512
0.17566738
0.8192422
0.76665443
0.28161198
0.37806833
0.47784787
0.62940186
0.58920246
0.7557999
0.31605977
0.6210785
0.55667484
0.68255275
0.35142183
0.5931222
0.542848
0.2725258
0.70951855
0.8590632
0.18984278
0.025766486
0.37422052
0.38682434
0.7767953
0.09513056
0.17057088
0.7237006
0.26381275
0.81509745
0.6331761
0.352082
0.030773621
0.5669305
0.39233848
0.7864835
0.31175503
0.6523243
0.25849792
0.15682891
0.17731592
0.1861485
0.50056803
0.5323414
0.13223828
0.9453602
0.94058424
0.8387734
0.31872168
0.31675643
0.7707948
0.84200543
0.7526961
0.62739503
0.2324893
0.19660898
0.5393271
0.2984187
0.78454417
0.46851277
0.5036628
0.3345586
0.556728
0.74874747
0.87388414
0.8720027
0.07449188
0.09896092
0.09678461
0.71600705
0.73518306
0.61705244
0.87846345
0.5727503
0.39935112
0.9460685
0.69161206
0.26162657
0.66148895
0.93006265
0.24919969
0.7826989
0.102350876
0.44983274
0.5341682
0.82819843
0.0689714
0.07763307
0.3601126
0.119335875
0.6848134
0.7927404
0.58077025
0.7850706
0.7850706
0.5688919
0.5927782
0.591287
0.22951856
0.8376776
0.033189196
0.07113323
0.54217315
0.04821975
0.83704054
0.22383913
0.30652195
0.028001133
0.616719
0.777046
0.8470477
0.51587784
0.36641273
0.21673398
0.39690346
0.30690905
0.8373634
0.7993796
0.629634
0.6974933
0.8658407
0.5125961
0.07693443
0.23546089
0.8562203
0.026386132
0.40886897
0.48608238
0.19102938
0.7293077
0.055483554
0.3464843
0.77118295
0.3524781
0.34719032
0.81028724
0.09119516
0.05565854
0.055533987
0.05272867
0.3643224
0.36374918
0.15932934
0.01510402
0.5669899
0.14530589
0.8413452
0.67052376
0.035385836
0.78454417
0.039646477
0.83041614
0.25405383
0.8808331
0.13185917
0.6273406
0.22094753
0.06375887
0.37537006
0.80876786
0.61860967
0.53388816
0.8699265
0.83713436
0.94510454
0.6517227
0.48103598
0.8808331
0.5947147
0.035586026
0.096700884
0.59584254
0.847567
0.035385836
0.8808331
0.8808331
0.24941753
0.8808331
0.8808331
0.23891272
0.26955616
0.4729602
0.13188866
0.35065246
0.04466187
0.8395914
0.5416877
0.4955633
0.1655819
0.082066536
0.5677263
0.8825231
0.48310518
0.20927185
0.8379822
0.006884066
0.24169664
0.81326973
0.18538563
0.32493633
0.4130206
0.69085765
0.08156107
0.0868494
0.19535004
0.78118604
0.65026087
0.7810262
0.90525806
0.1405106
0.4902712
0.46433854
0.2505867
0.7102692
0.5153124
0.17510766
0.072888836
0.63603824
0.13172172
0.3597168
0.2628355
0.3597168
0.46917912
0.46917912
0.44370845
0.4426976
0.014208986
0.9368984
0.73302525
0.036400113
0.036400113
0.036400113
0.84838474
0.15591627
0.053244803
0.08261417
0.6803341
0.017093772
0.9015474
0.1403078
0.07382048
0.08057554
0.47542492
0.79976654
0.09584433
0.12297786
0.30833632
0.1405106
0.1405106
0.73302525
0.58212364
0.6736629
0.61024606
0.043033738
0.83474535
0.8542257
0.81925017
0.05272867
0.050470777
0.6451545
0.89504224
0.76010025
0.6946071
0.1477207
0.7505186
0.4696619
0.63603824
0.9142006
0.3498685
0.66211116
0.43043017
0.79382026
0.32094646
0.6977805
0.17119813
0.78454417
0.09721291
0.24823071
0.84166247
0.3343434
0.54924315
0.78318006
0.47979486
0.47979486
0.44814014
0.031070504
0.47979486
0.47506106
0.47506106
0.47979486
0.46643776
0.47979486
0.47506106
0.47979486
0.47979486
0.47556156
0.60270065
0.47979486
0.42401704
0.8649038
0.8392435
0.33078
0.82223326
0.8335003
0.09275858
0.5029792
0.6695303
0.10246111
0.7262204
0.036149427
0.9078968
0.6004408
0.46328622
0.079937905
0.61656135
0.6099567
0.49344236
0.8756686
0.6982503
0.8792046
0.79382026
0.67344683
0.47942647
0.878207
0.3998478
0.1405106
0.1405106
0.1405106
0.1405106
0.2938006
0.5214776
0.5214776
0.74314547
0.047852617
0.54938567
0.7522986
0.43417555
0.067499675
0.54938567
0.597923
0.093246445
0.19308566
0.7443165
0.33303398
0.30387312
0.34827417
0.06983778
0.6273044
0.050470777
0.050470777
