(QUERY): 'ISLAM' '04'
Negative Neutral Positive
0.14463786780834198 0.793220043182373 0.06214211881160736 
0.06479455530643463 0.7007481455802917 0.23445728421211243 
0.5413119196891785 0.43780356645584106 0.020884564146399498 
0.02472570165991783 0.8730586171150208 0.1022157222032547 
0.5371713042259216 0.4064379036426544 0.05639084428548813 
0.11221549659967422 0.8543446660041809 0.03343985229730606 
0.5038173198699951 0.4766198694705963 0.01956285536289215 
0.33392611145973206 0.6201364398002625 0.04593749716877937 
0.5821456909179688 0.4013359844684601 0.016518305987119675 
0.627484142780304 0.3558548390865326 0.01666097529232502 
0.10467257350683212 0.7429124712944031 0.15241500735282898 
0.16663378477096558 0.7904769778251648 0.04288921877741814 
0.46977895498275757 0.5095049142837524 0.02071620523929596 
0.7803933620452881 0.20573925971984863 0.013867354020476341 
0.03490235656499863 0.274624764919281 0.6904728412628174 
0.19711284339427948 0.7542293071746826 0.04865781590342522 
0.9442216753959656 0.05302067846059799 0.002757602371275425 
0.7590756416320801 0.23319795727729797 0.00772635405883193 
0.3355049192905426 0.6338383555412292 0.0306567195802927 
0.03160228207707405 0.7234367728233337 0.2449609935283661 
0.20711728930473328 0.7476288676261902 0.04525381326675415 
0.3094111680984497 0.653768002986908 0.03682081028819084 
0.01921270042657852 0.1281532198190689 0.852634072303772 
0.00919309537857771 0.3871658742427826 0.6036409735679626 
0.8585609197616577 0.13463859260082245 0.006800570525228977 
0.061393678188323975 0.8524684309959412 0.08613786846399307 
0.16349925100803375 0.7649864554405212 0.07151425629854202 
0.518347978591919 0.45979270339012146 0.02185932733118534 
0.1608249396085739 0.7852240204811096 0.053951017558574677 
0.07073596119880676 0.8515792489051819 0.07768486440181732 
0.15542179346084595 0.732105016708374 0.11247318983078003 
0.6334484815597534 0.33343541622161865 0.033116135746240616 
0.07206719368696213 0.876758337020874 0.05117446929216385 
0.3868980407714844 0.5485035181045532 0.06459847092628479 
0.02050040289759636 0.6291609406471252 0.3503386974334717 
0.007094029802829027 0.24021252989768982 0.7526934146881104 
0.5206757187843323 0.4661731421947479 0.013151124119758606 
0.14675939083099365 0.7919876575469971 0.061252985149621964 
0.054265450686216354 0.8459675312042236 0.09976702183485031 
0.40883153676986694 0.5406352281570435 0.05053320154547691 
0.2986929416656494 0.6571222543716431 0.04418481886386871 
0.11855972558259964 0.6444402933120728 0.23699994385242462 
0.03827724978327751 0.8449856042861938 0.11673719435930252 
0.508735716342926 0.4689825475215912 0.022281711921095848 
0.9216201901435852 0.07373449206352234 0.004645334091037512 
0.8521096706390381 0.13561256229877472 0.012277805246412754 
0.10632706433534622 0.8231671452522278 0.07050579786300659 
0.5000220537185669 0.4584675133228302 0.041510436683893204 
0.08746796101331711 0.7996910810470581 0.11284101009368896 
0.34298086166381836 0.6094827055931091 0.0475364588201046 
0.07628582417964935 0.8259177803993225 0.09779638797044754 
0.07299976050853729 0.7507972121238708 0.17620296776294708 
0.0020320131443440914 0.07188288867473602 0.9260851740837097 
0.38381335139274597 0.5837937593460083 0.03239287808537483 
0.013137763366103172 0.6276984810829163 0.3591637909412384 
0.29856255650520325 0.6249988079071045 0.07643865793943405 
0.569237232208252 0.40765848755836487 0.0231043491512537 
0.3170386254787445 0.5982100963592529 0.08475123345851898 
0.9128264784812927 0.08081305027008057 0.006360506173223257 
0.4072927236557007 0.5563870668411255 0.036320216953754425 
0.1633320450782776 0.7774433493614197 0.05922463908791542 
0.04244842752814293 0.9059005379676819 0.05165102332830429 
0.06036500632762909 0.8881352543830872 0.05149977281689644 
0.7657135725021362 0.22525173425674438 0.009034721180796623 
0.5721688270568848 0.40375110507011414 0.024080125615000725 
0.013013324700295925 0.21876059472560883 0.7682260870933533 
0.12389208376407623 0.7012544274330139 0.17485348880290985 
0.6017770171165466 0.3730173110961914 0.02520568296313286 
0.15252263844013214 0.825914204120636 0.02156321331858635 
0.06407926231622696 0.8785656690597534 0.05735514685511589 
0.07063218951225281 0.8929947018623352 0.03637314587831497 
0.0909925028681755 0.8721175193786621 0.03688995912671089 
0.47061413526535034 0.5122079253196716 0.017177967354655266 
0.01581759750843048 0.8748158812522888 0.10936646908521652 
0.6047700047492981 0.3757467567920685 0.01948324777185917 
0.3369438648223877 0.6146345734596252 0.04842153936624527 
0.05312467738986015 0.5759731531143188 0.3709021806716919 
0.7268289923667908 0.25989848375320435 0.013272570446133614 
0.024481981992721558 0.592183530330658 0.3833344876766205 
0.36554139852523804 0.5962444543838501 0.038214102387428284 
0.06852810829877853 0.8391720652580261 0.09229985624551773 
0.07010547816753387 0.8162397742271423 0.1136547103524208 
0.013725299388170242 0.32709425687789917 0.6591804623603821 
0.07622648030519485 0.6680892705917358 0.2556842267513275 
0.21480537950992584 0.6933061480522156 0.09188848733901978 
0.09060660749673843 0.8662894368171692 0.043103981763124466 
0.09345050901174545 0.7763841152191162 0.13016542792320251 
0.08680888265371323 0.793408215045929 0.11978286504745483 
0.07209020853042603 0.8757505416870117 0.05215922370553017 
0.2560046911239624 0.7006345391273499 0.04336077719926834 
0.7108995914459229 0.2654864490032196 0.023613957688212395 
0.007920104078948498 0.33707427978515625 0.6550055742263794 
0.09993503242731094 0.3071525990962982 0.5929123163223267 
0.30424848198890686 0.6242929100990295 0.071458600461483 
0.012894949875772 0.3439374566078186 0.6431675553321838 
0.6095167994499207 0.3771088421344757 0.013374407775700092 
0.0022548167034983635 0.06639636307954788 0.9313488602638245 
0.11892069876194 0.6951791644096375 0.18590013682842255 
0.5631949305534363 0.4120529890060425 0.024752043187618256 
0.20069177448749542 0.6661221385002136 0.13318607211112976 
0.011052564717829227 0.4543653726577759 0.5345820188522339 
0.4011158049106598 0.5555236339569092 0.043360527604818344 
0.6963638067245483 0.2881529927253723 0.015483204275369644 
0.4363258183002472 0.523345410823822 0.04032881185412407 
0.864902913570404 0.13065636157989502 0.00444074859842658 
0.001020373310893774 0.019624322652816772 0.9793552756309509 
0.8314012289047241 0.15974514186382294 0.008853613398969173 
0.023803170770406723 0.7098298668861389 0.2663670480251312 
0.02436855062842369 0.739557683467865 0.2360738217830658 
0.0010060983477160335 0.019665788859128952 0.9793280959129333 
0.03208497539162636 0.7416807413101196 0.22623425722122192 
0.09014631062746048 0.6749594807624817 0.23489417135715485 
0.0024579542223364115 0.12072635442018509 0.876815676689148 
0.165800541639328 0.6392388939857483 0.1949605494737625 
0.031027717515826225 0.8972437381744385 0.07172852754592896 
0.021213943138718605 0.2388676553964615 0.7399184107780457 
0.561195969581604 0.41516754031181335 0.02363651804625988 
0.44487234950065613 0.5205035209655762 0.0346241295337677 
0.03613598644733429 0.8963983654975891 0.0674656555056572 
0.2156466543674469 0.7508400082588196 0.03351333364844322 
0.45682182908058167 0.46719762682914734 0.07598055154085159 
0.17063632607460022 0.7447179555892944 0.08464568853378296 
0.14463786780834198 0.793220043182373 0.06214211881160736 
0.4240531027317047 0.49705055356025696 0.07889632135629654 
0.25838667154312134 0.6935901641845703 0.04802313074469566 
0.3367065191268921 0.5490032434463501 0.11429030448198318 
0.5830486416816711 0.391912579536438 0.025038771331310272 
0.04062149301171303 0.8955268859863281 0.06385157257318497 
0.010737624019384384 0.574686586856842 0.4145757853984833 
0.01171159464865923 0.26789236068725586 0.7203960418701172 
0.04460849240422249 0.8198453187942505 0.1355462521314621 
0.38394007086753845 0.5690882802009583 0.0469716414809227 
0.5115528702735901 0.46621623635292053 0.02223086915910244 
0.12916353344917297 0.7627663016319275 0.10807020962238312 
0.7833579778671265 0.20758798718452454 0.00905404519289732 
0.10441076755523682 0.7907055616378784 0.10488365590572357 
0.10649143159389496 0.8185138702392578 0.07499473541975021 
0.12788774073123932 0.7565213441848755 0.11559095233678818 
0.07571515440940857 0.8076363801956177 0.11664850264787674 
0.643032431602478 0.3347613513469696 0.022206230089068413 
0.3548573851585388 0.5987808108329773 0.046361736953258514 
0.8573911786079407 0.1367177516222 0.005891076754778624 
0.09030365198850632 0.8127689361572266 0.09692738205194473 
0.058278847485780716 0.7230000495910645 0.2187211662530899 
0.41302645206451416 0.5671089291572571 0.0198646429926157 
0.17066293954849243 0.7253543734550476 0.10398267954587936 
0.3912598192691803 0.569213330745697 0.03952694684267044 
0.03051101043820381 0.5722483992576599 0.397240549325943 
0.13599489629268646 0.7874743938446045 0.07653075456619263 
0.4020187258720398 0.4847462773323059 0.11323503404855728 
0.047732625156641006 0.8938276171684265 0.05843973532319069 
0.4020187258720398 0.4847462773323059 0.11323503404855728 
0.04625435546040535 0.5169579982757568 0.4367876350879669 
0.4020187258720398 0.4847462773323059 0.11323503404855728 
0.2061406821012497 0.759127676486969 0.03473162651062012 
0.583596408367157 0.39415717124938965 0.02224644087255001 
0.09432440251111984 0.656983494758606 0.24869215488433838 
0.5769359469413757 0.39827826619148254 0.024785833433270454 
0.09982534497976303 0.44631341099739075 0.453861266374588 
0.11838381737470627 0.7950171828269958 0.08659899234771729 
0.5832666158676147 0.3911345601081848 0.025598904117941856 
0.06050105392932892 0.7841991186141968 0.1552998274564743 
0.06738261878490448 0.871337890625 0.061279475688934326 
0.4020187258720398 0.4847462773323059 0.11323503404855728 
0.35060590505599976 0.6201779842376709 0.029216138646006584 
0.28816965222358704 0.5537570118904114 0.15807339549064636 
0.4020187258720398 0.4847462773323059 0.11323503404855728 
0.4020187258720398 0.4847462773323059 0.11323503404855728 
0.023569166660308838 0.5250420570373535 0.45138877630233765 
0.0034047490917146206 0.14964242279529572 0.8469528555870056 
0.4020187258720398 0.4847462773323059 0.11323503404855728 
0.03009563684463501 0.9285442233085632 0.04136017709970474 
0.868087649345398 0.12818215787410736 0.003730186726897955 
0.022368093952536583 0.34694904088974 0.6306828856468201 
0.015674281865358353 0.628533124923706 0.3557925522327423 
0.43182846903800964 0.4961635172367096 0.07200799137353897 
0.7150129079818726 0.27540290355682373 0.009584203362464905 
0.7896122336387634 0.19676461815834045 0.013623083010315895 
0.4234326481819153 0.47808340191841125 0.09848394989967346 
0.4020187258720398 0.4847462773323059 0.11323503404855728 
0.41498732566833496 0.48100295662879944 0.1040097251534462 
0.03572545200586319 0.6135591864585876 0.35071539878845215 
0.5379974842071533 0.4064962863922119 0.05550624057650566 
0.04885473474860191 0.7956833839416504 0.1554618924856186 
0.015896150842308998 0.7593153119087219 0.2247885912656784 
0.2730579972267151 0.5566728115081787 0.1702692210674286 
0.04660365357995033 0.7553861141204834 0.19801028072834015 
0.952542781829834 0.043765805661678314 0.0036914495285600424 
0.005816081538796425 0.3498705327510834 0.6443134546279907 
0.05945630371570587 0.7717859745025635 0.16875775158405304 
0.16349925100803375 0.7649864554405212 0.07151425629854202 
0.7640202641487122 0.22929494082927704 0.006684822496026754 
0.12479592859745026 0.7944994568824768 0.08070463687181473 
0.3094111680984497 0.653768002986908 0.03682081028819084 
0.7803933620452881 0.20573925971984863 0.013867354020476341 
0.597187340259552 0.343354195356369 0.059458475559949875 
0.6334484815597534 0.33343541622161865 0.033116135746240616 
0.3644601106643677 0.5026125311851501 0.13292738795280457 
0.3384685516357422 0.6232055425643921 0.03832592815160751 
0.4020187258720398 0.4847462773323059 0.11323503404855728 
0.1608249396085739 0.7852240204811096 0.053951017558574677 
0.0023177764378488064 0.2838902175426483 0.7137920260429382 
0.20153766870498657 0.7423476576805115 0.05611471086740494 
0.518347978591919 0.45979270339012146 0.02185932733118534 
0.5821456909179688 0.4013359844684601 0.016518305987119675 
0.46977895498275757 0.5095049142837524 0.02071620523929596 
0.41137954592704773 0.5546292066574097 0.03399128466844559 
0.003522842191159725 0.19946430623531342 0.7970128655433655 
0.6458492875099182 0.33167752623558044 0.022473201155662537 
0.013499242253601551 0.5441040396690369 0.4423966705799103 
0.4423314034938812 0.5330740809440613 0.024594487622380257 
0.5038173198699951 0.4766198694705963 0.01956285536289215 
0.24731849133968353 0.6974472999572754 0.055234186351299286 
0.20609422028064728 0.6761832237243652 0.11772255599498749 
0.20609422028064728 0.6761832237243652 0.11772255599498749 
0.07073596119880676 0.8515792489051819 0.07768486440181732 
0.09870685636997223 0.5048648715019226 0.39642825722694397 
0.627484142780304 0.3558548390865326 0.01666097529232502 
0.20711728930473328 0.7476288676261902 0.04525381326675415 
0.3355049192905426 0.6338383555412292 0.0306567195802927 
0.3555167317390442 0.6129099130630493 0.03157328441739082 
0.7846808433532715 0.19611488282680511 0.01920427195727825 
0.024103550240397453 0.4194869101047516 0.5564095377922058 
0.19711284339427948 0.7542293071746826 0.04865781590342522 
0.0980205088853836 0.7044293880462646 0.19755007326602936 
0.6534488797187805 0.32690349221229553 0.019647710025310516 
0.05178757756948471 0.6087453961372375 0.33946704864501953 
0.015140807256102562 0.6693615913391113 0.31549760699272156 
0.043500497937202454 0.6347228288650513 0.32177668809890747 
0.1027674600481987 0.8318350315093994 0.06539751589298248 
0.8260202407836914 0.16425378620624542 0.009726010262966156 
0.9215409159660339 0.0750015377998352 0.003457611193880439 
0.01691090688109398 0.6142677664756775 0.3688213527202606 
0.3014114499092102 0.6712518334388733 0.027336711063981056 
0.03941132873296738 0.7581408023834229 0.20244792103767395 
0.2702879011631012 0.6299065351486206 0.0998055562376976 
0.2204357385635376 0.6305227875709534 0.14904147386550903 
0.5815686583518982 0.40214303135871887 0.016288258135318756 
0.22921200096607208 0.6747004985809326 0.0960875153541565 
0.01581759750843048 0.8748158812522888 0.10936646908521652 
0.3599608540534973 0.6120858788490295 0.02795330621302128 
0.93515545129776 0.06043253466486931 0.0044120438396930695 
0.8572407960891724 0.1338370442390442 0.008922092616558075 
0.9126238226890564 0.08437524735927582 0.003001004457473755 
0.2048078328371048 0.7518139481544495 0.04337814822793007 
0.2864171266555786 0.6648091077804565 0.04877370968461037 
0.03982327878475189 0.7930311560630798 0.1671455353498459 
0.1795615404844284 0.7513721585273743 0.06906629353761673 
0.28579822182655334 0.520725429058075 0.1934763342142105 
0.10614871233701706 0.7516061663627625 0.14224514365196228 
0.658711314201355 0.31158342957496643 0.029705295339226723 
0.23664003610610962 0.6951870322227478 0.06817295402288437 
0.928296685218811 0.06693267822265625 0.004770566243678331 
0.3403266668319702 0.6267827749252319 0.03289055824279785 
0.5306705236434937 0.4334309995174408 0.035898514091968536 
0.30108362436294556 0.6668468713760376 0.03206954523921013 
0.09828612208366394 0.7840882539749146 0.1176256611943245 
0.5493438243865967 0.4310011565685272 0.019654981791973114 
0.51054447889328 0.4713035523891449 0.018151991069316864 
0.0770755335688591 0.8748708367347717 0.04805360361933708 
0.018988681957125664 0.35809555649757385 0.6229157447814941 
0.5260963439941406 0.45610857009887695 0.017795130610466003 
0.2012300193309784 0.752492368221283 0.04627764970064163 
0.1248050257563591 0.8339244723320007 0.04127049073576927 
0.09128160029649734 0.8365226984024048 0.07219570130109787 
0.0465700700879097 0.8812745213508606 0.07215533405542374 
0.8126204609870911 0.1760297566652298 0.011349780485033989 
0.5931339263916016 0.3910982012748718 0.01576787419617176 
0.41299763321876526 0.5460634827613831 0.04093888774514198 
0.6338834166526794 0.34955209493637085 0.016564514487981796 
0.2428048551082611 0.5092740654945374 0.24792107939720154 
0.03647661581635475 0.594307005405426 0.3692163825035095 
0.5702002644538879 0.41228124499320984 0.017518535256385803 
0.8932709097862244 0.10126224905252457 0.005466820206493139 
0.22674521803855896 0.6561038494110107 0.1171509250998497 
0.3075941503047943 0.6691313982009888 0.0232743788510561 
0.03617735952138901 0.31512388586997986 0.6486987471580505 
0.08637402206659317 0.8635838031768799 0.05004215985536575 
0.9215230941772461 0.07440487295389175 0.004072031006217003 
0.09187821298837662 0.6720932126045227 0.23602859675884247 
0.07101812213659286 0.8560092449188232 0.0729726254940033 
0.046980131417512894 0.7350575923919678 0.21796226501464844 
0.5025660395622253 0.4835053086280823 0.013928660191595554 
0.3517286479473114 0.6286779642105103 0.01959337294101715 
0.5097790956497192 0.4719410836696625 0.0182797834277153 
0.5506214499473572 0.4316807687282562 0.017697814851999283 
0.16626182198524475 0.7641721963882446 0.06956595927476883 
0.4839297831058502 0.4967045783996582 0.019365716725587845 
0.4042600393295288 0.5660452842712402 0.02969464287161827 
0.3358956575393677 0.6354249715805054 0.028679370880126953 
0.24646294116973877 0.7007125616073608 0.05282445251941681 
0.16398052871227264 0.7842797040939331 0.051739759743213654 
0.015346253290772438 0.8909827470779419 0.09367097169160843 
0.0984206274151802 0.8642697930335999 0.03730959817767143 
0.1852923035621643 0.7691318988800049 0.04557575285434723 
0.6409579515457153 0.3237038552761078 0.0353381484746933 
0.9284258484840393 0.06658712774515152 0.004986954852938652 
0.6314506530761719 0.3351500630378723 0.03339929133653641 
0.7056317925453186 0.27939853072166443 0.014969735406339169 
0.007761374115943909 0.19046331942081451 0.801775336265564 
0.7604156136512756 0.228348970413208 0.011235416866838932 
0.004552684724330902 0.15466751158237457 0.8407797813415527 
0.1915741264820099 0.7614657878875732 0.04696005955338478 
0.52679443359375 0.4524833559989929 0.02072218246757984 
0.05560757592320442 0.49864256381988525 0.4457499086856842 
0.24867179989814758 0.6999778747558594 0.05135023966431618 
0.5764445662498474 0.40196505188941956 0.021590355783700943 
0.29476064443588257 0.668976366519928 0.036262962967157364 
0.7285271286964417 0.2559163272380829 0.015556606464087963 
0.14681681990623474 0.7991234064102173 0.054059673100709915 
0.800021767616272 0.18721482157707214 0.012763429433107376 
0.017736302688717842 0.6557279229164124 0.32653576135635376 
0.012871635146439075 0.6495066285133362 0.33762168884277344 
0.3045482933521271 0.6705276370048523 0.024924054741859436 
0.028297211974859238 0.35255348682403564 0.6191493272781372 
0.03163721412420273 0.7835686802864075 0.18479406833648682 
0.8544324636459351 0.13806381821632385 0.00750369019806385 
0.03782040998339653 0.8510012030601501 0.11117839813232422 
0.044363755732774734 0.5753618478775024 0.38027438521385193 
0.49748164415359497 0.4603341221809387 0.042184215039014816 
0.861060380935669 0.13264842331409454 0.006291192024946213 
0.24528789520263672 0.5894614458084106 0.16525068879127502 
0.7396080493927002 0.2444840520620346 0.01590794138610363 
0.012151741422712803 0.4573728144168854 0.5304754376411438 
0.060744937509298325 0.63866126537323 0.3005938231945038 
0.0023177764378488064 0.2838902175426483 0.7137920260429382 
0.8275022506713867 0.16349655389785767 0.00900114607065916 
0.42167580127716064 0.5115962028503418 0.06672795116901398 
0.15287165343761444 0.8221961259841919 0.024932216852903366 
0.9212681651115417 0.07283199578523636 0.005899867042899132 
0.2658638060092926 0.6382694244384766 0.09586682170629501 
0.02982824109494686 0.35717305541038513 0.6129987239837646 
0.07170235365629196 0.7714172005653381 0.15688040852546692 
0.022122705355286598 0.7298036217689514 0.24807362258434296 
0.29008474946022034 0.6563913822174072 0.05352385342121124 
0.0259509589523077 0.275485634803772 0.6985633969306946 
0.013864013366401196 0.19386032223701477 0.792275607585907 
0.015531755052506924 0.21487292647361755 0.7695953249931335 
0.8118883967399597 0.17503726482391357 0.01307431049644947 
0.5941976308822632 0.3912076950073242 0.014594659209251404 
0.041353654116392136 0.8722705245018005 0.08637582510709763 
0.4202982783317566 0.5365199446678162 0.04318181425333023 
0.8725285530090332 0.12056620419025421 0.00690524373203516 
0.16779929399490356 0.6034636497497559 0.22873708605766296 
0.0259509589523077 0.275485634803772 0.6985633969306946 
0.5771206617355347 0.39592963457107544 0.026949750259518623 
0.09836491197347641 0.8081111907958984 0.09352387487888336 
0.24677981436252594 0.719441831111908 0.033778369426727295 
0.14301224052906036 0.7851760387420654 0.07181176543235779 
0.9600425362586975 0.037460219115018845 0.0024972311221063137 
0.028389498591423035 0.7274280190467834 0.24418246746063232 
0.2920491099357605 0.6639528274536133 0.04399808496236801 
0.8640230298042297 0.12990158796310425 0.006075301207602024 
0.05246876925230026 0.8916462659835815 0.0558849461376667 
0.1713826060295105 0.6346131563186646 0.19400420784950256 
0.5192906260490417 0.45907798409461975 0.02163136564195156 
0.7621431350708008 0.21431687474250793 0.023539947345852852 
0.16362027823925018 0.6300012469291687 0.20637845993041992 
0.1620274782180786 0.7216103076934814 0.11636225134134293 
0.1645859330892563 0.776587724685669 0.05882631242275238 
0.16362027823925018 0.6300012469291687 0.20637845993041992 
0.17533235251903534 0.6280223727226257 0.19664524495601654 
0.04985098913311958 0.6097787618637085 0.3403702974319458 
0.08530566096305847 0.8054905533790588 0.1092037633061409 
0.07104862481355667 0.7331842184066772 0.19576714932918549 
0.010787093080580235 0.34589308500289917 0.643319845199585 
0.015771789476275444 0.6144798994064331 0.3697482645511627 
0.034396056085824966 0.6234961152076721 0.34210777282714844 
0.6052234172821045 0.3730382025241852 0.021738432347774506 
0.41596290469169617 0.5475756525993347 0.036461468786001205 
0.4413504898548126 0.48412561416625977 0.07452394813299179 
0.9480684399604797 0.04836714267730713 0.003564356593415141 
0.3656172454357147 0.6010409593582153 0.03334178403019905 
0.4784136414527893 0.4476882815361023 0.073898084461689 
0.12360268086194992 0.8083891868591309 0.06800808012485504 
0.11250420659780502 0.6819413900375366 0.20555439591407776 
0.15403993427753448 0.7300187945365906 0.11594122648239136 
0.0493289977312088 0.6913926601409912 0.25927838683128357 
0.5579617619514465 0.3959534168243408 0.046084798872470856 
0.26119810342788696 0.66026771068573 0.07853420823812485 
0.36877691745758057 0.5869302153587341 0.04429290443658829 
0.7443661093711853 0.24270373582839966 0.012930154800415039 
0.611353874206543 0.3659891188144684 0.022657036781311035 
0.1484312117099762 0.8054901361465454 0.04607865586876869 
0.41416552662849426 0.5554719567298889 0.030362451449036598 
0.013137763366103172 0.6276984810829163 0.3591637909412384 
0.005480940919369459 0.09985117614269257 0.8946678638458252 
0.8402098417282104 0.14768631756305695 0.012103878892958164 
0.2600904703140259 0.5637274384498596 0.1761821061372757 
0.752537190914154 0.23502331972122192 0.012439429759979248 
0.06409718841314316 0.4873230755329132 0.4485797882080078 
0.5397140979766846 0.4397946298122406 0.020491300150752068 
0.5337047576904297 0.44411197304725647 0.022183220833539963 
0.5902694463729858 0.39406758546829224 0.01566297374665737 
0.01501463633030653 0.2995380461215973 0.6854472756385803 
0.5829787254333496 0.40047475695610046 0.016546545550227165 
0.6529903411865234 0.3318527638912201 0.015156909823417664 
0.012244866229593754 0.5917747020721436 0.3959804177284241 
0.006219497416168451 0.20986157655715942 0.7839189171791077 
0.08638205379247665 0.7162911891937256 0.19732671976089478 
0.3658334016799927 0.5577806830406189 0.07638591527938843 
0.2742646336555481 0.6745696067810059 0.051165737211704254 
0.7175101637840271 0.2583436071872711 0.024146221578121185 
0.34000933170318604 0.5848886966705322 0.07510196417570114 
0.44024303555488586 0.5173538327217102 0.04240318760275841 
0.6532484292984009 0.31662803888320923 0.030123580247163773 
0.03597409650683403 0.7496800422668457 0.21434588730335236 
0.2710605561733246 0.6285446882247925 0.10039476305246353 
0.3089331090450287 0.5469495058059692 0.1441173553466797 
0.21759702265262604 0.6419937610626221 0.14040926098823547 
0.3257230222225189 0.6388674974441528 0.03540947660803795 
0.014692391268908978 0.5726602673530579 0.4126473367214203 
0.6641144156455994 0.30938097834587097 0.02650461345911026 
0.6450904011726379 0.33606812357902527 0.01884143054485321 
0.6124589443206787 0.34788861870765686 0.03965245559811592 
0.21407146751880646 0.739597499370575 0.0463310144841671 
0.3212549686431885 0.5945397615432739 0.08420517295598984 
0.2248203009366989 0.7326900362968445 0.042489614337682724 
0.11971385031938553 0.8216983675956726 0.05858783796429634 
0.5936077237129211 0.3911774754524231 0.015214834362268448 
0.492784708738327 0.48795583844184875 0.019259454682469368 
0.7952543497085571 0.1941438466310501 0.010601767338812351 
0.028246428817510605 0.9162651300430298 0.055488478392362595 
0.08439948409795761 0.842523992061615 0.07307653874158859 
0.3756139278411865 0.5749108195304871 0.049475234001874924 
0.18267419934272766 0.7501114010810852 0.06721439212560654 
0.2741989195346832 0.6102824211120605 0.11551863700151443 
0.23733322322368622 0.6393527388572693 0.12331406772136688 
0.6530255675315857 0.3350156843662262 0.011958744376897812 
0.18237367272377014 0.7669740319252014 0.05065225809812546 
0.019685132429003716 0.3797755241394043 0.6005393266677856 
0.44431793689727783 0.5267904996871948 0.02889149636030197 
0.6385824680328369 0.3251783549785614 0.03623924031853676 
0.8277236819267273 0.15658801794052124 0.015688346698880196 
0.34767428040504456 0.5473442077636719 0.10498153418302536 
0.35022997856140137 0.6206896305084229 0.029080400243401527 
0.04003600403666496 0.8350608348846436 0.12490314245223999 
0.5169363021850586 0.46460896730422974 0.01845470815896988 
0.4478904604911804 0.5312932729721069 0.020816272124648094 
0.13914364576339722 0.7140690088272095 0.14678733050823212 
0.9099178314208984 0.08552258461713791 0.0045595248229801655 
0.02758844941854477 0.6398099660873413 0.33260154724121094 
0.7272710204124451 0.2539750933647156 0.018753908574581146 
0.7037160992622375 0.27462077140808105 0.021663116291165352 
0.796597957611084 0.19098030030727386 0.012421739287674427 
0.03628532588481903 0.711822509765625 0.25189220905303955 
0.7911328673362732 0.19471286237239838 0.014154277741909027 
0.44953399896621704 0.4750225841999054 0.07544339448213577 
0.36554139852523804 0.5962444543838501 0.038214102387428284 
0.6649184823036194 0.3227611780166626 0.012320279143750668 
0.39379534125328064 0.5769143104553223 0.029290329664945602 
0.05885869264602661 0.8930484056472778 0.04809290170669556 
0.4865932762622833 0.49223247170448303 0.021174298599362373 
0.7384994029998779 0.2496272623538971 0.011873304843902588 
0.6846802830696106 0.2878476083278656 0.027472076937556267 
0.03215250000357628 0.6312561631202698 0.33659133315086365 
0.5818277597427368 0.37574025988578796 0.04243189096450806 
0.11317813396453857 0.8424249291419983 0.04439697042107582 
0.785701334476471 0.20365183055400848 0.010646882466971874 
0.776176393032074 0.21276846528053284 0.011055076494812965 
0.011868287809193134 0.6277605295181274 0.3603711426258087 
0.1748606413602829 0.6349475979804993 0.19019167125225067 
0.46749234199523926 0.48820722103118896 0.04430040344595909 
0.7302051782608032 0.2547233998775482 0.015071437694132328 
0.17550909519195557 0.6763955354690552 0.14809535443782806 
0.750537097454071 0.23621860146522522 0.013244259171187878 
0.5285192131996155 0.42275235056877136 0.04872843995690346 
0.03839484602212906 0.7188628911972046 0.24274227023124695 
0.805233895778656 0.18212349712848663 0.012642653658986092 
0.651346743106842 0.31011882424354553 0.03853447362780571 
0.1122053936123848 0.8362281918525696 0.05156649649143219 
0.6505717039108276 0.3153380751609802 0.034090280532836914 
0.8452103734016418 0.14801466464996338 0.00677503040060401 
0.8652781844139099 0.1270279586315155 0.007693880703300238 
0.8071298599243164 0.18470831215381622 0.008161869831383228 
0.8775953054428101 0.11546965688467026 0.0069350204430520535 
0.21001993119716644 0.711882472038269 0.07809757441282272 
0.025784272700548172 0.3835928440093994 0.5906228423118591 
0.5395719408988953 0.4294193387031555 0.03100867010653019 
0.44054079055786133 0.4834686815738678 0.07599052041769028 
0.11495961993932724 0.7585922479629517 0.12644807994365692 
0.2525359094142914 0.6067185401916504 0.14074556529521942 
0.482254296541214 0.44671839475631714 0.07102727144956589 
0.06562989950180054 0.8246259689331055 0.10974422097206116 
0.8840846419334412 0.11051570624113083 0.005399561021476984 
0.5002993941307068 0.4564325511455536 0.043268073350191116 
0.5680761337280273 0.3991708755493164 0.032752931118011475 
0.19590678811073303 0.7704660892486572 0.033627066761255264 
0.716921865940094 0.2633439302444458 0.019734220579266548 
0.7550672888755798 0.22883711755275726 0.016095632687211037 
0.05441218987107277 0.6484636664390564 0.29712414741516113 
0.7694143652915955 0.2130690962076187 0.01751660741865635 
0.0023177764378488064 0.2838902175426483 0.7137920260429382 
0.9605837464332581 0.03627849742770195 0.003137679537758231 
0.015148819424211979 0.09742636978626251 0.8874247670173645 
0.43677639961242676 0.48608601093292236 0.0771375447511673 
0.009958173148334026 0.41835424304008484 0.571687638759613 
0.7384994029998779 0.2496272623538971 0.011873304843902588 
0.7948328852653503 0.19448569416999817 0.010681385174393654 
0.8071051836013794 0.18235379457473755 0.010541070252656937 
0.7616388201713562 0.21625706553459167 0.02210409939289093 
0.822414219379425 0.17248691618442535 0.0050988164730370045 
0.8413814902305603 0.15391570329666138 0.004702810663729906 
0.9620804190635681 0.03585685044527054 0.0020627554040402174 
0.7593861222267151 0.22989115118980408 0.010722743347287178 
0.9146997332572937 0.08119984716176987 0.004100366961210966 
0.019131798297166824 0.7533187866210938 0.22754934430122375 
0.7861003875732422 0.20208784937858582 0.011811701580882072 
0.2610154151916504 0.6958851218223572 0.04309944808483124 
0.10007194429636002 0.7554209232330322 0.14450711011886597 
0.8815386295318604 0.10917903482913971 0.009282230399549007 
0.8947947025299072 0.10046245902776718 0.004742866847664118 
0.028674330562353134 0.849151074886322 0.12217467278242111 
0.08295726776123047 0.8600689768791199 0.05697384476661682 
0.40714988112449646 0.5465686917304993 0.04628142714500427 
0.11316561698913574 0.7400698661804199 0.14676450192928314 
0.524406373500824 0.454816073179245 0.020777540281414986 
0.037790000438690186 0.7307319641113281 0.23147805035114288 
0.3191097378730774 0.5997785925865173 0.08111169934272766 
0.5866335034370422 0.35892385244369507 0.054442573338747025 
0.27384817600250244 0.6972248554229736 0.028926877304911613 
0.013674949295818806 0.49750930070877075 0.4888157844543457 
0.6749085783958435 0.30351147055625916 0.021579982712864876 
0.6259631514549255 0.3524104058742523 0.021626446396112442 
0.02364213764667511 0.7007847428321838 0.2755730450153351 
0.03140580654144287 0.9059969186782837 0.06259723007678986 
0.003592485561966896 0.0804152712225914 0.9159922003746033 
0.8373468518257141 0.15479931235313416 0.007853799499571323 
0.9751421809196472 0.022788772359490395 0.0020690776873379946 
0.2098379284143448 0.7505374550819397 0.03962456062436104 
0.6342844367027283 0.3433153033256531 0.022400254383683205 
0.8412211537361145 0.15347075462341309 0.00530806090682745 
0.48235318064689636 0.4996676743030548 0.017979124560952187 
0.2906123399734497 0.6859736442565918 0.02341400645673275 
0.008485126309096813 0.6955743432044983 0.2959405481815338 
0.5376294851303101 0.42817631363868713 0.034194156527519226 
0.8742682933807373 0.11964808404445648 0.0060836090706288815 
0.32122164964675903 0.6080748438835144 0.07070360332727432 
0.4065547585487366 0.5525045990943909 0.04094068706035614 
0.00794387236237526 0.5642722249031067 0.42778387665748596 
0.00852098036557436 0.46712708473205566 0.524351954460144 
0.0029701711609959602 0.12740746140480042 0.8696224093437195 
0.9215854406356812 0.07300075143575668 0.0054137930274009705 
0.2622208297252655 0.6695326566696167 0.06824648380279541 
0.7797316908836365 0.20076800882816315 0.019500240683555603 
0.4404744803905487 0.5025425553321838 0.056983012706041336 
0.014896832406520844 0.26858577132225037 0.7165173888206482 
0.7726426124572754 0.19702447950839996 0.03033282607793808 
0.023903965950012207 0.9211094975471497 0.05498656630516052 
0.03802582621574402 0.870712161064148 0.09126198291778564 
0.08066212385892868 0.8508251309394836 0.06851280480623245 
0.011699875816702843 0.3988247215747833 0.5894754528999329 
0.15264761447906494 0.74689120054245 0.10046118497848511 
0.07929566502571106 0.863020122051239 0.05768420547246933 
0.6040540337562561 0.3745424747467041 0.02140350453555584 
0.8610605597496033 0.12953078746795654 0.009408669546246529 
0.8528743982315063 0.14094911515712738 0.006176530849188566 
0.7269178032875061 0.25120267271995544 0.021879522129893303 
0.7905033230781555 0.19353429973125458 0.01596233993768692 
0.028032027184963226 0.3413339853286743 0.6306339502334595 
0.03450680151581764 0.9095436930656433 0.05594952031970024 
0.047979168593883514 0.4809068441390991 0.47111397981643677 
0.17582020163536072 0.7443919777870178 0.07978782802820206 
0.8402866721153259 0.15137149393558502 0.008341813459992409 
0.08988248556852341 0.729558527469635 0.1805589497089386 
0.02675873227417469 0.5449055433273315 0.4283357858657837 
0.20061847567558289 0.7130446434020996 0.0863369032740593 
0.036780621856451035 0.3851914703845978 0.5780279040336609 
0.10767289251089096 0.8136293292045593 0.0786978229880333 
0.010464570485055447 0.6381800770759583 0.3513553738594055 
0.9456484317779541 0.050674475729465485 0.0036771262530237436 
0.05518180504441261 0.48329252004623413 0.46152567863464355 
0.07734504342079163 0.8448154926300049 0.0778394341468811 
0.6682796478271484 0.3232155442237854 0.008504815399646759 
0.19824929535388947 0.684600830078125 0.11714980006217957 
0.1889684647321701 0.7241846323013306 0.08684687316417694 
0.035672128200531006 0.3716428279876709 0.5926850438117981 
0.6197219491004944 0.35631638765335083 0.02396165393292904 
0.0023177764378488064 0.2838902175426483 0.7137920260429382 
0.8153612613677979 0.1764848381280899 0.00815390795469284 
0.6043423414230347 0.3706417679786682 0.025015918537974358 
0.4171423316001892 0.5450938940048218 0.0377638079226017 
0.14804720878601074 0.7785967588424683 0.07335595041513443 
0.031316135078668594 0.579873263835907 0.3888106346130371 
0.07645022869110107 0.7323975563049316 0.1911522001028061 
0.05211402475833893 0.8895284533500671 0.058357544243335724 
0.6009814739227295 0.3754735291004181 0.023544995114207268 
0.051193755120038986 0.7889216542243958 0.15988458693027496 
0.36594608426094055 0.5883265137672424 0.04572743922472 
0.06517133116722107 0.8868033289909363 0.04802533611655235 
0.085847869515419 0.8018440008163452 0.11230812966823578 
0.7251286506652832 0.2657719850540161 0.009099314920604229 
0.1453026831150055 0.7797922492027283 0.07490509003400803 
0.1453026831150055 0.7797922492027283 0.07490509003400803 
0.5914203524589539 0.381925493478775 0.026654178276658058 
0.2154417335987091 0.6885860562324524 0.09597226977348328 
0.091389961540699 0.8226130604743958 0.08599702268838882 
0.9729800820350647 0.02521435171365738 0.0018055799882858992 
0.07778452336788177 0.7669010758399963 0.1553144007921219 
0.543927013874054 0.39918169379234314 0.05689122900366783 
0.13341361284255981 0.7204434871673584 0.14614291489124298 
0.023159757256507874 0.8187061548233032 0.15813413262367249 
0.8105831742286682 0.1820259541273117 0.007390850223600864 
0.28386393189430237 0.6700077056884766 0.04612840712070465 
0.02478996105492115 0.7899667620658875 0.18524326384067535 
0.056935641914606094 0.8750966191291809 0.06796766817569733 
0.12115512788295746 0.8072257041931152 0.0716191828250885 
0.0011518854880705476 0.029052305966615677 0.969795823097229 
0.6167938113212585 0.3153773844242096 0.06782879680395126 
0.41412436962127686 0.5546337366104126 0.031241871416568756 
0.09525703638792038 0.8056049346923828 0.09913797676563263 
0.2610154151916504 0.6958851218223572 0.04309944808483124 
0.09646694362163544 0.8595485687255859 0.043984439224004745 
0.23594671487808228 0.7388885021209717 0.02516479417681694 
0.03351656347513199 0.6420018076896667 0.32448166608810425 
0.0275409035384655 0.8589130640029907 0.11354605853557587 
0.16129937767982483 0.7774894833564758 0.061211083084344864 
0.06473436951637268 0.5647972822189331 0.37046828866004944 
0.4213583171367645 0.5344159007072449 0.044225841760635376 
0.16968858242034912 0.7907328605651855 0.039578571915626526 
0.20350436866283417 0.7525436878204346 0.04395201429724693 
0.013170871883630753 0.5512976050376892 0.4355315566062927 
0.0552288293838501 0.8152342438697815 0.129536971449852 
0.020701320841908455 0.4924963712692261 0.4868023693561554 
0.012376701459288597 0.5450299382209778 0.44259336590766907 
0.08520761132240295 0.6956747770309448 0.21911762654781342 
0.07415055483579636 0.747434139251709 0.17841534316539764 
0.2610154151916504 0.6958851218223572 0.04309944808483124 
0.025251761078834534 0.82956862449646 0.1451795995235443 
0.2511671185493469 0.7055078744888306 0.04332495108246803 
0.2610154151916504 0.6958851218223572 0.04309944808483124 
0.9487326741218567 0.0489916056394577 0.002275751205161214 
0.03871045634150505 0.8360514044761658 0.12523818016052246 
0.9316822290420532 0.06440616399049759 0.003911598119884729 
0.25088220834732056 0.7062491774559021 0.04286862164735794 
0.032365765422582626 0.3539605438709259 0.613673746585846 
0.9115884304046631 0.08252081274986267 0.005890749394893646 
0.8209818005561829 0.17098911106586456 0.008029095828533173 
0.2548418939113617 0.6964871287345886 0.04867099970579147 
0.2559140920639038 0.696790337562561 0.04729557782411575 
0.013441183604300022 0.5909982323646545 0.39556053280830383 
0.5811936259269714 0.40534138679504395 0.013465004041790962 
0.08427978307008743 0.6135367155075073 0.30218350887298584 
0.2876364588737488 0.688971996307373 0.02339158207178116 
0.021602148190140724 0.8199993371963501 0.1583985537290573 
0.5832666158676147 0.3911345601081848 0.025598904117941856 
0.864594042301178 0.12901203334331512 0.006393924821168184 
0.011038051918148994 0.4368574321269989 0.5521045327186584 
0.3912598192691803 0.569213330745697 0.03952694684267044 
0.12638311088085175 0.8156120181083679 0.05800493061542511 
0.011573475785553455 0.38367152214050293 0.6047550439834595 
0.016849689185619354 0.8929271697998047 0.09022314846515656 
0.13599489629268646 0.7874743938446045 0.07653075456619263 
0.058278847485780716 0.7230000495910645 0.2187211662530899 
0.004086327273398638 0.14182519912719727 0.8540884256362915 
0.0495181605219841 0.7718464732170105 0.17863532900810242 
0.047732625156641006 0.8938276171684265 0.05843973532319069 
0.0023177764378488064 0.2838902175426483 0.7137920260429382 
0.0023177764378488064 0.2838902175426483 0.7137920260429382 
0.5769359469413757 0.39827826619148254 0.024785833433270454 
0.3548573851585388 0.5987808108329773 0.046361736953258514 
0.07571515440940857 0.8076363801956177 0.11664850264787674 
0.8779577612876892 0.11597579717636108 0.006066461559385061 
0.6281573176383972 0.35528677701950073 0.016555940732359886 
0.6875162720680237 0.2956121265888214 0.016871651634573936 
0.09474875032901764 0.740307629108429 0.164943665266037 
0.5115528702735901 0.46621623635292053 0.02223086915910244 
0.9551013112068176 0.04178678244352341 0.0031119221821427345 
0.25838667154312134 0.6935901641845703 0.04802313074469566 
0.10649143159389496 0.8185138702392578 0.07499473541975021 
0.37793484330177307 0.5881484746932983 0.03391672670841217 
0.09030365198850632 0.8127689361572266 0.09692738205194473 
0.43125155568122864 0.5397433042526245 0.029005175456404686 
0.9126905202865601 0.08472341299057007 0.002586146118119359 
0.13965775072574615 0.7981194853782654 0.062222741544246674 
0.561842679977417 0.3963299095630646 0.04182746633887291 
0.4720073342323303 0.49248045682907104 0.03551221638917923 
0.14463786780834198 0.793220043182373 0.06214211881160736 
0.0017769112018868327 0.02307053655385971 0.9751524925231934 
0.002641452709212899 0.19687284529209137 0.8004856705665588 
0.11971914023160934 0.8498458862304688 0.03043499030172825 
0.9172658324241638 0.07653150707483292 0.0062026577070355415 
0.6516945958137512 0.32695624232292175 0.021349145099520683 
0.38991957902908325 0.5262123346328735 0.08386804908514023 
0.10414343327283859 0.7015248537063599 0.19433166086673737 
0.5038173198699951 0.4766198694705963 0.01956285536289215 
0.028246428817510605 0.9162651300430298 0.055488478392362595 
0.5821456909179688 0.4013359844684601 0.016518305987119675 
0.020750215277075768 0.5588395595550537 0.4204102158546448 
0.036390434950590134 0.808861494064331 0.15474805235862732 
0.627484142780304 0.3558548390865326 0.01666097529232502 
0.5671103000640869 0.3834506571292877 0.04943905398249626 
0.001770507893525064 0.06900719553232193 0.9292222857475281 
0.07700780779123306 0.7196518778800964 0.2033403366804123 
0.46977895498275757 0.5095049142837524 0.02071620523929596 
0.7803933620452881 0.20573925971984863 0.013867354020476341 
0.19711284339427948 0.7542293071746826 0.04865781590342522 
0.21472138166427612 0.7327863574028015 0.052492234855890274 
0.33394014835357666 0.6193252205848694 0.04673461243510246 
0.35889074206352234 0.601290225982666 0.03981899842619896 
0.29828473925590515 0.6756110191345215 0.026104221120476723 
0.013884286396205425 0.19401632249355316 0.7920993566513062 
0.008226502686738968 0.26698222756385803 0.7247912883758545 
0.006684382911771536 0.5247478485107422 0.46856772899627686 
0.00603059446439147 0.5055606961250305 0.4884086549282074 
0.6865323185920715 0.2976665198802948 0.015801232308149338 
0.07473132014274597 0.8601945042610168 0.06507423520088196 
0.014137782156467438 0.3111381232738495 0.6747240424156189 
0.007994052954018116 0.6445798277854919 0.3474262058734894 
0.3355049192905426 0.6338383555412292 0.0306567195802927 
0.29014599323272705 0.6777458786964417 0.03210809454321861 
0.20711728930473328 0.7476288676261902 0.04525381326675415 
0.17355254292488098 0.7917379140853882 0.034709587693214417 
0.3094111680984497 0.653768002986908 0.03682081028819084 
0.052517663687467575 0.8089142441749573 0.13856811821460724 
0.052517663687467575 0.8089142441749573 0.13856811821460724 
0.04639158025383949 0.8058504462242126 0.14775805175304413 
0.005893867928534746 0.28422811627388 0.7098779678344727 
0.16349925100803375 0.7649864554405212 0.07151425629854202 
0.7272956371307373 0.2561999559402466 0.016504446044564247 
0.01205920334905386 0.6856001019477844 0.30234068632125854 
0.518347978591919 0.45979270339012146 0.02185932733118534 
0.24731849133968353 0.6974472999572754 0.055234186351299286 
0.007927880622446537 0.4401274621486664 0.5519446134567261 
0.1608249396085739 0.7852240204811096 0.053951017558574677 
0.0011732109123840928 0.05052126199007034 0.9483054876327515 
0.07073596119880676 0.8515792489051819 0.07768486440181732 
0.8762291073799133 0.1170278936624527 0.00674307718873024 
0.862985372543335 0.12265586853027344 0.01435882318764925 
0.0015044675674289465 0.048490215092897415 0.9500053524971008 
0.41504552960395813 0.534416675567627 0.05053776875138283 
0.6334484815597534 0.33343541622161865 0.033116135746240616 
0.12903812527656555 0.7290459275245667 0.14191597700119019 
0.32379257678985596 0.6144240498542786 0.061783406883478165 
0.5303110480308533 0.4031176269054413 0.06657131016254425 
0.8120278120040894 0.18289421498775482 0.005077955313026905 
0.28414082527160645 0.6384978890419006 0.0773613378405571 
0.39844173192977905 0.5236127972602844 0.07794547826051712 
0.03460318222641945 0.31008100509643555 0.6553158164024353 
0.09247129410505295 0.6508004069328308 0.25672826170921326 
0.05133267119526863 0.8638222217559814 0.0848451629281044 
0.5370213389396667 0.364132285118103 0.09884639084339142 
0.823777973651886 0.1604580283164978 0.01576397754251957 
0.24715861678123474 0.671622633934021 0.08121883869171143 
0.22674067318439484 0.6958663463592529 0.07739302515983582 
0.006241794675588608 0.7094883918762207 0.284269779920578 
0.006241794675588608 0.7094883918762207 0.284269779920578 
0.006241794675588608 0.7094883918762207 0.284269779920578 
0.038773540407419205 0.7263132333755493 0.2349131852388382 
0.031708814203739166 0.9031092524528503 0.06518195569515228 
0.23981310427188873 0.7344046831130981 0.0257822647690773 
0.024542177096009254 0.6059718728065491 0.3694859743118286 
0.24263201653957367 0.6075166463851929 0.14985133707523346 
0.33392611145973206 0.6201364398002625 0.04593749716877937 
0.573163628578186 0.4020457863807678 0.02479051798582077 
0.011793514713644981 0.43059825897216797 0.5576082468032837 
0.7364146113395691 0.2546367049217224 0.008948737755417824 
0.6228885054588318 0.35451021790504456 0.022601287811994553 
0.3007374405860901 0.6625708341598511 0.036691781133413315 
0.3823898136615753 0.5694970488548279 0.048113204538822174 
0.9023923873901367 0.09145946800708771 0.006148167420178652 
0.9054557085037231 0.09080050885677338 0.0037437735591083765 
0.0059872097335755825 0.27723151445388794 0.7167812585830688 
0.21575798094272614 0.7150437235832214 0.06919828802347183 
0.001995718339458108 0.09100402891635895 0.9070003032684326 
0.021150898188352585 0.5326621532440186 0.44618695974349976 
0.1502991020679474 0.7907517552375793 0.05894918739795685 
0.8093998432159424 0.1830247938632965 0.007575379218906164 
0.3181827962398529 0.6540654897689819 0.02775181084871292 
0.37732940912246704 0.578836977481842 0.0438336506485939 
0.38339340686798096 0.5719626545906067 0.04464397579431534 
0.8706899881362915 0.11994420737028122 0.009365804493427277 
0.3823898136615753 0.5694970488548279 0.048113204538822174 
0.07083220034837723 0.6345704793930054 0.2945972979068756 
0.03474627435207367 0.8281955718994141 0.13705818355083466 
0.00884238537400961 0.5688378214836121 0.42231976985931396 
0.16390936076641083 0.6748624444007874 0.1612282395362854 
0.6311349272727966 0.34876084327697754 0.020104171708226204 
0.1366463303565979 0.7996761798858643 0.06367750465869904 
0.8886209726333618 0.10717494040727615 0.004204033873975277 
0.8772352933883667 0.11802689731121063 0.004737901035696268 
0.8978607654571533 0.09814486652612686 0.00399434519931674 
0.010230856016278267 0.3484501838684082 0.6413189768791199 
0.3045998215675354 0.6725114583969116 0.022888710722327232 
0.7529272437095642 0.23148389160633087 0.015588773414492607 
0.1135409027338028 0.5961955189704895 0.2902635335922241 
0.823777973651886 0.1604580283164978 0.01576397754251957 
0.8940377831459045 0.10135357081890106 0.004608578979969025 
0.1430595964193344 0.7691953182220459 0.08774508535861969 
0.18484704196453094 0.7875077128410339 0.027645254507660866 
0.8712120652198792 0.12024573236703873 0.00854224432259798 
0.14333747327327728 0.7996204495429993 0.05704207718372345 
0.8998457789421082 0.09584510326385498 0.0043091727420687675 
0.1850147545337677 0.7914087176322937 0.023576529696583748 
0.043837714940309525 0.3498792052268982 0.6062830686569214 
0.891331136226654 0.10414161533117294 0.0045271678827703 
0.9004104137420654 0.09558958560228348 0.003999980632215738 
0.024909596890211105 0.6843289136886597 0.29076144099235535 
0.8884662985801697 0.10728345811367035 0.0042502847500145435 
0.23603469133377075 0.7273980975151062 0.03656722232699394 
0.8934152126312256 0.10244521498680115 0.004139523487538099 
0.9015791416168213 0.09431076049804688 0.0041100927628576756 
0.8886209726333618 0.10717494040727615 0.004204033873975277 
0.8849737644195557 0.11055557429790497 0.004470672458410263 
0.8849737644195557 0.11055557429790497 0.004470672458410263 
0.8888371586799622 0.10677220672369003 0.00439061876386404 
0.8808923959732056 0.11449822038412094 0.004609358962625265 
0.8829860091209412 0.11254076659679413 0.0044732363894581795 
0.8841044902801514 0.11135954409837723 0.004535928834229708 
0.8852722644805908 0.10977604985237122 0.00495168287307024 
0.9663774967193604 0.030746081843972206 0.0028764954768121243 
0.5375378727912903 0.404178649187088 0.058283448219299316 
0.18484704196453094 0.7875077128410339 0.027645254507660866 
0.8984775543212891 0.09487015753984451 0.006652314681559801 
0.14265355467796326 0.805144190788269 0.05220220983028412 
0.028246428817510605 0.9162651300430298 0.055488478392362595 
0.050442349165678024 0.5425606966018677 0.4069969654083252 
0.9081249237060547 0.0882735550403595 0.00360147375613451 
0.860243022441864 0.13336516916751862 0.006391855422407389 
0.23031207919120789 0.7404535412788391 0.02923440933227539 
0.23859627544879913 0.6400617361068726 0.12134193629026413 
0.8894277811050415 0.10628488659858704 0.004287342075258493 
0.005548485554754734 0.10678350180387497 0.8876679539680481 
0.8998457789421082 0.09584510326385498 0.0043091727420687675 
0.019490493461489677 0.7306861877441406 0.24982330203056335 
0.8883718848228455 0.10679246485233307 0.00483564892783761 
0.010857243090867996 0.31168851256370544 0.6774542331695557 
0.8952155113220215 0.10037045180797577 0.0044141183607280254 
0.8886209726333618 0.10717494040727615 0.004204033873975277 
0.8934152126312256 0.10244521498680115 0.004139523487538099 
0.9015791416168213 0.09431076049804688 0.0041100927628576756 
0.8908962607383728 0.10484860837459564 0.004255182109773159 
0.42042669653892517 0.5604177117347717 0.01915559358894825 
0.05978948622941971 0.4773175120353699 0.46289297938346863 
0.06768923997879028 0.8548528552055359 0.07745778560638428 
0.02374385856091976 0.5291560292243958 0.44710013270378113 
0.9089940786361694 0.08625417202711105 0.004751858301460743 
0.5098302960395813 0.4472273290157318 0.04294239357113838 
0.03472612798213959 0.3535861372947693 0.6116877198219299 
0.7382326722145081 0.24810804426670074 0.013659310527145863 
0.013677622191607952 0.3204154074192047 0.6659070253372192 
0.250692754983902 0.6262843608856201 0.12302292138338089 
0.01205920334905386 0.6856001019477844 0.30234068632125854 
0.039765916764736176 0.7828201055526733 0.17741400003433228 
0.06768923997879028 0.8548528552055359 0.07745778560638428 
0.021487336605787277 0.8149492144584656 0.16356347501277924 
0.027086379006505013 0.8346279859542847 0.13828568160533905 
0.7303334474563599 0.2622584402561188 0.0074080307967960835 
0.25245895981788635 0.7024283409118652 0.04511268809437752 
0.013137763366103172 0.6276984810829163 0.3591637909412384 
0.9239270687103271 0.07229427993297577 0.0037787079345434904 
0.009884120896458626 0.35512158274650574 0.6349942684173584 
0.6175636649131775 0.3618640601634979 0.020572327077388763 
0.0013052934082224965 0.026161110028624535 0.9725335836410522 
0.0026954091154038906 0.14272312819957733 0.8545815348625183 
0.0457891970872879 0.5564520359039307 0.39775875210762024 
0.30584630370140076 0.6184340119361877 0.0757196918129921 
0.08192254602909088 0.736499547958374 0.18157796561717987 
0.18761561810970306 0.7235578894615173 0.0888264998793602 
0.38938257098197937 0.5545967221260071 0.05602072551846504 
0.14962701499462128 0.6984851360321045 0.15188787877559662 
0.5327959060668945 0.4325176179409027 0.034686535596847534 
0.6843436360359192 0.3050310015678406 0.010625411756336689 
0.6528152823448181 0.33364638686180115 0.013538319617509842 
0.8187553882598877 0.1693178117275238 0.011926819570362568 
0.4257502257823944 0.502001166343689 0.07224858552217484 
0.37012821435928345 0.5351760983467102 0.09469567239284515 
0.6567056775093079 0.3192177414894104 0.02407659962773323 
0.3540709316730499 0.6237162351608276 0.0222128015011549 
0.01205920334905386 0.6856001019477844 0.30234068632125854 
0.4709765613079071 0.4730543792247772 0.05596904456615448 
0.39171433448791504 0.5461663007736206 0.06211940199136734 
0.759852945804596 0.22341622412204742 0.01673072949051857 
0.6151133179664612 0.36837291717529297 0.01651371456682682 
0.05802266299724579 0.4930567443370819 0.4489206075668335 
0.8177312612533569 0.17401090264320374 0.00825780350714922 
0.13921388983726501 0.8252496123313904 0.03553643822669983 
0.4508873522281647 0.5196335911750793 0.0294790156185627 
0.21685247123241425 0.626698911190033 0.15644867718219757 
0.13965775072574615 0.7981194853782654 0.062222741544246674 
0.015130801126360893 0.4078286588191986 0.5770405530929565 
0.0010108505375683308 0.022546231746673584 0.9764428734779358 
0.15974460542201996 0.8015226721763611 0.03873270004987717 
0.25239163637161255 0.7076119780540466 0.03999634087085724 
0.0350617878139019 0.2605619430541992 0.704376220703125 
0.4895864725112915 0.4776030480861664 0.03281048685312271 
0.000730051368009299 0.03710480034351349 0.9621651768684387 
0.00291920336894691 0.07992664724588394 0.9171541333198547 
0.015398221090435982 0.32512953877449036 0.6594722270965576 
0.0097395870834589 0.3270416259765625 0.6632188558578491 
0.06996586173772812 0.6005423665046692 0.3294917941093445 
0.12858712673187256 0.4812564551830292 0.39015647768974304 
0.039659298956394196 0.6009151339530945 0.35942554473876953 
0.4800114035606384 0.478282630443573 0.04170602187514305 
0.00888405553996563 0.17171533405780792 0.8194006085395813 
0.04190494492650032 0.7441932559013367 0.2139018326997757 
0.012886598706245422 0.30479833483695984 0.6823150515556335 
0.0013762082671746612 0.025266122072935104 0.9733577370643616 
0.03363199159502983 0.6172245144844055 0.34914350509643555 
0.0029539859388023615 0.056229546666145325 0.9408165216445923 
0.011856824159622192 0.4254237413406372 0.5627194046974182 
0.02317396178841591 0.2531508505344391 0.7236751317977905 
0.08973195403814316 0.7267730832099915 0.18349501490592957 
0.03328881040215492 0.6358767151832581 0.3308345377445221 
0.012794001959264278 0.23882491886615753 0.7483810782432556 
0.04121709242463112 0.5481915473937988 0.4105913043022156 
0.006580615881830454 0.24252624809741974 0.7508931159973145 
0.05520977824926376 0.7925382256507874 0.1522519886493683 
0.2628159523010254 0.5504024028778076 0.18678167462348938 
0.049522072076797485 0.7623906135559082 0.1880873292684555 
0.11319728940725327 0.7553480863571167 0.13145464658737183 
0.019437814131379128 0.4675693213939667 0.5129928588867188 
0.0031354001257568598 0.11881113052368164 0.8780534267425537 
0.27525290846824646 0.518578290939331 0.20616881549358368 
0.004787154495716095 0.06862957775592804 0.9265832901000977 
0.038386426866054535 0.5193309783935547 0.4422825574874878 
0.10952366143465042 0.7448970675468445 0.14557921886444092 
0.08354563266038895 0.6362259984016418 0.2802284061908722 
0.0057298350147902966 0.20202477276325226 0.7922453880310059 
0.11319728940725327 0.7553480863571167 0.13145464658737183 
0.041078682988882065 0.4853467047214508 0.4735746383666992 
0.010671128518879414 0.16759328544139862 0.8217355608940125 
0.021371984854340553 0.36664077639579773 0.6119872331619263 
0.0031354001257568598 0.11881113052368164 0.8780534267425537 
0.013465994969010353 0.3350747525691986 0.6514592170715332 
0.04643234983086586 0.9213442206382751 0.0322234146296978 
0.1864304542541504 0.7232170701026917 0.09035244584083557 
0.028246428817510605 0.9162651300430298 0.055488478392362595 
0.17445960640907288 0.7640005946159363 0.06153975799679756 
0.013137763366103172 0.6276984810829163 0.3591637909412384 
0.3099222481250763 0.6154298782348633 0.074647918343544 
0.07733425498008728 0.8270862102508545 0.09557951986789703 
0.7974168062210083 0.19064131379127502 0.011941863223910332 
0.47518855333328247 0.46279168128967285 0.062019698321819305 
0.7540249824523926 0.23196212947368622 0.014012935571372509 
0.40904736518859863 0.5316504836082458 0.059302184730768204 
0.38699015974998474 0.5792787671089172 0.033731065690517426 
0.8262510299682617 0.16114982962608337 0.012599135749042034 
0.09763430804014206 0.6113860011100769 0.2909797132015228 
0.8905555009841919 0.10510508716106415 0.004339434206485748 
0.03831156715750694 0.6962258815765381 0.2654625475406647 
0.9275516271591187 0.06702904403209686 0.005419382359832525 
0.9514732956886292 0.04506745934486389 0.0034592426382005215 
0.015273994766175747 0.6572669148445129 0.32745906710624695 
0.015273994766175747 0.6572669148445129 0.32745906710624695 
0.015273994766175747 0.6572669148445129 0.32745906710624695 
0.5426784753799438 0.4450257420539856 0.012295831926167011 
0.009481760673224926 0.35221678018569946 0.6383014917373657 
0.01205920334905386 0.6856001019477844 0.30234068632125854 
0.002439529402181506 0.2848767340183258 0.7126837968826294 
0.10105688869953156 0.8454142212867737 0.053528979420661926 
0.35275283455848694 0.6102390885353088 0.03700798377394676 
0.7739537954330444 0.21316522359848022 0.012880967929959297 
0.004096542950719595 0.03539743646979332 0.960506021976471 
0.23160427808761597 0.7336117625236511 0.03478396683931351 
0.013137763366103172 0.6276984810829163 0.3591637909412384 
0.028246428817510605 0.9162651300430298 0.055488478392362595 
0.018153829500079155 0.6227993965148926 0.3590467572212219 
0.08324427157640457 0.7277119159698486 0.1890438199043274 
0.6263396143913269 0.35383257269859314 0.01982778310775757 
0.02790038101375103 0.29539504647254944 0.6767045259475708 
0.6214324235916138 0.3541099429130554 0.024457698687911034 
0.18604488670825958 0.7664825916290283 0.04747247323393822 
0.009795190766453743 0.2900809347629547 0.7001239061355591 
0.5967041254043579 0.387390673160553 0.015905190259218216 
0.008013427257537842 0.21762271225452423 0.7743638753890991 
0.01438616681843996 0.2797037959098816 0.7059099674224854 
0.7041494846343994 0.28065940737724304 0.015191052109003067 
0.4683544337749481 0.5074439644813538 0.02420159801840782 
0.6067582964897156 0.36999258399009705 0.02324914000928402 
0.4877128303050995 0.4716441035270691 0.04064299911260605 
0.6393089890480042 0.338537335395813 0.022153720259666443 
0.8689244389533997 0.12531249225139618 0.005763068329542875 
0.005996005609631538 0.3524371087551117 0.6415669322013855 
0.8628132939338684 0.13011960685253143 0.007067050319164991 
0.05668909102678299 0.8455153703689575 0.09779553860425949 
0.21810610592365265 0.6757075190544128 0.10618637502193451 
0.9521105289459229 0.045370765030384064 0.0025186610873788595 
0.9279344081878662 0.0672454908490181 0.004820086993277073 
0.8363056182861328 0.15348580479621887 0.01020848285406828 
0.8344460725784302 0.15511032938957214 0.010443580336868763 
0.24465656280517578 0.6980525851249695 0.05729087442159653 
0.6485940217971802 0.33323806524276733 0.018167903646826744 
0.0810699611902237 0.8440991044044495 0.07483090460300446 
0.008071966469287872 0.37537261843681335 0.6165554523468018 
0.2796715497970581 0.5377594232559204 0.1825689971446991 
0.018603956326842308 0.6466944217681885 0.3347015678882599 
0.1480431854724884 0.81986403465271 0.03209282085299492 
0.43298035860061646 0.5380991697311401 0.028920382261276245 
0.35842370986938477 0.5954859852790833 0.04609030485153198 
0.7125615477561951 0.27618032693862915 0.011258169077336788 
0.6365991830825806 0.3526858985424042 0.010714949108660221 
0.07952048629522324 0.8793526291847229 0.041126903146505356 
0.013137763366103172 0.6276984810829163 0.3591637909412384 
0.024505797773599625 0.4723653793334961 0.5031288266181946 
0.374860942363739 0.553741455078125 0.07139765471220016 
0.001658778521232307 0.018424782902002335 0.9799164533615112 
0.8382998108863831 0.15508387982845306 0.0066163139417767525 
0.17313694953918457 0.7615569829940796 0.06530608236789703 
0.9204866290092468 0.07496757060289383 0.004545800853520632 
