0.6539504
0.7021003
0.91859865
0.5614415
0.8442357
0.2666678
0.49594352
0.2906346
0.23209623
0.48288146
0.4066842
0.7220097
0.852647
0.5120792
0.18146385
0.46765333
0.7520138
0.377538
0.83702254
0.74008393
0.71441954
0.37747416
0.40973893
0.5614415
0.13639447
0.27559572
0.6796797
0.38408187
0.5479534
0.3493616
0.484762
0.26495865
0.2583926
0.7707942
0.31330407
0.42387325
0.43970457
0.7935385
0.5731664
0.825941
0.8101204
0.11674177
0.65662795
0.65662795
0.21033062
0.5614415
0.39910087
0.284472
0.053076096
0.8519236
0.34536758
0.643155
0.5433888
0.74284077
0.75195473
0.4446638
0.31278494
0.64427245
0.087208465
0.5279422
0.588019
0.28553033
0.5614415
0.64700764
0.06433101
0.6715356
0.70799905
0.09205397
0.07786941
0.14360812
0.7071059
0.45470852
0.58223957
0.23498048
0.85206145
0.24605912
0.49430338
0.1862664
0.45133042
0.908197
0.045341175
0.5780382
0.5614415
0.48270658
0.042805977
0.39770886
0.41601023
0.8026763
0.14700587
0.42753288
0.41302705
0.38558605
0.42715496
0.49108076
0.3559074
0.28552943
0.8828363
0.28158277
0.5614415
0.85696673
0.062256463
0.076599956
0.66665775
0.74836653
0.5809093
0.075243525
0.42538702
0.5614415
0.8401554
0.85515726
0.30286804
0.5685224
0.26402396
0.10240462
0.61351126
0.3590166
0.22586308
0.039001044
0.87292576
0.7361329
0.5614415
0.7029491
0.7176201
0.57686824
0.51212066
0.5499162
0.5384216
0.13831246
0.031223513
0.40590543
0.49459085
0.16023028
0.65258634
0.13302754
0.4429616
0.56193423
0.25833017
0.6955242
0.68693125
0.07827636
0.7516074
0.3218063
0.5614415
0.12827452
0.6397677
0.4009585
0.07760457
0.8005914
0.24276876
0.7594814
0.709895
0.32654238
0.3190432
0.3150079
0.53594375
0.7257446
0.55238813
0.22637722
0.38965124
0.6553046
0.5614415
0.31767642
0.14340883
0.22124547
0.106361866
0.80103636
0.28055036
0.23483193
0.1529485
0.8702052
0.08942887
0.7391035
0.66257596
0.39736417
0.15364236
0.15637079
0.08942887
0.26191053
0.4082504
0.07574375
0.33069465
0.5614415
0.54746693
0.18875363
0.30011755
0.04709075
0.08174111
0.53725606
0.6291442
0.46616477
0.71367335
0.05213665
0.604575
0.62007916
0.79627573
0.7549595
0.35836747
0.39339438
0.6311692
0.11324257
0.15390828
0.79766077
0.079961635
0.06816656
0.36662415
0.5614415
0.63758016
0.64112747
0.5519798
0.21839128
0.6499526
0.56457824
0.6055862
0.10395612
0.5746187
0.67763865
0.6413905
0.19411872
0.28156435
0.3843459
0.058158603
0.48964843
0.75992125
0.11366576
0.82999504
0.3883793
0.32149383
0.29362783
0.11678877
0.60655755
0.7577279
0.3526488
0.70460474
0.6862113
0.6862104
0.64146113
0.5614415
0.5820029
0.4453519
0.85198736
0.6034449
0.286074
0.32867366
0.1817296
0.6648367
0.78786755
0.78786755
0.78642964
0.3191807
0.052429438
0.46462646
0.41104865
0.04684311
0.48596746
0.46655622
0.085342735
0.41856715
0.08255865
0.24819341
0.39102116
0.110393055
0.4173078
0.6617701
0.71562725
0.7631221
0.71142286
0.7559301
0.8116251
0.61669415
0.34541163
0.082120985
0.6985078
0.722615
0.7379284
0.32161155
0.30508488
0.65066737
0.10252455
0.83480895
0.823682
0.72762436
0.6680463
0.711184
0.865753
0.39875928
0.15744753
0.7764843
0.85654277
0.5614415
0.7540643
0.21449964
0.5014887
0.6770207
0.89419156
0.09771853
0.0756884
0.48905736
0.13932714
0.17693208
0.80335855
0.75069296
0.711184
0.8143017
0.76325583
0.6091399
0.5614415
0.6269654
0.13861635
0.10218673
0.6848208
0.47963956
0.4784433
0.17253196
