0.062149126
0.038386855
0.04726533
0.38530836
0.08897687
0.026834272
0.46675667
0.025027528
0.01162973
0.039337523
0.57730186
0.03241945
0.041809887
0.080294065
0.0072554885
0.02696536
0.060203113
0.0130802775
0.06947415
0.08195426
0.03117163
0.011098554
0.020262403
0.38530836
0.005722737
0.015019367
0.024364138
0.012866746
0.053443253
0.020317217
0.016744452
0.02008049
0.009266017
0.03490904
0.6482149
0.56711537
0.5253097
0.06820275
0.030688398
0.030482337
0.03197609
0.0046724305
0.01781637
0.01781637
0.014454405
0.38530836
0.0113914525
0.018081049
0.0029627758
0.049174536
0.64959836
0.046948414
0.07966302
0.08205811
0.095330946
0.023370292
0.012651649
0.34364718
0.0028030777
0.16737154
0.040177885
0.7121132
0.38530836
0.04245685
0.0031268052
0.042829726
0.26606873
0.004119955
0.0038000487
0.0066677136
0.040376496
0.015356275
0.030005805
0.74990386
0.05124225
0.018877598
0.30264178
0.79603755
0.021220617
0.05331039
0.0020193139
0.09787769
0.38530836
0.046448622
0.0021606148
0.020882962
0.023350077
0.14073658
0.0059627877
0.012631584
0.019805409
0.02052689
0.019101396
0.2962764
0.021409605
0.0063824453
0.0469576
0.7020249
0.38530836
0.08126931
0.0033485892
0.004492037
0.13505134
0.05350434
0.37528345
0.004389941
0.029475082
0.38530836
0.04655194
0.05895478
0.013400366
0.42028138
0.7158221
0.003914983
0.035215486
0.02140883
0.010355845
0.0029503433
0.027617639
0.03893597
0.38530836
0.2793653
0.107011124
0.035880864
0.4611614
0.42031834
0.44085288
0.0046095047
0.0024694735
0.015747117
0.029771443
0.0059524965
0.07846773
0.0054502045
0.010167111
0.038323987
0.00793571
0.18766987
0.1841307
0.0046538697
0.08295632
0.651928
0.38530836
0.005649555
0.027027164
0.012718598
0.91812825
0.05658287
0.7500375
0.16768809
0.07760302
0.013385055
0.017925207
0.017384402
0.055998478
0.0646446
0.42069572
0.0087525025
0.016149724
0.070664376
0.38530836
0.014001899
0.011548931
0.023891415
0.006290938
0.0331844
0.020980956
0.010925595
0.0066117533
0.036919236
0.0043142745
0.23592277
0.056515094
0.021657951
0.015507274
0.009933361
0.0043142745
0.014148902
0.033054207
0.0028753406
0.01419647
0.38530836
0.07679004
0.009905978
0.68323445
0.0034926683
0.005112841
0.08687783
0.26936796
0.14122759
0.1869381
0.0035278976
0.051992513
0.065966554
0.17968318
0.034017026
0.021846296
0.042533297
0.10476858
0.0049639544
0.0069605466
0.08628899
0.0037568593
0.0040255096
0.032662563
0.38530836
0.025041467
0.024678566
0.020755077
0.008594592
0.06631427
0.052901834
0.07191707
0.0038520454
0.029397583
0.13844576
0.13119993
0.0125508085
0.013559663
0.018848522
0.0039531183
0.027825449
0.053738426
0.004627562
0.079802185
0.5937964
0.01681071
0.66324633
0.0055000195
0.37785885
0.22289145
0.5649714
0.0718178
0.08813222
0.2806766
0.16721083
0.38530836
0.15132934
0.01507757
0.113042854
0.094812356
0.010854122
0.020682449
0.008325322
0.19002299
0.044248756
0.044248756
0.03665163
0.014183664
0.00227716
0.013678373
0.03461133
0.002656884
0.06647286
0.050104626
0.0040827314
0.014494371
0.0052606557
0.011103168
0.016227629
0.0048513445
0.019848952
0.026234081
0.0367978
0.03444563
0.2601114
0.21255481
0.1430252
0.056149647
0.012318131
0.004970238
0.02795541
0.029253338
0.031454496
0.66813815
0.0125718815
0.04561133
0.0069348263
0.07671304
0.033316422
0.021445049
0.10030006
0.08150301
0.12525345
0.018524118
0.011753421
0.0978132
0.13090755
0.38530836
0.12903765
0.010045226
0.41685757
0.021883069
0.049936917
0.0072473567
0.003953848
0.025521632
0.006436346
0.81519514
0.1017872
0.24386247
0.08150301
0.1073398
0.05657541
0.31136483
0.38530836
0.33745724
0.006075043
0.0050112233
0.06344164
0.48641747
0.016491838
0.009656406
