0.88296044
0.910414
0.4639301
0.1238952
0.5468538
0.10965271
0.45970976
0.8962014
0.16140424
0.053250153
0.07115978
0.9668609
0.83933043
0.0075085186
0.056010198
0.53073287
0.7052499
0.098047115
0.3984218
0.40481427
0.80745757
0.20949261
0.5599133
0.21089207
0.011293335
0.053250153
0.3984218
0.013679775
0.08481947
0.5905859
0.15281756
0.68881243
0.68881243
0.101349995
0.37241542
0.10339876
0.037344966
0.30736881
0.2002412
0.084575556
0.22931823
0.15116735
0.6952336
0.68881243
0.24624914
0.74328476
0.772857
0.053250153
0.14535627
0.067562714
0.13818921
0.08721038
0.010283077
0.2433546
0.08721038
0.21608238
0.5719067
0.932595
0.25674766
0.30968046
0.90464693
0.91410756
0.06407029
0.93539536
0.02473122
0.3863756
0.43252486
0.17074795
0.16325712
0.6879145
0.95121187
0.20062782
0.8331114
0.57646227
0.21923731
0.68518156
0.20199199
0.05391577
0.5838799
0.053250153
0.029349243
0.76855403
0.13346413
0.14903763
0.0668465
0.091680355
0.7101593
0.435361
0.8422574
0.8991462
0.2599523
0.85977167
0.42909423
0.2583192
0.52002925
0.14792077
0.129503
0.129503
0.32197106
0.45082068
0.4621758
0.053250153
0.07617718
0.10571604
0.07073891
0.77280635
0.8188762
0.25150284
0.68708956
0.024874123
0.111368015
0.16987826
0.33445236
0.23208837
0.0871721
0.0659821
0.026814971
0.36602807
0.8968327
0.6110797
0.5676167
0.83008105
0.5650811
0.56240886
0.58379936
0.76617295
0.053250153
0.07538248
0.33387113
0.09298637
0.9205707
0.42944765
0.012682367
0.009158868
0.3732824
0.59751534
0.6569474
0.27941728
0.016527172
0.50214404
0.58182526
0.053250153
0.0037918526
0.41964078
0.18834087
0.47094816
0.1839824
0.0104757715
0.59633684
0.8692064
0.00762572
0.56657773
0.1043336
0.09264232
0.25541392
0.35562107
0.04866548
0.1664401
0.113997504
0.21094681
0.47499266
0.37564147
0.17644654
0.10709561
0.465064
0.46968284
0.8830812
0.2342643
0.09187278
0.03525458
0.4342022
0.1960918
0.034945585
0.20755088
0.36594608
0.8906863
0.053250153
0.52476263
0.03525458
0.42060935
0.014092559
0.7749197
0.38006777
0.65711004
0.01885417
0.39464667
0.3548574
0.09150292
0.07003837
0.5115529
0.34418276
0.8698277
0.54397464
0.002941426
0.5175262
0.27370834
0.2691585
0.08253298
0.3734296
0.37474364
0.31764382
0.80549
0.82130724
0.13870813
0.1665896
0.72662413
0.76910645
0.053250153
0.7691904
0.2777367
0.14296801
0.8019847
0.034903668
0.1295496
0.080542594
0.0077789202
0.81949794
0.56096184
0.13945234
0.097054236
0.20590106
0.04746701
0.55682814
0.44975278
0.053250153
0.55338913
0.56356394
0.8146699
0.30583945
0.11937693
0.10638194
0.124457195
0.17411065
0.35503992
0.3009842
0.21598724
0.34292012
0.4319594
0.9541111
0.3114588
0.053250153
0.005746929
0.035027765
0.7753213
0.2947725
0.89097726
0.6099885
0.19860035
0.014830785
0.75317305
0.7354795
0.028197644
0.52093756
0.23599178
0.03025192
0.4342022
0.91806483
0.053250153
0.002577913
0.2577509
0.8443808
0.63495904
0.07003837
0.027401151
0.027212929
0.27913976
0.07970188
0.0065148026
0.13296919
0.8068406
0.86235917
0.053250153
0.17060305
0.48873413
0.63582265
0.027166435
0.27659208
0.10175083
0.7867968
0.58286136
0.11600192
0.5805678
0.5604444
0.053250153
0.15645108
0.3623945
0.5298623
0.048312154
0.54622483
0.92087
0.90065646
0.06227311
0.8898247
0.16275768
0.82584065
0.35558856
0.39239797
0.13392171
0.92263615
0.06836244
0.75986505
0.93039566
0.91819745
0.92263615
0.90294796
0.032543175
0.91959286
0.91450447
0.92263615
0.7360191
0.10860056
0.009616294
0.92263615
0.46231717
0.053250153
0.08519668
0.48149672
0.7176906
0.80890477
0.27821556
0.13298598
0.16356361
0.10937381
0.6755215
0.7308308
0.038551487
0.35251182
0.35481212
0.09108325
0.84266704
0.5609521
0.5844467
0.66252923
0.15283154
0.059939533
0.053250153
