0.00613252
0.0044805068
0.031080507
0.03773527
0.022491116
0.048536066
0.025053404
0.0063283145
0.18176624
0.38530836
0.37418184
0.0018945883
0.0070090424
0.88496286
0.34236193
0.06977433
0.011899486
0.15534306
0.021779563
0.023268254
0.009871072
0.042053957
0.020555807
0.04136397
0.49224085
0.38530836
0.021779563
0.6548288
0.3276162
0.01668296
0.039729163
0.016915843
0.016915843
0.03944715
0.032232318
0.033711545
0.54847264
0.06346674
0.030351108
0.08784779
0.040880587
0.19980077
0.030212913
0.016915843
0.04347174
0.011259543
0.011510742
0.38530836
0.10856059
0.24607053
0.05037489
0.06949671
0.49845755
0.059097167
0.06949671
0.026669474
0.025920624
0.0035746559
0.07516898
0.0806693
0.0052740616
0.004082296
0.1940346
0.0027533493
0.50369024
0.021539696
0.038603958
0.29261115
0.4182522
0.022713576
0.002559411
0.16249019
0.007007618
0.043770898
0.08031503
0.008603828
0.13316195
0.25334823
0.017207842
0.38530836
0.37542492
0.009194387
0.05652171
0.039760422
0.5625295
0.045780502
0.012363953
0.056935005
0.007075581
0.004528268
0.03222678
0.0060992343
0.022924697
0.063965164
0.012280638
0.1025217
0.1607593
0.1607593
0.026972536
0.018187843
0.025168648
0.38530836
0.044175804
0.14236555
0.2903464
0.013277637
0.010105066
0.029283479
0.017877873
0.45909473
0.08089214
0.10810898
0.02454845
0.11212728
0.26125842
0.29835552
0.25680062
0.036451474
0.004990495
0.015976941
0.051505864
0.012093887
0.014429566
0.015481508
0.014306379
0.006561573
0.38530836
0.046596367
0.09239866
0.036052246
0.003679076
0.022643043
0.15945178
0.49881253
0.06996728
0.023300061
0.012241509
0.06808769
0.6147436
0.022126112
0.04178139
0.38530836
0.89256406
0.03470057
0.06512028
0.049961936
0.05612954
0.1266907
0.025315186
0.0050921952
0.64684033
0.01978327
0.18099466
0.15850043
0.024878614
0.043601215
0.55010754
0.07788093
0.053259354
0.07989188
0.02118107
0.025338795
0.06633791
0.12680426
0.019495988
0.018979872
0.0056464127
0.12769987
0.059497688
0.37387615
0.01999406
0.10164999
0.4073792
0.029810056
0.04572744
0.0056917756
0.38530836
0.02187761
0.37387615
0.081549175
0.26978552
0.007550411
0.034899708
0.025278678
0.14582968
0.029223429
0.046361737
0.14392768
0.25501645
0.02223087
0.016710117
0.0070515736
0.0524377
0.39928493
0.011898148
0.04123008
0.041310955
0.04702246
0.01937671
0.097644806
0.05047438
0.0071720714
0.006220532
0.05806047
0.05161069
0.015914496
0.012487497
0.38530836
0.01051571
0.0354042
0.03912818
0.0073360177
0.1151177
0.057776444
0.27380276
0.72658545
0.008057832
0.021701217
0.038953558
0.12544972
0.03210826
0.39064905
0.030866051
0.049202327
0.38530836
0.018514624
0.023250785
0.0076357643
0.061188072
0.08287634
0.085907444
0.04376059
0.13047382
0.060244646
0.10480124
0.31726554
0.057668485
0.05692074
0.0032994964
0.06606405
0.38530836
0.7991882
0.1849786
0.007811056
0.08475527
0.0045835064
0.025808131
0.04818523
0.27120867
0.013203919
0.015347218
0.18803787
0.024040356
0.027973812
0.14013879
0.01999406
0.0031444498
0.38530836
0.8909209
0.20469424
0.0047571305
0.012080558
0.25501645
0.30979878
0.31141955
0.06918039
0.10534249
0.5720976
0.0454903
0.0071285646
0.004529535
0.38530836
0.0775912
0.026900878
0.014867215
0.5635992
0.08321485
0.04774294
0.006229743
0.044620063
0.2062093
0.028863337
0.026969789
0.38530836
0.07657836
0.016933603
0.032518197
0.2593762
0.017237991
0.0033066224
0.0037330827
0.13125743
0.0034904205
0.075027786
0.0064673736
0.0701532
0.014747335
0.02294138
0.002902121
0.13304694
0.008186664
0.002778432
0.0030562857
0.002902121
0.0036747567
0.1401857
0.0029886372
0.0031009775
0.002902121
0.0079514505
0.04417292
0.3204984
0.002902121
0.043519564
0.38530836
0.1306153
0.08263019
0.017144345
0.008050123
0.09572219
0.2124435
0.18793447
0.14170505
0.017758219
0.01355204
0.23930334
0.020136422
0.13610002
0.049019497
0.007762568
0.013265921
0.0134294145
0.009221398
0.024472907
0.2656976
0.38530836
