0.88453466
0.005655772
0.006202784
0.017094074
0.0738581
0.0051481766
0.012985684
0.008328136
0.014965794
0.025106305
0.057414956
0.0032736177
0.7558494
0.0050971885
0.003063657
0.016571892
0.017882595
0.0032466687
0.007605758
0.0045351987
0.020186916
0.02562311
0.9829517
0.038041614
0.007061411
0.015567419
0.2513313
0.00323872
0.8576257
0.8522261
0.088303745
0.07270702
0.004093208
0.0021971054
0.0046474165
0.0040975683
0.017672768
0.01492697
0.003699693
0.024126364
0.006455357
0.025929673
0.014952504
0.068250045
0.012015198
0.002752131
0.9074737
0.13897367
0.046066765
0.011162172
0.005385137
0.007534791
0.03660388
0.51795554
0.030204942
0.005341487
0.012646861
0.56456673
0.011273252
0.003145702
0.005109685
0.022090271
0.7331607
0.008066574
0.036878943
0.0033040182
0.005590395
0.0042770565
0.32785177
0.48829615
0.041076504
0.0074723866
0.0069955764
0.01629485
0.0027601738
0.010919159
0.003590871
0.021403898
0.004810051
0.010595448
0.023789912
0.019237611
0.047049265
0.04246611
0.0062705916
0.051409792
0.00246679
0.2493068
0.0442485
0.003976089
0.09814446
0.047049265
0.047049265
0.025568414
0.004235077
0.0024829044
0.026073849
0.905179
0.85541165
0.0059968797
0.020379549
0.020854358
0.01976956
0.0069063655
0.06212778
0.021170143
0.041745726
0.0045249066
0.021606969
0.02890847
0.01993059
0.37441993
0.006061618
0.62586313
0.0031397073
0.004309316
0.016000139
0.032368485
0.0493852
0.23279156
0.011790577
0.0044891927
0.041119985
0.0044891927
0.024166664
0.56133497
0.007360292
0.0055624046
0.035529736
0.004235077
0.021567466
0.0046423823
0.6693598
0.02738391
0.008977482
0.004193985
0.0061836303
0.01022297
0.015960213
0.013097325
0.006908012
0.0063338415
0.011994577
0.0041576773
0.7208563
0.59768075
0.17804319
0.0047031487
0.0050863884
0.021522028
0.030891957
0.009787529
0.015638527
0.0072873165
0.10023654
0.20523681
0.009158922
0.00379803
0.014334126
0.0034216647
0.006130929
0.038760096
0.02226033
0.011518268
0.017102852
0.0055496553
0.0147372335
0.29338235
0.8730099
0.023190388
0.021437023
0.03643716
0.028305497
0.004959181
0.08626887
0.035804786
0.052400213
0.054070774
0.005352309
0.0046474165
0.007194362
0.0062992447
0.26134807
0.40824533
0.00367622
0.49256182
0.021425549
0.49238795
0.005647613
0.009573894
0.56888163
0.00845925
0.038249183
0.004500257
0.015782053
0.018572154
0.02119961
0.0032678465
0.0031754212
0.13697182
0.17459151
0.4909521
0.013980588
0.012254109
0.012441971
0.14579822
0.048561227
0.0025249377
0.015340298
0.009589751
0.42452735
0.00424727
0.0051384107
0.013057864
0.02300084
0.33357313
0.018992923
0.0031397073
0.0031397073
0.0049639707
0.009717234
0.0032773654
0.034804255
0.01926735
0.0069608944
0.029568182
0.006173545
0.010494912
0.013019961
0.004268421
0.0073726056
0.033368178
0.17260459
0.0030985468
0.08304364
0.018439084
0.09542259
0.060486775
0.024649689
0.002903373
0.018186534
0.04913494
0.02107161
0.11224253
0.0089795
0.025317432
0.86845666
0.9112532
0.0058527417
0.0068058455
0.0057142666
0.005170731
0.017568339
0.025213392
0.004023053
0.005131626
0.04820839
0.04820839
0.016784854
0.05628188
0.0057973377
0.56118816
0.012852766
0.015938185
0.0071064793
0.16863455
0.0029317187
0.018701151
0.003939652
0.026455415
0.8894575
0.013930215
0.005698516
0.027427703
0.028899228
0.007208559
0.017016564
0.008800387
0.017758252
0.018199803
0.30299804
0.04640822
0.02386069
0.15878552
0.007070411
0.35603228
0.011111895
0.6285967
0.02264302
0.021460777
0.0067687775
0.028466474
0.19911739
0.40546867
0.87117094
0.018068813
0.01489759
0.073042385
0.012363042
0.03579902
0.02374864
0.0043065734
0.29449362
0.0369253
0.036643572
0.0054049054
0.9285269
0.031955905
0.006836795
0.4694664
0.4363491
0.017153928
0.012788554
0.012919471
0.021465847
0.53901917
0.60975677
0.016102972
0.0067146597
0.015823577
0.0034181417
0.78372395
0.006865359
0.013699437
0.025462184
0.03727774
0.013653829
0.0035827144
0.026376782
0.018622305
0.059981845
0.009742211
0.0038248647
0.0064197504
0.0036996803
0.00711375
0.015066412
0.025227595
0.014278143
0.005358797
0.0066493535
0.09797402
0.018622305
0.003126661
0.0050026895
0.018622305
0.17912251
0.0056285528
0.0050153336
0.011338291
0.0037649805
0.04164717
0.038819846
0.0029895473
0.005811924
0.016962249
0.030992744
0.01598517
0.023934843
0.018622305
0.01211944
0.9328588
0.041578844
0.0041769785
0.9364726
0.007527848
0.009271082
0.4734766
0.04246611
0.008529707
0.014649202
0.006087337
0.0030664322
0.0070625916
0.06886945
0.005474559
0.051273726
0.007013914
0.02366651
0.029276058
0.014970721
0.0041919868
0.8998304
0.9035931
0.051865757
0.0030658727
0.05981826
0.011763637
0.6980375
0.0042493995
0.020548794
0.4150338
0.039460212
0.021564195
0.0067269965
0.032362506
0.459464
0.0028189537
0.4150338
0.023096917
0.038456496
0.80505085
0.2011922
0.008745965
0.018622305
0.014777658
0.89389354
0.0035262934
0.79220635
0.0022676084
0.022731474
0.033136103
0.006852475
0.0104391845
0.0055759037
0.018622305
0.01616915
0.01662283
0.11110741
0.007959975
0.13672611
0.022314765
0.019738795
0.019830123
0.019830123
0.8734564
0.015899068
0.3034372
0.01702001
0.021892706
0.045291863
0.015448381
0.03805373
0.007490234
0.0037137263
0.006674038
0.038553618
0.015454547
0.5641989
0.01694939
0.006954983
0.0054390556
0.019738795
0.019830123
0.03446288
0.014505402
0.07102241
0.1911767
0.015532345
0.005209506
0.015314373
0.025234811
0.03587526
0.48654488
0.026797572
0.008966031
0.9341061
0.1194599
0.9425277
0.020987257
0.0061747674
0.90709835
0.940741
0.0095730405
0.9216608
0.13824572
0.11495871
0.0038602285
0.020721655
0.019738795
0.026703218
0.004918051
0.013837922
0.01936896
0.005960848
0.08601192
0.009983981
0.9009333
0.013095853
0.056483943
0.015829852
0.014130209
0.029169455
0.051516805
0.016960673
0.016532393
0.0063847443
0.09113693
0.594207
0.028646167
0.012463969
0.52243674
0.008346432
0.01008416
0.020500382
0.8559211
0.015960213
0.5609603
0.0030413924
0.007210168
0.030320738
0.20150162
0.33464336
0.009152484
0.016395567
0.6520181
0.02006554
0.003083954
0.006172547
0.017977215
0.0678752
0.008898491
0.017627712
0.0055229417
0.004138216
0.0050421976
0.0155924
0.056623973
0.0032490266
0.01390988
0.81710285
0.7986775
0.07038762
0.84385026
0.15192416
0.017551115
0.03374912
0.46182743
0.020731043
0.059981845
0.0936646
0.0061588725
0.02892742
0.007060783
0.031840727
0.0023809331
0.009206152
0.019877026
0.815195
0.85934186
0.0066882223
0.045571204
0.014826954
0.006620188
0.91044044
0.024227515
0.015887968
0.012427232
0.0034249777
0.040062495
0.0130336415
0.028998587
0.019970577
0.0045820046
0.0022344196
0.017359328
0.0180976
0.018458731
0.07546352
0.0039467835
0.8796707
0.016351035
0.047013514
0.03745102
0.10783482
0.015383075
0.016102513
0.8005928
0.93005943
0.008569481
0.9779774
0.04289694
0.023179987
0.01564025
0.008384644
0.001878038
0.00296784
0.33490032
0.017179891
0.01518935
0.4324328
0.028905882
0.78833884
0.23002814
0.9591897
0.09984758
0.0062800357
0.08189178
0.0072091417
0.014550114
0.8725467
0.06602146
0.38620612
0.0021848734
0.06581973
0.0074115363
0.015960213
0.058281127
0.017879676
0.008452298
0.02516428
0.023040446
0.016851466
0.96154344
0.009185357
0.0019915442
0.07883556
0.023498766
0.005294919
0.032575082
0.011485392
0.045916997
0.04672381
0.06238517
0.009002134
0.0033496884
0.006892548
0.02356692
0.015255049
0.023418542
0.021891339
0.013381976
0.015751846
0.057104684
0.021694425
0.087290816
0.0064487727
0.030340152
0.0026882838
0.87930644
0.0872103
0.3302037
0.0025255955
0.35804093
0.030055618
0.02636893
0.041434124
0.8275105
0.0035981915
0.014307766
0.012130331
0.003967233
0.0049321693
0.0061097625
0.88073933
0.020849679
0.021030525
0.022670262
0.008681936
0.00611243
0.8132607
0.010027615
0.021017483
0.009752797
0.97520417
0.06243601
0.008161463
0.06394703
0.04934425
0.011866551
0.017521506
0.9388067
0.9444668
0.9216608
0.038859364
0.7240015
0.004081507
0.009782607
0.014874156
0.10036223
0.17013457
0.15696271
0.002853962
0.033208564
0.96095294
0.04447303
0.26692343
0.014664397
0.09545018
0.6379689
0.013143727
0.01971788
0.01971788
0.01971788
0.01971788
0.54175186
0.0039582863
0.31264615
0.6315606
0.677251
0.011790356
0.11295593
0.13071907
0.99166894
0.0020640364
0.01407769
0.036237057
0.036237057
0.004824002
0.013246977
0.003998374
0.039426226
0.37612242
0.018323416
0.070305645
0.008005148
0.00839037
0.010023408
0.8120729
0.019996794
0.070305645
0.070305645
0.01660878
0.83876365
0.11874711
0.19452415
0.048194535
0.11441564
0.8658091
0.0041180663
0.008281981
0.0032601315
0.070305645
0.018001324
0.9280562
0.053581763
0.014408639
0.033725522
0.0031049564
0.008506983
0.011662031
0.0063007125
0.017771998
0.056623973
0.028322522
0.0029985856
0.29449958
0.0053593097
0.032884218
0.0023956676
0.008061523
0.01531973
0.002131591
0.005364991
0.085536264
0.030017523
0.010422283
0.2396422
0.0051000672
0.92192614
0.0038923528
0.9272454
0.9019226
0.015960213
0.013387097
0.005818103
0.0711759
0.009534231
0.267955
0.019822123
0.0019440744
0.79477704
0.1429373
0.018613983
0.93271714
0.018284574
0.012514939
0.008816958
0.94954216
0.01198573
0.84183407
0.005886575
0.39249048
0.011504138
0.006040198
0.0020640364
0.05155657
0.042556126
0.018283647
0.005282518
0.009335987
0.003991136
0.005083482
0.0020640364
0.2593409
0.0027156123
0.14461604
0.0025212923
0.016017059
0.016608289
0.005350401
0.1375008
0.034232095
0.022053113
0.026429433
0.078134194
0.017645257
0.08706847
0.005413653
0.0038633293
0.293783
0.03435168
0.008381287
0.0042782584
0.03891322
0.008773133
0.043228447
0.007918427
0.014571697
0.087136
0.22899702
0.17513016
0.020337509
0.0032303648
0.088780165
0.03410937
0.0022781158
0.019039193
0.012357998
0.37944376
0.09083471
0.010104366
0.0045039975
0.008461813
0.037468284
0.10638609
0.30036965
0.047556926
0.007101099
0.015773822
0.04692834
0.0020640364
0.15567008
0.15272334
0.009876182
0.00620767
0.046053197
0.035677854
0.0056238044
0.012370695
0.7271087
0.7589414
0.008355755
0.05829809
0.036531534
0.013278339
0.2092178
0.56689954
0.0754149
0.71737885
0.00239209
0.8339049
0.0155924
0.007206065
0.056623973
0.13824572
0.032025676
0.03855621
0.0060640285
0.024857575
0.0020464985
0.039815873
0.015642466
0.079535924
0.040157277
0.19246584
0.98534703
0.044898186
0.012738741
0.078378245
0.016353708
0.31621283
0.022936637
0.0031150952
0.0029234164
0.10296495
0.02324589
0.7144978
0.0020464985
0.0023161368
0.015102321
0.0043491493
0.066933006
0.9697678
0.6533085
0.04064181
0.0118097635
0.003088146
0.004641763
0.007545239
0.19070399
0.978871
0.0022145107
0.10562253
0.06325503
0.015149599
0.73679674
0.21744321
0.8715907
0.12810999
0.070537776
0.024492722
0.0079395855
0.07369151
0.19725947
0.014976289
0.43775424
0.24786752
0.043864064
0.31245452
0.004323066
0.10311362
0.10998365
0.42118844
0.031954158
0.15021347
0.08690031
0.0047352347
0.008879858
0.9361123
0.5082272
0.012008954
0.022205768
0.0048642857
0.55097306
0.021594333
0.021784704
0.035247833
0.025787147
0.0020675613
0.09850145
0.0019556372
0.02287728
0.025171207
0.023729408
0.2438739
0.9858539
0.003102232
0.0070452504
0.031688347
0.54605633
0.033630814
0.9858539
0.024817951
0.012870001
0.040076002
0.012848525
0.05653422
0.015960213
0.020535229
0.014347086
0.006260255
0.0070464695
0.005392936
0.0026108192
0.0070088347
0.060332097
0.90139556
0.063058235
0.012051707
0.0113117155
0.0041080406
0.0028647787
0.0051653804
0.019169308
0.003090371
0.0651126
0.18425228
0.009934908
0.16929413
0.788911
0.297828
0.008053384
0.0022034058
0.0030367784
0.007527848
0.3567086
0.0023018168
0.89090073
0.037890255
0.037051305
0.76183057
0.004710038
0.53506136
0.015960213
0.40770954
0.0104448795
0.013305736
0.006735891
0.0048754485
0.0073502236
0.007243265
0.11316659
0.8260818
0.0152179655
0.008337388
0.6449093
0.028469322
0.962895
0.0017829644
