(QUERY): 'ISLAM' '12'
Negative Neutral Positive
0.8658217191696167 0.1279812753200531 0.006197037175297737 
0.9058831334114075 0.08987512439489365 0.00424176175147295 
0.08619316667318344 0.6944933533668518 0.21931353211402893 
0.6036574244499207 0.3661300241947174 0.030212532728910446 
0.3131636679172516 0.5301421880722046 0.15669411420822144 
0.2977939248085022 0.6609183549880981 0.04128772020339966 
0.9196998476982117 0.07691396772861481 0.0033862111158668995 
0.005075710825622082 0.2931435704231262 0.7017807364463806 
0.9103061556816101 0.08590954542160034 0.0037842760793864727 
0.008324469439685345 0.4366249442100525 0.5550506114959717 
0.0014318169560283422 0.1919742077589035 0.8065939545631409 
0.14327417314052582 0.7854790687561035 0.07124672085046768 
0.862672746181488 0.1285449117422104 0.008782296441495419 
0.9557494521141052 0.04085284098982811 0.0033977432176470757 
0.9271328449249268 0.0690029188990593 0.0038642175495624542 
0.127503901720047 0.7959524393081665 0.07654363662004471 
0.46639615297317505 0.4970477223396301 0.03655606508255005 
0.8056279420852661 0.18499422073364258 0.009377819485962391 
0.4841943383216858 0.4762705862522125 0.03953501954674721 
0.01031703781336546 0.2972741723060608 0.6924088001251221 
0.00559677928686142 0.297027051448822 0.6973761916160583 
0.9546086192131042 0.04212252050638199 0.00326890149153769 
0.061369847506284714 0.4035109579563141 0.5351192355155945 
0.3643835484981537 0.5908339619636536 0.04478250816464424 
0.8269577622413635 0.16491803526878357 0.00812423974275589 
0.8750737905502319 0.11788540333509445 0.007040795870125294 
0.9045377373695374 0.08973246067762375 0.005729830823838711 
0.2587733566761017 0.6670854687690735 0.07414114475250244 
0.3102808892726898 0.6251474022865295 0.06457164138555527 
0.5926752090454102 0.3799806535243988 0.027344128116965294 
0.19181375205516815 0.7677053213119507 0.04048088192939758 
0.8627990484237671 0.12892289459705353 0.008278029039502144 
0.4817333519458771 0.47255823016166687 0.045708395540714264 
0.22887036204338074 0.7269315123558044 0.04419808089733124 
0.8782848119735718 0.11338621377944946 0.008328917436301708 
0.19507330656051636 0.7144402861595154 0.09048639237880707 
0.15000124275684357 0.8221957087516785 0.027803093194961548 
0.013560810126364231 0.23791342973709106 0.7485257387161255 
0.06905064731836319 0.6296038627624512 0.30134543776512146 
0.708109438419342 0.27507755160331726 0.016812970861792564 
0.08619316667318344 0.6944933533668518 0.21931353211402893 
0.6176196932792664 0.33356261253356934 0.0488177165389061 
0.5567622184753418 0.3733736574649811 0.0698641762137413 
0.8799671530723572 0.11436565965414047 0.0056671868078410625 
0.5222171545028687 0.417328804731369 0.06045400723814964 
0.016853993758559227 0.5099045038223267 0.4732414782047272 
0.8938490748405457 0.10029765218496323 0.005853267852216959 
0.14327417314052582 0.7854790687561035 0.07124672085046768 
0.9199890494346619 0.07479650527238846 0.0052144587971270084 
0.05184759572148323 0.7821639180183411 0.165988489985466 
0.6663505434989929 0.3145736753940582 0.01907581090927124 
0.5137456059455872 0.4443686008453369 0.04188581183552742 
0.0660754069685936 0.7974287271499634 0.136495903134346 
0.4059649407863617 0.559051513671875 0.03498358651995659 
0.8161810636520386 0.17179544270038605 0.012023486196994781 
0.027600044384598732 0.9048649072647095 0.06753504276275635 
0.7404851913452148 0.2394951730966568 0.02001960575580597 
0.0664953738451004 0.45160990953445435 0.48189470171928406 
0.8903764486312866 0.10312053561210632 0.006502904463559389 
0.8179700374603271 0.17290641367435455 0.00912356935441494 
0.08369213342666626 0.4929158687591553 0.42339199781417847 
0.13355118036270142 0.8354967832565308 0.030952077358961105 
0.027544060721993446 0.8904832601547241 0.081972636282444 
0.09511857479810715 0.5921400785446167 0.31274136900901794 
0.5834593176841736 0.3970836102962494 0.0194570142775774 
0.3216846287250519 0.6238137483596802 0.05450166016817093 
0.005250352434813976 0.2291526198387146 0.7655970454216003 
0.8041362762451172 0.18622221052646637 0.009641590528190136 
0.9366081357002258 0.05896681547164917 0.004425013903528452 
0.7998514771461487 0.18751992285251617 0.012628588825464249 
0.8787988424301147 0.11673713475465775 0.004463966470211744 
0.8662348389625549 0.1274513155221939 0.006313833873718977 
0.1477939337491989 0.7172424793243408 0.13496357202529907 
0.8376264572143555 0.15520545840263367 0.007167988922446966 
0.44603535532951355 0.5055147409439087 0.04844982549548149 
0.08619316667318344 0.6944933533668518 0.21931353211402893 
0.8286741375923157 0.15970350801944733 0.011622354388237 
0.3054479956626892 0.6451477408409119 0.049404315650463104 
0.9413765072822571 0.05542678385972977 0.0031966897659003735 
0.7396226525306702 0.24692143499851227 0.013455834239721298 
0.8629007935523987 0.12864449620246887 0.008454782888293266 
0.024973422288894653 0.5667290687561035 0.40829744935035706 
0.05401059612631798 0.7776007652282715 0.16838859021663666 
0.5770660042762756 0.3820539712905884 0.040879979729652405 
0.6392702460289001 0.33992278575897217 0.020806970074772835 
0.16696636378765106 0.639387845993042 0.19364577531814575 
0.008324469439685345 0.4366249442100525 0.5550506114959717 
0.14327417314052582 0.7854790687561035 0.07124672085046768 
0.7537208795547485 0.22349192202091217 0.022787295281887054 
0.635944128036499 0.3329157531261444 0.031140126287937164 
0.7642313241958618 0.22494791448116302 0.01082075759768486 
0.13968566060066223 0.7978060841560364 0.06250828504562378 
0.7483178973197937 0.2306564301252365 0.0210256427526474 
0.9406420588493347 0.05494857579469681 0.004409461747854948 
0.36452654004096985 0.5800906419754028 0.05538291111588478 
0.8393523097038269 0.1544717401266098 0.0061758714728057384 
0.1921595335006714 0.42682570219039917 0.38101479411125183 
0.23118381202220917 0.5534631013870239 0.2153531014919281 
0.5450709462165833 0.42551088333129883 0.029418213292956352 
0.9373546242713928 0.05903453752398491 0.0036107751075178385 
0.8303829431533813 0.1597963571548462 0.009820695035159588 
0.7775434851646423 0.20771025121212006 0.014746235683560371 
0.014437372796237469 0.4739678204059601 0.511594831943512 
0.1313132494688034 0.7117435932159424 0.15694311261177063 
0.592172384262085 0.38793984055519104 0.01988779380917549 
0.49232572317123413 0.45613351464271545 0.05154082179069519 
0.8281766772270203 0.15370911359786987 0.01811421848833561 
0.47217243909835815 0.45447462797164917 0.07335294038057327 
0.13459348678588867 0.8287849426269531 0.03662153705954552 
0.560550332069397 0.42027637362480164 0.019173258915543556 
0.04671571031212807 0.9050467014312744 0.04823758453130722 
0.6951150298118591 0.28753840923309326 0.01734655536711216 
0.2575947642326355 0.6404712200164795 0.10193407535552979 
0.9313830137252808 0.06584257632493973 0.0027744462713599205 
0.7463843822479248 0.22973915934562683 0.023876555263996124 
0.06921844929456711 0.6389115452766418 0.29186999797821045 
0.7925467491149902 0.19364941120147705 0.013803869485855103 
0.005157236009836197 0.08587757498025894 0.9089651703834534 
0.8411577343940735 0.15259291231632233 0.00624936493113637 
0.7233848571777344 0.25144562125205994 0.025169502943754196 
0.743599534034729 0.23855701088905334 0.01784338802099228 
0.5829176306724548 0.3874470591545105 0.029635341838002205 
0.0039595067501068115 0.10583590716123581 0.8902046084403992 
0.11180330812931061 0.6318325400352478 0.2563641369342804 
0.004129199776798487 0.1107778251171112 0.8850929141044617 
0.024730287492275238 0.3020453155040741 0.6732243895530701 
0.25219523906707764 0.6740527749061584 0.07375195622444153 
0.40208348631858826 0.5743158459663391 0.023600727319717407 
0.39093858003616333 0.552513837814331 0.0565476194024086 
0.23141878843307495 0.7016972303390503 0.06688392907381058 
0.9207963943481445 0.07457682490348816 0.004626848269253969 
0.393500417470932 0.5437050461769104 0.06279455125331879 
0.8122189044952393 0.177949458360672 0.009831729345023632 
0.7018440365791321 0.2770605683326721 0.0210953988134861 
0.2607613801956177 0.6533962488174438 0.08584237098693848 
0.7558944225311279 0.22720038890838623 0.01690518856048584 
0.15000124275684357 0.8221957087516785 0.027803093194961548 
0.8233830332756042 0.1670248806476593 0.009592071175575256 
0.005574650596827269 0.09043436497449875 0.9039909839630127 
0.4195537865161896 0.5459316372871399 0.034514594823122025 
0.08619316667318344 0.6944933533668518 0.21931353211402893 
0.6478416323661804 0.32950669527053833 0.02265165187418461 
0.017470156773924828 0.13684892654418945 0.8456808924674988 
0.00504504656419158 0.8162978291511536 0.17865709960460663 
0.37936899065971375 0.5067518949508667 0.11387915909290314 
0.02040334977209568 0.5964018702507019 0.38319477438926697 
0.3479189872741699 0.6132296323776245 0.038851335644721985 
0.018973419442772865 0.6426808834075928 0.3383457064628601 
0.8638946413993835 0.12819768488407135 0.007907680235803127 
0.08023237437009811 0.8825229406356812 0.037244707345962524 
0.07743467390537262 0.8840141296386719 0.038551244884729385 
0.11908178776502609 0.8513239026069641 0.029594216495752335 
0.008324469439685345 0.4366249442100525 0.5550506114959717 
0.0722539871931076 0.8869827389717102 0.04076322168111801 
0.14327417314052582 0.7854790687561035 0.07124672085046768 
0.09001578390598297 0.8728801012039185 0.037104155868291855 
0.03123285435140133 0.6395112872123718 0.3292558789253235 
0.050285156816244125 0.8970537781715393 0.05266103893518448 
0.18319156765937805 0.617108166217804 0.19970029592514038 
0.43680498003959656 0.4986937344074249 0.06450127065181732 
0.660191535949707 0.30251622200012207 0.0372922308743 
0.4105566442012787 0.47463151812553406 0.11481192708015442 
0.9582364559173584 0.03931437432765961 0.0024492384400218725 
0.21144463121891022 0.7132350206375122 0.075320303440094 
0.899316132068634 0.09593483060598373 0.004749029874801636 
0.2156466543674469 0.7508400082588196 0.03351333364844322 
0.015828730538487434 0.16539138555526733 0.8187798857688904 
0.16656182706356049 0.808576762676239 0.02486131526529789 
0.5336502194404602 0.4359666407108307 0.030383137986063957 
0.018977388739585876 0.40174493193626404 0.5792776942253113 
0.828629195690155 0.16327564418315887 0.008095174096524715 
0.8691858053207397 0.123316191136837 0.007497967686504126 
0.0836152732372284 0.819445013999939 0.09693976491689682 
0.9380291700363159 0.05753399804234505 0.004436898045241833 
0.740541934967041 0.24685819447040558 0.01259989570826292 
0.004666453693062067 0.23204945027828217 0.7632840871810913 
0.06555904448032379 0.8393335342407227 0.09510751813650131 
0.35972070693969727 0.4177848696708679 0.2224944680929184 
0.3549708127975464 0.4745510220527649 0.17047815024852753 
0.7338880896568298 0.24508482217788696 0.02102702669799328 
0.15000124275684357 0.8221957087516785 0.027803093194961548 
0.9290285706520081 0.06798787415027618 0.0029835321474820375 
0.08619316667318344 0.6944933533668518 0.21931353211402893 
0.054689038544893265 0.49552828073501587 0.4497826099395752 
0.018641069531440735 0.6462215185165405 0.3351374566555023 
0.6170154213905334 0.3549632728099823 0.02802135795354843 
0.15051805973052979 0.7537081837654114 0.09577377885580063 
0.7889583706855774 0.20144732296466827 0.009594262577593327 
0.9495900273323059 0.04637472704052925 0.004035237245261669 
0.2633683979511261 0.7084596157073975 0.028172004967927933 
0.9538794755935669 0.0428205169737339 0.0032999757677316666 
0.14327417314052582 0.7854790687561035 0.07124672085046768 
0.9181212782859802 0.07731971889734268 0.004558934364467859 
0.9615520238876343 0.034675125032663345 0.0037727635353803635 
0.0426759347319603 0.8408711552619934 0.1164529025554657 
0.3621099293231964 0.5761189460754395 0.06177112087607384 
0.36240601539611816 0.5993578433990479 0.038236167281866074 
0.7203493714332581 0.26973649859428406 0.00991416908800602 
0.8190928101539612 0.17552845180034637 0.005378764122724533 
0.05915240943431854 0.8880460262298584 0.052801523357629776 
0.8147947788238525 0.17516346275806427 0.010041759349405766 
0.7517082691192627 0.23761588335037231 0.010675891302525997 
0.7945192456245422 0.1970115453004837 0.00846921931952238 
0.2603241503238678 0.6474014520645142 0.09227440506219864 
0.08828651905059814 0.7963846921920776 0.1153288334608078 
0.7354515194892883 0.25014105439186096 0.014407393522560596 
0.014085271395742893 0.3058837354183197 0.6800310015678406 
0.24506385624408722 0.7211542725563049 0.03378181904554367 
0.12449807673692703 0.8152616620063782 0.06024020165205002 
0.41156837344169617 0.4842829704284668 0.10414867103099823 
0.23956383764743805 0.726887047290802 0.03354910388588905 
0.44069206714630127 0.4936927556991577 0.06561514735221863 
0.09000106155872345 0.8370789289474487 0.072920061647892 
0.9312732815742493 0.06361453980207443 0.005112164653837681 
0.09499865025281906 0.7268770933151245 0.17812426388263702 
0.09876622259616852 0.7601034641265869 0.14113028347492218 
0.2580847442150116 0.6814284324645996 0.0604868121445179 
0.8215007781982422 0.17124585807323456 0.007253373507410288 
0.15000124275684357 0.8221957087516785 0.027803093194961548 
0.6896101832389832 0.29306870698928833 0.0173211470246315 
0.6896101832389832 0.29306870698928833 0.0173211470246315 
0.04076775163412094 0.19180159270763397 0.7674306631088257 
0.5641925930976868 0.39633387327194214 0.03947356715798378 
0.49427103996276855 0.48285746574401855 0.022871488705277443 
0.36280786991119385 0.5482631325721741 0.08892898261547089 
0.08619316667318344 0.6944933533668518 0.21931353211402893 
0.8630114793777466 0.12609229981899261 0.010896239429712296 
0.005250352434813976 0.2291526198387146 0.7655970454216003 
0.1415531486272812 0.7427164316177368 0.11573031544685364 
0.9722641110420227 0.024815989658236504 0.0029198909178376198 
0.13401953876018524 0.8135666251182556 0.05241386592388153 
0.5195750594139099 0.4482032358646393 0.03222169727087021 
0.09231983870267868 0.8305280208587646 0.07715217024087906 
0.008324469439685345 0.4366249442100525 0.5550506114959717 
0.14327417314052582 0.7854790687561035 0.07124672085046768 
0.8726577758789062 0.12020912766456604 0.007133042439818382 
0.7990520000457764 0.18509747087955475 0.015850521624088287 
0.1281520277261734 0.6657227277755737 0.20612524449825287 
0.061537474393844604 0.7431721687316895 0.19529026746749878 
0.7083333730697632 0.27772191166877747 0.013944771140813828 
0.053212083876132965 0.8501864075660706 0.09660160541534424 
0.002874915022403002 0.045342184603214264 0.9517828822135925 
0.05573927238583565 0.5685515999794006 0.3757091462612152 
0.016853993758559227 0.5099045038223267 0.4732414782047272 
0.024984395131468773 0.45335686206817627 0.521658718585968 
0.2217351496219635 0.7460110187530518 0.032253824174404144 
0.4353734850883484 0.5319578647613525 0.03266867250204086 
0.08836590498685837 0.8523150086402893 0.05931910499930382 
0.0021448771003633738 0.09689399600028992 0.90096116065979 
0.901237428188324 0.09484726190567017 0.0039152479730546474 
0.5235493183135986 0.44406092166900635 0.032389719039201736 
0.009543631225824356 0.47249892354011536 0.5179574489593506 
0.14413976669311523 0.7805819511413574 0.07527824491262436 
0.03446303680539131 0.8255091905593872 0.14002776145935059 
0.8881046175956726 0.10605728626251221 0.005838151089847088 
0.27360284328460693 0.6268846988677979 0.09951245039701462 
0.6079238057136536 0.3633395731449127 0.028736578300595284 
0.7511005997657776 0.23258957266807556 0.01630985550582409 
0.9431754350662231 0.05331222340464592 0.003512413240969181 
0.3315679728984833 0.5078898668289185 0.16054214537143707 
0.037280064076185226 0.8954996466636658 0.0672203004360199 
0.8953316807746887 0.09837866574525833 0.006289653945714235 
0.015174099244177341 0.7580063939094543 0.2268194556236267 
0.9557702541351318 0.041342999786138535 0.002886857371777296 
0.02057512104511261 0.33440494537353516 0.6450199484825134 
0.08619316667318344 0.6944933533668518 0.21931353211402893 
0.11814678460359573 0.7281749248504639 0.15367832779884338 
0.8519676327705383 0.14275918900966644 0.005273078102618456 
0.14327417314052582 0.7854790687561035 0.07124672085046768 
0.7810566425323486 0.20892418920993805 0.010019108653068542 
0.9545020461082458 0.04288996383547783 0.0026079630479216576 
0.010382561013102531 0.4061342179775238 0.5834832787513733 
0.9051666855812073 0.08815062046051025 0.0066826241090893745 
0.9169173240661621 0.07933127880096436 0.0037513505667448044 
0.297881156206131 0.660024106502533 0.042094700038433075 
0.8523499369621277 0.1393866091966629 0.008263428695499897 
0.9323055148124695 0.062467172741889954 0.005227360408753157 
0.9341694116592407 0.06153685972094536 0.004293649923056364 
0.7649603486061096 0.22073563933372498 0.014304074458777905 
0.05823212116956711 0.7736467123031616 0.1681210845708847 
0.12239178270101547 0.8377141952514648 0.039893973618745804 
0.1482928842306137 0.7848753929138184 0.06683170795440674 
0.23956383764743805 0.726887047290802 0.03354910388588905 
0.3560873866081238 0.5432303547859192 0.10068228095769882 
0.741827130317688 0.23870564997196198 0.019467229023575783 
0.018877804279327393 0.12355230748653412 0.8575698733329773 
0.8958454132080078 0.09817913174629211 0.005975442007184029 
0.9548780918121338 0.04218551516532898 0.002936314092949033 
0.7747971415519714 0.2166050672531128 0.0085978414863348 
0.8183972835540771 0.171814426779747 0.009788316674530506 
0.5019471049308777 0.46652308106422424 0.03152984753251076 
0.05576809123158455 0.36246171593666077 0.5817702412605286 
0.7728385329246521 0.21217574179172516 0.014985654503107071 
0.15000124275684357 0.8221957087516785 0.027803093194961548 
0.8058338761329651 0.1867007315158844 0.007465399336069822 
0.08619316667318344 0.6944933533668518 0.21931353211402893 
0.5498108863830566 0.4245224893093109 0.025666585192084312 
0.08853965997695923 0.6320443749427795 0.2794159948825836 
0.918685793876648 0.07671729475259781 0.004596954211592674 
0.8845394849777222 0.10855421423912048 0.006906363647431135 
0.12263129651546478 0.7751439809799194 0.10222475975751877 
0.05316637456417084 0.8988937735557556 0.047939885407686234 
0.959851861000061 0.03659753501415253 0.003550513880327344 
0.008324469439685345 0.4366249442100525 0.5550506114959717 
0.14327417314052582 0.7854790687561035 0.07124672085046768 
0.9600865244865417 0.03744462877511978 0.0024688306730240583 
0.14064760506153107 0.8040900230407715 0.055262427777051926 
0.24036182463169098 0.7258131504058838 0.03382507711648941 
0.20795507729053497 0.7567521333694458 0.03529280051589012 
0.030495569109916687 0.7176047563552856 0.25189968943595886 
0.5301805734634399 0.4149729311466217 0.05484650284051895 
0.6153330206871033 0.36077094078063965 0.02389606647193432 
0.2416110336780548 0.7094411253929138 0.048947837203741074 
0.03942717984318733 0.719691276550293 0.2408815324306488 
0.06748941540718079 0.8647744655609131 0.06773611903190613 
0.2687673568725586 0.6613377928733826 0.06989479064941406 
0.7070691585540771 0.28104862570762634 0.011882124468684196 
0.9073721170425415 0.08734854310750961 0.00527931796386838 
0.00404823524877429 0.10887689143419266 0.8870749473571777 
0.953873336315155 0.04366638883948326 0.0024602122139185667 
0.08572278916835785 0.88321453332901 0.031062712892889977 
0.9030073881149292 0.08864925801753998 0.008343376219272614 
0.15000124275684357 0.8221957087516785 0.027803093194961548 
0.08619316667318344 0.6944933533668518 0.21931353211402893 
0.015910593792796135 0.611758291721344 0.3723311424255371 
0.23062774538993835 0.6929444670677185 0.0764278843998909 
0.14327417314052582 0.7854790687561035 0.07124672085046768 
0.07341104000806808 0.8401384949684143 0.0864504799246788 
0.1226964071393013 0.8333783149719238 0.043925195932388306 
0.009184266440570354 0.4852209985256195 0.5055947303771973 
0.13461577892303467 0.7779982089996338 0.08738601952791214 
0.07464627921581268 0.8350692391395569 0.09028445929288864 
0.042811211198568344 0.9050838947296143 0.0521048977971077 
0.06703607738018036 0.5948329567909241 0.3381308913230896 
0.016853993758559227 0.5099045038223267 0.4732414782047272 
0.0197296142578125 0.8348280787467957 0.14544238150119781 
0.05848242715001106 0.7349064350128174 0.20661115646362305 
0.07389640063047409 0.5203514695167542 0.4057520925998688 
0.02515288069844246 0.5819127559661865 0.3929343819618225 
0.28497499227523804 0.6801419854164124 0.034883029758930206 
0.9026656150817871 0.09057958424091339 0.006754716858267784 
0.11787847429513931 0.683510959148407 0.19861052930355072 
0.1991741955280304 0.7603869438171387 0.04043880105018616 
0.047662463039159775 0.7010673880577087 0.2512701451778412 
0.024119962006807327 0.8411684036254883 0.1347116231918335 
0.7302612066268921 0.25968441367149353 0.010054357349872589 
0.160341277718544 0.76337069272995 0.07628799974918365 
0.34973400831222534 0.41508108377456665 0.23518486320972443 
0.21667525172233582 0.7630160450935364 0.020308811217546463 
0.2374880611896515 0.3883197009563446 0.3741922676563263 
0.08619316667318344 0.6944933533668518 0.21931353211402893 
0.5705038905143738 0.41262921690940857 0.01686685159802437 
0.58875572681427 0.38383787870407104 0.027406396344304085 
0.3372841775417328 0.6303590536117554 0.03235672786831856 
0.39141857624053955 0.5639214515686035 0.04465996101498604 
0.044788751751184464 0.7950054407119751 0.16020572185516357 
0.0037133474834263325 0.04561623930931091 0.9506703615188599 
0.9406518340110779 0.055343177169561386 0.004004993475973606 
0.008324469439685345 0.4366249442100525 0.5550506114959717 
0.14327417314052582 0.7854790687561035 0.07124672085046768 
0.6203247904777527 0.3360775113105774 0.043597761541604996 
0.38373661041259766 0.5630213022232056 0.05324209854006767 
0.45896080136299133 0.4599089026451111 0.08113028854131699 
0.9461576342582703 0.05072344094514847 0.00311887264251709 
0.3319571018218994 0.6299644708633423 0.03807840868830681 
0.9476557374000549 0.049406517297029495 0.0029377336613833904 
0.6616155505180359 0.3143603503704071 0.024024076759815216 
0.20042534172534943 0.6104946732521057 0.18908004462718964 
0.8349166512489319 0.15375636518001556 0.011327036656439304 
0.002389811212196946 0.07136700302362442 0.9262431263923645 
0.3789440095424652 0.5971671342849731 0.023888876661658287 
0.3712542951107025 0.5187349915504456 0.11001071333885193 
0.11989690363407135 0.7839125394821167 0.09619051963090897 
0.24740329384803772 0.7185821533203125 0.034014493227005005 
0.050298579037189484 0.8899569511413574 0.05974448099732399 
0.9665243625640869 0.031311605125665665 0.0021640651393681765 
0.3839588463306427 0.5827562808990479 0.03328494727611542 
0.9068903923034668 0.08921553194522858 0.0038941497914493084 
0.15000124275684357 0.8221957087516785 0.027803093194961548 
0.6629345417022705 0.29485780000686646 0.04220767691731453 
0.4846860468387604 0.4670303761959076 0.048283521085977554 
0.09918317943811417 0.7879506945610046 0.11286609619855881 
0.047515448182821274 0.5897279977798462 0.36275655031204224 
0.34648868441581726 0.6059352159500122 0.04757612198591232 
0.08619316667318344 0.6944933533668518 0.21931353211402893 
0.41660672426223755 0.5239323377609253 0.059460967779159546 
0.929078221321106 0.06484925001859665 0.0060725947842001915 
0.01284792646765709 0.11889668554067612 0.8682554364204407 
0.015609337016940117 0.4125771224498749 0.5718135833740234 
0.3781680762767792 0.5565322637557983 0.06529965996742249 
0.14327417314052582 0.7854790687561035 0.07124672085046768 
0.13298293948173523 0.7205266952514648 0.14649039506912231 
0.022885499522089958 0.5895941853523254 0.38752028346061707 
0.8112481236457825 0.17785263061523438 0.010899319313466549 
0.011793514713644981 0.43059825897216797 0.5576082468032837 
0.8279268145561218 0.15906943380832672 0.013003779575228691 
0.08054579794406891 0.8519271612167358 0.06752707064151764 
0.1176622286438942 0.8088779449462891 0.07345982640981674 
0.2242353856563568 0.7339694499969482 0.04179513081908226 
0.06463252753019333 0.8255517482757568 0.10981571674346924 
0.8324342370033264 0.15759503841400146 0.00997074693441391 
0.13855452835559845 0.7753667235374451 0.08607880026102066 
0.8743187189102173 0.11984921246767044 0.005832074210047722 
0.014791577123105526 0.5739103555679321 0.41129806637763977 
0.27391988039016724 0.6636061072349548 0.062473975121974945 
0.23082365095615387 0.6721814274787903 0.09699489176273346 
0.3182804584503174 0.6080535054206848 0.073666051030159 
0.002417597221210599 0.017664188519120216 0.9799181818962097 
0.638690173625946 0.32538077235221863 0.035929080098867416 
0.0030177878215909004 0.2346470057964325 0.7623351812362671 
0.010730274021625519 0.2371058464050293 0.7521638870239258 
0.596041202545166 0.3919253945350647 0.012033355422317982 
0.10943607985973358 0.8579375743865967 0.03262631967663765 
0.43549004197120667 0.5276991128921509 0.03681085631251335 
0.15000124275684357 0.8221957087516785 0.027803093194961548 
0.3324344754219055 0.4366607367992401 0.23090481758117676 
0.08619316667318344 0.6944933533668518 0.21931353211402893 
0.7433090209960938 0.24644377827644348 0.010247226804494858 
0.027679892256855965 0.7106026411056519 0.26171743869781494 
0.08547116070985794 0.8774634003639221 0.037065401673316956 
0.20731422305107117 0.7662354111671448 0.026450376957654953 
0.19118188321590424 0.7608776092529297 0.04794055223464966 
0.14327417314052582 0.7854790687561035 0.07124672085046768 
0.19583597779273987 0.7572420835494995 0.04692193120718002 
0.5882904529571533 0.3580045998096466 0.05370489880442619 
0.88374263048172 0.10600937902927399 0.010247927159070969 
0.8829178810119629 0.10652799904346466 0.010554149746894836 
0.3468282222747803 0.631305456161499 0.02186625823378563 
0.699941098690033 0.26267653703689575 0.037382397800683975 
0.023134827613830566 0.7500790357589722 0.22678618133068085 
0.32692772150039673 0.647028923034668 0.026043368503451347 
0.08821927011013031 0.6813609004020691 0.2304198443889618 
0.24740329384803772 0.7185821533203125 0.034014493227005005 
0.6363614797592163 0.3407992124557495 0.02283933013677597 
0.01174280233681202 0.41766777634620667 0.5705894231796265 
0.9026415348052979 0.09282800555229187 0.004530435428023338 
0.024119962006807327 0.8411684036254883 0.1347116231918335 
0.04970639944076538 0.8616796135902405 0.08861400932073593 
0.8271272778511047 0.15751150250434875 0.015361268073320389 
0.046033646911382675 0.5603715777397156 0.39359480142593384 
0.9384671449661255 0.05800171196460724 0.003531026653945446 
0.0013804490445181727 0.060496751219034195 0.9381228089332581 
0.08619316667318344 0.6944933533668518 0.21931353211402893 
0.905763566493988 0.08843155950307846 0.005804899148643017 
0.10217220336198807 0.7474762797355652 0.15035149455070496 
0.2036460041999817 0.7155003547668457 0.08085358887910843 
0.8080137372016907 0.18086786568164825 0.011118371970951557 
0.3542320728302002 0.608919084072113 0.036848846822977066 
0.18015751242637634 0.6721899509429932 0.1476525366306305 
0.11757669597864151 0.8526619672775269 0.02976134791970253 
0.6399726271629333 0.3401675522327423 0.019859865307807922 
0.4641517698764801 0.5057585835456848 0.03008962795138359 
0.14327417314052582 0.7854790687561035 0.07124672085046768 
0.03698199242353439 0.8141902685165405 0.14882774651050568 
0.10658730566501617 0.8550088405609131 0.038403790444135666 
0.487466037273407 0.4812275767326355 0.0313064381480217 
0.027613580226898193 0.7767825722694397 0.19560383260250092 
0.9687979221343994 0.028866084292531013 0.0023359954357147217 
0.08333045244216919 0.8569544553756714 0.05971512570977211 
0.09667769819498062 0.878020703792572 0.025301648303866386 
0.15122906863689423 0.8016051650047302 0.04716577008366585 
0.005250352434813976 0.2291526198387146 0.7655970454216003 
0.4060154855251312 0.48138687014579773 0.11259773373603821 
0.007280190475285053 0.5171818733215332 0.4755379259586334 
0.15441861748695374 0.7655789256095886 0.08000245690345764 
0.2318754494190216 0.7047057747840881 0.06341885775327682 
0.3272610008716583 0.6509702205657959 0.02176886796951294 
0.04867822304368019 0.7623113393783569 0.18901045620441437 
0.007605399936437607 0.21005265414714813 0.7823418974876404 
0.007343958131968975 0.17648440599441528 0.8161716461181641 
0.8142416477203369 0.17555740475654602 0.010200981982052326 
0.837398111820221 0.15648485720157623 0.006116986740380526 
0.9099844694137573 0.08510846644639969 0.0049070389941334724 
0.49879521131515503 0.4760685861110687 0.025136224925518036 
0.6186757683753967 0.3503713011741638 0.030952908098697662 
0.2568565011024475 0.707493782043457 0.03564972057938576 
0.07644987851381302 0.8903031349182129 0.03324691578745842 
0.06475582718849182 0.33482441306114197 0.600419819355011 
0.7540748119354248 0.22804902493953705 0.01787613146007061 
0.5750849843025208 0.3922911584377289 0.03262387216091156 
0.0163428895175457 0.37065258622169495 0.6130045056343079 
0.015192490071058273 0.3794173300266266 0.6053901314735413 
0.8609341979026794 0.12701740860939026 0.01204843819141388 
0.10971333831548691 0.8521207571029663 0.038165878504514694 
0.015174099244177341 0.7580063939094543 0.2268194556236267 
0.15000124275684357 0.8221957087516785 0.027803093194961548 
0.08619316667318344 0.6944933533668518 0.21931353211402893 
0.009586578235030174 0.14263442158699036 0.8477790355682373 
0.480575829744339 0.4757722318172455 0.04365185275673866 
0.009733262471854687 0.5874127745628357 0.40285390615463257 
0.6771759390830994 0.3090015649795532 0.013822485692799091 
0.7886210680007935 0.1920607089996338 0.019318241626024246 
0.14327417314052582 0.7854790687561035 0.07124672085046768 
0.08828651905059814 0.7963846921920776 0.1153288334608078 
0.5512784123420715 0.40698742866516113 0.04173418879508972 
0.6938262581825256 0.29682961106300354 0.00934411771595478 
0.8794899582862854 0.11381437629461288 0.0066956644877791405 
0.24740329384803772 0.7185821533203125 0.034014493227005005 
0.9312783479690552 0.0653621107339859 0.003359453985467553 
0.019388413056731224 0.7561037540435791 0.22450783848762512 
0.5901374816894531 0.3844600021839142 0.025402510538697243 
0.6104790568351746 0.3571465015411377 0.032374441623687744 
0.8901329040527344 0.10403507202863693 0.0058320690877735615 
0.5591020584106445 0.37740209698677063 0.06349580734968185 
0.36965668201446533 0.5770107507705688 0.05333257094025612 
0.33410754799842834 0.6259400248527527 0.03995238617062569 
0.1262199431657791 0.7552828192710876 0.11849725246429443 
0.3620530068874359 0.5466539263725281 0.09129306674003601 
0.5766441226005554 0.4086226224899292 0.014733283780515194 
0.46106499433517456 0.5186991095542908 0.020235901698470116 
0.5766441226005554 0.4086226224899292 0.014733283780515194 
0.633061945438385 0.3408890664577484 0.026048973202705383 
0.7976853847503662 0.19135697185993195 0.010957624763250351 
0.9366146326065063 0.058365870267152786 0.005019431468099356 
0.15000124275684357 0.8221957087516785 0.027803093194961548 
0.09479460120201111 0.8395318984985352 0.06567354500293732 
0.029456788673996925 0.19045555591583252 0.7800876498222351 
0.08619316667318344 0.6944933533668518 0.21931353211402893 
0.03118908405303955 0.83812415599823 0.13068673014640808 
0.36326855421066284 0.5979781746864319 0.03875325247645378 
0.021658150479197502 0.8282153606414795 0.15012651681900024 
0.26553669571876526 0.6551886200904846 0.07927463203668594 
0.036390434950590134 0.808861494064331 0.15474805235862732 
0.6196177005767822 0.36467382311820984 0.015708480030298233 
0.14327417314052582 0.7854790687561035 0.07124672085046768 
0.009759755805134773 0.759563148021698 0.23067706823349 
0.02032420225441456 0.5716062784194946 0.40806955099105835 
0.09653322398662567 0.8130471110343933 0.09041967242956161 
0.05229438841342926 0.8401376605033875 0.10756796598434448 
0.02096964418888092 0.5226818919181824 0.4563485085964203 
0.05334104225039482 0.8282037973403931 0.11845521628856659 
0.018567590042948723 0.20944857597351074 0.7719838619232178 
0.05523183196783066 0.8399041891098022 0.10486398637294769 
0.5793848633766174 0.3731009066104889 0.0475141741335392 
0.579771101474762 0.3607156574726105 0.05951324850320816 
0.47972190380096436 0.4775308072566986 0.042747292667627335 
0.9587947130203247 0.038496602326631546 0.002708714921027422 
0.20446939766407013 0.760524332523346 0.035006243735551834 
0.01359509862959385 0.20845718681812286 0.7779476642608643 
0.2469811737537384 0.46032360196113586 0.29269516468048096 
0.49919360876083374 0.45063063502311707 0.0501757375895977 
0.7804993987083435 0.20861242711544037 0.010888148099184036 
0.0466015487909317 0.7337563633918762 0.21964213252067566 
0.46609917283058167 0.48449161648750305 0.049409206956624985 
0.9352834820747375 0.061030201613903046 0.003686384530737996 
0.1587744802236557 0.8145893216133118 0.02663627453148365 
0.4247550964355469 0.5457335114479065 0.029511427506804466 
0.4287683367729187 0.544881284236908 0.02635040692985058 
0.8365432620048523 0.15318037569522858 0.010276290588080883 
0.15000124275684357 0.8221957087516785 0.027803093194961548 
0.6923290491104126 0.29722800850868225 0.010442945174872875 
0.942895233631134 0.05116874724626541 0.005936095956712961 
0.08619316667318344 0.6944933533668518 0.21931353211402893 
0.050298579037189484 0.8899569511413574 0.05974448099732399 
0.23981310427188873 0.7344046831130981 0.0257822647690773 
0.09653322398662567 0.8130471110343933 0.09041967242956161 
0.8982329964637756 0.09705093502998352 0.004716016352176666 
0.14327417314052582 0.7854790687561035 0.07124672085046768 
0.47469088435173035 0.47510048747062683 0.05020866170525551 
0.43782275915145874 0.5454151034355164 0.016762113198637962 
0.46621832251548767 0.4949564039707184 0.03882531076669693 
0.13229264318943024 0.8354988098144531 0.032208506017923355 
0.2193296104669571 0.6747910976409912 0.10587925463914871 
0.9794629216194153 0.018694967031478882 0.0018420839915052056 
0.3679080605506897 0.61016446352005 0.021927526220679283 
0.13578493893146515 0.37410932779312134 0.49010568857192993 
0.19224822521209717 0.703832745552063 0.10391908138990402 
0.8308746814727783 0.16072018444538116 0.008405076339840889 
0.09065012633800507 0.8314700126647949 0.07787983864545822 
0.007319434080272913 0.20746560394763947 0.785214900970459 
0.24740329384803772 0.7185821533203125 0.034014493227005005 
0.07206760346889496 0.8885841965675354 0.03934828191995621 
0.04653633013367653 0.8282827734947205 0.1251809448003769 
0.7922614216804504 0.19023698568344116 0.017501631751656532 
0.7016010284423828 0.26827219128608704 0.030126789584755898 
0.9013367891311646 0.09336458146572113 0.0052986955270171165 
0.7868437170982361 0.20374342799186707 0.00941286887973547 
0.01783287338912487 0.8403866291046143 0.1417805552482605 
0.3796880841255188 0.5745031833648682 0.04580875113606453 
0.6120171546936035 0.329326331615448 0.05865650251507759 
0.20034287869930267 0.5831650495529175 0.21649202704429626 
0.2855323255062103 0.6629785299301147 0.05148908868432045 
0.9272915720939636 0.06746474653482437 0.005243711173534393 
0.6153342127799988 0.35608038306236267 0.028585368767380714 
0.15000124275684357 0.8221957087516785 0.027803093194961548 
0.009082947857677937 0.4448380172252655 0.5460790395736694 
0.8693276047706604 0.1220092698931694 0.00866309180855751 
0.573357105255127 0.4065813720226288 0.020061533898115158 
0.08619316667318344 0.6944933533668518 0.21931353211402893 
0.29898497462272644 0.6554214954376221 0.04559352621436119 
0.41926756501197815 0.4748416244983673 0.10589080303907394 
0.1314859390258789 0.5910727381706238 0.2774413228034973 
0.14327417314052582 0.7854790687561035 0.07124672085046768 
0.06391175836324692 0.9011166095733643 0.03497158735990524 
0.015310220420360565 0.7474234104156494 0.2372663915157318 
0.006748279090970755 0.20950838923454285 0.7837433218955994 
0.7999126315116882 0.17941121757030487 0.02067616954445839 
0.21814724802970886 0.7385209202766418 0.04333190619945526 
0.21682098507881165 0.7365430593490601 0.04663604870438576 
0.16033504903316498 0.6406685709953308 0.198996439576149 
0.008524899370968342 0.2867279648780823 0.7047471404075623 
0.140260249376297 0.830470621585846 0.029269138351082802 
0.0120624341070652 0.6593828201293945 0.32855474948883057 
0.10780193656682968 0.838383674621582 0.05381432920694351 
0.004760104697197676 0.25258195400238037 0.7426579594612122 
0.0020223725587129593 0.020261205732822418 0.9777163863182068 
0.8358787298202515 0.15778453648090363 0.006336751859635115 
0.8874257206916809 0.10787506401538849 0.004699320998042822 
0.024269631132483482 0.20280174911022186 0.7729285955429077 
0.16423465311527252 0.5216532349586487 0.3141120970249176 
0.4515379071235657 0.522111177444458 0.026350898668169975 
0.5952127575874329 0.33698374032974243 0.0678035095334053 
0.0764206200838089 0.8885911703109741 0.034988176077604294 
0.6641182899475098 0.3206603527069092 0.01522134430706501 
0.6721482276916504 0.31372615694999695 0.014125657267868519 
0.12092138081789017 0.83854079246521 0.04053783044219017 
0.03938775882124901 0.35921066999435425 0.6014015674591064 
0.03446946293115616 0.35544148087501526 0.6100890040397644 
0.05259537324309349 0.8208404183387756 0.12656421959400177 
0.04885653778910637 0.4537557363510132 0.49738776683807373 
0.9374971985816956 0.057352274656295776 0.005150447599589825 
0.15000124275684357 0.8221957087516785 0.027803093194961548 
0.572415292263031 0.30933812260627747 0.11824655532836914 
0.08619316667318344 0.6944933533668518 0.21931353211402893 
0.7212841510772705 0.26723724603652954 0.01147866528481245 
0.01197738479822874 0.8581547737121582 0.12986783683300018 
0.3762649595737457 0.5805534720420837 0.04318159446120262 
0.8802906274795532 0.11525902897119522 0.0044502997770905495 
0.9262728691101074 0.06977411359548569 0.003952896688133478 
0.19508247077465057 0.6145032644271851 0.19041430950164795 
0.5518265962600708 0.4240038990974426 0.024169476702809334 
0.14327417314052582 0.7854790687561035 0.07124672085046768 
0.6600448489189148 0.3234517276287079 0.016503410413861275 
0.5759834051132202 0.4023999273777008 0.021616706624627113 
0.7495121955871582 0.2238766849040985 0.026611123234033585 
0.15175212919712067 0.6643459796905518 0.1839018613100052 
0.5507045984268188 0.4299522638320923 0.019343167543411255 
0.49676528573036194 0.4814336597919464 0.02180113084614277 
0.13094137609004974 0.6504256725311279 0.21863296627998352 
0.6552327871322632 0.32920631766319275 0.015560900792479515 
0.6210147142410278 0.36094483733177185 0.018040494993329048 
0.577907145023346 0.3970206379890442 0.025072267279028893 
0.7472492456436157 0.24048683047294617 0.012263935059309006 
0.006192896515130997 0.30912211537361145 0.6846849918365479 
0.016690300777554512 0.2601514458656311 0.7231582403182983 
0.8558294773101807 0.13929051160812378 0.004879937041550875 
0.0488438606262207 0.8375016450881958 0.11365457624197006 
0.01306168083101511 0.2344871610403061 0.7524511218070984 
0.004937589168548584 0.2632901072502136 0.7317723631858826 
0.15000124275684357 0.8221957087516785 0.027803093194961548 
0.5198200941085815 0.4493955671787262 0.030784355476498604 
0.10246551781892776 0.8410019874572754 0.05653253197669983 
0.08619316667318344 0.6944933533668518 0.21931353211402893 
0.04132020100951195 0.8256045579910278 0.13307514786720276 
0.03255452960729599 0.9125873446464539 0.05485809966921806 
0.00636183051392436 0.30408400297164917 0.6895541548728943 
0.13468654453754425 0.6322800517082214 0.2330334335565567 
0.005113568622618914 0.2640928626060486 0.7307935953140259 
0.14327417314052582 0.7854790687561035 0.07124672085046768 
0.8050028681755066 0.17891967296600342 0.016077494248747826 
0.7345669269561768 0.2554296553134918 0.010003374889492989 
0.8464655876159668 0.14720557630062103 0.006328829564154148 
0.7531338334083557 0.2276458740234375 0.019220301881432533 
0.5332566499710083 0.4426329731941223 0.024110393598675728 
0.010919611901044846 0.3206854462623596 0.6683949828147888 
0.6648889183998108 0.2936325967311859 0.04147850722074509 
0.0042943707667291164 0.24879583716392517 0.7469097971916199 
0.004631082993000746 0.18518413603305817 0.8101847767829895 
0.1238102838397026 0.8324324488639832 0.043757304549217224 
0.22921593487262726 0.7121925354003906 0.05859148129820824 
0.6676748394966125 0.3038747310638428 0.0284503772854805 
0.010939697735011578 0.2615415155887604 0.7275187969207764 
0.19836340844631195 0.6769821643829346 0.12465440481901169 
0.06651757657527924 0.6517156958580017 0.28176674246788025 
0.9051535129547119 0.0901205763220787 0.004725911654531956 
0.7209944128990173 0.26405343413352966 0.014952143654227257 
0.18354198336601257 0.6866627931594849 0.12979525327682495 
0.9344323873519897 0.0620114803314209 0.003556136041879654 
0.7907374501228333 0.20264384150505066 0.0066186608746647835 
0.15879705548286438 0.8050307631492615 0.03617219999432564 
0.0658567026257515 0.6773877739906311 0.256755530834198 
0.03008877858519554 0.3096825182437897 0.6602287292480469 
0.5370586514472961 0.4181765615940094 0.04476481303572655 
0.08771482855081558 0.8408060669898987 0.07147905230522156 
0.9345577359199524 0.061353109776973724 0.0040890867821872234 
0.04727064445614815 0.9004470705986023 0.05228227749466896 
0.7433370351791382 0.24722875654697418 0.009434197098016739 
0.15000124275684357 0.8221957087516785 0.027803093194961548 
0.880664050579071 0.11102678626775742 0.008309160359203815 
0.007957938127219677 0.7504646182060242 0.2415774166584015 
0.8598450422286987 0.13245835900306702 0.00769653869792819 
0.08619316667318344 0.6944933533668518 0.21931353211402893 
0.9478499889373779 0.04923415556550026 0.0029158671386539936 
0.925309419631958 0.07089594006538391 0.003794669173657894 
0.14327417314052582 0.7854790687561035 0.07124672085046768 
0.08829212933778763 0.6459246277809143 0.2657831907272339 
0.013139612972736359 0.23331975936889648 0.7535406351089478 
0.0391620397567749 0.7014142274856567 0.25942379236221313 
0.21223069727420807 0.7681512236595154 0.01961803250014782 
0.8479787111282349 0.14285661280155182 0.009164595045149326 
0.31148913502693176 0.6475233435630798 0.0409875214099884 
0.25239163637161255 0.7076119780540466 0.03999634087085724 
0.7038649320602417 0.2548433542251587 0.04129171371459961 
0.9602664113044739 0.036765970289707184 0.002967536449432373 
0.005950408987700939 0.04015684127807617 0.953892707824707 
0.70450758934021 0.287069708108902 0.008422649465501308 
0.47892242670059204 0.48895010352134705 0.03212748095393181 
0.16124942898750305 0.3143801689147949 0.5243704319000244 
0.36382758617401123 0.6124229431152344 0.0237494595348835 
0.22844065725803375 0.7326586246490479 0.03890068829059601 
0.9513916969299316 0.04337272793054581 0.005235581658780575 
0.00510747916996479 0.32754477858543396 0.6673477292060852 
0.012770955450832844 0.4347096085548401 0.5525194406509399 
0.10401909798383713 0.8510661721229553 0.04491478204727173 
0.2294631153345108 0.7450653314590454 0.025471489876508713 
0.5008370876312256 0.4820779263973236 0.017084958031773567 
0.7180761098861694 0.27070358395576477 0.011220323853194714 
0.7095961570739746 0.27347269654273987 0.016931181773543358 
0.26349642872810364 0.6634107232093811 0.07309277355670929 
0.14652641117572784 0.7728639245033264 0.08060966432094574 
0.030226828530430794 0.30355745553970337 0.6662157773971558 
0.3285796642303467 0.6208072304725647 0.050613176077604294 
0.6958028674125671 0.2931322157382965 0.011064828373491764 
0.5665130019187927 0.3782900869846344 0.055196911096572876 
0.15000124275684357 0.8221957087516785 0.027803093194961548 
0.08619316667318344 0.6944933533668518 0.21931353211402893 
0.014013320207595825 0.30168598890304565 0.6843006610870361 
0.5232056975364685 0.4469209611415863 0.029873346909880638 
0.9687683582305908 0.02868339605629444 0.002548240590840578 
0.005250352434813976 0.2291526198387146 0.7655970454216003 
0.7017454504966736 0.28228095173835754 0.01597355119884014 
0.14327417314052582 0.7854790687561035 0.07124672085046768 
0.056301239877939224 0.7041435241699219 0.23955532908439636 
0.3570289611816406 0.6188157796859741 0.024155333638191223 
0.026612447574734688 0.7932161092758179 0.18017150461673737 
0.06871119141578674 0.8941359519958496 0.037152837961912155 
0.1392572820186615 0.7703365683555603 0.09040611237287521 
0.20597025752067566 0.6719453930854797 0.12208433449268341 
0.03383398428559303 0.36451032757759094 0.6016557216644287 
0.26186975836753845 0.6968685984611511 0.041261665523052216 
0.2905900478363037 0.6904221177101135 0.018987884745001793 
0.8929998874664307 0.10258117318153381 0.004418941680341959 
0.15045475959777832 0.7694490551948547 0.08009626716375351 
0.7274645566940308 0.24762305617332458 0.024912424385547638 
0.29370468854904175 0.5528811812400818 0.15341413021087646 
0.6547818183898926 0.33473411202430725 0.010484077967703342 
0.6898841857910156 0.2945989966392517 0.015516825020313263 
0.2653459906578064 0.702888548374176 0.03176548704504967 
0.07138795405626297 0.8452965617179871 0.08331549912691116 
0.9175024032592773 0.07752634584903717 0.004971189424395561 
0.10208015143871307 0.6814903616905212 0.21642950177192688 
0.40675675868988037 0.5322744846343994 0.06096876040101051 
0.04250963404774666 0.4062882363796234 0.551202118396759 
0.006357097998261452 0.41834455728530884 0.5752983093261719 
0.7897900342941284 0.2010331004858017 0.009176873601973057 
0.15000124275684357 0.8221957087516785 0.027803093194961548 
0.0010607225121930242 0.05723760277032852 0.9417017102241516 
0.6082199215888977 0.3697734475135803 0.02200663648545742 
0.08619316667318344 0.6944933533668518 0.21931353211402893 
0.11844311654567719 0.8090137243270874 0.0725431889295578 
0.008260518312454224 0.2850700318813324 0.7066694498062134 
0.20765911042690277 0.49597495794296265 0.2963659465312958 
0.11256779730319977 0.5867075324058533 0.30072474479675293 
0.3045364022254944 0.45758792757987976 0.23787569999694824 
0.698434591293335 0.27723363041877747 0.024331774562597275 
0.02013869769871235 0.5648826956748962 0.41497862339019775 
0.08029331266880035 0.8485189080238342 0.07118779420852661 
0.002504843520000577 0.06006380543112755 0.9374313354492188 
0.912918210029602 0.08163537830114365 0.005446393042802811 
0.14327417314052582 0.7854790687561035 0.07124672085046768 
0.008734609931707382 0.7113983035087585 0.27986714243888855 
0.18853040039539337 0.6314853429794312 0.17998428642749786 
0.9661339521408081 0.03142276033759117 0.0024432700593024492 
0.9633641242980957 0.03388576582074165 0.002750077750533819 
0.7577552795410156 0.22646647691726685 0.015778174623847008 
0.9647998809814453 0.032686010003089905 0.0025140431243926287 
0.918957531452179 0.07553192973136902 0.005510648246854544 
0.4937012195587158 0.46996065974235535 0.036338046193122864 
0.420259028673172 0.5338064432144165 0.045934583991765976 
0.05485290661454201 0.7182593941688538 0.2268877774477005 
0.34016337990760803 0.6227274537086487 0.0371091403067112 
0.06375355273485184 0.8462449908256531 0.09000150114297867 
0.6944674253463745 0.2882043123245239 0.017328286543488503 
0.19270172715187073 0.7818254828453064 0.025472814217209816 
0.7647519707679749 0.22709354758262634 0.008154456503689289 
0.1575247049331665 0.7584936618804932 0.08398164063692093 
0.9071688652038574 0.08808436989784241 0.004746722057461739 
0.3470061123371124 0.6057068109512329 0.04728702828288078 
0.8254306316375732 0.1672613024711609 0.0073080542497336864 
0.9524361491203308 0.04506496712565422 0.002498835325241089 
0.792758584022522 0.19603975117206573 0.011201688088476658 
0.14421148598194122 0.8229753971099854 0.03281310573220253 
0.5810710191726685 0.40116357803344727 0.017765356227755547 
0.2784518003463745 0.6669374108314514 0.05461084470152855 
0.12588068842887878 0.6571590304374695 0.21696025133132935 
0.9499168992042542 0.04757414385676384 0.002508945530280471 
0.8511465191841125 0.13232380151748657 0.016529656946659088 
0.9513745307922363 0.04598299413919449 0.0026425339747220278 
0.8146309852600098 0.16399633884429932 0.021372703835368156 
0.5601730942726135 0.42146357893943787 0.018363317474722862 
0.8506588339805603 0.13476330041885376 0.014577887021005154 
0.8380740284919739 0.15435178577899933 0.007574161980301142 
0.003355430206283927 0.02558889612555504 0.9710556268692017 
0.3241267800331116 0.6470038890838623 0.028869304805994034 
0.024213843047618866 0.43170875310897827 0.5440773963928223 
0.15000124275684357 0.8221957087516785 0.027803093194961548 
0.17539194226264954 0.7007613778114319 0.12384670227766037 
0.08619316667318344 0.6944933533668518 0.21931353211402893 
0.00546775758266449 0.0372173972427845 0.9573148488998413 
0.050489846616983414 0.8556928038597107 0.09381730854511261 
0.011328157037496567 0.6305568218231201 0.3581150472164154 
0.14327417314052582 0.7854790687561035 0.07124672085046768 
0.5365293622016907 0.44159483909606934 0.021875720471143723 
0.0031889453530311584 0.10307160019874573 0.8937394618988037 
0.9598554968833923 0.03829926997423172 0.001845215680077672 
0.48666492104530334 0.4953335225582123 0.018001487478613853 
0.6464846134185791 0.33905646204948425 0.014458898454904556 
0.13325121998786926 0.7404079437255859 0.1263408362865448 
0.016853993758559227 0.5099045038223267 0.4732414782047272 
0.2537277638912201 0.7121219038963318 0.034150321036577225 
0.004987519700080156 0.12225279211997986 0.8727596402168274 
0.6430924534797668 0.34773698449134827 0.009170623496174812 
0.6813652515411377 0.30171456933021545 0.016920126974582672 
0.17333604395389557 0.6484866738319397 0.17817726731300354 
0.6597998142242432 0.32961252331733704 0.010587633587419987 
0.018038298934698105 0.5488842129707336 0.43307748436927795 
0.33320122957229614 0.6418380737304688 0.02496066689491272 
0.8985741138458252 0.09681978821754456 0.004606107249855995 
0.3795734941959381 0.5516709685325623 0.06875553727149963 
0.5532878637313843 0.43336185812950134 0.013350238092243671 
0.5332248210906982 0.4521406590938568 0.014634523540735245 
0.8793994188308716 0.11354483664035797 0.0070557985454797745 
0.1143772155046463 0.8464181423187256 0.039204683154821396 
0.07199510186910629 0.8830265998840332 0.044978294521570206 
0.10067757964134216 0.8508819937705994 0.04844043031334877 
0.7752775549888611 0.21334689855575562 0.011375563219189644 
0.8472917675971985 0.1443205028772354 0.008387788198888302 
0.9068056344985962 0.08707618713378906 0.006118063814938068 
0.037211235612630844 0.881817638874054 0.0809711217880249 
0.6734430193901062 0.31879720091819763 0.007759742438793182 
0.6865379214286804 0.2945787310600281 0.018883295357227325 
0.003520946018397808 0.05026421695947647 0.9462148547172546 
0.15000124275684357 0.8221957087516785 0.027803093194961548 
0.12013774365186691 0.7540391683578491 0.12582309544086456 
0.1684342920780182 0.8028250336647034 0.028740644454956055 
0.901702880859375 0.09169863909482956 0.00659841438755393 
0.7801010012626648 0.20544248819351196 0.014456485398113728 
0.08619316667318344 0.6944933533668518 0.21931353211402893 
0.008627858012914658 0.20732355117797852 0.7840486168861389 
0.019227853044867516 0.4650834798812866 0.5156886577606201 
0.04661978781223297 0.6700506210327148 0.28332963585853577 
0.7864935398101807 0.20075231790542603 0.012754195369780064 
0.6206079721450806 0.36480388045310974 0.014588209800422192 
0.14327417314052582 0.7854790687561035 0.07124672085046768 
0.41979071497917175 0.5541914105415344 0.026017911732196808 
0.6057799458503723 0.383828729391098 0.010391319170594215 
0.06908276677131653 0.8011295795440674 0.1297876387834549 
0.10260496288537979 0.7456848621368408 0.15171021223068237 
0.607167661190033 0.38231563568115234 0.010516669601202011 
0.3805673122406006 0.554572343826294 0.06486032158136368 
0.14304210245609283 0.8317557573318481 0.02520207315683365 
0.034425295889377594 0.5953322052955627 0.37024256587028503 
0.5619828701019287 0.4242019057273865 0.013815273530781269 
0.8873279094696045 0.10575983673334122 0.006912295240908861 
0.5971776247024536 0.3907647132873535 0.01205766387283802 
0.5142788290977478 0.4700607657432556 0.015660371631383896 
0.910422682762146 0.08569999784231186 0.0038773855194449425 
0.887982964515686 0.10599849373102188 0.006018572021275759 
0.9261272549629211 0.06974027305841446 0.004132535774260759 
0.9210889935493469 0.07439958304166794 0.004511481616646051 
0.9600844383239746 0.037131417542696 0.0027841711416840553 
0.20132039487361908 0.7246315479278564 0.0740480124950409 
0.6479263305664062 0.3427070081233978 0.009366673417389393 
0.126669779419899 0.8008759021759033 0.07245434820652008 
0.11285819858312607 0.8258735537528992 0.061268240213394165 
0.679374635219574 0.30649664998054504 0.014128752052783966 
0.12249357253313065 0.8320778608322144 0.04542861506342888 
0.022029830142855644 0.5914905071258545 0.3864797055721283 
0.9284185767173767 0.06719309836626053 0.004388303495943546 
0.2842491865158081 0.651883602142334 0.06386721879243851 
0.01761927641928196 0.19398032128810883 0.788400411605835 
0.730251133441925 0.25429797172546387 0.015450901351869106 
0.5373040437698364 0.4223034679889679 0.040392473340034485 
0.5373040437698364 0.4223034679889679 0.040392473340034485 
0.9359152317047119 0.06125649809837341 0.0028283477295190096 
0.9489933848381042 0.04798465967178345 0.003022008342668414 
0.3362334966659546 0.6349359154701233 0.028830554336309433 
0.00150498584844172 0.034021250903606415 0.9644737839698792 
0.2911377549171448 0.6065362095832825 0.10232603549957275 
0.29872509837150574 0.677127480506897 0.024147454649209976 
0.4083438515663147 0.5663883686065674 0.02526780031621456 
0.15000124275684357 0.8221957087516785 0.027803093194961548 
0.7328839898109436 0.25634121894836426 0.010774709284305573 
0.08619316667318344 0.6944933533668518 0.21931353211402893 
0.5541433691978455 0.41102221608161926 0.0348343662917614 
0.010587239637970924 0.050278306007385254 0.939134418964386 
0.005076538305729628 0.18305641412734985 0.8118670582771301 
0.009318970143795013 0.3805488646030426 0.6101321578025818 
0.14327417314052582 0.7854790687561035 0.07124672085046768 
0.21930594742298126 0.671842634677887 0.108851358294487 
0.6177443861961365 0.34662315249443054 0.035632431507110596 
0.7816319465637207 0.20013394951820374 0.018234023824334145 
0.0365653932094574 0.7244850397109985 0.23894959688186646 
0.01643209159374237 0.8169607520103455 0.16660715639591217 
0.1110546812415123 0.5232478976249695 0.36569744348526 
0.1160973384976387 0.8106380105018616 0.0732646957039833 
0.1728019416332245 0.7952426075935364 0.031955499202013016 
0.10226288437843323 0.5364949107170105 0.3612421751022339 
0.32995501160621643 0.6065704226493835 0.06347453594207764 
0.022691363468766212 0.5380622744560242 0.43924638628959656 
0.6864665746688843 0.3012201488018036 0.012313313782215118 
0.07445655018091202 0.6995776295661926 0.22596581280231476 
0.7792310118675232 0.20680344104766846 0.01396561972796917 
0.839288592338562 0.14312361180782318 0.017587784677743912 
0.00265185022726655 0.08745023608207703 0.9098978638648987 
0.8308259844779968 0.16260036826133728 0.006573634222149849 
0.027695348486304283 0.8047513365745544 0.1675533503293991 
0.013475055806338787 0.29950013756752014 0.6870248913764954 
0.07223914563655853 0.8087866902351379 0.11897416412830353 
0.22510668635368347 0.7458010911941528 0.029092250391840935 
0.015910593792796135 0.611758291721344 0.3723311424255371 
0.23956383764743805 0.726887047290802 0.03354910388588905 
0.15505088865756989 0.7671154737472534 0.07783366739749908 
0.15000124275684357 0.8221957087516785 0.027803093194961548 
0.07591504603624344 0.7734461426734924 0.15063878893852234 
0.8631488680839539 0.1315809041261673 0.005270230118185282 
0.9088782072067261 0.08381278067827225 0.007308971136808395 
0.08619316667318344 0.6944933533668518 0.21931353211402893 
0.15826649963855743 0.8097971677780151 0.031936343759298325 
0.040940314531326294 0.64908766746521 0.30997201800346375 
0.14327417314052582 0.7854790687561035 0.07124672085046768 
0.1868058741092682 0.6395329833030701 0.17366118729114532 
0.7467243075370789 0.24129919707775116 0.011976517736911774 
0.010006875731050968 0.667515754699707 0.3224773705005646 
0.28684085607528687 0.6362361311912537 0.07692300528287888 
0.8176337480545044 0.17583400011062622 0.006532323081046343 
0.783409595489502 0.2052125632762909 0.011377846822142601 
0.9741894602775574 0.023168237879872322 0.0026423733215779066 
0.9189506769180298 0.07657214999198914 0.004477223847061396 
0.9320998787879944 0.06339962035417557 0.004500489216297865 
0.4378482699394226 0.5465169548988342 0.015634780749678612 
0.06673721969127655 0.3289061486721039 0.6043566465377808 
0.45929399132728577 0.522858202457428 0.01784783974289894 
0.0016509357374161482 0.03066926635801792 0.9676797986030579 
0.5144798159599304 0.3699929118156433 0.11552726477384567 
0.6043998003005981 0.3871728181838989 0.008427335880696774 
0.34469419717788696 0.5620762705802917 0.09322947263717651 
0.07954982668161392 0.8091246485710144 0.1113254651427269 
0.10074490308761597 0.8608115911483765 0.03844355419278145 
0.9042094349861145 0.08920544385910034 0.006585096009075642 
0.3266682028770447 0.5858908295631409 0.08744102716445923 
0.24866211414337158 0.6286252737045288 0.12271256744861603 
0.013144474476575851 0.4219980835914612 0.5648574829101562 
0.7575432062149048 0.23193316161632538 0.010523575358092785 
0.5936184525489807 0.3613062798976898 0.04507528617978096 
0.5317069292068481 0.3570467531681061 0.11124629527330399 
0.12159596383571625 0.836284875869751 0.042119212448596954 
0.5682166814804077 0.39629697799682617 0.035486385226249695 
0.7705451250076294 0.22136621177196503 0.00808868557214737 
0.3741530776023865 0.5795599818229675 0.04628699645400047 
0.11387696117162704 0.8402206301689148 0.04590242728590965 
0.6734933257102966 0.31618532538414 0.0103213582187891 
0.15000124275684357 0.8221957087516785 0.027803093194961548 
0.4737564027309418 0.4919596016407013 0.034283947199583054 
0.8589479923248291 0.13078339397907257 0.010268591344356537 
0.949248731136322 0.047056034207344055 0.0036952027585357428 
0.08619316667318344 0.6944933533668518 0.21931353211402893 
0.27765166759490967 0.6214015483856201 0.10094676166772842 
0.0631052553653717 0.7378839254379272 0.19901084899902344 
0.9255697727203369 0.07033465802669525 0.004095536656677723 
0.48304179310798645 0.47978243231773376 0.0371757335960865 
0.912076473236084 0.08291199803352356 0.005011440720409155 
0.9000398516654968 0.09417574852705002 0.005784393288195133 
0.14327417314052582 0.7854790687561035 0.07124672085046768 
0.9216532707214355 0.07421563565731049 0.00413111224770546 
0.35684165358543396 0.5898067355155945 0.05335156247019768 
0.9371121525764465 0.05974753201007843 0.0031402974855154753 
0.9689318537712097 0.02809651382267475 0.0029715930577367544 
0.31585222482681274 0.6552926898002625 0.028855077922344208 
0.9647579789161682 0.032658226788043976 0.002583753317594528 
0.26412418484687805 0.5955650210380554 0.14031080901622772 
0.8892951011657715 0.10319285839796066 0.007511983625590801 
0.3231842517852783 0.6404418349266052 0.03637390583753586 
0.6251197457313538 0.3640865385532379 0.010793684981763363 
0.5009917616844177 0.42864739894866943 0.07036077231168747 
0.6446520090103149 0.34151312708854675 0.013834850862622261 
0.6446520090103149 0.34151312708854675 0.013834850862622261 
0.9371121525764465 0.05974753201007843 0.0031402974855154753 
0.9315347075462341 0.06516503542661667 0.003300176467746496 
0.32129964232444763 0.5978423357009888 0.08085798472166061 
0.5055397748947144 0.47761064767837524 0.0168495811522007 
0.3958543539047241 0.5486411452293396 0.055504512041807175 
0.8690090775489807 0.12379062175750732 0.007200305815786123 
0.061475127935409546 0.8359313607215881 0.10259348154067993 
0.15000124275684357 0.8221957087516785 0.027803093194961548 
