0.006197037
0.0042417618
0.21931353
0.030212533
0.15669411
0.04128772
0.003386211
0.70178074
0.003784276
0.5550506
0.80659395
0.07124672
0.008782296
0.0033977432
0.0038642175
0.07654364
0.036556065
0.0093778195
0.03953502
0.6924088
0.6973762
0.0032689015
0.53511924
0.04478251
0.00812424
0.007040796
0.005729831
0.074141145
0.06457164
0.027344128
0.040480882
0.008278029
0.045708396
0.04419808
0.008328917
0.09048639
0.027803093
0.74852574
0.30134544
0.01681297
0.21931353
0.048817717
0.069864176
0.005667187
0.060454007
0.47324148
0.005853268
0.07124672
0.005214459
0.16598849
0.01907581
0.04188581
0.1364959
0.034983587
0.012023486
0.06753504
0.020019606
0.4818947
0.0065029045
0.009123569
0.423392
0.030952077
0.08197264
0.31274137
0.019457014
0.05450166
0.76559705
0.0096415905
0.004425014
0.012628589
0.0044639665
0.006313834
0.13496357
0.007167989
0.048449825
0.21931353
0.011622354
0.049404316
0.0031966898
0.013455834
0.008454783
0.40829745
0.16838859
0.04087998
0.02080697
0.19364578
0.5550506
0.07124672
0.022787295
0.031140126
0.010820758
0.062508285
0.021025643
0.0044094617
0.05538291
0.0061758715
0.3810148
0.2153531
0.029418213
0.003610775
0.009820695
0.014746236
0.51159483
0.15694311
0.019887794
0.05154082
0.018114218
0.07335294
0.036621537
0.019173259
0.048237585
0.017346555
0.101934075
0.0027744463
0.023876555
0.29187
0.0138038695
0.9089652
0.006249365
0.025169503
0.017843388
0.029635342
0.8902046
0.25636414
0.8850929
0.6732244
0.073751956
0.023600727
0.05654762
0.06688393
0.0046268483
0.06279455
0.009831729
0.021095399
0.08584237
0.016905189
0.027803093
0.009592071
0.903991
0.034514595
0.21931353
0.022651652
0.8456809
0.1786571
0.11387916
0.38319477
0.038851336
0.3383457
0.00790768
0.037244707
0.038551245
0.029594216
0.5550506
0.04076322
0.07124672
0.037104156
0.32925588
0.05266104
0.1997003
0.06450127
0.03729223
0.11481193
0.0024492384
0.0753203
0.00474903
0.033513334
0.8187799
0.024861315
0.030383138
0.5792777
0.008095174
0.0074979677
0.096939765
0.004436898
0.012599896
0.7632841
0.09510752
0.22249447
0.17047815
0.021027027
0.027803093
0.0029835321
0.21931353
0.4497826
0.33513746
0.028021358
0.09577378
0.009594263
0.0040352372
0.028172005
0.0032999758
0.07124672
0.0045589344
0.0037727635
0.1164529
0.06177112
0.038236167
0.009914169
0.005378764
0.052801523
0.010041759
0.010675891
0.008469219
0.092274405
0.11532883
0.0144073935
0.680031
0.03378182
0.0602402
0.10414867
0.033549104
0.06561515
0.07292006
0.0051121647
0.17812426
0.14113028
0.060486812
0.0072533735
0.027803093
0.017321147
0.017321147
0.76743066
0.039473567
0.022871489
0.08892898
0.21931353
0.010896239
0.76559705
0.115730315
0.002919891
0.052413866
0.032221697
0.07715217
0.5550506
0.07124672
0.0071330424
0.015850522
0.20612524
0.19529027
0.013944771
0.096601605
0.9517829
0.37570915
0.47324148
0.5216587
0.032253824
0.032668673
0.059319105
0.90096116
0.003915248
0.03238972
0.51795745
0.075278245
0.14002776
0.005838151
0.09951245
0.028736578
0.016309856
0.0035124132
0.16054215
0.0672203
0.006289654
0.22681946
0.0028868574
0.64501995
0.21931353
0.15367833
0.005273078
0.07124672
0.010019109
0.002607963
0.5834833
0.006682624
0.0037513506
0.0420947
0.008263429
0.0052273604
0.00429365
0.014304074
0.16812108
0.039893974
0.06683171
0.033549104
0.10068228
0.019467229
0.8575699
0.005975442
0.002936314
0.0085978415
0.009788317
0.031529848
0.58177024
0.0149856545
0.027803093
0.0074653993
0.21931353
0.025666585
0.279416
0.004596954
0.0069063636
0.10222476
0.047939885
0.0035505139
0.5550506
0.07124672
0.0024688307
0.055262428
0.033825077
0.0352928
0.2518997
0.054846503
0.023896066
0.048947837
0.24088153
0.06773612
0.06989479
0.0118821245
0.005279318
0.88707495
0.0024602122
0.031062713
0.008343376
0.027803093
0.21931353
0.37233114
0.076427884
0.07124672
0.08645048
0.043925196
0.50559473
0.08738602
0.09028446
0.052104898
0.3381309
0.47324148
0.14544238
0.20661116
0.4057521
0.39293438
0.03488303
0.006754717
0.19861053
0.0404388
0.25127015
0.13471162
0.010054357
0.076288
0.23518486
0.020308811
0.37419227
0.21931353
0.016866852
0.027406396
0.032356728
0.04465996
0.16020572
0.95067036
0.0040049935
0.5550506
0.07124672
0.04359776
0.0532421
0.08113029
0.0031188726
0.03807841
0.0029377337
0.024024077
0.18908004
0.011327037
0.9262431
0.023888877
0.11001071
0.09619052
0.034014493
0.05974448
0.0021640651
0.033284947
0.0038941498
0.027803093
0.042207677
0.04828352
0.112866096
0.36275655
0.047576122
0.21931353
0.059460968
0.006072595
0.86825544
0.5718136
0.06529966
0.07124672
0.1464904
0.38752028
0.010899319
0.55760825
0.01300378
0.06752707
0.07345983
0.04179513
0.10981572
0.009970747
0.0860788
0.005832074
0.41129807
0.062473975
0.09699489
0.07366605
0.9799182
0.03592908
0.7623352
0.7521639
0.012033355
0.03262632
0.036810856
0.027803093
0.23090482
0.21931353
0.010247227
0.26171744
0.0370654
0.026450377
0.047940552
0.07124672
0.04692193
0.0537049
0.010247927
0.01055415
0.021866258
0.037382398
0.22678618
0.026043369
0.23041984
0.034014493
0.02283933
0.5705894
0.0045304354
0.13471162
0.08861401
0.015361268
0.3935948
0.0035310267
0.9381228
0.21931353
0.005804899
0.1503515
0.08085359
0.011118372
0.036848847
0.14765254
0.029761348
0.019859865
0.030089628
0.07124672
0.14882775
0.03840379
0.03130644
0.19560383
0.0023359954
0.059715126
0.025301648
0.04716577
0.76559705
0.112597734
0.47553793
0.08000246
0.06341886
0.021768868
0.18901046
0.7823419
0.81617165
0.010200982
0.0061169867
0.004907039
0.025136225
0.030952908
0.03564972
0.033246916
0.6004198
0.017876131
0.032623872
0.6130045
0.60539013
0.012048438
0.03816588
0.22681946
0.027803093
0.21931353
0.84777904
0.043651853
0.4028539
0.013822486
0.019318242
0.07124672
0.11532883
0.04173419
0.009344118
0.0066956645
0.034014493
0.003359454
0.22450784
0.02540251
0.03237444
0.005832069
0.06349581
0.05333257
0.039952386
0.11849725
0.09129307
0.014733284
0.020235902
0.014733284
0.026048973
0.010957625
0.0050194315
0.027803093
0.065673545
0.78008765
0.21931353
0.13068673
0.038753252
0.15012652
0.07927463
0.15474805
0.01570848
0.07124672
0.23067707
0.40806955
0.09041967
0.107567966
0.4563485
0.11845522
0.77198386
0.10486399
0.047514174
0.05951325
0.042747293
0.002708715
0.035006244
0.77794766
0.29269516
0.050175738
0.010888148
0.21964213
0.049409207
0.0036863845
0.026636275
0.029511428
0.026350407
0.010276291
0.027803093
0.010442945
0.005936096
0.21931353
0.05974448
0.025782265
0.09041967
0.0047160164
0.07124672
0.05020866
0.016762113
0.03882531
0.032208506
0.105879255
0.001842084
0.021927526
0.4901057
0.10391908
0.008405076
0.07787984
0.7852149
0.034014493
0.039348282
0.12518094
0.017501632
0.03012679
0.0052986955
0.009412869
0.14178056
0.04580875
0.058656503
0.21649203
0.05148909
0.005243711
0.028585369
0.027803093
0.54607904
0.008663092
0.020061534
0.21931353
0.045593526
0.1058908
0.27744132
0.07124672
0.034971587
0.23726639
0.7837433
0.02067617
0.043331906
0.04663605
0.19899644
0.70474714
0.029269138
0.32855475
0.05381433
0.74265796
0.9777164
0.006336752
0.004699321
0.7729286
0.3141121
0.026350899
0.06780351
0.034988176
0.015221344
0.014125657
0.04053783
0.60140157
0.610089
0.12656422
0.49738777
0.0051504476
0.027803093
0.118246555
0.21931353
0.011478665
0.12986784
0.043181594
0.0044503
0.0039528967
0.19041431
0.024169477
0.07124672
0.01650341
0.021616707
0.026611123
0.18390186
0.019343168
0.02180113
0.21863297
0.015560901
0.018040495
0.025072267
0.012263935
0.684685
0.72315824
0.004879937
0.113654576
0.7524511
0.73177236
0.027803093
0.030784355
0.056532532
0.21931353
0.13307515
0.0548581
0.68955415
0.23303343
0.7307936
0.07124672
0.016077494
0.010003375
0.0063288296
0.019220302
0.024110394
0.668395
0.041478507
0.7469098
0.8101848
0.043757305
0.05859148
0.028450377
0.7275188
0.124654405
0.28176674
0.0047259117
0.014952144
0.12979525
0.003556136
0.006618661
0.0361722
0.25675553
0.6602287
0.044764813
0.07147905
0.004089087
0.052282277
0.009434197
0.027803093
0.00830916
0.24157742
0.0076965387
0.21931353
0.0029158671
0.0037946692
0.07124672
0.2657832
0.75354064
0.2594238
0.019618033
0.009164595
0.04098752
0.03999634
0.041291714
0.0029675364
0.9538927
0.008422649
0.03212748
0.52437043
0.02374946
0.03890069
0.0052355817
0.6673477
0.55251944
0.044914782
0.02547149
0.017084958
0.011220324
0.016931182
0.07309277
0.080609664
0.6662158
0.050613176
0.011064828
0.05519691
0.027803093
0.21931353
0.68430066
0.029873347
0.0025482406
0.76559705
0.015973551
0.07124672
0.23955533
0.024155334
0.1801715
0.037152838
0.09040611
0.122084334
0.6016557
0.041261666
0.018987885
0.0044189417
0.08009627
0.024912424
0.15341413
0.010484078
0.015516825
0.031765487
0.0833155
0.0049711894
0.2164295
0.06096876
0.5512021
0.5752983
0.009176874
0.027803093
0.9417017
0.022006636
0.21931353
0.07254319
0.70666945
0.29636595
0.30072474
0.2378757
0.024331775
0.41497862
0.071187794
0.93743134
0.005446393
0.07124672
0.27986714
0.17998429
0.00244327
0.0027500778
0.015778175
0.0025140431
0.0055106482
0.036338046
0.045934584
0.22688778
0.03710914
0.0900015
0.017328287
0.025472814
0.0081544565
0.08398164
0.004746722
0.04728703
0.0073080542
0.0024988353
0.011201688
0.032813106
0.017765356
0.054610845
0.21696025
0.0025089455
0.016529657
0.002642534
0.021372704
0.018363317
0.014577887
0.007574162
0.9710556
0.028869305
0.5440774
0.027803093
0.1238467
0.21931353
0.95731485
0.09381731
0.35811505
0.07124672
0.02187572
0.89373946
0.0018452157
0.018001487
0.014458898
0.12634084
0.47324148
0.03415032
0.87275964
0.0091706235
0.016920127
0.17817727
0.010587634
0.43307748
0.024960667
0.0046061072
0.06875554
0.013350238
0.014634524
0.0070557985
0.039204683
0.044978295
0.04844043
0.011375563
0.008387788
0.006118064
0.08097112
0.0077597424
0.018883295
0.94621485
0.027803093
0.1258231
0.028740644
0.0065984144
0.014456485
0.21931353
0.7840486
0.51568866
0.28332964
0.012754195
0.01458821
0.07124672
0.026017912
0.010391319
0.12978764
0.15171021
0.01051667
0.06486032
0.025202073
0.37024257
0.0138152735
0.0069122952
0.012057664
0.015660372
0.0038773855
0.006018572
0.004132536
0.0045114816
0.0027841711
0.07404801
0.009366673
0.07245435
0.06126824
0.014128752
0.045428615
0.3864797
0.0043883035
0.06386722
0.7884004
0.015450901
0.040392473
0.040392473
0.0028283477
0.0030220083
0.028830554
0.9644738
0.102326035
0.024147455
0.0252678
0.027803093
0.010774709
0.21931353
0.034834366
0.9391344
0.81186706
0.61013216
0.07124672
0.10885136
0.03563243
0.018234024
0.2389496
0.16660716
0.36569744
0.073264696
0.0319555
0.36124218
0.063474536
0.4392464
0.012313314
0.22596581
0.01396562
0.017587785
0.90989786
0.006573634
0.16755335
0.6870249
0.118974164
0.02909225
0.37233114
0.033549104
0.07783367
0.027803093
0.15063879
0.00527023
0.007308971
0.21931353
0.031936344
0.30997202
0.07124672
0.17366119
0.011976518
0.32247737
0.076923005
0.006532323
0.011377847
0.0026423733
0.004477224
0.004500489
0.01563478
0.60435665
0.01784784
0.9676798
0.115527265
0.008427336
0.09322947
0.111325465
0.038443554
0.006585096
0.08744103
0.12271257
0.5648575
0.010523575
0.045075286
0.111246295
0.042119212
0.035486385
0.008088686
0.046286996
0.045902427
0.010321358
0.027803093
0.034283947
0.010268591
0.0036952028
0.21931353
0.10094676
0.19901085
0.0040955367
0.037175734
0.0050114407
0.0057843933
0.07124672
0.0041311122
0.053351562
0.0031402975
0.002971593
0.028855078
0.0025837533
0.14031081
0.0075119836
0.036373906
0.010793685
0.07036077
0.013834851
0.013834851
0.0031402975
0.0033001765
0.080857985
0.016849581
0.055504512
0.007200306
0.10259348
0.027803093
