0.6322913
0.020710625
0.7952831
0.07595845
0.6261048
0.84692097
0.0020452521
0.09810231
0.071271375
0.28387755
0.9002005
0.010947567
0.007778689
0.8895795
0.7603141
0.56921214
0.15545435
0.012060945
0.88111615
0.063477
0.015130983
0.15545435
0.49128956
0.001255975
0.21403582
0.37433946
0.44195262
0.07722373
0.86324996
0.020555545
0.15976037
0.9280616
0.12121227
0.015130983
0.043791115
0.043216202
0.4806566
0.0059255916
0.8174689
0.008346768
0.020234214
0.020234214
0.099288814
0.5077546
0.015408403
0.24815324
0.093524605
0.121781476
0.030856589
0.009590923
0.011428225
0.40155387
0.0013746525
0.76630723
0.27594724
0.94868267
0.6942948
0.7407197
0.709461
0.03266743
0.010871044
0.067409895
0.48958316
0.08700254
0.8219033
0.021814218
0.0917462
0.7357304
0.5715457
0.35912275
0.23496792
0.7928473
0.0026306247
0.5225096
0.518107
0.35912275
0.35912275
0.35912275
0.78534585
0.60096025
0.22837523
0.78995806
0.07891436
0.24570447
0.009440242
0.23602317
0.00078110665
0.40532553
0.018933646
0.82515806
0.69384646
0.68718916
0.5874019
0.003397545
0.7294069
0.0013852919
0.00082995783
0.82145894
0.7539896
0.6233471
0.80136096
0.8296819
0.110299505
0.60137177
0.02617652
0.2755311
0.032420944
0.0046338527
0.395068
0.3149957
0.49181482
0.8880348
0.3100508
0.00492224
0.11997585
0.81533855
0.05381817
0.622075
0.0037706504
0.18385494
0.59025806
0.5215911
0.38102934
0.4392375
0.047427367
0.07315034
0.0012807726
0.3079428
0.010714961
0.63365823
0.57957643
0.76538277
0.93638134
0.003397156
0.009345127
0.5628323
0.13119912
0.20107272
0.7964077
0.9112376
0.027630085
0.06334316
0.012134936
0.43059707
0.21841946
0.0012083068
0.421189
0.24309883
0.66986245
0.037485402
0.01597086
0.049348798
0.092047706
0.4163685
0.8779357
0.3127445
0.8501064
0.0070879124
0.21793386
0.13315621
0.12615478
0.49203983
0.6335148
0.93327945
0.024001222
0.09467283
0.373673
0.90629846
0.033840034
0.31341112
0.5786542
0.6058407
0.004466944
0.3137881
0.30882967
0.53625464
0.2996556
0.735125
0.9050946
0.08498123
0.84006125
0.39842775
0.7463185
0.7463185
0.013762358
0.8016071
0.04338928
0.019546209
0.21191186
0.2136558
0.0445488
0.19809335
0.9038699
0.84992325
0.1608768
0.075653546
0.33377555
0.49510375
0.008230206
0.007154708
0.73727757
0.6367433
0.83756185
0.21449576
0.05577935
0.085027196
0.40155387
0.6665021
0.57652354
0.57652354
0.57652354
0.57652354
0.78049517
0.5612326
0.04677485
0.0014348308
0.00079651
0.75092995
0.41490462
0.83858865
0.85730046
0.009834607
0.8040595
0.0044366005
0.59990036
0.36680722
0.06879198
0.41114974
0.2571588
0.12456477
0.07513973
0.17050903
0.08064005
0.0043749027
0.8263896
0.02118283
0.94814515
0.10355133
0.8576932
0.6314421
0.6254637
0.0030707507
0.5931054
0.82009715
0.09521089
0.0019841078
0.4725572
0.7423412
0.94883406
0.8787445
0.02898966
0.78564596
0.75256836
0.11927079
0.012501786
0.59272176
0.5257918
0.75256836
0.78069615
0.019298147
0.3130489
0.008893353
0.05679231
0.019771412
0.020103829
0.75277257
0.4308105
0.007047611
0.102260105
0.102260105
0.5077546
0.004959419
0.18798
0.009166551
0.8847476
0.4983815
0.86346865
0.8731993
0.42281199
0.1815946
0.0075549628
0.01607416
0.023912108
0.8810622
0.18788178
0.6680181
0.48793563
0.020540131
0.6173291
0.016758617
0.039271954
0.016703317
0.9222443
0.77320063
0.4334839
0.110068984
0.09655157
0.4581812
0.28257793
0.08025148
0.0023088069
0.0036620975
0.4116683
0.2154356
0.51814955
0.6487183
0.75593394
0.941226
0.91029125
0.001461649
0.023442402
0.7384112
0.91933304
0.92100614
0.9183178
0.92100614
0.92100614
0.92212254
0.23710302
0.045018602
0.42971084
0.041792333
0.010051471
0.00085928955
0.095469505
0.70131105
0.7561936
0.0086800475
0.027566826
0.36945307
0.40319002
0.2222118
0.0032281897
0.6585128
0.5230526
0.3263142
0.9409837
0.8375017
0.6016702
0.89088815
0.0013852919
0.67096084
0.006737086
0.91386855
0.25366652
0.8037947
0.010219681
0.13479398
0.46747693
0.8763988
0.053432826
0.8919006
0.009971372
0.04558794
0.12462554
0.04062916
0.4994082
0.59316605
0.06122265
0.11763276
0.048106056
0.114672355
0.036412805
0.13140622
0.12880807
0.099288814
0.01719107
0.0011225004
0.031214848
0.7886385
0.4913188
0.7743166
0.030282516
0.7800609
0.063537784
0.30256185
0.2878142
0.5978113
0.010289161
0.5845281
0.8720044
0.21661235
0.0052681766
0.019102132
0.67241454
0.6348474
0.9348725
0.9001316
0.04173308
0.020710625
0.22970073
0.0011316495
0.290879
0.9475421
0.7690435
0.057854738
0.039541274
0.9435892
0.014732186
0.004635071
0.7087713
0.01911086
0.03033046
0.52733123
0.21377786
0.062093224
0.09633488
0.88966626
0.119832896
0.015175209
0.71060586
0.60151774
0.63931125
0.94621545
0.023285339
0.0018860735
0.48729253
0.70941967
0.02154356
0.05131001
0.023434712
0.75148827
0.011591737
0.3189615
0.017071933
0.22676988
0.10087287
0.7211561
0.11687153
0.9048975
0.03555379
0.69669306
0.85491824
0.3859269
0.71665084
0.007154708
0.0090690795
0.03287133
0.80655503
0.7183669
0.0032968132
0.6556013
0.0024063087
0.10338744
0.8914506
0.0079128435
0.18062688
0.011728244
0.59055483
0.9120406
0.16804707
0.026648408
0.028267927
0.82345
0.008549363
0.6288707
0.010247091
0.8402723
0.039910253
0.6009581
0.7893414
0.0096656
0.015995065
0.022831036
0.7499367
0.016182916
0.22832732
0.021075778
0.020234214
0.010677313
0.02068248
0.7711427
0.01167285
0.7161398
0.24565616
0.79458165
0.007245704
0.001076859
0.104654275
0.0805688
0.107875
0.001797955
0.25229397
0.61910635
0.80959296
0.286941
0.0036799875
0.5928546
0.30401322
0.0015848826
0.70050645
0.26997665
0.534926
0.24890192
0.46198398
0.8010299
0.0018711378
0.7879514
0.038932677
0.14007632
0.83805275
0.63690233
0.23106883
0.101627186
0.018970177
0.72776145
0.4938113
0.4938113
0.4938113
0.440693
0.0010498727
0.046081774
0.3407433
0.0014158636
0.42913187
0.023853352
0.18916504
0.7346343
0.5715457
0.111504704
0.8821648
0.8377682
0.205994
0.008318634
0.44049805
0.0101992525
0.4895623
0.015406919
0.68929005
0.18977529
0.0008346095
0.07176614
0.21907723
0.28653476
0.5329163
0.21497907
0.40777427
0.29861933
0.56197494
0.3072085
0.40155387
0.009126759
0.86962813
0.15820399
0.017859105
0.0060091866
0.018163232
0.010071379
0.0841836
0.030843014
0.6548138
0.49181482
0.0026515976
0.08326348
0.09560971
0.8629222
0.5264916
0.7091851
0.7091851
0.6769
0.010628586
0.37426564
0.5077546
0.82557297
0.022079078
0.004850622
0.628427
0.79172736
0.21859382
0.009291464
0.7921336
0.8770796
0.0032795612
0.8720434
0.014214214
0.095194004
0.003701731
0.63365823
0.0059174555
0.004198373
0.014077986
0.5608897
0.38120428
0.4382019
0.77116233
0.53843635
0.53964055
0.0022889278
0.012832965
0.7449767
0.19595295
0.01670706
0.08751654
0.31843466
0.3189677
0.31163633
0.0050772033
0.57882833
0.01527847
0.0058833384
0.20226371
0.17835054
0.4392375
0.43292502
0.020710625
0.7262997
0.031398855
0.75297433
0.0037008899
0.7506658
0.46247232
0.18776882
0.8671044
0.40949693
0.7406148
0.64209145
0.18873234
0.103485875
0.20451838
0.9624799
0.15843754
0.08602247
0.065463915
0.013843869
0.02672713
0.16363062
0.04268644
0.011968302
0.28794646
0.0027242564
0.0039420873
0.026376814
0.38131335
0.02579907
0.12547821
0.0013852919
0.012292139
0.44410038
0.0068448987
0.04334225
0.91344565
0.028343072
0.049572438
0.35408363
0.35408363
0.3137881
0.2460887
0.24309883
0.34178787
0.69101745
0.09736849
0.64880705
0.6502743
0.046253357
0.7525317
0.54423344
0.37336412
0.76587045
0.014042449
0.86779094
0.5713874
0.20568207
0.48910555
0.0031048506
0.003832666
0.0053329156
0.012987631
0.108042195
0.59280086
0.6850557
0.08596301
0.7091851
0.7091851
0.7836695
0.7091851
0.7091851
0.7091851
0.8150004
0.56024307
0.1608768
0.3206692
0.07839194
0.44830048
0.049688
0.049688
0.60583645
0.34502694
0.5827366
0.9673962
0.00474076
0.03094064
0.7787151
0.5444244
0.13119747
0.13702464
0.009038513
0.0014893743
0.023887599
0.26822436
0.3403518
0.05577935
0.34109256
0.48154354
0.13519426
0.002369438
0.692093
0.0056958697
0.23213688
0.737786
0.4940441
0.35995543
0.0028993601
0.05679886
0.20826189
0.40599942
0.22771879
0.023593342
0.78982145
0.7942994
0.90142155
0.36942747
0.108257845
0.005063628
0.5039913
0.31144896
0.0026554035
0.031398855
0.14722644
0.07070147
0.28389204
0.04673957
0.0048763794
0.8267936
0.019784767
0.07732855
0.8262247
0.009792472
0.12545742
0.1964471
0.13967247
0.9325425
0.0008816646
0.004744529
0.004181347
0.46047273
0.4607348
0.035598975
0.58023006
0.30825356
0.92857736
0.03154511
0.35687044
0.04219042
0.82362366
0.8091465
0.7850099
0.61548984
0.716215
0.32120076
0.052473217
0.014323744
0.5133923
0.30595097
0.7947878
0.5122673
0.0039041443
0.6895014
0.10869731
0.2097295
0.91605633
0.007154708
0.0090690795
0.0013101634
0.33651507
0.02049468
0.09474482
0.001933254
0.099288814
0.5693245
0.91397613
0.783404
0.7262997
0.76116633
0.72796303
0.05650964
0.761505
0.54675823
0.2625091
0.704849
0.095469505
0.0030079766
0.017198296
0.34540272
0.008211088
0.67736185
0.79344535
0.59590566
0.009323844
0.0071781543
0.5579391
0.0053329156
0.0013105854
0.29213747
0.42256707
0.7361264
0.15768088
0.22092077
0.55854964
0.43309665
0.7551342
0.09887003
0.8991306
0.05614706
0.44485193
0.6595776
0.6595776
0.6595776
0.26768652
0.6405404
0.06839148
0.5644946
0.095469505
0.0017305756
0.71318895
0.035864122
0.034540597
0.046795398
0.0038230245
0.78807867
0.077807225
0.3598855
0.7384815
0.06466858
0.38862568
0.07849869
0.7148339
0.04205183
0.006114824
0.3238011
0.5077546
0.19132717
0.012182753
0.4375282
0.05577935
0.83015126
0.07374601
0.7403536
0.07027676
0.0059255916
0.0013835144
0.0014879957
0.015998295
0.14597814
0.08413109
0.0032320234
0.057273302
0.20398995
0.47624192
0.67696726
0.15488862
0.02471445
0.73158777
0.0009879798
0.414813
0.5048048
0.74273044
0.00352475
0.4555307
0.014426505
0.003321461
0.3018875
0.2222118
0.345894
0.017521827
0.020943224
0.06921737
0.020500723
0.016328711
0.5320837
0.57768327
0.9076595
0.15051582
0.064808115
0.02524956
0.17897418
0.29264918
0.16334221
0.21999617
0.80287147
0.031398855
0.02571281
0.094194144
0.04185164
0.19098908
0.3854374
0.20236611
0.9232701
0.5584967
0.04963258
0.047677837
0.04224803
0.09722519
0.47855222
0.4139596
0.6841176
0.5099504
0.1464565
0.00935189
0.8701575
0.0013852919
0.57717085
0.0021229153
0.90779877
0.73520696
0.22771879
0.56016076
0.78358275
0.80815613
0.015205147
0.015205147
0.015205147
0.015205147
0.5284478
0.76572716
0.758559
0.80146915
0.50121856
0.07045903
0.00789876
0.0063764914
0.8316068
0.19537248
0.22771879
0.8042102
0.6463766
0.009522277
0.028137334
0.6580032
0.013676831
0.1591809
0.22791289
0.22771879
0.3879632
0.4793527
0.009403388
0.80158025
0.8507434
0.35887367
0.031398855
0.22771879
0.2944394
0.2694166
0.26897386
0.3016967
0.53642285
0.13993277
0.4546946
0.10288411
0.01010895
0.6255379
0.48635012
0.3117943
0.48409376
0.09060592
0.0032486394
0.77929926
0.018622816
0.20236611
0.02610911
0.7904531
0.3827528
0.08473597
0.06084259
0.44423547
0.50844973
0.23514
0.02021267
0.20236611
0.01913208
0.5249573
0.6882092
0.004238433
0.020710625
0.21839347
0.69524914
0.72929955
0.019281784
0.21872748
0.59625274
0.42315543
0.050272025
0.08482641
0.8851288
0.1728896
0.22771879
0.023385612
0.031398855
0.62741005
0.30743235
0.90234834
