0.029757503
0.04457936
0.0026032862
0.8953721
0.04457936
0.72727966
0.03140063
0.04457936
0.029045613
0.04457936
0.051760063
0.03092465
0.04457936
0.02789936
0.041529454
0.020285273
0.03092465
0.04457936
0.033094756
0.0053298967
0.004390322
0.05986859
0.027273996
0.03092465
0.04457936
0.91948473
0.60815567
0.003542135
0.030287627
0.04457936
0.04457936
0.09433505
0.03092465
0.04457936
0.03092465
0.04457936
0.0025982615
0.03441726
0.024956254
0.04457936
0.03140063
0.04457936
0.029757503
0.03140063
0.15536405
0.6814055
0.0068701813
0.04457936
0.029757503
0.048876658
0.031574182
0.031846233
0.03092465
0.04457936
0.58936524
0.6618138
0.72615385
0.88128144
0.068829596
0.6654124
0.7540061
0.23934956
0.0069537503
0.9027339
0.3786665
0.0014217306
0.048057456
0.0077244746
0.0013701353
0.04976048
0.23892073
0.016645415
0.87860864
0.0190379
0.028769022
0.013819876
0.3740387
0.28306985
0.029262638
0.698335
0.4489357
0.016648503
0.033892367
0.012323467
0.0015460097
0.0051501007
0.001365643
0.042619195
0.56276447
0.9012017
0.119025975
0.6590476
0.033766076
0.24195239
0.3817355
0.33793205
0.94437456
0.0082963295
0.9179049
0.10587804
0.0056116516
0.0010546158
0.14453208
0.6784662
0.7265896
0.7265896
0.0015501172
0.7265896
0.8534363
0.8534363
0.30974698
0.26859123
0.0050102905
0.9315624
0.02122722
0.071435064
0.096732445
0.8934348
0.11938689
0.14453208
0.6131746
0.85912955
0.052721858
0.0063948208
0.8321726
0.005584267
0.02402344
0.20918885
0.0031964204
0.47642225
0.0060559134
0.09305173
0.0055291727
0.90486366
0.013253949
0.0013022015
0.0068844776
0.0029014745
0.49407592
0.03489274
0.022471515
0.009002405
0.16991001
0.064666994
0.005600347
0.005765968
0.002065683
0.22700217
0.00593237
0.5411403
0.016286809
0.06346717
0.0044500777
0.030770592
0.8422443
0.005492014
0.82096493
0.19733565
0.018278703
0.525371
0.014919271
0.00088556024
0.010651535
0.43594274
0.15176098
0.51914555
0.15176098
0.03756626
0.29547986
0.14453208
0.0016069524
0.16003256
0.39850813
0.56889635
0.033084966
0.42964002
0.0984993
0.0023562368
0.3467362
0.11858905
0.5871281
0.69177496
0.038915697
0.05522617
0.7523269
0.6488233
0.52088076
0.15616201
0.82927406
0.0035120298
0.00430296
0.0051421076
0.0240167
0.0059878593
0.7249494
0.004634637
0.0648491
0.005035659
0.0051567773
0.005645045
0.0053005237
0.024541343
0.0043303
0.00133034
0.693588
0.18760888
0.4724416
0.018887755
0.052962996
0.46791616
0.9131589
0.0190379
0.3989912
0.024854267
0.021552915
0.053246077
0.08069244
0.5699285
0.3086564
0.8829938
0.8505415
0.8515302
0.002255813
0.90347224
0.003781979
0.0046346234
0.0065871854
0.0057506366
0.14453208
0.005908794
0.93880886
0.0059321583
0.0056710923
0.0067749443
0.5792535
0.0052489517
0.012331678
0.0052914894
0.14453208
0.005599325
0.006418974
0.009613216
0.0175024
0.004158207
0.36266923
0.013499753
0.08039601
0.9369902
0.021408627
0.02906792
0.23648667
0.4469807
0.6151986
0.29285556
0.2139224
0.0760712
0.11238762
0.0190379
0.0190379
0.021408627
0.0190379
0.0190379
0.021408627
0.021408627
0.0190379
0.82657874
0.07225072
0.11487757
0.8672036
0.437225
0.041658826
0.017666401
0.7562222
0.029491108
0.021408627
0.021408627
0.0190379
0.0190379
0.021408627
0.033836395
0.31782165
0.8945837
0.45804456
0.9219548
0.7680253
0.009612805
0.26390064
0.0021375085
0.16213425
0.021708801
0.92642736
0.88153243
0.4977719
0.30167335
0.034792352
0.0020874145
0.8472434
0.9335258
0.24117164
0.25071555
0.19843318
0.66771895
0.33575454
0.027454592
0.005767874
0.049155127
0.4408023
0.043978654
0.1529216
0.20960352
0.006846415
0.9429419
0.019225636
0.4629971
0.04421573
0.6494225
0.7164189
0.5066198
0.87049276
0.93121386
0.65721965
0.7641896
0.039738763
0.0017702791
0.35305193
0.43416858
0.54841286
0.019936442
0.8651867
0.40370563
0.6047924
0.0010078767
0.23043902
0.37424827
0.7774974
0.57231826
0.021343634
0.018684585
0.097901
0.14453208
0.46802518
0.0086503895
0.002040348
0.6802228
0.012000939
0.016591841
0.041426055
0.0012938249
0.0662252
0.08613526
0.04959222
0.52665454
0.020960033
0.0019458168
0.6817281
0.4930338
0.03290589
0.103401706
0.003497512
0.02062005
0.37114647
0.02747007
0.050072886
0.22745839
0.24413447
0.67148817
0.002864577
0.5939032
0.5353255
0.022641007
0.14453208
0.002980716
0.7820055
0.00959783
0.33766338
0.009067339
0.2807375
0.14453208
0.07836054
0.02947563
0.012010635
0.0140107805
0.011061414
0.080334716
0.2378267
0.70837665
0.90157384
0.021102306
0.27920663
0.042565264
0.020352684
0.77473956
0.0918959
0.0036994687
0.0022915166
0.001092723
0.054794215
0.012946996
0.037781764
0.025465574
0.003191554
0.0025666205
0.0037513264
0.09855062
0.0067230198
0.0067230198
0.069710955
0.01736267
0.0047991797
0.49070856
0.02038866
0.020141983
0.018666714
0.023374816
0.0057111327
0.0045968564
0.0031709005
0.32224646
0.49688128
0.2702231
0.46930075
0.02453286
0.12204531
0.019961365
0.005149722
0.081369415
0.08905541
0.14453208
0.3523448
0.0067122635
0.011583163
0.007691682
0.0013380947
0.6456506
0.003299341
0.01444498
0.62091774
0.59697646
0.6027444
0.6033332
0.007866987
0.14453208
0.29370403
0.3923334
0.3639882
0.22867593
0.22867593
0.22867593
0.22867593
0.22867593
0.22867593
0.22867593
0.22867593
0.22867593
0.022153692
0.1544833
0.00942454
0.020358218
0.62050986
0.62693834
0.8320517
0.0015530537
0.28440097
0.0051196194
0.13739057
0.0413493
0.002236504
0.011570283
0.011570283
0.89325523
0.45522586
0.30116072
0.33467516
0.7300066
0.28609052
0.8815202
0.024936965
0.012630227
0.15766491
0.6568087
0.38947746
0.0040816916
0.8609485
0.8784792
0.009030442
0.002379865
0.14453208
0.31648067
0.17005078
0.10354182
0.8520036
0.9013303
0.8633435
0.7720419
0.0012854472
0.8579194
0.03553217
0.02095941
0.01736267
0.012456943
0.01284509
0.013776736
0.004888352
0.0028014246
0.29350054
0.918175
0.0016484717
0.018002067
0.0890186
0.007235223
0.021101832
0.0025132324
0.097199626
0.20073836
0.5917874
0.05518914
0.2846586
0.20128281
0.4987108
0.7373971
0.4879198
0.21860173
0.016658673
0.3113712
0.0075803627
0.18859121
0.12080653
0.6579434
0.49643666
0.72200334
0.62960345
0.039221913
0.66091144
0.021166239
0.038868137
0.028185263
0.028866164
0.14453208
0.011623868
0.13434285
0.039747484
0.04939672
0.14453208
0.31251875
0.0035458019
0.01818133
0.14384758
0.075261146
0.07825654
0.5304091
0.5660943
0.019949771
0.019949771
0.019949771
0.019949771
0.019949771
0.004246403
0.021145005
0.02140708
0.9031996
0.21364315
0.038751747
0.04822483
0.0024970204
0.016559523
0.039320488
0.14675687
0.00853165
0.8338225
0.63039654
0.037515786
0.7898012
0.008433238
0.5837695
0.041926004
0.2812568
0.11604907
0.25476387
0.1453974
0.0059920177
0.095182836
0.30907568
0.017426504
0.013460497
0.45762667
0.559395
0.006290369
0.0076498506
0.01589383
0.031000108
0.079483874
0.66175044
0.020507414
0.0016301123
0.0011365808
0.15174346
0.9142592
0.020810414
0.14453208
0.0094830105
0.32499877
0.58493406
0.03782529
0.38732937
0.3827527
0.018319475
0.002374192
0.0030751855
0.0008113242
0.0008724056
0.0008676019
0.0008830213
0.00088556024
0.0008335356
0.0014321525
0.0007741048
0.00076363847
0.00085291173
0.0023511879
0.010366725
0.5594789
0.00913537
0.14453208
0.5137779
0.027035544
0.027035544
0.32830504
0.14903378
0.03548144
0.8519416
0.2563584
0.08373453
0.07584621
0.024474671
0.0015143305
0.004493351
0.049144767
0.7488035
0.021961864
0.016603716
0.0034894138
0.8371535
0.14453208
0.06288978
0.77666134
0.05842938
0.008613562
0.009178025
0.029592857
0.8142168
0.055503972
0.05168309
0.8280584
0.011573366
0.20925239
0.18823996
0.031218939
0.063312724
0.101212755
0.41080442
0.007226263
0.30412164
0.06488555
0.060690597
0.06400766
0.06350666
0.061813537
0.021359306
0.011065629
0.048857722
0.27310506
0.0636629
0.06120216
0.05739631
0.024226988
0.24676515
0.63698775
0.059338164
0.46696937
0.020350644
0.23884945
0.03393359
0.34778452
0.34453365
0.34980413
0.9551311
0.38486254
0.58983696
0.011412112
0.9222395
0.022881556
0.028623845
0.5236594
0.13991027
0.008884706
0.57258415
0.09080137
0.64597625
0.63039654
0.011136834
0.03727529
0.03727529
0.05530259
0.06184146
0.16189952
0.07491817
0.08035631
0.36076424
0.1770599
0.0047238
0.0043070815
0.14453208
0.004689871
0.21049426
0.5024947
0.004571374
0.7759235
0.005061924
0.040513586
0.5716942
0.005557367
0.0025728785
0.2584635
0.0045421785
0.015241033
0.034254253
0.14453208
0.0048481375
0.09700007
0.0044903434
0.006511124
0.0046029463
0.026238164
0.7742383
0.53649616
0.6895723
0.15486209
0.63039654
0.6167031
0.14872454
0.0025394482
0.0037955344
0.01736267
0.23592654
0.12031811
0.37364706
0.020751312
0.0015810519
0.13070661
0.7037646
0.048181377
0.5836788
0.92779124
0.41495493
0.5855045
0.0755249
0.7585538
0.023863995
0.028135378
0.8731163
0.0011699111
0.12711686
0.66770905
0.8636501
0.64304906
0.5139334
0.14453208
0.47706553
0.14215983
0.0028316712
0.44118237
0.886278
0.0018172868
0.04628098
0.035859607
0.08833688
0.10633981
0.0057665245
0.008702726
0.008702726
0.008702726
0.81103015
0.3230314
0.008702726
0.008702726
0.008702726
0.008702726
0.008702726
0.008702726
0.008702726
0.008702726
0.008702726
0.03632448
0.63039654
0.0789548
0.09782877
0.7901622
0.6083336
0.016215356
0.07787193
0.43068084
0.016737012
0.0011468211
0.015156965
0.940991
0.8131183
0.9236355
0.24794127
0.49654844
0.763127
0.29571885
0.029260006
0.015048543
0.7542027
0.006909829
0.0046694884
0.0046694884
0.0046694884
0.007248708
0.14453208
0.45823482
0.007248708
0.44512406
0.0073302174
0.49347094
0.0015606122
0.0015606122
0.01736267
0.046182685
0.14453208
0.016641412
0.0007993724
0.046549883
0.4326312
0.0123454565
0.106945366
0.3172392
0.9070875
0.79564375
0.96238536
0.015855117
0.19732425
0.047762863
0.09700007
0.027331803
0.0029408287
0.10023092
0.4168888
0.08941548
0.8313907
0.72959656
0.13895547
0.30537888
0.0045389617
0.009723771
0.0072253393
0.010885456
0.0013450307
0.0033306
0.004017296
0.3750761
0.5313938
0.209831
0.004507445
0.7492569
0.0039914376
0.17863493
0.29630843
0.1032369
0.061357047
0.209831
0.0024176002
0.2939664
0.030565301
0.44854578
0.012568242
0.025545724
0.003592528
0.02814504
0.14453208
0.10964271
0.02571556
0.011904558
0.017915431
