0.75102925
0.7167934
0.23707499
0.09882018
0.7167934
0.2594825
0.7653217
0.7167934
0.86225665
0.7167934
0.72953653
0.7579427
0.7167934
0.7641703
0.4904194
0.5724811
0.7579427
0.7167934
0.8075702
0.66391414
0.29440936
0.38794976
0.7676981
0.7579427
0.7167934
0.07704425
0.32182294
0.5410541
0.734011
0.7167934
0.7167934
0.8598157
0.7579427
0.7167934
0.7579427
0.7167934
0.20148851
0.7422241
0.76307863
0.7167934
0.7653217
0.7167934
0.75102925
0.7653217
0.5995373
0.2989088
0.36723197
0.7167934
0.75102925
0.7220878
0.754676
0.7852907
0.7579427
0.7167934
0.3554008
0.32386824
0.24393925
0.11475683
0.8509968
0.3096435
0.23338968
0.65974027
0.33180934
0.09348042
0.58209765
0.019985959
0.8059189
0.5823138
0.037987646
0.80298775
0.58329487
0.8397785
0.115504764
0.65549695
0.39323315
0.35293028
0.43166807
0.59440815
0.9192818
0.27853477
0.52907944
0.9006804
0.8616744
0.8414557
0.025586484
0.122701146
0.025306005
0.7343753
0.3893716
0.0945184
0.80876386
0.32757023
0.75614184
0.6824945
0.58677787
0.62928045
0.050687615
0.6945524
0.078307286
0.84319806
0.40085396
0.054571368
0.78454417
0.30554453
0.24400324
0.24400324
0.06163993
0.24400324
0.13611498
0.13611498
0.6296962
0.67199457
0.15089165
0.06474923
0.6254321
0.5107326
0.8480554
0.09774111
0.8115094
0.78454417
0.35545608
0.13478997
0.70695204
0.27718383
0.15874198
0.1287557
0.53277653
0.7537304
0.08446229
0.49893108
0.25273448
0.78833735
0.2504211
0.089730315
0.28961894
0.026369773
0.2184865
0.3978069
0.46093842
0.92205393
0.4263057
0.3169446
0.6323124
0.9021951
0.2645935
0.28699833
0.19740583
0.7105555
0.26741555
0.44472528
0.5844087
0.52680665
0.2170504
0.5933907
0.14946283
0.2616607
0.1721016
0.77395856
0.84917194
0.4558009
0.5211509
0.040648457
0.17703222
0.5346828
0.7824432
0.43266732
0.7824432
0.902658
0.6243334
0.78454417
0.046158046
0.49576092
0.55348593
0.4098101
0.6549306
0.48308873
0.85848695
0.16368817
0.63219345
0.7310907
0.39423725
0.29808715
0.8123029
0.8742372
0.23491693
0.33971834
0.44997695
0.818994
0.16065344
0.28481105
0.17797056
0.19452323
0.23224442
0.22615528
0.25881407
0.1783374
0.5792212
0.19417182
0.20043783
0.22581233
0.19331692
0.17250416
0.18075101
0.058024764
0.29426578
0.7736768
0.5081458
0.5889003
0.80791724
0.5116327
0.08255095
0.65549695
0.5079942
0.81870955
0.8239038
0.7646565
0.7845678
0.41131985
0.6591087
0.10968788
0.14115839
0.14359106
0.027952878
0.0924092
0.17288303
0.28338915
0.36069077
0.31235337
0.78454417
0.30853322
0.057569508
0.3048818
0.29968226
0.3464241
0.3728577
0.28978267
0.51225644
0.2801832
0.78454417
0.31346107
0.32801673
0.265292
0.47410962
0.13168852
0.579739
0.4094579
0.7046657
0.06035448
0.6629637
0.6771948
0.7090501
0.5191083
0.36583218
0.6534595
0.6860249
0.831552
0.8294747
0.65549695
0.65549695
0.6629637
0.65549695
0.65549695
0.6629637
0.6629637
0.65549695
0.16667709
0.80276173
0.8061745
0.12811394
0.4510397
0.7918424
0.8101384
0.22989924
0.37198144
0.6629637
0.6629637
0.65549695
0.65549695
0.6629637
0.67655206
0.65031904
0.10153683
0.52900004
0.07408117
0.22478138
0.77118295
0.7109791
0.10304176
0.61129177
0.8927767
0.06993326
0.1136923
0.48404655
0.6258917
0.70488465
0.1655819
0.1465184
0.063330606
0.64642596
0.56363404
0.7613408
0.3133625
0.61981404
0.7674235
0.3458015
0.85717475
0.542641
0.9073408
0.72121
0.73802185
0.5555599
0.054355588
0.5121815
0.5171292
0.6126745
0.33814123
0.27568644
0.4723871
0.12273603
0.06549783
0.3098037
0.22648798
0.85104674
0.14580749
0.6270628
0.53256226
0.40789944
0.84271675
0.12679261
0.5634574
0.38299677
0.019761339
0.6668551
0.5669791
0.21172087
0.38873345
0.83767205
0.8673163
0.72434926
0.78454417
0.51033705
0.6134232
0.10280551
0.2886402
0.6351434
0.8343547
0.6143527
0.034525435
0.7328483
0.58710164
0.59017783
0.41937283
0.6766359
0.07366347
0.30293104
0.48391664
0.8806665
0.857317
0.10891965
0.4985322
0.5982148
0.69228
0.45613912
0.6757635
0.7244429
0.31290418
0.16398667
0.38202465
0.3780693
0.68786573
0.78454417
0.05377106
0.20177509
0.121115595
0.49547455
0.37814024
0.6769904
0.78454417
0.85826945
0.8356728
0.6683529
0.7092921
0.48830116
0.7380137
0.65965205
0.27784944
0.09298817
0.8990107
0.67115533
0.81516176
0.77299273
0.21632074
0.8627887
0.11761715
0.09477745
0.03277186
0.7465779
0.07441375
0.83283144
0.7800191
0.16581754
0.14442846
0.1884112
0.8379727
0.29603773
0.29603773
0.8573463
0.68755484
0.42297387
0.46168926
0.75811243
0.65944934
0.7318831
0.78264546
0.2707781
0.21100737
0.2501066
0.64280343
0.48870987
0.68574554
0.48956686
0.31781107
0.8436015
0.89128304
0.38840166
0.70256513
0.6612226
0.78454417
0.61734444
0.56833357
0.7402048
0.28901505
0.043786246
0.32676893
0.33723027
0.67903346
0.35832813
0.38077864
0.37825722
0.374007
0.6239732
0.78454417
0.64841014
0.56096226
0.59014976
0.7331087
0.7331087
0.7331087
0.7331087
0.7331087
0.7331087
0.7331087
0.7331087
0.7331087
0.78504145
0.5105137
0.20082581
0.406342
0.35577655
0.34847596
0.15651323
0.053375408
0.66615474
0.32567972
0.757563
0.61673856
0.0805634
0.35738993
0.35738993
0.10184208
0.50660807
0.65084666
0.60366416
0.25528786
0.68199015
0.1068371
0.73528
0.6282047
0.8010116
0.33386463
0.5808006
0.21124746
0.13294025
0.11593056
0.87724847
0.119541705
0.78454417
0.6529954
0.7792625
0.70997506
0.14206631
0.09292911
0.1333705
0.21514598
0.018407939
0.13309997
0.8865574
0.54544365
0.68755484
0.7996682
0.81391186
0.741546
0.14323351
0.35129067
0.66315824
0.075880885
0.046761356
0.62655723
0.67973644
0.2015569
0.8753956
0.07732883
0.49568605
0.6841239
0.36166704
0.8660923
0.66359997
0.6608011
0.47603995
0.25338897
0.48415747
0.7019339
0.6182591
0.65852284
0.27610594
0.7757217
0.4226217
0.32645977
0.4880345
0.26486507
0.34317386
0.67935675
0.3264752
0.8413922
0.6440871
0.86579883
0.9065856
0.78454417
0.76986367
0.5472224
0.7847559
0.59060764
0.78454417
0.6265563
0.14911361
0.80318755
0.82392704
0.85889083
0.85902697
0.45360526
0.41390458
0.7889547
0.7889547
0.7889547
0.7889547
0.7889547
0.4912667
0.8060547
0.7929098
0.091583975
0.7365557
0.88752764
0.6608133
0.17465848
0.12178163
0.8452219
0.8100459
0.23223796
0.15863214
0.35930157
0.7740429
0.19809262
0.18377863
0.39339304
0.8656047
0.65743977
0.82678056
0.67342794
0.80328524
0.6589224
0.8197674
0.58484715
0.41594148
0.7828933
0.47180828
0.42220297
0.54807746
0.46692443
0.12157784
0.8159605
0.86013293
0.32092538
0.63128376
0.04478079
0.049174167
0.48110083
0.08139363
0.9433775
0.78454417
0.22229709
0.65244013
0.40573898
0.83579636
0.43172276
0.5627786
0.81841093
0.10088856
0.2740334
0.04061367
0.047477305
0.04046226
0.040482946
0.040648457
0.04045235
0.0098283095
0.032753684
0.033740714
0.04452357
0.08591073
0.39267477
0.3993608
0.6422393
0.78454417
0.4584785
0.8596157
0.8596157
0.6427218
0.7933301
0.8952135
0.1373422
0.66596293
0.8589946
0.6892575
0.6655758
0.07939963
0.33565387
0.91485924
0.24289031
0.15752286
0.73059344
0.050849948
0.15510817
0.78454417
0.8869666
0.21598582
0.81881136
0.6489599
0.45312452
0.61665726
0.17688945
0.8741958
0.8923808
0.16373244
0.8541432
0.6054605
0.76153266
0.89683306
0.87581867
0.6121895
0.5537972
0.26447597
0.6778587
0.8746999
0.88156116
0.8780295
0.8743412
0.8749954
0.8377925
0.7195342
0.82660025
0.70837986
0.8795513
0.8840851
0.87590146
0.7145679
0.7358846
0.3365484
0.8610657
0.44831035
0.27898008
0.65255004
0.86438864
0.46045464
0.6139078
0.60879743
0.041886672
0.5828016
0.39366594
0.6237146
0.07427084
0.6123676
0.86799216
0.4624503
0.7714426
0.3966293
0.40526125
0.7604378
0.33575293
0.35930157
0.8104499
0.8299326
0.8299326
0.8793526
0.8819002
0.5839537
0.87100226
0.70416456
0.610737
0.78343356
0.23743898
0.23111323
0.78454417
0.23834345
0.5900285
0.44524866
0.23207575
0.2141006
0.23761292
0.8864217
0.41404232
0.25377607
0.14314446
0.72082996
0.25057852
0.8893333
0.82327265
0.78454417
0.24095297
0.86715823
0.2185623
0.53841126
0.24068981
0.71181244
0.21958476
0.4489865
0.30111897
0.7642205
0.35930157
0.37201765
0.77548236
0.07051568
0.2925873
0.68755484
0.7361672
0.69981575
0.52476263
0.8487046
0.059554733
0.34567633
0.2813023
0.9229626
0.37688407
0.06880877
0.54350275
0.404239
0.85913134
0.23233078
0.59407955
0.8709624
0.12065292
0.071252525
0.79276353
0.2952669
0.13198698
0.32369283
0.46731022
0.78454417
0.47364873
0.7232086
0.18803059
0.5287199
0.10799611
0.13609858
0.8505794
0.86445314
0.8449977
0.39232847
0.3160872
0.70861787
0.70861787
0.70861787
0.17871132
0.62849265
0.70861787
0.70861787
0.70861787
0.70861787
0.70861787
0.70861787
0.70861787
0.70861787
0.70861787
0.4087002
0.35930157
0.690837
0.58943826
0.20116958
0.37312233
0.40793678
0.8957756
0.50884545
0.52584547
0.038284477
0.81070954
0.05618478
0.17906192
0.073381945
0.70914245
0.4801855
0.21829359
0.67906666
0.8981218
0.68911797
0.23440674
0.41918272
0.56977314
0.56977314
0.56977314
0.4468139
0.78454417
0.50621235
0.4468139
0.5262031
0.440259
0.4895164
0.13085847
0.13085847
0.68755484
0.8481284
0.78454417
0.5299637
0.017522795
0.83563274
0.47256622
0.7427814
0.36933607
0.6574893
0.086772755
0.19780852
0.0359737
0.5804149
0.5827559
0.42164057
0.86715823
0.77084404
0.06453036
0.5919851
0.55916053
0.8559965
0.15578827
0.2586596
0.8163078
0.62515306
0.27890712
0.406242
0.3264586
0.44556198
0.090697095
0.19155528
0.45179966
0.6067068
0.4408539
0.72957206
0.3508897
0.24049184
0.15425034
0.7809634
0.6521738
0.8526069
0.8666177
0.72957206
0.29995927
0.5682847
0.70040846
0.50425947
0.4703459
0.8817012
0.13271683
0.6394145
0.78454417
0.8548881
0.45674378
0.6867552
0.9352799
