0.21921323
0.23862724
0.7603217
0.005807682
0.23862724
0.013237807
0.2032777
0.23862724
0.10869774
0.23862724
0.21870339
0.21113259
0.23862724
0.20793037
0.46805117
0.40723357
0.21113259
0.23862724
0.15933497
0.33075598
0.7012003
0.5521816
0.20502794
0.21113259
0.23862724
0.0034710602
0.070021346
0.45540375
0.23570137
0.23862724
0.23862724
0.04584916
0.21113259
0.23862724
0.21113259
0.23862724
0.79591316
0.22335863
0.21196513
0.23862724
0.2032777
0.23862724
0.21921323
0.2032777
0.24509867
0.019685632
0.6258979
0.23862724
0.21921323
0.22903551
0.21374981
0.18286301
0.21113259
0.23862724
0.05523388
0.014317882
0.02990693
0.0039616763
0.08017363
0.024944127
0.012604234
0.10091016
0.6612369
0.0037856284
0.03923587
0.97859234
0.14602368
0.40996173
0.96064216
0.14725183
0.17778438
0.14357615
0.005886639
0.32546517
0.5779978
0.63324976
0.19429326
0.12252198
0.051455606
0.023130314
0.021984924
0.08267107
0.10443325
0.14622086
0.9728674
0.8721487
0.97332835
0.2230055
0.04786391
0.0042798845
0.07221011
0.013382219
0.21009207
0.075553015
0.03148656
0.03278749
0.004937812
0.29715124
0.0037878093
0.050923947
0.5935344
0.944374
0.07092385
0.01598933
0.029407158
0.029407158
0.93681
0.029407158
0.010448769
0.010448769
0.06055689
0.059414178
0.8440981
0.0036882835
0.35334072
0.41783234
0.055212103
0.008824051
0.06910367
0.07092385
0.031369247
0.0060804156
0.24032615
0.71642137
0.009085461
0.8656601
0.44320005
0.037080735
0.9123413
0.024646701
0.74120957
0.1186109
0.74404967
0.0054060477
0.6971271
0.972328
0.774629
0.59929156
0.04498559
0.04305333
0.5512228
0.67405295
0.19777757
0.03313789
0.7298062
0.70723575
0.80052847
0.06244239
0.7266521
0.014134412
0.39930448
0.40972617
0.77849954
0.37583864
0.008292837
0.73284733
0.0069334414
0.028705778
0.13254933
0.018828105
0.46392983
0.95846593
0.81231624
0.029374465
0.065795824
0.04818715
0.065795824
0.059775766
0.08018675
0.07092385
0.95223504
0.3442065
0.04800598
0.021293601
0.31198448
0.08727121
0.043013755
0.83395565
0.02107035
0.15032016
0.018634662
0.010137839
0.14878142
0.07053672
0.012756155
0.0114583485
0.029142218
0.024844022
0.010072485
0.71167696
0.8177265
0.8003347
0.74373883
0.7678569
0.016236424
0.8170279
0.3559297
0.8007925
0.7944054
0.7685426
0.80138254
0.8029545
0.81491864
0.94064486
0.012146171
0.03871423
0.019412562
0.392212
0.13911979
0.020451197
0.0042901384
0.32546517
0.09301462
0.15643613
0.1545432
0.18209745
0.13473971
0.018751664
0.03223493
0.007318241
0.008300234
0.0048786537
0.96979135
0.0041185324
0.823335
0.71197623
0.6327221
0.681896
0.07092385
0.68555796
0.0036216606
0.68918604
0.6946466
0.64680094
0.047888797
0.70496833
0.47541192
0.7145253
0.07092385
0.6809396
0.6655643
0.7250948
0.508388
0.86415327
0.05759182
0.57704234
0.21493822
0.0026552533
0.3156277
0.29373726
0.05446325
0.03391094
0.018969228
0.053684857
0.10005277
0.092376806
0.058137655
0.32546517
0.32546517
0.3156277
0.32546517
0.32546517
0.3156277
0.3156277
0.32546517
0.006744184
0.12498763
0.07894786
0.00468239
0.11173528
0.16649877
0.17219526
0.013878537
0.5985275
0.3156277
0.3156277
0.32546517
0.32546517
0.3156277
0.28961158
0.031859297
0.0038794978
0.012955376
0.0039639226
0.0071933456
0.21920425
0.025120294
0.89482075
0.22657399
0.085514456
0.0036394326
0.004775218
0.018181587
0.07243501
0.26032296
0.83233064
0.006238185
0.0031435697
0.11240239
0.1856504
0.040226076
0.018918494
0.044431437
0.20512192
0.6484306
0.09367011
0.016556734
0.048680563
0.12586841
0.0523746
0.43759367
0.0027024806
0.46859285
0.01987371
0.34310985
0.012436247
0.007894622
0.02099305
0.0067712627
0.0032882784
0.032976646
0.00932235
0.10921443
0.85242224
0.01988528
0.033269215
0.043687735
0.13734685
0.008020678
0.03283696
0.012210802
0.9792308
0.10270586
0.05877258
0.010781637
0.03894829
0.14098434
0.1139991
0.17774978
0.07092385
0.021637756
0.37792635
0.8951542
0.031136883
0.3528557
0.14905351
0.3442213
0.96418077
0.20092651
0.32676312
0.36022994
0.053972587
0.3024041
0.9243907
0.015340842
0.023049574
0.08642763
0.039281387
0.8875828
0.48084775
0.030638719
0.28024995
0.493788
0.096778154
0.031422645
0.015607691
0.8331487
0.024072152
0.08660513
0.2894932
0.07092385
0.9432482
0.016219491
0.8692866
0.16686203
0.61279243
0.042272087
0.07092385
0.06337002
0.13485155
0.31963655
0.27669707
0.5006374
0.1816516
0.10252116
0.013773961
0.00543795
0.079886965
0.04963802
0.14227296
0.2066546
0.00893968
0.04531547
0.8786833
0.9029311
0.96613544
0.19862789
0.9126393
0.12938681
0.1945153
0.8309909
0.8530049
0.8078375
0.063476674
0.6972392
0.6972392
0.07294274
0.29508245
0.57222694
0.04760219
0.22149888
0.32040864
0.24945016
0.1939797
0.72351074
0.7843958
0.74672246
0.03495009
0.014408888
0.04403134
0.041132357
0.657656
0.034353137
0.08875555
0.60644865
0.21606545
0.24972211
0.07092385
0.030310793
0.42495418
0.24821205
0.7032932
0.9548757
0.027580393
0.6594704
0.30652156
0.020754192
0.022244941
0.018998425
0.022659892
0.3681598
0.07092385
0.05788579
0.046704378
0.045861997
0.03821534
0.03821534
0.03821534
0.03821534
0.03821534
0.03821534
0.03821534
0.03821534
0.03821534
0.19280486
0.33500296
0.78974956
0.57329977
0.023713524
0.024585705
0.011435153
0.9450715
0.04944435
0.6692007
0.105046414
0.34191215
0.91720015
0.6310398
0.6310398
0.0049028005
0.038166136
0.04799265
0.061660763
0.014705615
0.031919263
0.011642716
0.23978299
0.35916516
0.04132352
0.009326666
0.029721905
0.7846708
0.006111327
0.005590336
0.11372103
0.8780784
0.07092385
0.030523935
0.05068673
0.18648309
0.0059302147
0.005740568
0.0032859806
0.012812109
0.98030657
0.00898057
0.07791044
0.43359688
0.29508245
0.18787481
0.17324306
0.24467729
0.85187817
0.64590794
0.043341186
0.005944198
0.9515902
0.35544068
0.23124495
0.7912079
0.10350263
0.92015797
0.4071144
0.115137726
0.046545573
0.078718595
0.05174141
0.13791601
0.025249196
0.009213895
0.027922738
0.07946435
0.36508226
0.03010591
0.7163137
0.035687055
0.45657173
0.015596749
0.015528818
0.013131582
0.027222665
0.28142133
0.012613408
0.13744147
0.31704476
0.10601597
0.06454824
0.07092385
0.21851245
0.31843477
0.17549662
0.3599957
0.07092385
0.060925
0.8473406
0.17863122
0.032225378
0.06584804
0.062716536
0.015985625
0.020001136
0.19109552
0.19109552
0.19109552
0.19109552
0.19109552
0.5044869
0.17280035
0.1856831
0.0052163796
0.049801175
0.073720574
0.29096186
0.82284445
0.8616588
0.11545765
0.043197174
0.7592304
0.0075452896
0.010301879
0.18844137
0.012106231
0.8077881
0.022837495
0.09246937
0.0613035
0.05717041
0.07180817
0.051317353
0.33508554
0.08504969
0.10607718
0.56663203
0.20364612
0.07056504
0.018402012
0.44563225
0.52542573
0.8625283
0.15303944
0.060383238
0.017324142
0.3482088
0.9535891
0.94968927
0.36715567
0.0043472494
0.035812084
0.07092385
0.7682199
0.02256106
0.009326983
0.12637831
0.18094787
0.054468673
0.16326967
0.8967373
0.7228914
0.958575
0.9516503
0.95867014
0.9586341
0.95846593
0.9587142
0.9887396
0.96647227
0.9654957
0.9546235
0.9117381
0.59695846
0.041160345
0.3486253
0.07092385
0.027743595
0.11334875
0.11334875
0.028973194
0.057636134
0.069305085
0.01071628
0.07767858
0.057270847
0.23489626
0.30994958
0.9190861
0.65985274
0.03599598
0.008306223
0.82051533
0.2528029
0.9456606
0.0077382997
0.07092385
0.050143562
0.007352846
0.122759245
0.34242654
0.5376975
0.3537499
0.00889374
0.07030021
0.055936184
0.008209095
0.13428341
0.18528707
0.050227325
0.07194804
0.060868673
0.28659776
0.03539838
0.72829777
0.018019613
0.06041452
0.057748258
0.057962853
0.062152114
0.06319108
0.1408482
0.26940012
0.12454199
0.01851509
0.056785718
0.05471273
0.0667022
0.26120505
0.017350163
0.026463814
0.07959606
0.0847203
0.70066935
0.10860049
0.10167785
0.1917609
0.041558485
0.04139845
0.0029821866
0.032335922
0.016497068
0.3648733
0.0034896731
0.3647509
0.10338394
0.013890307
0.088647135
0.594486
0.022154659
0.14876084
0.018270822
0.010301879
0.17841329
0.13279213
0.13279213
0.06534479
0.056258358
0.2541468
0.054079488
0.2154791
0.028498797
0.039506588
0.75783724
0.76457965
0.07092385
0.7569667
0.19947721
0.05225661
0.76335293
0.009975956
0.7573252
0.07306475
0.014263541
0.74066657
0.8542827
0.020706538
0.7448793
0.09542557
0.1424732
0.07092385
0.7541989
0.035841707
0.7769473
0.4550776
0.7547072
0.2619494
0.0061769406
0.014517362
0.009308786
0.08091754
0.010301879
0.0112792505
0.07579307
0.92694485
0.70361716
0.29508245
0.027906213
0.17986614
0.1015903
0.1305441
0.93886423
0.5236171
0.014933088
0.028856037
0.03943713
0.0033999938
0.04154232
0.010256527
0.06534382
0.009115484
0.38205642
0.10090216
0.0062307385
0.92757756
0.08011966
0.03702408
0.004362896
0.03325807
0.018756334
0.07092385
0.04928566
0.13463154
0.80913776
0.030097745
0.0057258517
0.86208415
0.10313961
0.09968721
0.06666548
0.50133175
0.6781463
0.28267938
0.28267938
0.28267938
0.010258601
0.048475962
0.28267938
0.28267938
0.28267938
0.28267938
0.28267938
0.28267938
0.28267938
0.28267938
0.28267938
0.5549754
0.010301879
0.2302082
0.312733
0.0086682
0.01854406
0.57584786
0.02635243
0.0604737
0.4574175
0.96056867
0.17413346
0.0028242217
0.007819794
0.0029825454
0.04291621
0.023266016
0.018579362
0.025214449
0.072618306
0.29583353
0.011390489
0.5739075
0.42555735
0.42555735
0.42555735
0.5459374
0.07092385
0.035552856
0.5459374
0.02867285
0.5524107
0.01701272
0.86758095
0.86758095
0.29508245
0.10568895
0.07092385
0.45339498
0.98167783
0.11781735
0.094802625
0.24487312
0.52371854
0.025271507
0.0061398325
0.0065477802
0.0016408856
0.40372998
0.21991989
0.53059655
0.035841707
0.20182408
0.93252885
0.307784
0.02395069
0.054588016
0.012821094
0.01174384
0.04473669
0.06946806
0.7165539
0.58403426
0.66631603
0.5435526
0.90795785
0.8051141
0.5441831
0.018217104
0.027752325
0.06059684
0.6446029
0.010251241
0.8417582
0.040401638
0.05151779
0.044156246
0.07202535
0.06059684
0.6976231
0.13774888
0.26902622
0.04719473
0.5170859
0.0927531
0.8636906
0.33244047
0.07092385
0.03546917
0.51754063
0.30134028
0.046804596
