0.8603614
0.0031395473
0.6374297
0.087372355
0.80009353
0.58841765
0.5057747
0.6134877
0.1747289
0.4809483
0.36715803
0.64899033
0.0077210735
0.65077674
0.0011868081
0.7677983
0.91220015
0.9430273
0.7674842
0.8674707
0.36784697
0.057717793
0.44376427
0.85615486
0.5199696
0.779667
0.8604642
0.052734356
0.03605357
0.91401136
0.89906883
0.89165753
0.13980226
0.93315166
0.45056105
0.68295455
0.76414746
0.09702339
0.9352646
0.62891805
0.17868485
0.52920645
0.8514643
0.77854854
0.26876467
0.07320342
0.23898748
0.8186999
0.21910645
0.6197016
0.9767259
0.444045
0.57940227
0.80111545
0.74586546
0.039217476
0.031307627
0.33104962
0.91216093
0.5288402
0.9005951
0.6351601
0.85615486
0.8940483
0.9168198
0.9028422
0.6818603
0.09137429
0.00949856
0.018530859
0.96522176
0.7053947
0.9184058
0.081977814
0.9362605
0.9439386
0.9134315
0.85673475
0.0042603724
0.4874141
0.5641325
0.85615486
0.843734
0.9538051
0.0013485622
0.10608734
0.08601585
0.8936284
0.16719052
0.07756146
0.18861835
0.23524807
0.0029517007
0.9303257
0.024637373
0.788288
0.68881524
0.021461165
0.84486985
0.04156102
0.010338263
0.15460439
0.8659876
0.8362848
0.76184624
0.84766924
0.03457739
0.8354514
0.90850407
0.4947663
0.8175252
0.88036656
0.835208
0.037214406
0.28678682
0.72747767
0.92779607
0.7636722
0.33708265
0.6252713
0.5121521
0.7471797
0.39300328
0.801365
0.79916966
0.5600442
0.87415063
0.78133553
0.3645986
0.7604818
0.3841361
0.9071331
0.84921837
0.8336142
0.13851063
0.9264502
0.7547129
0.5977245
0.88784873
0.9017437
0.053084806
0.31494868
0.4951052
0.074577145
0.68436086
0.8925232
0.894386
0.057717793
0.47124165
0.63462186
0.8875916
0.010061719
0.74028367
0.92129195
0.5300368
0.005700787
0.89219683
0.59378886
0.691926
0.15103118
0.9637555
0.9438329
0.6377463
0.04926665
0.818371
0.91010004
0.6002684
0.79642063
0.8422421
0.8184047
0.1747353
0.8596839
0.30023527
0.0019220238
0.94623744
0.26517832
0.8287378
0.8195652
0.8226412
0.45733818
0.5583031
0.94200295
0.81676006
0.012046671
0.88472193
0.66370195
0.15268146
0.94127196
0.2015381
0.57129747
0.07552603
0.71767545
0.92860574
0.38100067
0.69186735
0.50117224
0.55878794
0.008119106
0.025162164
0.7390691
0.10736189
0.039697666
0.474507
0.8675797
0.007819836
0.007706896
0.08262954
0.8579131
0.26664823
0.0049958695
0.007905295
0.236011
0.007893184
0.008663619
0.012063192
0.007905295
0.013735956
0.678563
0.8872005
0.8472112
0.21648438
0.62883276
0.9446268
0.59759295
0.17038186
0.41600567
0.6318427
0.23843187
0.0657903
0.04866663
0.8203481
0.9182831
0.9185315
0.92908466
0.08242674
0.354772
0.6909241
0.38253453
0.86153704
0.6107896
0.67564213
0.6135737
0.4288796
0.0007609948
0.7910584
0.3836669
0.19878201
0.6392012
0.7670916
0.6883338
0.46797457
0.8128113
0.123246066
0.8678338
0.0036811829
0.8673888
0.103787184
0.04033197
0.792023
0.79984254
0.96167564
0.056049343
0.5155554
0.5708308
0.8338729
0.7350366
0.19525185
0.3817061
0.88735306
0.0010453457
0.003315822
0.021662096
0.79281026
0.3997543
0.25473696
0.099841416
0.65025234
0.7003463
0.73864
0.67718595
0.8700262
0.079293594
0.5934995
0.0080491835
0.019702012
0.6615364
0.94930184
0.9285531
0.722124
0.055617753
0.007054066
0.6832815
0.3413945
0.7341633
0.6388778
0.9035565
0.70432013
0.8166364
0.8630993
0.8269316
0.9399284
0.73123896
0.7431681
0.4660225
0.68068475
0.8695179
0.051652882
0.548196
0.64835584
0.016437259
0.7163816
0.010475703
0.38118124
0.75825655
0.7248561
0.43240234
0.8834897
0.5712258
0.7514608
0.14776608
0.39493918
0.5456923
0.875358
0.86449283
0.94596046
0.96127117
0.58545715
0.001255208
0.70260864
0.88213766
0.2730464
0.037820213
0.91705906
0.0058772513
0.7520388
0.04245194
0.0063522793
0.005416831
0.047626488
0.5262263
0.008487124
0.003315822
0.7218025
0.7592791
0.42809045
0.15392222
0.65382344
0.7425049
0.8103914
0.1934065
0.7138892
0.2805247
0.30718815
0.93908495
0.7137731
0.033558715
0.83053595
0.8413858
0.76103085
0.117073104
0.8267506
0.68193585
0.75080746
0.4757007
0.88321173
0.4716767
0.63550436
0.75802636
0.8139888
0.53330594
0.91216224
0.8763619
0.2686973
0.0023225634
0.9575219
0.053192407
0.5934995
0.90287644
0.5788355
0.24306746
0.18178324
0.7530543
0.0014678142
0.029821262
0.93675196
0.8099832
0.42193452
0.69926137
0.6771619
0.8883696
0.5510814
0.35802072
0.928697
0.83328015
0.023501327
0.010249663
0.9228572
0.57549435
0.8231334
0.0044136113
0.82076186
0.279928
0.90287644
0.7263651
0.73913646
0.94170654
0.007136149
0.18037945
0.84078586
0.7911402
0.10998466
0.9577361
0.45426157
0.0019518561
0.89643526
0.9733575
0.5950295
0.82699513
0.1393077
0.51172996
0.96300936
0.0015948444
0.33842772
0.16727088
0.19260137
0.5207678
0.79256946
0.0074200444
0.013344414
0.027704502
0.94061506
0.8065565
0.7505902
0.0104764225
0.8750631
0.90287644
0.9141255
0.952848
0.24505167
0.11583052
0.8166881
0.8590654
0.91674036
0.8694496
0.6993817
0.3816333
0.50379854
0.2943955
0.69277644
0.8838526
0.0009668046
0.9398353
0.00673878
0.9372135
0.7904769
0.88651526
0.11196931
0.007542538
0.94945675
0.05212945
0.5983999
0.8852392
0.010718999
0.82576805
0.5400845
0.9055959
0.41283116
0.41283116
0.015041316
0.050327215
0.74965894
0.041030534
0.32541102
0.96281934
0.88335717
0.9171851
0.22176544
0.6822699
0.8285851
0.049055472
0.28068608
0.93195647
0.0052607367
0.70747995
0.8984183
0.19048783
0.0685344
0.0033118397
0.8922078
0.7971649
0.31154335
0.6863585
0.6863585
0.90287644
0.8220016
0.6863585
0.652273
0.6863585
0.37171352
0.69977725
0.9322018
0.7687481
0.8626431
0.3776073
0.32406053
0.8490829
0.822149
0.9408903
0.4525956
0.5269736
0.8921145
0.74166113
0.7343114
0.28932628
0.8838544
0.65349704
0.63332355
0.35492554
0.89687884
0.90360385
0.25181672
0.780465
0.932306
0.8214996
0.46378586
0.81913847
0.5469845
0.68193585
0.76193684
0.7373744
0.918575
0.6743382
0.61970454
0.005376885
0.19075897
0.9322087
0.52145904
0.78128934
0.81592476
0.8265536
0.8009992
0.85751367
0.93803567
0.8864434
0.8930326
0.003984975
0.7564889
0.68193585
0.9269359
0.8216386
0.87684184
0.6215827
0.88515794
0.0105067175
0.048641037
0.713364
0.781311
0.68193585
0.44827178
0.2152459
0.61776775
0.7565677
0.47115177
0.82134104
0.002167049
0.6590656
0.8597122
0.8327891
0.58032304
0.03384487
0.919764
0.41259962
0.026062617
0.014543091
0.35303688
0.78373575
0.7401885
0.30102015
0.41050196
0.208256
0.7401885
0.7401885
0.718954
0.92541885
0.78745973
0.5154586
0.2866083
0.7625708
0.75561094
0.88628286
0.031040205
0.0162168
0.0007186994
0.020835308
0.8464578
0.7030757
0.8449659
0.7421162
0.6011582
0.010994107
0.39318645
0.0017688099
0.6096554
0.8647133
0.43866986
0.38147753
0.69778794
0.24967407
0.82564497
0.030024022
0.01648271
0.95579606
0.6409903
0.252224
0.7865312
0.0050671133
0.87157685
0.90906715
0.8136352
0.012708432
0.5934995
0.55093306
0.38395554
0.25636223
0.8388203
0.20454702
0.3950179
0.44979987
0.75912905
0.6949903
0.7730358
0.85954386
0.2714278
0.055037655
0.7675219
0.7398813
0.7889955
0.9285016
0.0431677
0.13408288
0.91203827
0.7021665
0.689466
0.49133033
0.533645
0.61995286
0.34102434
0.8262377
0.94614065
0.89827025
0.72219044
0.43265018
0.85327667
0.90287644
0.44855088
0.85876596
0.3671639
0.0030072306
0.90287644
0.6771619
0.91739655
0.8581024
0.2518007
0.87884897
0.86812824
0.6296732
0.18585826
0.90190244
0.64892083
0.9396765
0.64003694
0.7493647
0.45448428
0.6703516
0.7688752
0.84646684
0.32462952
0.50314415
0.7665107
0.16570164
0.6703516
0.7496214
0.8047556
0.5899587
0.046365615
0.82799095
0.87459534
0.75061685
0.90673
0.6047774
0.6703516
0.86645013
0.9111095
0.9155731
0.90456975
0.20293742
0.6581491
0.7625267
0.74161696
0.7493946
0.002570631
0.89322656
0.31317046
0.84621716
0.59457695
0.88448185
0.62368494
0.27516437
0.41188928
0.9296685
0.7575634
0.43071625
0.034360744
0.735857
0.22301379
0.29390222
0.121484295
0.44698074
0.049957242
0.02890663
0.0015233565
0.8820956
0.9128851
0.91558737
0.6809353
0.6901714
0.9542369
0.948743
0.5071202
0.7511606
0.8941061
0.9525445
0.95424646
0.11330906
0.41239744
0.8845515
0.11745865
0.5647836
0.5045227
0.5629847
0.2813845
0.9354012
0.92535883
0.6259717
0.922083
0.8901403
0.8866855
0.9175855
0.5999339
0.8237522
0.2073676
0.65544987
0.6694633
0.5999637
0.94096965
0.48026082
0.8623403
0.020727733
0.7122631
0.8000262
0.6728764
0.0070437756
0.08210897
0.4230898
0.3152037
0.81284803
0.79089147
0.74334913
0.006641903
0.08099144
0.043076843
0.8472086
0.8490846
0.82478803
0.42101577
0.9467616
0.6589546
0.89534396
0.68797123
0.890738
0.95095307
0.86070323
0.8022312
0.34880278
0.7261452
0.9347346
0.023251295
0.5112937
0.006617605
0.15753517
0.90726995
0.24673764
0.9183764
0.5902889
0.9635089
0.6161478
0.82760566
0.50088775
0.9225139
0.63993675
0.024338111
0.07432688
0.8920615
0.95385575
0.4564342
0.6505941
0.8619635
0.63859254
0.8935399
0.9069654
0.5039911
0.9603013
0.9397169
0.85425115
0.47965962
0.52441
0.01613234
0.3689583
0.94183874
0.88211215
0.3311803
0.8088856
0.4489239
0.07534144
0.8180855
0.11745865
0.4706599
0.66153014
0.7189263
0.38572073
0.005781313
0.004287892
0.80204964
0.9167974
0.8883038
0.83196646
0.01613234
0.0011676333
0.44524258
0.43362188
0.8395253
0.94702035
0.90393907
0.68417823
0.61518335
0.68561107
0.58850473
0.3059085
0.7872538
0.7349475
0.9309977
0.7098614
0.40379676
0.8569856
0.92439973
0.89985716
0.4463714
0.40162602
0.95652103
0.5825377
0.59525996
0.8632448
0.36109826
0.7470419
0.77872443
0.74348843
0.71110755
0.9458009
0.8237517
0.93634665
0.45134717
0.14562781
0.49103367
0.36545786
0.81992304
0.8131738
0.9304225
0.710096
0.9641217
0.8079898
0.8575363
0.7847192
0.8496158
0.40491667
0.86818683
0.41943517
0.9518734
0.8369381
0.6852833
0.24477947
0.6982423
0.30608764
0.96697545
0.8089664
0.05123691
0.75300044
0.9133905
0.6905809
0.801791
0.78875303
0.7961364
0.50711966
0.23993061
0.39275748
0.69557756
0.8572633
0.0059508714
0.8919546
0.4846076
0.0059508714
0.60076976
0.67864776
0.82785046
0.8861253
0.25565648
0.8644066
0.569357
0.6492391
0.5722862
0.6853075
0.40223643
0.43248132
0.8932557
0.2864436
0.5965236
0.80355906
0.7709489
0.024815666
0.08164671
0.31784284
0.5614699
0.7132072
0.20663393
0.62697464
0.07029127
0.8261844
0.8495415
0.8067256
0.46077925
0.022712305
0.7587964
0.7499182
0.26611662
0.71269405
0.04373454
0.5300676
0.54393226
0.8274075
0.2096511
0.9109935
0.04373454
0.40911996
0.80806
0.8265705
0.8279393
0.67289734
0.043076843
0.84958625
0.584617
0.94834024
0.8213816
0.9009719
0.6898703
0.3616828
0.43888015
0.7104424
0.7676788
0.44522023
0.27517867
0.6043132
0.9109392
0.009124715
0.64046794
0.59715855
0.023620958
0.94484663
0.94029576
0.8393927
0.032986417
0.5219041
0.4968683
0.7134237
0.27410594
0.31360367
0.56865436
0.83281076
0.7657788
0.9697768
0.13220888
0.8840907
0.7142695
0.34124345
0.017762333
0.8162044
0.7578953
0.7988172
0.7092409
0.72849995
0.8851873
0.3463668
