0.38410586
0.8984955
0.720178
0.82448757
0.23001736
0.10995258
0.026649687
0.02557867
0.1367137
0.82151234
0.42264915
0.22075516
0.6981517
0.90013045
0.22354706
0.12006764
0.7958375
0.821058
0.8181622
0.79582155
0.9001829
0.9055601
0.81909955
0.04020501
0.40404207
0.10389612
0.14044623
0.83552396
0.37225157
0.9259361
0.13882077
0.093645014
0.31691483
0.042925946
0.06297626
0.0111362515
0.5449494
0.3346916
0.6406108
0.3346916
0.623707
0.3346916
0.6982514
0.33559492
0.009125086
0.105153784
0.25019643
0.55274117
0.6185618
0.8607251
0.053250153
0.34450504
0.81436574
0.7090538
0.720178
0.8715313
0.060260065
0.042769518
0.31681332
0.6746633
0.61903703
0.42264915
0.110859364
0.07848366
0.7688296
0.40404207
0.8277757
0.11356837
0.884546
0.6692702
0.95996785
0.042925946
0.9361975
0.6108529
0.478642
0.25430086
0.42643696
0.3346916
0.3346916
0.3346916
0.48028904
0.6743193
0.83553827
0.8246362
0.720178
0.5363827
0.038364805
0.16740188
0.72953707
0.805989
0.42264915
0.46441823
0.9581977
0.8380364
0.9505001
0.40404207
0.9528857
0.46988958
0.044352423
0.8441121
0.7058198
0.35574824
0.8515367
0.7776867
0.13323477
0.96608233
0.49196446
0.54142654
0.9108354
0.1730587
0.053250153
0.6730753
0.07918331
0.3346916
0.08278861
0.118928246
0.1355052
0.13834074
0.11458816
0.083448716
0.84568906
0.60049504
0.720178
0.9669882
0.942039
0.7659806
0.1076987
0.9607397
0.93268573
0.026232045
0.42264915
0.97125894
0.03279502
0.8688151
0.024021063
0.08806463
0.13078082
0.0794455
0.4704115
0.47926673
0.8445601
0.033619806
0.43190265
0.40404207
0.66151273
0.71199286
0.8551651
0.46692005
0.19556656
0.65392405
0.14820915
0.08670379
0.384026
0.37872618
0.20959334
0.3413932
0.7758234
0.864418
0.5651437
0.30515453
0.1994059
0.66443866
0.42894137
0.9413035
0.3346916
0.10218498
0.6659323
0.644158
0.8425384
0.31609645
0.35234132
0.8321524
0.720178
0.3693509
0.106757686
0.50302166
0.49056488
0.53420734
0.5693629
0.75319344
0.11108269
0.42264915
0.09210685
0.7174705
0.12209012
0.40404207
0.6972535
0.053250153
0.053242438
0.36292866
0.72510606
0.04512569
0.79115266
0.42328367
0.031650256
0.13521944
0.042925946
0.93789524
0.8084507
0.083879046
0.63988125
0.17532323
0.86283517
0.7532238
0.3346916
0.0535212
0.07977477
0.16756974
0.3346916
0.3346916
0.011343882
0.58444995
0.6757733
0.55562246
0.3107662
0.008104733
0.650812
0.36338663
0.18198809
0.6640423
0.18655649
0.41356584
0.916738
0.6301784
0.3972798
0.89565986
0.34065968
0.6523261
0.7945116
0.8113645
0.8363304
0.68857956
0.8363304
0.8363304
0.720178
0.82864034
0.49041247
0.03204182
0.93790424
0.93432933
0.1367137
0.8158522
0.82584214
0.07349798
0.8326346
0.42264915
0.21809404
0.48000002
0.05523661
0.70916206
0.810183
0.82149214
0.64607203
0.40404207
0.5664065
0.26879555
0.08015474
0.18876319
0.45689657
0.9317435
0.7031447
0.70699406
0.8011018
0.91518563
0.16341037
0.6571655
0.6571655
0.11647992
0.3346916
0.58482355
0.9356649
0.19382839
0.5005801
0.49042764
0.11974937
0.27954888
0.053437904
0.7274845
0.7274845
0.42153624
0.03471524
0.90126795
0.8431372
0.7394165
0.9304325
0.8148504
0.5076186
0.720178
0.006835254
0.053250153
0.7193382
0.5175585
0.8962694
0.11879464
0.8724978
0.4661231
0.33028933
0.34117278
0.21067382
0.07816815
0.5162623
0.42264915
0.9627308
0.40404207
0.8551651
0.6527129
0.7767592
0.8953551
0.9065768
0.92719483
0.1476189
0.0663593
0.7463144
0.95585716
0.92186135
0.92186135
0.92186135
0.7193382
0.9318644
0.93410724
0.96215224
0.3346916
0.80266094
0.17058322
0.61066663
0.82725346
0.39110842
0.9270449
0.015794246
0.5507043
0.8472714
0.9106309
0.27496067
0.720178
0.3259216
0.0018518952
0.42264915
0.15686046
0.06559733
0.016545946
0.40404207
0.22956218
0.4354771
0.91838205
0.6001703
0.616938
0.8200186
0.86023504
0.025125068
0.89715254
0.4873638
0.22115083
0.6016784
0.8898285
0.14027731
0.77770066
0.3346916
0.7538609
0.15591538
0.6013672
0.053250153
0.77099717
0.9001951
0.7421175
0.720178
0.89372265
0.9251277
0.67812806
0.97466826
0.57752633
0.39579272
0.0015093271
0.0016809385
0.42264915
0.17512514
0.15773565
0.8649924
0.06944856
0.9038185
0.6648371
0.40404207
0.9423523
0.6284604
0.26572093
0.6975611
0.819967
0.68588215
0.10803716
0.92653173
0.58862627
0.28692725
0.91692036
0.38426661
0.2475202
0.82814217
0.3346916
0.7581495
0.8495122
0.14033669
0.92667055
0.5328661
0.7635713
0.720178
0.6912439
0.17637745
0.8307251
0.015091011
0.7152548
0.40404207
0.35318333
0.5839879
0.9502807
0.67159486
0.55942464
0.046648778
0.053250153
0.6212221
0.7786955
0.5707659
0.51128155
0.14478143
0.86721385
0.3346916
0.25413695
0.7634638
0.30321547
0.049213253
0.19318072
0.027492058
0.5092155
0.127795
0.720178
0.19799963
0.95457166
0.031109886
0.91723907
0.91664
0.44929317
0.81666255
0.42264915
0.97738725
0.06841555
0.7219954
0.8909257
0.40404207
0.38660362
0.8160529
0.934992
0.05298087
0.092271335
0.8148793
0.66514266
0.72148436
0.016591825
0.77606493
0.7851913
0.6870777
0.3346916
0.9000347
0.8798172
0.20942168
0.21564007
0.5341423
0.73206943
0.8439231
0.15028423
0.112499125
0.42264915
0.053250153
0.57823795
0.921696
0.2913449
0.40404207
0.6829776
0.6841407
0.003236457
0.76616
0.65176255
0.716473
0.3346916
0.6784147
0.6723618
0.94375426
0.9437197
0.9477683
0.720178
0.62209857
0.42264915
0.40404207
0.010194797
0.06833523
0.27254662
0.42616478
0.41885012
0.3346916
0.51833004
0.43836802
0.04437217
0.053250153
0.6568089
0.720178
0.27948642
0.26444057
0.81124645
0.7827596
0.26476938
0.23733552
0.87769467
0.042925946
0.10894471
0.42713583
0.6431672
0.10400042
0.10885442
0.6675803
0.89263433
0.720178
0.6347927
0.25238132
0.9055318
0.21130334
0.042925946
0.11216918
0.053250153
0.720178
0.07322215
0.9089532
0.42264915
0.82559687
0.40209803
0.40404207
0.42541566
0.84565043
0.42630363
0.7507854
0.042925946
0.11190984
0.3346916
0.05029858
0.7787454
0.720178
0.06516411
0.42264915
0.40404207
0.40163743
0.19701315
0.12817816
0.053250153
0.699374
0.042925946
0.09960116
0.30218676
0.3346916
0.50063705
0.8050687
0.004519813
0.0045254263
0.65098107
0.720178
0.0045254263
0.8903586
0.15338625
0.42264915
0.89202493
0.40404207
0.09881066
0.30397555
0.07198658
0.96185946
0.09455449
0.14117804
0.8040035
0.042925946
0.3346916
0.29391629
0.4318479
0.720178
0.82899445
0.053250153
0.42264915
0.07392514
0.40404207
0.042925946
0.3346916
0.19163911
0.5497298
0.8072848
0.40730956
0.1311292
0.9029777
0.720178
0.40375778
0.61463606
0.03144964
0.42264915
0.23819143
0.40404207
0.024819868
0.8064565
0.7561033
0.042925946
0.87993383
0.17435725
0.17435725
0.3346916
0.053250153
0.07484131
0.720178
0.22997889
0.3308454
0.42264915
0.7757547
0.40404207
0.01836927
0.003601276
0.042925946
0.7626138
0.55293524
0.054768816
0.3346916
0.720178
0.031486776
0.46824172
0.5608783
0.41673556
0.42264915
0.0053742453
0.76126885
0.40404207
0.12446504
0.009514424
0.042925946
0.14534862
0.053250153
0.5941475
0.2675314
0.3346916
0.0363389
0.720178
0.66309613
0.30228955
0.42264915
0.019607514
0.40404207
0.24757892
0.7062444
0.042925946
0.9425127
0.06943549
0.3346916
0.14176127
0.720178
0.583782
0.42264915
0.1322357
0.32943875
0.053250153
0.40404207
0.74500036
0.19719559
0.55811656
0.02859997
0.6095377
0.042925946
0.1310951
0.3346916
0.2990255
0.7603974
0.720178
0.86951077
0.816337
0.4433862
0.14552633
0.0056832046
0.008765969
0.004727041
0.08987062
0.42264915
0.14324388
0.052614484
0.40404207
0.21787305
0.90267867
0.34786272
0.30980393
0.042925946
0.66958296
0.3346916
0.16990386
0.49979332
0.720178
0.053250153
0.044225454
0.027941508
0.42264915
0.101439424
0.2679886
0.40404207
0.23920925
0.66606313
0.37102222
0.3158175
0.042925946
0.8972565
0.81560105
0.3346916
0.09193586
0.4490639
0.720178
0.42264915
0.6742549
0.8701677
0.6681702
0.5085387
0.40404207
0.8545749
0.017572962
0.71737796
0.11807465
0.042925946
0.8696655
0.8347617
0.3346916
0.017029751
0.053250153
0.7454109
0.3473067
0.5281966
0.42990094
0.83243877
0.805421
