0.50384086
0.0959765
0.26835412
0.16939491
0.73475933
0.70733005
0.66030663
0.49629617
0.68552506
0.16959444
0.5127861
0.7400218
0.2889749
0.09715609
0.5531706
0.8394116
0.1956182
0.17225647
0.17459479
0.19840495
0.09377897
0.088864475
0.17383882
0.87641555
0.53407776
0.765757
0.52604747
0.15810625
0.4822447
0.069919184
0.66663826
0.868344
0.64150304
0.68991107
0.5253408
0.26428515
0.43646553
0.60928136
0.3425826
0.60928136
0.35513267
0.60928136
0.28469142
0.6083102
0.26908278
0.78776497
0.67997557
0.40472093
0.36355773
0.1344616
0.5614415
0.6192171
0.17969528
0.27286902
0.26835412
0.12446054
0.730552
0.6248908
0.5118024
0.29772857
0.36623958
0.5127861
0.5070675
0.3521465
0.22086342
0.53407776
0.1649205
0.8155988
0.11129215
0.3181478
0.037978645
0.68991107
0.060234528
0.36035082
0.49210212
0.7183541
0.5495342
0.60928136
0.60928136
0.60928136
0.5018916
0.30874264
0.15528964
0.16685079
0.26835412
0.44713938
0.87878394
0.76688236
0.26058412
0.18617818
0.5127861
0.52186453
0.03930948
0.155719
0.046566866
0.53407776
0.04470263
0.51132745
0.33039933
0.14858247
0.28636083
0.62180316
0.1415295
0.21491337
0.8172583
0.03204532
0.473763
0.44187078
0.08455422
0.7517167
0.5614415
0.31193897
0.64300007
0.60928136
0.5227576
0.81007016
0.79204625
0.6534145
0.83955795
0.516784
0.14486574
0.38551885
0.26835412
0.03061657
0.054404546
0.22259316
0.7051624
0.037128706
0.06404323
0.8669394
0.5127861
0.026135476
0.6809516
0.12507536
0.7769309
0.67999095
0.80151004
0.7205937
0.50541323
0.49938214
0.14792168
0.59585804
0.5150165
0.53407776
0.32622105
0.27450284
0.13816808
0.51451856
0.7670878
0.32027027
0.5234674
0.79131764
0.59453636
0.5844053
0.68406194
0.54888374
0.21546654
0.12802319
0.41816503
0.66466135
0.7727122
0.31789163
0.5144819
0.055410944
0.60928136
0.6443083
0.31803828
0.34230292
0.15066187
0.5663899
0.6333173
0.15797386
0.26835412
0.58244574
0.84677213
0.48056933
0.49172348
0.44807822
0.4151887
0.23373468
0.8611915
0.5127861
0.5390526
0.26871905
0.8353885
0.53407776
0.28930306
0.5614415
0.91216385
0.5208032
0.25833768
0.5594976
0.2023557
0.55562115
0.6357322
0.69057286
0.68991107
0.05949355
0.18306103
0.52640384
0.34102032
0.76150393
0.13055232
0.23516442
0.60928136
0.72090226
0.83700377
0.79128623
0.60928136
0.60928136
0.5665163
0.38522843
0.3072223
0.4255872
0.660773
0.06816501
0.3306329
0.5373402
0.77329165
0.31599274
0.774731
0.5343824
0.079499684
0.356607
0.5789769
0.09950229
0.5926795
0.33570385
0.19502856
0.17882358
0.15571345
0.29397303
0.15571345
0.15571345
0.26835412
0.16358289
0.4946462
0.5064507
0.059068166
0.06274537
0.68552506
0.17542437
0.16416638
0.833577
0.15791571
0.5127861
0.7263946
0.4939756
0.7307069
0.26758412
0.18242016
0.17121504
0.32784453
0.53407776
0.3930953
0.59890836
0.88215595
0.67766726
0.5196316
0.0645307
0.26386195
0.2698003
0.18962309
0.08147489
0.80158013
0.32804865
0.32804865
0.62742716
0.60928136
0.36799005
0.061025478
0.5572534
0.4756636
0.48325858
0.85105056
0.6140852
0.91066253
0.26316234
0.26316234
0.5430587
0.5975075
0.09418314
0.1484969
0.248456
0.06535854
0.172032
0.47346866
0.26835412
0.19639777
0.5614415
0.26972565
0.46245614
0.10011381
0.4178198
0.12144657
0.47914118
0.6363949
0.62569267
0.7396004
0.83492726
0.45954025
0.5127861
0.034947533
0.53407776
0.13816808
0.3308051
0.21114272
0.098766744
0.088533334
0.06990922
0.8268935
0.59038997
0.24286602
0.041290928
0.07429919
0.07429919
0.07429919
0.26972565
0.064838275
0.06262546
0.035570662
0.60928136
0.19001213
0.7621002
0.3421525
0.16776405
0.5352831
0.06908138
0.27620065
0.42688528
0.1447827
0.085767806
0.6192152
0.26835412
0.5404635
0.04358261
0.5127861
0.763913
0.68484974
0.7119168
0.53407776
0.7411679
0.54193056
0.077953145
0.38052455
0.36459744
0.16896467
0.13302545
0.42272246
0.09823955
0.49045685
0.6961936
0.3814905
0.106792495
0.8104566
0.21017721
0.60928136
0.23353542
0.67589235
0.37642962
0.5614415
0.21674883
0.09610145
0.22736053
0.26835412
0.10258103
0.07108687
0.3008445
0.02319712
0.40754673
0.58210367
0.034315526
0.06255063
0.5127861
0.7850004
0.7937675
0.1309443
0.79208136
0.09267653
0.32088488
0.53407776
0.054319244
0.35441732
0.5297387
0.2928438
0.17064865
0.29710582
0.78699726
0.06974685
0.38547784
0.53932583
0.07947883
0.550063
0.72145194
0.1660106
0.60928136
0.23430891
0.14480352
0.8264696
0.07012783
0.41722476
0.224821
0.26835412
0.29655397
0.6372528
0.1632877
0.47045517
0.26970407
0.53407776
0.4834548
0.38597015
0.046440978
0.31353378
0.41665456
0.5980983
0.5614415
0.36544406
0.21208897
0.4013807
0.4728701
0.82447946
0.123550236
0.60928136
0.70035475
0.22602367
0.64456207
0.90323704
0.7737625
0.60316426
0.47123316
0.6585907
0.26835412
0.77645904
0.042886432
0.62361693
0.07926292
0.0793431
0.52230465
0.17659731
0.5127861
0.020069147
0.8959532
0.26898155
0.102342874
0.53407776
0.57328707
0.17646606
0.06287143
0.65537876
0.75740427
0.17623556
0.29708308
0.25908104
0.1336577
0.21590537
0.20751132
0.26691326
0.60928136
0.09529208
0.115261294
0.55892056
0.7159754
0.4503644
0.25680146
0.14956433
0.75968075
0.7304701
0.5127861
0.5614415
0.37488225
0.075749084
0.6876076
0.53407776
0.30286205
0.30494204
0.27533886
0.22482555
0.3122576
0.26436567
0.60928136
0.30117247
0.3181654
0.05372644
0.05363217
0.049771503
0.26835412
0.3646995
0.5127861
0.53407776
0.4185026
0.7368042
0.69235647
0.532417
0.53118265
0.60928136
0.4614546
0.5443895
0.76732606
0.5614415
0.33178112
0.26835412
0.68813896
0.69979227
0.18345885
0.20851237
0.54122096
0.7361335
0.1160677
0.68991107
0.852423
0.47909328
0.3397743
0.8109311
0.80509675
0.31088045
0.10136099
0.26835412
0.30576503
0.61748415
0.090541676
0.58072054
0.68991107
0.71791786
0.5614415
0.26835412
0.55586153
0.087157175
0.5127861
0.16620676
0.56505793
0.53407776
0.54610956
0.1499218
0.53559065
0.24147339
0.68991107
0.8028407
0.60928136
0.88995695
0.21212102
0.26835412
0.8553784
0.5127861
0.53407776
0.57509184
0.7522336
0.8404295
0.5614415
0.28064004
0.68991107
0.8095631
0.6779702
0.60928136
0.48141348
0.18845618
0.19123021
0.22615464
0.31595245
0.26835412
0.22615464
0.106081404
0.773213
0.5127861
0.10440486
0.53407776
0.58121544
0.6121913
0.87573045
0.03577416
0.7081322
0.72818404
0.1908033
0.68991107
0.60928136
0.6714204
0.53758067
0.26835412
0.16140053
0.5614415
0.5127861
0.84023666
0.53407776
0.68991107
0.60928136
0.78452176
0.43350196
0.18623541
0.5711519
0.6359907
0.0917018
0.26835412
0.5332603
0.37368375
0.6093549
0.5127861
0.7276953
0.53407776
0.50783205
0.18428622
0.2300012
0.68991107
0.113602504
0.7467448
0.7467448
0.60928136
0.5614415
0.8893955
0.26835412
0.72481245
0.616064
0.5127861
0.2152456
0.53407776
0.6858965
0.1286347
0.68991107
0.23053819
0.4062733
0.8581002
0.60928136
0.26835412
0.6000395
0.5041103
0.42782968
0.5651831
0.5127861
0.4832538
0.2245788
0.53407776
0.84093773
0.5340726
0.68991107
0.8235289
0.5614415
0.35532638
0.686424
0.60928136
0.759717
0.26835412
0.32544872
0.65703326
0.5127861
0.21395761
0.53407776
0.71692216
0.28267968
0.68991107
0.054683663
0.7802488
0.60928136
0.8269962
0.26835412
0.40104586
0.5127861
0.76742077
0.630914
0.5614415
0.53407776
0.24185695
0.7677547
0.4194159
0.82558197
0.3707949
0.68991107
0.7939029
0.60928136
0.66770595
0.23019773
0.26835412
0.12383957
0.17085472
0.52959543
0.8050154
0.334172
0.32391456
0.21955201
0.76965296
0.5127861
0.7855557
0.8919001
0.53407776
0.7456915
0.092190176
0.63674116
0.6655463
0.68991107
0.31738025
0.60928136
0.7951691
0.47830638
0.26835412
0.5614415
0.8697923
0.42190808
0.5127861
0.85108745
0.6808683
0.53407776
0.72927415
0.32059732
0.5843568
0.6277108
0.68991107
0.09774673
0.17269062
0.60928136
0.79372454
0.5332166
0.26835412
0.5127861
0.3143232
0.12255149
0.3188903
0.4502486
0.53407776
0.14073324
0.3063989
0.26851895
0.652421
0.68991107
0.12132458
0.15702072
0.60928136
0.47429147
0.5614415
0.23766223
0.6332165
0.3564917
0.5548671
0.16296902
0.17824674
