0.11205329
0.005528047
0.011467857
0.0061174547
0.035223346
0.18271737
0.31304368
0.47812515
0.17776123
0.0088932365
0.06456473
0.039223004
0.012873448
0.00271346
0.22328237
0.040520743
0.008544321
0.006685497
0.0072430153
0.0057734917
0.006038172
0.005575478
0.007061679
0.08337939
0.06188013
0.13034685
0.3335063
0.0063697416
0.14550379
0.004144667
0.19454099
0.03801096
0.04158208
0.26716304
0.41168296
0.7245786
0.018584998
0.056027055
0.016806578
0.056027055
0.02116032
0.056027055
0.017057111
0.05609481
0.7217921
0.107081324
0.06982806
0.04253787
0.017880447
0.004813283
0.38530836
0.03627793
0.0059389207
0.01807713
0.011467857
0.0040081316
0.20918791
0.3323397
0.17138433
0.027608212
0.014723428
0.06456473
0.38207313
0.56936985
0.010307038
0.06188013
0.007303792
0.070832886
0.004161811
0.012581983
0.002053498
0.26716304
0.0035679997
0.028796298
0.029255854
0.027345067
0.024028769
0.056027055
0.056027055
0.056027055
0.01781936
0.016938062
0.009172091
0.008512959
0.011467857
0.016477898
0.082851216
0.0657157
0.009878862
0.007832775
0.06456473
0.01371721
0.0024927899
0.0062445523
0.0029331325
0.06188013
0.0024117054
0.018782988
0.62524825
0.0073054666
0.007819395
0.022448588
0.0069338595
0.0073999576
0.049506854
0.0018723928
0.034272525
0.016702631
0.004610398
0.075224645
0.38530836
0.014985674
0.27781662
0.056027055
0.39445382
0.071001515
0.07244851
0.20824471
0.04585385
0.39976728
0.009445127
0.013986096
0.011467857
0.0023952513
0.003556437
0.011426248
0.18713884
0.002131623
0.0032710885
0.10682863
0.06456473
0.002605619
0.28625342
0.006109578
0.19904798
0.2319445
0.06770912
0.19996074
0.024175229
0.02135114
0.00751823
0.37052217
0.05308095
0.06188013
0.012266175
0.013504329
0.006666768
0.018561376
0.037345655
0.025805669
0.32832342
0.12197858
0.021437649
0.03686851
0.10634468
0.109723054
0.00871004
0.0075587844
0.016691275
0.03018413
0.027881924
0.017669749
0.056576766
0.0032855205
0.056027055
0.2535067
0.016029377
0.013539047
0.0067997435
0.11751362
0.014341424
0.00987367
0.011467857
0.04820341
0.0464702
0.016409041
0.017711623
0.017714448
0.0154484045
0.013071872
0.027725808
0.06456473
0.3688406
0.013810388
0.042521343
0.06188013
0.013443399
0.38530836
0.034593746
0.116268106
0.01655624
0.39537668
0.0064916713
0.021095203
0.33261755
0.17420772
0.26716304
0.0026112252
0.008488309
0.38971713
0.019098407
0.06317285
0.0066125146
0.011611845
0.056027055
0.22557656
0.083221465
0.041143976
0.056027055
0.056027055
0.42213985
0.030321594
0.017004335
0.018790344
0.028460838
0.92373025
0.018555116
0.09927312
0.044720296
0.019964945
0.038712468
0.052051827
0.0037623188
0.013214587
0.023743264
0.00483779
0.06666082
0.011970049
0.01045987
0.009811959
0.007956086
0.017447414
0.007956086
0.007956086
0.011467857
0.0077767493
0.0149413375
0.4615075
0.003027625
0.0029252712
0.17776123
0.008723416
0.0099914465
0.09292499
0.009449687
0.06456473
0.05551134
0.026024356
0.21405652
0.023253772
0.007396891
0.007292851
0.026083374
0.06188013
0.040498223
0.1322961
0.037689388
0.13356957
0.023471853
0.0037258205
0.032993287
0.023205668
0.0092749875
0.003339493
0.035009574
0.014785856
0.014785856
0.2560929
0.056027055
0.047186367
0.003309625
0.24891818
0.023756325
0.026313787
0.029200023
0.10636583
0.035899535
0.009353142
0.009353142
0.03540511
0.36777732
0.0045488463
0.008365894
0.012127544
0.004208949
0.013117574
0.018912714
0.011467857
0.79676694
0.38530836
0.010936171
0.019985422
0.0036168653
0.46338552
0.0060556903
0.0547357
0.03331578
0.033134602
0.04972572
0.0869046
0.024197442
0.06456473
0.002321631
0.06188013
0.006666768
0.016481964
0.01209804
0.0058782296
0.0048898403
0.0028959122
0.025487583
0.3432507
0.010819658
0.0028519342
0.0038395266
0.0038395266
0.0038395266
0.010936171
0.00329729
0.0032673876
0.0022771114
0.056027055
0.007326909
0.06731652
0.047180813
0.00498246
0.07360852
0.003873682
0.70800513
0.022410344
0.007945886
0.003601304
0.10582415
0.011467857
0.13361484
0.9545655
0.06456473
0.0792266
0.24955292
0.27153727
0.06188013
0.029269971
0.022592345
0.0036648079
0.019305125
0.01846461
0.011016711
0.006739504
0.5521525
0.004607902
0.022179317
0.08265556
0.01683114
0.003379007
0.04926612
0.012122179
0.056027055
0.012603697
0.16819225
0.022203244
0.38530836
0.012253959
0.0037034415
0.030521922
0.011467857
0.0036962696
0.0037854828
0.021027459
0.0021346426
0.01492697
0.022103624
0.9641751
0.9357684
0.06456473
0.039874557
0.048496787
0.0040633497
0.13847013
0.0035050276
0.014277994
0.06188013
0.0033284875
0.017122258
0.20454027
0.009595091
0.009384323
0.01701208
0.104965545
0.0037214428
0.025895912
0.1737469
0.0036008328
0.065670356
0.031027818
0.00584717
0.056027055
0.0075416486
0.0056842715
0.033193637
0.003201657
0.049909085
0.011607709
0.011467857
0.012202215
0.18636973
0.005987204
0.51445377
0.015041196
0.06188013
0.16336188
0.030041974
0.0032782855
0.014871358
0.023920722
0.35525292
0.38530836
0.0133337965
0.009215536
0.027853372
0.01584835
0.03073914
0.009235925
0.056027055
0.045508325
0.010512514
0.052222498
0.04754971
0.03305673
0.36934373
0.019551355
0.21361427
0.011467857
0.025541307
0.002541935
0.34527323
0.0034980534
0.0040169307
0.028402148
0.00674022
0.06456473
0.0025436317
0.03563127
0.009022972
0.006731505
0.06188013
0.04010928
0.007480985
0.0021366111
0.29164037
0.1503245
0.008885134
0.03777423
0.019434623
0.8497505
0.008029661
0.0072972868
0.046009
0.056027055
0.004673261
0.0049215313
0.23165776
0.068384506
0.015493256
0.011129089
0.006512575
0.09003503
0.15703078
0.06456473
0.38530836
0.046879772
0.0025549086
0.021047493
0.06188013
0.014160336
0.010917346
0.7214247
0.009014387
0.03597991
0.019161342
0.056027055
0.020412816
0.009472782
0.002519318
0.0026481468
0.0024601812
0.011467857
0.013201874
0.06456473
0.06188013
0.57130265
0.19486058
0.03509688
0.041418277
0.049967274
0.056027055
0.020215381
0.017242506
0.18830174
0.38530836
0.011409954
0.011467857
0.032374643
0.035767164
0.0052946243
0.0087280935
0.19400966
0.026530987
0.006237706
0.26716304
0.038632262
0.09377083
0.017058482
0.08506845
0.08604879
0.021539174
0.0060046706
0.011467857
0.05944226
0.13013457
0.00392644
0.20797613
0.26716304
0.16991293
0.38530836
0.011467857
0.3709163
0.003889597
0.06456473
0.008196463
0.032844003
0.06188013
0.028474797
0.004427748
0.03810579
0.0077411938
0.26716304
0.08524939
0.056027055
0.05974448
0.009133536
0.011467857
0.079457454
0.06456473
0.06188013
0.02327072
0.050753154
0.031392395
0.38530836
0.01998592
0.26716304
0.09083567
0.019843087
0.056027055
0.017949486
0.006475099
0.80425
0.7693199
0.03306651
0.011467857
0.7693199
0.0035599757
0.073400766
0.06456473
0.0035701795
0.06188013
0.3199739
0.08383308
0.052283004
0.0023664134
0.19731326
0.13063793
0.0051932125
0.26716304
0.056027055
0.034663405
0.030571448
0.011467857
0.0096051
0.38530836
0.06456473
0.08583813
0.06188013
0.26716304
0.056027055
0.02383915
0.016768258
0.0064798645
0.021538526
0.2328801
0.0053205104
0.011467857
0.062981926
0.011680189
0.35919544
0.06456473
0.034113288
0.06188013
0.4673481
0.0092573315
0.013895614
0.26716304
0.0064637065
0.07889788
0.07889788
0.056027055
0.38530836
0.035763215
0.011467857
0.045208707
0.053090516
0.06456473
0.008999658
0.06188013
0.2957342
0.867764
0.26716304
0.006848031
0.04079146
0.08713101
0.056027055
0.011467857
0.3684738
0.027647976
0.011292023
0.018081294
0.06456473
0.51137197
0.014152362
0.06188013
0.03459728
0.456413
0.26716304
0.031122455
0.38530836
0.050526045
0.04604459
0.056027055
0.20394409
0.011467857
0.01145518
0.040677167
0.06456473
0.76643485
0.06188013
0.035498884
0.011075919
0.26716304
0.0028036158
0.15031566
0.056027055
0.031242492
0.011467857
0.015172182
0.06456473
0.10034355
0.039647277
0.38530836
0.06188013
0.013142721
0.035049703
0.02246755
0.14581805
0.019667398
0.26716304
0.07500197
0.056027055
0.033268537
0.00940497
0.011467857
0.006649556
0.01280832
0.027018392
0.049458276
0.66014475
0.6673195
0.7757209
0.14047636
0.06456473
0.07120043
0.055485383
0.06188013
0.0364354
0.005131184
0.015396088
0.0246498
0.26716304
0.013036832
0.056027055
0.03492694
0.021900326
0.011467857
0.38530836
0.08598228
0.55015033
0.06456473
0.047473103
0.0511431
0.06188013
0.031516574
0.0133395735
0.04462091
0.05647168
0.26716304
0.004996823
0.011708287
0.056027055
0.1143396
0.017719531
0.011467857
0.06456473
0.011421963
0.007280886
0.012939507
0.04121267
0.06188013
0.0046918564
0.6760282
0.014103118
0.22950435
0.26716304
0.009009982
0.008217564
0.056027055
0.5086788
0.38530836
0.01692683
0.019476809
0.115311675
0.01523197
0.0045922077
0.016332168
