0.11538337
0.05338173
0.81839645
0.8268066
0.28963444
0.17585348
0.6958635
0.82295555
0.27887645
0.6691125
0.92329025
0.31700182
0.88913405
0.85961485
0.05096483
0.27887645
0.011568075
0.17208406
0.020001696
0.72209376
0.60850245
0.60850245
0.60850245
0.037784316
0.32063738
0.086810306
0.5903593
0.89622885
0.26196003
0.32200083
0.7396378
0.117932685
0.4383083
0.00895928
0.019011175
0.034931134
0.03982221
0.018587293
0.9886867
0.044390794
0.040328443
0.41176292
0.020918712
0.06963694
0.73688775
0.061454322
0.15950844
0.90225524
0.32480595
0.07724125
0.97499096
0.52792156
0.009680108
0.0044431514
0.11073105
0.27887645
0.24428755
0.86421704
0.63583106
0.013359606
0.023091681
0.24119382
0.15457739
0.09726285
0.5469962
0.7894841
0.6384614
0.071062796
0.04250282
0.017012551
0.052973088
0.00727248
0.71443045
0.022029482
0.6184049
0.50284517
0.6851582
0.055915006
0.5342426
0.03982221
0.9647759
0.05135151
0.01914724
0.013343342
0.44552463
0.07359104
0.042913936
0.9120102
0.3431673
0.42650187
0.095424905
0.11935559
0.038313106
0.07092385
0.41202825
0.25184405
0.023635719
0.8491328
0.105728954
0.14304456
0.023214228
0.9482774
0.8064758
0.009198727
0.0818513
0.0818513
0.93638086
0.5381334
0.3816248
0.09145006
0.03982221
0.015689448
0.27887645
0.7731739
0.03959451
0.027027696
0.06113129
0.05987257
0.056523453
0.05956332
0.01002014
0.50111896
0.76887804
0.9683747
0.013825627
0.0071664723
0.8937414
0.07550578
0.15556884
0.0957377
0.03709853
0.91711813
0.00679362
0.17450202
0.07092385
0.12322397
0.015426163
0.027422257
0.6503674
0.020127483
0.0056708385
0.116845965
0.70967174
0.50571823
0.01606061
0.05242985
0.003329721
0.0115739135
0.81192464
0.92992437
0.044838935
0.016740547
0.17550346
0.7510266
0.792245
0.7748595
0.3560038
0.90559775
0.30130926
0.25005862
0.53254384
0.033365827
0.015841115
0.013082952
0.014971902
0.036563184
0.07092385
0.9182986
0.012645092
0.9677088
0.034844957
0.22860917
0.15914084
0.7223038
0.0062567126
0.025084967
0.9765678
0.116845965
0.069420315
0.026547246
0.69109225
0.18786341
0.074389406
0.0056552035
0.03274002
0.4351341
0.4351341
0.4351341
0.4351341
0.27887645
0.0024370668
0.04222592
0.358532
0.33720464
0.39766616
0.8925443
0.9588479
0.15480484
0.16210194
0.9458473
0.32042146
0.06681094
0.044838935
0.13096498
0.021365
0.03973396
0.06982254
0.017871201
0.06665868
0.6445677
0.03982221
0.03982221
0.27133986
0.17962691
0.91184723
0.9803569
0.09367264
0.7652072
0.056946453
0.36158007
0.068819866
0.054993287
0.3247868
0.4659006
0.035005175
0.111492045
0.92408967
0.37403873
0.13775392
0.07951887
0.019748252
0.07902832
0.27887645
0.18189903
0.32118735
0.0060842205
0.87012166
0.17608097
0.13528578
0.06351449
0.29362273
0.3580593
0.010944355
0.09712615
0.358532
0.33720464
0.016575625
0.03301148
0.012986313
0.07694777
0.80871683
0.21378975
0.10603366
0.12417284
0.23110767
0.014969389
0.11207702
0.6557194
0.13223334
0.8680175
0.36820006
0.9162107
0.16005957
0.07092385
0.9205877
0.07092385
0.07403144
0.7610514
0.27887645
0.06595221
0.011037888
0.16085759
0.091267034
0.051880393
0.06792376
0.41424283
0.027277661
0.08564058
0.03982221
0.65326405
0.40803167
0.049067136
0.33948222
0.7909746
0.0031438004
0.4104722
0.37792164
0.016696446
0.24784355
0.03647176
0.2596547
0.6728436
0.19637577
0.103972316
0.09049994
0.30119824
0.05508176
0.035334736
0.79595894
0.111671306
0.050838053
0.08600514
0.01167754
0.034206
0.27887645
0.27887645
0.27887645
0.27887645
0.27887645
0.27887645
0.27887645
0.27887645
0.27887645
0.0417064
0.27887645
0.27887645
0.27887645
0.27887645
0.27887645
0.27887645
0.27887645
0.8777526
0.27887645
0.27887645
0.27887645
0.097875565
0.024948575
0.079265185
0.010585906
0.00488507
0.089335345
0.8989616
0.96969885
0.051048234
0.057702813
0.8691887
0.06055133
0.090892546
0.8590136
0.65384084
0.077823445
0.9437378
0.039297167
0.018796314
0.028807728
0.44158852
0.03707801
0.43672556
0.0035707715
0.762727
0.5441555
0.24288593
0.22195148
0.8431191
0.009342093
0.8974557
0.84488773
0.07092385
0.21235214
0.6355895
0.026490578
0.9185401
0.11475756
0.038318522
0.3002496
0.09662075
0.019717505
0.7748752
0.1202376
0.21471326
0.94166565
0.54287016
0.047075488
0.27887645
0.073682465
0.06412425
0.03982221
0.03316199
0.015678434
0.76188457
0.10311277
0.05474546
0.013193301
0.15089755
0.49588206
0.4249727
0.96852183
0.009420873
0.08609579
0.82063806
0.069723375
0.08517152
0.03183278
0.6301128
0.07092385
0.012212548
0.004161161
0.9791676
0.7747649
0.585465
0.0035967748
0.8206546
0.03982221
0.01591098
0.80807525
0.8063118
0.0034295665
0.4484034
0.25501457
0.06853944
0.6068844
0.13152315
0.13924259
0.45842987
0.015330111
0.05476093
0.018060159
0.0060799136
0.17450202
0.006116697
0.07015548
0.40459698
0.016498553
0.25467366
0.02192527
0.028584061
0.4077221
0.012235945
0.26009065
0.024303194
0.04704036
0.17265765
0.6305311
0.06310515
0.053326882
0.0345162
0.72768945
0.87222135
0.08482459
0.35224625
0.0050825356
0.13374266
0.009034097
0.27887645
0.483044
0.09508374
0.024514865
0.09579544
0.010529496
0.4616215
0.10185879
0.032954432
0.9303373
0.95078146
0.064671285
0.6174844
0.10433417
0.0037976368
0.45737675
0.03308005
0.01930942
0.07590514
0.0062370775
0.954799
0.017608656
0.0038021135
0.013245074
0.013044901
0.007600217
0.5554914
0.03982221
0.8698312
0.005655065
0.91069406
0.8575931
0.9406298
0.007165936
0.032791883
0.033739027
0.016693467
0.0018536825
0.059631556
0.030052343
0.92095935
0.11806464
0.046140302
0.42363063
0.7814642
0.0107259685
0.07092385
0.66795087
0.12970568
0.45360172
0.060535435
0.016392956
0.9853065
0.91541934
0.27887645
0.27887645
0.27887645
0.0062537594
0.039342422
0.046328314
0.037369728
0.03897242
0.024553144
0.1901551
0.12352672
0.52479833
0.63809204
0.065159775
0.002694806
0.07092385
0.03427115
0.12548597
0.006655833
0.005482926
0.4834119
0.05470158
0.8581975
0.18419117
0.077823445
0.021368328
0.8811513
0.056940418
0.05588689
0.016559808
0.32784823
0.20507783
0.6485035
0.8687779
0.47441483
0.45151934
0.012005471
0.47486156
0.40296578
0.28753307
0.06178554
0.036560953
0.056946453
0.04205517
0.8436829
0.8529188
0.9748555
0.55866367
0.024538808
0.09121741
0.6125256
0.03982221
0.9683366
0.044174958
0.029424783
0.014513944
0.012928885
0.15933232
0.9590893
0.12150164
0.006209601
0.03534139
0.04179694
0.008393952
0.014062997
0.04365457
0.077823445
0.085481405
0.011785398
0.07092385
0.073956616
0.29553655
0.07597631
0.030542558
0.044267025
0.2427976
0.004943208
0.118355215
0.6070359
0.15851969
0.15851969
0.14074162
0.018254219
0.019177746
0.010788912
0.67078215
0.40179884
0.050838053
0.027459003
0.03239832
0.0028662598
0.009014568
0.035299618
0.78733486
0.03522409
0.05482808
0.3552285
0.7924985
0.1098056
0.06095996
0.95231485
0.07714655
0.04305205
0.26451182
0.044844303
0.0044313027
0.91507244
0.08096523
0.04078079
0.010697861
0.32469332
0.0078004864
0.038191404
0.3980717
0.9558037
0.66019756
0.95657045
0.9817368
0.032306314
0.052758005
0.044323456
0.01571102
0.36377335
0.034156915
0.22831751
0.9755196
0.09935288
0.01602018
0.95259017
0.0030022822
0.052651882
0.03982221
0.06023627
0.42038015
0.006116697
0.03980048
0.6978774
0.22039269
0.48105875
0.1093123
0.28696647
0.14923573
0.09049532
0.7290229
0.013164121
0.77940214
0.040447902
0.6939572
0.016468743
0.040062755
0.13266501
0.03517108
0.20604658
0.059937563
0.059665278
0.03982221
0.021267517
0.03199143
0.21751446
0.013149755
0.029555675
0.031540975
0.09799097
0.42605805
0.04767238
0.16508578
0.07092385
0.28866643
0.0052643367
0.007038972
0.95138997
0.039675564
0.07092385
0.15187514
0.07840577
0.007038972
0.4916599
0.8290477
0.005974113
0.7649478
0.049967222
0.07170686
0.1832873
0.80867046
0.9054999
0.090428
0.05837559
0.9898661
0.0053330013
0.91093004
0.040840223
0.16713056
0.06786006
0.076293856
0.026451245
0.08523402
0.011352497
0.010303024
0.12982173
0.84930575
0.046335608
0.961343
0.08084744
0.8122982
0.050983563
0.41130632
0.9032602
0.9032602
0.95758736
0.004291464
0.03982221
0.03982221
0.85197026
0.08482459
0.9069119
0.07246948
0.87051183
0.1073481
0.12807913
0.1383802
0.30952573
0.008217272
0.017670942
0.743924
0.08888413
0.55499303
0.6344428
0.10915084
0.0029057527
0.010989782
0.15469772
0.0072695003
0.43944868
0.042939924
0.03444695
0.07092385
0.004283596
0.01623423
0.018183453
0.08482459
0.15712568
0.8627002
0.8938003
0.957622
0.07671724
0.33643565
0.8761358
0.99118525
0.056946453
0.01663152
0.686747
0.935248
0.11832577
0.019690098
0.10830073
0.52310854
0.008482475
0.08196907
0.8180406
0.46073124
0.023836957
0.05662706
0.6441565
0.68962026
0.028550275
0.26161575
0.07092385
0.78677475
0.077823445
0.5918603
0.0031847665
0.38825172
0.3799446
0.77090037
0.07677679
0.69991267
0.8826581
0.1185957
0.8985507
0.81578135
0.69672805
0.004482174
0.25658926
0.027915867
0.05735268
0.059982892
0.01874996
0.07092385
0.3491796
0.065515466
0.009099226
0.67091596
0.015119157
0.1892733
0.2915842
0.077823445
0.011741953
0.49757582
0.64979786
0.19304639
0.2890685
0.71485794
0.103490844
0.02582953
0.83233064
0.32660064
0.7712974
0.9198108
0.09948583
0.048483245
0.9107574
0.8327755
0.95056385
0.0076929936
0.058890454
0.37288222
0.0076430454
0.88628876
0.33798885
0.3491796
0.06540451
0.89803857
0.018599154
0.035371248
0.068022415
0.6122136
0.036552645
0.03982221
0.0052302345
0.782385
0.0092945015
0.7649788
0.7649788
0.7649788
0.7649788
0.7649788
0.7649788
0.86593646
0.7554556
0.1003831
0.84409463
0.6763679
0.9751701
0.047757536
0.04959725
0.7998343
0.7763867
0.09753128
0.04249812
0.0967181
0.03057351
0.06302108
0.018866053
0.9888883
0.07092385
0.010904342
0.07750165
0.944579
0.011345934
0.3850115
0.38491908
0.109477386
0.015795177
0.03297522
0.0024335342
0.3788253
0.9032602
0.9032602
0.9032602
0.0035054774
0.07092385
0.33068845
0.63844144
0.22356477
0.10143832
0.03982221
0.5552314
0.96018004
0.10143832
0.36936957
0.49969167
0.9729374
0.09948583
0.13345149
0.10763871
0.05819069
0.085203685
0.10966112
0.17199746
0.006386375
0.1559472
0.3338745
0.0145453075
0.9704949
0.9823966
0.31944683
0.3491796
0.0033233652
0.2107832
0.01402027
0.0020465034
0.0040184446
0.088723
0.5843438
0.49617425
0.12682843
0.109477386
0.01089538
0.8610882
0.0058169044
0.0039268606
0.1820615
0.75355643
0.038107514
0.9367391
0.036055956
0.66055053
0.046108045
0.34341657
0.015563181
0.00788878
0.15180342
0.0063925874
0.009214552
0.45511714
0.008686275
0.005467576
0.23725483
0.77924496
0.005470206
0.07092385
0.8355097
0.91911197
0.010219684
0.9571896
0.046775766
0.045257714
0.81412643
0.40372688
0.014410797
0.042747255
0.18838117
0.04563737
0.5634525
0.043739494
0.03797973
0.82737386
0.12884654
0.8966199
0.8966199
0.23725483
0.013033033
0.39100334
0.4457654
0.024366213
0.97224146
0.008328158
0.6239902
0.89729184
0.9444401
0.0034637582
0.019058563
0.033739027
0.012618781
0.007963241
0.12501913
0.018569637
0.028545627
0.05102618
0.0038340674
0.49002776
0.022762926
0.008842197
0.082622066
0.17450202
0.021183608
0.0964909
0.42041096
0.88918316
0.04541946
0.0062358673
0.49553928
0.544973
0.07092385
0.9000066
0.6056383
0.85492814
0.036002547
0.03918529
0.018492932
0.72657365
0.44276717
0.0679308
0.9487313
0.56504184
0.07092385
0.97517234
0.088702105
0.042395394
0.007174244
0.042903576
0.041892774
0.067368165
