0.8446313
0.15283115
0.1549609
0.89790994
0.8602416
0.91182476
0.3609679
0.720178
0.054791886
0.62422884
0.18473549
0.7719921
0.70574933
0.12847824
0.5571759
0.049721766
0.17936313
0.11561917
0.021273954
0.37123317
0.03269216
0.8853528
0.2488494
0.19348668
0.06114217
0.7606242
0.003806714
0.8656568
0.44082397
0.03661874
0.78465974
0.008587321
0.93104744
0.2173468
0.76366067
0.70308375
0.81927097
0.43111017
0.28388637
0.8397807
0.63134134
0.16553411
0.09152972
0.8052549
0.94050187
0.40006575
0.23784004
0.27567485
0.948486
0.12736827
0.61286914
0.31462416
0.7998787
0.16553411
0.4392375
0.2064491
0.041054767
0.17258772
0.84392554
0.6258174
0.79880685
0.026649687
0.038979564
0.077924214
0.02557867
0.15673722
0.5673175
0.110189974
0.6515759
0.04877983
0.13472125
0.04882402
0.7066418
0.6920155
0.38629475
0.5419956
0.13738893
0.009690932
0.034901403
0.82298106
0.048132908
0.23744787
0.9336523
0.010760776
0.46933207
0.0928606
0.12768562
0.037697565
0.009870037
0.4758114
0.579031
0.68449163
0.14326933
0.43191087
0.006917089
0.7406601
0.48114568
0.010972585
0.79269564
0.64967275
0.5739336
0.08189174
0.49401808
0.017407088
0.13115935
0.56637347
0.9735065
0.4712156
0.009359281
0.113739364
0.49787793
0.56170493
0.62531567
0.45781803
0.6347838
0.1959753
0.044396047
0.20186006
0.507586
0.0011950546
0.75225437
0.74438906
0.32783198
0.0053073983
0.021950422
0.14409122
0.21729445
0.8719877
0.21729445
0.22105856
0.25401518
0.048178304
0.060228385
0.053060327
0.027732197
0.66374123
0.57259315
0.03937796
0.16272965
0.10220856
0.030928493
0.3279791
0.56455326
0.5932663
0.24309883
0.8429527
0.8429527
0.74696684
0.8398884
0.08474436
0.61250407
0.4604673
0.616054
0.008087182
0.671735
0.02788264
0.30975997
0.70027167
0.70027167
0.90013045
0.042051747
0.008632163
0.0044902274
0.079850964
0.025362337
0.021483816
0.8729467
0.14327417
0.6653799
0.10969694
0.86148643
0.42242604
0.361046
0.063885696
0.007724533
0.01755165
0.14899155
0.041093107
0.84591705
0.08500617
0.0012086467
0.7121602
0.03667674
0.1425298
0.27039054
0.020637093
0.63780874
0.29608715
0.008376767
0.46248046
0.94536424
0.6778267
0.81969917
0.013442547
0.047225993
0.0880516
0.109715246
0.92613983
0.12351638
0.054384355
0.003396827
0.09776995
0.10852004
0.145025
0.79751915
0.78537023
0.7801927
0.03955894
0.46994987
0.23396663
0.094943255
0.5594612
0.17766222
0.09570302
0.7585053
0.106536016
0.3142085
0.9129948
0.5644416
0.762747
0.018043159
0.6895021
0.52062887
0.26329842
0.17665145
0.7873238
0.1452501
0.2306337
0.043098684
0.07557418
0.2306337
0.4585105
0.40404207
0.8984443
0.79544026
0.19449346
0.77404237
0.7967652
0.77592707
0.69819957
0.14554748
0.5226998
0.045371007
0.38109913
0.5815937
0.5657014
0.73997474
0.05147474
0.6579525
0.6425195
0.50112975
0.4366632
0.841963
0.6373847
0.4895198
0.74166095
0.4329357
0.0101350555
0.17691724
0.6852653
0.28523982
0.0070039295
0.8699909
0.012059325
0.02024884
0.39261413
0.4812523
0.16768311
0.18252857
0.06231076
0.689612
0.0010451617
0.6897013
0.78202146
0.8250054
0.36729744
0.17581932
0.021276182
0.021276182
0.41958874
0.7902018
0.031576943
0.90450174
0.05378118
0.41086435
0.8570767
0.23402312
0.6860279
0.4366632
0.35917342
0.70302063
0.8795496
0.6212965
0.07331618
0.00516744
0.81327
0.7962819
0.5028709
0.15771385
0.5716511
0.0011419988
0.17581932
0.0052224407
0.08542915
0.6079886
0.0013721728
0.8864971
0.27661481
0.004162675
0.028381852
0.047335602
0.26459116
0.6353758
0.7770922
0.7770922
0.0040497067
0.120100915
0.0015395642
0.9396376
0.118564345
0.841558
0.021233302
0.5768364
0.12758167
0.6363716
0.79337597
0.05863528
0.7160108
0.8286847
0.021276182
0.44412294
0.8418881
0.60678154
0.9023521
0.4321622
0.14995308
0.019480439
0.028608194
0.48479784
0.6019673
0.005089885
0.042400625
0.7530599
0.57950103
0.2079568
0.04853364
0.068552725
0.8384613
0.5488513
0.0024467097
0.32424214
0.86454886
0.44795328
0.5669985
0.015995117
0.068798944
0.6469006
0.913218
0.056316085
0.32943818
0.9494557
0.5843581
0.31691483
0.09444547
0.019553056
0.06363375
0.062052626
0.56283927
0.0061509493
0.9076089
0.6363716
0.075627305
0.043574914
0.0012023908
0.04656455
0.0035552457
0.04080006
0.51270276
0.05251419
0.6673055
0.012126753
0.2434407
0.23139337
0.3495278
0.07209234
0.016520878
0.6422877
0.037714895
0.6422877
0.6422877
0.6422877
0.6422877
0.6422877
0.6422877
0.6422877
0.6502632
0.6502632
0.6502632
0.6502632
0.6502632
0.6502632
0.6502632
0.17599213
0.45681733
0.59070766
0.85948735
0.026067365
0.767698
0.44683704
0.26269647
0.8055631
0.81394964
0.006617128
0.8415936
0.6393982
0.26987106
0.05908311
0.6656534
0.15265939
0.14459309
0.43221304
0.41740853
0.8344604
0.62788075
0.7441866
0.36583808
0.8002568
0.73172385
0.61526954
0.8892899
0.14373219
0.7237819
0.8892142
0.19538893
0.07776059
0.08007506
0.8590266
0.002975098
0.37817165
0.001790297
0.83488286
0.83488286
0.83918214
0.7633884
0.85212725
0.7414096
0.0222618
0.41546303
0.69015896
0.51271796
0.13474993
0.7082985
0.022264471
0.7114393
0.72758263
0.82273924
0.58134687
0.8796712
0.74587256
0.16047345
0.7910531
0.9455949
0.39367712
0.48914763
0.49869463
0.060677942
0.5034704
0.07842423
0.47068685
0.16814262
0.13642183
0.64458007
0.7111269
0.14302589
0.37932727
0.6237039
0.5362214
0.20560586
0.17222296
0.33137083
0.0027813634
0.031768933
0.06733862
0.5833344
0.39367712
0.1079797
0.14572906
0.5224803
0.3850833
0.15879649
0.050272815
0.61020833
0.83228445
0.15007469
0.031768933
0.01142434
0.17511846
0.13961929
0.030596917
0.06733862
0.5833344
0.26236445
0.6801179
0.05820569
0.103261255
0.041883796
0.84087485
0.0029766534
0.5717271
0.31288537
0.0035497663
0.45034444
0.76167315
0.07785399
0.45187995
0.461172
0.016499113
0.21893647
0.95337605
0.86885625
0.6801179
0.05820569
0.103261255
0.16377872
0.057364352
0.8748609
0.7392527
0.6801179
0.05820569
0.39367712
0.11581042
0.103261255
0.041883796
0.0026944035
0.03727751
0.3700254
0.0055350335
0.058250494
0.19105585
0.81671023
0.77951646
0.68766624
0.58827865
0.11396335
0.33559492
0.8555578
0.1160933
0.8222707
0.010720331
0.08507666
0.0063589476
0.03727751
0.15057012
0.64297825
0.12736827
0.4921847
0.056364287
0.0016536976
0.8759903
0.48837766
0.062362608
0.21637566
0.5337542
0.7197678
0.26669556
0.85127115
0.17138372
0.15597866
0.11530097
0.15206721
0.12818627
0.075865656
0.86403924
0.5794591
0.053638816
0.0110012125
0.0077599776
0.15052322
0.24990565
0.42746675
0.20322418
0.03727751
0.01372974
0.58469534
0.6542117
0.2137541
0.7705595
0.80262846
0.008496697
0.01509114
0.4366632
0.42805886
0.39454576
0.4411754
0.80449986
0.9041715
0.017973335
0.07321424
0.0059819487
0.59704113
0.0016327888
0.03727751
0.62956554
0.024574406
0.016574325
0.016526902
0.16769296
0.67791873
0.03511717
0.89053684
0.11345775
0.9179225
0.46347672
0.10472195
0.12014172
0.24985811
0.029283997
0.14440413
0.00304314
0.64828223
0.009843766
0.028814863
0.028608194
0.14181608
0.36298972
0.88394773
0.12736827
0.16569631
0.6036312
0.1384488
0.5219884
0.44270426
0.045127038
0.4668878
0.035672504
0.061114967
0.113878004
0.053663246
0.69169706
0.17969313
0.91895264
0.9198621
0.07577706
0.91895264
0.9211398
0.85452
0.91895264
0.87136143
0.91895264
0.3065917
0.6221698
0.7005991
0.049189515
0.46803144
0.07616431
0.6207378
0.6321356
0.17183241
0.06465285
0.22202875
0.015099495
0.5192525
0.5205954
0.19543941
0.23997533
0.6653799
0.4878115
0.8381307
0.007588634
0.6156553
0.16042645
0.088809334
0.49181482
0.25293425
0.25131536
0.8425266
0.474932
0.12077008
0.81436574
0.7279802
0.014642108
0.03721983
0.03727751
0.24806163
0.00504951
0.03727751
0.037165362
0.015331506
0.0761104
0.15283115
0.93097335
0.60843164
0.815279
0.1549609
0.7415421
0.00078389456
0.0007811015
0.0007664002
0.62422884
0.054791886
0.720178
0.70574933
0.5571759
0.044912055
0.17936313
0.049721766
0.37123317
0.11561917
0.021273954
0.67717713
0.0100389505
0.2488494
0.005413629
0.9103162
0.19348668
0.06114217
0.5043089
0.006285684
0.06776938
0.06953027
0.011737006
0.07262339
0.8958195
0.8949831
0.035361357
0.44082397
0.008587321
0.78465974
0.03661874
0.3137881
0.2173468
0.76366067
0.70308375
0.026248323
0.95988226
0.28388637
0.63134134
0.017510094
0.2059957
0.008943408
0.09152972
0.0039563836
0.40006575
0.27567485
0.23784004
0.0693304
0.48811546
0.31462416
0.66727966
0.92951626
0.2064491
0.041054767
0.62739617
0.17258772
0.65149355
0.038979564
0.077924214
0.8348743
0.12872685
0.110189974
0.5673175
0.15673722
0.0014408357
0.50295824
0.0052848468
0.6920155
0.0016255947
0.38629475
0.7066418
0.12736827
0.6458832
0.1608768
0.13738893
0.89830416
0.23544794
0.009690932
0.72077847
0.015702913
0.9159422
0.23744787
0.46933207
0.12768562
0.0928606
0.16707052
0.12832089
0.68449163
0.09947169
0.579031
0.87008774
0.85230863
0.7437756
0.43191087
0.15218715
0.12736827
0.46270624
0.90722376
0.361366
0.79235
0.5739336
0.64967275
0.56521237
0.56350976
0.49401808
0.08189174
0.5404139
0.017407088
0.48529413
0.0018665275
0.0019568775
0.009359281
0.113739364
0.18379264
0.02857191
0.0058867102
0.044396047
0.20186006
0.44208652
0.32783198
0.0053073983
0.04877983
0.038283173
0.008191268
0.0025827296
0.7370856
0.048178304
0.25401518
0.4229468
0.0035220394
0.10220856
0.16272965
0.03937796
0.030928493
0.8398884
0.08474436
0.5063566
0.0020545286
0.02788264
0.008087182
0.30975997
0.671735
0.14116326
0.009064255
0.5189709
0.04076843
0.008632163
0.042051747
0.50750154
0.29093057
0.025362337
0.14327417
0.021483816
0.9183357
0.10318189
0.063885696
0.361046
0.01755165
0.007724533
0.9185068
0.1425298
0.03667674
0.29008526
0.0064096646
0.5056131
0.6056364
0.600607
0.09584169
0.008376767
0.46248046
0.0130858105
0.0033441565
0.18529864
0.7939517
0.008459577
0.013442547
0.047225993
0.011977135
0.896551
0.010741462
0.03727751
0.013859338
0.054384355
0.69547284
0.69531834
0.0076371464
0.07090087
0.7627678
0.28471258
0.17725682
0.145025
0.20367599
0.28471258
0.14082566
0.030093875
0.020012971
0.46994987
0.23396663
0.03955894
0.6072148
0.5866802
0.9004111
0.106536016
0.09570302
0.6391918
0.3142085
0.52062887
0.26329842
0.07848366
0.6719525
0.02985898
0.1452501
0.8835089
0.035870794
0.4707145
0.6653799
0.25760236
0.44056353
0.4585105
0.40404207
0.21801747
0.12816359
0.23085286
0.7328877
0.045371007
0.18180782
0.7835805
0.007975513
0.0019920906
0.30876306
0.05147474
0.4501263
0.69927967
0.0079249
0.5101496
0.4329357
0.0101350555
0.7405584
0.3522007
0.0070039295
0.07987172
0.029925972
0.90015364
0.02024884
0.05295762
0.012059325
0.029396879
0.47031236
0.05107075
0.074137785
0.18252857
0.3263142
0.95208603
0.8789012
0.689612
0.6897013
0.031576943
0.052316397
0.05378118
0.41086435
0.6730038
0.15620114
0.5614334
0.1941602
0.70302063
0.5943697
0.50446254
0.8446105
0.07331618
0.77202165
0.24336343
0.33426952
0.25606623
0.5716511
0.10301172
0.15771385
0.6653799
0.5610569
0.15061016
0.08542915
0.8672141
0.26459116
0.19962797
0.9296898
0.29931578
0.056005992
0.018487025
0.20160256
0.0151043665
0.8191956
0.6920768
0.120100915
0.053157892
0.010259918
0.037250698
0.016776452
0.76714075
0.021233302
0.3802949
0.951093
0.7163852
0.77305746
