0.15077305
0.7736097
0.8074617
0.09878776
0.13446239
0.082212985
0.5802973
0.26835412
0.83912766
0.35416228
0.6041257
0.22139895
0.28390622
0.8058713
0.4181458
0.561454
0.78103113
0.80211127
0.88569736
0.5517791
0.6428466
0.10949945
0.68997675
0.7638739
0.88786095
0.22064157
0.038856857
0.1253969
0.52648276
0.7866611
0.20065364
0.40219656
0.06473241
0.72591776
0.22262315
0.26869798
0.17165603
0.48577932
0.68726987
0.15255836
0.34746802
0.7292325
0.81441766
0.18688086
0.05620458
0.56567264
0.7102304
0.6319219
0.047871154
0.8404672
0.36534593
0.6286211
0.19326916
0.7292325
0.5395827
0.69580656
0.574735
0.79110795
0.14906894
0.3560606
0.19583885
0.66030663
0.68689346
0.58068764
0.49629617
0.6260229
0.40503895
0.5563196
0.3138649
0.8451609
0.835566
0.5946006
0.2792737
0.29655018
0.56172717
0.43601653
0.7795438
0.36090723
0.904491
0.16881181
0.9238179
0.7268605
0.063182585
0.46741906
0.49268273
0.7892346
0.80822307
0.8931174
0.6549857
0.48286706
0.3948558
0.29099855
0.668584
0.47736385
0.5869282
0.24854133
0.48846233
0.4767817
0.19888301
0.33434385
0.40432814
0.84559375
0.48469788
0.63777894
0.82887155
0.40397492
0.024104076
0.4831292
0.54428035
0.78259546
0.48388198
0.4104787
0.3445065
0.49723947
0.34553015
0.5642998
0.8323638
0.74199164
0.4441216
0.06197524
0.2420892
0.24995916
0.6281184
0.21294834
0.4475661
0.70353806
0.74312973
0.12152086
0.74312973
0.5097847
0.6980431
0.7428831
0.65378845
0.81979465
0.23262773
0.30133563
0.39315465
0.8245924
0.7010101
0.8483523
0.66917926
0.6476192
0.4229595
0.39770958
0.71727896
0.15264694
0.15264694
0.2391483
0.15128563
0.81230587
0.37333804
0.50526226
0.3535138
0.18409835
0.30210435
0.7210854
0.64721555
0.28992763
0.28992763
0.09715609
0.6657767
0.24414144
0.69719696
0.7570948
0.6247497
0.5211647
0.12218519
0.78547907
0.32439014
0.74475807
0.1318181
0.54932874
0.5923177
0.6332687
0.34304768
0.4255314
0.81410605
0.64291745
0.1469632
0.875245
0.058171492
0.27980003
0.55585325
0.6281123
0.7048315
0.43886513
0.3439627
0.6640102
0.21305329
0.5089442
0.051216096
0.30509463
0.17410049
0.5461902
0.8041695
0.86954033
0.8494713
0.070559524
0.845741
0.8511673
0.259929
0.8768683
0.85028374
0.72664154
0.19567896
0.20662738
0.21132916
0.70876104
0.49444824
0.6748875
0.85565525
0.37281078
0.77430147
0.8497373
0.21727298
0.65851843
0.60869503
0.08246324
0.41820037
0.21895912
0.17555493
0.29384172
0.4420319
0.64958686
0.78610367
0.20662718
0.76049024
0.7191494
0.81073064
0.8734814
0.7191494
0.43078586
0.53407776
0.09861809
0.19596402
0.76988494
0.21756001
0.19256432
0.21301314
0.2916224
0.80889124
0.45963606
0.75112075
0.6011216
0.37573555
0.4198741
0.24981861
0.77510387
0.3196778
0.34270382
0.46553534
0.5397547
0.14968902
0.3391342
0.4744142
0.24825117
0.4974575
0.2551082
0.75732255
0.30052492
0.64817
0.23794504
0.119966604
0.52814394
0.631423
0.59395033
0.4844566
0.810504
0.684574
0.9065728
0.29675516
0.030260086
0.2956973
0.20301948
0.1687391
0.517195
0.7911134
0.44112542
0.44112542
0.5408742
0.20563453
0.76186866
0.090803795
0.87392074
0.5634507
0.13856149
0.73966247
0.29949763
0.5397547
0.61267424
0.28383303
0.115644805
0.36458725
0.77560157
0.1371731
0.18085192
0.19280662
0.45144126
0.7329783
0.40621236
0.047078826
0.7911134
0.28667632
0.74506235
0.37948555
0.05668544
0.107827276
0.6955414
0.31496456
0.89319605
0.8235526
0.663976
0.35663202
0.21594276
0.21594276
0.07343267
0.8151051
0.08384229
0.056827154
0.5995125
0.14986774
0.7913191
0.37883374
0.7070376
0.34222728
0.19203968
0.73254776
0.27344415
0.16453215
0.44112542
0.54091734
0.15280922
0.3769168
0.092793815
0.47174764
0.76164186
0.91939956
0.87272745
0.48188418
0.3775191
0.4902061
0.54005545
0.23603329
0.40999007
0.72200406
0.49651212
0.86522436
0.15484414
0.3993544
0.29727373
0.6513399
0.1300971
0.53863204
0.3960031
0.42028385
0.76311827
0.34472138
0.083025575
0.8958811
0.64206594
0.0484217
0.40058655
0.64150304
0.6764994
0.7543672
0.74998605
0.7774772
0.39409667
0.485981
0.08755937
0.34222728
0.6804186
0.671438
0.07435789
0.7892249
0.2138318
0.74135166
0.4619877
0.6486809
0.3122943
0.230617
0.6950562
0.6178498
0.6163235
0.62849545
0.33335134
0.34248275
0.6243595
0.34248275
0.34248275
0.34248275
0.34248275
0.34248275
0.34248275
0.34248275
0.33466384
0.33466384
0.33466384
0.33466384
0.33466384
0.33466384
0.33466384
0.73548067
0.47128233
0.35770905
0.1360432
0.60610306
0.2187291
0.4811128
0.7047985
0.18674678
0.17965831
0.34041253
0.15239741
0.34546196
0.6902482
0.8304086
0.32034254
0.6855999
0.8087993
0.5493153
0.5544039
0.1592966
0.3492493
0.24369967
0.6063313
0.18201664
0.25418785
0.3732571
0.10435651
0.7617198
0.26600647
0.10682725
0.72520113
0.8925728
0.5690348
0.13640684
0.324135
0.60167414
0.0736326
0.15971108
0.15971108
0.15558869
0.21892767
0.14236996
0.24371113
0.45730075
0.5364675
0.28921393
0.46591562
0.8311379
0.28309318
0.60793304
0.27944875
0.26218364
0.16789271
0.39739075
0.11623085
0.23860979
0.8117521
0.18896961
0.05036876
0.5774313
0.49544758
0.46710527
0.8192333
0.46918377
0.84243125
0.5066048
0.7670616
0.8211653
0.33866757
0.27970895
0.8315686
0.5860555
0.3583845
0.4474281
0.3805935
0.6146117
0.6360919
0.11190013
0.5390645
0.7423508
0.37832782
0.5774313
0.858319
0.67363966
0.4490374
0.58062655
0.80593294
0.46274206
0.37267268
0.16326758
0.80945784
0.5390645
0.64891315
0.799113
0.80982304
0.91546416
0.7423508
0.37832782
0.61262673
0.29921347
0.7955211
0.8454308
0.7659075
0.15161246
0.063382685
0.40542594
0.6291739
0.09486112
0.5252196
0.23132193
0.73369795
0.51111865
0.49752796
0.6427771
0.7554239
0.043079786
0.12499121
0.29921347
0.7955211
0.8454308
0.801954
0.8534811
0.12147045
0.2552974
0.29921347
0.7955211
0.5774313
0.69643193
0.8454308
0.7659075
0.048785836
0.80962497
0.5615192
0.08809354
0.88836014
0.77205724
0.17894232
0.20340975
0.3029563
0.388901
0.7610612
0.6083102
0.13649684
0.7339562
0.17204994
0.36499187
0.7460052
0.57872933
0.80962497
0.82423055
0.34302193
0.8404672
0.47793487
0.53511995
0.031224
0.120183915
0.4858028
0.6380376
0.7124737
0.453905
0.26753327
0.6982593
0.14250542
0.607531
0.7873834
0.84212685
0.79654455
0.8106681
0.7855723
0.13065806
0.38739318
0.76421213
0.53526986
0.35585147
0.7244561
0.68370706
0.54817486
0.75334764
0.80962497
0.3468444
0.3996614
0.33538815
0.7395455
0.21765248
0.19263504
0.34322947
0.6366145
0.5397547
0.52125084
0.5430401
0.49914092
0.18514617
0.0906381
0.653122
0.5486883
0.55119205
0.38788137
0.024697796
0.80962497
0.35915574
0.7672753
0.51456124
0.5220371
0.7899462
0.308785
0.9212399
0.10502948
0.8030165
0.0787104
0.51159513
0.6064693
0.8410298
0.69536245
0.71042204
0.7511256
0.08874238
0.32849377
0.69876397
0.8915213
0.87272745
0.781679
0.5871291
0.11242169
0.8404672
0.7831578
0.37903136
0.78169537
0.4546496
0.52057606
0.5971322
0.5151443
0.69838345
0.80912966
0.8253345
0.8732261
0.2899129
0.76295125
0.07657136
0.075683706
0.70033044
0.07657136
0.074481055
0.13561253
0.07657136
0.12021882
0.07657136
0.6494625
0.33695152
0.28582364
0.58970445
0.49897712
0.8889931
0.34359804
0.35221177
0.8070045
0.82631993
0.7336868
0.3654354
0.4593861
0.46300542
0.72851044
0.693595
0.32439014
0.48920017
0.15394709
0.66820496
0.35858577
0.73828965
0.8238275
0.4880148
0.65726054
0.6857324
0.15173624
0.49574405
0.62188464
0.17969528
0.2543178
0.40403542
0.80256647
0.80962497
0.5540041
0.2521905
0.80962497
0.8482994
0.5250866
0.7037387
0.7736097
0.066218816
0.3699341
0.17506619
0.8074617
0.23752394
0.013513878
0.023149183
0.013240189
0.35416228
0.83912766
0.26835412
0.28390622
0.4181458
0.62762076
0.78103113
0.561454
0.5517791
0.80211127
0.88569736
0.3074094
0.4101119
0.68997675
0.60453707
0.08538594
0.7638739
0.88786095
0.42550278
0.38163596
0.8983641
0.88945186
0.7340856
0.7892166
0.099260785
0.10002802
0.7802719
0.52648276
0.40219656
0.20065364
0.7866611
0.65670794
0.72591776
0.22262315
0.26869798
0.3584069
0.037811544
0.68726987
0.34746802
0.8918386
0.77020925
0.7858316
0.81441766
0.61764693
0.56567264
0.6319219
0.7102304
0.82592255
0.48396096
0.6286211
0.3204713
0.06649375
0.69580656
0.574735
0.33963385
0.79110795
0.3315981
0.68689346
0.58068764
0.15350583
0.66982627
0.5563196
0.40503895
0.6260229
0.13906483
0.44608605
0.15259965
0.29655018
0.063809015
0.56172717
0.2792737
0.8404672
0.31493115
0.80418247
0.7795438
0.09551242
0.5381608
0.36090723
0.26966
0.6653286
0.07944661
0.7268605
0.49268273
0.80822307
0.7892346
0.8118536
0.6134578
0.29099855
0.8212478
0.3948558
0.12196399
0.14054638
0.24756236
0.47736385
0.8088182
0.8404672
0.49893767
0.087972745
0.45530283
0.19692768
0.40432814
0.33434385
0.40527657
0.4050288
0.48469788
0.84559375
0.38056403
0.63777894
0.49041504
0.029180238
0.025566777
0.54428035
0.78259546
0.7924479
0.6275734
0.10489843
0.8323638
0.74199164
0.5278969
0.6281184
0.21294834
0.8451609
0.254077
0.637169
0.092065156
0.25228328
0.7428831
0.6980431
0.54389936
0.07996601
0.8483523
0.7010101
0.8245924
0.66917926
0.15128563
0.81230587
0.4811917
0.03231604
0.7210854
0.18409835
0.64721555
0.30210435
0.80850214
0.8948087
0.45283747
0.90670854
0.24414144
0.6657767
0.47057176
0.6379058
0.6247497
0.78547907
0.5211647
0.07671598
0.5553262
0.6332687
0.5923177
0.4255314
0.34304768
0.07763799
0.6281123
0.55585325
0.6232484
0.10873376
0.47853652
0.338256
0.358625
0.8760875
0.21305329
0.5089442
0.89505965
0.10119015
0.75932914
0.20137402
0.16815443
0.5461902
0.8041695
0.8044885
0.099467084
0.34479326
0.80962497
0.17326142
0.8511673
0.28944293
0.2906866
0.65093446
0.4184835
0.22568999
0.66684055
0.7725041
0.72664154
0.74608636
0.66684055
0.8028332
0.10613342
0.35846046
0.49444824
0.6748875
0.70876104
0.37502736
0.39617085
0.09503291
0.65851843
0.8497373
0.34522384
0.60869503
0.4420319
0.64958686
0.3521465
0.31777212
0.7614156
0.76049024
0.11011068
0.41669947
0.41217637
0.32439014
0.5792385
0.5155947
0.43078586
0.53407776
0.75719756
0.69585353
0.42539546
0.2568352
0.75112075
0.71519256
0.2100122
0.35654292
0.068225086
0.65549254
0.77510387
0.4805335
0.28661975
0.27172035
0.4721186
0.4974575
0.2551082
0.23625322
0.61246055
0.23794504
0.78583866
0.8458202
0.09582672
0.631423
0.5562191
0.52814394
0.88044924
0.51787186
0.89526904
0.89411354
0.684574
0.6196205
0.044463146
0.11666304
0.29675516
0.2956973
0.76186866
0.8988594
0.87392074
0.5634507
0.3138305
0.68089336
0.42827252
0.59374994
0.28383303
0.38735902
0.46373016
0.15030235
0.77560157
0.21848324
0.7397051
0.6131523
0.7164326
0.40621236
0.86466956
0.7329783
0.32439014
0.3528877
0.8240777
0.74506235
0.12472505
0.663976
0.77463126
0.066830315
0.6743376
0.26401687
0.7415647
0.7551061
0.6182045
0.17386071
0.29707652
0.8151051
0.8147593
0.7011131
0.89082104
0.9123022
0.22038177
0.7913191
0.5912114
0.045732062
0.27292174
0.22002177
