0.8833683
0.4764541
0.5138948
0.004226253
0.9534965
0.9053252
0.047021877
0.78109145
0.008499704
0.018408924
0.1814321
0.0008073352
0.904854
0.36703855
0.50440097
0.05577935
0.24072568
0.07581257
0.86925876
0.055323992
0.9436179
0.8455514
0.03702273
0.14394115
0.014011935
0.0051453626
0.5077546
0.5289171
0.009573697
0.0026164013
0.84013796
0.22092077
0.9271142
0.05577935
0.06112401
0.054009516
0.4392375
0.10315516
0.655103
0.18843998
0.012605239
0.2114781
0.008934298
0.019000385
0.12790944
0.09972521
0.14625387
0.24990062
0.023859454
0.7619531
0.023859454
0.028835552
0.16831492
0.0062928842
0.73669314
0.3336167
0.033273283
0.45564684
0.35158184
0.36714938
0.15030634
0.7822663
0.2181829
0.105002426
0.4762242
0.51035297
0.017339123
0.0035173283
0.04655806
0.2106665
0.8879641
0.59706455
0.17154752
0.24309883
0.80447614
0.015521632
0.2543423
0.8034042
0.055491645
0.90503544
0.14204139
0.042531755
0.0254827
0.45344156
0.36240473
0.8224322
0.4009939
0.15475442
0.2485192
0.059492584
0.025140105
0.45819944
0.7063932
0.8621776
0.010321786
0.14066528
0.0018698544
0.0024984619
0.470518
0.16689251
0.6968851
0.3263142
0.5824947
0.10467188
0.02060565
0.0013852919
0.007389358
0.783344
0.074893534
0.8366456
0.43791014
0.4850552
0.70732015
0.44041452
0.634366
0.50911385
0.63574535
0.54306316
0.17855369
0.9098697
0.17413077
0.02824238
0.0020680302
0.33304122
0.40898463
0.10559491
0.4283658
0.3630127
0.78111124
0.18948233
0.0060285395
0.4597332
0.30453485
0.11251274
0.9135296
0.43184686
0.11501502
0.106404476
0.07711615
0.42992646
0.5682457
0.7592034
0.83427113
0.01327954
0.004651949
0.15338622
0.66696966
0.015758788
0.05308644
0.0054272986
0.561216
0.7219309
0.04012685
0.8059939
0.82721364
0.922572
0.0051726387
0.09006669
0.016768252
0.35469913
0.47172138
0.8907536
0.11011069
0.6808328
0.0025584435
0.90282834
0.095469505
0.18587758
0.13722883
0.11446809
0.020710625
0.9324095
0.8324552
0.0023122965
0.5830804
0.051099993
0.25961766
0.008260226
0.1250286
0.0031667706
0.7112787
0.5845649
0.4497378
0.16342327
0.8440134
0.6978345
0.35550678
0.59040064
0.024001222
0.002097594
0.65712255
0.055286523
0.093877785
0.83979833
0.007154708
0.008758515
0.0090690795
0.5077546
0.10337176
0.4650706
0.19314545
0.008014013
0.824458
0.8247446
0.3137881
0.8279745
0.17974035
0.02006761
0.0334922
0.3466422
0.5681303
0.11468108
0.90571654
0.01756967
0.026537055
0.053075567
0.1608768
0.7804098
0.26884982
0.6103596
0.67247313
0.03396873
0.3920859
0.010951358
0.6991253
0.2937571
0.8688303
0.79749763
0.114938796
0.7094025
0.3303977
0.8205706
0.9131558
0.50663406
0.5448138
0.96001256
0.5039913
0.02645039
0.031846467
0.0015848826
0.63625747
0.7209345
0.4984383
0.7478608
0.40398055
0.83372986
0.7870339
0.7792061
0.03668867
0.7979444
0.7792061
0.039319225
0.25929952
0.31968823
0.40155387
0.035998415
0.84773284
0.30867246
0.28873175
0.0031112463
0.66528946
0.50397944
0.78665125
0.2222118
0.012766568
0.03564711
0.78663796
0.14215288
0.7019142
0.2485067
0.82822114
0.9178394
0.29181194
0.58467716
0.28049883
0.22660744
0.9338798
0.024561832
0.030016538
0.1727368
0.016248722
0.7001748
0.2803384
0.0021209645
0.8678542
0.35111013
0.49181482
0.037319575
0.41808966
0.7460874
0.7477342
0.7459174
0.7310697
0.7357089
0.010071379
0.8046404
0.82007766
0.43455416
0.9046107
0.022938153
0.0072547947
0.0025506793
0.033365022
0.576931
0.16726196
0.32447556
0.016685158
0.95250696
0.052256554
0.21401295
0.04418861
0.6776843
0.77493614
0.63365823
0.5715457
0.099288814
0.026197681
0.021750668
0.064219914
0.044782113
0.08311802
0.95820475
0.68897116
0.8170605
0.9417848
0.47427392
0.007412848
0.092449434
0.0016337814
0.050000858
0.4709778
0.75360364
0.48208344
0.14672245
0.0044759675
0.63388634
0.20979485
0.006404627
0.19486792
0.8816173
0.04388704
0.9305646
0.0018633932
0.36240473
0.08414472
0.8726724
0.037023563
0.15912488
0.51927024
0.8826649
0.3263142
0.0024662535
0.031465728
0.0013852919
0.12846169
0.01604897
0.45590025
0.097673096
0.85133135
0.07091934
0.069203906
0.008392259
0.14021425
0.71564835
0.0011281142
0.26383495
0.24632417
0.6684549
0.62821907
0.005806555
0.87100613
0.8405815
0.7496839
0.15681437
0.49410388
0.8892113
0.0066483216
0.7283979
0.5228491
0.92823786
0.2042228
0.011046634
0.13758406
0.8312586
0.4305431
0.30746025
0.20398326
0.8955354
0.8603921
0.86367834
0.8530802
0.22753006
0.75208473
0.011034331
0.18467553
0.88078725
0.63727474
0.41449207
0.9031218
0.5407085
0.43547246
0.11655082
0.002361793
0.34642416
0.18210518
0.2988568
0.3604288
0.036209382
0.702317
0.5651282
0.93022
0.18891467
0.17684919
0.3536214
0.70315844
0.30428377
0.80308604
0.0035755218
0.35055864
0.9244366
0.08625657
0.52995306
0.1762006
0.42980394
0.849571
0.008742647
0.14893025
0.4530884
0.020710625
0.027049474
0.075568385
0.8212676
0.3802448
0.013854458
0.009234456
0.30798906
0.8621694
0.76235396
0.10662506
0.7923099
0.15234762
0.17319617
0.63940686
0.80650944
0.42239526
0.86537653
0.017872708
0.8536204
0.4243778
0.007154708
0.008758515
0.0090690795
0.51081926
0.7980245
0.1483365
0.5324489
0.33531216
0.20979485
0.9463505
0.12347461
0.15036792
0.6392625
0.0022016177
0.5612406
0.14761849
0.15831998
0.13479483
0.05577935
0.0029012314
0.07196528
0.4568238
0.89826256
0.0026452737
0.9178397
0.014586272
0.03313457
0.03204301
0.07658003
0.00131578
0.40155387
0.5796256
0.581269
0.7102283
0.45632166
0.10635837
0.46012715
0.022611856
0.1016131
0.052543283
0.08158714
0.0018418771
0.03440044
0.02375184
0.008141152
0.7193933
0.0013105854
0.57762
0.036399897
0.036399897
0.036399897
0.039661147
0.039661147
0.039661147
0.039661147
0.07816
0.053173248
0.44839483
0.6959981
0.03668867
0.22092077
0.04961024
0.7646322
0.18288594
0.003176318
0.018113663
0.035939284
0.46117148
0.4392375
0.9363586
0.31893197
0.17791523
0.50155747
0.3938079
0.511068
0.13056128
0.5322944
0.6174631
0.8284327
0.2028265
0.08353713
0.006235572
0.71899724
0.03002526
0.02335914
0.022324093
0.29215655
0.6199445
0.3344693
0.7554164
0.012527357
0.0019964068
0.96073616
0.46366298
0.24309883
0.14179966
0.96223646
0.013810687
0.07461276
0.005236861
0.35487723
0.09402727
0.34763372
0.10571377
0.78218186
0.0050230636
0.002669872
0.012712223
0.012712223
0.012712223
0.012712223
0.28501523
0.00921641
0.034833908
0.3977113
0.74945515
0.4311414
0.8192897
0.09210894
0.0059255916
0.77361107
0.67248076
0.5580869
0.02665306
0.8502812
0.72266304
0.14943255
0.010392344
0.31774285
0.43011856
0.7670305
0.6960646
0.023251709
0.37226924
0.29002166
0.002735194
0.02471445
0.86378986
0.09374098
0.009439213
0.15048388
0.5715457
0.016662646
0.761499
0.0023823492
0.095469505
0.86603975
0.15895794
0.3999606
0.8804914
0.6308075
0.76404184
0.4186409
0.036920074
0.43953207
0.79173815
0.81963766
0.020865548
0.06411871
0.12288001
0.84927917
0.010704495
0.15411061
0.69435984
0.35564074
0.815741
0.68208164
0.02525156
0.1494343
0.5271985
0.6013273
0.0066604856
0.35487723
0.0029881261
0.0011604372
0.03614119
0.13037448
0.7232687
0.7146542
0.69790804
0.6641184
0.8425249
0.7437373
0.05239752
0.23432074
0.3263142
0.3137881
0.7286424
0.6563566
0.7064104
0.0013852919
0.058016162
0.02278144
0.0504075
0.25228983
0.36240473
0.90931904
0.13157757
0.12987377
0.9488127
0.029876655
0.72037834
0.03476543
0.0052021584
0.0021106147
0.031119559
0.6611138
0.0085426625
0.16248192
0.007776201
0.0013710001
0.1608768
0.95324063
0.011179018
0.3543054
0.6794084
0.8492257
0.21874565
0.006747979
0.0011156163
0.0010160947
0.0010242386
0.02683685
0.52629775
0.27730298
0.902589
0.78373754
0.5188933
0.11051509
0.1557718
0.099288814
0.86251575
0.0021113716
0.010489793
0.743359
0.32235825
0.16899641
0.0036227226
0.30595598
0.08759176
0.12747578
0.5039913
0.017041253
0.0030749748
0.21637015
0.0013448705
0.0031731531
0.70780194
0.64998186
0.027172638
0.50777245
0.7463218
0.05085862
0.85216963
0.09055521
0.31834385
0.6029088
0.009745458
0.9034533
0.51212615
0.9188465
0.002845282
0.3996456
0.020710625
0.0083551705
0.024001222
0.23740114
0.081305616
0.039133333
0.072793916
0.64310694
0.061633945
0.007203751
0.536467
0.69558495
0.010554297
0.13025129
0.021971324
0.19467314
0.007154708
0.008758515
0.0090690795
0.0054221507
0.8674939
0.250907
0.7073795
0.8984996
0.14027233
0.32555872
0.014839163
0.9155828
0.0147915445
0.08456513
0.06386275
0.81792086
0.24509297
0.08202112
0.71192884
0.853822
0.3022845
0.0014348308
0.020234214
0.42784652
0.8100609
0.73200506
0.5715457
0.41184607
0.13702564
0.011852472
0.65860975
0.03668867
0.008825468
0.041245915
0.095469505
0.0019137837
0.49181482
0.0029384461
0.016093042
0.25328273
0.79331666
0.14329693
0.8984401
0.8547337
0.9107095
0.49353868
0.6677082
0.41555372
0.7614089
0.2222118
0.35323963
0.40224102
0.84324527
0.048428673
0.63365823
0.63332784
0.7937191
0.08931623
0.14574295
0.0022328875
0.06189436
0.22209823
0.20448634
0.04227551
0.3256612
0.79226243
0.2175206
0.53069293
0.078171894
0.6436732
0.11362867
0.4582314
0.6084186
0.10410477
0.13023366
0.61056226
0.060712192
0.13652346
0.0048042494
0.2494979
0.05180738
0.42483878
0.19962442
0.7860581
0.048833024
0.7358821
0.009225209
0.40300065
0.011973325
0.065483734
0.065483734
0.30989584
0.66870844
0.67779404
0.008172766
0.00081382255
0.28937978
0.14767462
0.5196009
0.3425353
0.0046292706
0.023838807
0.07241151
0.44943485
0.04482341
0.47250947
0.33313906
0.6237152
0.121328756
0.5380719
0.01635303
0.38118708
0.52216923
0.14704248
0.0043634
0.10794603
0.1384871
0.8533455
0.01923198
0.051587667
0.2264272
0.7416737
0.09914612
0.50982416
0.09998357
0.047290463
0.63296074
0.05577935
0.323815
0.030608164
0.3076877
0.08854274
0.01973416
0.5572535
0.6757277
0.7981135
0.7679383
0.21561901
0.535604
0.42303613
0.025402714
0.71387434
0.5199491
0.51521564
0.66776836
0.69694763
0.060544685
0.019375972
0.19093576
0.042470034
0.837561
0.8993262
0.11154424
0.68116593
0.02282831
0.2194049
0.023011709
0.21471342
0.10085199
0.46653134
0.15085377
0.93404543
0.23995219
0.017316021
0.050787143
0.7934932
0.16670503
0.0784518
0.43851036
0.09154341
0.27142936
0.2544171
0.0021233938
0.35534963
0.123805396
0.10047506
0.8008043
0.5983328
0.392222
0.5338716
0.3263142
0.012547975
0.77126044
0.8371824
0.8490296
0.8493454
0.8525097
0.9148063
0.85535777
0.37511685
0.027867759
0.16173199
0.3348582
0.09340783
0.008663125
0.33183008
0.118220374
0.32077035
0.6093341
0.43683127
0.7313064
0.055450313
0.07698895
0.36309204
0.326043
0.32787296
0.03001103
0.00124167
0.021889957
0.0033352019
0.6504773
0.36240473
0.702778
0.0151680065
0.6538899
0.05577935
0.13695996
0.20152952
0.24053176
0.532811
0.080937654
0.0062542334
0.013816065
0.0016904309
0.78237915
0.6591818
0.22384356
0.62107974
0.31323066
0.20976968
0.81176645
0.068887405
0.05413994
0.8104111
0.0022672485
0.3500495
0.84492695
0.56985164
0.68342507
0.91978765
0.004748692
0.014991169
0.47288993
0.124900475
0.27939126
0.15552153
0.536852
0.91252184
0.60593057
0.14186813
0.09079571
0.012826507
0.21637015
0.09107374
0.25920987
0.0017941812
0.5087858
0.16211691
0.86822695
0.05635446
0.13586392
0.020710625
0.09130079
0.0033623404
0.7538893
0.73290455
0.06206803
0.8924411
0.011852472
0.42486173
0.7592712
0.008092569
