0.78026944
0.8434942
0.5554821
0.92932266
0.20316859
0.29640433
0.20270765
0.5811499
0.11651939
0.21112539
0.6991806
0.8911451
0.21006212
0.16411681
0.29254144
0.022269296
0.48284042
0.5184241
0.5279248
0.9317128
0.51889616
0.7552632
0.66404176
0.7977833
0.0715959
0.6313471
0.92932266
0.36116526
0.17315947
0.32006294
0.46478027
0.06754853
0.30312783
0.7046139
0.6592745
0.30075577
0.74651724
0.73817676
0.5106241
0.25401932
0.41586062
0.725369
0.49508047
0.33170918
0.86095357
0.8665699
0.3165681
0.48630846
0.24146973
0.44909364
0.7728126
0.21627411
0.6004194
0.7938972
0.92932266
0.4817327
0.09294734
0.8507589
0.7866115
0.1725142
0.67005074
0.902972
0.18198758
0.448972
0.2962025
0.7143616
0.80157423
0.26532644
0.5730095
0.68381345
0.7817829
0.73436826
0.3294032
0.27048302
0.7977833
0.15063229
0.85451335
0.1743229
0.53565025
0.7851528
0.71287733
0.085185364
0.37558115
0.34950492
0.6910564
0.33543798
0.28790435
0.6813596
0.38048947
0.39390105
0.58010834
0.81282896
0.5858439
0.4553083
0.79386735
0.7600609
0.35596582
0.6811147
0.037988294
0.49043366
0.77489483
0.30737123
0.030851409
0.5838075
0.66093254
0.5817671
0.39436275
0.679798
0.4791269
0.54905254
0.19309114
0.89873534
0.330792
0.6237987
0.62299705
0.5124304
0.8200688
0.53727853
0.030851409
0.7187103
0.22622494
0.45528033
0.767635
0.2752239
0.18876128
0.33471963
0.7302419
0.6388802
0.4532527
0.29628748
0.26694536
0.1461653
0.58174175
0.23897263
0.3915083
0.7244319
0.5151364
0.20027645
0.8444747
0.51889616
0.3666355
0.05677634
0.8710916
0.5375621
0.6050476
0.21674591
0.09663935
0.22690761
0.19649674
0.75920534
0.61297596
0.7337097
0.6115448
0.6291519
0.035234336
0.32540375
0.43059415
0.18432187
0.77854025
0.7581991
0.5807653
0.6008097
0.38502744
0.8011679
0.4241344
0.7375085
0.7375085
0.6294617
0.7043703
0.72929955
0.3164482
0.12010877
0.7395133
0.7514858
0.17717938
0.6048291
0.38001537
0.40178406
0.16589412
0.7849941
0.15238418
0.4675786
0.60909873
0.17190203
0.45317686
0.45317686
0.07991608
0.07386019
0.3602237
0.24295746
0.119012386
0.22949013
0.5122561
0.3176752
0.6547245
0.23011863
0.8533555
0.1724721
0.539723
0.6584064
0.5345936
0.78064495
0.8333435
0.7135432
0.25388363
0.85877424
0.4267771
0.3698328
0.78454417
0.787808
0.52051926
0.54510665
0.3046039
0.7914137
0.65364975
0.17410213
0.85554236
0.8335203
0.43715298
0.44412446
0.68537635
0.33543798
0.37021792
0.42287177
0.47274736
0.23143187
0.78831685
0.48320243
0.54891676
0.4007297
0.45243815
0.18788883
0.24852145
0.23582439
0.13741203
0.39612314
0.69230115
0.87923133
0.26365077
0.72878003
0.40073475
0.8173147
0.3299019
0.18953417
0.07320296
0.10663014
0.7634742
0.73966366
0.31853747
0.5309236
0.13912946
0.80914736
0.38766235
0.5208636
0.8405909
0.13439448
0.04764582
0.62035495
0.53359175
0.24601032
0.64273214
0.5103563
0.28950268
0.235153
0.4454851
0.6552745
0.8921585
0.3043234
0.016201956
0.44713607
0.56381744
0.5703695
0.6732384
0.6894144
0.15969978
0.20642206
0.19278014
0.7571517
0.3688635
0.17029488
0.030851409
0.8666683
0.7806767
0.28842166
0.15286624
0.26414785
0.8370852
0.5708781
0.5860558
0.70041305
0.635474
0.52160704
0.41577637
0.19669625
0.5613485
0.537729
0.08704451
0.22491972
0.18731369
0.7777119
0.4052285
0.92526734
0.3136578
0.6236603
0.88848376
0.6191142
0.6175899
0.2669113
0.29429102
0.0703707
0.5208755
0.44482136
0.51588917
0.56307626
0.3472085
0.4617978
0.33211088
0.24225262
0.17295094
0.750357
0.7282616
0.27965057
0.8525236
0.24640413
0.6494389
0.7266347
0.48493773
0.467734
0.51061356
0.43789935
0.060011283
0.8941008
0.52323425
0.25572813
0.9316795
0.48572478
0.5619656
0.6920857
0.22428714
0.8056986
0.5600511
0.64372593
0.8120272
0.6215652
0.718464
0.8228619
0.24329577
0.5212484
0.32363236
0.81015176
0.81015176
0.78637385
0.8574322
0.7177736
0.36962855
0.80361235
0.27126268
0.80558175
0.31389734
0.38653314
0.5789946
0.29740533
0.67257845
0.6642185
0.6978899
0.22644694
0.30820483
0.7639567
0.69496137
0.29001877
0.750325
0.06644236
0.09572425
0.25556648
0.3007972
0.8448708
0.3470873
0.68609476
0.24874881
0.7016321
0.6542178
0.021152133
0.32891667
0.87827736
0.4713332
0.47999504
0.29740533
0.78499925
0.75013924
0.51617545
0.558124
0.69926375
0.7934851
0.41628528
0.6231394
0.7547454
0.7818302
0.59748036
0.07246831
0.7920678
0.870402
0.6901029
0.75738317
0.50333875
0.4467139
0.3371007
0.22350413
0.8307385
0.7550172
0.5557989
0.4710399
0.79300183
0.21296526
0.41793194
0.6587957
0.381326
0.8763511
0.7985688
0.7964038
0.6857871
0.08014367
0.19195007
0.735435
0.92963296
0.8822646
0.8195085
0.8562827
0.03075383
0.4944363
0.23329002
0.8245897
0.799487
0.2579559
0.26222578
0.4264855
0.6382362
0.854711
0.041953374
0.4983461
0.27641317
0.37176487
0.1678373
0.43760565
0.75511736
0.22450417
0.47000095
0.7652068
0.32935664
0.731006
0.7256161
0.2683116
0.13487187
0.36186895
0.8019753
0.78056616
0.22325167
0.78978515
0.7930561
0.16059257
0.14098942
0.47812268
0.26663125
0.16968702
0.5614318
0.46264824
0.81584144
0.36673546
0.1997206
0.08060225
0.3038914
0.6610012
0.25739008
0.8104344
0.23961067
0.3893588
0.71659476
0.6967967
0.7077768
0.6335945
0.6823655
0.3735775
0.8094874
0.69277054
0.13240556
0.56941354
0.35604793
0.19655338
0.1796923
0.85125256
0.701551
0.5016831
0.17106979
0.87703407
0.72006637
0.264763
0.35582307
0.7463216
0.14504343
0.83924586
0.21652128
0.38622516
0.47814608
0.58805126
0.067590475
0.10755753
0.7588267
0.65183085
0.33204752
0.3301319
0.391708
0.8283682
0.8979306
0.19923934
0.606163
0.8271603
0.8694869
0.857184
0.8094874
0.24872595
0.5047447
0.57957435
0.7933894
0.030851409
0.93407345
0.71244305
0.07409882
0.62064636
0.44838026
0.6943072
0.731963
0.7784759
0.45213434
0.14257883
0.14228825
0.19923934
0.72276914
0.6366896
0.69028556
0.69028556
0.52106273
0.353806
0.92976534
0.15611441
0.13833506
0.23096676
0.7359169
0.5474021
0.34227666
0.8594407
0.13429001
0.64520574
0.13366365
0.8632103
0.36633328
0.19911736
0.14320561
0.2696104
0.66183096
0.23911323
0.29440004
0.18638973
0.54172903
0.348488
0.85268885
0.17370091
0.41780597
0.5536646
0.40896568
0.8673843
0.75455153
0.2420579
0.35579064
0.7997846
0.7461882
0.67465556
0.62946975
0.56941354
0.82865244
0.4561997
0.40866467
0.7498297
0.6366896
0.59720826
0.40930367
0.26015684
0.25625685
0.030851409
0.8026223
0.17861868
0.1976191
0.5925266
0.3555885
0.5969731
0.48257616
0.24378404
0.47932413
0.8700527
0.21354432
0.3555885
0.80601364
0.7692763
0.15660788
0.68572676
0.40759128
0.6936106
0.32119268
0.5564848
0.589846
0.7633846
0.7615613
0.6139133
0.735757
0.6646507
0.38622516
0.5269351
0.48942852
0.5716283
0.81409574
0.84845686
0.78121173
0.62463087
0.55779296
0.30898282
0.57466006
0.51667154
0.8308528
0.14842667
0.6126556
0.18910837
0.6942513
0.77196026
0.84225816
0.42658854
0.7927858
0.34669062
0.81593055
0.7750371
0.86985016
0.655335
0.6598962
0.50911
0.07494212
0.37655678
0.4128862
0.320073
0.5364755
0.85294056
0.6358392
0.59242463
0.56136686
0.49843955
0.100068815
0.38622516
0.49779373
0.44238266
0.8289943
0.12804082
0.69041157
0.50242704
0.40686306
0.14751454
0.84097326
0.848761
0.58420044
0.6735235
0.7997846
0.048873827
0.75489396
0.78454417
0.15368949
0.6880919
0.56343096
0.6342016
0.82543755
0.6654762
0.44703057
0.22362219
0.29735017
0.60697603
0.69465184
0.8626474
0.81352687
0.5945214
0.51178366
0.4398941
0.31492063
0.412361
0.62472755
0.39757222
0.66374815
0.5818596
0.74249333
0.6697468
0.6739545
0.45137742
0.46228877
0.49233496
0.388823
0.3796501
0.6159891
0.12048595
0.32990682
0.41058633
0.78356254
0.6449134
0.5019077
0.6517213
0.8623694
0.76032436
0.7101221
0.47113138
0.8524218
0.4498264
0.31056044
0.62600946
0.6288736
0.057293564
0.59450155
0.43104342
0.35435376
0.4558369
0.7979063
0.5642811
0.90462583
0.8739134
0.2956636
0.8753899
0.8700527
0.705788
0.54092056
0.7451438
0.68637395
0.65976715
0.7311831
0.6366896
0.6706582
0.79889977
0.8404148
0.3707223
0.4151309
0.8169989
0.28374442
0.71728534
0.6197702
0.25236434
0.38622516
0.26944852
0.22283724
0.7095411
0.7952193
0.45560557
0.3894769
0.752123
0.4908064
0.5411841
0.4468322
0.071060985
0.8795713
0.33591563
0.066079475
0.28898272
0.46592787
0.5353036
0.4286441
0.5092672
0.33442536
0.4888882
0.8444215
0.20013566
0.56399125
0.7997846
0.6759952
0.485349
0.30795676
0.38569418
0.9059805
0.8477994
0.68370193
0.5633345
0.5633345
0.2982623
0.5633345
0.30183554
0.28356218
0.2962025
0.606564
0.095440276
0.123834476
0.23063385
0.45778224
0.30845577
0.6565195
0.7330181
0.7280359
0.250705
0.27239844
0.18992367
0.28019542
0.61153597
0.43220773
0.26907566
0.09757328
0.5776487
0.3227458
0.65314853
0.67473966
0.51918495
0.5912496
0.4718068
0.66454375
0.65536094
0.08130826
0.64070725
0.2806515
0.75511056
0.8754501
0.43759105
0.39265335
0.6178625
0.6569377
0.14334618
0.81182396
0.68586785
0.14751871
0.25206608
0.44119102
0.5152363
0.7192191
0.7487375
0.36003068
0.2923508
0.25631946
0.47024235
0.8241554
0.44866374
0.8679732
0.59770006
0.13238977
0.6827697
0.12813132
0.4177278
0.71486014
0.09955536
0.45174882
0.16286854
0.47041196
0.77461565
0.17459469
0.49065143
0.77348804
0.13811515
0.44228154
0.69167984
0.48807356
0.80072963
0.84328544
0.29774594
0.19617815
0.45567474
0.59883004
0.6263805
0.48160255
0.4800655
0.6615832
0.5258396
0.712791
0.070990205
0.044430118
0.36048666
0.57968503
0.5425442
0.0919976
0.14385588
0.46644688
0.20886959
0.46416014
0.5110956
0.2888899
0.5379267
0.25290284
0.38822904
0.099909104
0.8699011
0.13102831
0.41096157
0.33651212
0.80963314
0.56538457
0.110341236
0.7492397
0.46674412
0.34855208
0.3151453
0.19177532
0.1429568
0.6136759
0.3154939
0.117533796
0.69014925
0.8167903
0.13802932
0.43708396
0.6419352
0.6276396
0.8181921
0.22233258
0.3005064
0.27456397
0.6904121
0.76991373
0.4592198
0.3118277
0.348899
0.8005841
0.63099706
0.7600389
0.8559041
0.8695623
0.58061594
0.20039909
0.2516019
0.51400244
0.3694748
0.4603397
0.84749013
0.88008267
0.2662309
0.5962362
0.74999607
0.08288911
0.12117746
0.44320232
0.52759796
0.27349457
0.5006213
0.3906865
0.7232197
0.41044468
0.05373772
0.70134526
0.608139
0.38323954
0.05213695
0.64726484
0.70833343
0.48450845
0.047661237
0.5032981
0.43460512
0.12008352
0.7544942
0.6931657
0.6839446
0.44702387
0.69483954
0.3943291
0.845575
0.09054462
0.70609623
0.4061304
0.6844234
0.5166274
0.71806353
0.08479369
0.0962234
0.8251381
0.4749295
0.7244234
0.85196143
0.62443346
0.8399396
0.030851409
0.17358719
0.71589535
0.12502572
0.52435267
0.53320324
0.5863589
0.6954522
0.24601267
0.08816875
0.4109487
0.5918225
0.33804172
0.78324556
0.38718015
0.50270665
0.8255247
0.39749694
0.42089874
0.13361827
0.4178811
0.2866199
0.35211456
0.8504579
0.727201
0.13893923
0.5353849
0.812065
0.40852898
