(QUERY): 'MUSLIM' '04'
Negative Neutral Positive
0.38616859912872314 0.42519959807395935 0.18863177299499512 
0.8020052909851074 0.18944033980369568 0.008554408326745033 
0.002268086653202772 0.14448289573192596 0.8532489538192749 
0.01594865694642067 0.7092506289482117 0.2748006582260132 
0.5138001441955566 0.45746591687202454 0.02873390167951584 
0.9404094219207764 0.056812480092048645 0.0027780502568930387 
0.37948811054229736 0.5611864328384399 0.05932542309165001 
0.32820311188697815 0.5606074333190918 0.11118946969509125 
0.0026837813202291727 0.03969961404800415 0.9576165676116943 
0.9327483773231506 0.06477534770965576 0.0024762069806456566 
0.022095704451203346 0.772544801235199 0.2053595781326294 
0.6019657850265503 0.36684611439704895 0.03118806891143322 
0.9499799609184265 0.047553371638059616 0.0024666052777320147 
0.47726118564605713 0.5082361698150635 0.01450258493423462 
0.35415399074554443 0.5844272375106812 0.06141878291964531 
0.7638298273086548 0.22626517713069916 0.009905059821903706 
0.4855371415615082 0.4856354892253876 0.028827302157878876 
0.7572330236434937 0.23491711914539337 0.007849770598113537 
0.7755755186080933 0.2174898087978363 0.006934626493602991 
0.41281354427337646 0.4914305806159973 0.0957559123635292 
0.5051416754722595 0.47574296593666077 0.01911536045372486 
0.39046114683151245 0.5844221711158752 0.025116607546806335 
0.03631002455949783 0.8086867332458496 0.15500326454639435 
0.5342265963554382 0.44258448481559753 0.023188898339867592 
0.0024329901207238436 0.16088058054447174 0.8366864323616028 
0.7775833606719971 0.2131432741880417 0.009273428469896317 
0.5919732451438904 0.38873058557510376 0.019296221435070038 
0.8011724948883057 0.19109900295734406 0.0077284895814955235 
0.18409043550491333 0.6720467805862427 0.143862783908844 
0.7614771127700806 0.23199202120304108 0.00653081713244319 
0.4708498418331146 0.49926698207855225 0.029883163049817085 
0.03500731289386749 0.5672769546508789 0.39771565794944763 
0.4253159761428833 0.5399396419525146 0.03474434092640877 
0.011578734964132309 0.5595691204071045 0.4288521111011505 
0.1083143875002861 0.8493611216545105 0.042324550449848175 
0.09970235079526901 0.8072124719619751 0.0930851474404335 
0.05019904673099518 0.5870451331138611 0.36275577545166016 
0.9239934086799622 0.07256099581718445 0.0034455631393939257 
0.9053886532783508 0.09103421121835709 0.0035771490074694157 
0.013778879307210445 0.6991245746612549 0.2870965600013733 
0.17740753293037415 0.768689751625061 0.05390274524688721 
0.8405621647834778 0.15318529307842255 0.006252523511648178 
0.7669221758842468 0.22504806518554688 0.008029675111174583 
0.17687571048736572 0.7725656032562256 0.050558652728796005 
0.0034545897506177425 0.1514689028263092 0.8450765013694763 
0.04359932243824005 0.2910553812980652 0.6653452515602112 
0.06597025692462921 0.9004013538360596 0.033628467470407486 
0.3409561514854431 0.6208124160766602 0.038231465965509415 
0.24309882521629333 0.7172789573669434 0.039622288197278976 
0.037476442754268646 0.7796261310577393 0.1828974336385727 
0.7393749356269836 0.24275919795036316 0.017865877598524094 
0.39706292748451233 0.5624204874038696 0.040516600012779236 
0.05436894670128822 0.807654857635498 0.1379762440919876 
0.8096592426300049 0.18301162123680115 0.007329129613935947 
0.7313937544822693 0.24322044849395752 0.02538578398525715 
0.5210899114608765 0.46662628650665283 0.012283749878406525 
0.6758604645729065 0.2710263431072235 0.0531131848692894 
0.12980280816555023 0.6840022206306458 0.18619491159915924 
0.0035319740418344736 0.15897236764431 0.8374956846237183 
0.8397953510284424 0.15450339019298553 0.005701199173927307 
0.008492081426084042 0.4751918315887451 0.5163160562515259 
0.4812859296798706 0.4748174548149109 0.04389664903283119 
0.7974032759666443 0.1947605311870575 0.007836167700588703 
0.8631090521812439 0.13078740239143372 0.0061035724356770515 
0.33001989126205444 0.6523638367652893 0.01761622540652752 
0.5398867726325989 0.4087275564670563 0.05138566344976425 
0.027858734130859375 0.9097087383270264 0.06243257224559784 
0.22989782691001892 0.7288287281990051 0.041273415088653564 
0.8286166787147522 0.16332250833511353 0.0080608194693923 
0.06688930839300156 0.5130963325500488 0.4200143814086914 
0.7779321670532227 0.210881307721138 0.011186586692929268 
0.43815314769744873 0.5215284824371338 0.040318336337804794 
0.12692904472351074 0.4872053265571594 0.38586553931236267 
0.11111027002334595 0.8446972370147705 0.04419242963194847 
0.01407451368868351 0.3333156704902649 0.6526098847389221 
0.0064993188716471195 0.21278131008148193 0.7807193994522095 
0.8082075119018555 0.17702797055244446 0.014764552004635334 
0.11631867289543152 0.8223174810409546 0.06136380881071091 
0.01212302502244711 0.3921353220939636 0.5957416892051697 
0.6828069090843201 0.3029804527759552 0.014212614856660366 
0.7840535044670105 0.2058345526456833 0.0101119140163064 
0.47221845388412476 0.49197566509246826 0.0358058325946331 
0.8429440855979919 0.14530642330646515 0.01174955628812313 
0.2222117930650711 0.7219803929328918 0.05580771714448929 
0.5338267683982849 0.44789326190948486 0.01827995292842388 
0.6588159203529358 0.3241053521633148 0.017078746110200882 
0.029080236330628395 0.5896100401878357 0.3813096880912781 
0.7618308067321777 0.2257726639509201 0.012396598234772682 
0.021706653758883476 0.2040223628282547 0.7742709517478943 
0.9139376878738403 0.08096631616353989 0.005095976404845715 
0.14465555548667908 0.7694737315177917 0.08587071299552917 
0.5850377678871155 0.3929469883441925 0.02201523631811142 
0.8193777799606323 0.1712600290775299 0.009362210519611835 
0.8160977959632874 0.16824623942375183 0.01565605029463768 
0.003298233961686492 0.31611907482147217 0.6805827021598816 
0.42925700545310974 0.4621647894382477 0.10857819765806198 
0.4280872642993927 0.5507306456565857 0.021182093769311905 
0.22078518569469452 0.7545737028121948 0.024641145020723343 
0.8300798535346985 0.15062002837657928 0.019300052896142006 
0.0014755195006728172 0.011390569619834423 0.9871339201927185 
0.28393927216529846 0.60284024477005 0.11322047561407089 
0.8976495862007141 0.09836050122976303 0.00398992607370019 
0.30041682720184326 0.6739367246627808 0.02564646117389202 
0.7673741579055786 0.2153680920600891 0.017257850617170334 
0.8671318888664246 0.12374205142259598 0.009126050397753716 
0.09771676361560822 0.8448599576950073 0.057423293590545654 
0.9133748412132263 0.08206422626972198 0.00456093717366457 
0.028308633714914322 0.4933014512062073 0.4783899188041687 
0.012397056445479393 0.34305089712142944 0.6445520520210266 
0.13628344237804413 0.8278006315231323 0.03591596707701683 
0.03513748571276665 0.8599532246589661 0.10490928590297699 
0.5791569948196411 0.38949209451675415 0.03135083615779877 
0.9277429580688477 0.0694669559597969 0.002790158148854971 
0.8978703618049622 0.0974072739481926 0.00472236517816782 
0.8225430846214294 0.1722000390291214 0.005256814882159233 
0.017196567729115486 0.39754873514175415 0.5852547287940979 
0.6939575672149658 0.28691959381103516 0.019122887402772903 
0.007260873913764954 0.25071990489959717 0.7420191764831543 
0.00426452187821269 0.8603841066360474 0.13535141944885254 
0.026293043047189713 0.6779186725616455 0.2957881987094879 
0.03843583166599274 0.9235783219337463 0.03798583522439003 
0.9321388006210327 0.06525124609470367 0.002609966555610299 
0.7441790103912354 0.24454542994499207 0.011275583878159523 
0.7751812934875488 0.21217630803585052 0.012642314657568932 
0.8473355174064636 0.14575453102588654 0.0069098700769245625 
0.9021618962287903 0.09312152862548828 0.00471649132668972 
0.38463661074638367 0.49491164088249207 0.12045168876647949 
0.7815088629722595 0.2045317143201828 0.013959470205008984 
0.29593655467033386 0.632480263710022 0.07158312946557999 
0.0059106131084263325 0.33300620317459106 0.6610832214355469 
0.9142465591430664 0.07721786946058273 0.008535574190318584 
0.0010739723220467567 0.02991989068686962 0.9690061807632446 
0.7528978586196899 0.23964010179042816 0.007462006062269211 
0.003401649883016944 0.15578269958496094 0.8408156037330627 
0.3202130198478699 0.653130292892456 0.02665662206709385 
0.864006519317627 0.12779711186885834 0.008196351118385792 
0.35810500383377075 0.511124849319458 0.13077008724212646 
0.840041995048523 0.15483684837818146 0.005121203139424324 
0.01995028369128704 0.5185936689376831 0.4614560008049011 
0.7014233469963074 0.2917114794254303 0.006865249015390873 
0.887952983379364 0.10805199295282364 0.0039951251819729805 
0.7124443054199219 0.27463221549987793 0.012923418544232845 
0.0014822822995483875 0.031152775511145592 0.9673649668693542 
0.8557212352752686 0.13717417418956757 0.007104597520083189 
0.15868276357650757 0.7806257009506226 0.06069151312112808 
0.15734413266181946 0.6525087356567383 0.19014720618724823 
0.6675462126731873 0.30493760108947754 0.02751614712178707 
0.28040480613708496 0.5589597225189209 0.16063548624515533 
0.9359552264213562 0.061583511531353 0.0024613752029836178 
0.0022277364041656256 0.2055327594280243 0.7922394871711731 
0.7812097072601318 0.2040892392396927 0.014701105654239655 
0.0113002248108387 0.49116477370262146 0.49753493070602417 
0.02872442454099655 0.8074506521224976 0.16382496058940887 
0.41870665550231934 0.560741126537323 0.02055228501558304 
0.0019534938037395477 0.06021645665168762 0.9378299713134766 
0.3161625564098358 0.522510290145874 0.16132710874080658 
0.5921241641044617 0.3903070390224457 0.017568837851285934 
0.4984298348426819 0.47901618480682373 0.0225539468228817 
0.8013397455215454 0.18833483755588531 0.010325451381504536 
0.11928889155387878 0.7948890328407288 0.08582210540771484 
0.3585209548473358 0.5506863594055176 0.09079267829656601 
0.8460924625396729 0.14818571507930756 0.00572185218334198 
0.4187466502189636 0.5059908628463745 0.07526248693466187 
0.810711145401001 0.17810417711734772 0.011184660717844963 
0.9132295846939087 0.0833144262433052 0.0034560486674308777 
0.9350240230560303 0.06200292706489563 0.0029730519745498896 
0.9534470438957214 0.04309343919157982 0.0034595802426338196 
0.03647369146347046 0.8639585971832275 0.09956768900156021 
0.2118433713912964 0.6293857097625732 0.15877093374729156 
0.862160861492157 0.13028843700885773 0.007550629321485758 
0.037333179265260696 0.8830662369728088 0.07960066199302673 
0.007635556627064943 0.16256684064865112 0.8297975659370422 
0.8939791917800903 0.10174160450696945 0.004279215354472399 
0.45977702736854553 0.5234663486480713 0.016756664961576462 
0.009133812971413136 0.20325839519500732 0.7876077890396118 
0.9058119654655457 0.08745528012514114 0.0067327190190553665 
0.002163306111469865 0.059107229113578796 0.9387295246124268 
0.7118408679962158 0.2775126099586487 0.010646573267877102 
0.45931634306907654 0.4634135365486145 0.07727012038230896 
0.13026034832000732 0.7833715677261353 0.08636808395385742 
0.8743416666984558 0.12111463397741318 0.004543717950582504 
0.9103453159332275 0.08481105417013168 0.004843676928430796 
0.10234817862510681 0.8010801672935486 0.09657168388366699 
0.8999119997024536 0.09628459811210632 0.003803407307714224 
0.8976228833198547 0.09774842858314514 0.0046286857686936855 
0.07735021412372589 0.78618323802948 0.13646654784679413 
0.6454184651374817 0.3402552306652069 0.014326362870633602 
0.6783971786499023 0.31265661120414734 0.008946110494434834 
0.29809197783470154 0.6524714827537537 0.0494365468621254 
0.00563266733661294 0.25359705090522766 0.7407702803611755 
0.5056113600730896 0.4545355439186096 0.03985314816236496 
0.4609764516353607 0.5064616799354553 0.03256186842918396 
0.26283925771713257 0.670262336730957 0.06689844280481339 
0.02689160779118538 0.4050160348415375 0.5680923461914062 
0.9586434960365295 0.03859115019440651 0.002765288110822439 
0.009007287211716175 0.40793243050575256 0.5830603241920471 
0.34099164605140686 0.6055652499198914 0.05344313010573387 
0.020831473171710968 0.20816640555858612 0.7710021138191223 
0.8900604844093323 0.10648154467344284 0.0034580675419420004 
0.002507028868421912 0.16893164813518524 0.8285613059997559 
0.007263156585395336 0.43637868762016296 0.5563581585884094 
0.011752733029425144 0.8402504324913025 0.1479969024658203 
0.9059091210365295 0.09084177762269974 0.0032490412704646587 
0.10719715803861618 0.7460264563560486 0.14677637815475464 
0.9195728898048401 0.0768466666340828 0.003580471733585 
0.07483832538127899 0.5835101008415222 0.34165158867836 
0.8588727712631226 0.13543297350406647 0.005694207269698381 
0.06518930196762085 0.813599169254303 0.1212114468216896 
0.8026292324066162 0.1875893622636795 0.009781349450349808 
0.480081170797348 0.5015520453453064 0.018366757780313492 
0.9092218279838562 0.08631444722414017 0.00446369918063283 
0.16830915212631226 0.7299476861953735 0.1017431765794754 
0.6436558365821838 0.3425609767436981 0.013783172704279423 
0.624852180480957 0.36446505784988403 0.010682790540158749 
0.7223156690597534 0.26734739542007446 0.010336934588849545 
0.838158369064331 0.15277481079101562 0.009066914208233356 
0.005849642679095268 0.4845457077026367 0.5096046924591064 
0.005417183041572571 0.14745338261127472 0.8471294641494751 
0.1636158525943756 0.7899176478385925 0.04646644368767738 
0.31542712450027466 0.6178469657897949 0.0667259693145752 
0.13661324977874756 0.7957512140274048 0.06763555854558945 
0.08687185496091843 0.5709728598594666 0.3421553075313568 
0.7068933844566345 0.2747952342033386 0.01831134781241417 
0.127237930893898 0.8219831585884094 0.05077890679240227 
0.02070588991045952 0.5067136287689209 0.4725804030895233 
0.38544246554374695 0.5143108367919922 0.10024666041135788 
0.0048044538125395775 0.10754305869340897 0.8876524567604065 
0.021445423364639282 0.6416354179382324 0.3369191586971283 
0.012411408126354218 0.4765326976776123 0.5110558867454529 
0.4514029920101166 0.5121011734008789 0.03649583458900452 
0.38009583950042725 0.5948017239570618 0.025102486833930016 
0.9564557075500488 0.041014064103364944 0.0025302483700215816 
0.2671002149581909 0.697788655757904 0.03511108085513115 
0.9069225192070007 0.08775270730257034 0.005324814468622208 
0.6921896934509277 0.29935422539711 0.008456126786768436 
0.037451423704624176 0.4680941700935364 0.49445435404777527 
0.03133895620703697 0.4493512511253357 0.5193098187446594 
0.03192894905805588 0.4500507414340973 0.5180203318595886 
0.031435441225767136 0.7003761529922485 0.2681884467601776 
0.3323139548301697 0.6286541819572449 0.03903191164135933 
0.006009704899042845 0.2707256078720093 0.723264753818512 
0.040127675980329514 0.692746639251709 0.2671257257461548 
0.9036195278167725 0.09276668727397919 0.0036137867718935013 
0.6492023468017578 0.34029969573020935 0.01049792766571045 
0.8876086473464966 0.10594883561134338 0.0064425114542245865 
0.23603226244449615 0.5865632891654968 0.17740443348884583 
0.08365927636623383 0.8802634477615356 0.03607724606990814 
0.18142372369766235 0.6998518109321594 0.11872446537017822 
0.0026459230575710535 0.21433287858963013 0.7830212116241455 
0.765654444694519 0.22743938863277435 0.00690619507804513 
0.021809708327054977 0.7857169508934021 0.19247330725193024 
0.23008497059345245 0.7260671854019165 0.04384777694940567 
0.0028596504125744104 0.14412091672420502 0.8530193567276001 
0.834505021572113 0.1543412208557129 0.011153739877045155 
0.19193542003631592 0.7831200957298279 0.02494451031088829 
0.8040941953659058 0.186158686876297 0.009747167117893696 
0.19524917006492615 0.533933162689209 0.2708176076412201 
0.19321879744529724 0.6963539123535156 0.11042731255292892 
0.001920678885653615 0.049433112144470215 0.9486461877822876 
0.7218905687332153 0.2669958472251892 0.011113625019788742 
0.009188068099319935 0.3937278091907501 0.597084105014801 
0.8707877993583679 0.1244867816567421 0.004725473001599312 
0.2023874968290329 0.7042126655578613 0.0933997631072998 
0.16913233697414398 0.7196928262710571 0.1111748218536377 
0.6609240770339966 0.33048173785209656 0.008594147861003876 
0.006731674075126648 0.5509877800941467 0.44228050112724304 
0.4719761610031128 0.5139213800430298 0.01410244032740593 
0.3161413073539734 0.613655149936676 0.070203498005867 
0.923916757106781 0.07181582599878311 0.0042674667201936245 
0.05266459658741951 0.6190478801727295 0.3282875120639801 
0.8650649785995483 0.12958396971225739 0.005350984632968903 
0.009245730936527252 0.5365283489227295 0.45422592759132385 
0.9454339742660522 0.05090879648923874 0.003657232504338026 
0.019881516695022583 0.6870005130767822 0.2931179404258728 
0.011224430054426193 0.567680835723877 0.4210948050022125 
0.5013432502746582 0.4828607439994812 0.0157959945499897 
0.9165828227996826 0.07870445400476456 0.004712735302746296 
0.32631421089172363 0.6196205019950867 0.05406517907977104 
0.7406430840492249 0.2510761022567749 0.008280880749225616 
0.18628144264221191 0.7546952366828918 0.059023384004831314 
0.6047117710113525 0.38583675026893616 0.009451523423194885 
0.003670827718451619 0.11307387799024582 0.8832553625106812 
0.08670859038829803 0.8657530546188354 0.04753836616873741 
0.044931408017873764 0.7531430125236511 0.20192551612854004 
0.7396489977836609 0.2494276762008667 0.010923340916633606 
0.015180651098489761 0.7222371697425842 0.2625821530818939 
0.1613515317440033 0.7961606979370117 0.0424877405166626 
0.7054072618484497 0.28135013580322266 0.013242588378489017 
0.010224037803709507 0.6874285340309143 0.3023473918437958 
0.026587089523673058 0.3269037902355194 0.6465091705322266 
0.758026123046875 0.23055624961853027 0.011417627334594727 
0.03557422012090683 0.3390626311302185 0.6253631114959717 
0.5228022933006287 0.44921696186065674 0.027980713173747063 
0.7279019951820374 0.258728951215744 0.013369097374379635 
0.720026969909668 0.2679120898246765 0.012060919776558876 
0.4015538692474365 0.5730406641960144 0.02540549449622631 
0.8765840530395508 0.11810740828514099 0.0053085279650986195 
0.8663848042488098 0.1285906732082367 0.005024534184485674 
0.8640663027763367 0.1310236155986786 0.004909984301775694 
0.8542678356170654 0.1278172880411148 0.01791485585272312 
0.018574010580778122 0.6057014465332031 0.37572455406188965 
0.6453942656517029 0.33912670612335205 0.015479020774364471 
0.0012087806826457381 0.049619466066360474 0.9491717219352722 
0.5108383893966675 0.4643910825252533 0.02477051503956318 
0.08569842576980591 0.7395834922790527 0.17471808195114136 
0.0021489679347723722 0.14619797468185425 0.8516530394554138 
0.06184076517820358 0.5889694094657898 0.349189817905426 
0.09515152871608734 0.7926716804504395 0.11217684298753738 
0.8452981114387512 0.14901676774024963 0.005685105454176664 
0.0033234970178455114 0.17782163619995117 0.8188548684120178 
0.019405504688620567 0.8565594553947449 0.1240350753068924 
0.0029975881334394217 0.09216458350419998 0.9048377871513367 
0.18379271030426025 0.7925973534584045 0.023609884083271027 
0.0018768345471471548 0.1614445298910141 0.836678683757782 
0.758518636226654 0.23151366412639618 0.009967590682208538 
0.8876217007637024 0.10872217267751694 0.0036561619490385056 
0.7339028120040894 0.2508377730846405 0.01525938231498003 
0.9113240838050842 0.08537711203098297 0.0032988442108035088 
0.5986548662185669 0.3818637430667877 0.019481370225548744 
0.917349100112915 0.07984085381031036 0.002810013946145773 
0.04411053657531738 0.8191953897476196 0.13669411838054657 
0.3148159384727478 0.6651192903518677 0.02006479725241661 
0.8748795986175537 0.1214902400970459 0.003630106570199132 
0.5153713226318359 0.45201781392097473 0.03261088579893112 
0.0015574994031339884 0.02478146366775036 0.9736610651016235 
0.7449985146522522 0.24704810976982117 0.007953363470733166 
0.6219464540481567 0.36584293842315674 0.01221063919365406 
0.8281747102737427 0.16269434988498688 0.00913094449788332 
0.8885840773582458 0.10652986168861389 0.004886049311608076 
0.12148622423410416 0.8136218190193176 0.06489187479019165 
0.381737619638443 0.5937761664390564 0.024486247450113297 
0.037205036729574203 0.8809391856193542 0.08185579627752304 
0.0044388966634869576 0.21442364156246185 0.7811374664306641 
0.9160084128379822 0.08058279752731323 0.0034088457468897104 
0.9226575493812561 0.0739758312702179 0.0033665781375020742 
0.6925274133682251 0.2978472113609314 0.009625456295907497 
0.0763053223490715 0.8707937002182007 0.0529010184109211 
0.6658075451850891 0.32438766956329346 0.009804789908230305 
0.0028596504125744104 0.14412091672420502 0.8530193567276001 
0.8047497868537903 0.18862822651863098 0.006621988955885172 
0.7027201056480408 0.2855137884616852 0.011766091920435429 
0.7018306851387024 0.27959468960762024 0.018574688583612442 
0.0015117134898900986 0.07844008505344391 0.9200482368469238 
0.13167589902877808 0.8211036920547485 0.04722040519118309 
0.047517936676740646 0.47403421998023987 0.47844791412353516 
0.8829035758972168 0.11363343894481659 0.003462925087660551 
0.3496575653553009 0.6089650392532349 0.04137744382023811 
0.26628172397613525 0.6794494986534119 0.0542687363922596 
0.004125743173062801 0.2585753798484802 0.7372989058494568 
0.46045371890068054 0.514601469039917 0.02494478039443493 
0.8905766606330872 0.10547053068876266 0.003952833358198404 
0.0024275623727589846 0.16865940392017365 0.8289130330085754 
0.6895005106925964 0.2914205491542816 0.019078895449638367 
0.00836194958537817 0.7510300874710083 0.24060788750648499 
0.8917543888092041 0.10357895493507385 0.004666556138545275 
0.022145358845591545 0.795979380607605 0.18187518417835236 
0.07088955491781235 0.6627364158630371 0.26637399196624756 
0.9262644052505493 0.06987932324409485 0.0038562766276299953 
0.9098964929580688 0.08688131719827652 0.003222101368010044 
0.867945671081543 0.12500399351119995 0.0070503572933375835 
0.06682867556810379 0.8786135911941528 0.054557740688323975 
0.02276570163667202 0.7963457107543945 0.18088854849338531 
0.8965387344360352 0.09998548030853271 0.0034758602268993855 
0.24367859959602356 0.6707369685173035 0.08558442443609238 
0.19487833976745605 0.513180673122406 0.2919410169124603 
0.9347140192985535 0.06275329738855362 0.0025326088070869446 
0.0007411540718749166 0.019157228991389275 0.9801015853881836 
0.18048186600208282 0.7877417802810669 0.0317763015627861 
0.57875657081604 0.4096205532550812 0.011622936464846134 
0.004527258221060038 0.08443867415189743 0.911034107208252 
0.9208207726478577 0.07605531811714172 0.0031239662785083055 
0.5904895067214966 0.3961241841316223 0.013386335223913193 
0.009047052823007107 0.33274319767951965 0.6582097411155701 
0.05805221572518349 0.6200746297836304 0.32187309861183167 
0.05003533884882927 0.826856255531311 0.12310834974050522 
0.44549402594566345 0.5286464095115662 0.025859590619802475 
0.00277945538982749 0.18092668056488037 0.8162938952445984 
0.8501397967338562 0.14239919185638428 0.007461037021130323 
0.01400489266961813 0.5818003416061401 0.404194712638855 
0.0020956501830369234 0.16636192798614502 0.8315423727035522 
0.24367859959602356 0.6707369685173035 0.08558442443609238 
0.26325738430023193 0.7015453577041626 0.03519726172089577 
0.7064358592033386 0.27822160720825195 0.015342538245022297 
0.009789166040718555 0.6917427778244019 0.29846805334091187 
0.11948813498020172 0.8127360343933105 0.06777585297822952 
0.715957760810852 0.2755827009677887 0.008459524251520634 
0.715957760810852 0.2755827009677887 0.008459524251520634 
0.9382268190383911 0.05842563137412071 0.0033475065138190985 
0.005829997826367617 0.7272980809211731 0.2668718993663788 
0.006785356905311346 0.497623473405838 0.4955911636352539 
0.5942090749740601 0.38292932510375977 0.022861571982502937 
0.03843583166599274 0.9235783219337463 0.03798583522439003 
0.8314522504806519 0.1619495004415512 0.0065982709638774395 
0.5204315185546875 0.4637181758880615 0.01585029438138008 
0.03194228559732437 0.7382259964942932 0.2298317402601242 
0.7117630243301392 0.28102806210517883 0.007208883296698332 
0.009987372905015945 0.42855873703956604 0.5614539384841919 
0.9260490536689758 0.07082223147153854 0.0031286883167922497 
0.18992143869400024 0.6294491291046143 0.18062938749790192 
0.007084800396114588 0.13391444087028503 0.8590007424354553 
0.014425893314182758 0.5226631760597229 0.46291089057922363 
0.7001193165779114 0.2907799482345581 0.009100736118853092 
0.43518194556236267 0.5490548610687256 0.015763146802783012 
0.43398770689964294 0.5273965001106262 0.038615815341472626 
0.013420067727565765 0.51206374168396 0.4745161831378937 
0.0803617462515831 0.7005834579467773 0.21905477344989777 
0.6642253994941711 0.30588847398757935 0.029886148869991302 
0.4080023467540741 0.5556548237800598 0.03634287789463997 
0.0070012155920267105 0.31154176592826843 0.6814570426940918 
0.9354861378669739 0.06119583919644356 0.0033180522732436657 
0.025320326909422874 0.6690312623977661 0.30564841628074646 
0.7856540083885193 0.20263265073299408 0.01171332411468029 
0.9289315938949585 0.06826785951852798 0.0028005139902234077 
0.009410188533365726 0.5946345329284668 0.39595526456832886 
0.8696848750114441 0.12172126770019531 0.008593919686973095 
0.7188584804534912 0.26981645822525024 0.011325058527290821 
0.7358526587486267 0.2523346245288849 0.01181272603571415 
0.8118605017662048 0.1826934665441513 0.0054459902457892895 
0.013484190218150616 0.48474109172821045 0.5017747282981873 
0.03262534365057945 0.8856610059738159 0.08171363919973373 
0.9437519311904907 0.05314485728740692 0.003103245748206973 
0.37570473551750183 0.5909209251403809 0.0333743616938591 
0.19866766035556793 0.754610538482666 0.04672177881002426 
0.008964230306446552 0.27776092290878296 0.7132748365402222 
0.0012950410600751638 0.06920520216226578 0.9294997453689575 
0.4134812355041504 0.5528000593185425 0.03371867537498474 
0.0017290986143052578 0.09684880822896957 0.9014220833778381 
0.8270936012268066 0.1673119068145752 0.00559450825676322 
0.016166429966688156 0.5764169692993164 0.4074166417121887 
0.6392686367034912 0.3331291973590851 0.027602218091487885 
0.30781978368759155 0.6615834832191467 0.030596764758229256 
0.6373998522758484 0.32827988266944885 0.03432025760412216 
0.9342069029808044 0.06188611686229706 0.003906899131834507 
0.03154268115758896 0.6921350359916687 0.2763223350048065 
0.002602675464004278 0.17428545653820038 0.823111891746521 
0.010477710515260696 0.5133785009384155 0.47614380717277527 
0.0894550010561943 0.6674971580505371 0.2430478036403656 
0.14682097733020782 0.8064472675323486 0.04673168435692787 
0.018817737698554993 0.22696806490421295 0.7542142271995544 
0.05335578694939613 0.911609411239624 0.03503476455807686 
0.5780203938484192 0.4103681743144989 0.01161143183708191 
0.9183874726295471 0.07836973667144775 0.0032428528647869825 
0.19487833976745605 0.513180673122406 0.2919410169124603 
0.6911106109619141 0.2990833818912506 0.009806006215512753 
0.31542712450027466 0.6178469657897949 0.0667259693145752 
0.040171168744564056 0.8985470533370972 0.061281718313694 
0.33060020208358765 0.6408292055130005 0.02857057750225067 
0.9493006467819214 0.04775416478514671 0.0029452599119395018 
0.004767319653183222 0.3513924479484558 0.6438402533531189 
0.282418429851532 0.6209276914596558 0.09665382653474808 
0.018829338252544403 0.16732999682426453 0.8138406276702881 
0.8423486351966858 0.15193800628185272 0.0057133873924613 
0.026854269206523895 0.33646079897880554 0.6366849541664124 
0.11392182111740112 0.7634601593017578 0.12261803448200226 
0.020159071311354637 0.4722438156604767 0.5075971484184265 
0.03680938854813576 0.7957215309143066 0.16746903955936432 
0.7876636981964111 0.197882279753685 0.014454037882387638 
0.6689468622207642 0.31717628240585327 0.013876838609576225 
0.6071842908859253 0.38014283776283264 0.012672879733145237 
0.5923464298248291 0.38598644733428955 0.021667148917913437 
0.008288181386888027 0.4173515737056732 0.574360191822052 
0.4348701238632202 0.48703905940055847 0.07809080928564072 
0.8024554252624512 0.19131392240524292 0.006230589468032122 
0.12559400498867035 0.8008241653442383 0.07358189672231674 
0.019094008952379227 0.6380442976951599 0.34286168217658997 
0.004756044130772352 0.141971156001091 0.8532727360725403 
0.04069165140390396 0.747109591960907 0.21219879388809204 
0.07046660035848618 0.8717594146728516 0.05777398496866226 
0.024117253720760345 0.7861682772636414 0.1897144466638565 
0.7764684557914734 0.20805412530899048 0.01547741424292326 
0.025108713656663895 0.7982435822486877 0.17664773762226105 
0.9677928686141968 0.029612692072987556 0.002594470512121916 
0.02070583961904049 0.5693416595458984 0.4099524915218353 
0.722787618637085 0.26439782977104187 0.012814569287002087 
0.019143814221024513 0.7229796648025513 0.25787651538848877 
0.08935853093862534 0.864244818687439 0.0463966503739357 
0.1519360989332199 0.815740168094635 0.03232374042272568 
0.5969656109809875 0.38967466354370117 0.013359722681343555 
0.6720644235610962 0.302001416683197 0.025934122502803802 
0.7339869141578674 0.2561100125312805 0.009903140366077423 
0.5289399027824402 0.38299253582954407 0.08806756138801575 
0.10518216341733932 0.825167179107666 0.06965067237615585 
0.047886643558740616 0.8694878220558167 0.08262548595666885 
0.7193437218666077 0.2617743909358978 0.018881885334849358 
0.02496248669922352 0.17321181297302246 0.801825761795044 
0.6206777095794678 0.3678475320339203 0.011474726721644402 
0.05939679592847824 0.8204226493835449 0.12018058449029922 
0.010515852831304073 0.46893545985221863 0.5205486416816711 
0.21942433714866638 0.6820017099380493 0.0985739603638649 
0.9199733734130859 0.07674194872379303 0.003284664126113057 
0.8263406753540039 0.16706840693950653 0.0065909200347959995 
0.571637749671936 0.40796467661857605 0.02039753831923008 
0.002093281364068389 0.1859026700258255 0.8120040893554688 
0.012793848291039467 0.49674028158187866 0.49046581983566284 
0.0028596504125744104 0.14412091672420502 0.8530193567276001 
0.6325187087059021 0.3547644317150116 0.012716866098344326 
0.869247317314148 0.126605823636055 0.004146897699683905 
0.910094141960144 0.08675824105739594 0.0031476973090320826 
0.572655200958252 0.3972579538822174 0.030086878687143326 
0.5947744846343994 0.37660396099090576 0.02862161211669445 
0.0020502591505646706 0.03567326068878174 0.9622765183448792 
0.038499459624290466 0.8182796835899353 0.14322087168693542 
0.8258649110794067 0.16933247447013855 0.004802640061825514 
0.05241713300347328 0.864083468914032 0.08349937945604324 
0.36966273188591003 0.604366660118103 0.02597057819366455 
0.12565942108631134 0.7766463756561279 0.09769417345523834 
0.7994658946990967 0.19393880665302277 0.006595289334654808 
0.09380120784044266 0.7887325882911682 0.11746621131896973 
0.16096876561641693 0.7505000233650208 0.08853119611740112 
0.19922763109207153 0.7460981011390686 0.05467421934008598 
0.32655811309814453 0.5679078102111816 0.105534128844738 
0.8179185390472412 0.17406333982944489 0.008018102496862411 
0.09296908974647522 0.7820585370063782 0.12497233599424362 
0.1351601630449295 0.7528356909751892 0.1120041012763977 
0.8236424922943115 0.17027674615383148 0.0060807280242443085 
0.9290658235549927 0.06749486923217773 0.0034392850939184427 
0.7894091606140137 0.20315469801425934 0.007436194457113743 
0.49946603178977966 0.46188217401504517 0.03865169361233711 
0.08948132395744324 0.8650357723236084 0.04548298940062523 
0.09555180370807648 0.8645139336585999 0.03993426635861397 
0.419903427362442 0.5218627452850342 0.05823379009962082 
0.419903427362442 0.5218627452850342 0.05823379009962082 
0.1085897833108902 0.6389098763465881 0.25250041484832764 
0.3851014971733093 0.5834032893180847 0.03149524703621864 
0.00865931250154972 0.2835581600666046 0.707782506942749 
0.015724601224064827 0.6958563923835754 0.28841906785964966 
0.12383367121219635 0.8114266395568848 0.06473968923091888 
0.05735848844051361 0.427604615688324 0.5150368809700012 
0.009802223183214664 0.2656278610229492 0.7245699167251587 
0.49358120560646057 0.4911743998527527 0.015244344249367714 
0.13682791590690613 0.8140000104904175 0.04917214810848236 
0.13748116791248322 0.5409412384033203 0.3215775787830353 
0.6243000626564026 0.3677227795124054 0.007977185770869255 
0.1518470197916031 0.8130950927734375 0.03505787253379822 
0.036639802157878876 0.6609333157539368 0.30242690443992615 
0.5245687365531921 0.45150309801101685 0.023928167298436165 
0.08851867914199829 0.4073994755744934 0.5040818452835083 
0.7589098811149597 0.22598662972450256 0.01510355994105339 
0.6771032214164734 0.28956493735313416 0.033331841230392456 
0.23056894540786743 0.7184988856315613 0.05093224346637726 
0.03908854350447655 0.9230269193649292 0.03788449615240097 
0.24748902022838593 0.6978641748428345 0.05464679375290871 
0.5376136898994446 0.44866201281547546 0.013724341057240963 
0.0609772689640522 0.5703222751617432 0.36870041489601135 
0.419903427362442 0.5218627452850342 0.05823379009962082 
0.014713636599481106 0.8741801381111145 0.11110614985227585 
0.002436480252072215 0.45900455117225647 0.5385589599609375 
0.11761149764060974 0.7050027847290039 0.1773858219385147 
0.07377724349498749 0.8792414665222168 0.0469813235104084 
0.014148306101560593 0.7780864238739014 0.20776525139808655 
0.8446147441864014 0.15100957453250885 0.004375710617750883 
0.6406443119049072 0.34716880321502686 0.012186951003968716 
0.19468209147453308 0.7304810881614685 0.07483682781457901 
0.7355514168739319 0.2556391954421997 0.008809397928416729 
0.015198723413050175 0.7610752582550049 0.22372601926326752 
0.15004734694957733 0.7580109238624573 0.09194176644086838 
0.4430317282676697 0.5202674269676208 0.03670089691877365 
0.06066235154867172 0.8748511075973511 0.0644865408539772 
0.9017953872680664 0.09371888637542725 0.004485724028199911 
0.5958208441734314 0.39174941182136536 0.012429793365299702 
0.007394938264042139 0.4781200587749481 0.5144850015640259 
0.07968667894601822 0.4955165684223175 0.4247967302799225 
0.002651357324793935 0.1781046837568283 0.8192439079284668 
0.8594930171966553 0.13222645223140717 0.008280606009066105 
0.008031617850065231 0.6737135648727417 0.31825485825538635 
0.5888538956642151 0.39194533228874207 0.01920073851943016 
0.002000662963837385 0.19063793122768402 0.8073614239692688 
0.030512189492583275 0.589860737323761 0.3796271085739136 
0.026626231148838997 0.5592045187950134 0.41416922211647034 
0.002209251979365945 0.15366202592849731 0.8441287279129028 
0.43033352494239807 0.556171715259552 0.013494810089468956 
0.515123188495636 0.46290749311447144 0.021969325840473175 
0.023310665041208267 0.9120029807090759 0.06468634307384491 
0.007948358543217182 0.4763728082180023 0.5156788229942322 
0.9354699850082397 0.06129724904894829 0.0032327803783118725 
0.6979759335517883 0.2902663052082062 0.011757716536521912 
0.6775357723236084 0.3136584460735321 0.008805811405181885 
0.3992697298526764 0.567228376865387 0.03350188955664635 
0.0031639968510717154 0.13891379535198212 0.8579221963882446 
0.872789740562439 0.12097862362861633 0.006231612991541624 
0.8678363561630249 0.12669073045253754 0.005472959950566292 
0.05172467231750488 0.8419509530067444 0.1063244417309761 
0.05172467231750488 0.8419509530067444 0.1063244417309761 
0.018492072820663452 0.6365398168563843 0.34496811032295227 
0.021394912153482437 0.6325268745422363 0.34607815742492676 
0.19487833976745605 0.513180673122406 0.2919410169124603 
0.027747489511966705 0.7004506587982178 0.2718019187450409 
0.017421536147594452 0.6056486368179321 0.37692978978157043 
0.15535037219524384 0.7918255925178528 0.052824050188064575 
0.020339541137218475 0.2570708692073822 0.7225895524024963 
0.2842623293399811 0.6906930208206177 0.02504463866353035 
0.31627270579338074 0.6344259977340698 0.04930128902196884 
0.011796040460467339 0.3244936764240265 0.6637102961540222 
0.19487833976745605 0.513180673122406 0.2919410169124603 
0.20835790038108826 0.7425148487091064 0.04912734776735306 
0.38077086210250854 0.5939573049545288 0.02527189441025257 
0.09928881376981735 0.7952556610107422 0.10545545816421509 
0.17606374621391296 0.7974596619606018 0.02647666446864605 
0.7306727170944214 0.26053664088249207 0.008790598250925541 
0.7149041295051575 0.26786017417907715 0.01723567396402359 
0.8877121210098267 0.10880588740110397 0.003481991123408079 
0.011265361681580544 0.19292572140693665 0.7958089709281921 
0.9019916653633118 0.09539278596639633 0.0026155828963965178 
0.5879586935043335 0.3948209881782532 0.017220359295606613 
0.8947723507881165 0.10178621113300323 0.003441423177719116 
0.003996852785348892 0.21024268865585327 0.7857604622840881 
0.8960381746292114 0.09901769459247589 0.004944231826812029 
0.6616113185882568 0.3229241967201233 0.015464588068425655 
0.0891832634806633 0.8721676468849182 0.03864907845854759 
0.07561846822500229 0.8299339413642883 0.09444762766361237 
0.5246188044548035 0.44747844338417053 0.02790278196334839 
0.5237793326377869 0.4614395499229431 0.014781131409108639 
0.8267624378204346 0.1674249917268753 0.005812524817883968 
0.8930185437202454 0.10202492028474808 0.00495650852099061 
0.6353033781051636 0.3528123199939728 0.01188430655747652 
0.5367572903633118 0.4370948076248169 0.02614786848425865 
0.029966382309794426 0.8321138620376587 0.13791970908641815 
0.9160171747207642 0.0803576186299324 0.0036251212004572153 
0.42452073097229004 0.5493588447570801 0.026120398193597794 
0.5591944456100464 0.4252801239490509 0.015525461174547672 
0.003809108631685376 0.09981638938188553 0.896374523639679 
0.0035350010730326176 0.09386727958917618 0.9025977253913879 
0.5466201305389404 0.44009581208229065 0.013284011743962765 
0.09202267974615097 0.6902424693107605 0.21773485839366913 
0.025049224495887756 0.6813873052597046 0.29356345534324646 
0.8032693266868591 0.18897944688796997 0.007751269266009331 
0.04374313727021217 0.37953150272369385 0.5767253637313843 
0.1157497987151146 0.8247313499450684 0.05951887369155884 
0.027904469519853592 0.8766374588012695 0.0954580157995224 
0.003823535516858101 0.10484068095684052 0.8913357853889465 
0.6833207607269287 0.29504990577697754 0.02162931114435196 
0.6212206482887268 0.3593743145465851 0.019405046477913857 
0.6678062677383423 0.31695276498794556 0.015240966342389584 
0.7558665871620178 0.23848287761211395 0.005650579929351807 
0.9130668640136719 0.08348865807056427 0.003444502828642726 
0.004425416700541973 0.34908509254455566 0.6464894413948059 
0.17806079983711243 0.721043586730957 0.10089560598134995 
0.006223129574209452 0.41224873065948486 0.5815281271934509 
0.4416100084781647 0.5242116451263428 0.034178346395492554 
0.9089812636375427 0.08690342307090759 0.004115363582968712 
0.8862734436988831 0.10935311764478683 0.004373493604362011 
0.09235042333602905 0.8611771464347839 0.04647233337163925 
0.7541987299919128 0.22357159852981567 0.022229613736271858 
0.019441166892647743 0.5198907256126404 0.46066814661026 
0.050469499081373215 0.49364173412323 0.4558887779712677 
0.05704100430011749 0.7501255869865417 0.19283342361450195 
0.0035545751452445984 0.24596862494945526 0.7504768371582031 
0.8692607879638672 0.1267290711402893 0.004010183736681938 
0.35608983039855957 0.5970378518104553 0.0468723401427269 
0.8057581782341003 0.18850238621234894 0.005739408079534769 
0.09620488435029984 0.7362056970596313 0.16758942604064941 
0.6154639720916748 0.35926559567451477 0.02527039684355259 
0.3137880861759186 0.6567079424858093 0.029503928497433662 
0.02420448325574398 0.43198421597480774 0.5438113212585449 
0.0536239892244339 0.8863533139228821 0.06002272665500641 
0.8636922836303711 0.12875069677829742 0.007556992117315531 
0.5566079020500183 0.41726985573768616 0.02612217143177986 
0.7169568538665771 0.2693527340888977 0.013690409250557423 
0.0012142289197072387 0.029269836843013763 0.9695159792900085 
0.3487769663333893 0.5619675517082214 0.0892554372549057 
0.0032263947650790215 0.034549012780189514 0.9622246623039246 
0.4098205864429474 0.5559278130531311 0.03425154834985733 
0.19487833976745605 0.513180673122406 0.2919410169124603 
0.38127779960632324 0.5509276986122131 0.0677945464849472 
0.076470747590065 0.861855685710907 0.061673473566770554 
0.8144865036010742 0.17853040993213654 0.006983084604144096 
0.006917453370988369 0.14292000234127045 0.8501625061035156 
0.14578235149383545 0.5386199951171875 0.31559762358665466 
0.6289586424827576 0.35762032866477966 0.01342110987752676 
0.024089347571134567 0.9151861071586609 0.06072454899549484 
0.19487833976745605 0.513180673122406 0.2919410169124603 
0.8315966129302979 0.1640213280916214 0.00438198447227478 
0.7867984175682068 0.20382854342460632 0.009373114444315434 
0.0023680636659264565 0.19886070489883423 0.7987712621688843 
0.9160084128379822 0.08058279752731323 0.0034088457468897104 
0.8135467767715454 0.17714934051036835 0.009303934872150421 
0.9160084128379822 0.08058279752731323 0.0034088457468897104 
0.9160084128379822 0.08058279752731323 0.0034088457468897104 
0.9160084128379822 0.08058279752731323 0.0034088457468897104 
0.004262154456228018 0.1718573272228241 0.8238804936408997 
0.04569612070918083 0.6169950366020203 0.3373088538646698 
0.9115248322486877 0.0848756954073906 0.0035993841011077166 
0.49181482195854187 0.4880147874355316 0.020170383155345917 
0.6411609649658203 0.3423692286014557 0.01646989956498146 
0.010096513666212559 0.6145603656768799 0.37534305453300476 
0.8419812917709351 0.15170450508594513 0.0063141812570393085 
0.7954463958740234 0.1949990838766098 0.009554509073495865 
0.025881711393594742 0.8215091824531555 0.15260900557041168 
0.7309901714324951 0.25951728224754333 0.009492474608123302 
0.31044524908065796 0.4238485097885132 0.26570621132850647 
0.7670826315879822 0.21847233176231384 0.014445069245994091 
0.6147350072860718 0.3748374581336975 0.010427546687424183 
0.035948969423770905 0.8314210772514343 0.13263000547885895 
0.035948969423770905 0.8314210772514343 0.13263000547885895 
0.3695046305656433 0.6119193434715271 0.018576066941022873 
0.7218034267425537 0.26393771171569824 0.014258918352425098 
0.5258885025978088 0.44025492668151855 0.03385661914944649 
0.447663813829422 0.4935368299484253 0.0587993748486042 
0.1608767956495285 0.8041824698448181 0.034940753132104874 
0.12614046037197113 0.838847815990448 0.03501178324222565 
0.07266552001237869 0.8150737881660461 0.11226072162389755 
0.6033991575241089 0.3827957510948181 0.01380500290542841 
0.8183178901672363 0.17349722981452942 0.008184826001524925 
0.022028939798474312 0.8461662530899048 0.13180479407310486 
0.9420867562294006 0.05550289526581764 0.0024102553725242615 
0.5649023056030273 0.424148827791214 0.010948901064693928 
0.01064205076545477 0.32441040873527527 0.6649475693702698 
0.056771088391542435 0.3509230613708496 0.5923058390617371 
0.6429953575134277 0.3400471806526184 0.01695743203163147 
0.7552419900894165 0.21323715150356293 0.03152087330818176 
0.6429953575134277 0.3400471806526184 0.01695743203163147 
0.6429953575134277 0.3400471806526184 0.01695743203163147 
0.6654279232025146 0.3032595217227936 0.031312551349401474 
0.0026504499837756157 0.09118995070457458 0.9061596393585205 
0.6429953575134277 0.3400471806526184 0.01695743203163147 
0.9581097364425659 0.038720857352018356 0.0031693195924162865 
0.003335879882797599 0.17882560193538666 0.8178384900093079 
0.6429953575134277 0.3400471806526184 0.01695743203163147 
0.6429953575134277 0.3400471806526184 0.01695743203163147 
0.005909214727580547 0.05620717629790306 0.9378835558891296 
0.25349363684654236 0.7095006704330444 0.0370057076215744 
0.3122938573360443 0.6444492340087891 0.043256960809230804 
0.04150903970003128 0.8912764191627502 0.06721455603837967 
0.559062123298645 0.41237032413482666 0.028567573055624962 
0.633658230304718 0.3499075174331665 0.016434282064437866 
0.0021178354509174824 0.04229746386408806 0.955584704875946 
0.965474009513855 0.03239010274410248 0.0021358828525990248 
0.6825132966041565 0.3058355748653412 0.011651086620986462 
0.29419827461242676 0.6629472374916077 0.042854513972997665 
0.4450934827327728 0.5285863280296326 0.02632012777030468 
0.008307421579957008 0.5168988108634949 0.4747937321662903 
0.531826376914978 0.44328758120536804 0.02488609217107296 
0.4879719018936157 0.46369871497154236 0.04832937940955162 
0.04310061037540436 0.6040810942649841 0.3528182804584503 
0.8229745030403137 0.16925494372844696 0.00777049083262682 
0.779776394367218 0.2123294174671173 0.00789426825940609 
0.7276580333709717 0.25001972913742065 0.022322261705994606 
0.011220226064324379 0.4343777894973755 0.5544019937515259 
0.09546950459480286 0.8702412843704224 0.03428930044174194 
0.858005940914154 0.13609203696250916 0.005901955999433994 
0.12398406118154526 0.8029240369796753 0.07309190928936005 
0.884285032749176 0.10948249697685242 0.006232438143342733 
0.8232013583183289 0.1708446592092514 0.0059539140202105045 
0.6429953575134277 0.3400471806526184 0.01695743203163147 
0.00518164224922657 0.5616608262062073 0.43315747380256653 
0.09848840534687042 0.4786691963672638 0.4228423535823822 
0.18775096535682678 0.5993764996528625 0.21287254989147186 
0.0011178518179804087 0.026753630489110947 0.9721285700798035 
0.014808251522481441 0.8273605704307556 0.15783120691776276 
0.9198268055915833 0.07591551542282104 0.004257629159837961 
0.0009327426669187844 0.019735189154744148 0.9793320894241333 
0.5275640487670898 0.45522454380989075 0.017211372032761574 
0.01955421268939972 0.4849226176738739 0.4955231249332428 
0.7801246047019958 0.21429379284381866 0.00558154983446002 
0.0009303590632043779 0.035107772797346115 0.9639618396759033 
0.8420302271842957 0.14932188391685486 0.008647913113236427 
0.9236499071121216 0.07310926914215088 0.0032408442348241806 
0.8582227230072021 0.1341991126537323 0.007578196004033089 
0.6716356873512268 0.3138144910335541 0.014549853280186653 
0.7832726240158081 0.21045857667922974 0.0062688193283975124 
0.005493959877640009 0.2825458347797394 0.7119601964950562 
0.9451929330825806 0.05189090222120285 0.0029161074198782444 
0.01553724892437458 0.776553750038147 0.2079089879989624 
0.15999500453472137 0.8031047582626343 0.036900218576192856 
0.4015538692474365 0.5730406641960144 0.02540549449622631 
0.6791673302650452 0.3080202341079712 0.012812512926757336 
0.14459948241710663 0.8287976980209351 0.02660275436937809 
0.4777001738548279 0.4875194728374481 0.034780390560626984 
0.18056133389472961 0.7535790205001831 0.06585962325334549 
0.01865719072520733 0.6281232833862305 0.35321953892707825 
0.11875331401824951 0.6035709977149963 0.2776756286621094 
0.2599802315235138 0.6753870844841003 0.06463267654180527 
0.8498834371566772 0.1414327174425125 0.008683791384100914 
0.7866841554641724 0.20012237131595612 0.013193507678806782 
0.5039913058280945 0.47736626863479614 0.01864239200949669 
0.584387481212616 0.40379369258880615 0.011818871833384037 
0.4468793272972107 0.5068560838699341 0.046264540404081345 
0.37399032711982727 0.5692195892333984 0.05679003521800041 
0.09294877201318741 0.8671668767929077 0.039884380996227264 
0.018658069893717766 0.4905783236026764 0.4907636344432831 
0.41201531887054443 0.5644155144691467 0.023569144308567047 
0.03709263354539871 0.41726067662239075 0.5456466674804688 
0.04744716361165047 0.5743860006332397 0.3781668543815613 
0.4775758981704712 0.470977783203125 0.05144636332988739 
0.09172826260328293 0.8031973242759705 0.10507437586784363 
0.9544607996940613 0.04332534968852997 0.002213839441537857 
0.2414003163576126 0.6864158511161804 0.07218384742736816 
0.01871575601398945 0.7686654925346375 0.21261869370937347 
0.4376354217529297 0.5270868539810181 0.035277727991342545 
0.02157123200595379 0.6713480949401855 0.3070806860923767 
0.01159775909036398 0.2887944281101227 0.6996078491210938 
0.004663124214857817 0.23088285326957703 0.7644540667533875 
0.493807315826416 0.49257147312164307 0.013621172867715359 
0.004059587139636278 0.14156943559646606 0.8543709516525269 
0.6451799869537354 0.31256210803985596 0.04225791618227959 
0.34238776564598083 0.630506694316864 0.027105551213026047 
0.5128246545791626 0.4335363507270813 0.05363898724317551 
0.567815899848938 0.41855576634407043 0.013628359884023666 
0.8775405287742615 0.11738382279872894 0.005075729452073574 
0.025539245456457138 0.8112800121307373 0.16318067908287048 
0.013677236624062061 0.8707497715950012 0.11557302623987198 
0.3732101321220398 0.5582365989685059 0.06855326890945435 
0.18473386764526367 0.6994405388832092 0.1158255860209465 
0.8189623355865479 0.17306247353553772 0.007975188083946705 
0.03524499386548996 0.8401892781257629 0.12456569075584412 
0.005509357433766127 0.1701378971338272 0.8243527412414551 
0.7571640610694885 0.22763872146606445 0.015197128988802433 
0.1808214634656906 0.7504799365997314 0.06869863718748093 
0.44236236810684204 0.5206333994865417 0.037004273384809494 
0.5724983215332031 0.38720324635505676 0.040298424661159515 
0.9076377749443054 0.08898986876010895 0.0033723008818924427 
0.005953094456344843 0.3793143630027771 0.6147325038909912 
0.4447227120399475 0.4827713966369629 0.07250583916902542 
0.9278830289840698 0.06835836917161942 0.0037586591206490993 
0.07574918121099472 0.831400990486145 0.09284992516040802 
0.2978416085243225 0.5300838947296143 0.17207454144954681 
0.6060994267463684 0.3787108361721039 0.015189718455076218 
0.0015775556676089764 0.02060418576002121 0.9778182506561279 
0.15319429337978363 0.7381073832511902 0.10869831591844559 
0.4656371474266052 0.5038629770278931 0.030499877408146858 
0.4194936454296112 0.42866718769073486 0.15183919668197632 
0.7016112804412842 0.28546425700187683 0.012924496084451675 
0.5031248927116394 0.46588334441185 0.030991768464446068 
0.8722154498100281 0.12307029217481613 0.0047142342664301395 
0.006888660602271557 0.20095200836658478 0.792159378528595 
0.07117269933223724 0.6260534524917603 0.3027738630771637 
0.7405580878257751 0.24610526859760284 0.013336663134396076 
0.3840589225292206 0.43921610713005066 0.17672492563724518 
0.08477381616830826 0.838153064250946 0.0770731270313263 
0.4631173014640808 0.5160200595855713 0.020862679928541183 
0.9231265783309937 0.07295089215040207 0.003922603093087673 
0.893621027469635 0.10130002349615097 0.005078946240246296 
0.8962025046348572 0.09886892139911652 0.004928514361381531 
0.8964579701423645 0.09853724390268326 0.00500471331179142 
0.39188727736473083 0.5832260251045227 0.02488664723932743 
0.9062001705169678 0.08919079601764679 0.004609032068401575 
0.23525896668434143 0.5809485912322998 0.18379247188568115 
0.008127775974571705 0.35461196303367615 0.6372602581977844 
0.03188696131110191 0.6379558444023132 0.33015716075897217 
0.6719126105308533 0.3058544993400574 0.022232869639992714 
0.8298729658126831 0.16475746035575867 0.005369668826460838 
0.012490298599004745 0.8558323979377747 0.13167735934257507 
0.26979881525039673 0.6812995672225952 0.04890163615345955 
0.6442709565162659 0.340900719165802 0.014828309416770935 
0.4879719018936157 0.46369871497154236 0.04832937940955162 
0.03013649769127369 0.8094317317008972 0.16043172776699066 
0.33103641867637634 0.6400024890899658 0.028961099684238434 
0.8625689148902893 0.1303735375404358 0.00705744931474328 
0.05392275005578995 0.8485905528068542 0.09748661518096924 
0.6015276908874512 0.34673169255256653 0.051740605384111404 
0.7765183448791504 0.21309271454811096 0.010388946160674095 
0.9384129047393799 0.05880818888545036 0.0027788905426859856 
0.06648112088441849 0.8918317556381226 0.04168713837862015 
0.10289077460765839 0.6052556037902832 0.2918536067008972 
0.053047072142362595 0.8874961137771606 0.05945674702525139 
0.8671534061431885 0.12717357277870178 0.00567301781848073 
0.002281890017911792 0.19956114888191223 0.7981569766998291 
0.9008378982543945 0.09446366131305695 0.00469839945435524 
0.5466616749763489 0.4400995671749115 0.013238797895610332 
0.928103506565094 0.06906608492136002 0.0028303368017077446 
0.9162284135818481 0.08035505563020706 0.003416485385969281 
0.7111376523971558 0.2748541831970215 0.01400819793343544 
0.1301994025707245 0.7577356100082397 0.11206502467393875 
0.9267350435256958 0.07039723545312881 0.0028676921501755714 
0.6572825312614441 0.3121487498283386 0.030568720772862434 
0.5684917569160461 0.41501227021217346 0.01649600826203823 
0.8283749222755432 0.16419248282909393 0.007432610262185335 
0.6468016505241394 0.34047359228134155 0.01272478885948658 
0.6875879168510437 0.29814639687538147 0.014265680685639381 
0.7541787028312683 0.23437556624412537 0.011445767246186733 
0.01343607623130083 0.4097849428653717 0.5767790079116821 
0.8470054268836975 0.14826953411102295 0.004725038539618254 
0.7082530856132507 0.2726767659187317 0.019070181995630264 
0.0034638838842511177 0.8565979599952698 0.139938086271286 
0.8977348804473877 0.09791552275419235 0.004349572584033012 
0.022138619795441628 0.4123167395591736 0.565544605255127 
0.41855403780937195 0.5643894076347351 0.017056617885828018 
0.2923658788204193 0.5886802673339844 0.11895386129617691 
0.0010444863000884652 0.02777036838233471 0.9711851477622986 
0.6643205285072327 0.3247804641723633 0.010898943990468979 
0.8483487963676453 0.14417119324207306 0.007479907479137182 
0.43410995602607727 0.5407480597496033 0.025142021477222443 
0.911199152469635 0.08447058498859406 0.004330253694206476 
0.8567846417427063 0.13530004024505615 0.007915280759334564 
0.42547717690467834 0.4813154339790344 0.09320737421512604 
0.011171141639351845 0.15139742195606232 0.8374314904212952 
0.056479740887880325 0.6213740706443787 0.32214614748954773 
0.014146354980766773 0.15477928519248962 0.8310742974281311 
0.040480319410562515 0.875394880771637 0.08412481099367142 
0.6505714058876038 0.32075589895248413 0.028672708198428154 
0.526201605796814 0.37880611419677734 0.09499228000640869 
0.002051194431260228 0.08210698515176773 0.915841817855835 
0.09566185623407364 0.5939434170722961 0.3103947341442108 
0.6505360007286072 0.3293434977531433 0.020120466127991676 
0.056790295988321304 0.7496126890182495 0.19359703361988068 
0.4435690939426422 0.518274188041687 0.0381566546857357 
0.05222384259104729 0.836215615272522 0.11156059056520462 
0.0469655841588974 0.8448550701141357 0.10817929357290268 
0.054218754172325134 0.8437719941139221 0.10200925916433334 
0.03407309576869011 0.8698554635047913 0.09607137739658356 
0.5684487819671631 0.40549391508102417 0.026057319715619087 
0.07583010941743851 0.5454682111740112 0.37870168685913086 
0.08512336015701294 0.8256461024284363 0.08923053741455078 
0.46896326541900635 0.49829405546188354 0.03274266794323921 
0.0029946311842650175 0.14179643988609314 0.8552089929580688 
0.8711244463920593 0.12402715533971786 0.004848375450819731 
0.001285780337639153 0.048584070056676865 0.9501301646232605 
0.06708057969808578 0.8217097520828247 0.1112096905708313 
0.05158845707774162 0.8751076459884644 0.07330380380153656 
0.057606276124715805 0.8524473905563354 0.08994635194540024 
0.15897616744041443 0.8179891705513 0.02303467132151127 
0.2876926064491272 0.6552006602287292 0.05710672587156296 
0.053645119071006775 0.8550938963890076 0.09126095473766327 
0.035378582775592804 0.8833159804344177 0.08130540698766708 
0.0012865604367107153 0.08852534741163254 0.9101880788803101 
0.32206931710243225 0.6300738453865051 0.04785684868693352 
0.028267592191696167 0.9062449336051941 0.06548754870891571 
0.04948950931429863 0.8562988042831421 0.09421169012784958 
0.0074684470891952515 0.28243985772132874 0.7100917100906372 
0.8183866739273071 0.17051087319850922 0.011102472431957722 
0.09219114482402802 0.5958365201950073 0.31197237968444824 
0.849372148513794 0.1442868411540985 0.006341069471091032 
0.7344327569007874 0.25080305337905884 0.01476419810205698 
0.49148598313331604 0.4237685799598694 0.08474539965391159 
0.1365220844745636 0.651299774646759 0.21217812597751617 
0.024050859734416008 0.5777468681335449 0.3982023000717163 
0.7948153614997864 0.1954912692308426 0.009693370200693607 
0.0015713622560724616 0.01674935780465603 0.9816792011260986 
0.10071363300085068 0.8631182909011841 0.03616805002093315 
0.9037394523620605 0.09218539297580719 0.004075137432664633 
0.0035125070717185736 0.288348913192749 0.7081385850906372 
0.0027288945857435465 0.08538379520177841 0.9118872880935669 
0.3342231810092926 0.631702721118927 0.03407411649823189 
0.45400989055633545 0.45819348096847534 0.08779658377170563 
0.5000766515731812 0.47435304522514343 0.02557029388844967 
0.858192503452301 0.13618755340576172 0.005619920324534178 
0.07187599688768387 0.874967634677887 0.05315639078617096 
0.000952771573793143 0.02275018021464348 0.9762970805168152 
0.7983055114746094 0.19447387754917145 0.007220568135380745 
0.029525574296712875 0.16424718499183655 0.8062272071838379 
0.09274988621473312 0.850886881351471 0.056363239884376526 
0.9534136652946472 0.043755367398262024 0.0028309484478086233 
0.0784788429737091 0.7773052453994751 0.1442158967256546 
0.00806802324950695 0.29341500997543335 0.6985170245170593 
0.4544495642185211 0.5199763178825378 0.025574158877134323 
0.10263361036777496 0.6456128358840942 0.2517535388469696 
0.006835825741291046 0.1663762629032135 0.8267879486083984 
0.031736429780721664 0.3632509708404541 0.6050125360488892 
0.748429000377655 0.23939742147922516 0.012173565104603767 
0.04406891018152237 0.5247780680656433 0.43115299940109253 
0.7051347494125366 0.2824483811855316 0.012416912242770195 
0.0021405520383268595 0.15092764794826508 0.8469318151473999 
0.910991370677948 0.08425396680831909 0.00475465040653944 
0.28309187293052673 0.5243162512779236 0.1925918608903885 
0.6471472382545471 0.3323929011821747 0.02045980840921402 
0.8112804293632507 0.18135017156600952 0.007369387429207563 
0.15628497302532196 0.8091384768486023 0.03457655757665634 
0.0017203238094225526 0.10834860801696777 0.8899310827255249 
0.31252723932266235 0.5796142816543579 0.10785844922065735 
0.43952876329421997 0.5335178375244141 0.026953432708978653 
0.7827856540679932 0.20816408097743988 0.009050311520695686 
0.008195425383746624 0.36512258648872375 0.6266819834709167 
0.10283365845680237 0.829573392868042 0.06759300082921982 
0.0035125070717185736 0.288348913192749 0.7081385850906372 
0.7729299664497375 0.21877819299697876 0.008291813544929028 
0.11855611950159073 0.7210023999214172 0.16044145822525024 
0.027216406539082527 0.7910594344139099 0.1817241758108139 
0.19351030886173248 0.7760805487632751 0.030409185215830803 
0.37289178371429443 0.6047264933586121 0.02238170988857746 
0.406156063079834 0.5560603737831116 0.03778357803821564 
0.5204633474349976 0.43700698018074036 0.0425296276807785 
0.39968153834342957 0.5597578883171082 0.04056061431765556 
0.8256259560585022 0.16395138204097748 0.010422726161777973 
0.00963966641575098 0.49877622723579407 0.4915841221809387 
0.8944640159606934 0.10222861170768738 0.003307404462248087 
0.31863340735435486 0.6046409606933594 0.07672565430402756 
0.8158387541770935 0.17830748856067657 0.0058538587763905525 
0.03732272610068321 0.4810313582420349 0.4816458523273468 
0.5242225527763367 0.4310309886932373 0.04474647715687752 
0.5575038194656372 0.41562846302986145 0.026867711916565895 
0.553581953048706 0.4183598756790161 0.028058115392923355 
0.02356598526239395 0.7874013185501099 0.18903274834156036 
0.8902449607849121 0.10470233857631683 0.005052700638771057 
0.6939647793769836 0.28762632608413696 0.01840890944004059 
0.707722544670105 0.27641963958740234 0.015857797116041183 
0.29959461092948914 0.6206413507461548 0.07976412028074265 
0.5201672911643982 0.45413243770599365 0.025700295343995094 
0.6341148018836975 0.35031893849372864 0.015566312707960606 
0.830976665019989 0.16446709632873535 0.004556284751743078 
0.9328166842460632 0.06377460807561874 0.0034087805543094873 
0.6520894169807434 0.33801478147506714 0.00989573448896408 
0.2279028594493866 0.6707658171653748 0.10133127123117447 
0.0059106131084263325 0.33300620317459106 0.6610832214355469 
0.028528325259685516 0.6288204193115234 0.3426513075828552 
0.24134956300258636 0.6824711561203003 0.07617924362421036 
0.0035125070717185736 0.288348913192749 0.7081385850906372 
0.34839966893196106 0.5852312445640564 0.06636901944875717 
0.0035125070717185736 0.288348913192749 0.7081385850906372 
0.0035125070717185736 0.288348913192749 0.7081385850906372 
0.1301994025707245 0.7577356100082397 0.11206502467393875 
