0.3861686
0.8020053
0.0022680867
0.015948657
0.51380014
0.9404094
0.3794881
0.3282031
0.0026837813
0.9327484
0.022095704
0.6019658
0.94997996
0.4772612
0.354154
0.7638298
0.48553714
0.757233
0.7755755
0.41281354
0.5051417
0.39046115
0.036310025
0.5342266
0.0024329901
0.77758336
0.59197325
0.8011725
0.18409044
0.7614771
0.47084984
0.035007313
0.42531598
0.011578735
0.10831439
0.09970235
0.050199047
0.9239934
0.90538865
0.013778879
0.17740753
0.84056216
0.7669222
0.17687571
0.0034545898
0.043599322
0.06597026
0.34095615
0.24309883
0.037476443
0.73937494
0.39706293
0.054368947
0.80965924
0.73139375
0.5210899
0.67586046
0.12980281
0.003531974
0.83979535
0.008492081
0.48128593
0.7974033
0.86310905
0.3300199
0.5398868
0.027858734
0.22989783
0.8286167
0.06688931
0.77793217
0.43815315
0.12692904
0.11111027
0.014074514
0.006499319
0.8082075
0.11631867
0.012123025
0.6828069
0.7840535
0.47221845
0.8429441
0.2222118
0.53382677
0.6588159
0.029080236
0.7618308
0.021706654
0.9139377
0.14465556
0.58503777
0.8193778
0.8160978
0.003298234
0.429257
0.42808726
0.22078519
0.83007985
0.0014755195
0.28393927
0.8976496
0.30041683
0.76737416
0.8671319
0.09771676
0.91337484
0.028308634
0.012397056
0.13628344
0.035137486
0.579157
0.92774296
0.89787036
0.8225431
0.017196568
0.69395757
0.007260874
0.004264522
0.026293043
0.03843583
0.9321388
0.744179
0.7751813
0.8473355
0.9021619
0.3846366
0.78150886
0.29593655
0.005910613
0.91424656
0.0010739723
0.75289786
0.0034016499
0.32021302
0.8640065
0.358105
0.840042
0.019950284
0.70142335
0.887953
0.7124443
0.0014822823
0.85572124
0.15868276
0.15734413
0.6675462
0.2804048
0.9359552
0.0022277364
0.7812097
0.011300225
0.028724425
0.41870666
0.0019534938
0.31616256
0.59212416
0.49842983
0.80133975
0.11928889
0.35852095
0.84609246
0.41874665
0.81071115
0.9132296
0.935024
0.95344704
0.03647369
0.21184337
0.86216086
0.03733318
0.0076355566
0.8939792
0.45977703
0.009133813
0.90581197
0.002163306
0.71184087
0.45931634
0.13026035
0.87434167
0.9103453
0.10234818
0.899912
0.8976229
0.077350214
0.64541847
0.6783972
0.29809198
0.0056326673
0.50561136
0.46097645
0.26283926
0.026891608
0.9586435
0.009007287
0.34099165
0.020831473
0.8900605
0.0025070289
0.0072631566
0.011752733
0.9059091
0.10719716
0.9195729
0.074838325
0.8588728
0.0651893
0.80262923
0.48008117
0.9092218
0.16830915
0.64365584
0.6248522
0.72231567
0.83815837
0.0058496427
0.005417183
0.16361585
0.31542712
0.13661325
0.086871855
0.7068934
0.12723793
0.02070589
0.38544247
0.004804454
0.021445423
0.012411408
0.451403
0.38009584
0.9564557
0.26710021
0.9069225
0.6921897
0.037451424
0.031338956
0.03192895
0.03143544
0.33231395
0.006009705
0.040127676
0.9036195
0.64920235
0.88760865
0.23603226
0.08365928
0.18142372
0.002645923
0.76565444
0.021809708
0.23008497
0.0028596504
0.834505
0.19193542
0.8040942
0.19524917
0.1932188
0.0019206789
0.72189057
0.009188068
0.8707878
0.2023875
0.16913234
0.6609241
0.006731674
0.47197616
0.3161413
0.92391676
0.052664597
0.865065
0.009245731
0.945434
0.019881517
0.01122443
0.50134325
0.9165828
0.3263142
0.7406431
0.18628144
0.6047118
0.0036708277
0.08670859
0.044931408
0.739649
0.015180651
0.16135153
0.70540726
0.010224038
0.02658709
0.7580261
0.03557422
0.5228023
0.727902
0.72002697
0.40155387
0.87658405
0.8663848
0.8640663
0.85426784
0.01857401
0.64539427
0.0012087807
0.5108384
0.085698426
0.002148968
0.061840765
0.09515153
0.8452981
0.003323497
0.019405505
0.0029975881
0.18379271
0.0018768345
0.75851864
0.8876217
0.7339028
0.9113241
0.59865487
0.9173491
0.044110537
0.31481594
0.8748796
0.5153713
0.0015574994
0.7449985
0.62194645
0.8281747
0.8885841
0.121486224
0.38173762
0.037205037
0.0044388967
0.9160084
0.92265755
0.6925274
0.07630532
0.66580755
0.0028596504
0.8047498
0.7027201
0.7018307
0.0015117135
0.1316759
0.047517937
0.8829036
0.34965757
0.26628172
0.004125743
0.46045372
0.89057666
0.0024275624
0.6895005
0.00836195
0.8917544
0.022145359
0.070889555
0.9262644
0.9098965
0.8679457
0.066828676
0.022765702
0.89653873
0.2436786
0.19487834
0.934714
0.0007411541
0.18048187
0.5787566
0.004527258
0.9208208
0.5904895
0.009047053
0.058052216
0.05003534
0.44549403
0.0027794554
0.8501398
0.014004893
0.0020956502
0.2436786
0.26325738
0.70643586
0.009789166
0.119488135
0.71595776
0.71595776
0.9382268
0.005829998
0.006785357
0.5942091
0.03843583
0.83145225
0.5204315
0.031942286
0.711763
0.009987373
0.92604905
0.18992144
0.0070848004
0.014425893
0.7001193
0.43518195
0.4339877
0.013420068
0.080361746
0.6642254
0.40800235
0.0070012156
0.93548614
0.025320327
0.785654
0.9289316
0.0094101885
0.8696849
0.7188585
0.73585266
0.8118605
0.01348419
0.032625344
0.94375193
0.37570474
0.19866766
0.00896423
0.0012950411
0.41348124
0.0017290986
0.8270936
0.01616643
0.63926864
0.30781978
0.63739985
0.9342069
0.03154268
0.0026026755
0.0104777105
0.089455
0.14682098
0.018817738
0.053355787
0.5780204
0.9183875
0.19487834
0.6911106
0.31542712
0.04017117
0.3306002
0.94930065
0.0047673197
0.28241843
0.018829338
0.84234864
0.02685427
0.11392182
0.020159071
0.03680939
0.7876637
0.66894686
0.6071843
0.59234643
0.008288181
0.43487012
0.8024554
0.125594
0.019094009
0.004756044
0.04069165
0.0704666
0.024117254
0.77646846
0.025108714
0.96779287
0.02070584
0.7227876
0.019143814
0.08935853
0.1519361
0.5969656
0.6720644
0.7339869
0.5289399
0.10518216
0.047886644
0.7193437
0.024962487
0.6206777
0.059396796
0.010515853
0.21942434
0.9199734
0.8263407
0.57163775
0.0020932814
0.012793848
0.0028596504
0.6325187
0.8692473
0.91009414
0.5726552
0.5947745
0.0020502592
0.03849946
0.8258649
0.052417133
0.36966273
0.12565942
0.7994659
0.09380121
0.16096877
0.19922763
0.3265581
0.81791854
0.09296909
0.13516016
0.8236425
0.9290658
0.78940916
0.49946603
0.089481324
0.0955518
0.41990343
0.41990343
0.10858978
0.3851015
0.0086593125
0.015724601
0.12383367
0.05735849
0.009802223
0.4935812
0.13682792
0.13748117
0.62430006
0.15184702
0.036639802
0.52456874
0.08851868
0.7589099
0.6771032
0.23056895
0.039088544
0.24748902
0.5376137
0.06097727
0.41990343
0.014713637
0.0024364803
0.1176115
0.07377724
0.014148306
0.84461474
0.6406443
0.19468209
0.7355514
0.015198723
0.15004735
0.44303173
0.06066235
0.9017954
0.59582084
0.0073949383
0.07968668
0.0026513573
0.859493
0.008031618
0.5888539
0.002000663
0.03051219
0.026626231
0.002209252
0.43033352
0.5151232
0.023310665
0.007948359
0.93547
0.69797593
0.6775358
0.39926973
0.0031639969
0.87278974
0.86783636
0.051724672
0.051724672
0.018492073
0.021394912
0.19487834
0.02774749
0.017421536
0.15535037
0.020339541
0.28426233
0.3162727
0.01179604
0.19487834
0.2083579
0.38077086
0.099288814
0.17606375
0.7306727
0.7149041
0.8877121
0.011265362
0.90199167
0.5879587
0.89477235
0.003996853
0.8960382
0.6616113
0.08918326
0.07561847
0.5246188
0.52377933
0.82676244
0.89301854
0.6353034
0.5367573
0.029966382
0.9160172
0.42452073
0.55919445
0.0038091086
0.003535001
0.54662013
0.09202268
0.025049224
0.8032693
0.043743137
0.1157498
0.02790447
0.0038235355
0.68332076
0.62122065
0.66780627
0.7558666
0.91306686
0.0044254167
0.1780608
0.0062231296
0.44161
0.90898126
0.88627344
0.09235042
0.75419873
0.019441167
0.0504695
0.057041004
0.0035545751
0.8692608
0.35608983
0.8057582
0.096204884
0.615464
0.3137881
0.024204483
0.05362399
0.8636923
0.5566079
0.71695685
0.0012142289
0.34877697
0.0032263948
0.4098206
0.19487834
0.3812778
0.07647075
0.8144865
0.0069174534
0.14578235
0.62895864
0.024089348
0.19487834
0.8315966
0.7867984
0.0023680637
0.9160084
0.8135468
0.9160084
0.9160084
0.9160084
0.0042621545
0.04569612
0.91152483
0.49181482
0.64116096
0.010096514
0.8419813
0.7954464
0.025881711
0.7309902
0.31044525
0.76708263
0.614735
0.03594897
0.03594897
0.36950463
0.7218034
0.5258885
0.4476638
0.1608768
0.12614046
0.07266552
0.60339916
0.8183179
0.02202894
0.94208676
0.5649023
0.010642051
0.05677109
0.64299536
0.755242
0.64299536
0.64299536
0.6654279
0.00265045
0.64299536
0.95810974
0.0033358799
0.64299536
0.64299536
0.0059092147
0.25349364
0.31229386
0.04150904
0.5590621
0.63365823
0.0021178355
0.965474
0.6825133
0.29419827
0.44509348
0.008307422
0.5318264
0.4879719
0.04310061
0.8229745
0.7797764
0.72765803
0.011220226
0.095469505
0.85800594
0.12398406
0.88428503
0.82320136
0.64299536
0.0051816422
0.098488405
0.18775097
0.0011178518
0.0148082515
0.9198268
0.00093274267
0.52756405
0.019554213
0.7801246
0.00093035906
0.8420302
0.9236499
0.8582227
0.6716357
0.7832726
0.00549396
0.94519293
0.015537249
0.159995
0.40155387
0.67916733
0.14459948
0.47770017
0.18056133
0.01865719
0.118753314
0.25998023
0.84988344
0.78668416
0.5039913
0.5843875
0.44687933
0.37399033
0.09294877
0.01865807
0.41201532
0.037092634
0.047447164
0.4775759
0.09172826
0.9544608
0.24140032
0.018715756
0.43763542
0.021571232
0.011597759
0.004663124
0.49380732
0.004059587
0.64518
0.34238777
0.51282465
0.5678159
0.8775405
0.025539245
0.013677237
0.37321013
0.18473387
0.81896234
0.035244994
0.0055093574
0.75716406
0.18082146
0.44236237
0.5724983
0.9076378
0.0059530945
0.4447227
0.927883
0.07574918
0.2978416
0.6060994
0.0015775557
0.1531943
0.46563715
0.41949365
0.7016113
0.5031249
0.87221545
0.0068886606
0.0711727
0.7405581
0.38405892
0.084773816
0.4631173
0.9231266
0.893621
0.8962025
0.89645797
0.39188728
0.9062002
0.23525897
0.008127776
0.03188696
0.6719126
0.82987297
0.012490299
0.26979882
0.64427096
0.4879719
0.030136498
0.33103642
0.8625689
0.05392275
0.6015277
0.77651834
0.9384129
0.06648112
0.102890775
0.053047072
0.8671534
0.00228189
0.9008379
0.5466617
0.9281035
0.9162284
0.71113765
0.1301994
0.92673504
0.65728253
0.56849176
0.8283749
0.64680165
0.6875879
0.7541787
0.013436076
0.8470054
0.7082531
0.003463884
0.8977349
0.02213862
0.41855404
0.29236588
0.0010444863
0.6643205
0.8483488
0.43410996
0.91119915
0.85678464
0.42547718
0.011171142
0.05647974
0.014146355
0.04048032
0.6505714
0.5262016
0.0020511944
0.095661856
0.650536
0.056790296
0.4435691
0.052223843
0.046965584
0.054218754
0.034073096
0.5684488
0.07583011
0.08512336
0.46896327
0.0029946312
0.87112445
0.0012857803
0.06708058
0.051588457
0.057606276
0.15897617
0.2876926
0.05364512
0.035378583
0.0012865604
0.32206932
0.028267592
0.04948951
0.007468447
0.8183867
0.092191145
0.84937215
0.73443276
0.49148598
0.13652208
0.02405086
0.79481536
0.0015713623
0.10071363
0.90373945
0.003512507
0.0027288946
0.33422318
0.4540099
0.50007665
0.8581925
0.071876
0.0009527716
0.7983055
0.029525574
0.092749886
0.95341367
0.07847884
0.008068023
0.45444956
0.10263361
0.0068358257
0.03173643
0.748429
0.04406891
0.70513475
0.002140552
0.9109914
0.28309187
0.64714724
0.8112804
0.15628497
0.0017203238
0.31252724
0.43952876
0.78278565
0.008195425
0.10283366
0.003512507
0.77292997
0.11855612
0.027216407
0.19351031
0.37289178
0.40615606
0.52046335
0.39968154
0.82562596
0.009639666
0.894464
0.3186334
0.81583875
0.037322726
0.52422255
0.5575038
0.55358195
0.023565985
0.89024496
0.6939648
0.70772254
0.2995946
0.5201673
0.6341148
0.83097667
0.9328167
0.6520894
0.22790286
0.005910613
0.028528325
0.24134956
0.003512507
0.34839967
0.003512507
0.003512507
0.1301994
