(QUERY): 'AMERICAN-MUSLIM' '01'
Negative Neutral Positive
0.007320024073123932 0.25411975383758545 0.7385601997375488 
0.3226490318775177 0.6375672221183777 0.03978382423520088 
0.33522725105285645 0.6273465752601624 0.03742623329162598 
0.7991721630096436 0.19211509823799133 0.00871274620294571 
0.29153311252593994 0.4508523643016815 0.2576145827770233 
0.3138299584388733 0.6330829858779907 0.05308704078197479 
0.908420979976654 0.08638419210910797 0.0051948451437056065 
0.005789468996226788 0.897392988204956 0.09681747108697891 
0.27117037773132324 0.7046242356300354 0.024205410853028297 
0.25346797704696655 0.615089476108551 0.13144250214099884 
0.8324713110923767 0.16026219725608826 0.007266433443874121 
0.9234442114830017 0.07283304631710052 0.003722695866599679 
0.7266187071800232 0.2658703029155731 0.007510938216000795 
0.008258777670562267 0.4269067347049713 0.5648344159126282 
0.07316521555185318 0.8637647032737732 0.06307007372379303 
0.26593855023384094 0.7081999778747559 0.02586153708398342 
0.720188558101654 0.27243658900260925 0.007374838460236788 
0.196481391787529 0.701943039894104 0.10157553851604462 
0.9101889133453369 0.08581741899251938 0.003993615973740816 
0.03989453986287117 0.9015070796012878 0.05859845504164696 
0.39507731795310974 0.5754963755607605 0.029426302760839462 
0.01792028918862343 0.9397789835929871 0.04230077937245369 
0.0010759345022961497 0.07114896923303604 0.9277750253677368 
0.31110405921936035 0.6108523011207581 0.07804371416568756 
0.0011447792639955878 0.08924269676208496 0.9096125364303589 
0.8375716209411621 0.15030285716056824 0.012125580571591854 
0.15635596215724945 0.7995020151138306 0.04414202272891998 
0.2289174646139145 0.6694384217262268 0.1016441136598587 
0.030178477987647057 0.7344309091567993 0.2353905886411667 
0.026704125106334686 0.36605289578437805 0.6072429418563843 
0.6046011447906494 0.36751478910446167 0.027884114533662796 
0.39997929334640503 0.5846054553985596 0.01541524101048708 
0.9102466106414795 0.08423727005720139 0.005516098812222481 
0.370797336101532 0.5547606348991394 0.074442058801651 
0.8802189230918884 0.11548476666212082 0.00429628835991025 
0.04335319995880127 0.8978868126869202 0.05876003950834274 
0.2249772697687149 0.6576669216156006 0.11735576391220093 
0.8645076155662537 0.12992826104164124 0.005564062390476465 
0.030320124700665474 0.6418729424476624 0.32780691981315613 
0.6790856122970581 0.304787814617157 0.01612653024494648 
0.8845829367637634 0.10838363319635391 0.00703347846865654 
0.8845829367637634 0.10838363319635391 0.00703347846865654 
0.7581824064254761 0.23513244092464447 0.006685163360089064 
0.8301818370819092 0.16246867179870605 0.007349477149546146 
0.5798854231834412 0.39624252915382385 0.023872075602412224 
0.24890214204788208 0.700596034526825 0.05050184577703476 
0.002969752298668027 0.069561667740345 0.9274685382843018 
0.1454407274723053 0.6347664594650269 0.21979285776615143 
0.5402960181236267 0.38390278816223145 0.07580126821994781 
0.5446286797523499 0.4470558762550354 0.008315429091453552 
0.10507987439632416 0.8568997383117676 0.038020431995391846 
0.4263872504234314 0.5535277128219604 0.020085109397768974 
0.0032361557241529226 0.061258018016815186 0.9355058670043945 
0.07560721784830093 0.7143285870552063 0.2100641429424286 
0.0713094100356102 0.8384907841682434 0.0901997983455658 
0.8499268293380737 0.14433696866035461 0.005736229009926319 
0.7087058424949646 0.27185794711112976 0.019436225295066833 
0.1273350864648819 0.7885997295379639 0.08406523615121841 
0.5224245190620422 0.4412553608417511 0.03632015362381935 
0.0009396355017088354 0.11069070547819138 0.888369619846344 
0.003389110555872321 0.08677639067173004 0.9098345637321472 
0.92559814453125 0.07180564850568771 0.0025962169747799635 
0.5966354608535767 0.38969165086746216 0.013672915287315845 
0.24646878242492676 0.6692221760749817 0.08430910110473633 
0.27261191606521606 0.6944286227226257 0.032959457486867905 
0.8437296152114868 0.14939448237419128 0.006875847466289997 
0.04228544607758522 0.8413608074188232 0.11635372042655945 
0.4720005393028259 0.5173174142837524 0.0106820622459054 
0.5777793526649475 0.41373661160469055 0.008484055288136005 
0.3441601097583771 0.6252817511558533 0.030558060854673386 
0.3541663587093353 0.6266579627990723 0.019175659865140915 
0.21222653985023499 0.7699776887893677 0.017795776948332787 
0.8156587481498718 0.17648020386695862 0.007861101068556309 
0.8275357484817505 0.16506633162498474 0.007397925015538931 
0.007306650746613741 0.8874474167823792 0.10524596273899078 
0.004895847290754318 0.8611511588096619 0.1339530497789383 
0.5863298177719116 0.40365347266197205 0.010016648098826408 
0.3524776101112366 0.6271476745605469 0.020374702289700508 
0.9185518026351929 0.07771899551153183 0.00372921209782362 
0.5183441042900085 0.45793062448501587 0.023725342005491257 
0.40982869267463684 0.5747243762016296 0.0154469795525074 
0.6029548645019531 0.36680299043655396 0.03024219162762165 
0.10909078270196915 0.8597790598869324 0.031130220741033554 
0.7091057300567627 0.2836674153804779 0.007226896937936544 
0.06761680543422699 0.3074418902397156 0.6249412894248962 
0.7542282938957214 0.23183873295783997 0.013932964764535427 
0.8396691679954529 0.15542097389698029 0.004909830633550882 
0.3771708905696869 0.602443516254425 0.020385582000017166 
0.701841413974762 0.28110456466674805 0.017053965479135513 
0.21789947152137756 0.7436323165893555 0.03846822679042816 
0.87859046459198 0.11576610803604126 0.005643435753881931 
0.7531080842018127 0.23979218304157257 0.007099684327840805 
0.7531080842018127 0.23979218304157257 0.007099684327840805 
0.1225966215133667 0.852491557598114 0.024911824613809586 
0.6126919984817505 0.37470299005508423 0.012605104595422745 
0.6393038630485535 0.35281774401664734 0.007878463715314865 
0.18162618577480316 0.5641441941261292 0.2542296051979065 
0.9667178392410278 0.03106698952615261 0.0022151709999889135 
0.7762040495872498 0.21793854236602783 0.005857411306351423 
0.006082119420170784 0.18604779243469238 0.807870090007782 
0.7006276249885559 0.2887539565563202 0.010618485510349274 
0.7154569625854492 0.2661319077014923 0.018411124125123024 
0.7354851961135864 0.2540992200374603 0.010415507480502129 
0.6555753946304321 0.3326175808906555 0.011807087808847427 
0.7926901578903198 0.20212042331695557 0.005189402960240841 
0.8083294630050659 0.181646928191185 0.010023637674748898 
0.19599442183971405 0.7660970091819763 0.03790856897830963 
0.7117509245872498 0.2741987407207489 0.014050348661839962 
0.5826732516288757 0.40140292048454285 0.015923885628581047 
0.6447136402130127 0.31544068455696106 0.03984561190009117 
0.9044095873832703 0.09080283343791962 0.00478755496442318 
0.6932060122489929 0.2983328104019165 0.00846114382147789 
0.5238363742828369 0.45066824555397034 0.025495419278740883 
0.6542706489562988 0.33788594603538513 0.007843419909477234 
0.2992332875728607 0.5593858957290649 0.14138078689575195 
0.6089252233505249 0.33741775155067444 0.05365702509880066 
0.6062974333763123 0.3800172209739685 0.01368539035320282 
0.912085771560669 0.08381935209035873 0.004094795323908329 
0.18741503357887268 0.7786245942115784 0.033960334956645966 
0.4232654571533203 0.5545385479927063 0.02219596691429615 
0.5160760879516602 0.4738185703754425 0.0101053137332201 
0.4189757704734802 0.526607096195221 0.05441712588071823 
0.5953593254089355 0.3923697769641876 0.012270883657038212 
0.17362691462039948 0.7962602376937866 0.03011288307607174 
0.8435039520263672 0.14768719673156738 0.008808850310742855 
0.06538734585046768 0.9106147885322571 0.023997914046049118 
0.3524776101112366 0.6271476745605469 0.020374702289700508 
0.5580933690071106 0.43303483724594116 0.008871828205883503 
0.682231068611145 0.29587072134017944 0.02189820073544979 
0.8773483037948608 0.1148412823677063 0.007810444105416536 
0.026692844927310944 0.8655796647071838 0.10772746801376343 
0.266292542219162 0.7007654905319214 0.032941948622465134 
0.6097639203071594 0.3744650185108185 0.015771066769957542 
0.02829698473215103 0.367631196975708 0.604071855545044 
0.3633919656276703 0.621070384979248 0.015537690371274948 
0.05216819792985916 0.9052391052246094 0.04259273782372475 
0.17873486876487732 0.805202305316925 0.016062865033745766 
0.5438963770866394 0.44269469380378723 0.013408929109573364 
0.6097639203071594 0.3744650185108185 0.015771066769957542 
0.5367050170898438 0.3865683674812317 0.07672661542892456 
0.574932336807251 0.41589611768722534 0.009171521291136742 
0.515265941619873 0.4712022840976715 0.013531736098229885 
0.7433592677116394 0.24993617832660675 0.006704569328576326 
0.6805616021156311 0.3115101158618927 0.00792823825031519 
0.3858819901943207 0.5998706817626953 0.01424730010330677 
0.23187097907066345 0.7327541708946228 0.035374876111745834 
0.24422147870063782 0.7000910043716431 0.05568747594952583 
0.6126919984817505 0.37470299005508423 0.012605104595422745 
0.08816538006067276 0.7731092572212219 0.13872534036636353 
0.7495015263557434 0.2441190928220749 0.006379283033311367 
0.45615604519844055 0.531485915184021 0.012358061969280243 
0.7824457287788391 0.21242228150367737 0.00513199158012867 
0.3790739178657532 0.5913134813308716 0.029612571001052856 
0.016060978174209595 0.8809999227523804 0.10293907672166824 
0.4193074703216553 0.5640037059783936 0.016688795760273933 
0.7062060832977295 0.2863069176673889 0.007487023714929819 
0.1319221407175064 0.7726848125457764 0.09539302438497543 
0.2253522127866745 0.7568969130516052 0.01775086298584938 
0.3524776101112366 0.6271476745605469 0.020374702289700508 
0.3610759377479553 0.6012413501739502 0.037682726979255676 
0.4286811053752899 0.4473188519477844 0.12400004267692566 
0.6126919984817505 0.37470299005508423 0.012605104595422745 
0.012532343156635761 0.3411024808883667 0.6463651061058044 
0.863126814365387 0.12739677727222443 0.00947639811784029 
0.6097639203071594 0.3744650185108185 0.015771066769957542 
0.5385693907737732 0.44746091961860657 0.013969696126878262 
0.7609414458274841 0.22776497900485992 0.011293553747236729 
0.8284969925880432 0.16540876030921936 0.006094225682318211 
0.9728878736495972 0.024505827575922012 0.002606290392577648 
0.5446286797523499 0.4470558762550354 0.008315429091453552 
0.9005529284477234 0.09566174447536469 0.0037852819077670574 
0.8826424479484558 0.11188114434480667 0.0054764095693826675 
0.3524776101112366 0.6271476745605469 0.020374702289700508 
0.7690027952194214 0.22411926090717316 0.006877852603793144 
0.5667765736579895 0.42253994941711426 0.010683522559702396 
0.5340031981468201 0.4527565538883209 0.01324018556624651 
0.02889946475625038 0.9469532370567322 0.024147236719727516 
0.5413528084754944 0.44364210963249207 0.015005030669271946 
0.3814311623573303 0.5993691682815552 0.019199669361114502 
0.4036019444465637 0.5679590702056885 0.028438972309231758 
0.48983460664749146 0.4931139051914215 0.017051491886377335 
0.62778639793396 0.35955610871315 0.012657485902309418 
0.6126919984817505 0.37470299005508423 0.012605104595422745 
0.8962411880493164 0.09861286729574203 0.005145919043570757 
0.5125824213027954 0.47532910108566284 0.012088457122445107 
0.5200707316398621 0.45040348172187805 0.029525788500905037 
0.004200422205030918 0.10487320274114609 0.8909263610839844 
0.5669499039649963 0.4239402413368225 0.00910985842347145 
0.8177545666694641 0.17246153950691223 0.009783884510397911 
0.8173159956932068 0.17610853910446167 0.006575512234121561 
0.735858142375946 0.2484978437423706 0.01564401015639305 
0.5704830288887024 0.4185629189014435 0.010954066179692745 
0.8466588854789734 0.14521098136901855 0.008130152709782124 
0.19343945384025574 0.7668970823287964 0.03966351971030235 
0.7859864234924316 0.1992882490158081 0.014725398272275925 
0.022600296884775162 0.8526970148086548 0.12470267713069916 
0.23795458674430847 0.6826169490814209 0.07942848652601242 
0.07002799212932587 0.808148980140686 0.12182311713695526 
0.2010420709848404 0.7596171498298645 0.03934071213006973 
0.8863710165023804 0.10945753753185272 0.0041715349070727825 
0.32441431283950806 0.5227722525596619 0.1528134047985077 
0.9135359525680542 0.08365195244550705 0.002812100574374199 
0.10994991660118103 0.8703407645225525 0.019709259271621704 
0.9326874613761902 0.06429993361234665 0.003012519795447588 
0.15442585945129395 0.8263885974884033 0.019185500219464302 
0.2792119085788727 0.609437108039856 0.1113509088754654 
0.5661906003952026 0.41409194469451904 0.019717425107955933 
0.5218175053596497 0.4264141917228699 0.051768332719802856 
0.8542858958244324 0.1406112164258957 0.005102942232042551 
0.5307096242904663 0.42444655299186707 0.044843800365924835 
0.0035305938217788935 0.09110520780086517 0.9053642153739929 
0.8687452077865601 0.12522967159748077 0.006025118287652731 
0.3824443221092224 0.5968109965324402 0.020744681358337402 
0.8038195967674255 0.18154007196426392 0.014640352688729763 
0.20820756256580353 0.7523401975631714 0.03945231810212135 
0.8074058294296265 0.18509873747825623 0.007495521567761898 
0.6662322878837585 0.32291296124458313 0.010854762978851795 
0.11966589093208313 0.6570855975151062 0.22324848175048828 
0.8459679484367371 0.1462487280368805 0.007783289533108473 
0.8217486143112183 0.17328178882598877 0.004969616420567036 
0.8104649186134338 0.18226072192192078 0.007274285424500704 
0.028320545330643654 0.7297530770301819 0.2419264316558838 
0.0007126560667529702 0.0488625206053257 0.9504247903823853 
0.0072470433078706264 0.3058984875679016 0.6868544816970825 
0.31518474221229553 0.6200405955314636 0.06477471441030502 
0.7066336870193481 0.2828742563724518 0.0104921143501997 
0.019955318421125412 0.22665680944919586 0.7533878684043884 
0.6684785485267639 0.31159552931785583 0.019925979897379875 
0.3948679268360138 0.5262234210968018 0.07890862226486206 
0.0008003246621228755 0.014997546561062336 0.9842021465301514 
0.8221389651298523 0.16417516767978668 0.013685873709619045 
0.7792000770568848 0.20633244514465332 0.01446749921888113 
0.38099467754364014 0.5825914740562439 0.036413829773664474 
0.504992663860321 0.4422110319137573 0.052796293050050735 
0.05255414918065071 0.9205965399742126 0.02684931457042694 
0.7733444571495056 0.20868177711963654 0.01797383464872837 
0.0596945695579052 0.8205812573432922 0.11972417682409286 
0.5548520088195801 0.4223080277442932 0.022839944809675217 
0.421510249376297 0.5585083365440369 0.0199813824146986 
0.922205924987793 0.07525632530450821 0.0025377548299729824 
0.7754661440849304 0.21903911232948303 0.005494799464941025 
0.5154361724853516 0.4733361601829529 0.011227629147469997 
0.05815468728542328 0.9103577733039856 0.03148758411407471 
0.6056596040725708 0.3781035244464874 0.016236865893006325 
0.2878514230251312 0.5601575970649719 0.15199093520641327 
0.1785370409488678 0.8051676750183105 0.016295334324240685 
0.7900015115737915 0.19469566643238068 0.01530290488153696 
0.6646977066993713 0.3251146376132965 0.010187671519815922 
0.015162121504545212 0.6042435765266418 0.38059428334236145 
0.41764920949935913 0.5438244342803955 0.03852636739611626 
0.4712662100791931 0.5115476250648499 0.017186159268021584 
0.9443277716636658 0.052152521908283234 0.003519645892083645 
0.26220986247062683 0.6484739780426025 0.08931617438793182 
0.6797780394554138 0.31060847640037537 0.00961341429501772 
0.6105868816375732 0.37249982357025146 0.016913235187530518 
0.5148630738258362 0.46913495659828186 0.01600199192762375 
0.6156027317047119 0.36878064274787903 0.01561659388244152 
0.36685994267463684 0.5939149856567383 0.03922509029507637 
0.35470759868621826 0.6183321475982666 0.026960216462612152 
0.07108739018440247 0.8953617215156555 0.03355091065168381 
0.4445265829563141 0.5470425486564636 0.00843087863177061 
0.66106116771698 0.3216216266155243 0.017317216843366623 
0.8941095471382141 0.1022147461771965 0.003675680374726653 
0.27703312039375305 0.6298678517341614 0.09309905022382736 
0.7682026028633118 0.22388555109500885 0.007911859080195427 
0.7206186056137085 0.2594060003757477 0.01997544802725315 
0.8235279321670532 0.16872020065784454 0.007751860190182924 
0.8326312303543091 0.16060835123062134 0.006760431453585625 
0.5675598382949829 0.4147637188434601 0.01767641119658947 
0.18963059782981873 0.7575744390487671 0.052795037627220154 
0.5501158237457275 0.4347130358219147 0.015171094797551632 
0.009290354326367378 0.14215826988220215 0.8485514521598816 
0.5121395587921143 0.4704587757587433 0.0174016784876585 
0.6934334635734558 0.2793188691139221 0.027247723191976547 
0.00661342591047287 0.669718325138092 0.3236682713031769 
0.7051486372947693 0.2720372974872589 0.022814055904746056 
0.01539692934602499 0.9317532181739807 0.052849866449832916 
0.0007213485660031438 0.025686372071504593 0.973592221736908 
0.4046438932418823 0.5270676016807556 0.06828849762678146 
0.8810694217681885 0.11339635401964188 0.00553420465439558 
0.6820292472839355 0.30239415168762207 0.015576628968119621 
0.29999151825904846 0.5605579614639282 0.1394505351781845 
0.5080854892730713 0.44003555178642273 0.051878903061151505 
0.1645193248987198 0.38608720898628235 0.44939354062080383 
0.7799116373062134 0.2110399454832077 0.00904841348528862 
0.0009447159245610237 0.04499705508351326 0.9540582895278931 
0.9624035954475403 0.03511294350028038 0.0024835607036948204 
0.6656510829925537 0.320405513048172 0.013943412341177464 
0.24908946454524994 0.7175523638725281 0.033358193933963776 
0.3524776101112366 0.6271476745605469 0.020374702289700508 
0.005882091820240021 0.17585112154483795 0.8182668089866638 
0.9645909070968628 0.0331745445728302 0.0022345222532749176 
0.8087251782417297 0.17669840157032013 0.014576403424143791 
0.4132234752178192 0.5614588260650635 0.025317661464214325 
0.588054895401001 0.3769584596157074 0.034986674785614014 
0.9265811443328857 0.06907972693443298 0.0043390472419559956 
0.013544466346502304 0.2969239056110382 0.6895316243171692 
0.8663626909255981 0.12788279354572296 0.005754490382969379 
0.874320924282074 0.12006763368844986 0.005611532833427191 
0.09064312279224396 0.6932023167610168 0.21615459024906158 
0.4194077253341675 0.46378159523010254 0.11681060492992401 
0.7958391904830933 0.18831980228424072 0.015841085463762283 
0.9059422016143799 0.08891914039850235 0.005138729233294725 
0.003007118823006749 0.04372100159525871 0.9532719254493713 
0.010674473829567432 0.8253059983253479 0.16401955485343933 
0.8958114981651306 0.0978180468082428 0.006370523478835821 
0.20862501859664917 0.729198694229126 0.062176309525966644 
0.012525469064712524 0.9498783946037292 0.037596214562654495 
0.003261588979512453 0.8320546746253967 0.16468369960784912 
0.3298647701740265 0.640516996383667 0.02961820736527443 
0.21389243006706238 0.6992367506027222 0.08687075972557068 
0.5864459276199341 0.40250369906425476 0.011050351895391941 
0.9014891386032104 0.09504634141921997 0.0034645264968276024 
0.5814312696456909 0.4055194854736328 0.0130492327734828 
0.8412529230117798 0.1514764130115509 0.007270635571330786 
0.9399548172950745 0.057303231209516525 0.002741896314546466 
0.41382017731666565 0.5739035606384277 0.01227631513029337 
0.36058056354522705 0.6240102648735046 0.015409239567816257 
0.13786940276622772 0.4446221590042114 0.4175083637237549 
0.21001622080802917 0.6175684928894043 0.1724153310060501 
0.2936602234840393 0.6921641230583191 0.014175607822835445 
0.3501133918762207 0.6015097498893738 0.04837687313556671 
0.251703679561615 0.6943739652633667 0.0539223812520504 
0.5107941031455994 0.42922404408454895 0.05998184531927109 
0.029022589325904846 0.9385003447532654 0.03247701749205589 
0.9333652257919312 0.06409075111150742 0.002543945796787739 
0.8841385841369629 0.11199204623699188 0.003869304433465004 
0.5258145332336426 0.45957985520362854 0.014605637639760971 
0.8696646094322205 0.1246107891201973 0.005724700633436441 
0.9439350366592407 0.05190200358629227 0.004163011442869902 
0.5772076845169067 0.408928245306015 0.013864104636013508 
0.7683947086334229 0.21944911777973175 0.012156233191490173 
0.5019195675849915 0.4832035005092621 0.014876951463520527 
0.14148461818695068 0.6463517546653748 0.21216367185115814 
0.0012305834097787738 0.06349704414606094 0.9352723956108093 
0.8955023884773254 0.09744589030742645 0.007051732856780291 
0.7599671483039856 0.21840426325798035 0.021628616377711296 
0.922171413898468 0.07263679802417755 0.005191693548113108 
0.8743119835853577 0.12027397006750107 0.005414012353867292 
0.22226887941360474 0.6403173208236694 0.13741375505924225 
0.018666047602891922 0.6081695556640625 0.37316441535949707 
0.8241362571716309 0.17008018493652344 0.005783550441265106 
0.3594387471675873 0.5587274432182312 0.0818338468670845 
0.8999865651130676 0.09641070663928986 0.003602750366553664 
0.03209371864795685 0.8458516597747803 0.1220545545220375 
0.001772719551809132 0.3157908618450165 0.6824364066123962 
0.6827018857002258 0.29742008447647095 0.01987800933420658 
0.8458437323570251 0.14819034934043884 0.005965868942439556 
0.79593825340271 0.1890380084514618 0.015023690648376942 
0.024466652423143387 0.5025886297225952 0.4729447066783905 
0.4689289927482605 0.5028561353683472 0.028214899823069572 
0.8950706124305725 0.10110189020633698 0.0038274957332760096 
0.6689302325248718 0.3207453191280365 0.01032443530857563 
0.8049015402793884 0.18321339786052704 0.011885104700922966 
0.9299464225769043 0.06687190383672714 0.0031816798727959394 
0.9304669499397278 0.06636618077754974 0.003166859271004796 
0.25928083062171936 0.7183037996292114 0.022415392100811005 
0.8523132801055908 0.13949371874332428 0.008192998357117176 
0.866303563117981 0.1267886757850647 0.006907764822244644 
0.780206561088562 0.21049334108829498 0.009300047531723976 
0.0012576375156641006 0.014161990955471992 0.984580397605896 
0.8910232782363892 0.10515351593494415 0.0038231683429330587 
0.014750462025403976 0.9322121739387512 0.053037308156490326 
0.8146264553070068 0.17745661735534668 0.007916832342743874 
0.33954623341560364 0.6362767815589905 0.024176958948373795 
0.41636940836906433 0.554314136505127 0.029316406697034836 
0.004827691242098808 0.6910278797149658 0.30414438247680664 
0.6529309153556824 0.33834585547447205 0.008723256178200245 
0.8308794498443604 0.15575101971626282 0.013369432650506496 
0.6360824704170227 0.346501886844635 0.017415650188922882 
0.6325540542602539 0.350272536277771 0.017173385247588158 
0.6308697462081909 0.3516243100166321 0.017505940049886703 
0.7835063338279724 0.21105481684207916 0.0054388162679970264 
0.7658002972602844 0.22628740966320038 0.007912246510386467 
0.5148968696594238 0.4662037789821625 0.01889936625957489 
0.7981737852096558 0.19328294694423676 0.008543252013623714 
0.9175924062728882 0.07747387886047363 0.004933751188218594 
0.6480075716972351 0.34314578771591187 0.008846651762723923 
0.7472891807556152 0.23651660978794098 0.016194185242056847 
0.7450077533721924 0.24564848840236664 0.0093437060713768 
0.5110025405883789 0.45499032735824585 0.03400716930627823 
0.2869569659233093 0.6917992830276489 0.02124376781284809 
0.8761727809906006 0.11803342401981354 0.005793741904199123 
0.7800688147544861 0.21259619295597076 0.007334965746849775 
0.00646684505045414 0.21230344474315643 0.7812297344207764 
0.8006051778793335 0.18930165469646454 0.010093198157846928 
0.5526685118675232 0.43918728828430176 0.008144148625433445 
0.3860059082508087 0.5949215292930603 0.01907265931367874 
0.8633815050125122 0.1308593899011612 0.005759022198617458 
0.022823940962553024 0.46974027156829834 0.5074357986450195 
0.7106539011001587 0.28377166390419006 0.0055744582787156105 
0.51683109998703 0.45974841713905334 0.023420490324497223 
0.5223691463470459 0.4456726312637329 0.0319582000374794 
0.6653201580047607 0.3220389783382416 0.012640852481126785 
0.5107941031455994 0.42922404408454895 0.05998184531927109 
0.47011932730674744 0.5051445364952087 0.024736160412430763 
0.8794153928756714 0.11427175253629684 0.006312791723757982 
0.43591243028640747 0.491380900144577 0.07270673662424088 
0.9106404781341553 0.08647143095731735 0.002888035960495472 
0.3984648287296295 0.5627744793891907 0.03876069560647011 
0.2237737625837326 0.7389363050460815 0.037289999425411224 
0.03500232845544815 0.827347457408905 0.137650266289711 
0.6690735816955566 0.31366363167762756 0.017262760549783707 
0.0072205751203000546 0.17397451400756836 0.818804919719696 
0.6586218476295471 0.3317735493183136 0.009604510851204395 
0.00795325543731451 0.9061636328697205 0.08588316291570663 
0.8102189302444458 0.1815105825662613 0.008270496502518654 
0.8430430293083191 0.14731423556804657 0.009642784483730793 
0.10746756941080093 0.8195228576660156 0.07300963252782822 
0.002761365845799446 0.032111894339323044 0.9651268124580383 
0.4269709289073944 0.5093547105789185 0.06367435306310654 
0.7974489331245422 0.1895274519920349 0.013023626059293747 
0.6904393434524536 0.2994224727153778 0.010138256475329399 
0.6068379282951355 0.37340861558914185 0.019753415137529373 
0.8525732755661011 0.14237044751644135 0.00505633233115077 
0.016489386558532715 0.9245157837867737 0.058994755148887634 
0.8839738965034485 0.11043794453144073 0.005588242784142494 
0.6660677194595337 0.31648313999176025 0.017449209466576576 
0.750758707523346 0.24028638005256653 0.008954860270023346 
0.8166213631629944 0.16794295608997345 0.015435758046805859 
0.4549771547317505 0.5324764847755432 0.01254633255302906 
0.018383894115686417 0.920054018497467 0.06156211346387863 
0.025968648493289948 0.9323806166648865 0.04165073484182358 
0.35451075434684753 0.6050699949264526 0.040419261902570724 
0.8115965723991394 0.18168959021568298 0.00671389838680625 
0.6081752181053162 0.37327221035957336 0.018552599474787712 
0.12275172024965286 0.8022520542144775 0.07499620318412781 
0.8342037200927734 0.15084612369537354 0.014950201846659184 
0.0039456505328416824 0.1152259111404419 0.8808283805847168 
0.41269630193710327 0.5475379228591919 0.03976575657725334 
0.608788788318634 0.36899328231811523 0.02221791073679924 
0.11314120143651962 0.8526401519775391 0.03421861305832863 
0.6236894130706787 0.3695274293422699 0.006783116143196821 
0.9418527483940125 0.05492716655135155 0.0032200210262089968 
0.7723404765129089 0.21507523953914642 0.012584260664880276 
0.7964413166046143 0.19357693195343018 0.00998179242014885 
0.4142656624317169 0.5148234963417053 0.07091083377599716 
0.500540018081665 0.4689118266105652 0.03054816462099552 
0.008543821983039379 0.8961554169654846 0.09530071914196014 
0.9369496703147888 0.05914822965860367 0.0039021645206958055 
0.7743338346481323 0.21662700176239014 0.009039158932864666 
0.7211793661117554 0.2567663788795471 0.022054197266697884 
0.003942202776670456 0.16135090589523315 0.8347069025039673 
0.17051000893115997 0.5181508660316467 0.3113391399383545 
0.33541131019592285 0.46108677983283997 0.20350190997123718 
0.3363114297389984 0.6409907937049866 0.02269776724278927 
0.8809792995452881 0.11323581635951996 0.005784858949482441 
0.26484841108322144 0.7104313969612122 0.02472015470266342 
0.32735475897789 0.6561948657035828 0.01645035110414028 
0.7806474566459656 0.2043241560459137 0.015028448775410652 
0.4423370659351349 0.5229673385620117 0.03469559922814369 
0.42964717745780945 0.5444710850715637 0.025881746783852577 
0.7742055654525757 0.2110765427350998 0.01471788715571165 
0.0011576013639569283 0.10285652428865433 0.8959859013557434 
0.30459100008010864 0.6370929479598999 0.058316078037023544 
0.7647600769996643 0.21890093386173248 0.016338983550667763 
0.9270627498626709 0.06980280578136444 0.003134419908747077 
0.29169490933418274 0.6513201594352722 0.05698501318693161 
0.04778671637177467 0.8768572211265564 0.07535610347986221 
0.6023677587509155 0.3856295049190521 0.012002749368548393 
0.8717790246009827 0.12396087497472763 0.004260116256773472 
0.7505970597267151 0.24269133806228638 0.006711536552757025 
0.4217575192451477 0.5533332228660583 0.02490924298763275 
0.5931037664413452 0.3857429623603821 0.021153263747692108 
0.5483916401863098 0.4051731526851654 0.046435143798589706 
0.08128833770751953 0.6204506754875183 0.29826101660728455 
0.07885754108428955 0.6124931573867798 0.30864930152893066 
0.5110268592834473 0.4489460587501526 0.04002702236175537 
0.0007006182568147779 0.025636248290538788 0.9736630916595459 
0.05137885734438896 0.7454159259796143 0.20320521295070648 
0.9144454598426819 0.08008769154548645 0.005466879811137915 
0.7054034471511841 0.27889716625213623 0.015699395909905434 
0.24091830849647522 0.734592080116272 0.024489635601639748 
0.2936602234840393 0.6921641230583191 0.014175607822835445 
0.23252737522125244 0.7487397193908691 0.018732957541942596 
0.011909620836377144 0.788104772567749 0.19998562335968018 
0.7525321841239929 0.23735395073890686 0.010113836266100407 
0.6290048956871033 0.3536764979362488 0.017318591475486755 
0.2936602234840393 0.6921641230583191 0.014175607822835445 
0.4226718842983246 0.5507331490516663 0.026594974100589752 
0.489631712436676 0.4996776878833771 0.010690632276237011 
0.015078609809279442 0.11933764070272446 0.8655837774276733 
0.6320146322250366 0.32598167657852173 0.04200367629528046 
0.0007492817239835858 0.027803562581539154 0.9714471101760864 
0.8311426639556885 0.15808536112308502 0.010772018693387508 
0.8469837307929993 0.14807215332984924 0.0049441661685705185 
0.917620837688446 0.07876870036125183 0.0036105120088905096 
0.8816125988960266 0.11294450610876083 0.005442906636744738 
0.014840010553598404 0.8471605181694031 0.13799946010112762 
0.20862501859664917 0.729198694229126 0.062176309525966644 
0.20862501859664917 0.729198694229126 0.062176309525966644 
0.20862501859664917 0.729198694229126 0.062176309525966644 
0.6068565249443054 0.3610958158969879 0.03204759955406189 
0.010718556120991707 0.884422242641449 0.10485917329788208 
0.7744467258453369 0.21603061258792877 0.009522696025669575 
0.6205254197120667 0.3363390266895294 0.04313560575246811 
0.19886955618858337 0.5504372715950012 0.250693142414093 
0.12759436666965485 0.7743849158287048 0.09802073985338211 
0.670059323310852 0.3026750683784485 0.0272656437009573 
0.2936602234840393 0.6921641230583191 0.014175607822835445 
0.04105962812900543 0.5434290766716003 0.41551128029823303 
0.5025078058242798 0.48083674907684326 0.016655469313263893 
0.8502935171127319 0.14499960839748383 0.004706853535026312 
0.4321378767490387 0.557558536529541 0.010303566232323647 
0.012168590910732746 0.8210455775260925 0.1667858213186264 
0.13865318894386292 0.8122448325157166 0.04910202696919441 
0.20862501859664917 0.729198694229126 0.062176309525966644 
0.20862501859664917 0.729198694229126 0.062176309525966644 
0.20862501859664917 0.729198694229126 0.062176309525966644 
0.43606817722320557 0.5466328263282776 0.017298998311161995 
0.7440041899681091 0.25089186429977417 0.00510395085439086 
0.41768407821655273 0.5595345497131348 0.02278139814734459 
0.7653943300247192 0.2224511057138443 0.012154554948210716 
0.11730581521987915 0.8177505135536194 0.06494367122650146 
0.5285895466804504 0.4148881435394287 0.056522369384765625 
0.23565590381622314 0.7484625577926636 0.015881581231951714 
0.005504797212779522 0.7690892815589905 0.2254059612751007 
0.20862501859664917 0.729198694229126 0.062176309525966644 
0.005504797212779522 0.7690892815589905 0.2254059612751007 
0.7563608884811401 0.2291870415210724 0.014452080242335796 
0.9016262292861938 0.09508904814720154 0.003284633392468095 
0.006029065232723951 0.7937946319580078 0.20017629861831665 
0.8400939106941223 0.15127292275428772 0.008633178658783436 
0.7431985139846802 0.2466915100812912 0.010109989903867245 
0.006857974920421839 0.4831984341144562 0.5099436044692993 
0.15391261875629425 0.8217574954032898 0.024329904466867447 
0.00815018080174923 0.04757550358772278 0.9442743062973022 
0.06975418329238892 0.6328589916229248 0.2973867654800415 
0.15974728763103485 0.7530059814453125 0.08724673837423325 
0.17322929203510284 0.5728514790534973 0.2539192736148834 
0.774223268032074 0.21458259224891663 0.011194158345460892 
0.6686480045318604 0.3145983815193176 0.0167535487562418 
0.7833079695701599 0.20863762497901917 0.008054401725530624 
0.9307633638381958 0.06679254025220871 0.002444108482450247 
0.22169721126556396 0.7478410005569458 0.030461814254522324 
0.9669044613838196 0.0313078947365284 0.0017876537749543786 
0.014209073968231678 0.9457119703292847 0.040078915655612946 
0.862910270690918 0.12820930778980255 0.008880438283085823 
0.11580201238393784 0.840221643447876 0.04397636279463768 
0.3600267469882965 0.6099916100502014 0.029981626197695732 
0.7657398581504822 0.22347517311573029 0.01078498363494873 
0.002056785160675645 0.08474834263324738 0.9131948351860046 
0.6579819917678833 0.31952133774757385 0.022496642544865608 
0.5107941031455994 0.42922404408454895 0.05998184531927109 
0.01511811837553978 0.31040656566619873 0.674475371837616 
0.747201144695282 0.2460959404706955 0.0067029730416834354 
0.6694551706314087 0.3195623755455017 0.010982492938637733 
0.812021791934967 0.17399829626083374 0.013979903422296047 
0.9538488984107971 0.043908387422561646 0.0022426291834563017 
0.9107507467269897 0.08506020158529282 0.004189015366137028 
0.85564786195755 0.13765783607959747 0.006694302428513765 
0.7759056091308594 0.21857742965221405 0.00551692396402359 
0.005578984972089529 0.6768026351928711 0.31761834025382996 
0.03479995205998421 0.22686311602592468 0.738336980342865 
0.9354323148727417 0.06085634604096413 0.0037113309372216463 
0.8483606576919556 0.13956069946289062 0.012078703381121159 
0.5010597705841064 0.44930267333984375 0.0496375672519207 
0.6197980046272278 0.3617277443408966 0.018474284559488297 
0.003480913583189249 0.2019605189561844 0.794558584690094 
0.14819416403770447 0.7137295603752136 0.13807624578475952 
0.014695856720209122 0.6045509576797485 0.38075312972068787 
0.19368737936019897 0.6057846546173096 0.20052793622016907 
0.6622612476348877 0.32736459374427795 0.010374173521995544 
0.10600221157073975 0.8572681546211243 0.03672962263226509 
0.17942683398723602 0.7810726165771484 0.039500642567873 
0.34516385197639465 0.5961247682571411 0.058711376041173935 
0.919999897480011 0.07451718300580978 0.005482911132276058 
0.8428443074226379 0.1515399068593979 0.005615747533738613 
0.09062133729457855 0.8475768566131592 0.06180187687277794 
0.012207993306219578 0.91768878698349 0.07010328769683838 
0.6321567893028259 0.35869264602661133 0.009150546044111252 
0.06277307122945786 0.874340295791626 0.06288662552833557 
0.44294503331184387 0.5287958383560181 0.0282591599971056 
0.2586437165737152 0.6038955450057983 0.13746072351932526 
0.8127201199531555 0.18191206455230713 0.0053677367977797985 
0.791219174861908 0.2008000761270523 0.00798072200268507 
0.9158498048782349 0.08206958323717117 0.0020806211978197098 
0.42144107818603516 0.555547833442688 0.02301104925572872 
0.1481674760580063 0.5118790864944458 0.3399534225463867 
0.7759056091308594 0.21857742965221405 0.00551692396402359 
0.7354696989059448 0.2534356713294983 0.011094596236944199 
0.9089109301567078 0.0870792344212532 0.004009845666587353 
0.5291252732276917 0.42534562945365906 0.0455290712416172 
0.5291252732276917 0.42534562945365906 0.0455290712416172 
0.00523441331461072 0.5587020516395569 0.4360635280609131 
0.4226193428039551 0.5011828541755676 0.07619775086641312 
0.1601676642894745 0.47751155495643616 0.3623207211494446 
0.5792465209960938 0.4009557366371155 0.019797716289758682 
0.5601298213005066 0.4213588535785675 0.018511326983571053 
0.004572516772896051 0.33649131655693054 0.6589361429214478 
0.8753212690353394 0.11983892321586609 0.004839822184294462 
0.6866527795791626 0.29350098967552185 0.01984620839357376 
0.6632214188575745 0.3291780352592468 0.007600592914968729 
0.012569365091621876 0.8866539001464844 0.10077675431966782 
0.015318297781050205 0.9261135458946228 0.05856812000274658 
0.0024005724117159843 0.05516176298260689 0.9424375891685486 
0.012207993306219578 0.91768878698349 0.07010328769683838 
0.0010173479095101357 0.016582634299993515 0.9824000597000122 
0.8939576148986816 0.10270176827907562 0.0033406345173716545 
0.9154444932937622 0.07978422939777374 0.004771254025399685 
0.6560590863227844 0.3286074101924896 0.015333502553403378 
0.012622484937310219 0.8840445876121521 0.10333298146724701 
0.005439808592200279 0.8319578766822815 0.16260239481925964 
0.0053478023037314415 0.8212454319000244 0.17340683937072754 
0.32800939679145813 0.47202375531196594 0.19996680319309235 
0.013016680255532265 0.918626606464386 0.0683567076921463 
0.4669906198978424 0.5006795525550842 0.03232984617352486 
0.6839600205421448 0.29785123467445374 0.018188802525401115 
0.5570042729377747 0.42004844546318054 0.02294730208814144 
0.9571377635002136 0.04021627455949783 0.002646018983796239 
0.5747904777526855 0.3639315366744995 0.061278026551008224 
0.015546498820185661 0.47220340371131897 0.5122500658035278 
0.6733671426773071 0.31710973381996155 0.009523128159344196 
0.763151228427887 0.22759047150611877 0.009258326143026352 
0.9525130391120911 0.04469984397292137 0.002787182340398431 
0.03998392075300217 0.9394940733909607 0.02052195742726326 
0.7301098704338074 0.2610797882080078 0.008810391649603844 
0.7491538524627686 0.22812610864639282 0.02272011898458004 
0.8011263012886047 0.18688566982746124 0.011988089419901371 
0.14432762563228607 0.8389827013015747 0.01668976992368698 
0.6192657947540283 0.3649820387363434 0.015752192586660385 
0.8402184247970581 0.1524551808834076 0.007326478138566017 
0.4913260340690613 0.46673649549484253 0.04193756356835365 
0.9111252427101135 0.0859128087759018 0.002961936639621854 
0.6471472382545471 0.3082645535469055 0.044588226824998856 
0.003300226293504238 0.7566298246383667 0.2400699108839035 
0.0031840347219258547 0.7423895597457886 0.25442638993263245 
0.6241052150726318 0.3593180477619171 0.016576750203967094 
0.712123453617096 0.2614953815937042 0.026381129398941994 
0.8299423456192017 0.1620619297027588 0.00799577683210373 
0.43946701288223267 0.5252069234848022 0.035325974225997925 
0.4410308599472046 0.5236431360244751 0.03532601520419121 
0.6812199354171753 0.30674514174461365 0.01203489676117897 
0.5907712578773499 0.38473063707351685 0.024498097598552704 
0.9385459423065186 0.05871594324707985 0.0027380737010389566 
0.6795437932014465 0.31041473150253296 0.010041492991149426 
0.28855207562446594 0.6417877674102783 0.06966010481119156 
0.9562321901321411 0.03993579000234604 0.00383210857398808 
0.8485767245292664 0.13783755898475647 0.013585678301751614 
0.7302639484405518 0.2603926360607147 0.009343384765088558 
0.010350590571761131 0.873985230922699 0.11566415429115295 
0.6173669099807739 0.36805349588394165 0.0145795913413167 
0.5067027807235718 0.46389782428741455 0.02939935214817524 
0.35746899247169495 0.5759322643280029 0.0665987879037857 
0.8914475440979004 0.10208109021186829 0.006471362896263599 
0.7344984412193298 0.2514733076095581 0.014028294011950493 
0.1887931078672409 0.7586398124694824 0.052567072212696075 
0.27712583541870117 0.6890227794647217 0.03385142236948013 
0.010705718770623207 0.9217652678489685 0.06752897799015045 
0.9417545199394226 0.05449126288294792 0.0037541731726378202 
0.8517476320266724 0.14474323391914368 0.0035091291647404432 
0.1886397749185562 0.7890071272850037 0.02235308848321438 
0.35378438234329224 0.6009852290153503 0.045230310410261154 
0.83430016040802 0.15985412895679474 0.005845663603395224 
0.2989254593849182 0.6739227771759033 0.02715175971388817 
0.3407041132450104 0.5968703627586365 0.06242552399635315 
0.8133825659751892 0.1793026477098465 0.007314762100577354 
0.05808958038687706 0.5118032097816467 0.4301072061061859 
0.820031464099884 0.17350392043590546 0.006464582402259111 
0.012483037076890469 0.18456649780273438 0.8029504418373108 
0.7552029490470886 0.22464467585086823 0.020152337849140167 
0.7792001962661743 0.2053220123052597 0.015477820299565792 
0.4079136252403259 0.5507232546806335 0.04136309400200844 
0.867822527885437 0.12353169918060303 0.00864575244486332 
0.1411352902650833 0.7968374490737915 0.06202732026576996 
0.916048526763916 0.0803338959813118 0.003617669688537717 
0.6755954027175903 0.31310537457466125 0.011299249716103077 
0.811101496219635 0.17979003489017487 0.009108515456318855 
0.5620856881141663 0.42587241530418396 0.012041865848004818 
0.7257755994796753 0.2609626054763794 0.013261774554848671 
0.34653493762016296 0.5449119210243225 0.10855310410261154 
0.006495572626590729 0.2914862334728241 0.702018141746521 
0.9058068990707397 0.08996760845184326 0.004225473385304213 
0.659868061542511 0.32767632603645325 0.012455620802938938 
0.6623114943504333 0.3261634409427643 0.011525091715157032 
0.6716311573982239 0.31693780422210693 0.011431085877120495 
0.32594966888427734 0.5470024347305298 0.12704791128635406 
0.49993592500686646 0.4887900948524475 0.011274009943008423 
0.951646089553833 0.04580776393413544 0.0025461369659751654 
0.6828750371932983 0.30991190671920776 0.007213003933429718 
0.9216774702072144 0.07222704589366913 0.00609554210677743 
0.8198229670524597 0.17271575331687927 0.007461337372660637 
0.0010760702425614 0.16742543876171112 0.8314984440803528 
0.6532096862792969 0.3226139545440674 0.024176375940442085 
0.6438347697257996 0.33437028527259827 0.02179500088095665 
0.0035156894009560347 0.7067902088165283 0.2896941304206848 
0.0033973404206335545 0.4567861258983612 0.5398164987564087 
0.06959281116724014 0.911892831325531 0.018514379858970642 
0.005737876985222101 0.3328327238559723 0.6614294052124023 
0.6741366386413574 0.32010728120803833 0.005756054073572159 
0.34459158778190613 0.6306228041648865 0.0247856006026268 
0.4349098205566406 0.4742780029773712 0.09081224352121353 
0.011465235613286495 0.9225663542747498 0.065968357026577 
0.9014493227005005 0.09398140758275986 0.004569294396787882 
0.8996923565864563 0.09577404707670212 0.004533686675131321 
0.2026410549879074 0.7495052814483643 0.04785362258553505 
0.14177671074867249 0.8072638511657715 0.05095941945910454 
0.8992853164672852 0.09734413027763367 0.003370596095919609 
0.6748191714286804 0.30612316727638245 0.019057713449001312 
0.40718159079551697 0.5383976697921753 0.054420746862888336 
0.8184854388237 0.17229533195495605 0.009219282306730747 
0.5107941031455994 0.42922404408454895 0.05998184531927109 
0.7030543088912964 0.27851590514183044 0.018429791554808617 
0.014073135331273079 0.7192596197128296 0.2666671872138977 
0.8581776022911072 0.13609562814235687 0.005726836156100035 
0.007977836765348911 0.4241536259651184 0.5678684711456299 
0.22628164291381836 0.7077784538269043 0.06593987345695496 
0.7536560893058777 0.23267862200737 0.013665305450558662 
0.5763422846794128 0.4065762758255005 0.017081424593925476 
0.32445719838142395 0.6494090557098389 0.026133785024285316 
0.8742878437042236 0.12131767719984055 0.004394488874822855 
0.11216972768306732 0.605360209941864 0.28247010707855225 
0.7670562267303467 0.22531934082508087 0.007624500896781683 
0.004146436229348183 0.7999472618103027 0.19590632617473602 
0.79215008020401 0.20285114645957947 0.004998772405087948 
0.10723433643579483 0.8444459438323975 0.04831971228122711 
0.26429349184036255 0.650662899017334 0.08504366874694824 
0.38669073581695557 0.5900254249572754 0.02328384295105934 
0.7860865592956543 0.20254744589328766 0.01136594358831644 
0.7652003169059753 0.2259347140789032 0.0088649345561862 
0.2707536518573761 0.5549101829528809 0.17433612048625946 
0.23874039947986603 0.6872122287750244 0.07404731214046478 
0.9154831767082214 0.07833367586135864 0.00618326012045145 
0.0877944752573967 0.8421142101287842 0.07009124010801315 
0.5479094982147217 0.42749127745628357 0.02459922805428505 
0.045994509011507034 0.9100284576416016 0.04397699609398842 
0.916137158870697 0.08112024515867233 0.002742609241977334 
0.007164687849581242 0.845099925994873 0.1477353721857071 
0.5753012299537659 0.3783986270427704 0.04630015790462494 
0.775370180606842 0.21115848422050476 0.013471418991684914 
0.6273710131645203 0.342521607875824 0.03010735847055912 
0.0021531495731323957 0.21510739624500275 0.7827394604682922 
0.012207993306219578 0.91768878698349 0.07010328769683838 
0.8358194828033447 0.15490223467350006 0.009278210811316967 
0.8386595845222473 0.1570139080286026 0.004326469264924526 
0.07148867845535278 0.8667117953300476 0.061799488961696625 
0.7201288938522339 0.2731177806854248 0.006753374822437763 
0.8375593423843384 0.1584942638874054 0.0039464011788368225 
0.6675178408622742 0.3200959265232086 0.012386246584355831 
0.5763564705848694 0.3990379273891449 0.0246056467294693 
0.89046710729599 0.10576166212558746 0.003771301358938217 
0.0013201221590861678 0.011615457013249397 0.9870643615722656 
0.8221286535263062 0.17216287553310394 0.005708423908799887 
0.004859248176217079 0.2983552813529968 0.6967854499816895 
0.016973288729786873 0.7526289820671082 0.23039768636226654 
0.8413214087486267 0.1521817445755005 0.006496764719486237 
0.017722345888614655 0.3293740749359131 0.6529035568237305 
0.016369936987757683 0.32487601041793823 0.6587540507316589 
0.03170425072312355 0.44721683859825134 0.5210789442062378 
0.02075442485511303 0.34616509079933167 0.6330804824829102 
0.018770961090922356 0.3379133641719818 0.6433157324790955 
0.012207993306219578 0.91768878698349 0.07010328769683838 
0.11029771715402603 0.4786634147167206 0.411038875579834 
0.2869333326816559 0.6349143981933594 0.07815224677324295 
0.6476375460624695 0.34080037474632263 0.011562133207917213 
0.754702091217041 0.22968171536922455 0.015616185031831264 
0.7575491666793823 0.23676764965057373 0.005683203227818012 
0.8253164291381836 0.1677566021680832 0.006926893722265959 
0.7797328233718872 0.20932404696941376 0.010943184606730938 
0.8111543655395508 0.17988704144954681 0.008958619087934494 
0.012207993306219578 0.91768878698349 0.07010328769683838 
0.6801493763923645 0.31159088015556335 0.008259685710072517 
0.8376786708831787 0.15193520486354828 0.010386168956756592 
0.8313197493553162 0.15694983303546906 0.01173037476837635 
0.5906420350074768 0.3177492320537567 0.09160871803760529 
0.031412482261657715 0.9145631194114685 0.05402439832687378 
0.0009129664395004511 0.038245443254709244 0.9608415365219116 
0.3782651126384735 0.585022509098053 0.036712389439344406 
0.9222708940505981 0.07294779270887375 0.004781279247254133 
0.7959390878677368 0.1978655904531479 0.00619535194709897 
0.6121196746826172 0.36928442120552063 0.018595874309539795 
0.1936970204114914 0.6012634634971619 0.20503953099250793 
0.8504876494407654 0.14506639540195465 0.004446022678166628 
0.13174283504486084 0.8216031789779663 0.04665389284491539 
0.5637975335121155 0.4065209925174713 0.02968144230544567 
0.38309890031814575 0.6019759774208069 0.014925104565918446 
0.1542244404554367 0.6602240800857544 0.18555143475532532 
0.8426013588905334 0.15287043154239655 0.004528233781456947 
0.9283883571624756 0.0689363032579422 0.002675294876098633 
0.012207993306219578 0.91768878698349 0.07010328769683838 
0.007495847065001726 0.8670153617858887 0.12548880279064178 
0.6542441844940186 0.2978449761867523 0.04791088402271271 
0.5732347369194031 0.41499343514442444 0.011771856807172298 
0.018933286890387535 0.9401594996452332 0.04090721905231476 
0.9726114273071289 0.025550564751029015 0.0018380527617409825 
0.94404137134552 0.0526941642165184 0.0032644770108163357 
0.536178469657898 0.45518288016319275 0.008638613857328892 
0.852377712726593 0.142660990357399 0.004961227998137474 
0.8400598764419556 0.15214291214942932 0.007797203958034515 
0.885134756565094 0.10816768556833267 0.006697554141283035 
0.0008650139207020402 0.025568634271621704 0.9735663533210754 
0.9254091382026672 0.07171348482370377 0.002877382095903158 
0.0037691458128392696 0.40185919404029846 0.5943716764450073 
0.4645189642906189 0.4720361828804016 0.06344485282897949 
0.39437419176101685 0.5930166244506836 0.012609187513589859 
0.11899616569280624 0.5934302806854248 0.28757357597351074 
0.027108315378427505 0.4558863639831543 0.5170053243637085 
0.020581746473908424 0.4169796109199524 0.5624386072158813 
0.7213206887245178 0.2659566402435303 0.012722719460725784 
0.9685995578765869 0.028703514486551285 0.0026969776954501867 
0.9138019680976868 0.08121895045042038 0.00497908191755414 
0.9408360719680786 0.05726347863674164 0.0019004401983693242 
0.4393182396888733 0.5274516940116882 0.03323008865118027 
0.9181932210922241 0.07764305174350739 0.0041637299582362175 
0.024321703240275383 0.9168264269828796 0.058851875364780426 
0.8933992385864258 0.10225918889045715 0.00434153713285923 
0.756058394908905 0.22356238961219788 0.020379243418574333 
0.012749449349939823 0.8511244058609009 0.13612616062164307 
0.69198077917099 0.3003186583518982 0.00770061369985342 
0.012207993306219578 0.91768878698349 0.07010328769683838 
0.016109563410282135 0.5825149416923523 0.40137550234794617 
0.0062558092176914215 0.16711688041687012 0.8266273140907288 
0.0062558092176914215 0.16711688041687012 0.8266273140907288 
0.0062558092176914215 0.16711688041687012 0.8266273140907288 
0.0062558092176914215 0.16711688041687012 0.8266273140907288 
0.01549654919654131 0.31510481238365173 0.6693986654281616 
0.038629136979579926 0.9281826019287109 0.033188339322805405 
0.01444230880588293 0.9231470823287964 0.06241057068109512 
0.8103081583976746 0.17590221762657166 0.013789655640721321 
0.26313725113868713 0.6068150401115417 0.1300477236509323 
0.005905849393457174 0.3368211090564728 0.6572730541229248 
0.8535873889923096 0.1401979923248291 0.006214595399796963 
0.8927851915359497 0.10134924203157425 0.005865537561476231 
0.02175314724445343 0.8465949296951294 0.13165193796157837 
0.010705718770623207 0.9217652678489685 0.06752897799015045 
0.014964169822633266 0.3637036085128784 0.6213321685791016 
0.5046426653862 0.46510323882102966 0.030254030600190163 
0.2247205227613449 0.752509593963623 0.022769970819354057 
0.9454761743545532 0.05212947726249695 0.0023943346459418535 
0.3934577703475952 0.5794593095779419 0.02708289958536625 
0.4926484525203705 0.47975870966911316 0.027592871338129044 
0.005516182631254196 0.8421794176101685 0.15230442583560944 
0.5397211909294128 0.44867655634880066 0.0116022489964962 
0.65652996301651 0.291080504655838 0.052389536052942276 
0.003398822620511055 0.8335726261138916 0.1630285531282425 
0.30643582344055176 0.6685759425163269 0.024988219141960144 
0.6164547801017761 0.34138864278793335 0.0421566441655159 
0.532723069190979 0.42796236276626587 0.03931456431746483 
0.5663254857063293 0.4156184494495392 0.018056005239486694 
0.004338723607361317 0.6122380495071411 0.38342317938804626 
0.8928995132446289 0.10168765485286713 0.005412766244262457 
0.9296284317970276 0.06790348887443542 0.002468082355335355 
0.4011836647987366 0.5851771235466003 0.01363928522914648 
0.9501042366027832 0.047656573355197906 0.002239207038655877 
0.8173238039016724 0.17483709752559662 0.007839004509150982 
0.042312927544116974 0.9286878705024719 0.028999291360378265 
0.48101523518562317 0.4904610812664032 0.028523623943328857 
0.11972194910049438 0.6457799077033997 0.23449809849262238 
0.8037340641021729 0.19129697978496552 0.004968918859958649 
0.012207993306219578 0.91768878698349 0.07010328769683838 
0.00845198705792427 0.7732633948326111 0.21828457713127136 
0.8682813048362732 0.12350612133741379 0.008212619461119175 
0.8826679587364197 0.11261746287345886 0.00471456628292799 
0.03611656278371811 0.37737584114074707 0.5865076184272766 
0.014340401627123356 0.923978865146637 0.061680857092142105 
0.3988001346588135 0.5511642694473267 0.050035618245601654 
0.42654699087142944 0.5238596200942993 0.04959337040781975 
0.004775247536599636 0.810285747051239 0.18493908643722534 
0.1028379499912262 0.8535676002502441 0.04359445720911026 
0.8873233795166016 0.10786738991737366 0.004809299949556589 
0.835273027420044 0.16057360172271729 0.004153369460254908 
0.5479528307914734 0.4306180477142334 0.0214291512966156 
0.056706927716732025 0.9051471948623657 0.03814593330025673 
0.6723657250404358 0.3109932541847229 0.016641084104776382 
0.034073419868946075 0.8136991262435913 0.15222744643688202 
0.9018934965133667 0.09261444956064224 0.005492031574249268 
0.7674710750579834 0.22273799777030945 0.00979089830070734 
0.4438212811946869 0.5436768531799316 0.0125019121915102 
0.7855419516563416 0.20684339106082916 0.007614619564265013 
0.013094094581902027 0.3770504295825958 0.6098554730415344 
0.1381240040063858 0.4233172535896301 0.4385586678981781 
0.7931820750236511 0.1973375380039215 0.009480460546910763 
0.40978869795799255 0.5456199049949646 0.04459138587117195 
0.5631359815597534 0.42114168405532837 0.01572236232459545 
0.02958378754556179 0.7916964292526245 0.17871980369091034 
0.7657962441444397 0.22056613862514496 0.013637647032737732 
0.024310240522027016 0.6306403875350952 0.3450494408607483 
0.003485140623524785 0.7797624468803406 0.21675235033035278 
0.8183963894844055 0.1701287478208542 0.01147489994764328 
0.012207993306219578 0.91768878698349 0.07010328769683838 
0.005489429924637079 0.8244915008544922 0.17001910507678986 
0.784454882144928 0.20948027074337006 0.006064838729798794 
0.012207993306219578 0.91768878698349 0.07010328769683838 
0.5148282647132874 0.44278889894485474 0.04238278046250343 
0.9515498876571655 0.0453643761575222 0.0030856847297400236 
0.15664279460906982 0.5214779376983643 0.32187923789024353 
0.5634167790412903 0.41666528582572937 0.01991792768239975 
0.9756546020507812 0.022428318858146667 0.0019171311287209392 
0.9189843535423279 0.07654716074466705 0.004468545317649841 
0.894566535949707 0.10148739069700241 0.00394611107185483 
0.7584382891654968 0.23589791357517242 0.005663868505507708 
0.00760425440967083 0.7216549515724182 0.270740807056427 
0.005049537401646376 0.7083837389945984 0.28656676411628723 
0.748088538646698 0.2385779172182083 0.013333518989384174 
0.015034202486276627 0.7958115339279175 0.18915428221225739 
0.40002143383026123 0.555639922618866 0.044338665902614594 
0.0014286284567788243 0.049426499754190445 0.9491448998451233 
0.4023505747318268 0.5818602442741394 0.015789199620485306 
0.6706097722053528 0.302873432636261 0.0265167448669672 
0.8372528553009033 0.1538476049900055 0.008899527601897717 
0.00372316874563694 0.6656190752983093 0.3306577503681183 
0.4899117648601532 0.4949513077735901 0.015136921778321266 
0.9481074213981628 0.04952414333820343 0.002368435962125659 
0.00372316874563694 0.6656190752983093 0.3306577503681183 
0.45862218737602234 0.49874934554100037 0.042628467082977295 
0.004582974128425121 0.06536323577165604 0.9300537705421448 
0.001281030010432005 0.04074185714125633 0.9579771161079407 
0.17671158909797668 0.7948941588401794 0.02839430794119835 
0.5189915895462036 0.4559189975261688 0.025089431554079056 
0.7037999033927917 0.28261807560920715 0.013581961393356323 
0.0074484143406152725 0.768002450466156 0.22454914450645447 
0.003617776557803154 0.5926039218902588 0.4037783145904541 
0.055608607828617096 0.9018755555152893 0.042515769600868225 
0.006763809360563755 0.121352419257164 0.871883749961853 
0.012731076218187809 0.2647124230861664 0.7225565314292908 
0.9600423574447632 0.0378640852868557 0.0020935770589858294 
0.6167886853218079 0.3700482249259949 0.013163072057068348 
0.7750717997550964 0.22002971172332764 0.004898522514849901 
0.32705914974212646 0.6253818273544312 0.04755895584821701 
0.5703566670417786 0.4149430990219116 0.014700218103826046 
0.010409216396510601 0.7874663472175598 0.2021244764328003 
0.44175535440444946 0.5450743436813354 0.013170321471989155 
0.005335862282663584 0.11568465083837509 0.8789794445037842 
0.0569988377392292 0.6085984110832214 0.3344026803970337 
0.04510769620537758 0.8231778740882874 0.13171444833278656 
0.0026110506150871515 0.26792943477630615 0.7294595241546631 
0.0009288014261983335 0.007563134655356407 0.9915080070495605 
0.010007709264755249 0.7328405380249023 0.2571517527103424 
0.3802749216556549 0.6032277345657349 0.016497384756803513 
0.012574356980621815 0.8639732003211975 0.12345238029956818 
0.0027305150870233774 0.6071157455444336 0.390153706073761 
0.3418964743614197 0.5815317034721375 0.07657182961702347 
0.0029121350962668657 0.6503909230232239 0.34669697284698486 
0.5512464046478271 0.424315869808197 0.024437755346298218 
0.008906664326786995 0.8215358257293701 0.16955752670764923 
0.006977593991905451 0.13369102776050568 0.8593313694000244 
0.877531111240387 0.11721841245889664 0.0052504269406199455 
0.892912745475769 0.10130426287651062 0.005782990250736475 
0.002652156865224242 0.5570774674415588 0.4402703642845154 
0.03518311679363251 0.8699991106987 0.09481772035360336 
0.9496590495109558 0.04662548750638962 0.0037154406309127808 
0.4087289869785309 0.5743314623832703 0.016939545050263405 
0.9184770584106445 0.07617797702550888 0.005344986915588379 
0.9526076912879944 0.044601988047361374 0.002790316939353943 
0.3467576205730438 0.5893851518630981 0.06385724991559982 
0.3139236569404602 0.6618934869766235 0.024182850494980812 
0.10505205392837524 0.8253195881843567 0.06962824612855911 
0.40594175457954407 0.5366197824478149 0.05743848532438278 
0.16984227299690247 0.6062011122703552 0.2239566445350647 
0.9272183179855347 0.07018225640058517 0.002599443309009075 
0.023782141506671906 0.8950950503349304 0.08112281560897827 
0.7805449366569519 0.20960041880607605 0.009854674339294434 
0.17930789291858673 0.7422555088996887 0.07843661308288574 
0.7395352125167847 0.24437546730041504 0.016089262440800667 
0.9191686511039734 0.0742865577340126 0.006544820964336395 
0.010957341641187668 0.5280386209487915 0.4610040485858917 
0.5892536044120789 0.38244205713272095 0.028304291889071465 
0.7246983647346497 0.2631451487541199 0.012156550772488117 
0.5580122470855713 0.42472919821739197 0.0172585342079401 
0.756707489490509 0.23185572028160095 0.01143672876060009 
0.0047910031862556934 0.8498462438583374 0.1453627496957779 
0.7636981010437012 0.21931692957878113 0.016984909772872925 
0.002849071053788066 0.3091430366039276 0.6880078911781311 
0.587035596370697 0.39324715733528137 0.01971733383834362 
0.7995995283126831 0.1919339895248413 0.008466457016766071 
0.004152018576860428 0.765774667263031 0.23007327318191528 
0.0017139494884759188 0.2959660291671753 0.7023199796676636 
0.009830117225646973 0.8962826728820801 0.09388725459575653 
0.44421887397766113 0.5332635045051575 0.02251756377518177 
0.0017139494884759188 0.2959660291671753 0.7023199796676636 
0.0018855532398447394 0.07989317923784256 0.9182212948799133 
0.816907525062561 0.17517204582691193 0.007920356467366219 
0.9665051102638245 0.030993856489658356 0.0025010069366544485 
0.8360628485679626 0.15715332329273224 0.00678393105044961 
0.8914445042610168 0.10105754435062408 0.007497957907617092 
0.9503848552703857 0.04693061113357544 0.0026845564134418964 
0.004235116299241781 0.8202295303344727 0.17553535103797913 
0.12776297330856323 0.7666561007499695 0.10558086633682251 
0.8095004558563232 0.17731745541095734 0.013182043097913265 
0.10435433685779572 0.8204008936882019 0.07524476945400238 
0.7852510809898376 0.2075117826461792 0.007237149402499199 
0.004878813400864601 0.8234915137290955 0.17162969708442688 
0.0057009123265743256 0.7663540244102478 0.22794502973556519 
0.004033297300338745 0.7741268873214722 0.2218397855758667 
0.10505205392837524 0.8253195881843567 0.06962824612855911 
0.006705025676637888 0.9161564707756042 0.0771385133266449 
0.9369794130325317 0.05893556401133537 0.0040849437937140465 
0.7586290836334229 0.23578980565071106 0.005581140983849764 
0.003928331192582846 0.7310435771942139 0.26502808928489685 
0.7581362128257751 0.23618844151496887 0.005675432272255421 
0.002848151372745633 0.5044823884963989 0.4926694929599762 
0.0031091594137251377 0.6901048421859741 0.3067860007286072 
0.6936313509941101 0.2973816692829132 0.008986927568912506 
0.8456825613975525 0.14991556107997894 0.0044019087217748165 
0.01145469956099987 0.9294183254241943 0.05912705138325691 
0.009830117225646973 0.8962826728820801 0.09388725459575653 
0.8229691982269287 0.1688651591539383 0.008165615610778332 
0.007206832990050316 0.8823199272155762 0.11047320067882538 
0.55702805519104 0.43000328540802 0.012968706898391247 
0.007567241322249174 0.8069533705711365 0.18547938764095306 
