0.76284754
0.042494655
0.5002235
0.11962261
0.45016912
0.1971454
0.38518852
0.7793577
0.16225225
0.27679577
0.31782883
0.28390622
0.42044348
0.7785993
0.66091734
0.78103113
0.56316143
0.69655573
0.5517791
0.7934796
0.31125778
0.7638739
0.27679577
0.48417237
0.7113126
0.76529515
0.52648276
0.6282336
0.72591776
0.0410895
0.782315
0.81441766
0.097052656
0.17233486
0.60265255
0.7102304
0.6319219
0.11476932
0.71727896
0.79110795
0.8030481
0.7838758
0.73612565
0.0794505
0.46360666
0.388901
0.5563196
0.3015794
0.56172717
0.15619786
0.12587897
0.19447611
0.7185789
0.41826838
0.7892346
0.80822307
0.06528096
0.58702064
0.2668907
0.6895493
0.41752252
0.8773265
0.16159517
0.41204086
0.33575776
0.3490067
0.09459876
0.160672
0.4887811
0.80215436
0.21294834
0.8564681
0.3581658
0.09101071
0.6060828
0.3929241
0.66917926
0.8245924
0.7010101
0.2723277
0.40611535
0.3951255
0.69459265
0.6112494
0.3420746
0.31051788
0.41811308
0.81230587
0.18409835
0.56689334
0.56689334
0.56689334
0.55561095
0.29260656
0.14068021
0.7487438
0.041225035
0.28151307
0.08108572
0.8873752
0.6790062
0.35967085
0.64291745
0.4255314
0.16663902
0.5923177
0.68919194
0.22302908
0.59443694
0.778362
0.5089442
0.42112333
0.45288467
0.5186116
0.5461902
0.8041695
0.30141255
0.21201047
0.20728624
0.7535898
0.753927
0.74011576
0.7168865
0.41789967
0.5521322
0.76265115
0.58585215
0.8511673
0.85028374
0.76765984
0.054968834
0.17935546
0.48920146
0.47243086
0.36028486
0.82845837
0.5111436
0.72664154
0.07215582
0.85833806
0.8323094
0.16703662
0.8244814
0.32940507
0.34384632
0.72549844
0.8497373
0.65851843
0.315915
0.7564816
0.5906664
0.65782225
0.7406603
0.65782225
0.18962613
0.83701
0.4743135
0.9171165
0.8557083
0.76049024
0.633967
0.81675994
0.6960404
0.23611557
0.5598634
0.77098286
0.24089201
0.67547894
0.7243852
0.8789859
0.7658872
0.80817497
0.407314
0.77510387
0.26924387
0.53549004
0.72549844
0.27709943
0.25052258
0.7866564
0.3214228
0.33002463
0.5980769
0.2551082
0.16367288
0.79713154
0.28615737
0.7428665
0.83460504
0.008658689
0.03731735
0.07356782
0.8702413
0.6196205
0.53327435
0.6986344
0.17740805
0.76186866
0.5634507
0.31816134
0.12155285
0.28383303
0.46142638
0.58111906
0.81656957
0.31779984
0.12155285
0.37635076
0.3121264
0.42467445
0.041096672
0.57825536
0.4527952
0.03937913
0.051932096
0.66299564
0.040830854
0.3522551
0.663976
0.16057183
0.051280394
0.5139711
0.6987483
0.5841123
0.603522
0.42032623
0.89763
0.8255837
0.7913191
0.49296808
0.18857522
0.22897531
0.89046246
0.805435
0.38046363
0.48188418
0.42155054
0.7078085
0.42550278
0.7095324
0.8062688
0.9227419
0.1657073
0.37753487
0.6088338
0.66925436
0.050458193
0.72200406
0.86522436
0.25550634
0.65670794
0.52184093
0.6998509
0.28251642
0.56105936
0.32846206
0.81045353
0.26834947
0.794678
0.74998605
0.7469566
0.34335452
0.041225288
0.6486809
0.61117864
0.74135166
0.2993266
0.05005418
0.08900416
0.5082167
0.80418247
0.7193801
0.8095236
0.33335134
0.6318702
0.2972047
0.778541
0.49704626
0.4255174
0.57641095
0.60610306
0.84829986
0.4230754
0.7900073
0.05014133
0.8304086
0.116699174
0.17636634
0.5504329
0.12441461
0.07979918
0.08247596
0.5145427
0.51650614
0.22696435
0.7464949
0.91965145
0.7030647
0.7617198
0.3237021
0.22303772
0.23092751
0.8154631
0.60167414
0.2351797
0.32515866
0.664726
0.3075185
0.617917
0.4905543
0.45730075
0.46591562
0.8352694
0.77654344
0.07413199
0.39739075
0.6347746
0.16641356
0.4519831
0.07348175
0.78846306
0.59596956
0.18387537
0.8192333
0.49503314
0.45356467
0.30812675
0.5492785
0.7670616
0.14607733
0.28992918
0.8710786
0.48954386
0.5890538
0.49198973
0.6184788
0.068306185
0.50443655
0.6360919
0.895716
0.064512506
0.5585845
0.237522
0.7469021
0.3868541
0.2768516
0.74003476
0.68601793
0.240592
0.4490374
0.26689497
0.6279154
0.22668605
0.23261668
0.37665087
0.6538817
0.6380376
0.81165016
0.75761724
0.120921
0.8763448
0.45693165
0.40542594
0.67621434
0.1733022
0.56272155
0.9224571
0.6380376
0.21620384
0.90602213
0.34707868
0.09148224
0.35055715
0.12153676
0.07773475
0.773887
0.14799638
0.19901311
0.80462307
0.69996583
0.2359587
0.40893668
0.051280394
0.03772292
0.8724087
0.63464177
0.71263623
0.50368065
0.051932096
0.45466164
0.13808097
0.47949937
0.8831061
0.26042965
0.896264
0.050130796
0.400339
0.5054013
0.1268301
0.14007108
0.6758649
0.65018964
0.14953782
0.7039767
0.12199874
0.15456653
0.16961244
0.77917403
0.1608327
0.6380376
0.016709123
0.66121274
0.24146871
0.33047596
0.0401892
0.56035304
0.6077897
0.86505824
0.8991573
0.27679577
0.11328011
0.68370706
0.50733954
0.8702413
0.11562507
0.54257774
0.34322947
0.04001259
0.66489893
0.78167653
0.40755844
0.8567044
0.45730633
0.83378637
0.7336868
0.48599678
0.6983249
0.58266497
0.67506903
0.42502406
0.24803472
0.6164188
0.6932328
0.20605536
0.18903385
0.23577206
0.8647349
0.23743509
0.67547894
0.7511256
0.82591474
0.52269983
0.41789967
0.06309166
0.85017586
0.72549844
0.781679
0.66121274
0.5280957
0.74411064
0.8095236
0.7831578
0.8571555
0.044649262
0.18023399
0.69838345
0.80912966
0.70033044
0.5343621
0.20066334
0.06539417
0.14616738
0.82544565
0.12021882
0.19822791
0.58970445
0.21741451
0.2246017
0.8889931
0.66158104
0.82631993
0.3654354
0.07472765
0.693595
0.72851044
0.8238275
0.73828965
0.65726054
0.6857324
0.14936674
0.7226228
0.22352523
0.78283787
0.17600939
0.03879903
0.2521905
0.8482994
0.2831489
0.16367288
0.3199124
0.28390622
0.6701717
0.19080037
0.4626711
0.78103113
0.5517791
0.62563014
0.44362664
0.457886
0.7638739
0.76529515
0.10344293
0.52648276
0.09419435
0.56390506
0.68429816
0.72591776
0.57272136
0.698807
0.81441766
0.7102304
0.6319219
0.1254219
0.79110795
0.5563196
0.7735832
0.5950752
0.23247865
0.5732869
0.56172717
0.8067464
0.45868585
0.7892346
0.80822307
0.87288296
0.5783298
0.6200586
0.38328695
0.7714072
0.52631325
0.22650109
0.83460504
0.057898827
0.4421758
0.3040715
0.51818126
0.6410476
0.21294834
0.8878334
0.042705256
0.7492431
0.14642595
0.1009094
0.70904124
0.23484182
0.1594726
0.27371994
0.7010101
0.66917926
0.093925215
0.048286628
0.43300736
0.06412644
0.18409835
0.3543917
0.23070095
0.5594908
0.27679577
0.17813686
0.7972822
0.09276201
0.27785417
0.7810008
0.393007
0.43045208
0.5923177
0.64291745
0.24912627
0.79525566
0.5089442
0.39271528
0.2636443
0.3397831
0.5515589
0.2768421
0.5461902
0.8041695
0.6977512
0.91113216
0.14401947
0.8511673
0.46737453
0.72664154
0.88501924
0.59583145
0.65851843
0.8497373
0.67159426
0.86496574
0.27797663
0.5631937
0.25081074
0.76049024
0.4657879
0.5529392
0.47520527
0.80254805
0.110731356
0.7689046
0.07399162
0.38578638
0.77510387
0.12158503
0.83084166
0.8836421
0.4805335
0.16466293
0.12158503
0.124416895
0.52213204
0.32787442
0.31797025
0.76235384
0.17587337
0.3612238
0.6196205
0.8047202
0.20071708
0.60070986
0.8789859
0.8862837
0.42771894
0.27547047
0.76186866
0.5634507
0.76289886
0.23792401
0.28383303
0.14699121
0.3065991
0.20153081
0.52477074
0.080071405
0.45554549
0.3036081
0.7873588
0.03711605
0.93530536
0.51053566
0.46079886
0.90594906
0.5105744
0.807616
0.42200252
0.6977973
0.552611
0.615846
0.15315065
0.051280394
0.044714507
0.7913191
0.85197335
0.6863974
0.2971937
0.24439497
0.46598205
0.11732981
0.64621717
0.77493674
0.68244195
0.48188418
0.72089404
0.2679678
0.6809974
0.31680626
0.3119033
0.10438896
0.71399146
0.4373855
0.2414716
0.86522436
0.72200406
0.14677061
0.13566226
0.18085219
0.49165028
0.3731874
0.2523345
0.270353
0.5818073
0.8126697
0.7699912
0.74998605
0.7317055
0.034524594
0.04339133
0.11610232
0.25348663
0.5595416
0.39224228
0.3836541
0.84264123
0.47964603
0.47329107
0.18426588
0.61753345
0.74135166
0.6486809
0.5147132
0.86338997
0.4958738
0.27873638
0.46998084
0.4914713
0.33335134
0.39483666
0.40281096
0.7219804
0.2340428
0.044714507
0.35552844
0.7843733
0.03937913
0.28072935
0.051932096
0.46850327
0.5909125
0.5909125
0.87288296
0.60610306
0.1719298
0.8880354
0.054951347
0.8304086
0.55533886
0.16585836
0.4558082
0.9128047
0.45415762
0.27919942
0.6580379
0.30304936
0.30676034
0.29627594
0.21465655
0.60197926
0.7617198
0.23926783
0.43162984
0.08134518
0.4880148
0.60167414
0.1283611
0.1275049
0.876033
0.35094476
0.42568946
0.6813548
0.20783247
0.2553114
0.23462848
0.45730075
0.31823555
0.46591562
0.41354492
0.087058626
0.14102677
0.8295063
0.0775769
0.39739075
0.1410747
0.23386799
0.46140042
0.8192333
0.7670616
0.6562953
0.20214573
0.24439497
0.059349623
0.22892238
0.24446365
0.84757334
0.5577696
0.6360919
0.60632294
0.20048511
0.4056887
0.8359473
0.8528935
0.6795478
0.33732608
0.2565042
0.5688612
0.37165686
0.4490374
0.46493763
0.4163274
0.6085421
0.58524984
0.64891315
0.30569232
0.6318185
0.13558766
0.23123312
0.5393721
0.43791375
0.4726847
0.27679577
0.6380376
0.13420829
0.31186268
0.59198725
0.40542594
0.2758216
0.66439766
0.27880028
0.4977133
0.437709
0.77425474
0.6380376
0.24684721
0.5869282
0.7590283
0.3373285
0.29678538
0.5298288
0.7752485
0.21328801
0.6381106
0.25136483
0.27679577
0.7080574
0.627674
0.22755153
0.593132
0.6380376
0.6224101
0.07024685
0.55149865
0.11923493
0.25590557
0.40409082
0.17136694
0.536483
0.5395827
0.68370706
0.033755165
0.03937913
0.27944592
0.13319892
0.61435866
0.34322947
0.11909151
0.16843162
0.81569797
0.8388464
0.33579114
0.3340974
0.52814955
0.039907232
0.11428226
0.5958474
0.07560597
0.2628642
0.5220371
0.5092783
0.10184584
0.27923843
0.388901
0.5046963
0.069410995
0.05779431
0.73455435
0.7906925
0.23324625
0.5601997
0.25306362
0.3847978
0.66786337
0.03348845
0.40988985
0.2345254
0.781679
0.20988171
0.22299677
0.7813305
0.20051499
0.7831578
0.38970983
0.5137347
0.38970983
0.6118185
0.80912966
0.69838345
0.71727896
0.093721315
0.70033044
0.59462905
0.13051622
0.12021882
0.8028332
0.20793113
0.71421045
0.58970445
0.10389526
0.8189849
0.8889931
0.31946874
0.82631993
0.57304066
0.3654354
0.24089201
0.51257205
0.693595
0.72851044
0.094606064
0.8238275
0.73828965
0.65726054
0.6857324
0.2174388
0.07686278
0.5077852
0.14691375
0.3340974
0.27125847
0.8482994
0.2521905
0.36950487
0.49764088
0.43240625
0.28390622
0.78103113
0.5933058
0.5517791
0.4307104
0.5479524
0.2222245
0.8702413
0.49077734
0.32507887
0.7638739
0.76529515
0.52648276
0.03510076
0.108305305
0.72591776
0.40032765
0.03491778
0.45230705
0.81441766
0.6319219
0.7102304
0.1217548
0.5734827
0.81814134
0.79110795
0.17360924
0.055411506
0.5563196
0.36572698
0.36951151
0.6228147
0.56172717
0.29655018
0.1255814
0.24056529
0.1579471
0.80822307
0.7892346
0.67614293
0.494876
0.585391
0.6019936
0.013825789
0.14581996
0.060171615
0.9017255
0.14390178
0.42550278
0.51298386
0.65670794
0.38411427
0.5114265
0.6623424
0.149258
0.149258
0.68532574
0.6800766
0.40611783
0.21294834
0.25486407
0.85028374
0.6318783
0.22897531
0.7193313
0.66917926
0.7010101
0.037694294
0.18409835
