0.14272581
0.0013852919
0.89521277
0.6800911
0.5771409
0.4967937
0.42741415
0.28443444
0.86379385
0.7664416
0.55563015
0.42653975
0.34267864
0.23610501
0.70511
0.109742515
0.19993833
0.2423705
0.072786495
0.007650558
0.8881992
0.18123418
0.21404327
0.10522234
0.22063152
0.49917737
0.41130176
0.39037335
0.09779875
0.4061083
0.007310246
0.84801733
0.68079835
0.53068954
0.0008724291
0.71978414
0.062227756
0.5299325
0.43446258
0.5309917
0.74897176
0.6129804
0.6004716
0.7542982
0.55042535
0.17289615
0.8823847
0.56851095
0.25281516
0.36884654
0.5078772
0.09609815
0.30741292
0.3336858
0.9374392
0.059529074
0.32463026
0.16218719
0.84284663
0.28410572
0.6840568
0.49240145
0.15106387
0.27184537
0.43767276
0.14453208
0.33718687
0.15083948
0.5325894
0.1340776
0.7829291
0.0013852919
0.8787038
0.54051405
0.46758425
0.061899927
0.024747835
0.56009567
0.8643642
0.9536453
0.40167582
0.82383835
0.9340156
0.78383344
0.1818595
0.45070624
0.4588716
0.84676605
0.020651916
0.8367186
0.25647384
0.89378107
0.15016285
0.103457876
0.28602815
0.27121112
0.11232353
0.9296276
0.16100977
0.23121658
0.5317886
0.5147278
0.48258498
0.004271502
0.96235687
0.018291367
0.7449386
0.6615489
0.0013852919
0.3346559
0.6949069
0.24193591
0.4855061
0.027649378
0.15012185
0.25167727
0.35799265
0.10802892
0.47423047
0.2593642
0.5886248
0.6088171
0.03318439
0.89661866
0.71331817
0.3596936
0.022519473
0.27737328
0.52110255
0.9211845
0.59765905
0.022082923
0.5809131
0.14761224
0.07167944
0.32402596
0.1824169
0.014003114
0.19351481
0.48699027
0.007753776
0.19351481
0.16108592
0.22717132
0.35526234
0.14453208
0.7540385
0.22421832
0.40663752
0.0013852919
0.8760023
0.19351481
0.924457
0.5165515
0.6015395
0.022092631
0.40345797
0.27756995
0.7519211
0.19441074
0.30161312
0.06773914
0.45025975
0.07593683
0.3829282
0.74743444
0.9190937
0.04828123
0.15308331
0.51010275
0.30478385
0.025366746
0.5006546
0.7714929
0.68949085
0.1459055
0.31195933
0.0072584436
0.42616653
0.0028943634
0.82932544
0.41047353
0.027079994
0.36328775
0.072212026
0.5305318
0.010762928
0.17791487
0.5923089
0.8375355
0.043997362
0.28252134
0.47305298
0.009024746
0.31195933
0.0019442909
0.101619564
0.24404342
0.6840568
0.046258193
0.9340105
0.8349914
0.73377043
0.6909738
0.67378265
0.0013852919
0.849422
0.23064959
0.54169095
0.90516007
0.003890551
0.8052151
0.8404183
0.007926224
0.023094635
0.2980726
0.28500986
0.0038737904
0.5159194
0.5267333
0.9188516
0.42617866
0.65743095
0.0031249356
0.093775384
0.110668994
0.04792952
0.041583996
0.26963648
0.56980073
0.24999668
0.03509344
0.6443756
0.68298423
0.4257092
0.6006491
0.855827
0.91118383
0.30755976
0.34167138
0.0022441589
0.3284501
0.19052379
0.0046603265
0.348772
0.2775158
0.25147307
0.48766306
0.43752405
0.7531218
0.5984473
0.7157647
0.79001963
0.59821075
0.3441305
0.725712
0.7376957
0.8688128
0.14453208
0.52127373
0.01890996
0.72080463
0.8098176
0.34229642
0.86673373
0.014883274
0.022092631
0.3927863
0.0012446961
0.071381174
0.5787348
0.20761907
0.023577495
0.0013852919
0.8116987
0.108272195
0.12082776
0.71184045
0.0070135994
0.87454027
0.73766994
0.7431712
0.83724266
0.04123134
0.041686606
0.7071971
0.22870731
0.017795878
0.11106352
0.8301093
0.7110684
0.78087175
0.2640569
0.4974558
0.07137748
0.025887297
0.18080007
0.0030185946
0.89894515
0.41747078
0.2879776
0.19293557
0.76622665
0.3579854
0.2640569
0.29900458
0.16494042
0.078346506
0.24437137
0.21076076
0.9402044
0.8586947
0.13167109
0.01813623
0.39952198
0.002008177
0.38751975
0.31415573
0.303877
0.19052379
0.005227967
0.3347223
0.02199516
0.80866724
0.76233953
0.48136988
0.6471865
0.016206957
0.87092185
0.21580319
0.04028554
0.10118329
0.7437021
0.30627275
0.31422734
0.847514
0.70447147
0.7553832
0.12058159
0.45732582
0.6301019
0.34147376
0.7165174
0.80916023
0.64076775
0.7437021
0.9455138
0.20813292
0.09908328
0.8537425
0.022493223
0.4123181
0.0013852919
0.3857501
0.03363631
0.8906403
0.9561472
0.8823611
0.17405677
0.43240446
0.028056793
0.030076997
0.0063736346
0.17059667
0.8262824
0.6624571
0.16698389
0.68530864
0.21886064
0.8904828
0.3234865
0.4960405
0.89521277
0.62962145
0.7668468
0.86010134
0.16904517
0.86309797
0.91223484
0.62489164
0.6248612
0.2065847
0.49243122
0.19200796
0.3565356
0.7565928
0.7680535
0.70443684
0.7846923
0.43140557
0.5115613
0.660601
0.69486153
0.57478327
0.0030482397
0.4581013
0.60816014
0.69534034
0.1794261
0.19301616
0.83303034
0.2916903
0.6913055
0.12976995
0.8754067
0.09981022
0.2916903
0.8264907
0.4332414
0.24167393
0.60216254
0.75786513
0.69457704
0.16660753
0.39296195
0.7437021
0.4391041
0.62173027
0.049080137
0.91001534
0.14453208
0.13704541
0.5116207
0.7570676
0.05197343
0.43602622
0.7569618
0.014557444
0.035283294
0.7638124
0.14032362
0.55854535
0.5575168
0.48774764
0.6840568
0.7520501
0.03436569
0.022092631
0.121097
0.87061805
0.13122585
0.6866632
0.5129417
0.0059574437
0.18193649
0.0013852919
0.05050531
0.61468655
0.89914536
0.56640416
0.50978214
0.8068034
0.5233891
0.047813486
0.003472951
0.29145667
0.005402787
0.16569744
0.049033795
0.6380349
0.40893495
0.50187945
0.23323028
0.028345486
0.0037973258
0.20646961
0.76587147
0.51904196
0.2917003
0.1262691
0.6352919
0.6501637
0.20646961
0.16597755
0.7149949
0.5454824
0.5678525
0.75291586
0.45225778
0.74427015
0.5112978
0.36221027
0.007422647
0.3914621
0.7055137
0.016953522
0.5471264
0.42482907
0.48834184
0.5759392
0.0056669987
0.14238329
0.67075306
0.7853127
0.018947463
0.0071015283
0.54134303
0.27344945
0.86015195
0.49688104
0.77466184
0.1556875
0.13969992
0.5343889
0.8295732
0.546727
0.888256
0.10511554
0.59324974
0.17124145
0.63265216
0.5053526
0.21157509
0.63265216
0.6613949
0.5433235
0.7317326
0.2558475
0.59369904
0.28798622
0.35399866
0.7437021
0.88683504
0.30837473
0.94785565
0.6130118
0.0052340734
0.29693547
0.6123517
0.008321724
0.26472217
0.71085477
0.85031503
0.26333085
0.58748287
0.5669725
0.19898885
0.8211724
0.76622665
0.57591856
0.10078878
0.46682718
0.6482128
0.91964275
0.25296548
0.5469488
0.33931518
0.8602021
0.40579063
0.087821595
0.07305961
0.81810373
0.7494155
0.23386456
0.5125533
0.3776859
0.43781722
0.03754652
0.5352379
0.33067656
0.053385455
0.7912351
0.8562886
0.74922025
0.25998297
0.24393593
0.8188599
0.15615782
0.6838255
0.4955432
0.6904014
0.92712647
0.6425881
0.0038479862
0.73747754
0.46465573
0.054303188
0.020011872
0.8719865
0.93137014
0.0013852919
0.8740277
0.77130544
0.66910565
0.7223343
0.4541924
0.54971266
0.16270003
0.9447319
0.68067706
0.04019196
0.3952498
0.21319026
0.33748695
0.38256282
0.81891876
0.24096662
0.8506858
0.9100129
0.9584137
0.7383602
0.22723913
0.24102633
0.09785756
0.43296546
0.2167307
0.7583552
0.65788007
0.14951865
0.93243486
0.4497522
0.926845
0.7529403
0.9033447
0.8612168
0.50869745
0.056102443
0.56735164
0.8355502
0.61651915
0.23061301
0.80054945
0.12738033
0.036041263
0.5505999
0.28407413
0.7542823
0.8778982
0.008382544
0.74595547
0.65467227
0.004228224
0.6902576
0.069326706
0.26794726
0.6027772
0.26794726
0.8583247
0.26837105
0.6193393
0.77037275
0.720371
0.18367405
0.56141657
0.21012728
0.04704374
0.71096194
0.72676986
0.036166303
0.039294396
0.73643494
0.7831493
0.8079465
0.14453208
0.75989544
0.103522874
0.18829815
0.009877693
0.081178464
0.9571998
0.89742345
0.5977491
0.29452842
0.3761285
0.2998227
0.29192835
0.105531394
0.5352379
0.5352379
0.408511
0.44296393
0.9056601
0.9056601
0.9056601
0.9056601
0.7518191
0.21331255
0.8734973
0.19788717
0.7849282
0.46746492
0.5591282
0.87111616
0.8133642
0.119514994
0.40595257
0.26629683
0.10985303
0.15410288
0.78142554
0.52000415
0.78893816
0.68023545
0.7579135
0.0074728234
0.483337
0.5110268
0.5230121
0.8095095
0.6643491
0.37524107
0.6289115
0.42488065
0.012147704
0.10452537
0.0013852919
0.03989949
0.57549405
0.017702866
0.47685632
0.4743274
0.85032886
0.11642357
0.16205795
0.94820666
0.26889664
0.15928712
0.86350614
0.004725283
0.03305638
0.7731416
0.01177639
0.015222129
0.031670634
0.30712718
0.13860486
0.023341252
0.7051658
0.41761267
0.17879023
0.602545
0.1848546
0.4009979
0.022092631
0.054284938
0.23225176
0.49740365
0.88466746
0.6453685
0.7093904
0.6700083
0.039622977
0.0053799795
0.19149093
0.6257217
0.4300766
0.5347375
0.211677
0.3102643
0.75255233
0.008941737
0.36977866
0.09610027
0.13132277
0.0042947466
0.8093353
0.438597
0.034785546
0.41860825
0.054087263
0.33631903
0.7192228
0.7033093
0.6758585
0.2911436
0.5306032
0.078620106
0.3573678
0.22876118
0.7117656
0.005289915
0.005560678
0.102383934
0.59974337
0.19601053
0.03144781
0.09198264
0.46894732
0.102383934
0.008688448
0.76166457
0.6599476
0.6199749
0.091545165
0.3890251
0.059628803
0.68273765
0.9195944
0.10880969
0.4734667
0.00076708413
0.38408998
0.0038089636
0.03163488
0.7772038
0.49868518
0.40936458
0.0036494331
0.8357169
0.8199266
0.6741933
0.7477813
0.4964779
0.12373791
0.8023942
0.9075648
0.3483354
0.38881147
0.7375877
0.017499017
0.8520404
0.3903909
0.0018742066
0.6244916
0.35016608
0.5938228
0.8445793
0.010704278
0.41381526
0.61394286
0.87199813
0.86956084
0.38517386
0.014730186
0.2766493
0.8545185
0.6840568
0.0057597137
0.0039975834
0.0015300527
0.68319017
0.8210897
0.35504544
0.84007436
0.58987826
0.7858715
0.08983175
0.0013852919
0.0013858454
0.848572
0.8697234
0.42176494
0.11126201
0.7077014
0.0013085838
0.8706028
0.8761243
0.3903909
0.0748026
0.75351876
0.12628998
0.0135099245
0.123577714
0.010375353
0.85311794
0.7976113
0.01722636
0.2148159
0.90494394
0.0060789804
0.54761314
0.72550696
0.6994965
0.6914792
0.014797258
0.2726315
0.70883256
0.5813769
0.15277058
0.7694201
0.14453208
0.32409588
0.63334864
0.5482212
0.7054156
0.35699525
0.81731004
0.83732575
0.23615688
0.0022099477
0.7306653
0.7780347
0.07708097
0.083760776
0.0748026
0.73121077
0.2840415
0.0024314283
0.0017093621
0.0011165406
0.5684479
0.0013852919
0.029578434
0.9046749
0.051497586
0.93544453
0.4174389
0.8426828
0.71699667
0.91415
0.8691607
0.80298245
0.19983926
0.9378884
0.5319713
0.017354613
0.19431303
0.71326125
0.71494204
0.77422774
0.722854
0.3863766
0.52012193
0.6827254
0.83221245
0.5834158
0.8337394
0.23764166
0.9367323
0.1469922
0.66596764
0.44235918
0.08075165
0.90170467
0.7590148
0.013395412
0.47395012
0.012568163
0.64775455
0.011197197
0.07755968
0.86402375
0.5614463
0.82267094
0.9002634
0.41830778
0.53681934
0.11706054
0.8092245
0.15133081
0.1457644
0.075261995
0.4122768
0.43989047
0.5265392
0.5696933
0.899413
0.7649154
0.23342998
0.52503544
0.32177088
0.9459363
0.02694117
0.8904468
0.899413
0.0013852919
0.71435493
0.6676833
0.6130118
0.7017342
0.49319822
0.6617108
0.2440426
0.21369562
0.022092631
0.68437123
0.7512823
0.016761955
0.43227175
0.6368687
0.28870177
0.016140563
0.0103427265
0.17683338
0.57357585
0.6508213
0.8970618
0.9002634
0.62131214
0.44955295
0.30800322
0.89369214
0.5326661
0.17391004
0.007589505
0.019884638
0.68137693
0.67665213
0.17452462
0.87074804
0.67378265
0.6697461
0.8621399
0.8748174
0.58023137
0.3817283
0.8168251
0.030869843
0.6327383
0.72971076
