0.23471332
0.5179055
0.6509986
0.6057551
0.46655482
0.7895736
0.35338217
0.73536587
0.33584264
0.5614415
0.7698328
0.1595255
0.74928325
0.39690557
0.7691958
0.5335939
0.16241471
0.7895736
0.7984965
0.86286694
0.11393318
0.43258002
0.161799
0.33913386
0.66665775
0.106183805
0.64715946
0.7292097
0.5399444
0.5614415
0.85792845
0.8633554
0.80971754
0.85296607
0.1685652
0.60161656
0.65367156
0.5271826
0.87722915
0.4625358
0.5008009
0.10290559
0.83016163
0.68432
0.8133106
0.87349325
0.6144288
0.14134216
0.19604878
0.1128019
0.104320884
0.59536064
0.85565716
0.5837176
0.5614415
0.7201637
0.65380317
0.30150008
0.18221359
0.18422525
0.5675771
0.47872502
0.19533038
0.22094256
0.18235616
0.76204646
0.453969
0.08088893
0.14440355
0.61626005
0.19746666
0.85920346
0.85920346
0.14801969
0.9312342
0.7668912
0.6262569
0.08690855
0.8247319
0.38337687
0.5614415
0.66904616
0.69319016
0.48472807
0.09807097
0.2616056
0.5621642
0.08654401
0.74266636
0.42518923
0.690155
0.551414
0.54860353
0.623573
0.86066693
0.623573
0.48058614
0.66151345
0.47835618
0.060525592
0.5614415
0.29056793
0.776486
0.3360777
0.22378667
0.12585077
0.7557078
0.47073707
0.60217494
0.60373366
0.21687303
0.74029523
0.89574605
0.3578663
0.3311842
0.8043382
0.31123075
0.28156435
0.5788266
0.3916234
0.6194504
0.29214066
0.77409583
0.17125794
0.5614415
0.5184461
0.20291576
0.2972396
0.5442195
0.5377453
0.7248211
0.32070914
0.46581775
0.7548635
0.40249303
0.57440865
0.84043115
0.8869694
0.7207426
0.2692352
0.8320742
0.78354764
0.5614415
0.54812837
0.62211406
0.11209075
0.1333581
0.7807595
0.58433384
0.68350935
0.5725251
0.56059206
0.27522236
0.5317252
0.8840976
0.10615864
0.5524666
0.14089862
0.88384795
0.7959618
0.5229845
0.42412615
0.24786209
0.62481064
0.63610077
0.65253115
0.45907798
0.5614415
0.5085857
0.6781936
0.7116566
0.36921936
0.3721251
0.046258498
0.5869302
0.6733278
0.144196
0.13069856
0.43882287
0.6892695
0.681117
0.5799145
0.14796731
0.8388841
0.54725987
0.8362177
0.24490124
0.075484194
0.07042405
0.38814193
0.5987808
0.755457
0.46621624
0.44154465
0.5614415
0.88168734
0.578855
0.41933745
0.30956537
0.550615
0.8942502
0.74795294
0.46269673
0.72502065
0.72713274
0.48667163
0.8672895
0.6051761
0.34507865
0.45778358
0.6807166
0.13746445
0.33702993
0.4845268
0.12134559
0.46898255
0.42113948
0.6094827
0.12389257
0.5128048
0.80483925
0.55235326
0.36213195
0.5365714
0.69517416
0.1697032
0.4050938
0.013372284
0.45058072
0.81685823
0.83609134
0.15391517
0.60560334
0.810354
0.23302114
0.41264465
0.7795193
0.18768674
0.5614415
0.24998085
0.26806232
0.40898773
0.2536773
0.6687211
0.457066
0.29834023
0.1464382
0.6722356
0.7114783
0.5824162
0.23305026
0.09748777
0.080892965
0.36492985
0.5367023
0.5220946
0.4344465
0.42757437
0.7054743
0.8686544
0.27601132
0.3213812
0.43975765
0.90553427
0.5581605
0.76451844
0.38250002
0.5021471
0.6259843
0.36439547
0.25001916
0.6766794
0.48754448
0.5029969
0.14525685
0.70808715
0.44997302
0.3804074
0.8082548
0.72247905
0.62211406
0.5583824
0.556154
0.42181873
0.4250227
0.8218371
0.514543
0.7025579
0.7469151
0.058925476
0.5614415
0.5962067
0.47150123
0.14229932
0.14901777
0.8250194
0.33162677
0.41178623
0.6049003
0.56059206
0.654674
0.6822946
0.2845982
0.7637325
0.72372824
0.82433975
0.7658608
0.629104
0.45227453
0.6069419
0.020876046
0.2203824
0.22346352
0.4418879
0.09197248
0.2795981
0.7721226
0.20860924
0.2562613
0.38581818
0.57777953
0.7352712
0.20965074
0.2705515
0.2423604
0.7893716
0.27993348
0.052726902
0.7927001
0.2587601
0.79280186
0.6933045
0.79991466
0.5189846
0.6604466
0.47738796
0.22337171
0.28992635
0.048557915
0.50222194
0.55104333
0.13693985
0.78319484
0.6612184
0.44734377
0.03941359
0.7990607
0.7866004
0.8460644
0.032537166
0.7968457
0.20555909
0.270179
0.37723383
0.71574336
0.11381618
0.6049003
0.2723702
0.67343533
0.08034213
0.46817482
0.121591456
0.7262868
0.82209444
0.26959684
0.22776508
0.47943094
0.26432285
0.6818681
0.65115154
0.5883475
0.79152274
0.69281447
0.68504167
0.014305337
0.70042723
0.092664436
0.30191663
0.47661752
0.32969055
0.29096645
0.694255
0.6525792
0.6323704
0.471403
0.370472
0.27342838
0.6515551
0.63891035
0.490977
0.2087851
0.68648005
0.22039677
0.7871879
0.62421626
0.7664986
0.13273087
0.4999891
0.7233817
0.5215383
0.8084116
0.8084116
0.8084116
0.8084116
0.8084116
0.8084116
0.8084116
0.32307348
0.8084116
0.8084116
0.8084116
0.8084116
0.8084116
0.8084116
0.8084116
0.54082143
0.7182285
0.6321818
0.4555539
0.15819497
0.4999891
0.6896103
0.81268865
0.5206937
0.032309256
0.8548661
0.5191941
0.51676816
0.49218446
0.6798305
0.14192757
0.46483594
0.26325008
0.73969924
0.778424
0.2788045
0.6671283
0.6733021
0.47449228
0.7087009
0.68772125
0.80956686
0.29772696
0.39184013
0.6936786
0.8517219
0.72236323
0.810891
0.073650986
0.8371535
0.8355055
0.821805
0.36855352
0.16809763
0.15471983
0.71662515
0.74271774
0.37015006
0.7735873
0.35647509
0.6781196
0.62814575
0.23060966
0.08118868
0.08118868
0.82949704
0.03097814
0.1507679
0.8379987
0.74759835
0.5614415
0.24580395
0.6043883
0.54725987
0.8874454
0.41403845
0.35330966
0.75973666
0.64826196
0.18883488
0.5524764
0.33264637
0.8297925
0.23748009
0.45976958
0.5737208
0.59943455
0.6111824
0.1302837
0.5424497
0.31271523
0.07075399
0.76013726
0.5883265
0.7694971
0.46681592
0.10369822
0.22964755
0.5433004
0.4533598
0.64315975
0.8452253
0.75232714
0.5987808
0.46621624
0.8997856
0.09714085
0.48581645
0.9000047
0.8281853
0.76769745
0.87969095
0.2360218
0.65288466
0.046636358
0.29657406
0.550615
0.3160551
0.5614415
0.66111743
0.3323063
0.64829594
0.591579
0.46037492
0.2909207
0.4878432
0.63335544
0.6276282
0.47971427
0.3188091
0.4795451
0.72139144
0.78360385
0.05695844
0.11861118
0.38816828
0.5614415
0.8134003
0.23167899
0.582517
0.3194269
0.51883227
0.3314915
0.5781486
0.18189369
0.36255586
0.926078
0.53968203
0.056042638
0.78917223
0.13946386
0.42141202
0.8589041
0.46377897
0.33571476
0.7168678
0.6259045
0.820639
0.7580956
0.4734541
0.42113948
0.42113948
0.42141202
0.4572311
0.46259475
0.7975292
0.5614415
0.42141202
0.53297937
0.8253278
0.82839406
0.17321613
0.080513224
0.86625624
0.1304834
0.29935125
0.22133522
0.57441384
0.8121062
0.1659406
0.44328785
0.3181381
0.7428893
0.71709263
0.49659607
0.5021548
0.07038619
0.8242038
0.4572311
0.4572311
0.4572311
0.4572311
0.4572311
0.4572311
0.4572311
0.4572311
0.4572311
0.46377897
0.46377897
0.40006754
0.4572311
0.45683783
0.395302
0.6207463
0.46377897
0.46377897
0.42141202
0.35962546
0.45683783
0.45683783
0.3382196
0.61276084
0.63342524
0.32398805
0.5842187
0.62058026
0.13946386
0.5614415
0.10114363
0.46078232
0.389081
