0.57289994
0.12783861
0.062082414
0.94519633
0.018451119
0.9677633
0.043976232
0.36188227
0.904619
0.9373896
0.030510264
0.15210198
0.01918043
0.0628169
0.76143897
0.28586763
0.1185758
0.22891916
0.26686266
0.35259295
0.06840214
0.1785232
0.16224281
0.13413492
0.060028687
0.770593
0.04452967
0.12237741
0.36473796
0.08842416
0.23805915
0.060488988
0.08515749
0.02002302
0.8291329
0.9886059
0.9432448
0.060846854
0.04820839
0.05956707
0.04820839
0.05956707
0.6600562
0.1275752
0.9677633
0.060846854
0.48496118
0.13221411
0.04313681
0.014703298
0.023302114
0.060942385
0.033208866
0.051694892
0.047623493
0.02135017
0.017070878
0.12250582
0.10972208
0.9677633
0.073347256
0.70467657
0.08844245
0.026661068
0.91753244
0.026097927
0.018618971
0.8008979
0.012065802
0.012468548
0.00725924
0.028972784
0.17533197
0.16739088
0.46810538
0.111385874
0.9677633
0.08215594
0.951419
0.34529147
0.7077483
0.013145256
0.50203335
0.43885043
0.32321045
0.06563283
0.022470286
0.015686126
0.05923965
0.008463975
0.010386728
0.9107554
0.03525015
0.9060802
0.09447623
0.50476897
0.093890496
0.055855613
0.15456629
0.11662022
0.099584654
0.015930997
0.35712004
0.30463612
0.8399142
0.6630737
0.9693225
0.010243127
0.025813404
0.020886047
0.91344374
0.6578689
0.7368432
0.028088996
0.006507829
0.028056126
0.05362903
0.028056126
0.11289999
0.5898679
0.014685353
0.0077489917
0.0063209757
0.034702484
0.265755
0.10460167
0.05893116
0.04218938
0.21212946
0.2507126
0.14173104
0.9315513
0.076598965
0.016023902
0.021470996
0.91573364
0.009538878
0.018705333
0.07649376
0.4418688
0.1349425
0.013513731
0.9619737
0.12692343
0.98436695
0.6392561
0.09631089
0.06561749
0.87656325
0.081489034
0.33193552
0.21907513
0.0064982306
0.2591268
0.40920785
0.9250903
0.54605633
0.97755265
0.39347467
0.4105235
0.8989496
0.03472932
0.937591
0.17445031
0.4783185
0.019443067
0.8241898
0.9879167
0.085462674
0.57229835
0.93865126
0.2374305
0.003471513
0.8450465
0.95669526
0.051758774
0.027996104
0.8951382
0.9324226
0.017634384
0.09714513
0.06407094
0.024152476
0.380236
0.2607915
0.010815998
0.31058273
0.029702585
0.012761283
0.3544848
0.19626558
0.9677633
0.08358083
0.061028708
0.91213554
0.4513219
0.96989006
0.0055558556
0.689934
0.22633411
0.032608703
0.020256517
0.95845026
0.07948467
0.0059556905
0.01571917
0.04431136
0.011049906
0.01647361
0.01307093
0.011997437
0.54214007
0.19675668
0.037256885
0.16933666
0.18328834
0.5737038
0.63494885
0.037822265
0.32514915
0.02942628
0.37329295
0.4875051
0.82334065
0.007967231
0.020026721
0.93833166
0.059624307
0.9677633
0.010645276
0.004772847
0.7951417
0.8714536
0.23628135
0.5121697
0.20434378
0.8690308
0.8280604
0.012479187
0.0067517767
0.02315498
0.5634504
0.48359832
0.8487632
0.21823332
0.006826177
0.0038782961
0.0045570177
0.015673432
0.1093034
0.38375345
0.90228087
0.7949456
0.7450065
0.0047736405
0.027840488
0.029626923
0.051136695
0.95299274
0.117353395
0.0049368474
0.0040976205
0.021470996
0.23821312
0.106159985
0.01063659
0.018515876
0.26632908
0.9275394
0.003986976
0.039624453
0.043766234
0.014674864
0.06562112
0.78936154
0.06120441
0.9811117
0.019377474
0.8896873
0.008907835
0.9677633
0.03651238
0.021224733
0.011360733
0.058362924
0.02985388
0.038698185
0.937189
0.049701348
0.32073256
0.6757841
0.2706533
0.10448573
0.013379367
0.8265667
0.18545748
0.24195924
0.15530871
0.0065037054
0.15558524
0.0047204574
0.06486257
0.027650652
0.05112364
0.008315688
0.14678979
0.27707443
0.5248008
0.9693769
0.19571178
0.88160866
0.9192485
0.42054793
0.075876564
0.30941683
0.03723008
0.07846501
0.015635952
0.18285008
0.9562769
0.04209674
0.009473563
0.16730054
0.071524724
0.23126869
0.9652757
0.9677633
0.032109655
0.012332319
0.016218523
0.047707416
0.12042349
0.010857659
0.004392478
0.029057248
0.027114835
0.005735632
0.06991201
0.9486848
0.02077403
0.026073717
0.75397235
0.009911007
0.014151309
0.003423441
0.004545614
0.9314925
0.111590296
0.9849317
0.00370106
0.9402341
0.008466023
0.35499877
0.002243863
0.23104866
0.004225484
0.039830077
0.039830077
0.8024097
0.032446723
0.54550326
0.30618346
0.05593725
0.9413593
0.6085058
0.2315277
0.86420107
0.03202635
0.0155063225
0.008562134
0.008770289
0.09887134
0.11989293
0.9677633
0.36283764
0.53207767
0.3581162
0.0073049664
0.9742745
0.014324163
0.0035535193
0.11705615
0.4064506
0.3668611
0.06369067
0.013839762
0.0925658
0.009801977
0.9740825
0.023711704
0.00828783
0.030366194
0.09191318
0.9677633
0.8934457
0.067337185
0.30618265
0.14516461
0.44930947
0.62279445
0.07653814
0.17742
0.87775296
0.650811
0.8779063
0.65849566
0.024575457
0.49011758
0.4804617
0.9677633
0.027684782
0.019414514
0.3622391
0.012091953
0.0030169818
0.6592923
0.018744284
0.9677633
0.05152733
0.8050627
0.14657035
0.13139102
0.010342263
0.0036627646
0.94918185
0.0059524965
0.23836347
0.3446859
0.952936
0.20098004
0.48277238
0.00529588
0.42338407
0.872961
0.004514961
0.14411107
0.06873417
0.06657785
0.6279414
0.01783824
0.02108871
0.005400573
0.47413328
0.01868586
0.013004065
0.0070569185
0.07569135
0.10305447
0.01873818
0.3622391
0.0074727675
0.009307599
0.12050042
0.0715371
0.013518572
0.2783069
0.02853057
0.6398399
0.043210633
0.2806371
0.14627887
0.06091916
0.039390948
0.072216585
0.06366055
0.06057604
0.29875544
0.21592815
0.6220632
0.04609683
0.980721
0.7360817
0.010989077
0.18249768
0.25754857
0.01050508
0.01050508
0.0177563
0.048848342
0.029270975
0.017723775
0.015057562
