0.011467857
0.06456473
0.06188013
0.008979883
0.01492697
0.38530836
0.31268305
0.010463615
0.004193687
0.03740217
0.26716304
0.17676416
0.004196027
0.056027055
0.056027055
0.0072276057
0.0072276057
0.011467857
0.06456473
0.060091477
0.06188013
0.7880706
0.7987614
0.71523803
0.0050218524
0.26716304
0.119465545
0.009852444
0.17676416
0.056027055
0.056027055
0.14260767
0.38530836
0.71352917
0.06456473
0.06188013
0.05254958
0.26716304
0.17676416
0.056027055
0.056027055
0.02026025
0.005474559
0.011021817
0.06456473
0.06188013
0.014640777
0.8362347
0.010858408
0.26716304
0.17676416
0.027435225
0.03965764
0.11060726
0.0066467333
0.19702862
0.056027055
0.016897585
0.056027055
0.03557252
0.38530836
0.023518693
0.056554943
0.039142504
0.21528798
0.35116804
0.06188013
0.26716304
0.20576641
0.17676416
0.056027055
0.056027055
0.006390823
0.15314363
0.06456473
0.04758158
0.06188013
0.26716304
0.04238172
0.38530836
0.20576641
0.010100295
0.060295306
0.17676416
0.486467
0.14581761
0.056027055
0.056027055
0.013346219
0.014685353
0.6393648
0.06456473
0.265755
0.013767748
0.0054971967
0.06188013
0.08163927
0.26716304
0.20576641
0.17676416
0.056027055
0.056027055
0.013068975
0.06484787
0.095112815
0.07227617
0.06456473
0.019163648
0.024576854
0.67909545
0.38530836
0.06188013
0.011983013
0.009525577
0.39590108
0.26716304
0.34142
0.20576641
0.022421889
0.015323438
0.17676416
0.09540495
0.056027055
0.056027055
0.3337346
0.003957816
0.03688342
0.008058743
0.047964368
0.9151409
0.06456473
0.3667667
0.17968318
0.27015564
0.18856609
0.06188013
0.389363
0.26716304
0.015493813
0.20576641
0.17676416
0.013164402
0.056027055
0.056027055
0.05273493
0.38530836
0.14260767
0.019762976
0.06456473
0.010845186
0.12896457
0.06188013
0.110513635
0.26716304
0.4804429
0.065659925
0.045010366
0.004324228
0.20576641
0.17676416
0.044607926
0.056027055
0.056027055
0.0030268768
0.006803475
0.024152476
0.04048323
0.029451303
0.06456473
0.06188013
0.37179533
0.20576641
0.17676416
0.056027055
0.056027055
0.38530836
0.04111187
0.0047195237
0.09092626
0.06456473
0.06188013
0.028913349
0.005491404
0.05234121
0.26716304
0.014267961
0.20576641
0.0040162634
0.003992221
0.17676416
0.056027055
0.056027055
0.03955767
0.015383108
0.07761281
0.014886876
0.06456473
0.06188013
0.38530836
0.26716304
0.052749287
0.25199872
0.20576641
0.0067517767
0.17676416
0.26133803
0.056027055
0.056027055
0.0111570945
0.022580262
0.015308059
0.17676416
0.010827823
0.07355545
0.4140769
0.06456473
0.071224876
0.06188013
0.31872004
0.02520351
0.008721256
0.0029687227
0.26716304
0.0037941479
0.005341274
0.20576641
0.022929786
0.056027055
0.056027055
0.028503764
0.027136117
0.29118562
0.013636834
0.38530836
0.8909296
0.06456473
0.041467108
0.025654597
0.06188013
0.042522743
0.06562112
0.094644316
0.26716304
0.08617047
0.003914265
0.20576641
0.09689145
0.056027055
0.27544335
0.13930981
0.06456473
0.03129341
0.003133716
0.06188013
0.020532522
0.038664322
0.038690146
0.21974874
0.26716304
0.07751747
0.20576641
0.9831086
0.056027055
0.056027055
0.0104374215
0.009610896
0.002921542
0.38530836
0.027650652
0.0032506906
0.9694286
0.01236257
0.06456473
0.14260767
0.06188013
0.025935588
0.26716304
0.10906569
0.018107153
0.20576641
0.056027055
0.056027055
0.39916143
0.19880909
0.046394717
0.06456473
0.029970039
0.06188013
0.029057248
0.019749226
0.26716304
0.004132617
0.20576641
0.75397235
0.38530836
0.056027055
0.056027055
0.0107181305
0.35199344
0.01862793
0.9867411
0.06456473
0.06188013
0.26716304
0.20576641
0.06724114
0.61145586
0.056027055
0.056027055
0.048467603
0.17806298
0.07257364
0.06456473
0.06188013
0.05784225
0.38530836
0.064792484
0.26716304
0.035884507
0.040361907
0.20576641
0.056027055
0.056027055
0.06944569
0.03118049
0.012770757
0.10854822
0.004209544
0.06456473
0.031565912
0.18212494
0.06188013
0.019548774
0.26716304
0.009925768
0.0050526676
0.009689435
0.01196029
0.056027055
0.056027055
0.06323864
0.010607967
0.38530836
0.49011758
0.06456473
0.06188013
0.10769688
0.0067332545
0.26716304
0.056027055
0.056027055
0.016493918
0.019485358
0.036884297
0.06456473
0.06188013
0.033634152
0.033105813
0.26716304
0.056027055
0.056027055
0.38530836
0.14260767
0.0032358957
0.06456473
0.031663492
0.06188013
0.023634274
0.0166352
0.029927216
0.06873417
0.043538425
0.26716304
0.047122892
0.23450148
0.056027055
0.056027055
0.013670836
0.06877502
0.06456473
0.46490547
0.3404478
0.10152771
0.055581134
0.07569135
0.618861
0.7192217
0.077705875
0.17275664
0.17827787
0.06188013
0.12855226
0.031740334
0.056051746
0.25674087
0.26716304
0.003679235
0.358309
0.38530836
0.6518116
0.20090002
0.056027055
0.056027055
0.6198319
0.07585042
0.007049521
0.06456473
0.06188013
0.03858689
0.08962633
0.26716304
0.20576641
0.027350688
0.056027055
0.056027055
0.0043500983
0.32192555
0.06456473
0.38530836
0.06188013
0.010186866
0.0087442165
0.00985115
0.00985115
0.26716304
0.3636453
0.20576641
0.25754857
0.0065555423
0.056027055
0.056027055
0.096978135
0.008306737
0.017723775
