0.720178
0.0022307106
0.004903047
0.087220006
0.7702953
0.004973533
0.28928968
0.004523253
0.174617
0.042925946
0.06128197
0.7824029
0.6025588
0.00081700203
0.7359771
0.80988616
0.72560066
0.174617
0.174617
0.6993472
0.8968907
0.0036062093
0.62071127
0.78072804
0.008518435
0.053250153
0.1278037
0.7342386
0.82585204
0.08276474
0.10425982
0.03748464
0.21967724
0.79558474
0.20467107
0.21967724
0.86761296
0.74678177
0.35469294
0.40879008
0.5255872
0.5228742
0.053250153
0.079405695
0.115353644
0.39195332
0.86752844
0.010231104
0.43529987
0.8959377
0.5262338
0.7649627
0.044046488
0.9388031
0.8816719
0.6978508
0.6786069
0.43385285
0.19864143
0.20349413
0.5650331
0.87758523
0.46036857
0.36679927
0.14119726
0.70722747
0.71375763
0.48779353
0.60308534
0.09219441
0.19934258
0.7543986
0.64999753
0.053250153
0.32755545
0.70375466
0.6363478
0.42807636
0.43245766
0.09866976
0.20112917
0.7624011
0.037200198
0.7343255
0.14918195
0.46007338
0.23129313
0.24880996
0.053250153
0.09892854
0.3019091
0.0030692862
0.66462713
0.47414866
0.09356899
0.22790283
0.024085242
0.6835975
0.09892854
0.078133754
0.053250153
0.7923592
0.6386437
0.8025368
0.14929888
0.82229656
0.0045117745
0.021367712
0.026504831
0.43716934
0.23123166
0.29480714
0.15462217
0.81288886
0.25432065
0.5759687
0.053250153
0.9256498
0.07322065
0.87641996
0.61024904
0.45853984
0.6860398
0.65950346
0.2826151
0.8459613
0.8504598
0.85465807
0.9089057
0.7196392
0.023931943
0.5331222
0.34365502
0.9073281
0.0031949268
0.24183008
0.1747442
0.27364478
0.30452386
0.22661349
0.053250153
0.099467695
0.69163835
0.68714535
0.554969
0.109621964
0.23047376
0.80836934
0.02608399
0.2615513
0.11293308
0.56767327
0.14653923
0.6970924
0.0030082911
0.34857178
0.016141374
0.0038772714
0.63265413
0.25484228
0.6919264
0.4116608
0.15577535
0.24165116
0.2265366
0.29394445
0.13123395
0.5010339
0.11675514
0.46722198
0.2833733
0.660476
0.022268659
0.3923983
0.89570665
0.9312544
0.3158527
0.47203386
0.60553545
0.6134271
0.91758007
0.592942
0.69015044
0.11175269
0.26026285
0.027241342
0.8905044
0.78897625
0.053250153
0.25968167
0.91811186
0.02774295
0.5500906
0.24825774
0.8507779
0.8201059
0.17270368
0.0006982161
0.7534134
0.5536558
0.17878047
0.6986186
0.94346875
0.8718651
0.046224765
0.81818604
0.2789109
0.7222332
0.01713443
0.95126075
0.65910876
0.80607677
0.58477956
0.0045699175
0.026843866
0.03691661
0.007758205
0.028978648
0.0258936
0.0065747825
0.02559579
0.0320803
0.24616483
0.05219276
0.37754503
0.008560319
0.1314279
0.009534042
0.4929074
0.0035035426
0.39332193
0.53526366
0.7117919
0.012753233
0.024074718
0.83470744
0.056856655
0.70191944
0.3346916
0.3358331
0.048566274
0.011125346
0.007243321
0.06787881
0.019034954
0.5479011
0.59002906
0.042197153
0.34793067
0.47355756
0.16365759
0.15112832
0.57027394
0.0049090283
0.7494304
0.0018730366
0.47077557
0.0194921
0.88019234
0.4205769
0.7348592
0.020579368
0.72107065
0.48184043
0.41808447
0.47674543
0.14530028
0.8844126
0.2580844
0.52130353
0.12021929
0.028123068
0.5473903
0.36003885
0.045636076
0.07249644
0.19429408
0.21418758
0.18311997
0.1142796
0.011142162
0.13109264
0.0094277235
0.023847051
0.49977592
0.21999685
0.22411107
0.9071591
0.6697866
0.03347079
0.060848903
0.06398737
0.010774911
0.10431135
0.721767
0.066262
0.04886509
0.07819716
0.07819716
0.42456773
0.61419904
0.018805115
0.1849167
0.108084746
0.086449355
0.5836954
0.24032563
0.22017337
0.21999685
0.45912227
0.005533337
0.040910758
0.04216797
0.050914958
0.0013280287
0.5616767
0.11922736
0.84314185
0.31817952
0.84314185
0.055522013
0.31393415
0.3611364
0.1081432
0.0013693795
0.080091074
0.25998437
0.4665458
0.028085358
0.33521673
0.26298648
0.21999685
0.041657086
0.029552061
0.013629016
0.021423874
0.028669327
0.26951706
0.538278
0.44822413
0.08945336
0.013946827
0.039894275
0.08359308
0.006218228
0.03797695
0.04138189
0.54641896
0.0032301722
0.1370768
0.028295003
0.050375313
0.016434811
0.21999685
0.29201376
0.11184895
0.0053230487
0.060379207
0.19279589
0.5231122
0.4236186
0.0930645
0.041378245
0.77047765
0.014029943
0.004020806
0.704876
0.7052743
0.0739305
0.018213283
0.2963765
0.0042434917
0.088869676
0.3238285
0.28740615
0.6863512
0.37966698
0.08662896
0.2410487
0.37966698
0.24134517
0.0066134017
0.034438074
0.034438074
0.0961377
0.19888304
0.058018193
0.037154064
0.0025142052
0.025762048
0.8724742
0.4812435
0.053250153
0.16878735
0.29217687
0.13698153
0.03658669
0.025980655
0.16074471
0.008950414
0.71041256
0.38796252
0.67688197
0.06515007
0.3017716
0.2808178
0.006994996
0.91723406
0.67216825
0.32377967
0.01173942
0.4191328
0.82861286
0.71124554
0.018059634
0.45941958
0.13878445
0.053250153
0.31686872
0.3164759
0.41623875
0.81654704
0.25251767
0.047417384
0.5904392
0.615436
0.2547635
0.024193333
0.013827318
0.40173575
0.026929392
0.0050358567
0.43716934
0.013827626
0.049753744
0.053250153
0.005665561
0.0025833247
0.44929802
0.026888458
0.31404555
0.011672604
0.46983513
0.032528378
0.6511482
0.013074323
0.3170028
0.022119213
0.053250153
0.86703044
0.0906865
0.21225606
0.021956168
0.009755351
0.027209228
0.04952622
