0.26835412
0.027025608
0.06360926
0.83901906
0.22340316
0.4511568
0.5541334
0.48233882
0.70088
0.68991107
0.88684964
0.2093464
0.38432625
0.01293349
0.24694003
0.18115593
0.2553486
0.70088
0.70088
0.2815134
0.09780647
0.24440658
0.36717823
0.21237554
0.49382436
0.5614415
0.4901726
0.24623841
0.16798459
0.7665503
0.78714883
0.5340327
0.6919609
0.19514984
0.76212806
0.6919609
0.12445589
0.24007764
0.6170747
0.47367516
0.4411029
0.44588098
0.5614415
0.77571386
0.85220134
0.5753104
0.12566502
0.432056
0.5093593
0.09855998
0.45557192
0.21350703
0.73715043
0.057524297
0.1112661
0.28617918
0.30259115
0.47108227
0.5841245
0.58447474
0.41108325
0.117756784
0.5000064
0.52489835
0.6244601
0.28314525
0.2741079
0.4938879
0.3833028
0.8694558
0.77065486
0.23060681
0.33596992
0.5614415
0.6373245
0.28148624
0.34266424
0.5451141
0.5338454
0.85074043
0.7066832
0.23122586
0.7981322
0.25634518
0.82510823
0.5197355
0.7341574
0.49928683
0.5614415
0.82186776
0.62392884
0.040409867
0.32503498
0.48486385
0.82858884
0.72771734
0.7216762
0.30806294
0.82186776
0.8732301
0.5614415
0.2011423
0.3483065
0.18826483
0.78682196
0.17094022
0.27946073
0.4407189
0.39952677
0.5465219
0.6460838
0.6202103
0.7653163
0.17545722
0.6927418
0.3965497
0.5614415
0.070642784
0.66597736
0.11563382
0.3715384
0.5162776
0.30123928
0.30486465
0.6903118
0.14035173
0.1413502
0.13834578
0.08645826
0.267327
0.58626163
0.43231136
0.55795515
0.08876921
0.2510997
0.6972528
0.79782075
0.5766254
0.6635479
0.63293993
0.5614415
0.77567226
0.2932995
0.30192104
0.42991793
0.71130365
0.73416203
0.18328723
0.7510269
0.6697071
0.80448776
0.41889232
0.8066717
0.2897447
0.2780467
0.59651566
0.4116798
0.23693909
0.3539531
0.64921975
0.29332438
0.56382155
0.7808066
0.70182276
0.71198624
0.6626429
0.7884824
0.48327854
0.73546624
0.49566823
0.64191145
0.32675526
0.31757903
0.57422477
0.099797055
0.0652092
0.6632117
0.5085503
0.3730437
0.3728153
0.07838397
0.39305475
0.29395795
0.50785315
0.7051913
0.66088885
0.10532806
0.20297645
0.5614415
0.5576867
0.077523835
0.6127829
0.43241468
0.6045828
0.14357969
0.17316104
0.49265668
0.04777925
0.22729595
0.42248458
0.7598627
0.27475536
0.05285909
0.12152448
0.20027576
0.1761801
0.6964801
0.26705715
0.71369666
0.045998532
0.32890835
0.18842547
0.3983399
0.2595949
0.5356553
0.7210521
0.26436153
0.6747766
0.6182502
0.80400896
0.7273668
0.59549177
0.7001
0.84690547
0.5586022
0.35864833
0.8363083
0.26931632
0.44376
0.3203589
0.5625771
0.4372851
0.2696167
0.44696778
0.78515863
0.16003022
0.6791413
0.2821761
0.60928136
0.56034255
0.5336345
0.32957512
0.42244092
0.89707565
0.48918095
0.43111044
0.38697955
0.8028886
0.5419217
0.4617808
0.7598804
0.49295783
0.40054372
0.1992794
0.23998918
0.17629041
0.5048336
0.77515024
0.113473706
0.5468556
0.25379804
0.34989712
0.26873878
0.47353336
0.5373091
0.49363703
0.7994897
0.11038304
0.47298753
0.4583559
0.85104364
0.6973506
0.4229866
0.59922934
0.74771
0.80769795
0.770343
0.73392045
0.78219134
0.8095143
0.53334254
0.760929
0.22054306
0.41593403
0.45455733
0.7498728
0.7052948
0.08897309
0.30828744
0.2391281
0.868038
0.7728072
0.26325008
0.79794204
0.26121694
0.5966243
0.68882537
0.74595225
0.74595225
0.51969427
0.3646108
0.8577857
0.7799029
0.79225004
0.8724026
0.375904
0.7309573
0.69204986
0.7498728
0.50571454
0.20729755
0.3338156
0.8820057
0.59512955
0.035316166
0.39950904
0.80593866
0.14803016
0.6420311
0.14803016
0.8217541
0.66087013
0.59352404
0.65228313
0.01714376
0.8808069
0.6090898
0.49978796
0.77808064
0.6057699
0.67361814
0.7498728
0.57116765
0.33013964
0.43165806
0.7006824
0.6619936
0.6678895
0.44617495
0.50430477
0.72744286
0.1557145
0.63067156
0.6657945
0.23087828
0.49098468
0.4028695
0.3968969
0.10841097
0.8080086
0.70064473
0.88714427
0.81075674
0.7498728
0.5709973
0.64800805
0.22085862
0.8568626
0.63161236
0.4553901
0.55355686
0.7890479
0.6151149
0.22082458
0.44350752
0.090490766
0.28156435
0.28536215
0.69679075
0.66536677
0.6648971
0.12211409
0.76275814
0.62044424
0.65204066
0.29947293
0.5808565
0.76108146
0.6960415
0.5808565
0.6949239
0.18091969
0.506702
0.506702
0.5681077
0.75258297
0.7469904
0.6043551
0.119120866
0.6064804
0.120860465
0.47984445
0.5614415
0.8008852
0.6705488
0.83393174
0.6459994
0.6097544
0.8064043
0.55603254
0.27464116
0.57454914
0.29834384
0.39732027
0.6620355
0.6695013
0.10946698
0.079024136
0.31231484
0.6231238
0.27355137
0.4845347
0.16049302
0.27869043
0.8295525
0.52642727
0.83594984
0.5614415
0.61666393
0.6344672
0.562196
0.1711288
0.7071059
0.8984274
0.39478785
0.37152937
0.65915847
0.5937642
0.6650856
0.5442093
0.708519
0.8160426
0.5465219
0.50315815
0.7661633
0.5614415
0.4881307
0.13612278
0.5239115
0.5879875
0.6483427
0.43550187
0.49415237
0.79620796
0.3305006
0.4193059
0.6505668
0.74503744
0.5614415
0.12787995
0.59503096
0.71679914
0.71932447
0.2822239
0.79894227
0.88592213
