0.059263002
0.62588644
0.6321555
0.30348766
0.2968601
0.530648
0.5047537
0.6761606
0.6232233
0.45246336
0.913418
0.13724954
0.48054278
0.5614415
0.40307015
0.57852846
0.6183549
0.40171218
0.317062
0.47523898
0.8026889
0.024727833
0.5890898
0.19024378
0.70508415
0.68237877
0.3155488
0.1778696
0.250817
0.19977829
0.1253587
0.4384254
0.5574415
0.34584743
0.48559186
0.7916996
0.13805747
0.6772247
0.14245601
0.35505176
0.42957225
0.47124884
0.13028388
0.10875354
0.3811321
0.5614415
0.6509005
0.732921
0.5406168
0.19801055
0.0981514
0.17753373
0.35209242
0.4288364
0.42036155
0.3115586
0.011511615
0.71514356
0.08245608
0.34995973
0.35972857
0.060726743
0.8277016
0.5078277
0.5614415
0.09492267
0.6232233
0.8675691
0.47061995
0.5069326
0.6232233
0.093359895
0.028486561
0.78200924
0.8044195
0.85445756
0.5247831
0.80175555
0.683602
0.29098773
0.80143577
0.10407138
0.69058055
0.7762272
0.7877791
0.65587664
0.67899495
0.72123677
0.33716673
0.8064574
0.62353987
0.7293429
0.8017512
0.6274768
0.78259796
0.5614415
0.34295088
0.2921455
0.66783404
0.8565083
0.3216446
0.44549915
0.34981415
0.64249563
0.7108062
0.61111003
0.21670535
0.5058541
0.38943735
0.23116007
0.14431304
0.6703007
0.8804096
0.45031804
0.5606216
0.60269815
0.5136214
0.5162781
0.5545174
0.53318375
0.5614415
0.42096946
0.64249563
0.7885434
0.4059522
0.8082987
0.8346143
0.8082987
0.8742192
0.5070847
0.50123507
0.6305686
0.26299575
0.1532887
0.6025566
0.34020984
0.7194246
0.28172192
0.68484646
0.7144673
0.65737027
0.6397987
0.5614415
0.67103654
0.43955305
0.5632521
0.76741976
0.56104666
0.8066794
0.059217725
0.74207765
0.20485157
0.68306744
0.17549524
0.88322735
0.89409
0.7889419
0.5614415
0.714449
0.64249563
0.768384
0.7127961
0.64582855
0.729147
0.7523308
0.40697217
0.88182706
0.6766125
0.12644319
0.058257744
0.3779911
0.5614415
0.64635617
0.5529151
0.6457499
0.7344461
0.1985337
0.5949066
0.33841547
0.265343
0.8510817
0.82510823
0.64249563
0.18099369
0.5792271
0.64779204
0.20891957
0.15725935
0.554776
0.41557834
0.7598115
0.50864094
0.76387256
0.5331192
0.5614415
0.09310566
0.21668807
0.5497536
0.22470678
0.8164668
0.1324143
0.6088991
0.47574285
0.37842453
0.6675833
0.6285823
0.64249563
0.12678547
0.14988919
0.57025254
0.5614415
0.3314915
0.2295032
0.4755693
0.047487453
0.7971297
0.6233058
0.063428976
0.6357265
0.88807327
0.59586483
0.0769566
0.60155237
0.6215459
0.5614415
0.16685368
0.20934387
0.20322819
0.26563558
0.08621841
0.41074985
0.83125985
0.44434798
0.7312586
0.4768461
0.76382875
0.8722947
0.24832624
0.32532373
0.61392534
0.44216853
0.3559375
0.34985635
0.6348948
0.89800453
0.11112082
0.65705425
0.65705425
0.65705425
0.7763125
0.3512393
0.6856033
0.5130603
0.5640144
0.20745109
0.76710165
0.749103
0.48268214
0.84722656
0.5614415
0.6180367
0.04840086
0.70109326
0.18274683
0.16970125
0.66466135
0.39101693
0.58614427
0.12139043
0.82488185
0.817714
0.32783148
0.4293684
0.6223675
0.60317403
0.38385046
0.5641067
0.5609373
0.8946909
0.58448195
0.48086244
0.5614415
0.8053718
0.60371304
0.9130694
0.58282787
0.6282821
0.41070136
0.7330975
0.5116031
0.09319855
0.32004687
0.71099204
0.029376276
0.36060187
0.2806406
0.19065583
0.8674104
0.3372089
0.5435104
0.640014
0.6167907
0.1301447
0.46894118
0.8136593
0.3370068
0.66841197
0.6726252
0.5614415
0.7543137
0.63758767
0.70485115
0.2641612
0.65296656
0.5427748
0.4152312
0.11763446
0.54948574
0.06520393
0.06817622
0.76259017
0.70834374
0.07143955
0.40592128
0.7830649
0.6357035
0.6733606
0.47317958
0.24879885
0.4854361
0.17090906
0.3807253
0.6465415
0.0424154
0.29942414
0.55373967
0.09992763
0.45440495
0.37971574
0.5778496
0.15446413
0.21741544
0.21741544
0.22956754
0.79464555
