0.0029338477
0.024441918
0.048801277
0.014728483
0.015425748
0.029011091
0.48633826
0.29469538
0.024737248
0.020889992
0.03384972
0.860135
0.020342601
0.38530836
0.024054447
0.05385952
0.01927189
0.011055713
0.009902211
0.5157515
0.033620972
0.9742741
0.023426484
0.010547289
0.036873143
0.13950364
0.021535022
0.006704491
0.012855038
0.0075142547
0.0059158755
0.017449638
0.3831411
0.009385311
0.0133138625
0.040518604
0.00429624
0.23945044
0.0057655373
0.62799406
0.079417706
0.25068957
0.0047111046
0.004874065
0.018289354
0.38530836
0.072956815
0.03388693
0.43039432
0.008212784
0.0068264194
0.81533134
0.03933362
0.03423597
0.041372053
0.0324249
0.9864203
0.26097625
0.0032138913
0.014123486
0.017665043
0.0031589267
0.055553228
0.08400549
0.38530836
0.89968586
0.024737248
0.078910574
0.02947378
0.030593053
0.024737248
0.0034301863
0.0019896002
0.072570264
0.030542102
0.068323754
0.026715878
0.11665434
0.26180893
0.012414595
0.14933744
0.005828905
0.10374325
0.17769419
0.11125473
0.3077418
0.23532711
0.032956123
0.014960457
0.14578323
0.35165557
0.04173983
0.048910167
0.33911973
0.116848014
0.38530836
0.63587856
0.022131594
0.044118326
0.11389678
0.014733945
0.5441009
0.015723526
0.024083892
0.058457255
0.037784874
0.006188181
0.068535216
0.10179242
0.01895183
0.006823245
0.030666132
0.046141602
0.5217575
0.02951384
0.3727531
0.02309746
0.028856115
0.17522353
0.27086714
0.38530836
0.014934939
0.024083892
0.1311511
0.026135584
0.1680806
0.09976375
0.1680806
0.058013
0.066519484
0.032204688
0.092426606
0.010411861
0.008280545
0.035167046
0.045857906
0.032297645
0.010523322
0.053689092
0.041863378
0.039429672
0.038192615
0.38530836
0.1844958
0.55717117
0.025613207
0.025666589
0.020424832
0.029587189
0.0026621136
0.026652854
0.7893121
0.02633108
0.81747705
0.019894514
0.050744228
0.18484782
0.38530836
0.057651162
0.024083892
0.15660867
0.25715134
0.04830873
0.15078993
0.03537982
0.00819652
0.07853683
0.031829067
0.8720946
0.0030515625
0.008888795
0.38530836
0.28729746
0.10114595
0.05125533
0.22617559
0.008864427
0.3860824
0.023235193
0.02675252
0.042471845
0.04489254
0.024083892
0.007724473
0.39408946
0.041950602
0.010477324
0.006574678
0.040259812
0.02724201
0.02418515
0.37725782
0.026398676
0.028103082
0.38530836
0.0028671278
0.010668188
0.24037804
0.007948346
0.058710508
0.0046674395
0.03412917
0.058982596
0.022394823
0.03129341
0.03287976
0.024083892
0.004988669
0.004396772
0.4228547
0.38530836
0.6548288
0.76814485
0.50657403
0.0024575654
0.13628334
0.36103404
0.0075040753
0.33659235
0.03349188
0.36476415
0.004182478
0.06445564
0.045886796
0.38530836
0.008187064
0.0106568625
0.009294851
0.72658545
0.0036277964
0.58051443
0.08180937
0.017010553
0.0384779
0.05104368
0.045710318
0.106276214
0.020318447
0.018849498
0.17834142
0.042768877
0.017926471
0.015212155
0.07444874
0.025697634
0.0028475744
0.04502383
0.04502383
0.04502383
0.065281436
0.010910333
0.072860494
0.47678766
0.19266264
0.008335324
0.22843394
0.19336319
0.07953383
0.04417292
0.38530836
0.07055508
0.004166741
0.041930076
0.8152388
0.0117897205
0.03018413
0.015483491
0.088041276
0.0046866154
0.050538246
0.030123562
0.020507855
0.053660948
0.3591048
0.39095813
0.024002997
0.35821885
0.025459023
0.034141324
0.40700182
0.036343325
0.38530836
0.041788314
0.097779006
0.05380268
0.030501975
0.026933702
0.018784009
0.24854876
0.065725006
0.0047680466
0.62869924
0.24835753
0.9687335
0.5992843
0.6917785
0.7911136
0.04843455
0.010933736
0.43919086
0.3365102
0.06483618
0.0074222707
0.48485616
0.16105233
0.018601453
0.10379156
0.10231462
0.38530836
0.091035135
0.07764998
0.07463464
0.011638047
0.025147073
0.41085917
0.56366926
0.007608476
0.42678955
0.0038628874
0.0039998977
0.1965664
0.052207068
0.9253424
0.577987
0.03136656
0.068609945
0.05305768
0.06232085
0.020272942
0.057247043
0.014244563
0.018461745
0.058211457
0.002849314
0.056609277
0.41607678
0.0050438796
0.037293218
0.59674776
0.15587617
0.010693078
0.0065039354
0.0065039354
0.0074777296
0.072068036
