0.03166089
0.07355917
0.03757748
0.021608887
0.011467857
0.1060804
0.07018836
0.15164132
0.024678307
0.06565045
0.010344402
0.5852247
0.38882425
0.03960569
0.029503928
0.035453994
0.02885114
0.08226949
0.09302863
0.07698769
0.59407055
0.061173886
0.042639423
0.05099687
0.054652225
0.057914972
0.03151533
0.5892161
0.014686608
0.17672014
0.032693315
0.15669411
0.028218318
0.013716088
0.056735557
0.02119065
0.028843727
0.023564748
0.024122218
0.09405262
0.008565479
0.034940753
0.26400587
0.034261625
0.05192956
0.0924033
0.0075540245
0.05675469
0.04629227
0.03569155
0.09774432
0.024156524
0.3842103
0.036304325
0.3413882
0.27412695
0.33349043
0.21723986
0.027643573
0.1793185
0.009256211
0.051978067
0.014084585
0.011434274
0.02498966
0.33795986
0.004128994
0.052968934
0.08306728
0.02117972
0.33411545
0.6294018
0.11790481
0.06409129
0.03798525
0.047216203
0.026113234
0.02450981
0.07391427
0.00889016
0.09072531
0.5483656
0.015983395
0.02173829
0.014928132
0.009295265
0.060828634
0.023948502
0.011369106
0.021284044
0.072514474
0.34481394
0.045980114
0.10366511
0.44636035
0.03105694
0.012174664
0.0608253
0.12324011
0.0561483
0.061100725
0.013689314
0.0036357834
0.044049535
0.78174424
0.6560246
0.0479417
0.20893863
0.340019
0.13602974
0.13626018
0.29989228
0.04943909
0.009860771
0.0039796103
0.06729205
0.025322074
0.37721765
0.006815239
0.008825982
0.102949776
0.0069833673
0.038996533
0.026160618
0.25103197
0.8078145
0.043024473
0.009069742
0.29217145
0.74722636
0.07994642
0.5550506
0.008385971
0.01083252
0.00756749
0.45735145
0.34988794
0.07124672
0.049445137
0.9697667
0.009090695
0.03258434
0.03962229
0.010168239
0.046636254
0.31598952
0.3028456
0.55691695
0.64922774
0.00911435
0.08070906
0.0075402567
0.005193341
0.40747
0.22935781
0.23015007
0.23678342
0.7785699
0.0285753
0.016816566
0.44036725
0.14860448
0.036059562
0.09444841
0.0077670948
0.014112682
0.012769698
0.01848916
0.12833345
0.02741748
0.0066514276
0.035601966
0.25168
0.09114582
0.5211525
0.054559804
0.07709644
0.23494561
0.1949162
0.036997117
0.049206354
0.19249661
0.08711478
0.0373392
0.07654364
0.094259694
0.25285092
0.15989575
0.06188013
0.11070372
0.016245645
0.28376323
0.026710218
0.20350823
0.21914367
0.2485991
0.01998497
0.17342146
0.05286773
0.08664938
0.022940988
0.76836747
0.069606714
0.73475677
0.005987304
0.755051
0.016006075
0.025059659
0.030041916
0.019749532
0.45979676
0.34832814
0.0627496
0.9361403
0.1328974
0.015500602
0.4914846
0.015268317
0.054729182
0.14348152
0.14003311
0.0136329
0.036694027
0.014601402
0.122144125
0.036694027
0.0123205045
0.09216541
0.07229807
0.20655443
0.025684915
0.009502406
0.013146346
0.026632484
0.15108223
0.018028382
0.00858083
0.38785207
0.1385328
0.010371552
0.10930786
0.022136547
0.023002682
0.03661185
0.16950847
0.53511924
0.022822872
0.10530944
0.010614788
0.07143277
0.019329222
0.35834277
0.06479399
0.036177203
0.035560716
0.035560716
0.029436098
0.18744764
0.08322744
0.05770335
0.173991
0.010915889
0.021852
0.020513674
0.033318024
0.25112653
0.83445513
0.02955155
0.034886632
0.028616283
0.016477348
0.06465492
0.03281588
0.006593531
0.041196182
0.06622288
0.07003916
0.4549542
0.092548065
0.29162446
0.037408665
0.70392513
0.46907014
0.01530899
0.07192823
0.16808282
0.563721
0.02465321
0.018176362
0.004701423
0.18638016
0.05302692
0.1886373
0.22607978
0.018667346
0.05024973
0.014025303
0.2849871
0.24395408
0.012625673
0.016801624
0.90881
0.35655442
0.782613
0.16421047
0.21784835
0.025309503
0.2988049
0.04232523
0.023540651
0.09798292
0.04121572
0.9531871
0.29306024
0.033297893
0.034148704
0.15075682
0.65012777
0.33792564
0.29941222
0.011497493
0.04227353
0.08852722
0.028057965
0.7140169
0.038046725
0.013572919
0.07205008
0.3678296
0.5084719
0.014004044
0.11050826
0.06606823
0.024069296
0.008403975
0.023890989
0.028187567
0.021366498
0.02732897
0.0034999675
0.058131803
0.43172267
0.094548054
0.046649583
0.35089007
0.02015421
0.068097204
0.028891588
0.03929758
0.033879355
0.11524231
0.035013918
0.014942222
0.85943216
0.24083897
0.5204374
0.06479583
0.29332903
0.02126239
0.1998881
0.018768288
0.21316531
0.029563956
0.015517628
0.028891588
0.006533697
0.057394624
0.021529574
0.07749754
0.18063132
0.041936316
0.009079917
0.1200888
0.051591247
0.0065653943
0.06479583
0.03302306
0.042412788
0.022634432
0.019277293
0.034617186
0.012592166
0.21316531
0.03370133
0.03429017
0.028482268
0.040467534
0.4291666
0.19031058
0.03833783
0.022846987
0.34072378
0.041299973
0.010506215
0.029459482
0.09848017
0.002375472
0.0031950688
0.037001397
0.032537304
0.21316531
0.04262948
0.03370133
0.03429017
0.028482268
0.040467534
0.4291666
0.19031058
0.03833783
0.022846987
0.34072378
0.041299973
0.03370133
0.13318461
0.13985777
0.008346117
0.004113714
0.03841887
0.03429017
0.028482268
0.80441517
0.01193166
0.0033573627
0.040467534
0.4291666
0.3341952
0.019687928
0.022805462
0.19031058
0.03833783
0.75603426
0.6424984
0.022846987
0.06457164
0.0068028383
0.020415118
0.07602664
0.19698572
0.34072378
0.041299973
0.55387324
0.016682595
0.006251166
0.14627324
0.02066861
0.19220872
0.051307943
0.53966224
0.0342673
0.69605815
0.12497546
0.22144662
0.014124562
0.84746706
0.14811228
0.00551431
0.018803101
0.95577174
0.6242878
0.030446472
0.022896804
0.9488485
0.09943704
0.4085157
0.024495058
0.027003959
0.2995998
0.06918437
0.022368891
0.10322566
0.6394258
0.11636603
0.03504512
0.010611203
0.93976194
0.010884406
0.13856204
0.061145626
0.028604068
0.007802345
0.3062397
0.055514514
0.02241355
0.02713506
0.46143597
0.009982692
0.066387214
0.04796596
0.12502067
0.009360989
0.025690725
0.024432356
0.02503015
0.026114132
0.022747213
0.02812178
0.027317746
0.026703423
0.020973062
0.027351646
0.024540648
0.025796806
0.058415953
0.3833125
0.046700392
0.38502082
0.028760493
0.14176705
0.6482739
0.0111412285
0.062414158
0.12421964
0.18607925
0.3780975
0.015077521
0.4688644
0.0447825
0.008278029
0.021691859
0.08352577
0.14440636
0.00794031
0.023626853
0.054779477
0.09744368
0.3675559
0.009395566
0.008707512
0.10447033
0.3034878
0.023224
0.009405809
0.076504976
0.056341186
0.051145896
0.70997095
0.024210619
0.115349546
0.043956164
0.007260372
0.26594403
0.12975544
0.07881559
0.057355646
0.22389248
0.009867393
0.00841979
0.36110604
0.035664182
0.034842696
0.75647193
0.10902717
0.6194651
0.031412832
0.07605016
0.0664297
0.9546059
0.10128392
0.025758956
0.08736317
0.008889698
0.5348159
0.08980526
0.060977712
0.10813758
0.2573453
0.04428446
0.020402838
0.16021374
0.58132243
0.042994253
0.11453528
0.74276
0.45958194
0.070166
0.28207722
0.07355917
0.03757748
0.1722856
0.014839865
0.0123254685
0.011467857
0.1060804
0.021608887
0.050673082
0.010344402
0.06565045
0.024678307
0.0063026804
0.03177263
0.28661558
0.03960569
0.38882425
0.76306844
0.0035675233
0.051115956
0.09302863
0.07698769
0.08226949
0.2532631
0.030908164
0.061173886
0.042639423
0.05099687
0.21908563
0.77129036
0.0019998578
0.5892161
0.17672014
0.014686608
0.032693315
0.48289576
0.048926253
0.68029493
0.013716088
0.028218318
0.056735557
0.028843727
0.01763823
0.013150293
0.02119065
0.007685885
0.09405262
0.3283865
0.05192956
0.0924033
0.034261625
0.05675469
0.25407973
0.0059554046
0.005033293
0.0053094756
0.03569155
0.3842103
0.036304325
0.09774432
0.4965879
0.18376248
0.3413882
0.27412695
0.027643573
0.21723986
0.33349043
0.011434274
0.051978067
0.014084585
0.008830446
0.16858007
0.08306728
0.0024308849
0.6294018
0.010010274
0.80090153
0.41404867
0.06409129
0.03798525
0.11790481
0.060454007
0.074200794
0.026113234
0.02450981
0.072542585
0.09072531
0.4586795
0.35463974
0.02173829
0.015983395
0.012117616
0.18182583
0.025414558
0.021284044
0.072514474
0.044649735
0.008663262
0.0035194077
0.34481394
0.050213397
0.10366511
0.44636035
0.0059240437
0.33571053
0.019549076
0.0561483
0.061100725
0.12324011
0.78174424
0.0646821
0.044049535
0.3981137
0.015021772
0.031447787
0.027025383
0.027025383
0.0479417
0.6560246
0.20893863
0.0022387644
0.13602974
0.29989228
0.13626018
0.04943909
0.009998165
0.102949776
0.008825982
0.12363533
0.02758298
0.0071826125
0.012443821
0.8078145
0.026160618
0.043024473
0.25103197
0.89784116
0.068269655
0.19204015
0.087973125
0.95925057
0.74722636
0.29217145
0.07994642
0.023152838
0.014249117
0.34988794
0.07124672
0.45735145
0.03608412
0.9020679
0.0036356193
0.046636254
0.31598952
0.55691695
0.64922774
0.3028456
0.020170383
0.06331205
0.22935781
0.40747
0.012423987
0.006925853
0.0285753
0.7785699
0.052902043
0.0092427535
0.016875653
0.009519218
0.011743948
0.1547773
0.44036725
0.14860448
0.0068842685
0.13415888
0.09444841
0.13085727
0.022449933
0.46309435
0.12833345
0.007834988
0.035601966
0.09114582
0.25168
0.91762584
0.048770767
0.702272
0.67897093
0.014551245
0.83033013
0.6870832
0.036997117
0.23494561
0.054559804
0.07709644
0.031792972
0.62133425
0.028653255
0.08711478
0.0373392
0.04188581
0.025951752
0.03362383
0.25285092
0.094259694
0.004652599
0.1364959
0.007812722
0.06188013
0.11070372
0.20350823
0.04230076
0.092786446
0.0985361
0.17342146
0.01998497
0.011223777
0.040002063
0.069606714
0.73475677
0.10404515
0.0061774133
0.86417747
0.0062268283
0.93394643
0.94435304
0.01586319
0.755051
0.0084314365
0.010098009
0.062020157
0.13467386
0.34832814
0.45979676
0.032721642
0.1328974
0.05406518
0.026525626
0.58936775
0.030438475
0.014601402
0.20250139
0.0136329
0.041481603
0.058787823
0.025684915
0.07229807
0.20655443
0.014953276
0.028031178
0.36647406
0.20089233
0.091970146
0.16739264
0.013146346
0.15108223
0.012023486
0.011150728
0.0110035185
0.022136547
0.10930786
0.4996649
0.008458323
0.054385085
0.03355103
0.16950847
0.022820357
0.016134342
0.0048954585
0.07143277
0.58215135
0.100097105
0.092548065
0.007356593
0.002920684
0.06479399
0.13332011
0.015927352
0.18744764
0.6539938
0.0061570317
0.49732125
0.025374195
0.032866925
0.010501855
0.067716934
0.033318024
0.020513674
0.56505144
0.56505144
0.56505144
0.009709843
0.6072664
0.029409764
0.003094138
0.4774537
0.012909644
0.0124212345
0.1951584
0.12997647
0.030851776
0.94600546
0.0071449196
0.8752616
0.06622288
0.07003916
0.4549542
0.056790978
0.019525765
0.5937937
0.011656575
0.09980209
0.0051943706
0.563721
0.16808282
0.46391052
0.056453966
0.0320426
0.050332297
0.30038145
0.18638016
0.0038795564
0.0393678
0.22607978
0.021791322
0.012121329
0.24395408
0.2849871
0.05001113
0.6163033
0.782613
0.16421047
0.06934019
0.0022313942
0.21784835
0.2988049
0.025309503
0.0051711975
0.029504972
0.034148704
0.15075682
0.0066445074
0.015070294
0.29941222
0.33792564
0.65012777
0.9454897
0.03796386
0.08852722
0.09538729
0.33804432
0.018541843
0.044589143
0.021318508
0.004603351
0.07205008
0.3678296
0.042215187
0.013572919
0.031126676
0.2051875
0.022308897
0.47750205
0.0105035845
0.0030785205
0.006511263
0.014004044
0.11050826
0.012358343
0.028187567
0.006647023
0.021366498
0.07104546
0.016963018
0.012042726
0.094548054
0.02432422
0.020478057
0.008341785
0.35089007
0.0058006467
0.02015421
0.028891588
0.0043714293
0.0655183
0.11653113
0.011465116
0.028421326
0.061334997
0.032872003
0.040356785
0.5204374
0.06479583
0.04140906
0.019457014
0.06589118
0.02126239
0.031160735
0.21316531
0.0050767185
0.015517628
0.028984407
0.12220234
0.035587
0.028891588
0.18063132
0.48291212
0.32522222
0.028566595
0.73423666
0.1200888
0.042412788
0.06479583
0.012358343
0.07121943
0.034617186
0.028566595
0.21316531
0.03370133
0.03429017
0.028482268
0.4291666
0.040467534
0.19031058
