0.41395122
0.78454417
0.49971643
0.19025181
0.030851409
0.4461462
0.6370163
0.78454417
0.5710781
0.7786849
0.5777692
0.44333145
0.74798304
0.49169046
0.23576722
0.16790614
0.8772777
0.76890785
0.71806914
0.66068447
0.8772777
0.87538254
0.6792943
0.19811067
0.8772777
0.5857542
0.030851409
0.7840477
0.7786849
0.10752863
0.88869244
0.8772777
0.1426122
0.09257082
0.8081346
0.23504406
0.41940188
0.49869663
0.8855546
0.8593782
0.03876981
0.08025647
0.030851409
0.78454417
0.37455973
0.067802146
0.6899945
0.8750485
0.084889665
0.4989129
0.24129333
0.4910884
0.41953093
0.6281602
0.4174295
0.25321382
0.20148809
0.057108436
0.11203442
0.20815141
0.59655607
0.10900917
0.030851409
0.3813072
0.42430463
0.33987123
0.78454417
0.40177992
0.5799685
0.8283723
0.4367542
0.474156
0.8407093
0.099269524
0.02418516
0.12872285
0.877324
0.1502143
0.41418236
0.93409264
0.62229115
0.58583754
0.21180342
0.7764182
0.8126254
0.7381088
0.2191099
0.92666715
0.45193428
0.6130392
0.48644674
0.47432286
0.78454417
0.877324
0.5672457
0.75625247
0.877324
0.19208498
0.101527266
0.46947825
0.6119394
0.15792257
0.10177486
0.7766263
0.80526936
0.54036146
0.5475394
0.64269185
0.39261788
0.6021305
0.6150165
0.2977065
0.19057164
0.13487944
0.5906562
0.38410303
0.6095128
0.40344563
0.013330025
0.60965025
0.118734084
0.73373634
0.3529541
0.688501
0.56747794
0.042645432
0.8407093
0.89350957
0.5546462
0.1358308
0.86771834
0.6545201
0.7877297
0.20745051
0.82338583
0.15876296
0.09510252
0.8407093
0.8407093
0.36940068
0.39996612
0.5411173
0.5411173
0.8407093
0.41198504
0.303725
0.8212706
0.8407093
0.21106583
0.7757382
0.78454417
0.39891228
0.8407093
0.35738438
0.5543272
0.05121239
0.42423776
0.40936562
0.4715784
0.030851409
0.4803817
0.27478915
0.2003549
0.46818882
0.17551124
0.7072963
0.21625201
0.28006253
0.78454417
0.42763743
0.76534754
0.078863524
0.26005206
0.370624
0.25304437
0.16704291
0.2774767
0.09951864
0.02514829
0.507704
0.7306794
0.90857553
0.59597266
0.7078209
0.7256059
0.61585706
0.61400163
0.051849663
0.8193585
0.54550165
0.24801973
0.030851409
0.093766965
0.06289396
0.1517637
0.73370117
0.614437
0.044740263
0.52203166
0.5795228
0.8085717
0.49632716
0.78454417
0.68528885
0.07458584
0.07233063
0.86963147
0.05315766
0.8092399
0.47021854
0.49194738
0.8615837
0.6557844
0.49632716
0.17948662
0.24263032
0.1129174
0.86015356
0.56029516
0.68317235
0.037838317
0.22535315
0.41529757
0.030851409
0.54550165
0.54550165
0.78454417
0.33425415
0.54550165
0.7331491
0.8332194
0.008182275
0.22239031
0.0428946
0.78454417
0.073577546
0.7919036
0.8470016
0.88136685
0.29842055
0.030851409
0.3926077
0.277069
0.60283726
0.2331035
0.40096498
0.7250353
0.5663614
0.66703826
0.7837721
0.439575
0.7789377
0.030851409
0.10672385
0.008461813
0.8420712
0.60749465
0.48315215
0.79658616
0.47902012
0.78454417
0.13343346
0.40191436
0.21861567
0.42102844
0.21348578
0.09210703
0.6742827
0.030851409
0.3465018
0.76610005
0.22020794
0.6524441
0.84862953
0.78454417
0.74669373
0.4477793
0.45253676
0.030851409
0.5578818
0.700227
0.05198781
0.36065876
0.04557662
0.44526675
0.55795383
0.87627065
0.8938474
0.44485107
0.8577024
0.78454417
0.6342136
0.50313
0.7731519
0.09448185
0.26341817
0.58088887
0.7872076
0.20971808
0.030851409
0.89153314
0.23522282
0.9043315
0.26623315
0.16367012
0.060083214
0.045183174
0.2645449
0.46679226
0.89964
0.7688906
0.247432
0.7688906
0.48819944
0.09793978
0.11071464
0.7688906
0.8804549
0.030851409
0.7688906
0.5006527
0.030930964
0.5085217
0.779132
0.7127234
0.78454417
0.04451327
0.78454417
0.83270204
0.55844414
0.8420712
0.4775303
0.030851409
0.4158846
0.79555404
0.71483105
0.63084894
0.28819692
0.77697176
0.89869577
0.89869577
0.88922745
0.3534708
0.8384524
0.8332194
0.44039106
0.72095585
0.6579773
0.5631205
0.22748424
0.34306124
0.89196956
0.32827216
0.33874494
0.5074461
0.3289732
0.037080687
0.3031786
0.030851409
0.10894024
0.45875767
0.69699496
0.09811972
0.89196956
0.12617679
0.53960717
0.89196956
0.78454417
0.91191494
0.1861807
0.035682283
0.82028633
0.26145604
0.02023786
0.87223196
0.81476486
0.9248112
0.5122427
0.034814116
0.547909
0.41737184
0.2596335
0.043396823
0.4512071
0.030851409
0.02908843
0.6897345
0.64617354
0.030930715
0.14021614
0.10926033
0.8384853
0.81101984
0.8108439
0.5036693
0.2766521
0.78454417
0.24457218
0.8647579
0.081455566
0.6387372
0.41060606
0.48972133
0.15595855
0.28828466
0.58326423
0.39906225
0.91191494
0.030851409
0.8234494
0.77959275
0.13992926
0.13851526
0.78454417
0.91191494
0.10219305
0.56605124
0.6223266
0.8126317
0.8296093
0.91191494
0.6756082
0.6673336
0.3704222
0.2843801
0.78437066
0.62160444
0.91134727
0.24627459
0.74212956
0.8775581
0.45253795
0.30640352
0.12499065
0.85834724
0.7236311
0.45101947
0.030851409
0.91191494
0.38891608
0.8122746
0.4776503
0.19346325
0.15717441
0.69487196
0.84473133
0.57254434
0.85331625
0.8437096
0.5463812
0.61087716
0.621057
0.55747676
0.35587552
0.822768
0.85331625
0.7582595
0.34197217
0.60119826
0.14239113
0.06294913
0.81350946
0.030851409
0.034589253
0.019966373
0.19581874
0.78454417
0.1774916
0.58634025
0.50583357
0.28048864
0.094605446
0.5532757
0.78454417
0.4505724
0.19887444
0.21861364
0.044667598
0.83286005
0.2224205
0.536379
0.39076236
0.78243595
0.2587402
0.2587402
0.22650719
0.73689413
0.4641528
0.6681865
0.6576807
0.7611997
0.7854272
0.21596657
0.24284673
0.07300019
0.78454417
0.41258574
0.85991627
0.086291276
0.66273314
0.6885213
0.059853394
0.019264435
0.8332194
0.43761948
0.82680327
0.6550711
0.4199467
0.13332061
0.16824932
0.8938474
0.8868197
0.7661519
0.3851553
0.27825308
0.6105229
0.3522427
0.4376846
0.39378777
0.21745859
0.19203024
0.41656628
0.7593702
0.5742582
0.8263497
0.64633006
0.74200785
0.37927887
0.23322946
0.34576026
0.51505053
0.4340474
0.8681374
0.12845847
0.400901
0.62632173
0.5588499
0.8462158
0.68821096
0.84545946
0.10475938
0.70517117
0.7415741
0.049201313
0.66338885
0.8072091
0.60331935
0.4596018
0.800809
0.56935465
0.65581584
0.6858208
0.5580964
0.6227858
0.6136747
0.65775734
0.3955586
0.92402756
0.1969749
0.78454417
0.23385906
0.039638482
0.78454417
0.56686884
0.44185886
0.109574065
0.20467894
0.57662237
0.23725519
0.86323845
0.85654616
0.7592255
0.29514796
0.016995087
0.87727004
0.30182365
0.62735176
0.86655235
0.8423224
0.030851409
0.50908786
0.30740348
0.6770403
0.036636807
0.034529973
0.038212158
0.040172465
0.042254876
0.046801675
0.037797835
0.034494136
0.037797835
0.034494136
0.03382725
0.03564261
0.036949042
0.05232958
0.052280407
0.79997605
0.844544
0.6743629
