(QUERY): 'AMERICAN-MUSLIM' '11'
Negative Neutral Positive
0.7975236177444458 0.19362103939056396 0.008855341002345085 
0.3020016849040985 0.6736663579940796 0.0243319571018219 
0.9506219029426575 0.04634469375014305 0.0030333898030221462 
0.33579346537590027 0.6333432793617249 0.030863305553793907 
0.15636970102787018 0.8223631381988525 0.021267138421535492 
0.10144048184156418 0.5500929951667786 0.3484664857387543 
0.856680154800415 0.13763104379177094 0.005688810255378485 
0.7915189266204834 0.20475657284259796 0.0037244237028062344 
0.04737342894077301 0.8787089586257935 0.07391761243343353 
0.5789884328842163 0.410417377948761 0.010594137012958527 
0.9475961327552795 0.04937698319554329 0.0030269694980233908 
0.9597474336624146 0.03723567724227905 0.0030169019009917974 
0.7133576273918152 0.2764449417591095 0.010197474621236324 
0.4536639153957367 0.5271085500717163 0.019227556884288788 
0.7985145449638367 0.18584230542182922 0.015643149614334106 
0.5432431697845459 0.4356478154659271 0.021109070628881454 
0.8296213746070862 0.1615513265132904 0.008827260695397854 
0.6509853005409241 0.31780368089675903 0.03121095895767212 
0.8448541760444641 0.1483091562986374 0.00683673657476902 
0.6025871634483337 0.33889827132225037 0.05851461738348007 
0.18758095800876617 0.773156464099884 0.03926252946257591 
0.7169651389122009 0.2738744914531708 0.009160419926047325 
0.26165977120399475 0.7187560796737671 0.01958414912223816 
0.399502158164978 0.5824329853057861 0.01806485466659069 
0.6811257600784302 0.2777070999145508 0.04116714373230934 
0.9245859384536743 0.07204374670982361 0.003370430553331971 
0.8998804092407227 0.09689808636903763 0.0032213986851274967 
0.8998804092407227 0.09689808636903763 0.0032213986851274967 
0.9176241755485535 0.0788085088133812 0.0035672697704285383 
0.36563640832901 0.42848649621009827 0.20587711036205292 
0.9034149646759033 0.09225251525640488 0.004332548938691616 
0.9592897295951843 0.03841153159737587 0.0022986619733273983 
0.8593814373016357 0.13704344630241394 0.0035750283859670162 
0.5569372773170471 0.4250671863555908 0.017995541915297508 
0.7796503901481628 0.2073821723461151 0.01296743843704462 
0.003190594492480159 0.07600751519203186 0.9208018779754639 
0.842392086982727 0.1517445296049118 0.005863394122570753 
0.7047627568244934 0.2856888473033905 0.009548351168632507 
0.8582506775856018 0.12978968024253845 0.01195969432592392 
0.2669175863265991 0.6575472950935364 0.07553514838218689 
0.0013126143021509051 0.013089872896671295 0.985597550868988 
0.8420881628990173 0.14645545184612274 0.011456357315182686 
0.8331485390663147 0.15703603625297546 0.00981542281806469 
0.03938313201069832 0.3929878771305084 0.5676289796829224 
0.8959881067276001 0.09796702116727829 0.0060449265874922276 
0.7049537897109985 0.27126169204711914 0.023784544318914413 
0.8071916103363037 0.18540802597999573 0.0074003711342811584 
0.2828793227672577 0.6887329816818237 0.02838771790266037 
0.9717395901679993 0.02598927915096283 0.0022711886558681726 
0.7345338463783264 0.22821518778800964 0.03725096583366394 
0.47988662123680115 0.44317007064819336 0.07694331556558609 
0.0015101531753316522 0.1090177670121193 0.8894721269607544 
0.002912561409175396 0.485189825296402 0.511897623538971 
0.4217395484447479 0.5074364542961121 0.0708240196108818 
0.644298255443573 0.3380678594112396 0.017633924260735512 
0.9277819395065308 0.06659968942403793 0.005618417635560036 
0.9394158720970154 0.05663405358791351 0.0039501674473285675 
0.6880968809127808 0.29935964941978455 0.012543519027531147 
0.3479861915111542 0.6234326958656311 0.028581056743860245 
0.257003515958786 0.5900593996047974 0.15293706953525543 
0.6259496212005615 0.3620911240577698 0.011959276162087917 
0.0031294894870370626 0.009474022313952446 0.9873965382575989 
0.9253048300743103 0.07093076407909393 0.003764378372579813 
0.40822634100914 0.5756658315658569 0.016107790172100067 
0.8763969540596008 0.1204301118850708 0.0031728828325867653 
0.14919236302375793 0.8280444145202637 0.022763235494494438 
0.004548736847937107 0.2865901589393616 0.7088610529899597 
0.6588556170463562 0.3292250633239746 0.011919364333152771 
0.7829188108444214 0.20126058161258698 0.015820538625121117 
0.4674147069454193 0.5108352899551392 0.021749991923570633 
0.4373745620250702 0.49343910813331604 0.06918637454509735 
0.1781863570213318 0.7576544284820557 0.06415922194719315 
0.6183308959007263 0.3701542019844055 0.011514915153384209 
0.6538888812065125 0.3262247145175934 0.019886447116732597 
0.12480589002370834 0.7298580408096313 0.1453360617160797 
0.0018446047324687243 0.06054669991135597 0.9376087188720703 
0.0019748788326978683 0.06344813108444214 0.9345769882202148 
0.8846681118011475 0.11004327237606049 0.0052886405028402805 
0.05944181978702545 0.8540793657302856 0.08647887408733368 
0.010763753205537796 0.2779299318790436 0.7113062739372253 
0.25697624683380127 0.5885028839111328 0.15452085435390472 
0.6442310214042664 0.3199520707130432 0.035816870629787445 
0.6011629700660706 0.3791789412498474 0.019658083096146584 
0.7824538350105286 0.1938837766647339 0.023662403225898743 
0.75286465883255 0.23525796830654144 0.011877347715198994 
0.5399623513221741 0.4350064694881439 0.025031141936779022 
0.8003708720207214 0.18774737417697906 0.011881738901138306 
0.882344663143158 0.11292190104722977 0.004733415320515633 
0.3479677438735962 0.48816683888435364 0.16386544704437256 
0.6085204482078552 0.3656128942966461 0.025866631418466568 
0.5303333401679993 0.40976232290267944 0.05990429222583771 
0.06054311245679855 0.8960432410240173 0.04341359809041023 
0.7489247918128967 0.24043147265911102 0.010643772780895233 
0.1781863570213318 0.7576544284820557 0.06415922194719315 
0.5261878967285156 0.44164711236953735 0.03216499090194702 
0.5624199509620667 0.4228147864341736 0.014765297994017601 
0.5799573659896851 0.38437315821647644 0.03566949814558029 
0.0874803438782692 0.673345685005188 0.23917390406131744 
0.5004821419715881 0.41949984431266785 0.08001797646284103 
0.8925591111183167 0.10194014012813568 0.005500763189047575 
0.9406309723854065 0.0542462058365345 0.005122903268784285 
0.19344937801361084 0.7857204079627991 0.02083021216094494 
0.5859776139259338 0.39699092507362366 0.017031511291861534 
0.7164637446403503 0.26042765378952026 0.023108594119548798 
0.8024998307228088 0.18676291406154633 0.010737184435129166 
0.684682309627533 0.3005669116973877 0.014750787988305092 
0.6585814356803894 0.31375089287757874 0.027667701244354248 
0.5246837139129639 0.4598257839679718 0.015490411780774593 
0.5068284273147583 0.47464025020599365 0.01853131502866745 
0.12862850725650787 0.2977134585380554 0.5736579895019531 
0.6716626286506653 0.27666938304901123 0.05166797339916229 
0.06833280622959137 0.5140459537506104 0.4176211953163147 
0.6778334975242615 0.30531781911849976 0.01684870757162571 
0.929387629032135 0.06458307802677155 0.006029229611158371 
0.03005152940750122 0.8193683624267578 0.15058021247386932 
0.7889578938484192 0.20294691622257233 0.008095300756394863 
0.7030485272407532 0.28815773129463196 0.008793685585260391 
0.01491481252014637 0.158178448677063 0.826906681060791 
0.03679700940847397 0.9157899022102356 0.04741301015019417 
0.8692578077316284 0.12638242542743683 0.004359798971563578 
0.19150599837303162 0.7477383613586426 0.060755692422389984 
0.8234675526618958 0.1672036051750183 0.009328782558441162 
0.8541742563247681 0.13516142964363098 0.010664278641343117 
0.8264114260673523 0.16091735661029816 0.012671194039285183 
0.7603334188461304 0.22523340582847595 0.014433111995458603 
0.04737342894077301 0.8787089586257935 0.07391761243343353 
0.27193373441696167 0.6890803575515747 0.03898594528436661 
0.2607855498790741 0.5616746544837952 0.17753981053829193 
0.573978066444397 0.37633517384529114 0.049686796963214874 
0.7229302525520325 0.26755157113075256 0.009518120437860489 
0.8552512526512146 0.13899722695350647 0.005751568824052811 
0.6099313497543335 0.37852227687835693 0.01154639944434166 
0.5590859055519104 0.4272727072238922 0.013641346246004105 
0.9292156100273132 0.06472434103488922 0.006060075014829636 
0.10075274854898453 0.4910590648651123 0.4081881642341614 
0.8557820916175842 0.13680754601955414 0.007410345133394003 
0.03462034836411476 0.36527374386787415 0.600105881690979 
0.0010558232897892594 0.018629956990480423 0.9803142547607422 
0.8520237803459167 0.14205843210220337 0.005917723290622234 
0.5642668604850769 0.41747596859931946 0.018257221207022667 
0.8829457759857178 0.10883484780788422 0.008219401352107525 
0.8586596846580505 0.13048195838928223 0.010858393274247646 
0.41380032896995544 0.5671928524971008 0.019006825983524323 
0.9610772728919983 0.0370456725358963 0.0018770582973957062 
0.833817183971405 0.16023027896881104 0.00595249654725194 
0.833817183971405 0.16023027896881104 0.00595249654725194 
0.7923839688301086 0.1924402266740799 0.01517574768513441 
0.6150427460670471 0.34753501415252686 0.037422310560941696 
0.8471502661705017 0.14465411007404327 0.008195612579584122 
0.2139957845211029 0.7394121289253235 0.04659203439950943 
0.6897028088569641 0.2914561927318573 0.018840953707695007 
0.9463216066360474 0.05089325085282326 0.0027852063067257404 
0.8173633217811584 0.17558325827121735 0.007053433917462826 
0.5212022066116333 0.3641442358493805 0.11465360224246979 
0.7383456230163574 0.22209371626377106 0.03956066817045212 
0.9005404114723206 0.09349481761455536 0.005964701063930988 
0.2834436595439911 0.589273989200592 0.12728241086006165 
0.8568924069404602 0.13838385045528412 0.004723839927464724 
0.95069819688797 0.04692131280899048 0.0023805834352970123 
0.41532108187675476 0.5605144500732422 0.024164441972970963 
0.012208295986056328 0.7830985188484192 0.20469319820404053 
0.8605934381484985 0.13140347599983215 0.008003132417798042 
0.8441793918609619 0.1467936784029007 0.009026934392750263 
0.26933327317237854 0.6704160571098328 0.06025056168437004 
0.5626795291900635 0.3763294816017151 0.060990992933511734 
0.8841087818145752 0.1099335327744484 0.005957683548331261 
0.7606269121170044 0.23337937891483307 0.005993718281388283 
0.030653690919280052 0.7659249901771545 0.20342132449150085 
0.49186062812805176 0.48439788818359375 0.02374153770506382 
0.8928859233856201 0.10119729489088058 0.00591678312048316 
0.04958515241742134 0.21182535588741302 0.7385894656181335 
0.058676913380622864 0.34355098009109497 0.5977720618247986 
0.9024702310562134 0.0935402438044548 0.003989513497799635 
0.8599182367324829 0.1338987797498703 0.006183034740388393 
0.012917892076075077 0.19832393527030945 0.7887581586837769 
0.24912992119789124 0.7193366289138794 0.031533461064100266 
0.7900667786598206 0.19992966949939728 0.010003617964684963 
0.3719097375869751 0.5294668078422546 0.09862349182367325 
0.7525617480278015 0.2097051739692688 0.03773312643170357 
0.5277712941169739 0.4247158169746399 0.04751289263367653 
0.6410834789276123 0.3475688099861145 0.011347788386046886 
0.49911466240882874 0.48054277896881104 0.020342601463198662 
0.6290736198425293 0.34896934032440186 0.021957002580165863 
0.02006297931075096 0.5893545150756836 0.39058250188827515 
0.547563910484314 0.43882232904434204 0.013613736256957054 
0.5369213819503784 0.36676520109176636 0.09631336480379105 
0.9132021069526672 0.08194649964570999 0.004851371981203556 
0.7403941750526428 0.24805215001106262 0.011553614400327206 
0.6435423493385315 0.3237488567829132 0.03270880877971649 
0.6781479120254517 0.31280985474586487 0.009042302146553993 
0.746658444404602 0.24570485949516296 0.007636701222509146 
0.33467409014701843 0.5347060561180115 0.1306198537349701 
0.4191690981388092 0.5446444153785706 0.036186542361974716 
0.002348953625187278 0.09795522689819336 0.8996958136558533 
0.8390110731124878 0.1554943025112152 0.0054946886375546455 
0.5414727330207825 0.40324971079826355 0.05527757108211517 
0.04916670173406601 0.8656944036483765 0.08513887971639633 
0.8178998827934265 0.1585787832736969 0.02352125570178032 
0.897081196308136 0.09782087057828903 0.005097926128655672 
0.10850115120410919 0.5156305432319641 0.3758683204650879 
0.8068578243255615 0.17960892617702484 0.013533269055187702 
0.4574844241142273 0.5112259984016418 0.03128957748413086 
0.9659767746925354 0.030879832804203033 0.003143294947221875 
0.008500485680997372 0.06363820284605026 0.9278613328933716 
0.0010244544828310609 0.019885748624801636 0.9790897369384766 
0.7384212613105774 0.2371644824743271 0.024414245039224625 
0.8062140345573425 0.18431296944618225 0.009472956880927086 
0.9631580710411072 0.033834800124168396 0.0030071174260228872 
0.013022270053625107 0.19390438497066498 0.7930733561515808 
0.013022270053625107 0.19390438497066498 0.7930733561515808 
0.013022270053625107 0.19390438497066498 0.7930733561515808 
0.013022270053625107 0.19390438497066498 0.7930733561515808 
0.7747498750686646 0.21620789170265198 0.009042283520102501 
0.013022270053625107 0.19390438497066498 0.7930733561515808 
0.016704391688108444 0.23109504580497742 0.7522005438804626 
0.015365490689873695 0.21982865035533905 0.7648058533668518 
0.014027632772922516 0.2108723521232605 0.7750999927520752 
0.013046357780694962 0.20526614785194397 0.7816874980926514 
0.013046357780694962 0.20526614785194397 0.7816874980926514 
0.011771165765821934 0.18457016348838806 0.8036587238311768 
0.07949977368116379 0.7157243490219116 0.2047758251428604 
0.0023099700920283794 0.030141599476337433 0.9675484299659729 
0.6325350999832153 0.34599563479423523 0.0214693546295166 
0.8027540445327759 0.19061590731143951 0.006629972718656063 
0.6819266080856323 0.28576764464378357 0.0323057621717453 
0.0016501566860824823 0.020616216585040092 0.9777335524559021 
0.8211016058921814 0.171820268034935 0.007078094873577356 
0.8977744579315186 0.09543876349925995 0.00678678136318922 
0.17076672613620758 0.7456677556037903 0.08356554061174393 
0.5569158792495728 0.4293636977672577 0.013720491901040077 
0.4727464020252228 0.49237462878227234 0.03487897664308548 
0.8894971013069153 0.10558237880468369 0.004920469596982002 
0.8218874931335449 0.16834662854671478 0.00976589135825634 
0.8229398131370544 0.16546079516410828 0.011599368415772915 
0.7514553666114807 0.24436773359775543 0.004176879767328501 
0.536898672580719 0.44948214292526245 0.013619148172438145 
0.8302056789398193 0.16074708104133606 0.009047282859683037 
0.30114641785621643 0.6632052659988403 0.03564830869436264 
0.5288248658180237 0.44026508927345276 0.030910024419426918 
0.5544268488883972 0.4279927909374237 0.01758033037185669 
0.20520533621311188 0.5552052855491638 0.23958933353424072 
0.24632790684700012 0.5743511915206909 0.17932093143463135 
0.8762742280960083 0.12007051706314087 0.0036552518140524626 
0.8449212312698364 0.15078140795230865 0.004297350533306599 
0.4305708110332489 0.5470911264419556 0.02233806997537613 
0.14216817915439606 0.7504862546920776 0.1073455810546875 
0.49783048033714294 0.4646454155445099 0.037524182349443436 
0.9508257508277893 0.04621123522520065 0.002963024890050292 
0.7138832807540894 0.24205780029296875 0.044058915227651596 
0.6115587949752808 0.3726867735385895 0.01575441099703312 
0.023241298273205757 0.8515218496322632 0.12523691356182098 
0.41882219910621643 0.5661963224411011 0.014981427229940891 
0.7385438084602356 0.2501292824745178 0.011326897889375687 
0.8712583780288696 0.1204553171992302 0.008286276832222939 
0.5783826112747192 0.3888682723045349 0.03274909406900406 
0.6531982421875 0.31173717975616455 0.03506454452872276 
0.39301151037216187 0.5654268860816956 0.041561562567949295 
0.8975595831871033 0.09713602066040039 0.0053043607622385025 
0.7832569479942322 0.2001466006040573 0.01659647934138775 
0.887482225894928 0.1076984703540802 0.00481930747628212 
0.9156466722488403 0.07861857116222382 0.005734816659241915 
0.5697026252746582 0.4209917485713959 0.00930560939013958 
0.3036424517631531 0.4933549463748932 0.20300257205963135 
0.6391070485115051 0.34204384684562683 0.018849091604351997 
0.32988613843917847 0.6324160695075989 0.03769771009683609 
0.7745577096939087 0.21700069308280945 0.008441575802862644 
0.8554801344871521 0.1387225091457367 0.005797304678708315 
0.9346986413002014 0.06255868077278137 0.0027427736204117537 
0.9358237385749817 0.061354707926511765 0.002821581205353141 
0.1446344405412674 0.7675379514694214 0.08782755583524704 
0.15859563648700714 0.5000365972518921 0.3413677513599396 
0.10319028794765472 0.8743072152137756 0.02250252477824688 
0.3946048319339752 0.5559520721435547 0.04944310709834099 
0.8993470072746277 0.09474682062864304 0.005906116217374802 
0.8819183707237244 0.11367592960596085 0.004405718296766281 
0.7953401207923889 0.1952359825372696 0.00942388828843832 
0.19679923355579376 0.777511477470398 0.025689294561743736 
0.6603186130523682 0.32603123784065247 0.01365016307681799 
0.3551350235939026 0.5786805748939514 0.06618443131446838 
0.5515528917312622 0.4285150170326233 0.01993214711546898 
0.04522993788123131 0.3155292868614197 0.6392407417297363 
0.9380403757095337 0.058874163776636124 0.0030853869393467903 
0.7982520461082458 0.19306492805480957 0.008682959713041782 
0.7792688608169556 0.21186739206314087 0.00886379275470972 
0.6924833655357361 0.2819710075855255 0.025545557960867882 
0.8511261343955994 0.14196738600730896 0.006906493101269007 
0.7523695826530457 0.22717984020709991 0.020450569689273834 
0.9170447587966919 0.07937340438365936 0.0035819225013256073 
0.6295430660247803 0.3390105068683624 0.0314464271068573 
0.01877107284963131 0.9374060034751892 0.04382293298840523 
0.710115909576416 0.2748463451862335 0.015037755481898785 
0.0017294924473389983 0.012043322436511517 0.9862272143363953 
0.6535188555717468 0.33217212557792664 0.014308967627584934 
0.9066445231437683 0.08676353096961975 0.0065918974578380585 
0.9647192358970642 0.0332874059677124 0.0019933192525058985 
0.8609569072723389 0.13251517713069916 0.006527925841510296 
0.9081645607948303 0.08814287185668945 0.003692588536068797 
0.06272440403699875 0.8909925222396851 0.04628307744860649 
0.470630943775177 0.5157339572906494 0.013635145500302315 
0.5730112791061401 0.3983043134212494 0.028684452176094055 
0.09294842928647995 0.8664119243621826 0.040639568120241165 
0.05769505351781845 0.8272072076797485 0.11509770154953003 
0.7237393260002136 0.2675173878669739 0.008743226528167725 
0.48359009623527527 0.4089495539665222 0.1074603796005249 
0.9450706839561462 0.05103984847664833 0.003889544401317835 
0.4998783767223358 0.4676952362060547 0.03242644667625427 
0.36502358317375183 0.48255130648612976 0.15242516994476318 
0.6387492418289185 0.3230859935283661 0.03816481679677963 
0.2706817090511322 0.6553806066513062 0.07393770664930344 
0.5759222507476807 0.39618903398513794 0.027888702228665352 
0.7658317685127258 0.21467697620391846 0.01949126273393631 
0.9289921522140503 0.06790680438280106 0.0031010659877210855 
0.9341681599617004 0.06300665438175201 0.0028251796029508114 
0.07322410494089127 0.8826033473014832 0.044172503054142 
0.6614931225776672 0.3009742498397827 0.03753259405493736 
0.020813653245568275 0.5336577296257019 0.44552865624427795 
0.20257391035556793 0.6468001008033752 0.15062594413757324 
0.7978002429008484 0.19179899990558624 0.010400727391242981 
0.44490697979927063 0.5342373251914978 0.020855702459812164 
0.9180087447166443 0.07873006910085678 0.0032611775677651167 
0.8804750442504883 0.11110720783472061 0.008417744189500809 
0.8843773007392883 0.11249309033155441 0.0031295910011976957 
0.687564492225647 0.2859237790107727 0.02651168778538704 
0.7557770609855652 0.22821392118930817 0.01600898988544941 
0.0019247682066634297 0.03573824092745781 0.9623370170593262 
0.9266622066497803 0.06997282058000565 0.003364913398399949 
0.7843608260154724 0.2068144977092743 0.008824752643704414 
0.27689993381500244 0.599335789680481 0.123764269053936 
0.039071694016456604 0.9198808670043945 0.04104745388031006 
0.058827172964811325 0.8914551138877869 0.04971768707036972 
0.6817725300788879 0.2957523465156555 0.02247512713074684 
0.25714918971061707 0.564814031124115 0.17803676426410675 
0.5355030298233032 0.44774380326271057 0.016753168776631355 
0.010607858188450336 0.34656065702438354 0.6428314447402954 
0.0899171456694603 0.8680582642555237 0.0420246422290802 
0.181674987077713 0.7754066586494446 0.0429183728992939 
0.0016504880040884018 0.043270520865917206 0.9550790190696716 
0.2715841233730316 0.6667168736457825 0.06169899180531502 
0.5750102996826172 0.3993511497974396 0.025638550519943237 
0.5657616853713989 0.41789355874061584 0.016344711184501648 
0.4939528703689575 0.486896812915802 0.019150329753756523 
0.008399445563554764 0.31662723422050476 0.6749733686447144 
0.6862434148788452 0.29300257563591003 0.0207540150731802 
0.6675589680671692 0.30832841992378235 0.024112576618790627 
0.6595692038536072 0.32444536685943604 0.015985429286956787 
0.03432132676243782 0.8779090642929077 0.0877695307135582 
0.8697929978370667 0.12579883635044098 0.004408181644976139 
0.8269185423851013 0.16663208603858948 0.006449407897889614 
0.5813825130462646 0.3969276249408722 0.021689847111701965 
0.3096960484981537 0.6722047328948975 0.01809927076101303 
0.0013647995656356215 0.029028689488768578 0.9696065187454224 
0.08294136822223663 0.8746822476387024 0.04237635061144829 
0.008333259262144566 0.4177819788455963 0.5738847851753235 
0.4111780822277069 0.45152872800827026 0.1372932344675064 
0.7978386282920837 0.1875961422920227 0.014565173536539078 
0.5880479216575623 0.3943701982498169 0.01758193038403988 
0.4716586172580719 0.5124378204345703 0.015903577208518982 
0.013578337617218494 0.5441353917121887 0.44228625297546387 
0.8112688660621643 0.1817789375782013 0.006952186580747366 
0.713611900806427 0.2671767771244049 0.019211338832974434 
0.004178909119218588 0.24347315728664398 0.7523479461669922 
0.012620266526937485 0.3515131175518036 0.635866641998291 
0.009203199297189713 0.030092744156718254 0.9607040286064148 
0.6639990210533142 0.32299497723579407 0.013006018474698067 
0.0015026601031422615 0.028228851035237312 0.9702685475349426 
0.06905119866132736 0.29831647872924805 0.632632315158844 
0.7406492829322815 0.2396652102470398 0.019685443490743637 
0.8470895290374756 0.14690154790878296 0.006008995696902275 
0.12115688621997833 0.5409896373748779 0.33785349130630493 
0.07967209070920944 0.8773976564407349 0.04293014854192734 
0.7737913727760315 0.21466195583343506 0.011546689085662365 
0.004019470419734716 0.1304006576538086 0.8655798435211182 
0.45861437916755676 0.506309449672699 0.03507614880800247 
0.12185237556695938 0.8385179042816162 0.03962971270084381 
0.43060067296028137 0.4942162334918976 0.07518308609724045 
0.0038401978090405464 0.05370602756738663 0.9424538016319275 
0.7947103977203369 0.1839308738708496 0.021358681842684746 
0.09399781376123428 0.5290508270263672 0.3769513964653015 
0.5533879995346069 0.4244692921638489 0.02214277908205986 
0.7348360419273376 0.256742000579834 0.008421995677053928 
0.7990553975105286 0.18033362925052643 0.020610973238945007 
0.6408402323722839 0.341210275888443 0.017949474975466728 
0.35241830348968506 0.5508491396903992 0.09673257917165756 
0.02658403292298317 0.6040257215499878 0.3693901598453522 
0.7689244151115417 0.22397375106811523 0.0071017262525856495 
0.9075382351875305 0.08794289082288742 0.004518842790275812 
0.6500512361526489 0.3064711391925812 0.04347759857773781 
0.6283168792724609 0.3641109764575958 0.0075721279717981815 
0.7179960012435913 0.27051153779029846 0.011492466554045677 
0.7982078194618225 0.19254231452941895 0.009249796159565449 
0.6129298806190491 0.36221376061439514 0.024856340140104294 
0.8794696927070618 0.11676736176013947 0.0037629648577421904 
0.6942322254180908 0.2859075963497162 0.019860176369547844 
0.06761075556278229 0.8520534038543701 0.0803358256816864 
0.8666170835494995 0.12933894991874695 0.004044061526656151 
0.6902626156806946 0.299427330493927 0.010310032404959202 
0.544124960899353 0.4384253919124603 0.0174496378749609 
0.7943584322929382 0.1895214319229126 0.016120072454214096 
0.6586553454399109 0.3138413727283478 0.02750333584845066 
0.6529623866081238 0.324070006608963 0.022967632859945297 
0.018237676471471786 0.44987788796424866 0.5318844318389893 
0.30473288893699646 0.661053478717804 0.03421367332339287 
0.7261143922805786 0.2583180367946625 0.015567597933113575 
0.8838414549827576 0.11262969672679901 0.0035288676153868437 
0.9288077354431152 0.06835533678531647 0.002836877480149269 
0.05995706841349602 0.89447420835495 0.045568741858005524 
0.5620438456535339 0.4055078327655792 0.03244830667972565 
0.5229617953300476 0.453342467546463 0.023695720359683037 
0.04442485421895981 0.879116952419281 0.07645813375711441 
0.023802295327186584 0.7824179530143738 0.19377975165843964 
0.0018768900772556663 0.050721995532512665 0.9474011659622192 
0.3746875822544098 0.5910014510154724 0.03431094437837601 
0.8569059371948242 0.1374727338552475 0.005621299613267183 
0.6286785006523132 0.3584491014480591 0.012872431427240372 
0.6088188886642456 0.37845632433891296 0.012724817730486393 
0.4205784797668457 0.5292133688926697 0.050208188593387604 
0.8943004608154297 0.10105465352535248 0.004644961562007666 
0.7440919876098633 0.23735713958740234 0.018550870940089226 
0.9165354371070862 0.08021865040063858 0.003245893632993102 
0.09944614768028259 0.8660036325454712 0.034550342708826065 
0.7864586114883423 0.20565533638000488 0.007886013016104698 
0.7957339882850647 0.19482991099357605 0.00943612027913332 
0.38925886154174805 0.5013803243637085 0.10936082899570465 
0.9560993313789368 0.041187576949596405 0.0027131023816764355 
0.8439629077911377 0.14851363003253937 0.007523481734097004 
0.2975950837135315 0.6251115202903748 0.07729334384202957 
0.9024441242218018 0.09239000082015991 0.005165907554328442 
0.6438720226287842 0.3454324007034302 0.010695536620914936 
0.7192853093147278 0.27464333176612854 0.006071354728192091 
0.9343241453170776 0.06356032937765121 0.0021155483555048704 
0.9118014574050903 0.08306629210710526 0.005132293328642845 
0.9065481424331665 0.08827470988035202 0.005177134182304144 
0.6243510842323303 0.3059771955013275 0.06967170536518097 
0.6243510842323303 0.3059771955013275 0.06967170536518097 
0.024177895858883858 0.869125247001648 0.10669685155153275 
0.024177895858883858 0.869125247001648 0.10669685155153275 
0.8206616640090942 0.16549958288669586 0.013838822953402996 
0.812219500541687 0.17973871529102325 0.008041785098612309 
0.7950682044029236 0.19654318690299988 0.008388685062527657 
0.03882572799921036 0.8194263577461243 0.1417478322982788 
0.7782973647117615 0.2133004069328308 0.008402313105762005 
0.7688614726066589 0.2118072658777237 0.019331255927681923 
0.675592839717865 0.28994137048721313 0.03446574881672859 
0.05396976321935654 0.6004984378814697 0.34553179144859314 
0.8388218879699707 0.15253828465938568 0.008639801293611526 
0.41672778129577637 0.5659599900245667 0.017312217503786087 
0.9615548253059387 0.03572478145360947 0.002720469841733575 
0.9103139638900757 0.08492358773946762 0.004762397147715092 
0.8261436223983765 0.16482241451740265 0.009033920243382454 
0.8664376139640808 0.129428893327713 0.004133583512157202 
0.31836220622062683 0.634918212890625 0.04671953618526459 
0.8950797915458679 0.0969410091638565 0.007979226298630238 
0.5424016118049622 0.4392727315425873 0.018325652927160263 
0.8464457392692566 0.14788569509983063 0.005668621510267258 
0.591555118560791 0.37172749638557434 0.03671732544898987 
0.0014254276175051928 0.011467001400887966 0.9871075749397278 
0.6866459846496582 0.2879960238933563 0.02535799704492092 
0.054591577500104904 0.2603781223297119 0.6850303411483765 
0.9287914037704468 0.06788229942321777 0.0033262991346418858 
0.8930034041404724 0.09937860816717148 0.007617943920195103 
0.4884692132472992 0.48036861419677734 0.03116215579211712 
0.004352384712547064 0.08672329038381577 0.9089243412017822 
0.6967716217041016 0.2884668707847595 0.014761495403945446 
0.39781004190444946 0.5680508613586426 0.03413911908864975 
0.8170993328094482 0.17565543949604034 0.007245276123285294 
0.8439487218856812 0.1498623937368393 0.006188900675624609 
0.6003371477127075 0.38179388642311096 0.01786891184747219 
0.9283267259597778 0.06690904498100281 0.004764236975461245 
0.7712380290031433 0.20899677276611328 0.019765159115195274 
0.7074471116065979 0.28001540899276733 0.012537497095763683 
0.0207570418715477 0.5207400321960449 0.45850294828414917 
0.28356796503067017 0.6772036552429199 0.039228376001119614 
0.940584123134613 0.05606769770383835 0.0033481840509921312 
0.6075674295425415 0.38002246618270874 0.012410139665007591 
0.9350719451904297 0.061837390065193176 0.0030907439067959785 
0.6559571623802185 0.3349555730819702 0.009087273851037025 
0.01349515188485384 0.7565876245498657 0.22991719841957092 
0.938069224357605 0.058212943375110626 0.003717769868671894 
0.34760332107543945 0.6272323727607727 0.02516428753733635 
0.34760332107543945 0.6272323727607727 0.02516428753733635 
0.34760332107543945 0.6272323727607727 0.02516428753733635 
0.34760332107543945 0.6272323727607727 0.02516428753733635 
0.5697858333587646 0.4044944643974304 0.025719745084643364 
0.11860938370227814 0.5131712555885315 0.3682193458080292 
0.8132421970367432 0.1659584641456604 0.020799361169338226 
0.6256116628646851 0.34663012623786926 0.02775823511183262 
0.12141913920640945 0.8471130132675171 0.03146785870194435 
0.7884777188301086 0.20160937309265137 0.009912935085594654 
0.1138167679309845 0.7199184894561768 0.16626474261283875 
0.8995198011398315 0.09777215123176575 0.002708002459257841 
0.07576421648263931 0.6658739447593689 0.2583618760108948 
0.3398294448852539 0.5492879748344421 0.11088261753320694 
0.013648821972310543 0.9104791879653931 0.07587199658155441 
0.4854778051376343 0.4900248944759369 0.024497224017977715 
0.8063623309135437 0.1845446676015854 0.00909302569925785 
0.024013914167881012 0.864997386932373 0.11098873615264893 
0.05064104497432709 0.3235577940940857 0.625801146030426 
0.001547333667986095 0.0071380361914634705 0.9913145899772644 
0.5844616889953613 0.40625473856925964 0.009283534251153469 
0.6400355696678162 0.3460525572299957 0.013911801390349865 
0.4057368338108063 0.5544854402542114 0.03977775573730469 
0.8830286860466003 0.11452370136976242 0.002447630977258086 
0.6135759353637695 0.3672325313091278 0.019191520288586617 
0.8485273122787476 0.14743956923484802 0.004033157601952553 
0.01349515188485384 0.7565876245498657 0.22991719841957092 
0.049141012132167816 0.8755647540092468 0.07529429346323013 
0.0021247060503810644 0.0439838171005249 0.953891396522522 
0.02932608313858509 0.7522488236427307 0.21842509508132935 
0.807396411895752 0.18464644253253937 0.007957146503031254 
0.9135562777519226 0.07852727919816971 0.007916445843875408 
0.004518411122262478 0.09171011298894882 0.9037714600563049 
0.07460466772317886 0.7029380798339844 0.22245724499225616 
0.8999884724617004 0.09507839381694794 0.004933199379593134 
0.7513566613197327 0.23325558006763458 0.01538775209337473 
0.5580112338066101 0.39402270317077637 0.04796607792377472 
0.49045711755752563 0.48469918966293335 0.024843711405992508 
0.5750793814659119 0.3962753117084503 0.028645316138863564 
0.9256007671356201 0.0706859603524208 0.0037133314181119204 
0.5091174840927124 0.4763610064983368 0.014521485194563866 
0.11520745605230331 0.6445587277412415 0.24023379385471344 
0.7455657124519348 0.24472568929195404 0.009708613157272339 
0.8934057950973511 0.10282275080680847 0.0037714901845902205 
0.528311014175415 0.40891361236572266 0.0627753809094429 
0.8031982183456421 0.18802349269390106 0.008778274990618229 
0.014844411984086037 0.8022185564041138 0.18293708562850952 
0.5685044527053833 0.4126732349395752 0.018822286278009415 
0.09385170787572861 0.743836522102356 0.16231174767017365 
0.37540802359580994 0.5810269713401794 0.043565016239881516 
0.8735799193382263 0.11969803273677826 0.0067221010103821754 
0.45550885796546936 0.5097213983535767 0.034769751131534576 
0.8895025849342346 0.10312014073133469 0.00737728038802743 
0.03753235563635826 0.939970850944519 0.022496787831187248 
0.8806790709495544 0.11532250791788101 0.0039984178729355335 
0.5178712606430054 0.4560226500034332 0.02610609494149685 
0.38321247696876526 0.5678325891494751 0.04895489290356636 
0.38321247696876526 0.5678325891494751 0.04895489290356636 
0.5902812480926514 0.39763426780700684 0.01208456326276064 
0.38321247696876526 0.5678325891494751 0.04895489290356636 
0.38321247696876526 0.5678325891494751 0.04895489290356636 
0.8674741983413696 0.12741653621196747 0.00510930921882391 
0.4184246063232422 0.5260409712791443 0.055534422397613525 
0.6598937511444092 0.31667956709861755 0.023426763713359833 
0.24045097827911377 0.5318583250045776 0.2276907116174698 
0.5176869630813599 0.4572095572948456 0.025103451684117317 
0.001393610262311995 0.08301988989114761 0.9155864715576172 
0.2425173819065094 0.731461763381958 0.026020925492048264 
0.9178470373153687 0.07847565412521362 0.003677286906167865 
0.4118727743625641 0.5311658382415771 0.056961387395858765 
0.9592812061309814 0.03846538066864014 0.002253438113257289 
0.1353917121887207 0.69598388671875 0.1686244010925293 
0.753165066242218 0.23339183628559113 0.013443006202578545 
0.07054227590560913 0.6282642483711243 0.3011934757232666 
0.9421835541725159 0.05431375652551651 0.00350271537899971 
0.6324208378791809 0.3568551540374756 0.010723970830440521 
0.77951580286026 0.21028925478458405 0.010194944217801094 
0.6017031073570251 0.3724559247493744 0.02584097906947136 
0.5155066251754761 0.4561096727848053 0.028383759781718254 
0.41887834668159485 0.379110187292099 0.20201151072978973 
0.95391845703125 0.04385378211736679 0.0022277680691331625 
0.05042780563235283 0.22013536095619202 0.7294368147850037 
0.11035845428705215 0.7776741981506348 0.1119673103094101 
0.907309889793396 0.08888880163431168 0.003801274113357067 
0.06284642219543457 0.8679710030555725 0.06918251514434814 
0.8184900283813477 0.17319850623607635 0.008311438374221325 
0.8385781049728394 0.1522313505411148 0.009190482087433338 
0.0011120035778731108 0.07470667362213135 0.9241812825202942 
0.7157083749771118 0.2715205252170563 0.012771152891218662 
0.8441593050956726 0.14901070296764374 0.006829921621829271 
0.4149843752384186 0.5286916494369507 0.05632395297288895 
0.6977114081382751 0.27426040172576904 0.028028203174471855 
0.6972690224647522 0.288165807723999 0.01456511951982975 
0.5903980135917664 0.30096378922462463 0.10863817483186722 
0.909697413444519 0.08622091263532639 0.004081771709024906 
0.004202669486403465 0.4335799217224121 0.5622174143791199 
0.00751133356243372 0.6617451906204224 0.3307435214519501 
0.05103350430727005 0.8851105570793152 0.06385594606399536 
0.001390133867971599 0.01384714338928461 0.9847627282142639 
0.051210809499025345 0.8842689990997314 0.06452016532421112 
0.6847368478775024 0.3043591380119324 0.01090401504188776 
0.8578550815582275 0.13566870987415314 0.006476167123764753 
0.030299631878733635 0.8864668011665344 0.08323360234498978 
0.29268786311149597 0.5988644957542419 0.10844767838716507 
0.7552969455718994 0.22894294559955597 0.015760162845253944 
0.9188226461410522 0.07811906188726425 0.00305830966681242 
0.9134103655815125 0.08230488747358322 0.0042847683653235435 
0.5859471559524536 0.3872476816177368 0.026805158704519272 
0.41596657037734985 0.5505449175834656 0.033488545566797256 
0.04737342894077301 0.8787089586257935 0.07391761243343353 
0.06523129343986511 0.8653709292411804 0.06939776241779327 
0.036925796419382095 0.8854148387908936 0.07765933871269226 
0.46766412258148193 0.5145021677017212 0.017833685502409935 
0.004193863365799189 0.7252464890480042 0.2705595791339874 
0.6234002113342285 0.3616555631160736 0.014944161288440228 
0.7365932464599609 0.2512279152870178 0.012178884819149971 
0.42526179552078247 0.5192614793777466 0.055476777255535126 
0.03689618036150932 0.20894654095172882 0.7541572451591492 
0.6154107451438904 0.3726392090320587 0.01195007748901844 
0.04617545008659363 0.9038400053977966 0.049984559416770935 
0.6640781760215759 0.32022398710250854 0.01569780334830284 
0.6844547986984253 0.29495662450790405 0.020588595420122147 
0.6024320721626282 0.3431739807128906 0.05439399927854538 
0.844865083694458 0.1466398537158966 0.008495066314935684 
0.841949999332428 0.1493595838546753 0.008690351620316505 
0.5655204653739929 0.4187176823616028 0.015761857852339745 
0.6844698786735535 0.24886633455753326 0.06666384637355804 
0.057447951287031174 0.27698174118995667 0.6655703783035278 
0.02776774764060974 0.6671647429466248 0.3050675690174103 
0.8792403340339661 0.11715175211429596 0.0036079201381653547 
0.41266992688179016 0.5363103151321411 0.051019713282585144 
0.5182021260261536 0.4708367586135864 0.01096116378903389 
0.8882284760475159 0.10567934066057205 0.006092168390750885 
0.005125048570334911 0.04362795874476433 0.9512470364570618 
0.8794535398483276 0.1155780628323555 0.0049683270044624805 
0.0018455102108418941 0.3508298397064209 0.6473246812820435 
0.8437842130661011 0.1498633623123169 0.006352444179356098 
0.005009882152080536 0.059579361230134964 0.935410737991333 
0.8525516986846924 0.14048999547958374 0.00695838313549757 
0.48548778891563416 0.5009055733680725 0.013606598600745201 
0.3592565953731537 0.6032888293266296 0.03745453804731369 
0.6079088449478149 0.36207708716392517 0.030014047399163246 
0.7083365321159363 0.2786683440208435 0.012995103374123573 
0.8964330554008484 0.09983302652835846 0.0037338854745030403 
0.7401242256164551 0.2435324341058731 0.016343355178833008 
0.9412958025932312 0.055039916187524796 0.003664243733510375 
0.005361458752304316 0.03507949784398079 0.9595590233802795 
0.5735098123550415 0.40125375986099243 0.025236405432224274 
0.9170321226119995 0.0777747631072998 0.005193101242184639 
0.22211450338363647 0.7267448306083679 0.05114063620567322 
0.6531004309654236 0.3215169906616211 0.02538260631263256 
0.5313548445701599 0.44777432084083557 0.020870797336101532 
0.4347279965877533 0.5447040796279907 0.020567892119288445 
0.7955041527748108 0.1957002580165863 0.008795598521828651 
0.6672782897949219 0.31639376282691956 0.016327938064932823 
0.6602694392204285 0.2973044216632843 0.04242613539099693 
0.8970507979393005 0.0965866670012474 0.006362528540194035 
0.8159107565879822 0.17503222823143005 0.009056976065039635 
0.1974162757396698 0.4982365667819977 0.3043471872806549 
0.4491829574108124 0.5252445340156555 0.025572482496500015 
0.009418351575732231 0.8222039937973022 0.1683776080608368 
0.09225344657897949 0.8819868564605713 0.025759704411029816 
0.046627044677734375 0.6678235530853271 0.2855493426322937 
0.1578911393880844 0.7964236736297607 0.04568513482809067 
0.08797471225261688 0.8564000725746155 0.05562518537044525 
0.5547519326210022 0.423225075006485 0.022023020312190056 
0.9196034669876099 0.07454381138086319 0.005852776579558849 
0.08797471225261688 0.8564000725746155 0.05562518537044525 
0.8091962337493896 0.1825549602508545 0.00824882835149765 
0.6255967020988464 0.34154772758483887 0.0328555703163147 
0.8055760860443115 0.18969568610191345 0.004728241357952356 
0.6616997122764587 0.3318781554698944 0.006422189995646477 
0.3390623927116394 0.5544586777687073 0.1064789742231369 
0.19507776200771332 0.5894972085952759 0.2154250144958496 
0.09983851760625839 0.37318021059036255 0.5269812941551208 
0.7073094248771667 0.27558910846710205 0.01710144430398941 
0.7960540056228638 0.19569049775600433 0.00825542863458395 
0.8524218201637268 0.14003311097621918 0.0075450800359249115 
0.8862085342407227 0.10456385463476181 0.009227598085999489 
0.9466192126274109 0.049988068640232086 0.003392719430848956 
0.7709303498268127 0.21579410135746002 0.013275536708533764 
0.4521946310997009 0.5197867751121521 0.028018593788146973 
0.8788508772850037 0.11727061867713928 0.003878461429849267 
0.6634931564331055 0.32461029291152954 0.011896553449332714 
0.8265133500099182 0.1668129563331604 0.006673724856227636 
0.8130454421043396 0.16763588786125183 0.01931857503950596 
0.39781004190444946 0.5680508613586426 0.03413911908864975 
0.8729279637336731 0.11957412213087082 0.0074979630298912525 
0.812808632850647 0.17917299270629883 0.00801839679479599 
0.8068406581878662 0.1843680888414383 0.008791247382760048 
0.5844616889953613 0.40625473856925964 0.009283534251153469 
0.6305346488952637 0.35036182403564453 0.01910356432199478 
0.8375608325004578 0.15613561868667603 0.006303522735834122 
0.5771666169166565 0.38757428526878357 0.03525908663868904 
0.9146307110786438 0.08122751116752625 0.004141727462410927 
0.9105818867683411 0.08390198647975922 0.005516230594366789 
0.5787089467048645 0.38590502738952637 0.03538604825735092 
0.888076663017273 0.10733048617839813 0.00459285220131278 
0.9365323185920715 0.060746245086193085 0.00272138393484056 
0.09659011662006378 0.8854390382766724 0.017970874905586243 
0.4672316908836365 0.5080599784851074 0.024708308279514313 
0.7457635402679443 0.24249105155467987 0.011745387688279152 
0.619055986404419 0.3645021319389343 0.016441838815808296 
0.8897099494934082 0.10302703827619553 0.007263013627380133 
0.610440731048584 0.36922550201416016 0.02033371292054653 
0.8991395831108093 0.09624941647052765 0.004611026030033827 
0.8822354674339294 0.11341363936662674 0.004350956529378891 
0.6649413108825684 0.3006740212440491 0.03438456729054451 
0.444446861743927 0.5131638050079346 0.042389363050460815 
0.8491437435150146 0.1400185525417328 0.010837624780833721 
0.8935926556587219 0.10021933168172836 0.006187958177179098 
0.602375328540802 0.358373761177063 0.03925096616148949 
0.7588990330696106 0.22843509912490845 0.012665879912674427 
0.7366327047348022 0.25036293268203735 0.013004354201257229 
0.044461850076913834 0.5263592004776001 0.429178923368454 
0.7678919434547424 0.22067061066627502 0.011437426321208477 
0.3134640157222748 0.6036398410797119 0.0828961730003357 
0.8315559029579163 0.1595476120710373 0.008896449580788612 
0.2616218030452728 0.7144043445587158 0.02397383749485016 
0.03279668092727661 0.8741479516029358 0.09305530786514282 
0.9119383692741394 0.08288931101560593 0.0051723383367061615 
0.8507055044174194 0.14145928621292114 0.00783522054553032 
0.8586578369140625 0.13633525371551514 0.005006913561373949 
0.60854172706604 0.3550582826137543 0.03640000894665718 
0.5393035411834717 0.4364239573478699 0.024272505193948746 
0.8363673090934753 0.15662513673305511 0.007007543463259935 
0.4076366722583771 0.5109004974365234 0.08146285265684128 
0.03376554697751999 0.14357303082942963 0.8226614594459534 
0.2093759924173355 0.6760998964309692 0.11452415585517883 
0.9716125130653381 0.026096388697624207 0.0022911399137228727 
0.5984839797019958 0.3355661630630493 0.06594984978437424 
0.2333182543516159 0.711041271686554 0.05564052239060402 
0.8413979411125183 0.15076425671577454 0.007837789133191109 
0.6789939999580383 0.31007641553878784 0.010929620824754238 
0.010156852193176746 0.6667782664299011 0.3230648636817932 
0.1527334600687027 0.8195949196815491 0.02767167054116726 
0.0007629888714291155 0.022516192868351936 0.9767208695411682 
0.9666457772254944 0.03125530481338501 0.0020989160984754562 
0.8425260186195374 0.15339484810829163 0.004079171922057867 
0.5305431485176086 0.4471015930175781 0.0223552193492651 
0.7532830834388733 0.21303358674049377 0.033683303743600845 
0.013451501727104187 0.909434974193573 0.07711359858512878 
0.7908477783203125 0.20490282773971558 0.0042493911460042 
0.4553076922893524 0.5119772553443909 0.03271503373980522 
0.5254073739051819 0.45002850890159607 0.024564137682318687 
0.0013969202991575003 0.03684445098042488 0.9617586731910706 
0.8887327313423157 0.10739951580762863 0.0038677328266203403 
0.5760533809661865 0.32228884100914 0.10165781527757645 
0.00197095749899745 0.08614492416381836 0.9118841290473938 
0.7399401664733887 0.2472323328256607 0.012827470898628235 
0.10676052421331406 0.8611543774604797 0.0320851095020771 
0.6240007281303406 0.35774391889572144 0.018255390226840973 
0.6015909314155579 0.3803691267967224 0.018039969727396965 
0.8794409036636353 0.11429228633642197 0.00626671826466918 
0.5347757339477539 0.39795637130737305 0.06726789474487305 
0.9407598376274109 0.054697759449481964 0.004542369861155748 
0.928288996219635 0.06672724336385727 0.004983698017895222 
0.9600389003753662 0.03690539300441742 0.0030556400306522846 
0.9216797351837158 0.07229620218276978 0.006024093367159367 
0.35774385929107666 0.5024971961975098 0.13975898921489716 
0.006321933586150408 0.4689253866672516 0.524752676486969 
0.001227425062097609 0.0087520070374012 0.9900206327438354 
0.9602393507957458 0.037724029272794724 0.0020366560202091932 
0.38994911313056946 0.5830468535423279 0.027003981173038483 
0.0014234810369089246 0.01642046496272087 0.9821560978889465 
0.3983144462108612 0.5898320078849792 0.011853521689772606 
0.2890157401561737 0.4734898805618286 0.23749443888664246 
0.12567821145057678 0.7962092757225037 0.07811242341995239 
0.5022006630897522 0.4699293375015259 0.027869947254657745 
0.7365840077400208 0.25429317355155945 0.009122874587774277 
0.5447958707809448 0.4175792336463928 0.03762488067150116 
0.37929093837738037 0.5906347632408142 0.030074305832386017 
0.5914274454116821 0.389000803232193 0.019571805372834206 
0.5798565745353699 0.3793635666370392 0.04077985882759094 
0.25192323327064514 0.7302839756011963 0.01779268868267536 
0.7079213261604309 0.22791878879070282 0.06415991485118866 
0.3006949722766876 0.4402271807193756 0.25907787680625916 
0.7341465950012207 0.25366777181625366 0.012185579165816307 
0.06187310069799423 0.46933817863464355 0.4687887132167816 
0.9045940041542053 0.08992741256952286 0.0054785143584012985 
0.153779998421669 0.526888370513916 0.31933164596557617 
0.3589874505996704 0.5335450172424316 0.10746748000383377 
0.11594489216804504 0.7296501994132996 0.1544049084186554 
0.9486426711082458 0.04845676198601723 0.0029005282558500767 
0.08848696202039719 0.4556005299091339 0.4559125304222107 
0.892911970615387 0.10193726420402527 0.00515080988407135 
0.06320071220397949 0.7255595922470093 0.21123966574668884 
0.0029261410236358643 0.3619976043701172 0.6350762844085693 
0.9599301815032959 0.03747830539941788 0.0025916025042533875 
0.14703676104545593 0.5649825930595398 0.28798070549964905 
0.15080754458904266 0.5736323595046997 0.2755601108074188 
0.011049791239202023 0.16112223267555237 0.8278279900550842 
0.8278467655181885 0.16697759926319122 0.005175648722797632 
0.0009304944542236626 0.05374915897846222 0.9453203082084656 
0.08785098791122437 0.4934372007846832 0.41871178150177 
0.5675306916236877 0.40074431896209717 0.03172494098544121 
0.1991264522075653 0.7828605771064758 0.018013006076216698 
0.6277492642402649 0.3371767997741699 0.03507395088672638 
0.6383277773857117 0.34742313623428345 0.014249089173972607 
0.6170319318771362 0.33500799536705017 0.04796004667878151 
0.8924374580383301 0.10260501503944397 0.004957517143338919 
0.3936872184276581 0.550456702709198 0.05585611239075661 
0.852992594242096 0.13675275444984436 0.010254669934511185 
0.9421803951263428 0.05478741228580475 0.0030322244856506586 
0.7893456816673279 0.19753138720989227 0.013122880831360817 
0.7852512001991272 0.20932011306285858 0.00542871467769146 
0.36637046933174133 0.6178954243659973 0.015734106302261353 
0.738591194152832 0.25326573848724365 0.008143054321408272 
0.8665350675582886 0.1298888921737671 0.0035760202445089817 
0.7962959408760071 0.19650176167488098 0.007202280685305595 
0.5302531719207764 0.423684298992157 0.04606251418590546 
0.009985607117414474 0.7193446755409241 0.27066972851753235 
0.901320219039917 0.09124240279197693 0.007437391672283411 
0.18607521057128906 0.4080430865287781 0.4058816432952881 
0.48316851258277893 0.48732563853263855 0.029505832120776176 
0.696582019329071 0.28595495223999023 0.01746300235390663 
0.386810302734375 0.5813230872154236 0.03186657652258873 
0.37280723452568054 0.5221742987632751 0.10501842945814133 
0.7910423874855042 0.1991599202156067 0.00979771837592125 
0.8635182976722717 0.128664031624794 0.007817658595740795 
0.0018600830808281898 0.01646404340863228 0.9816758632659912 
0.003576616756618023 0.08798419684171677 0.9084391593933105 
0.24251677095890045 0.7432023882865906 0.01428079791367054 
0.5017719864845276 0.4617493748664856 0.03647857904434204 
0.7487152814865112 0.24154575169086456 0.009738999418914318 
0.9050432443618774 0.0913623794913292 0.0035943184047937393 
0.025446323677897453 0.18945729732513428 0.7850964069366455 
0.6055015921592712 0.38501667976379395 0.009481745772063732 
0.8721248507499695 0.12370555102825165 0.004169681575149298 
0.6690376996994019 0.3184056878089905 0.012556605972349644 
0.4522482454776764 0.5010901689529419 0.04666156694293022 
0.3335632383823395 0.5942989587783813 0.07213780283927917 
0.6763136386871338 0.3145323097705841 0.009154057130217552 
0.856089174747467 0.13481998443603516 0.00909083429723978 
0.5253347158432007 0.3494807183742523 0.12518464028835297 
0.8469493985176086 0.14858901500701904 0.004461551550775766 
0.6413244605064392 0.33173173666000366 0.0269438698887825 
0.0718144103884697 0.873537540435791 0.054648082703351974 
0.7250450849533081 0.2672460079193115 0.007708876859396696 
0.8760101199150085 0.11825600266456604 0.005733831785619259 
0.8015739321708679 0.18067042529582977 0.017755670472979546 
0.5494799017906189 0.4255480468273163 0.024972056970000267 
0.06751125305891037 0.7853286862373352 0.14716005325317383 
0.7932828068733215 0.19363896548748016 0.013078172691166401 
0.3958073556423187 0.5759286284446716 0.028264012187719345 
0.2465275079011917 0.42120400071144104 0.33226847648620605 
0.7966287732124329 0.19076721370220184 0.012603987008333206 
0.6230833530426025 0.3566477596759796 0.020268866792321205 
0.6904783844947815 0.27640610933303833 0.03311550244688988 
0.907162606716156 0.08735930174589157 0.005478000734001398 
0.8819330930709839 0.11278380453586578 0.00528313172981143 
0.688264012336731 0.29676729440689087 0.014968632720410824 
0.7144097685813904 0.26792535185813904 0.017664901912212372 
0.9282280206680298 0.06798020005226135 0.003791769966483116 
0.7574772834777832 0.22972118854522705 0.012801533564925194 
0.7183699011802673 0.27085328102111816 0.010776858776807785 
0.4507429301738739 0.47589635848999023 0.07336064428091049 
0.938948929309845 0.056145358830690384 0.004905782639980316 
0.9021745920181274 0.09363768994808197 0.004187710117548704 
0.16984106600284576 0.8090492486953735 0.021109698340296745 
0.8244555592536926 0.1713441014289856 0.004200314171612263 
0.640235185623169 0.3366716802120209 0.023093130439519882 
0.8778619170188904 0.1165376752614975 0.005600448232144117 
0.9734162092208862 0.023971864953637123 0.002611999399960041 
0.39781004190444946 0.5680508613586426 0.03413911908864975 
0.4994605779647827 0.44184860587120056 0.05869077518582344 
0.8909152746200562 0.10298401862382889 0.006100613623857498 
0.49552857875823975 0.49362197518348694 0.010849500074982643 
0.9370715022087097 0.05903894081711769 0.0038895802572369576 
0.8485293388366699 0.14152896404266357 0.009941664524376392 
0.7908949255943298 0.1928439438343048 0.01626109890639782 
0.8076721429824829 0.18292513489723206 0.009402722120285034 
0.5205087065696716 0.4613296389579773 0.018161719664931297 
0.8536577820777893 0.14144064486026764 0.004901554435491562 
0.9707366228103638 0.02755860425531864 0.0017047789879143238 
0.6023332476615906 0.3494851887226105 0.048181548714637756 
0.12239506840705872 0.5416806936264038 0.3359242081642151 
0.9071279168128967 0.08776426315307617 0.005107935052365065 
0.9367043375968933 0.059494901448488235 0.0038006543181836605 
0.6867424845695496 0.289371520280838 0.02388601563870907 
0.8417085409164429 0.14920736849308014 0.00908403005450964 
0.7217492461204529 0.23361219465732574 0.04463854059576988 
0.9180227518081665 0.0778239369392395 0.004153306595981121 
0.9017369151115417 0.0939415842294693 0.004321512766182423 
0.6419408321380615 0.31561774015426636 0.04244143143296242 
0.17145386338233948 0.5743257999420166 0.25422030687332153 
0.8105871081352234 0.1769685298204422 0.012444342486560345 
0.912303626537323 0.0838007926940918 0.0038956592325121164 
0.5268530249595642 0.45056307315826416 0.02258390001952648 
0.8043694496154785 0.18763390183448792 0.007996663451194763 
0.0009299019584432244 0.012178277596831322 0.9868918061256409 
0.004815463442355394 0.04509375989437103 0.950090765953064 
0.6884472966194153 0.29367777705192566 0.01787487603724003 
0.7765317559242249 0.21451202034950256 0.008956221863627434 
0.6891745328903198 0.29966580867767334 0.01115967147052288 
0.6849666833877563 0.30539292097091675 0.009640462696552277 
0.7880967855453491 0.2027074247598648 0.009195766411721706 
0.016563445329666138 0.21628516912460327 0.7671513557434082 
0.6899903416633606 0.287497341632843 0.022512270137667656 
0.960198700428009 0.037068307399749756 0.0027329716831445694 
0.03583917021751404 0.8879342675209045 0.07622666656970978 
0.7669503688812256 0.22302551567554474 0.010024165734648705 
0.8261266946792603 0.166309654712677 0.007563564460724592 
0.40655747056007385 0.5402563810348511 0.053186122328042984 
0.07264959812164307 0.5713452100753784 0.3560051918029785 
0.742156445980072 0.22955897450447083 0.028284605592489243 
0.4421819746494293 0.5006467700004578 0.0571712888777256 
0.001931514940224588 0.058820728212594986 0.9392477869987488 
0.8496950268745422 0.13197921216487885 0.018325718119740486 
0.5657402873039246 0.4160839915275574 0.018175721168518066 
0.8491635322570801 0.14215166866779327 0.008684813044965267 
0.014517717994749546 0.30970776081085205 0.6757745146751404 
0.002906410489231348 0.09347494691610336 0.9036186337471008 
0.3449765145778656 0.492709219455719 0.16231435537338257 
0.9540001153945923 0.043173614889383316 0.0028263202402740717 
0.40671733021736145 0.5787481069564819 0.014534560963511467 
0.7213565707206726 0.25307339429855347 0.025570053607225418 
0.853919267654419 0.13739891350269318 0.008681758306920528 
0.8416459560394287 0.15263529121875763 0.005718759261071682 
0.013769786804914474 0.25540876388549805 0.730821430683136 
0.02155892364680767 0.35845324397087097 0.6199878454208374 
0.4865886867046356 0.47124797105789185 0.042163338512182236 
0.4961017966270447 0.47078028321266174 0.03311791643500328 
0.9051993489265442 0.08984632045030594 0.004954379051923752 
0.9613080024719238 0.03668699413537979 0.002004978945478797 
0.8364004492759705 0.15918362140655518 0.00441591814160347 
0.5283464789390564 0.4358566403388977 0.0357968807220459 
0.003550416324287653 0.4123930335044861 0.584056556224823 
0.8244327306747437 0.16920015215873718 0.006367113906890154 
0.8795258402824402 0.11369246989488602 0.006781673990190029 
0.7971888780593872 0.19459116458892822 0.008219885639846325 
0.6424965858459473 0.34525221586227417 0.012251129373908043 
0.8790789246559143 0.11711373925209045 0.0038072632160037756 
0.6794798970222473 0.30907610058784485 0.011443963274359703 
0.9044753313064575 0.09115787595510483 0.004366836044937372 
0.8850165605545044 0.1084776222705841 0.006505780387669802 
0.8793914914131165 0.11671862751245499 0.0038899253122508526 
0.7172538638114929 0.26094749569892883 0.021798640489578247 
0.9007527828216553 0.09577838331460953 0.003468888346105814 
0.8385165333747864 0.15368376672267914 0.007799704559147358 
0.7812250852584839 0.21045926213264465 0.008315704762935638 
0.737387478351593 0.24964767694473267 0.01296477671712637 
0.4476984143257141 0.489005982875824 0.06329552084207535 
0.9298720359802246 0.06562960892915726 0.0044984216801822186 
0.3361583352088928 0.5314385294914246 0.132403165102005 
0.9393033385276794 0.057797688990831375 0.002898968057706952 
0.7668426036834717 0.22607561945915222 0.007081753108650446 
0.8699000477790833 0.12127803266048431 0.008821912109851837 
0.7563807964324951 0.23460304737091064 0.009016139432787895 
0.7007927298545837 0.28952741622924805 0.009679930284619331 
0.03734050691127777 0.4866061806678772 0.47605326771736145 
0.16037584841251373 0.7666542530059814 0.07296990603208542 
0.11865710467100143 0.6507178544998169 0.23062507808208466 
0.8502321243286133 0.14264480769634247 0.0071230991743505 
0.9340963363647461 0.06305678933858871 0.002846830990165472 
0.014305511489510536 0.9156793355941772 0.07001509517431259 
0.6286187171936035 0.27927422523498535 0.09210707247257233 
0.6195809245109558 0.28599005937576294 0.09442903846502304 
0.7064288854598999 0.285556435585022 0.008014664985239506 
0.9483397006988525 0.04919898882508278 0.002461311174556613 
0.001744082081131637 0.04509532079100609 0.9531605839729309 
0.2348063737154007 0.5661945343017578 0.1989990919828415 
0.9361368417739868 0.061281684786081314 0.002581487176939845 
0.7056555151939392 0.27677446603775024 0.017570070922374725 
0.9155986905097961 0.08078604936599731 0.0036152945831418037 
0.6526539325714111 0.32347896695137024 0.023867100477218628 
0.5100001692771912 0.4687708914279938 0.021228943020105362 
0.9051762819290161 0.08857174962759018 0.0062519703060388565 
0.35136300325393677 0.34876081347465515 0.29987621307373047 
0.8443002700805664 0.1502387523651123 0.005460967775434256 
0.6795176863670349 0.2979503571987152 0.02253197319805622 
0.3677334487438202 0.5288085341453552 0.10345795750617981 
0.5815328359603882 0.39740532636642456 0.021061809733510017 
0.8792782425880432 0.11585049331188202 0.004871280863881111 
0.7526649236679077 0.23727554082870483 0.01005950104445219 
0.5461945533752441 0.42914846539497375 0.024656999856233597 
0.9085547924041748 0.0885293111205101 0.0029158773832023144 
0.650299608707428 0.32406577467918396 0.025634661316871643 
0.6470323801040649 0.3149023950099945 0.038065239787101746 
0.28465816378593445 0.657965362071991 0.05737645551562309 
0.7323977947235107 0.256934255361557 0.010667967610061169 
0.6839978098869324 0.30240368843078613 0.01359852310270071 
0.7703607082366943 0.21000833809375763 0.01963089033961296 
0.7729268670082092 0.2147645354270935 0.01230862271040678 
0.9489166140556335 0.04872225970029831 0.0023610920179635286 
0.9543551206588745 0.04193723201751709 0.003707559546455741 
0.7427168488502502 0.24068014323711395 0.01660296507179737 
0.7040765285491943 0.2832503020763397 0.012673146091401577 
0.47945255041122437 0.47680583596229553 0.04374169930815697 
0.001897035981528461 0.051378365606069565 0.9467246532440186 
0.8542704582214355 0.13837501406669617 0.0073544736951589584 
0.4844982326030731 0.47935599088668823 0.036145780235528946 
0.0365302599966526 0.4065379202365875 0.5569317936897278 
0.26649370789527893 0.6468825340270996 0.08662378042936325 
0.9169753789901733 0.07833974063396454 0.00468487199395895 
0.37534859776496887 0.5867091417312622 0.037942297756671906 
0.014368084259331226 0.24691615998744965 0.7387157678604126 
0.8128336071968079 0.17640069127082825 0.010765671730041504 
0.44533002376556396 0.5093104243278503 0.045359522104263306 
0.8249483108520508 0.1658863127231598 0.009165422059595585 
0.9469401836395264 0.05035342276096344 0.002706446684896946 
0.7555252313613892 0.23050817847251892 0.013966537080705166 
0.7968434691429138 0.19429181516170502 0.008864634670317173 
0.7461981773376465 0.2444000244140625 0.009401754476130009 
0.6102016568183899 0.3257323205471039 0.06406604498624802 
0.9458134770393372 0.05137133225798607 0.002815095940604806 
0.8485215306282043 0.1429489105939865 0.008529464714229107 
0.5702407956123352 0.3768244683742523 0.052934709936380386 
0.8990086913108826 0.09735866636037827 0.003632607636973262 
0.8697406053543091 0.12595748901367188 0.004301977343857288 
0.7674707770347595 0.21239720284938812 0.020131995901465416 
0.8692189455032349 0.12461540848016739 0.006165678147226572 
0.9089440107345581 0.087605319917202 0.003450659802183509 
0.9790778756141663 0.019177569076418877 0.0017445519333705306 
0.9255358576774597 0.07091779261827469 0.003546384861692786 
0.1666220873594284 0.5729835033416748 0.2603943645954132 
0.26078665256500244 0.7104637026786804 0.02874964103102684 
0.6472267508506775 0.34123384952545166 0.011539444327354431 
0.8649957776069641 0.12939316034317017 0.0056110285222530365 
0.9504292011260986 0.04682182893157005 0.002749052597209811 
0.8299046158790588 0.1635458767414093 0.006549545098096132 
0.5580739974975586 0.4226763844490051 0.01924964226782322 
