0.11057556
0.8221957
0.69449335
0.6022581
0.5560115
0.805102
0.7152115
0.78547907
0.2541841
0.22931787
0.17393935
0.32207844
0.06744974
0.7035391
0.711699
0.2702781
0.19923149
0.78509617
0.1925588
0.7021139
0.5295963
0.6744203
0.341872
0.70507973
0.24478744
0.73588645
0.12872903
0.115803406
0.34392747
0.7067449
0.8057722
0.48794556
0.76223063
0.8356122
0.8393136
0.85825497
0.2646624
0.2677876
0.09913835
0.8301126
0.69449335
0.3031114
0.20825733
0.8876787
0.879297
0.78547907
0.40522063
0.56684333
0.8082217
0.81463647
0.75584567
0.07845594
0.07307923
0.21955653
0.62615615
0.76409256
0.08335298
0.79834527
0.58567363
0.27282885
0.33261982
0.16893864
0.07367789
0.80809814
0.69449335
0.8382362
0.6328193
0.14214934
0.78547907
0.8555508
0.50586027
0.6672614
0.81955576
0.82607985
0.8352227
0.8426543
0.84579724
0.83482474
0.5711685
0.8493953
0.7831174
0.049721435
0.28077343
0.20560294
0.7901871
0.14307101
0.87683165
0.7193526
0.051267084
0.09736181
0.63665384
0.43898624
0.15023413
0.5815235
0.7037586
0.35272372
0.87750876
0.050935823
0.7802641
0.8309693
0.8257049
0.7628009
0.660067
0.049227998
0.8543005
0.047601428
0.5938349
0.049227998
0.18079977
0.57317156
0.8038813
0.22915262
0.42070132
0.3087262
0.6879749
0.090344824
0.69449335
0.28868935
0.08918085
0.7786739
0.42481536
0.85383755
0.8372967
0.63244873
0.4737387
0.8204682
0.7856964
0.8579235
0.8337075
0.79698473
0.22697309
0.78547907
0.68335
0.15735349
0.54471666
0.33143947
0.8836813
0.6096204
0.82802606
0.29531774
0.08453016
0.444758
0.75084
0.21482863
0.05315708
0.18956634
0.6973844
0.44946828
0.4511187
0.12787893
0.06425914
0.5456453
0.50214535
0.14844586
0.057387616
0.05748929
0.13106821
0.7429197
0.32435626
0.6538602
0.31013623
0.2999592
0.21034174
0.3980337
0.15281862
0.21482863
0.31100684
0.34443873
0.09015604
0.69449335
0.76571554
0.8504898
0.6719499
0.46814615
0.8727946
0.8410179
0.65484655
0.22489238
0.4436121
0.5729058
0.61493134
0.6745039
0.061009318
0.3009485
0.78547907
0.84246665
0.20386538
0.6791276
0.59353465
0.13073288
0.8356435
0.080559015
0.8343297
0.8348183
0.44142708
0.62759954
0.85842603
0.83052695
0.84337676
0.6476144
0.78456044
0.17247416
0.31125844
0.8373237
0.2713059
0.21474811
0.13590498
0.7934246
0.30203384
0.47877428
0.8127887
0.5099045
0.5483408
0.66255754
0.69449335
0.6184105
0.8232518
0.6811918
0.7398428
0.81671745
0.40478748
0.8056417
0.74860334
0.81985605
0.78547907
0.83170116
0.83965063
0.8418501
0.82520074
0.482065
0.43597564
0.62816375
0.34600174
0.8257016
0.8161296
0.81208616
0.8565804
0.7272698
0.7693609
0.13153034
0.5818771
0.042060815
0.7883046
0.16595583
0.46490076
0.081372306
0.31456673
0.59997034
0.16323188
0.15261942
0.84246665
0.39433172
0.84246665
0.69449335
0.11088491
0.57786816
0.28401008
0.26403788
0.78547907
0.81955576
0.7769556
0.39460516
0.6375214
0.28397986
0.7180396
0.8244435
0.8359001
0.038171023
0.68997735
0.60421246
0.5338827
0.7593692
0.6963624
0.8488826
0.8467806
0.8193007
0.81763506
0.82782555
0.6261113
0.22915262
0.22542617
0.5626183
0.0466862
0.07193885
0.1894127
0.46395555
0.1821695
0.65565455
0.6002819
0.6614486
0.71434164
0.26869804
0.17489892
0.69449335
0.25621685
0.74191505
0.6841268
0.74924374
0.42154673
0.3072871
0.8488925
0.078636155
0.68692565
0.5334178
0.78547907
0.2127192
0.07028106
0.6665548
0.8526604
0.76206195
0.16379526
0.399525
0.13311948
0.28307295
0.47114417
0.18874162
0.56308085
0.59284335
0.84923583
0.3132808
0.48201546
0.35087436
0.6434926
0.5342062
0.72245234
0.736441
0.8425873
0.69449335
0.74309725
0.34342408
0.54894865
0.8843902
0.36812803
0.7510276
0.76013786
0.37259647
0.78547907
0.32247213
0.30147633
0.17194405
0.754466
0.5196421
0.46411046
0.7935
0.58697104
0.84427863
0.80952984
0.83990663
0.8323049
0.65980357
0.767768
0.83497214
0.84106445
0.8217924
0.84770215
0.84097534
0.8383917
0.24953726
0.42398706
0.47544134
0.7612406
0.402376
0.7188872
0.5315919
0.8495835
0.6499661
0.736441
0.124126635
0.57467234
0.11243232
0.8513838
0.22915262
0.37526715
0.69449335
0.091752626
0.4134306
0.84030485
0.79738545
0.793746
0.8628892
0.28203216
0.0756631
0.78547907
0.35580105
0.29428244
0.077931516
0.45896617
0.14356449
0.23136453
0.54768825
0.84537935
0.8296815
0.84817964
0.8364755
0.8086385
0.8339647
0.849133
0.8357337
0.83875746
0.07023236
0.4901014
0.7684023
0.787564
0.043793138
0.75739753
0.53386444
0.67064863
0.5129134
0.81955576
0.32417166
0.3564781
0.391378
0.8114011
0.24876755
0.22720477
0.082890384
0.44038716
0.5201835
0.75237244
0.17819455
0.69449335
0.07549581
0.09450665
0.06163658
0.32765356
0.80861896
0.7322518
0.5500228
0.8221824
0.79375106
0.76140285
0.6219154
0.31715718
0.76087433
0.75350255
0.8953372
0.78547907
0.756165
0.7442664
0.7446299
0.49185368
0.1971632
0.38599813
0.77741784
0.8296253
0.54341596
0.64709187
0.84942013
0.81596786
0.4886901
0.8586997
0.50000066
0.25858563
0.75118715
0.7944347
0.3742484
0.50405467
0.5107187
0.8309593
0.57242626
0.3274291
0.1295854
0.69449335
0.67562336
0.3697365
0.122469336
0.8540167
0.78547907
0.19064926
0.31330428
0.18554634
0.14668614
0.45124477
0.4992479
0.061705425
0.07143452
0.17505378
0.28581488
0.58873856
0.35786042
0.45086178
0.8274748
0.20020452
0.454316
0.059727024
0.6083316
0.18016899
0.4246858
0.83655274
0.35480508
0.54310524
0.03922338
0.79862547
0.8109019
0.4181674
0.79063207
0.769348
0.57123613
0.84788597
0.057242863
0.16667682
0.82577854
0.22958207
0.2952781
0.49299172
0.43701002
0.6979832
0.67665327
0.08365842
0.5099045
0.69449335
0.7016163
0.43258095
0.34560737
0.74512804
0.35048413
0.46173492
0.81634265
0.1835252
0.8661962
0.04327778
0.786387
0.78547907
0.20436408
0.7969284
0.8422096
0.08842014
0.10709553
0.2934339
0.6754741
0.58668405
0.24182795
0.8054887
0.4369267
0.19694293
0.74288815
0.1805997
0.75283444
0.4810877
0.7016163
0.5945464
0.18403405
0.6347249
0.51708907
0.646171
0.5453935
0.07004654
0.6860117
0.25540712
0.33327353
0.69885343
0.4293354
0.2835009
0.18355694
0.7936032
0.19444159
0.29571474
0.19817105
0.04417081
0.63336974
0.19582568
0.539339
0.06320736
0.11212919
0.11212919
0.11212919
0.11212919
0.7052152
0.17709613
0.69449335
0.2468965
0.20586024
0.6055806
0.08017824
0.13753079
0.69244856
0.43691233
0.06380385
0.09056116
0.85162693
0.7306248
0.7839347
0.647377
0.8392595
0.16405876
0.8218805
0.11838935
0.87833375
0.10674071
0.39991742
0.78547907
0.8228236
0.836214
0.050502338
0.22840473
0.33366695
0.14179753
0.818496
0.83066356
0.026895657
0.15024099
0.48079914
0.74808943
0.5732209
0.38492492
0.23566292
0.2622386
0.6748471
0.8072498
0.4636614
0.19702953
0.3090282
0.06748701
0.09619035
0.09184577
0.44494626
0.041474093
0.6992129
0.27645507
0.11951898
0.6256619
0.3817313
0.52133745
0.19829328
0.74820024
0.54237413
0.7016163
0.48216832
0.24469665
0.5779172
0.1548447
0.24435845
0.050047833
0.44827077
0.6025338
0.845629
0.17621559
0.71556115
0.18329352
0.61923295
0.24742122
0.09274377
0.3222932
0.44887298
0.32217252
0.8507383
0.41712457
0.15120813
0.62817484
0.30147406
0.079614304
0.7886183
0.82767475
0.84459955
0.3873048
0.56273836
0.7739225
0.11839416
0.85792875
0.0448977
0.21327016
0.030179689
0.22216192
0.6365671
0.15069027
0.3864855
0.094985835
0.3913406
0.3975126
0.15067568
0.07632824
0.13989227
0.09756097
0.07286776
0.3079047
0.78362143
0.18817139
0.20029715
0.6027488
0.8669567
0.6558733
0.2187826
0.69449335
0.7435683
0.46129078
0.11783279
0.12908603
0.060072962
0.47293186
0.18319474
0.5350224
0.06805183
0.84356713
0.05878935
0.18260168
0.07519996
0.07244018
0.21125247
0.37602222
0.67516
0.5099045
0.68427837
0.78547907
0.8088615
0.13821429
0.04042678
0.5773202
0.35108706
0.18510287
0.4226442
0.14043625
0.18638696
0.044519007
0.2849422
0.3114592
0.5154723
0.44180718
0.12013286
0.2540385
0.3319729
0.122776195
0.21719351
0.062160168
0.25524008
0.08589355
0.18443432
0.041117523
0.18062066
0.054884497
0.13101508
0.8102866
0.23314463
0.11503511
0.74511987
0.15621406
0.524133
0.5426602
0.103087336
0.06202175
0.06353921
0.43128446
0.42403063
0.638084
0.16742586
0.432273
0.5598232
0.11143915
0.080778696
0.12230435
0.07924076
0.12230435
0.12230435
0.12230435
0.052506384
0.03040795
0.13230297
0.11704254
0.16694804
0.15071797
0.31948182
0.07349313
0.056675468
0.072191656
0.61902785
0.06287049
0.16670538
0.5426858
0.3113599
0.55232686
0.053940464
0.10593673
0.39422974
0.15467173
0.32688975
0.21366605
0.031523757
0.63802946
0.028216654
0.06023379
0.3114402
0.21610276
0.07810475
0.44078887
0.27357063
0.3719143
0.19218166
0.7234559
0.037675444
0.15321787
0.6023348
0.5749854
0.38315627
0.03185103
0.32750925
0.20704131
0.65894413
0.072006606
0.1178699
0.088794746
0.45486262
0.34246728
0.5288259
0.11856992
0.13288955
0.08570859
0.40139276
0.39143926
0.090302184
0.21934257
0.4844068
0.20528749
0.17596333
0.5809555
0.1936476
0.5792498
0.07246595
0.36681354
0.12172268
0.53824675
0.11339663
0.4603809
0.26503822
0.12338109
0.06198245
0.13138032
0.21612164
0.59313065
0.26562768
0.20778613
0.35980672
0.51484925
0.1071757
0.2689674
0.19574341
0.69449335
0.3335656
0.14985926
0.093100205
0.15623105
0.5449233
0.50596696
0.71177834
0.16568236
0.10472834
0.82180834
0.6618983
0.7912764
0.29527217
0.15821527
0.055022553
0.18172105
0.24746309
0.6549037
0.40839314
0.024374286
0.38739577
0.5344287
0.25277278
0.7344047
0.5800607
0.5313613
0.43444988
0.06230799
0.45705488
0.37475377
0.039661903
0.49243093
0.16594908
0.042514548
0.78547907
0.33195806
0.40727264
0.030128093
0.26894113
0.28435585
0.095740035
0.7864976
0.113315806
0.060106028
0.7642377
0.44554585
0.09912676
0.12973224
0.66388845
0.2786317
0.12526825
0.8386113
0.09588421
0.67418206
0.7910387
0.31632236
0.19871253
0.5677554
0.50856113
0.73201776
0.4549155
0.054402113
0.76338637
0.6663053
0.58862245
0.66848207
0.5170726
0.8254176
0.69449335
0.85286945
0.84482265
0.78547907
0.08143771
0.20344193
0.4032163
0.3711887
0.16315198
0.5321316
0.8531363
0.08698003
0.7016702
0.8131194
0.18486013
0.5425506
0.47172964
0.24944918
0.6898381
0.83234984
0.37005025
0.26427725
0.1639082
0.65895665
0.69449335
0.25674987
0.6989551
0.2769618
0.2740558
0.78547907
0.056403935
0.26733077
0.6058958
0.2751358
0.6701978
0.12458237
0.46841392
0.33722183
0.8289833
0.045219533
0.33610237
0.61694044
0.7245373
0.19839466
0.21806855
0.13099195
0.69449335
0.5099045
0.22915262
0.35899314
0.11627792
0.7601225
0.4096068
0.78547907
0.722811
0.13742504
0.23753919
0.76512367
0.04872487
0.123220816
0.6968497
0.039628588
0.6364781
0.32483503
0.6066242
0.8340042
0.024400543
0.67126954
0.25242448
0.38160864
0.62108845
0.34125265
0.81594896
0.82360274
0.18040329
0.69449335
0.26634574
0.45547628
0.18040329
0.78547907
0.18040329
0.9169947
0.42907643
0.5551184
0.04309586
0.7594176
0.6357826
0.3884835
0.707612
0.10944226
0.64682806
0.65662426
0.6794035
0.6434705
0.08535904
0.44941887
0.689993
