(QUERY): 'ISLAM' '01'
Negative Neutral Positive
0.04368365556001663 0.8552161455154419 0.10110028088092804 
0.08619316667318344 0.6944933533668518 0.21931353211402893 
0.8170850872993469 0.17576541006565094 0.00714957807213068 
0.8155868053436279 0.17477697134017944 0.009636248461902142 
0.9049884676933289 0.0904756709933281 0.004535818938165903 
0.6193795800209045 0.356259822845459 0.02436058036983013 
0.7873739004135132 0.20260083675384521 0.010025371797382832 
0.8463802337646484 0.1459641009569168 0.007655709981918335 
0.3906489908695221 0.5251883864402771 0.0841626524925232 
0.06225452199578285 0.80027836561203 0.1374671310186386 
0.7902960777282715 0.20098379254341125 0.00872015580534935 
0.7351290583610535 0.25555458664894104 0.009316297248005867 
0.30597853660583496 0.6565051078796387 0.037516407668590546 
0.047079335898160934 0.3163124918937683 0.6366081237792969 
0.5931397676467896 0.38540953397750854 0.021450670436024666 
0.29484739899635315 0.5596401691436768 0.1455124318599701 
0.22923807799816132 0.6027117371559143 0.16805021464824677 
0.5213197469711304 0.45882683992385864 0.01985340192914009 
0.08619316667318344 0.6944933533668518 0.21931353211402893 
0.7194337248802185 0.26201480627059937 0.0185515359044075 
0.8851553201675415 0.10630134493112564 0.008543362841010094 
0.8658499717712402 0.12923094630241394 0.004919158294796944 
0.24903236329555511 0.5815853476524353 0.16938230395317078 
0.2390008419752121 0.7172434329986572 0.04375571757555008 
0.2725083529949188 0.584863007068634 0.14262861013412476 
0.2718636393547058 0.5898498892784119 0.13828642666339874 
0.20504263043403625 0.6312505006790161 0.16370685398578644 
0.014045882038772106 0.7161995768547058 0.26975446939468384 
0.0038476986810564995 0.13129054009914398 0.8648617267608643 
0.005882091820240021 0.17585112154483795 0.8182668089866638 
0.6119887828826904 0.3588075637817383 0.029203660786151886 
0.521018385887146 0.4541088044643402 0.024872776120901108 
0.7626146674156189 0.2304580956697464 0.006927173584699631 
0.5755875706672668 0.39670681953430176 0.027705596759915352 
0.5676421523094177 0.41265738010406494 0.019700471311807632 
0.8170850872993469 0.17576541006565094 0.00714957807213068 
0.23469217121601105 0.5811495780944824 0.18415825068950653 
0.06670493632555008 0.6833823323249817 0.24991270899772644 
0.03569871559739113 0.8409898281097412 0.12331151217222214 
0.27325916290283203 0.5701077580451965 0.15663303434848785 
0.2553560435771942 0.7175630331039429 0.027080928906798363 
0.08619316667318344 0.6944933533668518 0.21931353211402893 
0.8170850872993469 0.17576541006565094 0.00714957807213068 
0.24662943184375763 0.6063075661659241 0.1470630019903183 
0.2195471227169037 0.6212862133979797 0.15916669368743896 
0.060651980340480804 0.8432989716529846 0.09604903310537338 
0.28138062357902527 0.5671720504760742 0.15144729614257812 
0.20956894755363464 0.6730858087539673 0.11734522879123688 
0.06372993439435959 0.6502566933631897 0.28601333498954773 
0.06372993439435959 0.6502566933631897 0.28601333498954773 
0.15224513411521912 0.8196803331375122 0.028074493631720543 
0.16262605786323547 0.6653376817703247 0.172036275267601 
0.8350788950920105 0.1580623984336853 0.006858704145997763 
0.5047534704208374 0.4570094048976898 0.03823709860444069 
0.023390524089336395 0.8243556022644043 0.15225385129451752 
0.9264031052589417 0.0703887939453125 0.003208068897947669 
0.70218425989151 0.2735862135887146 0.02422943525016308 
0.8152611255645752 0.1762046217918396 0.00853426568210125 
0.3531569540500641 0.5937744379043579 0.0530686117708683 
0.7994329929351807 0.19485101103782654 0.005715976469218731 
0.5271509885787964 0.42044949531555176 0.052399516105651855 
0.1760663092136383 0.7226905822753906 0.10124311596155167 
0.8787059187889099 0.11450158804655075 0.00679254112765193 
0.021356653422117233 0.734188973903656 0.24445438385009766 
0.37834054231643677 0.5577620267868042 0.06389743089675903 
0.08619316667318344 0.6944933533668518 0.21931353211402893 
0.7001482248306274 0.2781183123588562 0.02173350751399994 
0.18091155588626862 0.7758750915527344 0.04321332275867462 
0.01334820780903101 0.605742871761322 0.38090893626213074 
0.014692614786326885 0.6207785606384277 0.3645288646221161 
0.038809798657894135 0.49401041865348816 0.4671798050403595 
0.08629175275564194 0.8786119222640991 0.03509635105729103 
0.006243861746042967 0.27228474617004395 0.72147136926651 
0.25608086585998535 0.7197645902633667 0.0241545457392931 
0.2156466543674469 0.7508400082588196 0.03351333364844322 
0.1906728297472 0.7183311581611633 0.09099606424570084 
0.11476192623376846 0.8631251454353333 0.022112905979156494 
0.5939265489578247 0.388614684343338 0.017458714544773102 
0.7631886601448059 0.2211333066225052 0.015678120777010918 
0.3415842056274414 0.631976306438446 0.026439469307661057 
0.8306715488433838 0.16199159622192383 0.007336864713579416 
0.7295430898666382 0.2506363093852997 0.01982063055038452 
0.4355701208114624 0.5280423164367676 0.03638755530118942 
0.05695098266005516 0.49918386340141296 0.44386520981788635 
0.7916697859764099 0.20229145884513855 0.006038745865225792 
0.444498211145401 0.49764707684516907 0.05785473808646202 
0.062375254929065704 0.6980843544006348 0.23954041302204132 
0.042871635407209396 0.8404608964920044 0.11666746437549591 
0.08619316667318344 0.6944933533668518 0.21931353211402893 
0.5103049874305725 0.4347339868545532 0.054960984736680984 
0.4421135485172272 0.531859278678894 0.02602713741362095 
0.8560743927955627 0.13965439796447754 0.004271225538104773 
0.7350455522537231 0.256122887134552 0.008831577375531197 
0.49378255009651184 0.48521238565444946 0.021005090326070786 
0.057949427515268326 0.7662069201469421 0.17584364116191864 
0.8170850872993469 0.17576541006565094 0.00714957807213068 
0.856724739074707 0.13010954856872559 0.01316570583730936 
0.14502744376659393 0.8353261351585388 0.019646480679512024 
0.9421572089195251 0.05138453096151352 0.0064582861959934235 
0.5359743237495422 0.4402580261230469 0.02376769669353962 
0.11833114176988602 0.772770881652832 0.10889794677495956 
0.03839484602212906 0.7188628911972046 0.24274227023124695 
0.17976056039333344 0.6509309411048889 0.16930855810642242 
0.0780433863401413 0.8972452878952026 0.024711374193429947 
0.26549646258354187 0.7105273604393005 0.023976188153028488 
0.5708562135696411 0.4006137549877167 0.028530072420835495 
0.7094104886054993 0.2762794494628906 0.014310094527900219 
0.6184448599815369 0.33797773718833923 0.04357744753360748 
0.8771886825561523 0.1166609451174736 0.006150358356535435 
0.21402578055858612 0.720878005027771 0.06509622931480408 
0.041818924248218536 0.844649612903595 0.11353148519992828 
0.08619316667318344 0.6944933533668518 0.21931353211402893 
0.3798363506793976 0.5920580625534058 0.028105637058615685 
0.6417746543884277 0.34518712759017944 0.01303813885897398 
0.02175665646791458 0.2515791654586792 0.7266641855239868 
0.2555559277534485 0.6697884798049927 0.07465559244155884 
0.6170039772987366 0.3430294990539551 0.03996651619672775 
0.26485395431518555 0.6572428941726685 0.07790321111679077 
0.8170850872993469 0.17576541006565094 0.00714957807213068 
0.7841652631759644 0.20690836012363434 0.008926385082304478 
0.07602573931217194 0.8857280611991882 0.03824624791741371 
0.8598291277885437 0.13381169736385345 0.006359177641570568 
0.9697926044464111 0.027965180575847626 0.0022422734182327986 
0.43552637100219727 0.5100076794624329 0.054465971887111664 
0.1269562691450119 0.6545592546463013 0.21848449110984802 
0.011006171815097332 0.2422705739736557 0.7467232346534729 
0.8410743474960327 0.1516798436641693 0.007245916873216629 
0.03898408263921738 0.8594306707382202 0.1015852838754654 
0.08619316667318344 0.6944933533668518 0.21931353211402893 
0.5929305553436279 0.39204537868499756 0.015024054795503616 
0.6511030793190002 0.3363531231880188 0.012543758377432823 
0.8170850872993469 0.17576541006565094 0.00714957807213068 
0.1390964388847351 0.6652272939682007 0.1956763118505478 
0.37932196259498596 0.5333999991416931 0.08727806061506271 
0.8370072245597839 0.1526222676038742 0.010370492935180664 
0.8170850872993469 0.17576541006565094 0.00714957807213068 
0.03903370350599289 0.6634038686752319 0.29756245017051697 
0.8170850872993469 0.17576541006565094 0.00714957807213068 
0.2902179956436157 0.6683009266853333 0.04148104786872864 
0.0037188944406807423 0.0895211324095726 0.9067599773406982 
0.3938189744949341 0.5163615345954895 0.08981948345899582 
0.13081981241703033 0.7678497433662415 0.10133039951324463 
0.2908358573913574 0.6610602736473083 0.04810395836830139 
0.8705229163169861 0.12354937940835953 0.005927698686718941 
0.015000115148723125 0.820635974407196 0.16436398029327393 
0.6422367691993713 0.3377998471260071 0.019963404163718224 
0.05914034694433212 0.6790810823440552 0.26177850365638733 
0.755510687828064 0.2338656187057495 0.010623684152960777 
0.1779308170080185 0.7849451303482056 0.03712409734725952 
0.04904071241617203 0.8913840651512146 0.05957521125674248 
0.03898408263921738 0.8594306707382202 0.1015852838754654 
0.08619316667318344 0.6944933533668518 0.21931353211402893 
0.8170850872993469 0.17576541006565094 0.00714957807213068 
0.08716674149036407 0.8486587405204773 0.06417455524206161 
0.7811514139175415 0.20785841345787048 0.010990149341523647 
0.8170850872993469 0.17576541006565094 0.00714957807213068 
0.23942220211029053 0.7244733572006226 0.03610444813966751 
0.06978007405996323 0.8809611201286316 0.04925883933901787 
0.9166461825370789 0.08010608702898026 0.0032476906199008226 
0.8170850872993469 0.17576541006565094 0.00714957807213068 
0.8343691229820251 0.15676747262477875 0.008863387629389763 
0.6365010738372803 0.3497769832611084 0.013721914030611515 
0.7599373459815979 0.23277711868286133 0.007285587955266237 
0.6873798966407776 0.2934238016605377 0.01919630356132984 
0.8974214792251587 0.09819349646568298 0.004385005217045546 
0.04902607947587967 0.46255528926849365 0.48841866850852966 
0.03267069533467293 0.7795693278312683 0.18776001036167145 
0.03735986351966858 0.8601221442222595 0.10251794010400772 
0.08619316667318344 0.6944933533668518 0.21931353211402893 
0.4632076919078827 0.4390828311443329 0.09770944714546204 
0.0019019062165170908 0.07146845012903214 0.9266296625137329 
0.6001800894737244 0.36600545048713684 0.0338144414126873 
0.06930865347385406 0.8313522934913635 0.09933912754058838 
0.7280083894729614 0.25205641984939575 0.01993510127067566 
0.8955287933349609 0.0977918729186058 0.006679401267319918 
0.0074289459735155106 0.26235926151275635 0.7302117943763733 
0.8417810201644897 0.15179343521595 0.006425593979656696 
0.9655460119247437 0.03247234970331192 0.001981630688533187 
0.08952835202217102 0.8827223181724548 0.02774934098124504 
0.034119609743356705 0.8392446637153625 0.12663576006889343 
0.08619316667318344 0.6944933533668518 0.21931353211402893 
0.002502117771655321 0.031243881210684776 0.9662540555000305 
0.12257175147533417 0.7249063849449158 0.15252184867858887 
0.8490430116653442 0.14535927772521973 0.005597754847258329 
0.32299676537513733 0.6069023013114929 0.07010088115930557 
0.15817400813102722 0.6389891505241394 0.20283687114715576 
0.3228340446949005 0.4872288703918457 0.18993711471557617 
0.07578111439943314 0.835913360118866 0.08830549567937851 
0.10161258280277252 0.8641465902328491 0.03424086421728134 
0.10241206735372543 0.8704370260238647 0.027150919660925865 
0.9015858173370361 0.09172075241804123 0.006693343166261911 
0.3341962993144989 0.5998639464378357 0.0659397542476654 
0.5893995761871338 0.36930716037750244 0.041293270885944366 
0.8196081519126892 0.17454509437084198 0.005846792832016945 
0.5867293477058411 0.33417579531669617 0.07909484207630157 
0.1690497100353241 0.7778493762016296 0.05310090258717537 
0.09023649245500565 0.8159446716308594 0.09381881356239319 
0.8346022963523865 0.15817245841026306 0.007225261069834232 
0.014730186201632023 0.3754633665084839 0.609806478023529 
0.7372641563415527 0.24195383489131927 0.020782027393579483 
0.6408027410507202 0.3457331657409668 0.013464103452861309 
0.025369323790073395 0.795532763004303 0.17909793555736542 
0.8892291188240051 0.10703306645154953 0.0037377742119133472 
0.8576861619949341 0.13757403194904327 0.004739811643958092 
0.912748396396637 0.08326487243175507 0.003986760508269072 
0.4037616550922394 0.5131863951683044 0.08305191993713379 
0.19470055401325226 0.5698042511940002 0.23549522459506989 
0.8170850872993469 0.17576541006565094 0.00714957807213068 
0.34513917565345764 0.6191152930259705 0.03574554994702339 
0.5878221988677979 0.39946892857551575 0.012708902359008789 
0.03198914974927902 0.7953243255615234 0.17268642783164978 
0.002003656467422843 0.03150184452533722 0.9664945006370544 
0.07485546171665192 0.8753671050071716 0.049777425825595856 
0.007401715498417616 0.36588555574417114 0.6267127394676208 
0.8170850872993469 0.17576541006565094 0.00714957807213068 
0.15751974284648895 0.6777458190917969 0.16473445296287537 
0.02163720689713955 0.5317474007606506 0.4466153681278229 
0.638004720211029 0.33570435643196106 0.0262908972799778 
0.48820120096206665 0.43788591027259827 0.07391288131475449 
0.8170850872993469 0.17576541006565094 0.00714957807213068 
0.27414417266845703 0.5746465921401978 0.1512092798948288 
0.9156400561332703 0.07853557914495468 0.005824365187436342 
0.08619316667318344 0.6944933533668518 0.21931353211402893 
0.011236201971769333 0.4809165596961975 0.507847249507904 
0.1126738116145134 0.836386501789093 0.05093968287110329 
0.3941885232925415 0.5906898379325867 0.015121614560484886 
0.9046748876571655 0.09182975441217422 0.0034953709691762924 
0.8301575183868408 0.1633981615304947 0.0064443862065672874 
0.2605527639389038 0.6985029578208923 0.04094424098730087 
0.5414249300956726 0.4216693341732025 0.0369056798517704 
0.03466510772705078 0.8004991412162781 0.16483578085899353 
0.751343309879303 0.24214106798171997 0.006515682674944401 
0.8436819314956665 0.14731822907924652 0.008999778889119625 
0.7686917781829834 0.21264569461345673 0.018662484362721443 
0.003345798933878541 0.18064561486244202 0.8160085678100586 
0.25955766439437866 0.6916214823722839 0.04882080852985382 
0.2941480875015259 0.6205295920372009 0.08532235026359558 
0.002697131596505642 0.08634952455759048 0.9109534025192261 
0.9237460494041443 0.07317254692316055 0.003081419738009572 
0.08851511031389236 0.8055420517921448 0.10594281554222107 
0.03839484602212906 0.7188628911972046 0.24274227023124695 
0.727425754070282 0.2567844092845917 0.015789799392223358 
0.7733356356620789 0.21217067539691925 0.014493771828711033 
0.003145314287394285 0.04899922385811806 0.9478554725646973 
0.7982803583145142 0.18609866499900818 0.015620890073478222 
0.03410552069544792 0.7224062085151672 0.24348828196525574 
0.21185357868671417 0.7068271636962891 0.08131923526525497 
0.7285600304603577 0.2568965554237366 0.01454339548945427 
0.07353828102350235 0.6472035050392151 0.279258131980896 
0.07526199519634247 0.6400189399719238 0.2847190499305725 
0.46369385719299316 0.4737958312034607 0.06251028180122375 
0.7595486044883728 0.22500883042812347 0.01544257439672947 
0.15429088473320007 0.7837958335876465 0.061913274228572845 
0.22673417627811432 0.650478720664978 0.12278707325458527 
0.008427068591117859 0.08869702368974686 0.9028759002685547 
0.14142335951328278 0.5817143321037292 0.2768622636795044 
0.08158029615879059 0.8769382238388062 0.04148148372769356 
0.012620899826288223 0.5149673223495483 0.4724118113517761 
0.05849958211183548 0.7923153638839722 0.14918507635593414 
0.08619316667318344 0.6944933533668518 0.21931353211402893 
0.06149716302752495 0.5123627185821533 0.4261401295661926 
0.8170850872993469 0.17576541006565094 0.00714957807213068 
0.6676833033561707 0.3067423403263092 0.02557436376810074 
0.04103414714336395 0.8525227308273315 0.10644307732582092 
0.06242882460355759 0.5430232286453247 0.3945479094982147 
0.5048955678939819 0.4757496118545532 0.019354794174432755 
0.8170850872993469 0.17576541006565094 0.00714957807213068 
0.17173892259597778 0.7829816937446594 0.045279428362846375 
0.27550390362739563 0.5141849517822266 0.2103111743927002 
0.8170850872993469 0.17576541006565094 0.00714957807213068 
0.6225175261497498 0.35075536370277405 0.026727154850959778 
0.8170850872993469 0.17576541006565094 0.00714957807213068 
0.03903370350599289 0.6634038686752319 0.29756245017051697 
0.009379493072628975 0.384110689163208 0.606509804725647 
0.13175244629383087 0.8371332287788391 0.031114395707845688 
0.7943947911262512 0.1950274556875229 0.010577701032161713 
0.7143363356590271 0.26667192578315735 0.018991710618138313 
0.6280770301818848 0.3342839777469635 0.03763895109295845 
0.15828020870685577 0.8089710474014282 0.03274878114461899 
0.08619316667318344 0.6944933533668518 0.21931353211402893 
0.002760633360594511 0.07886701077222824 0.918372392654419 
0.11390138417482376 0.8483313918113708 0.0377672053873539 
0.9636067152023315 0.033779338002204895 0.0026139356195926666 
0.16976085305213928 0.7360415458679199 0.09419763833284378 
0.7230669856071472 0.2630937695503235 0.013839209452271461 
0.5995825529098511 0.37656882405281067 0.02384861558675766 
0.048692889511585236 0.8932061195373535 0.05810089036822319 
0.10422015935182571 0.8701248168945312 0.02565501444041729 
0.02185169607400894 0.4808557629585266 0.49729254841804504 
0.02296079881489277 0.49378305673599243 0.48325613141059875 
0.08619316667318344 0.6944933533668518 0.21931353211402893 
0.6649137735366821 0.3230358064174652 0.01205038744956255 
0.036390434950590134 0.808861494064331 0.15474805235862732 
0.2995494604110718 0.6613683104515076 0.03908222168684006 
0.5056157112121582 0.4786642789840698 0.01571999117732048 
0.046489425003528595 0.9193254113197327 0.03418522700667381 
0.3497519791126251 0.6104903817176819 0.0397576168179512 
0.570151150226593 0.41895192861557007 0.010896916501224041 
0.9618024230003357 0.03603348135948181 0.0021641049534082413 
0.5540178418159485 0.43420764803886414 0.011774478480219841 
0.8536683320999146 0.14133068919181824 0.005000908859074116 
0.08619316667318344 0.6944933533668518 0.21931353211402893 
0.3153122663497925 0.5674152970314026 0.11727239936590195 
0.9337002038955688 0.06279642879962921 0.003503369865939021 
0.4475187361240387 0.5213001370429993 0.03118109330534935 
0.23981310427188873 0.7344046831130981 0.0257822647690773 
0.7106624245643616 0.28002387285232544 0.00931368675082922 
0.47630998492240906 0.48747187852859497 0.03621811419725418 
0.05830274522304535 0.5621420741081238 0.3795551657676697 
0.1217644140124321 0.842165470123291 0.03607010841369629 
0.7634842991828918 0.2263534516096115 0.010162334889173508 
0.00641045905649662 0.14521151781082153 0.84837806224823 
0.08728354424238205 0.5646127462387085 0.34810370206832886 
0.0776456668972969 0.7042884230613708 0.21806593239307404 
0.08812440186738968 0.8906617760658264 0.021213779225945473 
0.16946285963058472 0.7702611088752747 0.06027601286768913 
0.21152561902999878 0.7451562881469727 0.043318070471286774 
0.5265686511993408 0.4563160836696625 0.01711527816951275 
0.30508607625961304 0.6648795008659363 0.030034389346837997 
0.08619316667318344 0.6944933533668518 0.21931353211402893 
0.843393862247467 0.14580512046813965 0.010801006108522415 
0.46389973163604736 0.4188033938407898 0.11729683727025986 
0.0022881589829921722 0.040734875947237015 0.9569769501686096 
0.8170850872993469 0.17576541006565094 0.00714957807213068 
0.6130589842796326 0.36017337441444397 0.02676764316856861 
0.8170850872993469 0.17576541006565094 0.00714957807213068 
0.8505402207374573 0.14105497300624847 0.008404843509197235 
0.563435971736908 0.4079643785953522 0.028599657118320465 
0.19572798907756805 0.5239641070365906 0.28030791878700256 
0.056625790894031525 0.8751271367073059 0.06824706494808197 
0.0121346740052104 0.38330453634262085 0.6045608520507812 
0.833305835723877 0.1543082892894745 0.012385960668325424 
0.1264522820711136 0.8243862390518188 0.04916153475642204 
0.5347836017608643 0.4497705101966858 0.01544580701738596 
0.2938034236431122 0.6889071464538574 0.017289433628320694 
0.07636834681034088 0.8133898973464966 0.11024177074432373 
0.08619316667318344 0.6944933533668518 0.21931353211402893 
0.4892433285713196 0.488115131855011 0.022641535848379135 
0.4071480929851532 0.5628562569618225 0.02999563328921795 
0.47188735008239746 0.5064886808395386 0.021623965352773666 
0.30548784136772156 0.6587797999382019 0.03573235496878624 
0.010068479925394058 0.13169464468955994 0.8582368493080139 
0.8198378682136536 0.17261211574077606 0.007549977395683527 
0.12032688409090042 0.8356205224990845 0.04405255243182182 
0.5832325220108032 0.3995796740055084 0.017187803983688354 
0.8426036238670349 0.14854425191879272 0.00885208323597908 
0.07839340716600418 0.6297968626022339 0.29180964827537537 
0.1172592043876648 0.8299941420555115 0.052746668457984924 
0.32594043016433716 0.6434333324432373 0.030626192688941956 
0.5010896325111389 0.46990400552749634 0.029006352648139 
0.8486860394477844 0.14406748116016388 0.007246496621519327 
0.7018266320228577 0.2847541570663452 0.01341922115534544 
0.05835452303290367 0.6406877636909485 0.30095770955085754 
0.20258741080760956 0.7472990155220032 0.05011346936225891 
0.7934859395027161 0.19710488617420197 0.009409192018210888 
0.5360989570617676 0.42942699790000916 0.03447408601641655 
0.10863735526800156 0.6957390904426575 0.19562365114688873 
0.10627055913209915 0.7252058386802673 0.16852356493473053 
0.8053601384162903 0.18783095479011536 0.0068088555708527565 
0.7979233264923096 0.1851806640625 0.016895979642868042 
0.12954707443714142 0.7345976829528809 0.1358552873134613 
0.33938807249069214 0.6153041124343872 0.04530777409672737 
0.006582971196621656 0.24743588268756866 0.7459811568260193 
0.08619316667318344 0.6944933533668518 0.21931353211402893 
0.09719521552324295 0.6636232733726501 0.2391815483570099 
0.9515345692634583 0.04577521234750748 0.0026902712415903807 
0.10643965005874634 0.8451402187347412 0.04842020943760872 
0.8170850872993469 0.17576541006565094 0.00714957807213068 
0.8170850872993469 0.17576541006565094 0.00714957807213068 
0.6943203806877136 0.29594701528549194 0.009732610546052456 
0.2992289960384369 0.660439133644104 0.04033182933926582 
0.04728106036782265 0.8254120945930481 0.12730684876441956 
0.03839484602212906 0.7188628911972046 0.24274227023124695 
0.15231065452098846 0.6188071370124817 0.22888214886188507 
0.11115220934152603 0.7803815603256226 0.10846618562936783 
0.5475490689277649 0.41439321637153625 0.038057707250118256 
0.357881098985672 0.605013370513916 0.037105534225702286 
0.08619316667318344 0.6944933533668518 0.21931353211402893 
0.687177300453186 0.29283660650253296 0.019986124709248543 
0.004725674167275429 0.21434244513511658 0.7809318900108337 
0.5071425437927246 0.45933786034584045 0.033519625663757324 
0.860270619392395 0.12766261398792267 0.01206683088093996 
0.7980839610099792 0.18758131563663483 0.014334705658257008 
0.8474912047386169 0.1419687569141388 0.01054005790501833 
0.9299708008766174 0.06406303495168686 0.005966221913695335 
0.25239163637161255 0.7076119780540466 0.03999634087085724 
0.3547912538051605 0.5574048161506653 0.0878039225935936 
0.8170850872993469 0.17576541006565094 0.00714957807213068 
0.004312053322792053 0.3796997666358948 0.6159881353378296 
0.35887283086776733 0.5499013662338257 0.0912257730960846 
0.18534325063228607 0.6993405818939209 0.11531617492437363 
0.09874676913022995 0.815606951713562 0.08564624190330505 
0.5435632467269897 0.4094597399234772 0.046977054327726364 
0.1118968203663826 0.7165847420692444 0.17151841521263123 
0.308133989572525 0.6239350438117981 0.06793096661567688 
0.9037219285964966 0.08678121119737625 0.009496944025158882 
0.37936899065971375 0.5067518949508667 0.11387915909290314 
0.6770430207252502 0.29441285133361816 0.028544055297970772 
0.03645836189389229 0.5738821029663086 0.3896595239639282 
0.052554480731487274 0.7905064821243286 0.15693899989128113 
0.1384156495332718 0.6893170475959778 0.17226727306842804 
0.0050272587686777115 0.15386298298835754 0.8411097526550293 
0.8855951428413391 0.10863517224788666 0.005769671406596899 
0.9521355032920837 0.0448390431702137 0.003025486133992672 
0.7598753571510315 0.22544600069522858 0.014678731560707092 
0.9407401084899902 0.055370431393384933 0.003889423096552491 
0.03921329975128174 0.6005522608757019 0.3602343797683716 
0.10754410922527313 0.8357822895050049 0.05667368695139885 
0.7494828701019287 0.23542992770671844 0.015087212435901165 
0.5004099011421204 0.4830537736415863 0.016536299139261246 
0.8801252245903015 0.11134656518697739 0.008528204634785652 
0.4439377188682556 0.5249397158622742 0.031122593209147453 
0.017770053818821907 0.4120451807975769 0.5701847076416016 
0.5142524838447571 0.4654938280582428 0.02025371417403221 
0.40348511934280396 0.5591541528701782 0.0373607762157917 
0.13780467212200165 0.763846755027771 0.09834849834442139 
0.8170850872993469 0.17576541006565094 0.00714957807213068 
0.8170850872993469 0.17576541006565094 0.00714957807213068 
0.08619316667318344 0.6944933533668518 0.21931353211402893 
0.018668370321393013 0.42888322472572327 0.5524483919143677 
0.0027345072012394667 0.040912024676799774 0.9563535451889038 
0.14720554649829865 0.5661536455154419 0.28664082288742065 
0.30260440707206726 0.6637717485427856 0.033623844385147095 
0.22696314752101898 0.7486105561256409 0.02442627027630806 
0.3218924403190613 0.6571254730224609 0.020982079207897186 
0.19038815796375275 0.7438328862190247 0.06577890366315842 
0.03207018971443176 0.8986494541168213 0.06928030401468277 
0.3328360319137573 0.6044325232505798 0.06273140758275986 
0.046595871448516846 0.8584354519844055 0.09496863186359406 
0.03903370350599289 0.6634038686752319 0.29756245017051697 
0.005198096390813589 0.09243195503950119 0.9023699760437012 
0.16787542402744293 0.79988032579422 0.03224422037601471 
0.08619316667318344 0.6944933533668518 0.21931353211402893 
0.0409981869161129 0.5946995615959167 0.36430227756500244 
0.8170850872993469 0.17576541006565094 0.00714957807213068 
0.8170850872993469 0.17576541006565094 0.00714957807213068 
0.004575216211378574 0.20294247567653656 0.7924822568893433 
0.017368638888001442 0.38363951444625854 0.5989918112754822 
0.13309793174266815 0.772070050239563 0.09483199566602707 
0.23776689171791077 0.7392213940620422 0.023011725395917892 
0.6078969240188599 0.3660169243812561 0.026086149737238884 
0.10901745408773422 0.7630428671836853 0.12793967127799988 
0.6064895987510681 0.3618501126766205 0.0316602922976017 
0.8887481093406677 0.10563106089830399 0.005620854441076517 
0.5879063606262207 0.3880137503147125 0.02407991886138916 
0.7767710089683533 0.18539945781230927 0.037829574197530746 
0.28449684381484985 0.6497532725334167 0.06574993580579758 
0.9584092497825623 0.039609745144844055 0.001980977365747094 
0.08619316667318344 0.6944933533668518 0.21931353211402893 
0.25992003083229065 0.7012893557548523 0.03879060596227646 
0.4281882643699646 0.515230119228363 0.056581638753414154 
0.01481179241091013 0.3057210147380829 0.6794672012329102 
0.7199950218200684 0.2670382261276245 0.012966819107532501 
0.012331484816968441 0.24265314638614655 0.7450153827667236 
0.15479639172554016 0.4688834846019745 0.37632009387016296 
0.15325188636779785 0.4589267373085022 0.38782134652137756 
0.4244963824748993 0.5251084566116333 0.050395190715789795 
0.35669320821762085 0.5810636878013611 0.062243081629276276 
0.698879063129425 0.2897818982601166 0.011339043267071247 
0.9491841793060303 0.04747087135910988 0.0033449986949563026 
0.8170850872993469 0.17576541006565094 0.00714957807213068 
0.10466189682483673 0.8056337237358093 0.08970442414283752 
0.02449728175997734 0.4686644971370697 0.5068382620811462 
0.8170850872993469 0.17576541006565094 0.00714957807213068 
0.7852134704589844 0.19447855651378632 0.02030801586806774 
0.16461214423179626 0.7914663553237915 0.043921489268541336 
0.08469383418560028 0.8819961547851562 0.033309999853372574 
0.45090141892433167 0.48165515065193176 0.06744351238012314 
0.5750395655632019 0.4014817774295807 0.02347857877612114 
0.14838197827339172 0.7922945022583008 0.0593235082924366 
0.03428371250629425 0.8556183576583862 0.11009791493415833 
0.003383779199793935 0.07594331353902817 0.9206728935241699 
0.08619316667318344 0.6944933533668518 0.21931353211402893 
0.11593389511108398 0.8106452226638794 0.07342085987329483 
0.8076757788658142 0.18324962258338928 0.009074609726667404 
0.04452424496412277 0.829224705696106 0.12625111639499664 
0.03874339908361435 0.7477031350135803 0.21355339884757996 
0.04620583355426788 0.48466795682907104 0.4691261947154999 
0.8338137269020081 0.15410438179969788 0.012081864289939404 
0.3577193319797516 0.5762324929237366 0.06604814529418945 
0.4348507225513458 0.5131012201309204 0.052048079669475555 
0.8170850872993469 0.17576541006565094 0.00714957807213068 
0.3365965187549591 0.48817530274391174 0.17522819340229034 
0.5988596081733704 0.37568017840385437 0.025460174307227135 
0.38330715894699097 0.5587593913078308 0.05793345347046852 
0.4991135895252228 0.4670155644416809 0.033870846033096313 
0.014417411759495735 0.6766220331192017 0.308960497379303 
0.26839885115623474 0.6989809274673462 0.0326201431453228 
0.7619542479515076 0.22572393715381622 0.012321829795837402 
0.2754265069961548 0.6410854458808899 0.0834881067276001 
0.045645520091056824 0.6980958580970764 0.25625863671302795 
0.33489519357681274 0.608786404132843 0.05631835758686066 
0.08619316667318344 0.6944933533668518 0.21931353211402893 
0.6657515168190002 0.31683066487312317 0.01741780899465084 
0.022220028564333916 0.807759702205658 0.170020192861557 
0.1562274545431137 0.7786606550216675 0.06511180102825165 
0.8312508463859558 0.1639602780342102 0.004788869526237249 
0.15797320008277893 0.7817362546920776 0.06029054895043373 
0.44211769104003906 0.50827956199646 0.04960273951292038 
0.810940146446228 0.17879317700862885 0.010266711935400963 
0.13840623199939728 0.6975166201591492 0.16407711803913116 
0.016155283898115158 0.387561559677124 0.5962831377983093 
0.8127986788749695 0.18248780071735382 0.004713581409305334 
0.1550680249929428 0.7044056057929993 0.14052636921405792 
0.6054683923721313 0.36862072348594666 0.025910932570695877 
0.7658953070640564 0.22179555892944336 0.012309152632951736 
0.8170850872993469 0.17576541006565094 0.00714957807213068 
0.9106059074401855 0.08640687167644501 0.0029872353188693523 
0.03356540575623512 0.455150306224823 0.5112842917442322 
0.7457628846168518 0.24049228429794312 0.013744884170591831 
0.03839484602212906 0.7188628911972046 0.24274227023124695 
0.907182514667511 0.08752309530973434 0.005294294562190771 
0.8980842232704163 0.09671223908662796 0.005203512962907553 
0.2687080502510071 0.6703217625617981 0.06097017601132393 
0.17311036586761475 0.6569790244102478 0.16991063952445984 
0.010225245729088783 0.298705130815506 0.6910696029663086 
0.8415887951850891 0.14790670573711395 0.010504445992410183 
0.018346324563026428 0.34270551800727844 0.6389481425285339 
0.15237648785114288 0.7627116441726685 0.08491182327270508 
0.8725804686546326 0.11966022849082947 0.007759321480989456 
0.8551587462425232 0.14038854837417603 0.004452652297914028 
0.9004089832305908 0.0930728167295456 0.006518147420138121 
0.43406105041503906 0.5291363000869751 0.03680265322327614 
0.6565096378326416 0.314907431602478 0.028582967817783356 
0.17406347393989563 0.7869367599487305 0.0389997772872448 
0.08619316667318344 0.6944933533668518 0.21931353211402893 
0.9218305349349976 0.07360120862722397 0.004568284377455711 
0.02729959413409233 0.8539662957191467 0.11873418092727661 
0.4530544877052307 0.4766061305999756 0.07033945620059967 
0.8510218858718872 0.14310365915298462 0.005874467547982931 
0.05861484259366989 0.780587911605835 0.16079723834991455 
0.10842391848564148 0.8644681572914124 0.02710793726146221 
0.07087910920381546 0.8690822720527649 0.06003861501812935 
0.7794332504272461 0.2121724635362625 0.008394317701458931 
0.045191727578639984 0.7857776880264282 0.16903065145015717 
0.05825415253639221 0.8525508642196655 0.08919493854045868 
0.05216618627309799 0.8993462324142456 0.04848756268620491 
0.7864654660224915 0.20437274873256683 0.009161782450973988 
0.8014746308326721 0.18370337784290314 0.014822042547166348 
0.898544192314148 0.0949598103761673 0.00649595633149147 
0.009408867917954922 0.43676528334617615 0.553825855255127 
0.7334389686584473 0.2471335381269455 0.019427426159381866 
0.5465193390846252 0.39774787425994873 0.05573286861181259 
0.4154719114303589 0.5463776588439941 0.03815045580267906 
