(QUERY): 'ISLAM' '08'
Negative Neutral Positive
0.5993604063987732 0.3823595345020294 0.018280068412423134 
0.28590893745422363 0.6481706500053406 0.06592044234275818 
0.9186719655990601 0.07759764045476913 0.0037303525023162365 
0.14997360110282898 0.7238574028015137 0.12616898119449615 
0.8721797466278076 0.11783143132925034 0.009988880716264248 
0.5709372758865356 0.40304362773895264 0.026019079610705376 
0.048393361270427704 0.6879467964172363 0.263659805059433 
0.034555573016405106 0.6869584918022156 0.2784859240055084 
0.7796876430511475 0.21315093338489532 0.007161358837038279 
0.8997218608856201 0.09483037889003754 0.005447817500680685 
0.17056100070476532 0.79937344789505 0.03006555512547493 
0.8876070976257324 0.10581281036138535 0.006580057553946972 
0.1156729981303215 0.8455865979194641 0.03874039277434349 
0.8049922585487366 0.18625906109809875 0.008748656138777733 
0.5029664039611816 0.4580211043357849 0.03901253268122673 
0.2558266520500183 0.6461160182952881 0.09805728495121002 
0.011829474940896034 0.4187447726726532 0.5694258213043213 
0.8860427737236023 0.10351000726222992 0.010447164997458458 
0.7655764818191528 0.2195582389831543 0.014865321107208729 
0.5155643224716187 0.4605308175086975 0.023904893547296524 
0.8231233358383179 0.16783055663108826 0.009046001359820366 
0.141000896692276 0.5993399620056152 0.25965917110443115 
0.7317529320716858 0.2522382140159607 0.016008833423256874 
0.6885898113250732 0.2889065146446228 0.022503696382045746 
0.12046132981777191 0.8275570869445801 0.0519816093146801 
0.10913524776697159 0.4487886130809784 0.44207608699798584 
0.06845231354236603 0.7568392753601074 0.17470842599868774 
0.18021512031555176 0.748389482498169 0.07139531522989273 
0.404087632894516 0.5445878505706787 0.051324550062417984 
0.005280523095279932 0.12434164434671402 0.8703778982162476 
0.009796107187867165 0.4100649058818817 0.5801389813423157 
0.5201759934425354 0.4486103355884552 0.031213682144880295 
0.22498999536037445 0.7432794570922852 0.03173049911856651 
0.024764804169535637 0.9035314321517944 0.07170373946428299 
0.506160318851471 0.4735206961631775 0.020318957045674324 
0.8966986536979675 0.09916941076517105 0.004131882451474667 
0.046042390167713165 0.8492431640625 0.10471449047327042 
0.039390161633491516 0.5245084762573242 0.43610134720802307 
0.3667374849319458 0.6041620373725891 0.029100479558110237 
0.5120064616203308 0.46541091799736023 0.022582625970244408 
0.02573334611952305 0.8990299105644226 0.07523678988218307 
0.3904097378253937 0.5882149338722229 0.021375322714447975 
0.3074902892112732 0.5398966073989868 0.1526130884885788 
0.8066654801368713 0.1839527040719986 0.009381796233355999 
0.11893045902252197 0.8383418917655945 0.042727693915367126 
0.9573225975036621 0.040314238518476486 0.002363216131925583 
0.7779043912887573 0.21203261613845825 0.010063032619655132 
0.27363333106040955 0.6612640023231506 0.06510269641876221 
0.4710332453250885 0.4770808517932892 0.05188583955168724 
0.09421958029270172 0.7887526750564575 0.11702775210142136 
0.6873041987419128 0.2933506369590759 0.019345249980688095 
0.018418394029140472 0.570787250995636 0.41079431772232056 
0.25000303983688354 0.6555116176605225 0.09448530524969101 
0.06641724705696106 0.8225085139274597 0.11107418686151505 
0.0024119759909808636 0.03480210900306702 0.9627858996391296 
0.7478854060173035 0.24236083030700684 0.009753799997270107 
0.7466887831687927 0.2436171919107437 0.009693939238786697 
0.9244509935379028 0.07087092101573944 0.004678174387663603 
0.012006090022623539 0.6490126848220825 0.3389812409877777 
0.007203774061053991 0.341521292924881 0.6512749791145325 
0.6476798057556152 0.32408902049064636 0.02823118306696415 
0.9674344062805176 0.02974162995815277 0.0028240238316357136 
0.28982797265052795 0.6677275896072388 0.042444441467523575 
0.4701971709728241 0.5111280679702759 0.018674815073609352 
0.927689254283905 0.06836461275815964 0.00394618883728981 
0.003216999350115657 0.06668712943792343 0.9300958514213562 
0.21619635820388794 0.7402287721633911 0.04357488825917244 
0.24618400633335114 0.6126151084899902 0.14120084047317505 
0.8061329126358032 0.17575709521770477 0.01810995489358902 
0.4214256703853607 0.5506876111030579 0.027886750176548958 
0.4532189667224884 0.5111458897590637 0.03563511371612549 
0.6088641285896301 0.36690065264701843 0.024235213175415993 
0.9512585401535034 0.045533910393714905 0.003207493806257844 
0.06049088016152382 0.7487834692001343 0.19072569906711578 
0.9740333557128906 0.02359546534717083 0.0023711146786808968 
0.5939274430274963 0.35266420245170593 0.05340830981731415 
0.0018838465912267566 0.025575753301382065 0.9725403785705566 
0.0719921737909317 0.7973498702049255 0.1306578665971756 
0.13369442522525787 0.8360762596130371 0.030229343101382256 
0.5816606879234314 0.39942219853401184 0.018917175009846687 
0.5583946108818054 0.4054321050643921 0.0361732579767704 
0.036678288131952286 0.8725513219833374 0.09077033400535583 
0.021318014711141586 0.5755510330200195 0.4031309485435486 
0.03460435941815376 0.5936986207962036 0.37169700860977173 
0.48809871077537537 0.47199907898902893 0.03990216925740242 
0.5888291001319885 0.3979584574699402 0.013212447986006737 
0.010263792239129543 0.10544051229953766 0.8842957615852356 
0.2498704195022583 0.683854341506958 0.06627526879310608 
0.013898555189371109 0.36097854375839233 0.6251229047775269 
0.5761286020278931 0.39912933111190796 0.02474203333258629 
0.15814180672168732 0.7910602688789368 0.05079791694879532 
0.08947235345840454 0.8684900999069214 0.04203752800822258 
0.08458860218524933 0.8783337473869324 0.037077728658914566 
0.5330064296722412 0.4387117624282837 0.028281772509217262 
0.7630673050880432 0.21898499131202698 0.017947746440768242 
0.40120700001716614 0.5260202884674072 0.07277266681194305 
0.8726310729980469 0.1183602586388588 0.009008578956127167 
0.7352822422981262 0.25485172867774963 0.009866026230156422 
0.6356825232505798 0.344441682100296 0.01987573876976967 
0.11054068058729172 0.846235990524292 0.04322332143783569 
0.9009086489677429 0.0938069075345993 0.005284468177706003 
0.47660908102989197 0.4822694957256317 0.041121479123830795 
0.2156466543674469 0.7508400082588196 0.03351333364844322 
0.08078735321760178 0.8756448030471802 0.043567854911088943 
0.27825823426246643 0.6945902705192566 0.0271514393389225 
0.0400371178984642 0.5723567605018616 0.387606143951416 
0.714309573173523 0.27240368723869324 0.013286739587783813 
0.2441045343875885 0.6707721948623657 0.08512325584888458 
0.06638580560684204 0.8933574557304382 0.04025674983859062 
0.012222393415868282 0.19614824652671814 0.7916293144226074 
0.9073888063430786 0.08422734588384628 0.008383830077946186 
0.2134351134300232 0.7387238144874573 0.04784109815955162 
0.20255881547927856 0.7424789667129517 0.05496223270893097 
0.16437260806560516 0.8013524413108826 0.0342748798429966 
0.5389406085014343 0.4394133687019348 0.021645989269018173 
0.0719921737909317 0.7973498702049255 0.1306578665971756 
0.10302313417196274 0.8178547024726868 0.07912223786115646 
0.8767073154449463 0.11516601592302322 0.008126737549901009 
0.009230679832398891 0.21520772576332092 0.7755615711212158 
0.7292758226394653 0.2497713714838028 0.020952817052602768 
0.746797502040863 0.23334285616874695 0.01985962875187397 
0.00893402099609375 0.260391503572464 0.7306744456291199 
0.08129408955574036 0.8492870926856995 0.0694187805056572 
0.019009873270988464 0.5906028747558594 0.39038729667663574 
0.007054914720356464 0.3168390691280365 0.6761059761047363 
0.8817896842956543 0.11063884198665619 0.007571541238576174 
0.4444045126438141 0.5188018679618835 0.03679361566901207 
0.15433338284492493 0.8174866437911987 0.028180023655295372 
0.13730275630950928 0.8324885368347168 0.03020874783396721 
0.547970712184906 0.4298543334007263 0.022174952551722527 
0.8710193634033203 0.12111327797174454 0.007867367006838322 
0.5221440196037292 0.46400538086891174 0.013850637711584568 
0.7486664056777954 0.23919174075126648 0.012141848914325237 
0.2087528258562088 0.7621738910675049 0.029073258861899376 
0.42613163590431213 0.522869884967804 0.0509985126554966 
0.7746084332466125 0.21805380284786224 0.007337790448218584 
0.8354566693305969 0.15462766587734222 0.009915702044963837 
0.0014511229237541556 0.024443209171295166 0.9741055965423584 
0.26505279541015625 0.44372013211250305 0.2912271320819855 
0.5269173383712769 0.44268545508384705 0.030397195369005203 
0.5166729092597961 0.4647619426250458 0.018565144389867783 
0.04385294020175934 0.8779395818710327 0.07820746302604675 
0.03839484602212906 0.7188628911972046 0.24274227023124695 
0.008083941414952278 0.40634214878082275 0.5855739712715149 
0.5294899344444275 0.43236321210861206 0.03814692050218582 
0.638104259967804 0.33541131019592285 0.026484424248337746 
0.7850090861320496 0.2041264772415161 0.010864421725273132 
0.809624195098877 0.18094229698181152 0.0094334427267313 
0.15613117814064026 0.7997400164604187 0.044128816574811935 
0.010967380367219448 0.1806771159172058 0.8083555102348328 
0.7795814871788025 0.20920492708683014 0.011213593184947968 
0.030025066807866096 0.2944224178791046 0.675552487373352 
0.26529496908187866 0.6690665483474731 0.06563839316368103 
0.36419567465782166 0.5882723331451416 0.04753202199935913 
0.8950695395469666 0.09846583753824234 0.006464557722210884 
0.04865012690424919 0.8864166140556335 0.06493325531482697 
0.8898411393165588 0.10209376364946365 0.00806509144604206 
0.011567854322493076 0.198878675699234 0.7895535230636597 
0.03317950665950775 0.7550868391990662 0.21173369884490967 
0.08883316069841385 0.5667349100112915 0.34443193674087524 
0.06011489778757095 0.6699222326278687 0.269962877035141 
0.2998514771461487 0.5751550793647766 0.12499342858791351 
0.941899299621582 0.0532686822116375 0.004832026083022356 
0.08521013706922531 0.8347995281219482 0.07999034970998764 
0.11058671027421951 0.8205333948135376 0.06887990981340408 
0.16978006064891815 0.7916701436042786 0.03854979947209358 
0.1263766586780548 0.8283867835998535 0.045236553996801376 
0.4461386501789093 0.5400899648666382 0.013771421276032925 
0.08867992460727692 0.44604888558387756 0.46527114510536194 
0.6063262820243835 0.37625494599342346 0.01741875894367695 
0.8653505444526672 0.1285211741924286 0.0061283414252102375 
0.5936800837516785 0.38274121284484863 0.023578714579343796 
0.6532225608825684 0.3234204947948456 0.023356972262263298 
0.1763835996389389 0.7587719559669495 0.06484443694353104 
0.2183356136083603 0.5602460503578186 0.2214183807373047 
0.4770946204662323 0.5009445548057556 0.021960822865366936 
0.5927959084510803 0.39024806022644043 0.0169560257345438 
0.4688471853733063 0.49614885449409485 0.03500402346253395 
0.3778667151927948 0.5928861498832703 0.029247168451547623 
0.975823163986206 0.021633584052324295 0.002543271752074361 
0.48037469387054443 0.48907092213630676 0.030554350465536118 
0.09270229190587997 0.6229263544082642 0.2843713164329529 
0.004860654007643461 0.08338679373264313 0.9117525815963745 
0.05923504754900932 0.4308702051639557 0.5098947286605835 
0.5527312159538269 0.4288370907306671 0.01843174546957016 
0.01858796738088131 0.8753156661987305 0.10609632730484009 
0.2018701136112213 0.7421188950538635 0.05601096525788307 
0.01934647187590599 0.7704366445541382 0.21021687984466553 
0.34491828083992004 0.4903910160064697 0.16469067335128784 
0.021999286487698555 0.11581319570541382 0.8621875643730164 
0.47334858775138855 0.5080548524856567 0.018596548587083817 
0.6750235557556152 0.3035218119621277 0.02145465277135372 
0.04109865054488182 0.743886411190033 0.21501490473747253 
0.2611505389213562 0.6833778619766235 0.05547159165143967 
0.025824982672929764 0.6795517206192017 0.2946232855319977 
0.8660986423492432 0.12525102496147156 0.008650337345898151 
0.744437575340271 0.23268556594848633 0.022876866161823273 
0.7241541743278503 0.2607240378856659 0.015121721662580967 
0.1523255705833435 0.6214700937271118 0.22620432078838348 
0.8204028606414795 0.17233136296272278 0.007265767082571983 
0.27038028836250305 0.7010730504989624 0.02854669839143753 
0.3548358678817749 0.6292120814323425 0.015951989218592644 
0.2196057140827179 0.7510269284248352 0.029367299750447273 
0.6051498651504517 0.36500343680381775 0.029846735298633575 
0.7090786099433899 0.2790994942188263 0.011821860447525978 
0.901413083076477 0.09376735240221024 0.004819581750780344 
0.7965601086616516 0.18971356749534607 0.013726300559937954 
0.0023542633280158043 0.0487159863114357 0.9489297270774841 
0.025360437110066414 0.7826900482177734 0.1919495016336441 
0.5981031060218811 0.3872862756252289 0.014610644429922104 
0.00891152210533619 0.14178167283535004 0.8493068218231201 
0.194281205534935 0.7606081962585449 0.04511057212948799 
0.4187147617340088 0.5681993365287781 0.013085835613310337 
0.595771849155426 0.3947486877441406 0.009479550644755363 
0.1675703078508377 0.8006845712661743 0.03174510970711708 
0.9118180274963379 0.08438768237829208 0.0037943313363939524 
0.08633656799793243 0.8757419586181641 0.03792145475745201 
0.07618404179811478 0.743710458278656 0.18010547757148743 
0.7348293662071228 0.24837931990623474 0.01679130457341671 
0.9384397864341736 0.05819418653845787 0.003366081975400448 
0.034225329756736755 0.9018755555152893 0.06389904022216797 
0.1730179637670517 0.7994641065597534 0.027517937123775482 
0.05010385811328888 0.6998795866966248 0.25001657009124756 
0.5608900189399719 0.42025572061538696 0.01885426603257656 
0.7769421339035034 0.2081606686115265 0.014897199347615242 
0.2692509889602661 0.6211502552032471 0.10959874838590622 
0.07422416657209396 0.7427777051925659 0.18299821019172668 
0.70436692237854 0.27974972128868103 0.015883298590779305 
0.1526402086019516 0.6786126494407654 0.16874712705612183 
0.10221600532531738 0.8278228044509888 0.06996121257543564 
0.01938260719180107 0.6502513885498047 0.33036595582962036 
0.27825823426246643 0.6945902705192566 0.0271514393389225 
0.5260062217712402 0.4627561569213867 0.01123762596398592 
0.3117723762989044 0.6605538725852966 0.027673732489347458 
0.25305286049842834 0.6361468434333801 0.11080028116703033 
0.10905345529317856 0.6382173895835876 0.2527291476726532 
0.08883883059024811 0.777690052986145 0.13347117602825165 
0.6465697288513184 0.3350909352302551 0.018339375033974648 
0.09462880343198776 0.8368623852729797 0.06850879639387131 
0.016210995614528656 0.6455819010734558 0.33820706605911255 
0.09263069182634354 0.8664472699165344 0.04092204198241234 
0.4201643168926239 0.5362977385520935 0.04353798180818558 
0.891982913017273 0.1036824956536293 0.004334534518420696 
0.10136320441961288 0.8295121192932129 0.06912466138601303 
0.0012084629852324724 0.025740960612893105 0.973050594329834 
0.6342277526855469 0.34712764620780945 0.018644632771611214 
0.7701290249824524 0.2227746546268463 0.007096391171216965 
0.05007017403841019 0.7214492559432983 0.2284805178642273 
0.8666188716888428 0.12278556823730469 0.010595629923045635 
0.20051640272140503 0.7664101123809814 0.033073458820581436 
0.010729486122727394 0.5610973238945007 0.42817315459251404 
0.09599720686674118 0.8385508060455322 0.06545198708772659 
0.005897586699575186 0.11609414219856262 0.8780083060264587 
0.8242192268371582 0.1632886528968811 0.01249212957918644 
0.053926169872283936 0.7648800611495972 0.1811937540769577 
0.5334872603416443 0.44929057359695435 0.017222147434949875 
0.01288139633834362 0.3800813555717468 0.6070372462272644 
0.13958317041397095 0.6885166168212891 0.17190025746822357 
0.018155964091420174 0.5813242793083191 0.40051978826522827 
0.8175179362297058 0.174592062830925 0.007890061475336552 
0.12462402880191803 0.7463098168373108 0.12906619906425476 
0.006432216614484787 0.2005128711462021 0.7930548787117004 
0.7805579304695129 0.20537400245666504 0.014067969284951687 
0.1555103063583374 0.8118995428085327 0.032590195536613464 
0.27825823426246643 0.6945902705192566 0.0271514393389225 
0.9523136615753174 0.04442458599805832 0.0032618078403174877 
0.070331871509552 0.3562374413013458 0.5734307169914246 
0.21700720489025116 0.7443779706954956 0.03861488774418831 
0.0011217588325962424 0.028610508888959885 0.9702677726745605 
0.16992394626140594 0.5397353172302246 0.2903408110141754 
0.20931178331375122 0.6818879842758179 0.10880021750926971 
0.02512025646865368 0.8841213583946228 0.09075836837291718 
0.5252367258071899 0.4392346143722534 0.03552859276533127 
0.5764162540435791 0.39915210008621216 0.024431593716144562 
0.5794685482978821 0.398675799369812 0.021855685859918594 
0.8430628776550293 0.14776790142059326 0.009169233962893486 
0.7269421815872192 0.26230791211128235 0.010749954730272293 
0.0395222082734108 0.6288432478904724 0.331634521484375 
0.12546393275260925 0.7264683842658997 0.14806774258613586 
0.03426224738359451 0.4915715754032135 0.4741661250591278 
0.03418096527457237 0.526098370552063 0.43972066044807434 
0.00642361119389534 0.3665066063404083 0.6270698308944702 
0.8783027529716492 0.1171678975224495 0.004529452417045832 
0.849948525428772 0.14133015275001526 0.008721227757632732 
0.41370680928230286 0.48722878098487854 0.09906443953514099 
0.2269502729177475 0.5775137543678284 0.19553591310977936 
0.7012176513671875 0.2828868329524994 0.015895472839474678 
0.6633298397064209 0.3258390724658966 0.010831082239747047 
0.14429375529289246 0.8275091648101807 0.02819698303937912 
0.011340362019836903 0.7049168944358826 0.2837427854537964 
0.8152849674224854 0.1735139936208725 0.011200987733900547 
0.01153859868645668 0.3351622521877289 0.6532991528511047 
0.4440954923629761 0.5034974813461304 0.052407052367925644 
0.02279243804514408 0.4293510317802429 0.5478565692901611 
0.13560765981674194 0.8247709274291992 0.03962146118283272 
0.11165992170572281 0.4878557324409485 0.4004843235015869 
0.5046728253364563 0.4748302400112152 0.020496945828199387 
0.7321913838386536 0.2504882514476776 0.0173204205930233 
0.344985693693161 0.6042675971984863 0.050746750086545944 
0.012081447057425976 0.5247471332550049 0.46317142248153687 
0.16567467153072357 0.7833999395370483 0.050925470888614655 
0.007244339678436518 0.20995454490184784 0.7828011512756348 
0.9312059879302979 0.06558311730623245 0.0032109511084854603 
0.024419710040092468 0.5015632510185242 0.47401702404022217 
0.19641269743442535 0.5925605297088623 0.21102683246135712 
0.6823650598526001 0.2996748983860016 0.01796000264585018 
0.006071536801755428 0.31037968397140503 0.6835487484931946 
0.39491361379623413 0.5633712410926819 0.04171512648463249 
0.2088262140750885 0.6319733262062073 0.1592005044221878 
0.16927440464496613 0.6645691394805908 0.1661563515663147 
0.7461698651313782 0.24815687537193298 0.0056732832454144955 
0.0909590944647789 0.7581857442855835 0.15085521340370178 
0.27723222970962524 0.6885685920715332 0.03419918194413185 
0.8251834511756897 0.16048406064510345 0.014332449063658714 
0.11626668274402618 0.650903046131134 0.2328302264213562 
0.7727411389350891 0.21905523538589478 0.00820364709943533 
0.8213182091712952 0.171258807182312 0.007423098664730787 
0.10111045092344284 0.7172781229019165 0.18161140382289886 
0.9422251582145691 0.05450812354683876 0.00326673430390656 
0.1127612516283989 0.6177763938903809 0.26946234703063965 
0.767261266708374 0.22096870839595795 0.01177001278847456 
0.4169697165489197 0.5558417439460754 0.02718852087855339 
0.009321751073002815 0.2044748067855835 0.7862033843994141 
0.6337043642997742 0.3415803611278534 0.02471524477005005 
0.09432849287986755 0.7733645439147949 0.13230688869953156 
0.7560575008392334 0.23158012330532074 0.01236233115196228 
0.06962183862924576 0.43532392382621765 0.4950541853904724 
0.761441171169281 0.22762490808963776 0.010933859273791313 
0.24590972065925598 0.6992919445037842 0.054798416793346405 
0.6772926449775696 0.2859366238117218 0.036770738661289215 
0.06953322887420654 0.8702424168586731 0.06022430583834648 
0.9345323443412781 0.06207971274852753 0.003387897275388241 
0.023217175155878067 0.47508230805397034 0.5017005205154419 
0.6880615949630737 0.29274386167526245 0.01919451355934143 
0.09029963612556458 0.8733829259872437 0.03631739318370819 
0.05508680269122124 0.9030001759529114 0.041913047432899475 
0.035571783781051636 0.5651665925979614 0.3992616832256317 
0.19301249086856842 0.7382065057754517 0.06878101825714111 
0.7913023233413696 0.19626353681087494 0.012434130534529686 
0.7069951891899109 0.28222110867500305 0.010783636942505836 
0.9192575216293335 0.07570599764585495 0.005036490969359875 
0.6981196403503418 0.2803124189376831 0.021567942574620247 
0.15635573863983154 0.6301288604736328 0.21351546049118042 
0.040535278618335724 0.5735734701156616 0.38589128851890564 
0.7531314492225647 0.2353716939687729 0.011496852152049541 
0.005914503708481789 0.11802269518375397 0.87606281042099 
0.22825422883033752 0.7142475843429565 0.057498183101415634 
0.48310476541519165 0.4932076036930084 0.02368769980967045 
0.02362056076526642 0.7229503989219666 0.2534290850162506 
0.45614853501319885 0.5035104751586914 0.04034102335572243 
0.011860163882374763 0.48568111658096313 0.5024587512016296 
0.6096333861351013 0.3668302595615387 0.023536328226327896 
0.1598646640777588 0.6123917102813721 0.22774362564086914 
0.48001769185066223 0.49540409445762634 0.024578191339969635 
0.4789433479309082 0.4950355589389801 0.02602110244333744 
0.3933032155036926 0.5667891502380371 0.03990764543414116 
0.5868598222732544 0.39399608969688416 0.019144073128700256 
0.9036828875541687 0.0907997414469719 0.005517399869859219 
0.9346523880958557 0.06176441162824631 0.003583231708034873 
0.5817378759384155 0.4037606716156006 0.014501485042273998 
0.005977299064397812 0.07006797939538956 0.9239547252655029 
0.9649732708930969 0.03188847005367279 0.0031382483430206776 
0.1983393430709839 0.7290194034576416 0.07264123857021332 
0.7925995588302612 0.19942288100719452 0.007977603003382683 
0.0009921930031850934 0.021983029320836067 0.9770247936248779 
0.40311363339424133 0.5560662150382996 0.04082014411687851 
0.7704231142997742 0.21033437550067902 0.019242575392127037 
0.5801985263824463 0.39843282103538513 0.02136869728565216 
0.935226559638977 0.06187909096479416 0.002894363133236766 
0.061225421726703644 0.8503876328468323 0.08838701248168945 
0.7528799772262573 0.23759181797504425 0.009528260678052902 
0.6011658906936646 0.3753465712070465 0.023487543687224388 
0.8469012975692749 0.14653432369232178 0.00656438572332263 
0.7620457410812378 0.22450488805770874 0.013449410907924175 
0.34322071075439453 0.6120805144309998 0.0446988046169281 
0.08740171045064926 0.41440024971961975 0.498198002576828 
0.03839484602212906 0.7188628911972046 0.24274227023124695 
0.8119305372238159 0.18140822649002075 0.0066612339578568935 
0.9324074983596802 0.0607307106256485 0.006861857138574123 
0.7285935282707214 0.24473021924495697 0.026676245033740997 
0.9607803821563721 0.036399926990270615 0.0028197041247040033 
0.08129408955574036 0.8492870926856995 0.0694187805056572 
0.14118319749832153 0.6697334051132202 0.18908338248729706 
0.3978329002857208 0.5774951577186584 0.02467196434736252 
0.10659956187009811 0.8516133427619934 0.04178705811500549 
0.0932668000459671 0.8563451170921326 0.05038806423544884 
0.08129408955574036 0.8492870926856995 0.0694187805056572 
0.04395879805088043 0.6402091979980469 0.3158320486545563 
0.04079508036375046 0.8316999673843384 0.12750503420829773 
0.14720554649829865 0.5661536455154419 0.28664082288742065 
0.04247203841805458 0.6066606640815735 0.35086721181869507 
0.05840922147035599 0.3673974573612213 0.5741933584213257 
0.8101558685302734 0.18164728581905365 0.008196861483156681 
0.060018111020326614 0.6356062293052673 0.30437567830085754 
0.6777485609054565 0.3057883381843567 0.016463082283735275 
0.37200844287872314 0.5940420031547546 0.033949535340070724 
0.9684436917304993 0.02877672202885151 0.0027796297799795866 
0.8750617504119873 0.11779418587684631 0.007144007366150618 
0.08129408955574036 0.8492870926856995 0.0694187805056572 
0.0419907420873642 0.763355553150177 0.19465374946594238 
0.04634140804409981 0.7393972277641296 0.21426135301589966 
0.8590530157089233 0.13549600541591644 0.005451039876788855 
0.016558220610022545 0.5905462503433228 0.3928954601287842 
0.020572416484355927 0.7345054745674133 0.24492202699184418 
0.06626183539628983 0.861006498336792 0.07273167371749878 
0.03889387473464012 0.924896240234375 0.036209896206855774 
0.04053382948040962 0.9239733219146729 0.035492852330207825 
0.0190859604626894 0.8750916719436646 0.10582229495048523 
0.07993827760219574 0.8533502817153931 0.0667114108800888 
0.19580943882465363 0.6238510608673096 0.1803394854068756 
0.6041258573532104 0.3617083728313446 0.03416581451892853 
0.011044085957109928 0.42044544219970703 0.5685104131698608 
0.011044085957109928 0.42044544219970703 0.5685104131698608 
0.7016633749008179 0.2751844823360443 0.023152092471718788 
0.9141209125518799 0.07861368358135223 0.007265362422913313 
0.5414448380470276 0.42450395226478577 0.03405124321579933 
0.855989933013916 0.13833166658878326 0.005678418558090925 
0.02749735675752163 0.7293896079063416 0.24311305582523346 
0.011044085957109928 0.42044544219970703 0.5685104131698608 
0.7070887088775635 0.27880924940109253 0.014101976528763771 
0.007342540193349123 0.324832022190094 0.66782546043396 
0.16685877740383148 0.7517027258872986 0.08143851161003113 
0.3129502236843109 0.5951083898544312 0.09194131195545197 
0.03889387473464012 0.924896240234375 0.036209896206855774 
0.04053382948040962 0.9239733219146729 0.035492852330207825 
0.02058243751525879 0.33833837509155273 0.6410791873931885 
0.011654920876026154 0.42384058237075806 0.5645045042037964 
0.20876367390155792 0.7416499853134155 0.049586351960897446 
0.4070436954498291 0.5526506304740906 0.0403057225048542 
0.9556039571762085 0.041554249823093414 0.002841806737706065 
0.124449722468853 0.754414975643158 0.12113527208566666 
0.4614550769329071 0.5168936848640442 0.021651193499565125 
0.6871342658996582 0.30286315083503723 0.010002555325627327 
0.6940041184425354 0.2933153212070465 0.012680640444159508 
0.8159794211387634 0.17880144715309143 0.005219146143645048 
0.030319679528474808 0.7148523330688477 0.25482791662216187 
0.94489586353302 0.052636221051216125 0.0024679398629814386 
0.06609015166759491 0.7500132322311401 0.18389657139778137 
0.3157343864440918 0.5644306540489197 0.11983498185873032 
0.871790885925293 0.11985495686531067 0.008354139514267445 
0.09735879302024841 0.5629899501800537 0.3396512567996979 
0.9235640168190002 0.07314798980951309 0.003288066713139415 
0.9251654148101807 0.06918835639953613 0.005646245088428259 
0.6718588471412659 0.3181142508983612 0.01002686657011509 
0.4918786585330963 0.4789685904979706 0.02915274165570736 
0.841552734375 0.15202438831329346 0.006422798149287701 
0.014644457027316093 0.7971596121788025 0.18819598853588104 
0.9382453560829163 0.05906979739665985 0.0026848281268030405 
0.8746075630187988 0.11901305615901947 0.006379313766956329 
0.4261568486690521 0.5394107103347778 0.034432463347911835 
0.5864830017089844 0.3917473256587982 0.021769698709249496 
0.01991974003612995 0.5600404143333435 0.4200398921966553 
0.010223953053355217 0.1378224790096283 0.8519535660743713 
0.6715501546859741 0.31788453459739685 0.010565239004790783 
0.8231585621833801 0.16745875775814056 0.009382685646414757 
0.08129408955574036 0.8492870926856995 0.0694187805056572 
0.6893278360366821 0.2966594099998474 0.014012772589921951 
0.0948413610458374 0.8349634408950806 0.0701952651143074 
0.25324589014053345 0.566050112247467 0.1807040423154831 
0.8270207047462463 0.16364134848117828 0.009338014759123325 
0.8559927344322205 0.13681982457637787 0.0071874577552080154 
0.30563387274742126 0.6426958441734314 0.05167028307914734 
0.16502703726291656 0.7935975790023804 0.04137544706463814 
0.5793018937110901 0.3708023726940155 0.049895696341991425 
0.3967358469963074 0.5861531496047974 0.017111007124185562 
0.7964565753936768 0.19342486560344696 0.010118563659489155 
0.4493103623390198 0.46190720796585083 0.08878239244222641 
0.027292318642139435 0.5986499190330505 0.37405773997306824 
0.07943153381347656 0.6121085286140442 0.30845993757247925 
0.910061776638031 0.08553986996412277 0.00439842976629734 
0.04381328448653221 0.8253887295722961 0.13079804182052612 
0.2495044767856598 0.6507207751274109 0.09977475553750992 
0.5100896954536438 0.4679853618144989 0.021924935281276703 
0.8418814539909363 0.1524491012096405 0.005669410806149244 
0.2259029895067215 0.7227416634559631 0.05135543271899223 
0.20556500554084778 0.7566401362419128 0.037794895470142365 
0.4161427319049835 0.5579789876937866 0.0258783008903265 
0.049525387585163116 0.5404118895530701 0.410062700510025 
0.7090039849281311 0.2799845337867737 0.011011538095772266 
0.036390434950590134 0.808861494064331 0.15474805235862732 
0.025194184854626656 0.5351120233535767 0.439693808555603 
0.49151644110679626 0.46487149596214294 0.043612074106931686 
0.5807847380638123 0.40192994475364685 0.017285259440541267 
0.12999247014522552 0.6141278147697449 0.2558797001838684 
0.31478172540664673 0.5953301787376404 0.08988809585571289 
0.4064292907714844 0.5706614255905151 0.022909263148903847 
0.6961095929145813 0.2941933572292328 0.009697003290057182 
0.054211005568504333 0.8803656101226807 0.06542336195707321 
0.6798922419548035 0.30832239985466003 0.011785310693085194 
0.30533668398857117 0.6499994397163391 0.04466385766863823 
0.18239742517471313 0.7624484896659851 0.05515408143401146 
0.4401177167892456 0.5412516593933105 0.018630623817443848 
0.03151778131723404 0.4366735517978668 0.5318087339401245 
0.49179187417030334 0.46986642479896545 0.03834178298711777 
0.0835510715842247 0.8239655494689941 0.09248336404561996 
0.6395975351333618 0.3303964138031006 0.030006054788827896 
0.08129408955574036 0.8492870926856995 0.0694187805056572 
0.8235002160072327 0.16657483577728271 0.009924947284162045 
0.011175802908837795 0.08125969022512436 0.9075645208358765 
0.2336982637643814 0.6924306750297546 0.07387106120586395 
0.690040111541748 0.2952903211116791 0.01466953381896019 
0.9524227380752563 0.044949132949113846 0.00262817763723433 
0.5953283309936523 0.37811940908432007 0.026552269235253334 
0.24421840906143188 0.7044603824615479 0.051321160048246384 
0.08506334573030472 0.8433635234832764 0.07157314568758011 
0.19897525012493134 0.5779500603675842 0.22307470440864563 
0.9148080945014954 0.08107928931713104 0.00411262596026063 
0.4144967198371887 0.5022491216659546 0.08325410634279251 
0.4109964966773987 0.572438657283783 0.016564873978495598 
0.3689820170402527 0.598596453666687 0.0324215367436409 
0.021287644281983376 0.5344792008399963 0.4442332088947296 
0.8968645930290222 0.09790188074111938 0.005233500152826309 
0.10947622358798981 0.7579391002655029 0.13258463144302368 
0.8495771884918213 0.14200033247470856 0.008422400802373886 
0.09169435501098633 0.8428735733032227 0.0654321163892746 
0.06180557608604431 0.359798401594162 0.5783960223197937 
0.776042640209198 0.21588173508644104 0.008075563237071037 
0.2734781503677368 0.6618903875350952 0.06463153660297394 
0.8877124190330505 0.10739658772945404 0.004890911281108856 
0.45808300375938416 0.5136364698410034 0.028280487284064293 
0.09463375061750412 0.7171904444694519 0.18817585706710815 
0.01895199902355671 0.25204184651374817 0.7290061116218567 
0.22450941801071167 0.7257607579231262 0.04972977191209793 
0.10604441910982132 0.7050012350082397 0.1889544129371643 
0.6155995726585388 0.36445337533950806 0.019947079941630363 
0.6255508065223694 0.35618796944618225 0.018261311575770378 
0.5446049571037292 0.42196086049079895 0.033434223383665085 
0.21000422537326813 0.7537142038345337 0.03628162294626236 
0.09360324591398239 0.7239264845848083 0.18247029185295105 
0.12411092221736908 0.5114490985870361 0.3644399642944336 
0.9532618522644043 0.043345436453819275 0.0033927790354937315 
0.159609854221344 0.7744356393814087 0.06595446169376373 
0.159609854221344 0.7744356393814087 0.06595446169376373 
0.04422807693481445 0.5895550847053528 0.36621686816215515 
0.223045215010643 0.710227370262146 0.06672745198011398 
0.159609854221344 0.7744356393814087 0.06595446169376373 
0.159609854221344 0.7744356393814087 0.06595446169376373 
0.02369803376495838 0.47700202465057373 0.49929991364479065 
0.042464256286621094 0.5737118124961853 0.3838239014148712 
0.13965775072574615 0.7981194853782654 0.062222741544246674 
0.5481221079826355 0.4222486913204193 0.029629187658429146 
0.4811219274997711 0.4880262017250061 0.03085182048380375 
0.11070233583450317 0.8354711532592773 0.05382655933499336 
0.10881254822015762 0.8386641144752502 0.05252327024936676 
0.8093817234039307 0.181987002491951 0.00863121822476387 
0.6179748177528381 0.3569706380367279 0.025054560974240303 
0.6847341060638428 0.30235621333122253 0.012909669429063797 
0.3674434423446655 0.611986517906189 0.020570095628499985 
0.47232070565223694 0.5063926577568054 0.021286631003022194 
0.5729624629020691 0.3803254961967468 0.04671195149421692 
0.7103446125984192 0.281683087348938 0.007972334511578083 
0.7062681317329407 0.28537654876708984 0.008355263620615005 
0.4499846398830414 0.5279280543327332 0.02208731696009636 
0.16282637417316437 0.501748263835907 0.33542537689208984 
0.04523267596960068 0.8881530165672302 0.0666143149137497 
0.8230528235435486 0.166122704744339 0.010824494995176792 
0.5132853388786316 0.46280401945114136 0.023910652846097946 
0.6910264492034912 0.28461095690727234 0.024362627416849136 
0.8376510739326477 0.1553049236536026 0.0070440215058624744 
0.6710872650146484 0.31070607900619507 0.01820668950676918 
0.9555999636650085 0.04203347861766815 0.0023666315246373415 
0.15486997365951538 0.7684887647628784 0.0766412690281868 
0.06749916076660156 0.8784445524215698 0.054056208580732346 
0.5566855669021606 0.4101526439189911 0.03316180035471916 
0.9320425987243652 0.06237637251615524 0.005581072065979242 
0.22450941801071167 0.7257607579231262 0.04972977191209793 
0.5519610643386841 0.4056667983531952 0.042372144758701324 
0.5454031825065613 0.43549832701683044 0.019098468124866486 
0.05451640486717224 0.4948369264602661 0.45064663887023926 
0.8915057182312012 0.10458672046661377 0.003907497972249985 
0.7352614998817444 0.2442479282617569 0.02049054391682148 
0.7582007646560669 0.23279651999473572 0.009002791717648506 
0.47376424074172974 0.4901162385940552 0.03611960634589195 
0.554055392742157 0.431972473859787 0.01397218182682991 
0.622014045715332 0.3560315668582916 0.021954379975795746 
0.05010177195072174 0.49273017048835754 0.4571680724620819 
0.3162626028060913 0.6557968854904175 0.027940554544329643 
0.3070346713066101 0.6640825867652893 0.028882740065455437 
0.9601691365242004 0.03679309040307999 0.0030377889052033424 
0.7454996705055237 0.2461993247270584 0.008301055058836937 
0.5194523930549622 0.41150617599487305 0.06904143840074539 
0.060392189770936966 0.6060136556625366 0.3335942029953003 
0.4858025908470154 0.4911697208881378 0.023027628660202026 
0.6363493800163269 0.3482106328010559 0.01543994527310133 
0.4028582274913788 0.5017507672309875 0.0953909307718277 
0.020280035212635994 0.37816429138183594 0.6015556454658508 
0.020280035212635994 0.37816429138183594 0.6015556454658508 
0.020280035212635994 0.37816429138183594 0.6015556454658508 
0.08505253493785858 0.8533741235733032 0.06157336011528969 
0.0402667410671711 0.47173014283180237 0.488003134727478 
0.04083072394132614 0.45578423142433167 0.5033850073814392 
0.353583961725235 0.5601000785827637 0.08631595969200134 
0.0402667410671711 0.47173014283180237 0.488003134727478 
0.18161676824092865 0.5020647644996643 0.31631845235824585 
0.0402667410671711 0.47173014283180237 0.488003134727478 
0.4530799388885498 0.4905928671360016 0.05632716789841652 
0.6340460777282715 0.34631434082984924 0.019639592617750168 
0.8285762667655945 0.16423477232456207 0.007188929244875908 
0.0402667410671711 0.47173014283180237 0.488003134727478 
0.5128721594810486 0.4490870535373688 0.03804079443216324 
0.0402667410671711 0.47173014283180237 0.488003134727478 
0.4101737141609192 0.5257022976875305 0.0641239807009697 
0.04083072394132614 0.45578423142433167 0.5033850073814392 
0.08123770356178284 0.567766010761261 0.3509962558746338 
0.7455729842185974 0.24088223278522491 0.013544770888984203 
0.2701999545097351 0.6948010921478271 0.03499891608953476 
0.938471794128418 0.058250147849321365 0.003278051968663931 
0.0402667410671711 0.47173014283180237 0.488003134727478 
0.04083072394132614 0.45578423142433167 0.5033850073814392 
0.2143077701330185 0.6526387929916382 0.13305340707302094 
0.44548723101615906 0.5152394771575928 0.03927336260676384 
0.10526963323354721 0.4253094494342804 0.4694209098815918 
0.5415457487106323 0.4162185788154602 0.04223562031984329 
0.02518586814403534 0.870442271232605 0.1043718159198761 
0.8717759847640991 0.12196385115385056 0.006260158494114876 
0.9178270697593689 0.07506182044744492 0.007111100479960442 
0.814220666885376 0.17375610768795013 0.01202312856912613 
0.4809267520904541 0.3920139968395233 0.1270592212677002 
0.8813846111297607 0.11278188228607178 0.0058335186913609505 
0.08009594678878784 0.6081298589706421 0.3117741644382477 
0.788007378578186 0.20181939005851746 0.010173274204134941 
0.731713593006134 0.2589174509048462 0.00936900544911623 
0.007187798619270325 0.2941555082798004 0.6986567378044128 
0.16771072149276733 0.8020022511482239 0.030287066474556923 
0.9023650884628296 0.09100545197725296 0.006629458628594875 
0.6967281103134155 0.28947508335113525 0.013796881772577763 
0.9548956155776978 0.041171349585056305 0.00393298314884305 
0.6608220934867859 0.30938732624053955 0.029790613800287247 
0.8064896464347839 0.1832500696182251 0.010260295122861862 
0.08434869349002838 0.7654557228088379 0.15019553899765015 
0.0216140728443861 0.45408573746681213 0.524300217628479 
0.5541443824768066 0.42943382263183594 0.01642180047929287 
0.6220442056655884 0.3464668095111847 0.03148894011974335 
0.8287326097488403 0.16493692994117737 0.006330396514385939 
0.7771379351615906 0.21363690495491028 0.009225199930369854 
0.6782373189926147 0.3025398254394531 0.019222818315029144 
0.15631495416164398 0.7817881107330322 0.061896953731775284 
0.05782901123166084 0.7637723088264465 0.1783987432718277 
0.027813216671347618 0.6394285559654236 0.33275824785232544 
0.0251518152654171 0.628380298614502 0.34646788239479065 
0.9468783140182495 0.04918954148888588 0.003932218067348003 
0.19642695784568787 0.7717944979667664 0.03177855536341667 
0.4361957609653473 0.5156826972961426 0.04812154918909073 
0.14027906954288483 0.5711040496826172 0.28861692547798157 
0.025407716631889343 0.9194232225418091 0.055169060826301575 
0.6054671406745911 0.36422184109687805 0.030310984700918198 
0.9393161535263062 0.057349517941474915 0.003334254492074251 
0.441689670085907 0.5342723727226257 0.024037888273596764 
0.7204610109329224 0.25939759612083435 0.0201413594186306 
0.8329916000366211 0.15851907432079315 0.008489272557199001 
0.7896169424057007 0.191972553730011 0.018410462886095047 
0.8721754550933838 0.12407705932855606 0.0037474073469638824 
0.3908109664916992 0.5361608266830444 0.07302820682525635 
0.20115117728710175 0.7503945231437683 0.04845428466796875 
0.5777102112770081 0.4078066945075989 0.014483040198683739 
0.11230187863111496 0.8203657269477844 0.06733236461877823 
0.7770349383354187 0.21361781656742096 0.009347264654934406 
0.2946387231349945 0.6701977849006653 0.035163406282663345 
0.147286519408226 0.6180144548416138 0.2346990555524826 
0.7631603479385376 0.22718992829322815 0.009649688377976418 
0.7949237823486328 0.19807295501232147 0.007003269158303738 
0.8804126977920532 0.11349204927682877 0.00609527388587594 
0.3038814961910248 0.6285783648490906 0.06754011660814285 
0.5062050819396973 0.469703733921051 0.024091167375445366 
0.031398214399814606 0.4793328046798706 0.4892689287662506 
0.2791304886341095 0.6958266496658325 0.025042831897735596 
0.4713692367076874 0.5051314234733582 0.023499365895986557 
0.007054914720356464 0.3168390691280365 0.6761059761047363 
0.4976889491081238 0.44554585218429565 0.056765202432870865 
0.6077772378921509 0.3481445014476776 0.04407829791307449 
0.052713118493556976 0.6392369270324707 0.3080499470233917 
0.46770572662353516 0.4883607029914856 0.043933574110269547 
0.6503764986991882 0.31247836351394653 0.03714517503976822 
0.03218524530529976 0.5653969645500183 0.40241774916648865 
0.5838490128517151 0.40200215578079224 0.014148919843137264 
0.2798711061477661 0.6575053930282593 0.06262356042861938 
0.3296452760696411 0.6146432757377625 0.05571141093969345 
0.020505111664533615 0.5718926191329956 0.4076022207736969 
0.009296269156038761 0.6771866679191589 0.3135170340538025 
0.2595628499984741 0.5499431490898132 0.19049403071403503 
0.03839484602212906 0.7188628911972046 0.24274227023124695 
0.7039113640785217 0.2753855288028717 0.02070312388241291 
0.6627388000488281 0.3251509666442871 0.012110231444239616 
0.3701426684856415 0.5974125862121582 0.03244481235742569 
0.18661127984523773 0.7861218452453613 0.027266850695014 
0.16766302287578583 0.8056443333625793 0.026692647486925125 
0.19041679799556732 0.7828572988510132 0.026725856587290764 
0.7569522261619568 0.2344864457845688 0.008561361581087112 
0.4214111864566803 0.5271879434585571 0.05140082910656929 
0.9305911064147949 0.0653219148516655 0.0040870048105716705 
0.11895623058080673 0.43348103761672974 0.4475627541542053 
0.39096856117248535 0.5902174115180969 0.018813958391547203 
0.0376025065779686 0.7978889346122742 0.16450856626033783 
0.2786544859409332 0.6743407845497131 0.047004714608192444 
0.15206515789031982 0.7862008810043335 0.061733923852443695 
0.7823958396911621 0.20487883687019348 0.012725360691547394 
0.31334131956100464 0.6063563823699951 0.08030228316783905 
0.29789575934410095 0.6220979690551758 0.08000627905130386 
0.3593360185623169 0.5964028835296631 0.0442611388862133 
0.06900550425052643 0.5218294858932495 0.40916499495506287 
0.22201350331306458 0.5142993927001953 0.2636871039867401 
0.6813740134239197 0.30174195766448975 0.016883982345461845 
0.18434381484985352 0.748931884765625 0.0667242631316185 
0.6180906295776367 0.3662949204444885 0.015614490024745464 
0.014737715013325214 0.4107118546962738 0.5745503902435303 
0.17048268020153046 0.6705767512321472 0.15894059836864471 
0.6615930199623108 0.3221477270126343 0.016259316354990005 
0.25239163637161255 0.7076119780540466 0.03999634087085724 
0.4713570177555084 0.5045067667961121 0.024136189371347427 
0.030323700979351997 0.5921213626861572 0.37755492329597473 
0.5603596568107605 0.4151562750339508 0.024484047666192055 
0.6746941804885864 0.30681920051574707 0.018486635759472847 
0.008434676565229893 0.3081606924533844 0.6834046244621277 
0.6600997447967529 0.3103754222393036 0.0295247919857502 
0.7545825242996216 0.23185957968235016 0.01355795282870531 
0.01853121817111969 0.8846505880355835 0.0968182384967804 
0.6466911435127258 0.3267991542816162 0.026509732007980347 
0.8940295577049255 0.1017502024769783 0.004220250062644482 
0.06899767369031906 0.5032668113708496 0.4277355372905731 
0.06051573157310486 0.4697853922843933 0.46969884634017944 
0.21201170980930328 0.7661682367324829 0.02182004228234291 
0.0485583133995533 0.6536349654197693 0.29780668020248413 
0.19917918741703033 0.7512744069099426 0.04954652860760689 
0.002731437562033534 0.02316095307469368 0.9741076827049255 
0.6084805727005005 0.3679113984107971 0.02360803261399269 
0.3319321572780609 0.6308728456497192 0.03719497099518776 
0.001451413962058723 0.3562714755535126 0.6422771215438843 
0.8473249673843384 0.1453620344400406 0.007312907837331295 
0.20970188081264496 0.756309449672699 0.033988628536462784 
0.6752570271492004 0.2670679986476898 0.05767498165369034 
0.020115157589316368 0.8581079840660095 0.12177687883377075 
0.6747246384620667 0.3100599944591522 0.01521536149084568 
0.8300795555114746 0.16293852031230927 0.006981988903135061 
0.7460715770721436 0.2413625419139862 0.012565883807837963 
0.004869893658906221 0.07728692889213562 0.917843222618103 
0.2667398452758789 0.708486020565033 0.024774136021733284 
0.5672953128814697 0.41825878620147705 0.014445914886891842 
0.07267943769693375 0.9026057124137878 0.024714797735214233 
0.141320139169693 0.724510908126831 0.13416896760463715 
0.04581403732299805 0.8162911534309387 0.13789479434490204 
0.4866808354854584 0.48087313771247864 0.03244611248373985 
0.1212855726480484 0.8135668635368347 0.0651475340127945 
0.37597817182540894 0.5630274415016174 0.060994457453489304 
0.6469054222106934 0.336346834897995 0.016747722402215004 
0.5353013277053833 0.4116336703300476 0.05306500568985939 
0.9154462814331055 0.0809284970164299 0.0036251400597393513 
0.00598486140370369 0.1979692429304123 0.7960459589958191 
0.08022429049015045 0.7602339386940002 0.1595418006181717 
0.9110857844352722 0.0818433165550232 0.007070980966091156 
0.08392547816038132 0.7217000722885132 0.1943744719028473 
0.08392547816038132 0.7217000722885132 0.1943744719028473 
0.007336247246712446 0.23647990822792053 0.7561838030815125 
0.03637190908193588 0.5650544762611389 0.398573637008667 
0.011826349422335625 0.38199087977409363 0.6061827540397644 
0.018389271572232246 0.2710717022418976 0.7105390429496765 
0.00678269425407052 0.15250936150550842 0.8407080173492432 
0.1238681897521019 0.8195503354072571 0.05658149719238281 
0.9545053243637085 0.041852474212646484 0.0036421664990484715 
0.42470887303352356 0.5568441152572632 0.018446963280439377 
0.0060079339891672134 0.4796816110610962 0.5143104195594788 
0.04662252590060234 0.39742374420166016 0.5559537410736084 
0.9417732357978821 0.05555269867181778 0.0026739612221717834 
0.3765488266944885 0.5705152750015259 0.052935950458049774 
0.08269625902175903 0.7464802861213684 0.17082349956035614 
0.32200080156326294 0.6235027313232422 0.05449649691581726 
0.7432780861854553 0.2408130168914795 0.015908947214484215 
0.23112884163856506 0.6995026469230652 0.06936850398778915 
0.8249434232711792 0.16674469411373138 0.008311868645250797 
0.7683408856391907 0.22049520909786224 0.011163919232785702 
0.39979127049446106 0.5440652966499329 0.05614335089921951 
0.527546226978302 0.45158225297927856 0.020871523767709732 
0.6812198162078857 0.29593536257743835 0.022844893857836723 
0.33821165561676025 0.6214305758476257 0.04035775735974312 
0.6010351777076721 0.37448373436927795 0.024481061846017838 
0.32400453090667725 0.6285075545310974 0.04748788848519325 
0.7943026423454285 0.19208548963069916 0.013611814938485622 
0.15637250244617462 0.7415434122085571 0.1020841896533966 
0.05227689817547798 0.6945787668228149 0.25314435362815857 
0.8246080279350281 0.16753287613391876 0.007859067991375923 
0.039363082498311996 0.825144350528717 0.13549260795116425 
0.22351078689098358 0.593629777431488 0.18285946547985077 
0.7490971088409424 0.24357017874717712 0.0073327370919287205 
0.7580488920211792 0.22552219033241272 0.016428891569375992 
0.18945160508155823 0.6686619520187378 0.14188642799854279 
0.7292520999908447 0.25593164563179016 0.01481623761355877 
0.31917163729667664 0.5979287028312683 0.08289963752031326 
0.549559473991394 0.4289887249469757 0.021451788023114204 
0.4100281000137329 0.5230744481086731 0.066897451877594 
0.8381874561309814 0.15700499713420868 0.004807488527148962 
0.17235207557678223 0.7930571436882019 0.03459082916378975 
0.9194409847259521 0.07473006099462509 0.005828931462019682 
0.9033631086349487 0.09005779027938843 0.00657913601025939 
0.5003861784934998 0.453701913356781 0.04591192677617073 
0.4186733067035675 0.5382868051528931 0.04303988441824913 
0.13515998423099518 0.7934011816978455 0.07143876701593399 
0.08687436580657959 0.8663022518157959 0.04682336747646332 
0.16025936603546143 0.7232535481452942 0.11648702621459961 
0.2623289227485657 0.6876547932624817 0.05001632496714592 
0.2786932587623596 0.4639461636543274 0.2573605477809906 
0.2558266520500183 0.6461160182952881 0.09805728495121002 
0.749206006526947 0.24130265414714813 0.009491312317550182 
0.5128463506698608 0.45549196004867554 0.03166167438030243 
0.847970187664032 0.14427998661994934 0.00774981826543808 
0.0505610890686512 0.8996727466583252 0.049766115844249725 
0.5018143057823181 0.47368937730789185 0.02449636533856392 
0.035829003900289536 0.5366595387458801 0.42751142382621765 
0.011877854354679585 0.16025479137897491 0.8278673887252808 
0.5573438405990601 0.422838032245636 0.019818134605884552 
0.2303571254014969 0.7178548574447632 0.05178796499967575 
0.9615940451622009 0.03645123168826103 0.001954648643732071 
0.8797962069511414 0.11527804285287857 0.00492566404864192 
0.15731187164783478 0.652856171131134 0.1898319572210312 
0.003296969924122095 0.09909895807504654 0.8976040482521057 
0.09492349624633789 0.5524829626083374 0.3525935411453247 
0.14094601571559906 0.6319868564605713 0.22706711292266846 
0.1186431422829628 0.8597558736801147 0.021600989624857903 
0.12901286780834198 0.7469565272331238 0.12403059750795364 
0.8979252576828003 0.09654054790735245 0.005534286145120859 
0.06869779527187347 0.8828182816505432 0.04848397523164749 
0.8766300678253174 0.11703496426343918 0.006334907375276089 
0.30454227328300476 0.5866421461105347 0.10881566256284714 
0.9315533638000488 0.06307858228683472 0.005368088372051716 
0.854595959186554 0.1388920247554779 0.006511952728033066 
0.21554146707057953 0.6542062759399414 0.13025224208831787 
0.6849146485328674 0.2976560592651367 0.017429286614060402 
0.4114215672016144 0.5342111587524414 0.05436735227704048 
0.1783595085144043 0.5648946762084961 0.2567457854747772 
0.032985929399728775 0.8034599423408508 0.1635541021823883 
0.7104045152664185 0.27051103115081787 0.019084442406892776 
0.7096293568611145 0.2786259949207306 0.011744632385671139 
0.5675320625305176 0.4100036025047302 0.022464357316493988 
0.55085289478302 0.4214382469654083 0.02770889550447464 
0.7859005928039551 0.20926696062088013 0.004832496866583824 
0.24510909616947174 0.5799281001091003 0.1749628186225891 
0.8473336100578308 0.1433142125606537 0.009352154098451138 
0.07689344137907028 0.8479070067405701 0.07519945502281189 
0.38231125473976135 0.5865347385406494 0.031154010444879532 
0.2587040662765503 0.7199265956878662 0.021369334310293198 
0.3629780411720276 0.6044742465019226 0.03254762291908264 
0.8474047780036926 0.14436835050582886 0.008226803503930569 
0.8978073000907898 0.09738166630268097 0.004810967482626438 
0.925139307975769 0.06825097650289536 0.006609679199755192 
0.3577152490615845 0.6241628527641296 0.018121959641575813 
0.2382158786058426 0.6583771705627441 0.10340690612792969 
0.8019089698791504 0.18728682398796082 0.010804126039147377 
0.9468116164207458 0.05055581033229828 0.002632587682455778 
0.5965617299079895 0.37962183356285095 0.023816334083676338 
0.8128350377082825 0.17839489877223969 0.008770061656832695 
0.9342494606971741 0.0611492358148098 0.004601247608661652 
0.6691495776176453 0.27943992614746094 0.05141043663024902 
0.29533812403678894 0.662427544593811 0.04223434254527092 
0.7780447006225586 0.21534208953380585 0.006613152101635933 
0.09966420382261276 0.6611746549606323 0.23916111886501312 
0.04558794945478439 0.8507941961288452 0.10361781716346741 
0.8809424638748169 0.11200560629367828 0.007052009925246239 
0.5489201545715332 0.42193710803985596 0.02914274111390114 
0.8793385028839111 0.11578807979822159 0.004873393569141626 
0.8346242308616638 0.15880858898162842 0.006567209959030151 
0.06660616397857666 0.7769762277603149 0.1564176082611084 
0.028039192780852318 0.9294971823692322 0.04246353730559349 
0.2006305456161499 0.7679970264434814 0.031372420489788055 
0.8217592239379883 0.164593905210495 0.013646905310451984 
0.5855472087860107 0.39487630128860474 0.019576460123062134 
0.23494045436382294 0.7214369177818298 0.04362265020608902 
0.5878481268882751 0.3888198733329773 0.023331977427005768 
0.15637250244617462 0.7415434122085571 0.1020841896533966 
0.04034419357776642 0.8854056000709534 0.07425029575824738 
0.506484866142273 0.46905869245529175 0.024456491693854332 
0.6245994567871094 0.35190922021865845 0.02349133975803852 
0.0007350189262069762 0.026445139199495316 0.9728198647499084 
0.42821261286735535 0.5535646677017212 0.018222788348793983 
0.8366870880126953 0.15578414499759674 0.007528761401772499 
0.18328124284744263 0.7825121283531189 0.034206684678792953 
0.07284943759441376 0.5060854554176331 0.42106518149375916 
0.16562998294830322 0.7807111740112305 0.05365884676575661 
0.8284355401992798 0.14756529033184052 0.023999139666557312 
0.6733222007751465 0.3168815076351166 0.009796228259801865 
0.4826081395149231 0.4992811977863312 0.01811070553958416 
0.7736592292785645 0.213004007935524 0.013336808420717716 
0.4070436954498291 0.5526506304740906 0.0403057225048542 
0.009254654869437218 0.2418542057275772 0.7488911151885986 
0.5055038332939148 0.47531867027282715 0.019177481532096863 
0.4687173664569855 0.5099668502807617 0.021315772086381912 
0.5822793245315552 0.3974649906158447 0.020255694165825844 
0.01562562771141529 0.29989466071128845 0.6844797134399414 
0.4257182478904724 0.5290788412094116 0.04520289599895477 
0.007054914720356464 0.3168390691280365 0.6761059761047363 
0.9577428102493286 0.03899373114109039 0.0032634634990245104 
0.5177645087242126 0.4648924469947815 0.0173430684953928 
0.7214462161064148 0.25875723361968994 0.01979650743305683 
0.7355967164039612 0.24541881680488586 0.01898450404405594 
0.008088236674666405 0.4496525824069977 0.542259156703949 
0.7060188055038452 0.2767998278141022 0.01718139834702015 
0.8943595886230469 0.1013144999742508 0.004325891844928265 
0.4838314950466156 0.4845508337020874 0.031617674976587296 
0.014499718323349953 0.2516734302043915 0.7338268160820007 
0.014204579405486584 0.264932245016098 0.7208631634712219 
0.6953129768371582 0.29178136587142944 0.012905694544315338 
0.2740156054496765 0.6609062552452087 0.06507816910743713 
0.2548435628414154 0.6797835826873779 0.06537287682294846 
0.1234123557806015 0.7714438438415527 0.10514378547668457 
0.5505350232124329 0.4293656051158905 0.020099427551031113 
0.15302163362503052 0.7524098753929138 0.09456852078437805 
0.08849960565567017 0.7126654386520386 0.19883491098880768 
0.03839484602212906 0.7188628911972046 0.24274227023124695 
0.04148292541503906 0.37745484709739685 0.5810621976852417 
0.9377838969230652 0.05899420008063316 0.0032219495624303818 
0.6890138387680054 0.2980767786502838 0.012909341603517532 
0.9526149034500122 0.042713455855846405 0.004671650007367134 
0.8560678362846375 0.1394786834716797 0.004453389439731836 
0.0865907222032547 0.7314860224723816 0.18192319571971893 
0.7707849144935608 0.21862737834453583 0.010587655007839203 
0.011228661052882671 0.319164901971817 0.6696064472198486 
0.7737972140312195 0.20225019752979279 0.023952562361955643 
0.2697344422340393 0.6733300685882568 0.056935567408800125 
0.8399975895881653 0.1509454846382141 0.009056936018168926 
0.0547439269721508 0.7662007808685303 0.1790553331375122 
0.24203883111476898 0.7076370120048523 0.05032411217689514 
0.9539264440536499 0.04185992851853371 0.004213657695800066 
0.2602779269218445 0.6714828014373779 0.0682392567396164 
0.00369717413559556 0.31668388843536377 0.6796190142631531 
0.018383482471108437 0.5403810739517212 0.4412354826927185 
0.0949842631816864 0.8354554772377014 0.06956026703119278 
0.010997110046446323 0.19867567718029022 0.7903271913528442 
0.001971970545127988 0.04026557505130768 0.9577624201774597 
0.8079429268836975 0.178456112742424 0.0136009082198143 
0.18381378054618835 0.7508785128593445 0.06530775129795074 
0.07470505684614182 0.8187115788459778 0.1065833643078804 
0.29295316338539124 0.6632328033447266 0.04381408542394638 
0.776984453201294 0.20659439265727997 0.01642116717994213 
0.09868714958429337 0.7376850247383118 0.16362781822681427 
0.5997562408447266 0.37786492705345154 0.022378800436854362 
0.030457155779004097 0.26796358823776245 0.7015792727470398 
0.01022836472839117 0.5273047685623169 0.46246686577796936 
0.19948986172676086 0.7635117173194885 0.036998435854911804 
0.9230862259864807 0.07016970217227936 0.006744097452610731 
0.7953113913536072 0.19093167781829834 0.01375698484480381 
0.1618063896894455 0.8074042201042175 0.030789341777563095 
0.16394688189029694 0.8095726370811462 0.026480546221137047 
0.07764135301113129 0.8033010959625244 0.11905752867460251 
0.019143830984830856 0.6112439632415771 0.3696122467517853 
0.2941572070121765 0.6735060214996338 0.0323367677628994 
0.8930596709251404 0.1021709069609642 0.004769375082105398 
0.5612592101097107 0.4091140329837799 0.029626784846186638 
0.847022533416748 0.14554761350154877 0.007429788820445538 
0.7444824576377869 0.2342846691608429 0.021232878789305687 
0.29026827216148376 0.5607439875602722 0.1489877998828888 
0.36317604780197144 0.5223219394683838 0.11450199782848358 
0.06209108605980873 0.8886971473693848 0.049211837351322174 
0.2887527346611023 0.6673675775527954 0.04387972876429558 
0.02021011710166931 0.5480539202690125 0.43173593282699585 
0.005516329314559698 0.12330062687397003 0.8711830973625183 
0.009450409561395645 0.277738481760025 0.7128110527992249 
