0.5993604
0.28590894
0.91867197
0.1499736
0.87217975
0.5709373
0.04839336
0.034555573
0.77968764
0.89972186
0.170561
0.8876071
0.115673
0.80499226
0.5029664
0.25582665
0.011829475
0.8860428
0.7655765
0.5155643
0.82312334
0.1410009
0.73175293
0.6885898
0.12046133
0.10913525
0.06845231
0.18021512
0.40408763
0.005280523
0.009796107
0.520176
0.22499
0.024764804
0.5061603
0.89669865
0.04604239
0.03939016
0.36673748
0.51200646
0.025733346
0.39040974
0.3074903
0.8066655
0.11893046
0.9573226
0.7779044
0.27363333
0.47103325
0.09421958
0.6873042
0.018418394
0.25000304
0.06641725
0.002411976
0.7478854
0.7466888
0.924451
0.01200609
0.007203774
0.6476798
0.9674344
0.28982797
0.47019717
0.92768925
0.0032169994
0.21619636
0.246184
0.8061329
0.42142567
0.45321897
0.6088641
0.95125854
0.06049088
0.97403336
0.59392744
0.0018838466
0.071992174
0.13369443
0.5816607
0.5583946
0.036678288
0.021318015
0.03460436
0.4880987
0.5888291
0.010263792
0.24987042
0.013898555
0.5761286
0.1581418
0.08947235
0.0845886
0.5330064
0.7630673
0.401207
0.8726311
0.73528224
0.6356825
0.11054068
0.90090865
0.47660908
0.21564665
0.08078735
0.27825823
0.040037118
0.7143096
0.24410453
0.066385806
0.012222393
0.9073888
0.21343511
0.20255882
0.16437261
0.5389406
0.071992174
0.103023134
0.8767073
0.00923068
0.7292758
0.7467975
0.008934021
0.08129409
0.019009873
0.0070549147
0.8817897
0.4444045
0.15433338
0.13730276
0.5479707
0.87101936
0.522144
0.7486664
0.20875283
0.42613164
0.77460843
0.83545667
0.0014511229
0.2650528
0.52691734
0.5166729
0.04385294
0.038394846
0.008083941
0.52948993
0.63810426
0.7850091
0.8096242
0.15613118
0.01096738
0.7795815
0.030025067
0.26529497
0.36419567
0.89506954
0.048650127
0.88984114
0.011567854
0.033179507
0.08883316
0.060114898
0.29985148
0.9418993
0.08521014
0.11058671
0.16978006
0.12637666
0.44613865
0.088679925
0.6063263
0.86535054
0.5936801
0.65322256
0.1763836
0.21833561
0.47709462
0.5927959
0.4688472
0.37786672
0.97582316
0.4803747
0.09270229
0.004860654
0.059235048
0.5527312
0.018587967
0.20187011
0.019346472
0.34491828
0.021999286
0.4733486
0.67502356
0.04109865
0.26115054
0.025824983
0.86609864
0.7444376
0.7241542
0.15232557
0.82040286
0.2703803
0.35483587
0.21960571
0.60514987
0.7090786
0.9014131
0.7965601
0.0023542633
0.025360437
0.5981031
0.008911522
0.1942812
0.41871476
0.59577185
0.16757031
0.911818
0.08633657
0.07618404
0.73482937
0.9384398
0.03422533
0.17301796
0.050103858
0.56089
0.77694213
0.269251
0.07422417
0.7043669
0.15264021
0.102216005
0.019382607
0.27825823
0.5260062
0.31177238
0.25305286
0.109053455
0.08883883
0.6465697
0.0946288
0.016210996
0.09263069
0.42016432
0.8919829
0.101363204
0.001208463
0.63422775
0.770129
0.050070174
0.8666189
0.2005164
0.010729486
0.09599721
0.0058975867
0.8242192
0.05392617
0.53348726
0.012881396
0.13958317
0.018155964
0.81751794
0.12462403
0.0064322166
0.78055793
0.1555103
0.27825823
0.95231366
0.07033187
0.2170072
0.0011217588
0.16992395
0.20931178
0.025120256
0.5252367
0.57641625
0.57946855
0.8430629
0.7269422
0.03952221
0.12546393
0.034262247
0.034180965
0.006423611
0.87830275
0.8499485
0.4137068
0.22695027
0.70121765
0.66332984
0.14429376
0.011340362
0.81528497
0.011538599
0.4440955
0.022792438
0.13560766
0.11165992
0.5046728
0.7321914
0.3449857
0.012081447
0.16567467
0.0072443397
0.931206
0.02441971
0.1964127
0.68236506
0.006071537
0.3949136
0.20882621
0.1692744
0.74616987
0.090959094
0.27723223
0.82518345
0.11626668
0.77274114
0.8213182
0.10111045
0.94222516
0.11276125
0.76726127
0.41696972
0.009321751
0.63370436
0.09432849
0.7560575
0.06962184
0.7614412
0.24590972
0.67729264
0.06953323
0.93453234
0.023217175
0.6880616
0.090299636
0.055086803
0.035571784
0.19301249
0.7913023
0.7069952
0.9192575
0.69811964
0.15635574
0.04053528
0.75313145
0.0059145037
0.22825423
0.48310477
0.02362056
0.45614854
0.011860164
0.6096334
0.15986466
0.4800177
0.47894335
0.39330322
0.5868598
0.9036829
0.9346524
0.5817379
0.005977299
0.9649733
0.19833934
0.79259956
0.000992193
0.40311363
0.7704231
0.5801985
0.93522656
0.06122542
0.75288
0.6011659
0.8469013
0.76204574
0.3432207
0.08740171
0.038394846
0.81193054
0.9324075
0.7285935
0.9607804
0.08129409
0.1411832
0.3978329
0.10659956
0.0932668
0.08129409
0.043958798
0.04079508
0.14720555
0.04247204
0.05840922
0.81015587
0.06001811
0.67774856
0.37200844
0.9684437
0.87506175
0.08129409
0.041990742
0.046341408
0.859053
0.01655822
0.020572416
0.066261835
0.038893875
0.04053383
0.01908596
0.07993828
0.19580944
0.60412586
0.011044086
0.011044086
0.7016634
0.9141209
0.54144484
0.85598993
0.027497357
0.011044086
0.7070887
0.00734254
0.16685878
0.31295022
0.038893875
0.04053383
0.020582438
0.011654921
0.20876367
0.4070437
0.95560396
0.12444972
0.46145508
0.68713427
0.6940041
0.8159794
0.03031968
0.94489586
0.06609015
0.3157344
0.8717909
0.09735879
0.923564
0.9251654
0.67185885
0.49187866
0.84155273
0.014644457
0.93824536
0.87460756
0.42615685
0.586483
0.01991974
0.010223953
0.67155015
0.82315856
0.08129409
0.68932784
0.09484136
0.2532459
0.8270207
0.85599273
0.30563387
0.16502704
0.5793019
0.39673585
0.7964566
0.44931036
0.027292319
0.079431534
0.9100618
0.043813284
0.24950448
0.5100897
0.84188145
0.22590299
0.205565
0.41614273
0.049525388
0.709004
0.036390435
0.025194185
0.49151644
0.58078474
0.12999247
0.31478173
0.4064293
0.6961096
0.054211006
0.67989224
0.30533668
0.18239743
0.44011772
0.03151778
0.49179187
0.08355107
0.63959754
0.08129409
0.8235002
0.011175803
0.23369826
0.6900401
0.95242274
0.59532833
0.24421841
0.085063346
0.19897525
0.9148081
0.41449672
0.4109965
0.36898202
0.021287644
0.8968646
0.10947622
0.8495772
0.091694355
0.061805576
0.77604264
0.27347815
0.8877124
0.458083
0.09463375
0.018951999
0.22450942
0.10604442
0.6155996
0.6255508
0.54460496
0.21000423
0.093603246
0.12411092
0.95326185
0.15960985
0.15960985
0.044228077
0.22304522
0.15960985
0.15960985
0.023698034
0.042464256
0.13965775
0.5481221
0.48112193
0.110702336
0.10881255
0.8093817
0.6179748
0.6847341
0.36744344
0.4723207
0.57296246
0.7103446
0.70626813
0.44998464
0.16282637
0.045232676
0.8230528
0.51328534
0.69102645
0.8376511
0.67108727
0.95559996
0.15486997
0.06749916
0.55668557
0.9320426
0.22450942
0.55196106
0.5454032
0.054516405
0.8915057
0.7352615
0.75820076
0.47376424
0.5540554
0.62201405
0.050101772
0.3162626
0.30703467
0.96016914
0.7454997
0.5194524
0.06039219
0.4858026
0.6363494
0.40285823
0.020280035
0.020280035
0.020280035
0.085052535
0.04026674
0.040830724
0.35358396
0.04026674
0.18161677
0.04026674
0.45307994
0.6340461
0.82857627
0.04026674
0.51287216
0.04026674
0.4101737
0.040830724
0.0812377
0.745573
0.27019995
0.9384718
0.04026674
0.040830724
0.21430777
0.44548723
0.10526963
0.54154575
0.025185868
0.871776
0.91782707
0.81422067
0.48092675
0.8813846
0.08009595
0.7880074
0.7317136
0.0071877986
0.16771072
0.9023651
0.6967281
0.9548956
0.6608221
0.80648965
0.08434869
0.021614073
0.5541444
0.6220442
0.8287326
0.77713794
0.6782373
0.15631495
0.05782901
0.027813217
0.025151815
0.9468783
0.19642696
0.43619576
0.14027907
0.025407717
0.60546714
0.93931615
0.44168967
0.720461
0.8329916
0.78961694
0.87217546
0.39081097
0.20115118
0.5777102
0.11230188
0.77703494
0.29463872
0.14728652
0.76316035
0.7949238
0.8804127
0.3038815
0.5062051
0.031398214
0.2791305
0.47136924
0.0070549147
0.49768895
0.60777724
0.05271312
0.46770573
0.6503765
0.032185245
0.583849
0.2798711
0.32964528
0.020505112
0.009296269
0.25956285
0.038394846
0.70391136
0.6627388
0.37014267
0.18661128
0.16766302
0.1904168
0.7569522
0.4214112
0.9305911
0.11895623
0.39096856
0.037602507
0.2786545
0.15206516
0.78239584
0.31334132
0.29789576
0.35933602
0.069005504
0.2220135
0.681374
0.18434381
0.6180906
0.014737715
0.17048268
0.661593
0.25239164
0.47135702
0.030323701
0.56035966
0.6746942
0.008434677
0.66009974
0.7545825
0.018531218
0.64669114
0.89402956
0.06899767
0.06051573
0.21201171
0.048558313
0.19917919
0.0027314376
0.6084806
0.33193216
0.001451414
0.84732497
0.20970188
0.675257
0.020115158
0.67472464
0.83007956
0.7460716
0.0048698937
0.26673985
0.5672953
0.07267944
0.14132014
0.045814037
0.48668084
0.12128557
0.37597817
0.6469054
0.5353013
0.9154463
0.0059848614
0.08022429
0.9110858
0.08392548
0.08392548
0.0073362472
0.03637191
0.011826349
0.018389272
0.0067826943
0.12386819
0.9545053
0.42470887
0.006007934
0.046622526
0.94177324
0.37654883
0.08269626
0.3220008
0.7432781
0.23112884
0.8249434
0.7683409
0.39979127
0.5275462
0.6812198
0.33821166
0.6010352
0.32400453
0.79430264
0.1563725
0.0522769
0.824608
0.039363082
0.22351079
0.7490971
0.7580489
0.1894516
0.7292521
0.31917164
0.5495595
0.4100281
0.83818746
0.17235208
0.919441
0.9033631
0.5003862
0.4186733
0.13515998
0.086874366
0.16025937
0.26232892
0.27869326
0.25582665
0.749206
0.51284635
0.8479702
0.05056109
0.5018143
0.035829004
0.011877854
0.55734384
0.23035713
0.96159405
0.8797962
0.15731187
0.00329697
0.094923496
0.14094602
0.11864314
0.12901287
0.89792526
0.068697795
0.87663007
0.30454227
0.93155336
0.85459596
0.21554147
0.68491465
0.41142157
0.17835951
0.03298593
0.7104045
0.70962936
0.56753206
0.5508529
0.7859006
0.2451091
0.8473336
0.07689344
0.38231125
0.25870407
0.36297804
0.8474048
0.8978073
0.9251393
0.35771525
0.23821588
0.80190897
0.9468116
0.59656173
0.81283504
0.93424946
0.6691496
0.29533812
0.7780447
0.099664204
0.04558795
0.88094246
0.54892015
0.8793385
0.83462423
0.066606164
0.028039193
0.20063055
0.8217592
0.5855472
0.23494045
0.5878481
0.1563725
0.040344194
0.50648487
0.62459946
0.0007350189
0.4282126
0.8366871
0.18328124
0.07284944
0.16562998
0.82843554
0.6733222
0.48260814
0.7736592
0.4070437
0.009254655
0.50550383
0.46871737
0.5822793
0.015625628
0.42571825
0.0070549147
0.9577428
0.5177645
0.7214462
0.7355967
0.008088237
0.7060188
0.8943596
0.4838315
0.014499718
0.014204579
0.695313
0.2740156
0.25484356
0.123412356
0.550535
0.15302163
0.088499606
0.038394846
0.041482925
0.9377839
0.68901384
0.9526149
0.85606784
0.08659072
0.7707849
0.011228661
0.7737972
0.26973444
0.8399976
0.054743927
0.24203883
0.95392644
0.26027793
0.0036971741
0.018383482
0.09498426
0.01099711
0.0019719705
0.8079429
0.18381378
0.07470506
0.29295316
0.77698445
0.09868715
0.59975624
0.030457156
0.010228365
0.19948986
0.9230862
0.7953114
0.16180639
0.16394688
0.07764135
0.019143831
0.2941572
0.8930597
0.5612592
0.84702253
0.74448246
0.29026827
0.36317605
0.062091086
0.28875273
0.020210117
0.0055163293
0.00945041
