0.018280068
0.06592044
0.0037303525
0.12616898
0.009988881
0.02601908
0.2636598
0.27848592
0.007161359
0.0054478175
0.030065555
0.0065800576
0.038740393
0.008748656
0.039012533
0.098057285
0.5694258
0.010447165
0.014865321
0.023904894
0.009046001
0.25965917
0.016008833
0.022503696
0.05198161
0.4420761
0.17470843
0.071395315
0.05132455
0.8703779
0.580139
0.031213682
0.0317305
0.07170374
0.020318957
0.0041318825
0.10471449
0.43610135
0.02910048
0.022582626
0.07523679
0.021375323
0.15261309
0.009381796
0.042727694
0.0023632161
0.010063033
0.0651027
0.05188584
0.11702775
0.01934525
0.41079432
0.094485305
0.11107419
0.9627859
0.0097538
0.009693939
0.0046781744
0.33898124
0.651275
0.028231183
0.0028240238
0.04244444
0.018674815
0.003946189
0.93009585
0.04357489
0.14120084
0.018109955
0.02788675
0.035635114
0.024235213
0.0032074938
0.1907257
0.0023711147
0.05340831
0.9725404
0.13065787
0.030229343
0.018917175
0.036173258
0.090770334
0.40313095
0.371697
0.03990217
0.013212448
0.88429576
0.06627527
0.6251229
0.024742033
0.050797917
0.042037528
0.03707773
0.028281773
0.017947746
0.07277267
0.009008579
0.009866026
0.019875739
0.04322332
0.005284468
0.04112148
0.033513334
0.043567855
0.02715144
0.38760614
0.01328674
0.085123256
0.04025675
0.7916293
0.00838383
0.0478411
0.054962233
0.03427488
0.02164599
0.13065787
0.07912224
0.008126738
0.7755616
0.020952817
0.019859629
0.73067445
0.06941878
0.3903873
0.676106
0.0075715412
0.036793616
0.028180024
0.030208748
0.022174953
0.007867367
0.013850638
0.012141849
0.029073259
0.050998513
0.0073377904
0.009915702
0.9741056
0.29122713
0.030397195
0.018565144
0.07820746
0.24274227
0.585574
0.03814692
0.026484424
0.010864422
0.009433443
0.044128817
0.8083555
0.011213593
0.6755525
0.06563839
0.047532022
0.0064645577
0.064933255
0.008065091
0.7895535
0.2117337
0.34443194
0.26996288
0.12499343
0.004832026
0.07999035
0.06887991
0.0385498
0.045236554
0.013771421
0.46527115
0.017418759
0.0061283414
0.023578715
0.023356972
0.06484444
0.22141838
0.021960823
0.016956026
0.035004023
0.029247168
0.0025432718
0.03055435
0.28437132
0.9117526
0.5098947
0.018431745
0.10609633
0.056010965
0.21021688
0.16469067
0.86218756
0.018596549
0.021454653
0.2150149
0.05547159
0.2946233
0.008650337
0.022876866
0.015121722
0.22620432
0.007265767
0.028546698
0.01595199
0.0293673
0.029846735
0.01182186
0.0048195818
0.013726301
0.9489297
0.1919495
0.014610644
0.8493068
0.045110572
0.013085836
0.009479551
0.03174511
0.0037943313
0.037921455
0.18010548
0.016791305
0.003366082
0.06389904
0.027517937
0.25001657
0.018854266
0.014897199
0.10959875
0.18299821
0.015883299
0.16874713
0.06996121
0.33036596
0.02715144
0.011237626
0.027673732
0.11080028
0.25272915
0.13347118
0.018339375
0.0685088
0.33820707
0.040922042
0.04353798
0.0043345345
0.06912466
0.9730506
0.018644633
0.007096391
0.22848052
0.01059563
0.03307346
0.42817315
0.06545199
0.8780083
0.01249213
0.18119375
0.017222147
0.60703725
0.17190026
0.4005198
0.0078900615
0.1290662
0.7930549
0.014067969
0.032590196
0.02715144
0.0032618078
0.5734307
0.038614888
0.9702678
0.2903408
0.10880022
0.09075837
0.035528593
0.024431594
0.021855686
0.009169234
0.010749955
0.33163452
0.14806774
0.47416613
0.43972066
0.62706983
0.0045294524
0.008721228
0.09906444
0.19553591
0.015895473
0.010831082
0.028196983
0.2837428
0.011200988
0.65329915
0.052407052
0.54785657
0.03962146
0.40048432
0.020496946
0.01732042
0.05074675
0.46317142
0.05092547
0.78280115
0.003210951
0.47401702
0.21102683
0.017960003
0.68354875
0.041715126
0.1592005
0.16615635
0.0056732832
0.15085521
0.034199182
0.014332449
0.23283023
0.008203647
0.0074230987
0.1816114
0.0032667343
0.26946235
0.011770013
0.02718852
0.7862034
0.024715245
0.13230689
0.012362331
0.4950542
0.010933859
0.054798417
0.03677074
0.060224306
0.0033878973
0.5017005
0.019194514
0.036317393
0.041913047
0.39926168
0.06878102
0.012434131
0.010783637
0.005036491
0.021567943
0.21351546
0.3858913
0.011496852
0.8760628
0.057498183
0.0236877
0.25342909
0.040341023
0.50245875
0.023536328
0.22774363
0.024578191
0.026021102
0.039907645
0.019144073
0.0055174
0.0035832317
0.014501485
0.9239547
0.0031382483
0.07264124
0.007977603
0.9770248
0.040820144
0.019242575
0.021368697
0.0028943631
0.08838701
0.009528261
0.023487544
0.0065643857
0.013449411
0.044698805
0.498198
0.24274227
0.006661234
0.006861857
0.026676245
0.0028197041
0.06941878
0.18908338
0.024671964
0.041787058
0.050388064
0.06941878
0.31583205
0.12750503
0.28664082
0.3508672
0.57419336
0.0081968615
0.30437568
0.016463082
0.033949535
0.0027796298
0.0071440074
0.06941878
0.19465375
0.21426135
0.00545104
0.39289546
0.24492203
0.07273167
0.036209896
0.035492852
0.105822295
0.06671141
0.18033949
0.034165815
0.5685104
0.5685104
0.023152092
0.0072653624
0.034051243
0.0056784186
0.24311306
0.5685104
0.0141019765
0.66782546
0.08143851
0.09194131
0.036209896
0.035492852
0.6410792
0.5645045
0.049586352
0.040305723
0.0028418067
0.12113527
0.021651193
0.010002555
0.01268064
0.005219146
0.25482792
0.0024679399
0.18389657
0.11983498
0.0083541395
0.33965126
0.0032880667
0.005646245
0.010026867
0.029152742
0.006422798
0.18819599
0.0026848281
0.0063793138
0.034432463
0.021769699
0.4200399
0.85195357
0.010565239
0.009382686
0.06941878
0.014012773
0.070195265
0.18070404
0.009338015
0.0071874578
0.051670283
0.041375447
0.049895696
0.017111007
0.010118564
0.08878239
0.37405774
0.30845994
0.0043984298
0.13079804
0.099774756
0.021924935
0.005669411
0.051355433
0.037794895
0.0258783
0.4100627
0.011011538
0.15474805
0.4396938
0.043612074
0.01728526
0.2558797
0.089888096
0.022909263
0.009697003
0.06542336
0.011785311
0.044663858
0.05515408
0.018630624
0.53180873
0.038341783
0.092483364
0.030006055
0.06941878
0.009924947
0.9075645
0.07387106
0.014669534
0.0026281776
0.02655227
0.05132116
0.071573146
0.2230747
0.004112626
0.08325411
0.016564874
0.032421537
0.4442332
0.0052335
0.13258463
0.008422401
0.06543212
0.578396
0.008075563
0.06463154
0.0048909113
0.028280487
0.18817586
0.7290061
0.049729772
0.18895441
0.01994708
0.018261312
0.033434223
0.036281623
0.18247029
0.36443996
0.003392779
0.06595446
0.06595446
0.36621687
0.06672745
0.06595446
0.06595446
0.4992999
0.3838239
0.06222274
0.029629188
0.03085182
0.05382656
0.05252327
0.008631218
0.025054561
0.012909669
0.020570096
0.021286631
0.04671195
0.0079723345
0.008355264
0.022087317
0.33542538
0.066614315
0.010824495
0.023910653
0.024362627
0.0070440215
0.01820669
0.0023666315
0.07664127
0.05405621
0.0331618
0.005581072
0.049729772
0.042372145
0.019098468
0.45064664
0.003907498
0.020490544
0.009002792
0.036119606
0.013972182
0.02195438
0.45716807
0.027940555
0.02888274
0.003037789
0.008301055
0.06904144
0.3335942
0.023027629
0.015439945
0.09539093
0.60155565
0.60155565
0.60155565
0.06157336
0.48800313
0.503385
0.08631596
0.48800313
0.31631845
0.48800313
0.056327168
0.019639593
0.0071889292
0.48800313
0.038040794
0.48800313
0.06412398
0.503385
0.35099626
0.013544771
0.034998916
0.003278052
0.48800313
0.503385
0.1330534
0.039273363
0.4694209
0.04223562
0.104371816
0.0062601585
0.0071111005
0.012023129
0.12705922
0.0058335187
0.31177416
0.010173274
0.009369005
0.69865674
0.030287066
0.0066294586
0.013796882
0.003932983
0.029790614
0.010260295
0.15019554
0.5243002
0.0164218
0.03148894
0.0063303965
0.0092252
0.019222818
0.061896954
0.17839874
0.33275825
0.34646788
0.003932218
0.031778555
0.04812155
0.28861693
0.05516906
0.030310985
0.0033342545
0.024037888
0.02014136
0.008489273
0.018410463
0.0037474073
0.07302821
0.048454285
0.01448304
0.067332365
0.009347265
0.035163406
0.23469906
0.009649688
0.007003269
0.006095274
0.06754012
0.024091167
0.48926893
0.025042832
0.023499366
0.676106
0.056765202
0.044078298
0.30804995
0.043933574
0.037145175
0.40241775
0.01414892
0.06262356
0.05571141
0.40760222
0.31351703
0.19049403
0.24274227
0.020703124
0.012110231
0.032444812
0.02726685
0.026692647
0.026725857
0.008561362
0.05140083
0.004087005
0.44756275
0.018813958
0.16450857
0.047004715
0.061733924
0.012725361
0.08030228
0.08000628
0.04426114
0.409165
0.2636871
0.016883982
0.06672426
0.01561449
0.5745504
0.1589406
0.016259316
0.03999634
0.02413619
0.37755492
0.024484048
0.018486636
0.6834046
0.029524792
0.013557953
0.09681824
0.026509732
0.00422025
0.42773554
0.46969885
0.021820042
0.29780668
0.04954653
0.9741077
0.023608033
0.03719497
0.6422771
0.007312908
0.03398863
0.05767498
0.12177688
0.0152153615
0.006981989
0.012565884
0.9178432
0.024774136
0.014445915
0.024714798
0.13416897
0.1378948
0.032446112
0.065147534
0.060994457
0.016747722
0.053065006
0.00362514
0.79604596
0.1595418
0.007070981
0.19437447
0.19437447
0.7561838
0.39857364
0.60618275
0.71053904
0.840708
0.056581497
0.0036421665
0.018446963
0.5143104
0.55595374
0.0026739612
0.05293595
0.1708235
0.054496497
0.015908947
0.069368504
0.008311869
0.011163919
0.05614335
0.020871524
0.022844894
0.040357757
0.024481062
0.04748789
0.013611815
0.10208419
0.25314435
0.007859068
0.13549261
0.18285947
0.007332737
0.016428892
0.14188643
0.014816238
0.08289964
0.021451788
0.06689745
0.0048074885
0.03459083
0.0058289315
0.006579136
0.045911927
0.043039884
0.07143877
0.046823367
0.116487026
0.050016325
0.25736055
0.098057285
0.009491312
0.031661674
0.0077498183
0.049766116
0.024496365
0.42751142
0.8278674
0.019818135
0.051787965
0.0019546486
0.004925664
0.18983196
0.89760405
0.35259354
0.22706711
0.02160099
0.1240306
0.005534286
0.048483975
0.0063349074
0.10881566
0.0053680884
0.0065119527
0.13025224
0.017429287
0.054367352
0.2567458
0.1635541
0.019084442
0.011744632
0.022464357
0.027708896
0.004832497
0.17496282
0.009352154
0.075199455
0.03115401
0.021369334
0.032547623
0.0082268035
0.0048109675
0.006609679
0.01812196
0.103406906
0.010804126
0.0026325877
0.023816334
0.008770062
0.0046012476
0.051410437
0.042234343
0.006613152
0.23916112
0.10361782
0.00705201
0.029142741
0.0048733936
0.00656721
0.15641761
0.042463537
0.03137242
0.013646905
0.01957646
0.04362265
0.023331977
0.10208419
0.074250296
0.024456492
0.02349134
0.97281986
0.018222788
0.0075287614
0.034206685
0.42106518
0.053658847
0.02399914
0.009796228
0.018110706
0.013336808
0.040305723
0.7488911
0.019177482
0.021315772
0.020255694
0.6844797
0.045202896
0.676106
0.0032634635
0.017343068
0.019796507
0.018984504
0.54225916
0.017181398
0.004325892
0.031617675
0.7338268
0.72086316
0.012905695
0.06507817
0.06537288
0.105143785
0.020099428
0.09456852
0.19883491
0.24274227
0.5810622
0.0032219496
0.012909342
0.00467165
0.0044533894
0.1819232
0.010587655
0.66960645
0.023952562
0.056935567
0.009056936
0.17905533
0.050324112
0.0042136577
0.06823926
0.679619
0.44123548
0.06956027
0.7903272
0.9577624
0.013600908
0.06530775
0.106583364
0.043814085
0.016421167
0.16362782
0.0223788
0.7015793
0.46246687
0.036998436
0.0067440975
0.013756985
0.030789342
0.026480546
0.11905753
0.36961225
0.032336768
0.004769375
0.029626785
0.007429789
0.021232879
0.1489878
0.114502
0.049211837
0.04387973
0.43173593
0.8711831
0.71281105
