0.023661977
0.21414512
0.15402198
0.06188013
0.009410147
0.05549887
0.80989313
0.056100592
0.014345509
0.9825455
0.26716304
0.010862498
0.005196025
0.056027055
0.056027055
0.0028399029
0.0027072479
0.01600741
0.1335159
0.06831621
0.01733362
0.06456473
0.07258637
0.010338496
0.011850958
0.06188013
0.122305915
0.26716304
0.03524501
0.045120075
0.008809793
0.20576641
0.056027055
0.056027055
0.015095465
0.003618031
0.12730141
0.1335159
0.005377633
0.016322505
0.06456473
0.01845038
0.26536205
0.04426685
0.06188013
0.04535038
0.12934934
0.0037914522
0.028611772
0.26716304
0.0184728
0.032355316
0.033107065
0.0197084
0.007226463
0.0041765654
0.056027055
0.039672866
0.056027055
0.049618058
0.046419885
0.056141697
0.06513686
0.003169013
0.008409251
0.008709953
0.06456473
0.08741073
0.029196618
0.08833447
0.13312195
0.06188013
0.43916255
0.0034696413
0.010184896
0.035085537
0.035085537
0.09411419
0.0044008936
0.26716304
0.26081845
0.20576641
0.056027055
0.16422513
0.056027055
0.017913392
0.06969174
0.056712594
0.04081246
0.021845307
0.8366629
0.0035728335
0.059184223
0.18881619
0.09580003
0.017219746
0.009818186
0.01567753
0.06456473
0.030073706
0.021274025
0.11012397
0.008335242
0.06188013
0.0961214
0.045824952
0.04045569
0.08001988
0.018888842
0.013393639
0.013393639
0.013393639
0.20576641
0.022824327
0.2575217
0.056027055
0.056027055
0.013949219
0.037584923
0.31489393
0.06262847
0.16967624
0.013713841
0.006072394
0.0052247248
0.027807072
0.18833043
0.012633608
0.0046383906
0.017603623
0.011168307
0.014215862
0.06034984
0.030760331
0.0381602
0.020678038
0.007991564
0.06456473
0.028793557
0.016143275
0.014822666
0.02687547
0.06188013
0.00487536
0.016562799
0.0036470457
0.078395694
0.025311591
0.06256112
0.08829988
0.013046751
0.04325839
0.005796887
0.0039317086
0.005313555
0.015244974
0.014642409
0.007798917
0.20576641
0.015439042
0.003299222
0.056027055
0.056027055
0.03630131
0.05048479
0.006491979
0.103817515
0.039952062
0.029185649
0.03738426
0.036693875
0.1572528
0.040915538
0.32655385
0.12151393
0.004661051
0.052229326
0.034696914
0.0071094963
0.0048975237
0.08966146
0.2623968
0.017613275
0.043484166
0.06188013
0.01195948
0.025737638
0.0067052706
0.015071035
0.00794409
0.076050125
0.9629101
0.012822487
0.0045308317
0.17597611
0.17172058
0.15754017
0.16311026
0.053877205
0.004779671
0.017661551
0.20576641
0.056027055
0.056027055
0.0064327004
0.051040176
0.06287331
0.008855603
0.026445962
0.006410355
0.010249739
0.027675504
0.72921515
0.06651828
0.014988479
0.011053428
0.010342074
0.017861625
0.008309098
0.06456473
0.005454152
0.0022836516
0.017926073
0.008890658
0.044931404
0.06188013
0.11018445
0.031497855
0.02835357
0.0044270246
0.044065293
0.005219711
0.018227767
0.035135202
0.009150029
0.025492378
0.002462115
0.0169676
0.20576641
0.007312799
0.056204256
0.056027055
0.056027055
0.022744387
0.0041864226
0.028956028
0.36141875
0.7194769
0.03537205
0.01229663
0.00922376
0.0145915495
0.008905394
0.0022828127
0.02689533
0.06456473
0.0044571827
0.0043160915
0.022957053
0.06188013
0.0071777957
0.11699956
0.11539761
0.04601357
0.017875543
0.0039019054
0.006437216
0.017567523
0.034571562
0.0038448349
0.004454468
0.08101622
0.037131354
0.010379976
0.010586083
0.016883822
0.056027055
0.027001312
0.0039293845
0.056027055
0.0065172873
0.056027055
0.0071777957
0.015086386
0.051220782
0.05706929
0.0045655067
0.006128205
0.2614536
0.15181035
0.03321427
0.0051099816
0.53836995
0.005349402
0.0034136348
0.006084414
0.010401319
0.023236873
0.03888391
0.0036466536
0.033526555
0.00827934
0.34403035
0.039631967
0.0106069865
0.018697014
0.06456473
0.08152759
0.023771057
0.24211541
0.02660719
0.018719826
0.012402461
0.034934435
0.01813294
0.027033063
0.03364401
0.097703524
0.02713886
0.0037147582
0.2022894
0.003694849
0.019778939
0.014715588
0.06188013
0.011076281
0.01849233
0.027648887
0.038601752
0.0050444314
0.023946205
0.04178686
0.009834549
0.021705275
0.0045517604
0.010564813
0.059659664
0.07707279
0.013697412
0.6199129
0.0330411
0.05884487
0.884008
0.17045046
0.0076770075
0.17209426
0.017215824
0.007895746
0.058184788
0.00851532
0.1378698
0.029375583
0.04578879
0.00732142
0.0024972265
0.025119485
0.004329202
0.067101106
0.5364592
0.020497605
0.0447807
0.04313704
0.017495302
0.016019447
0.01069343
0.056027055
0.056027055
0.024474198
0.056027055
0.009662842
0.013210672
0.048067503
0.013690676
0.03160949
0.07040476
0.100744866
0.19022505
0.058845047
0.021996075
0.004484486
0.4398655
0.006729527
0.008966677
0.020188043
0.020188043
0.018296236
0.020188043
0.35165888
0.41374853
0.0055038915
0.0123264585
0.0934819
0.18659188
0.05158392
0.010131164
0.020826079
0.006025542
0.01107809
0.13647668
0.0047849906
0.005941856
0.021906437
0.011532261
0.07492498
0.04147489
0.007398526
0.026111154
0.18373771
0.027410802
0.0052984525
0.008452638
0.02560649
0.026305275
0.002842869
0.06456473
0.008053913
0.004660913
0.0066698506
0.025804332
0.0115283225
0.012930889
0.20194294
0.014808691
0.07293773
0.041056
0.02382674
0.01399853
0.4979432
0.0031478142
0.0050404305
0.06188013
0.033949185
0.021216748
0.019764865
0.16920522
0.2195669
0.1716727
0.033938754
0.8480195
0.08819216
0.42148554
0.050161336
0.00884141
0.052418042
0.0061073136
0.0093712825
0.004622023
0.20576641
0.05040496
0.025879143
0.03249395
0.056027055
0.055590864
0.027854724
0.04006652
0.0042238906
0.037842486
0.025102293
0.39645475
0.028877635
0.0026396357
0.027301997
0.00667503
0.028609203
0.03857382
0.010527947
0.002711514
0.027587935
0.029964682
0.024832796
0.03227441
0.06456473
0.009191915
0.073396906
0.04609261
0.033460308
0.014641186
0.017392278
0.010514715
0.029688848
0.024965173
0.009708887
0.010505131
0.006233237
0.06019267
0.0049244394
0.012103721
0.013694729
0.0029761677
0.010335861
0.05747512
0.018242165
0.003871834
0.056027055
0.056027055
0.0023961924
0.0029761677
0.01583011
0.24787648
0.070136905
0.43111593
0.006482849
0.0057171118
0.0024066877
0.001833745
0.0022195259
0.027082315
0.013632065
0.00416973
0.0038695422
0.0038716216
0.06456473
0.04598712
0.013925384
0.004444874
0.012548375
0.06188013
0.07616379
0.0329092
0.22806309
0.11350963
0.037905075
0.051318806
0.0062933182
0.032178223
0.056027055
0.056027055
0.0073545477
0.0050213677
0.010254672
0.0054834723
0.43763375
0.06456473
0.06188013
0.016035294
0.012030158
0.066351034
0.036085993
0.02603289
0.013324454
0.20576641
0.056027055
0.056027055
0.08136299
0.05942689
0.004577007
0.027320936
0.19848554
0.06456473
0.06188013
0.009334703
0.0018975604
0.0066996966
0.010184495
0.27371776
0.058225103
0.20576641
0.056027055
0.056027055
0.006095974
0.00866706
0.013518192
0.03758672
0.0959896
0.06456473
0.012540024
0.06188013
0.2085165
0.6442765
0.0069244285
0.20576641
0.056027055
0.0075064185
0.056027055
0.056027055
0.0063706683
0.0021907005
0.06456473
0.014007495
0.003986142
0.06188013
0.007645135
0.008734209
0.39354652
0.056027055
0.056027055
0.57262665
0.0023715328
0.113857165
0.38530836
0.06456473
0.06188013
0.056368716
0.0037187855
0.006852583
0.056027055
0.056027055
0.0067443307
0.52256024
0.06456473
0.06188013
0.008836606
0.25763822
0.003056458
0.02691917
0.008946794
0.056027055
0.09868909
0.008946794
0.0038104085
0.056027055
0.757526
0.38530836
0.024144838
0.07958068
0.028962692
0.5217676
0.06456473
0.030839771
0.027061438
0.1409496
0.06188013
0.035401367
0.9626714
0.056027055
0.056027055
0.029243842
0.5054704
0.06456473
0.012713332
0.06188013
0.9009852
0.021042814
0.16141434
0.15212174
0.38530836
0.0033823675
0.0305739
0.20576641
0.012713332
0.056027055
0.056027055
0.036204576
0.038565777
0.06456473
0.05602503
0.06188013
0.09507296
0.15158966
0.29346198
0.056027055
0.056027055
0.008087801
0.076669894
0.38530836
0.022663893
0.06456473
0.07666386
0.06188013
0.18959324
0.013412374
0.012110167
0.20576641
0.056027055
0.056027055
0.031939935
0.0318669
0.06456473
0.030407494
0.019973716
0.06188013
0.53398246
0.056027055
0.056027055
0.38530836
0.17846936
0.0064756265
0.06456473
0.015833732
0.009370131
0.056027055
0.056027055
0.037725132
0.03527885
0.028127456
0.006836504
0.054617886
0.06456473
0.38530836
0.056027055
0.056027055
0.021938149
0.029756797
0.66599244
0.027874526
0.06456473
0.5348137
0.0032399932
0.07334173
0.06321103
0.16769288
0.04749463
0.011558829
0.038224783
0.056027055
0.056027055
0.0043220865
