0.0063296356
0.03467631
0.047199007
0.02785699
0.2853647
0.8108248
0.037232216
0.0471599
0.0100953
0.058467634
0.011695811
0.83553565
0.07961263
0.16914512
0.6684795
0.015395354
0.0026710895
0.010326349
0.009524674
0.026524842
0.027564956
0.04120565
0.33344388
0.1597387
0.0061679357
0.053647634
0.10624386
0.003136228
0.04732798
0.4348011
0.47038275
0.6918288
0.019780971
0.33792073
0.21955748
0.00880664
0.67579097
0.0076956525
0.28085312
0.13013864
0.14017655
0.0048067314
0.04903857
0.037235957
0.06214212
0.09083396
0.0047109434
0.7786647
0.36594734
0.0546554
0.005254213
0.028047984
0.87129223
0.009247195
0.10630452
0.66129285
0.69101685
0.15988578
0.082188986
0.012979206
0.07940385
0.015767874
0.016564514
0.1225409
0.012065399
0.62114954
0.020568425
0.035477024
0.04390626
0.18108211
0.29848987
0.29848987
0.27005258
0.07668578
0.033513334
0.0023790004
0.004550053
0.05386805
0.31715557
0.041178714
0.08103974
0.007331782
0.028752701
0.15385902
0.07558804
0.0069043147
0.055632174
0.030362451
0.009337262
0.9472981
0.009337262
0.004324946
0.0102658
0.017897585
0.5993251
0.7722258
0.81669235
0.03380017
0.079050906
0.079050906
0.066199854
0.079050906
0.07394216
0.079050906
0.066199854
0.07394216
0.079050906
0.07905448
0.07905448
0.009033299
0.77655995
0.36866713
0.046226736
0.01847506
0.93139756
0.003730028
0.03207429
0.5503495
0.9407543
0.08849283
0.080378935
0.00509706
0.08114383
0.037263744
0.009806865
0.014555643
0.01960517
0.45467553
0.061211083
0.26143625
0.49873412
0.10185547
0.9472981
0.8994236
0.84768313
0.5993251
0.6426759
0.7722258
0.0818585
0.77655995
0.95308506
0.7007203
0.06214212
0.36866713
0.53918153
0.93139756
0.46980807
0.045109197
0.0370245
0.9407543
0.80038965
0.014940171
0.044713676
0.017772587
0.010951828
0.004587576
0.10577855
0.10743221
0.04564796
0.017579265
0.034044154
0.03715558
0.0960427
0.09535864
0.05081093
0.024080126
0.025205683
0.16519105
0.9472981
0.88594794
0.03528203
0.84768313
0.76217633
0.65531236
0.93039966
0.5993251
0.03425353
0.7722258
0.6426759
0.9386437
0.539266
0.5991351
0.77655995
0.95308506
0.7007203
0.21613285
0.55790055
0.36866713
0.70138454
0.93139756
0.4461642
0.013667469
0.039914194
0.9407543
0.13282427
0.040507052
0.12580152
0.11859591
0.051515464
0.25069538
0.14822803
0.035245597
0.1092877
0.0113497805
0.046239164
0.03491361
0.019032374
0.029705295
0.03289056
0.019654982
0.018151991
0.1428897
0.01779513
0.13572742
0.9472981
0.88594794
0.041093614
0.04627765
0.84768313
0.65531236
0.93039966
0.5993251
0.6426759
0.7722258
0.005043522
0.0721957
0.9386437
0.0113497805
0.02956446
0.015767874
0.5991351
0.016564514
0.77655995
0.95308506
0.53918153
0.5517781
0.7007203
0.55790055
0.36866713
0.70138454
0.019366752
0.93139756
0.0050689797
0.050908346
0.9407543
0.014614504
0.1552848
0.024607781
0.10909503
0.035437312
0.045575753
0.12201798
0.010357309
0.03339929
0.04696006
0.31492975
0.020722182
0.021590356
0.036262963
0.012763429
0.02008274
0.10348218
0.9472981
0.88594794
0.0965532
0.1559012
0.07912224
0.012426769
0.84768313
0.65531236
0.93039966
0.035547957
0.5993251
0.05338581
0.44565845
0.7722258
0.6426759
0.058826312
0.9386437
0.2099161
0.14129926
0.10920376
0.5991351
0.03128694
0.19576715
0.77655995
0.95308506
0.53918153
0.7007203
0.55790055
0.36866713
0.70138454
0.021738432
0.07585685
0.03646147
0.93139756
0.12255567
0.06800808
0.9407543
0.044292904
0.05111854
0.022438096
0.05338363
0.010671416
0.0815156
0.022657037
0.23032613
0.030362451
0.6070426
0.03012358
0.24827163
0.035409477
0.017908301
0.013800974
0.4361619
0.042489614
0.019259455
0.005575797
0.06721439
0.050652258
0.034779266
0.0290804
0.018454708
0.034146078
0.4493738
0.012421739
0.9472981
0.88594794
0.84768313
0.65531236
0.08318052
0.93039966
0.5993251
0.032272767
0.019603126
0.6426759
0.7722258
0.012359488
0.048486684
0.06449776
0.9386437
0.5792708
0.1609559
0.22853012
0.5991351
0.77655995
0.95308506
0.7007203
0.55790055
0.36866713
0.70138454
0.02998636
0.08338682
0.044506073
0.93139756
0.06192896
0.03682728
0.9407543
0.03663788
0.06874368
0.02125709
0.053324334
0.011819195
0.05087866
0.07670153
0.26392
0.03211458
0.06429343
0.21872117
0.058439735
0.024785833
0.046361737
0.1166485
0.042593822
0.02223087
0.009875094
0.04802313
0.074994735
0.033916727
0.09692738
0.25470543
0.03246388
0.52487266
0.06214212
0.88594794
0.016518306
0.84768313
0.65531236
0.93039966
0.21064171
0.016660975
0.6426759
0.9386437
0.009276925
0.0033013504
0.03939819
0.020716205
0.7745678
0.013867354
0.5991351
0.048657816
0.95308506
0.53918153
0.7007203
0.55790055
0.70138454
0.09102487
0.03065672
0.045253813
0.03682081
0.07151426
0.099532716
0.02231657
0.021859327
0.055234186
0.053951018
0.077684864
0.35910088
0.085475616
0.033116136
0.060890857
0.098057285
0.025653765
0.054198626
0.09192127
0.011046165
0.020026986
0.030664036
0.11284101
0.04753646
0.018305035
0.0059246076
0.17214431
0.88594794
0.17620297
0.84768313
0.65531236
0.00402814
0.93039966
0.032392878
0.6426759
0.30423278
0.70138454
0.015600262
0.9386437
0.036320217
0.5991351
0.05922464
0.95308506
0.53918153
0.7007203
0.051499773
0.55790055
0.005775618
0.024080126
0.025205683
0.01797133
0.97636956
0.043423247
0.24920703
0.050316725
0.016828338
0.01770865
0.07058949
0.056986712
0.019237367
0.0461835
0.032860328
0.043825883
0.8037695
0.01972865
0.012199364
0.06554155
0.04737027
0.18560283
0.023954896
0.11387916
0.020129178
0.020129178
0.04204632
0.02223087
0.020129178
0.020129178
0.020129178
0.020129178
0.020129178
0.020129178
0.019677708
0.08512664
0.074994735
0.0323783
0.0061307335
0.015149183
0.1166485
0.046361737
0.08031491
0.06485878
0.09692738
0.21872117
0.010920813
0.05603853
0.033916727
0.039526947
0.076530755
0.058439735
0.011738499
0.024785833
0.048763957
0.02018353
0.018633287
0.025598904
0.16517067
0.18161668
0.0072276937
0.006302262
0.058145296
0.16395219
0.12906255
0.029789284
0.011763073
0.025365554
0.05479652
0.118113644
0.07173721
0.023261515
0.04362078
0.0049582906
0.30676645
0.035490394
0.067191355
0.04337815
0.050608974
0.3563314
0.04877371
0.06906629
0.008749146
0.059849836
0.029705295
0.03289056
0.04800494
0.29644546
0.3742562
0.019654982
0.9640301
0.029621191
0.018151991
0.0073521486
0.01779513
0.026524842
0.015141557
0.04627765
0.911062
0.5473046
0.0721957
0.0052727866
0.0113497805
0.015767874
0.016564514
0.0073646246
0.019063087
0.14697099
0.04891849
0.023299137
0.026900545
0.5587539
0.11384678
0.026039086
0.19800477
0.5758501
0.041217882
0.06295203
0.033184204
0.026524842
0.042889312
0.054836314
0.11899702
0.08359063
0.07004522
0.010888596
0.027307507
0.050831757
0.00989524
0.01842814
0.039700888
0.0674785
0.03339929
0.15474805
0.04696006
0.049407013
0.045269225
0.020722182
0.3985518
0.021590356
0.036262963
0.0044375355
0.012763429
0.39163265
0.22089112
0.071811765
0.043998085
0.055884946
0.021631366
0.026259985
0.058826312
0.06806411
0.030091234
0.10920376
0.19576715
0.3143783
0.031335182
0.021738432
0.28712133
0.03646147
0.07997895
0.07063709
0.005229403
0.06800808
0.044292904
0.5230998
0.022657037
0.026632855
0.034245335
0.035868365
0.012692535
0.035409477
0.0036900635
0.046331014
0.048840888
0.042489614
0.019259455
0.07307654
0.06721439
0.050652258
0.06667181
0.7916981
0.0290804
0.05155249
0.044695426
0.054719392
0.018454708
0.044195965
0.047950882
0.27862722
0.028860614
0.022929676
0.012421739
0.18040337
0.019245831
0.009223596
0.015570951
0.0036009683
0.8847659
0.01577904
0.025603179
0.025722353
0.027828775
0.019603126
0.012359488
0.048486684
0.061051004
0.02998636
0.022611784
0.0056426576
0.044506073
0.0055368915
0.010933793
0.03682728
0.08338682
0.0038839418
0.13065787
0.06874368
0.02125709
0.053324334
0.029039895
0.05268453
0.07670153
0.03211458
0.32671884
0.058439735
0.024785833
0.015128994
0.046361737
0.1166485
0.56522065
0.004883243
0.026491674
0.031043125
0.02223087
0.07428602
0.04802313
0.012923771
0.074994735
0.004234618
0.033916727
0.09692738
0.14521982
0.023006674
0.06214212
0.021816537
0.016660975
0.020716205
0.013867354
0.08023486
0.048657816
0.0019209854
0.040977072
0.03065672
0.055811625
0.045253813
0.010389221
0.03682081
0.06636751
0.07151426
0.021859327
0.055234186
0.027036669
0.053951018
0.077684864
0.024330966
0.033116136
0.022281712
0.0705058
0.11284101
0.08350515
0.04753646
0.011035162
0.09779639
0.17620297
0.03374654
0.06898522
0.032392878
0.011998718
0.036320217
0.05922464
0.048140015
0.051499773
0.3613904
0.09335103
0.024080126
0.003842976
0.03538539
0.025205683
0.027266232
0.014741278
0.0025572213
0.026443008
0.020466164
0.017497981
0.09275502
0.38215408
0.01797133
0.40037453
0.08311079
0.9259335
0.1209982
0.4756236
0.26272306
0.014550781
0.13200425
0.30047813
0.033005726
0.036252085
0.52010494
0.32948205
0.08123465
0.026611513
0.043423247
0.050316725
0.016828338
0.07058949
0.019237367
0.0461835
0.032860328
0.92491955
0.04689786
0.01972865
0.012199364
0.7910173
0.006246531
0.06554155
0.7910173
0.7910173
0.7910173
0.5776062
0.04737027
0.63753384
0.012130169
0.37656847
0.020112105
0.06214212
0.039951388
0.04802313
0.020938756
0.3371083
0.7430467
0.035958085
0.06421057
0.6057982
0.15071876
0.28626755
0.53649515
0.115865365
0.13400175
0.26769224
0.11750383
0.07389888
0.032164212
0.9068468
0.23016924
0.9068468
0.8809627
0.25169346
0.004566545
0.03517038
0.02223087
0.035423834
0.074994735
0.1166485
0.046361737
0.9109002
0.09692738
0.21872117
0.060152397
0.025132602
0.033916727
0.11802355
0.37251425
0.3867978
0.055023395
0.78800994
0.44775093
0.017352447
0.1159236
0.07389888
0.039526947
0.9068468
0.6823224
0.076530755
0.025209261
0.058439735
0.36548418
0.4780736
0.07115575
0.024785833
0.061584186
0.025598904
0.4290431
0.014469467
0.07151426
0.07563005
0.03682081
0.042285513
0.013867354
0.23016924
0.43820617
0.033116136
0.45158705
0.053951018
0.021859327
0.016518306
0.020716205
0.014091749
0.005128215
0.019562855
0.055234186
0.077684864
0.02696103
0.016660975
0.045253813
0.03065672
0.0806609
0.030686691
0.03157121
0.0069071935
0.03999634
0.048657816
0.11365263
0.11892725
0.05264782
0.9793453
0.022526193
0.2239216
0.7462876
0.10822067
0.0039362116
0.039103515
0.058145296
0.029789284
0.07759297
0.05479652
0.118113644
0.1130168
0.07173721
0.057940304
0.023261515
0.006327829
0.04362078
0.436677
0.035490394
0.067191355
0.027953306
0.6343886
0.04337815
0.050608974
0.04877371
0.80577195
0.06906629
0.007935898
0.1889816
0.0038787413
0.034502793
0.029705295
0.03289056
0.019654982
0.04161211
0.018151991
0.0032343178
0.01779513
0.04627765
0.034418836
0.6509864
0.0024857374
0.0023652855
0.36953273
0.01513872
0.0721957
0.27651492
0.0113497805
0.3944477
0.9713476
0.016564514
0.004357454
0.3171637
0.074624635
0.08517684
0.6172904
0.0070515485
0.011386588
0.026039086
0.19800477
0.26779878
0.06295203
0.033184204
0.004886125
0.013338699
0.013467789
0.054836314
0.11899702
0.47863287
0.051646955
0.23929372
0.581567
0.07004522
0.7684444
0.027307507
0.08130186
0.050831757
0.039700888
0.0674785
0.072972625
0.018279783
0.12318082
0.017697815
0.06956596
0.019365717
0.01280801
0.03548208
0.02867937
0.052824453
0.05173976
0.03182048
0.045575753
0.9114557
0.017111007
0.10908769
0.03339929
0.0039843125
0.73907983
0.038255822
0.039888162
0.04696006
0.26501748
0.29678035
0.05135024
0.5279249
0.020722182
0.021590356
0.036262963
0.43321082
0.7383353
0.012763429
0.09232445
0.07818848
0.89471996
0.040305723
0.009472999
0.80628145
0.005550992
0.035245597
0.17796011
