0.08483284
0.21969113
0.550615
0.83207256
0.24763784
0.7911139
0.58593684
0.35965395
0.4526941
0.09712529
0.5614415
0.08765436
0.1594466
0.28193572
0.3314915
0.8961313
0.37541565
0.5392547
0.3080343
0.505403
0.615598
0.050558608
0.629633
0.7953092
0.87668467
0.5614415
0.05605864
0.5769557
0.659572
0.30596724
0.16358788
0.25257108
0.5649715
0.29322404
0.13119349
0.100792766
0.8431169
0.53025717
0.6253042
0.24383385
0.5614415
0.8244128
0.32133996
0.8283714
0.748482
0.12528951
0.2953088
0.41809532
0.34302643
0.85626
0.78775954
0.57908493
0.7641691
0.12522936
0.62538594
0.07083994
0.22568542
0.05771387
0.68342304
0.40423745
0.51840705
0.5614415
0.5326926
0.78958726
0.40390518
0.550615
0.5209407
0.29904377
0.363268
0.086248465
0.582889
0.5592341
0.5592341
0.29904377
0.8504097
0.390542
0.44175836
0.550615
0.5614415
0.4476462
0.72675484
0.32840252
0.8467232
0.93005097
0.5220946
0.13517809
0.8664376
0.5830229
0.43576014
0.53177893
0.34570193
0.66995806
0.5614415
0.10319572
0.27680436
0.028367544
0.48897895
0.12204173
0.13573699
0.5987808
0.32425928
0.5909488
0.513847
0.46621624
0.37910807
0.40201154
0.39206067
0.78142303
0.08122379
0.025281673
0.0577314
0.7823797
0.14779533
0.09893064
0.6225029
0.38491613
0.5614415
0.038078826
0.8622377
0.024464225
0.8147967
0.33795953
0.54725987
0.117204174
0.49139234
0.45907798
0.8012268
0.39444333
0.29986644
0.115236595
0.3945318
0.5869302
0.15747297
0.5614415
0.05447901
0.1396421
0.6741677
0.49488276
0.7345562
0.7345562
0.15344298
0.32938203
0.4034668
0.20375885
0.3815823
0.6586061
0.5614415
0.87131387
0.53060603
0.5755216
0.33746707
0.48754448
0.14908959
0.16324946
0.3001178
0.62211406
0.09747281
0.15273817
0.19604269
0.45907798
0.06295593
0.4570592
0.7642979
0.5614415
0.1445382
0.13684477
0.11059249
0.05358495
0.5869302
0.79130363
0.3653885
0.14757435
0.75763375
0.5807583
0.26563558
0.38432762
0.5987808
0.10571949
0.46621624
0.08392972
0.18097015
0.22260594
0.083488286
0.5367696
0.45125562
0.36871877
0.5614415
0.29368824
0.2171896
0.2249304
0.20436276
0.2915245
0.3364724
0.550615
0.48062524
0.054957084
0.690601
0.75245947
0.2270741
0.66842574
0.5614415
0.78420275
0.54725987
0.102554925
0.34365985
0.14178295
0.3859567
0.8454534
0.8279086
0.25559705
0.27307633
0.3039679
0.79675806
0.36709207
0.19885767
0.20331715
0.13507628
0.4314801
0.5614415
0.17022249
0.80674386
0.14219368
0.60774416
0.53060603
0.15377162
0.799297
0.8999399
0.74871373
0.37269297
0.8847651
0.7726408
0.5987808
0.46621624
0.3169292
0.5061584
0.5614415
0.34932894
0.6390055
0.7191219
0.45058072
0.54095984
0.31335697
0.09233269
0.33728987
0.5824162
0.027132759
0.85581464
0.5313643
0.15646753
0.5177974
0.62977606
0.62977606
0.6860354
0.2516026
0.56059206
0.5614415
0.68451613
0.47141856
0.6303552
0.6448015
0.8698589
