0.9707437
0.21931353
0.93148774
0.010696186
0.07804744
0.007149578
0.028124897
0.031427167
0.007149578
0.5604255
0.022056725
0.090996064
0.017082836
0.0058445656
0.042099547
0.21838506
0.0045417137
0.032493506
0.0059524965
0.0059524965
0.026723726
0.21931353
0.38994274
0.007149578
0.020963855
0.019357985
0.5289759
0.13789059
0.15328269
0.026012246
0.09002906
0.045122437
0.17651609
0.011640459
0.3594167
0.0187748
0.0035622565
0.03883741
0.21931353
0.017288348
0.009003953
0.012407843
0.007149578
0.41888285
0.024675526
0.03476111
0.77398527
0.39897454
0.07526408
0.03305368
0.0025359357
0.035779435
0.019195182
0.013140514
0.06845903
0.32272583
0.11153199
0.063144036
0.059749603
0.004181773
0.0333099
0.21931353
0.09266918
0.006631486
0.033513334
0.007149578
0.19341786
0.021530267
0.005310732
0.04237263
0.024458662
0.553795
0.051168814
0.03721578
0.21931353
0.025641985
0.34113982
0.14444105
0.08764672
0.0065338966
0.24107982
0.063582115
0.86659217
0.06526916
0.030800587
0.016780939
0.08568831
0.2128643
0.024285821
0.38250878
0.022555068
0.022555068
0.022555068
0.52374387
0.028615514
0.047498077
0.029463546
0.73773587
0.014216202
0.022756118
0.5724613
0.08063598
0.0022628717
0.009623361
0.01882891
0.016300013
0.0064393887
0.5891787
0.21931353
0.24005209
0.07314544
0.005552517
0.026712066
0.029948322
0.017596062
0.06850284
0.007149578
0.007149578
0.007149578
0.024343751
0.023670934
0.15567227
0.14824376
0.022200933
0.026376298
0.026376298
0.03693842
0.030599592
0.019018373
0.010742897
0.14479667
0.07949605
0.07824566
0.006618823
0.073546305
0.013698005
0.07270938
0.013289306
0.034774914
0.009493275
0.47126663
0.1190071
0.0032132578
0.21931353
0.006840763
0.053604476
0.007149578
0.05617256
0.013498013
0.15495189
0.07096847
0.006303019
0.030517865
0.03420917
0.24680799
0.120742
0.02108496
0.018037293
0.03216491
0.03660001
0.013742436
0.674346
0.04939635
0.0031163017
0.088762514
0.011207799
0.0052681407
0.013138103
0.020635204
0.008424601
0.11722786
0.08548763
0.012448285
0.0035130314
0.0035130314
0.0035130314
0.0053779893
0.21931353
0.035359293
0.061876174
0.8431711
0.26873606
0.007149578
0.1389859
0.01028187
0.042810068
0.24274227
0.086419836
0.022104014
0.07253555
0.9291885
0.24050403
0.04422447
0.010005049
0.07784209
0.014376089
0.018238112
0.113379054
0.14759882
0.21931353
0.039114952
0.27817097
0.007103773
0.006036512
0.5704494
0.007149578
0.81207633
0.024864983
0.2573735
0.03572304
0.42328757
0.01752166
0.15662116
0.14427808
0.007641149
0.008606188
0.024940785
0.007149578
0.107144386
0.09903399
0.040156428
0.0130498
0.11092987
0.08020314
0.72593856
0.003954157
0.0030846416
0.025572248
0.00953693
0.14234972
0.022203365
0.21931353
0.025191888
0.036116146
0.038303636
0.22328381
0.01455592
0.002047262
0.09196016
0.033637922
0.77552605
0.006763236
0.77520216
0.027081762
0.032847084
0.023578616
0.93889266
0.007149578
0.0070318067
0.036183402
0.03557946
0.03557946
0.03557946
0.036183402
0.020332623
0.009699846
0.10757669
0.01922033
0.37450093
0.06729932
0.93710446
0.009412732
0.032196935
0.007941593
0.07733183
0.004068133
0.35874274
0.012107463
0.0058010574
0.051202524
0.00566826
0.21931353
0.004404898
0.04383729
0.026398659
0.79699165
0.5681933
0.0071402686
0.78742063
0.0124073
0.017446969
0.2824893
0.10881397
0.007815583
0.3454977
0.27509072
0.27472514
0.016182672
0.04452514
0.03563189
0.026247831
0.019104397
0.020088766
0.007940053
0.2953566
0.040130835
0.12983128
0.09013458
0.0067067146
0.056804158
0.012885663
0.013686953
0.021043224
0.004710086
0.008656214
0.01720749
0.055851273
0.004287448
0.08081824
0.9191179
0.019429544
0.2633167
0.007415959
0.034452416
0.009622641
0.011598162
0.05974946
0.043522928
0.21931353
0.027116684
0.010516099
0.018001173
0.07383152
0.070971906
0.04623215
0.012390487
0.013033816
0.004517635
0.03557946
0.036951404
0.03370022
0.016270429
0.92008626
0.0054450557
0.0068277707
0.07323268
0.034955315
0.059366703
0.040445685
0.013912626
0.011393783
0.06427204
0.31458727
0.11962317
0.037359737
0.0815775
0.18844128
0.031928286
0.005362583
0.076573245
0.8366036
0.025120383
0.14044654
0.94810945
0.009122262
0.012822611
0.042070337
0.090757735
0.007149578
0.02516483
0.007149578
0.022719687
0.0035599533
0.020778025
0.07225925
0.21931353
0.5844487
0.007595854
0.01366371
0.065766215
0.32408112
0.0042920494
0.0039048877
0.038346443
0.037530825
0.0135136135
0.83714515
0.47902194
0.05658115
0.014815149
0.0034577192
0.006956937
0.008381209
0.06741335
0.10855787
0.125997
0.013162893
0.012217226
0.020002399
0.0061396044
0.06540097
0.43040684
0.75918365
0.039636046
0.029019933
0.014749262
0.011089796
0.029311672
0.71891874
0.0088683665
0.0066166474
0.022508409
0.008818597
0.043184187
0.06027297
0.010579688
0.0263475
0.072122805
0.005049737
0.017204875
0.04951726
0.07398099
0.041568134
0.041581113
0.012170497
0.03317877
0.056566972
0.06519176
0.069452
0.5635882
0.05392773
0.026690716
0.0826254
0.029872045
0.021043224
0.042395454
0.0065579633
0.023088723
0.010990461
0.008552088
0.17103778
0.008187541
0.010314422
0.0057055606
0.21931353
0.017569605
0.13798445
0.0040199873
0.9630213
0.3988291
0.011197308
0.015788602
0.014200173
0.007149578
0.041427236
0.007241399
0.0043643075
0.078167036
0.5591802
0.3594742
0.005642406
0.060521964
0.0048840167
0.005926163
0.21931353
0.03439244
0.0057507334
0.02608515
0.15474805
0.07124672
0.27108657
0.16090056
0.02972769
0.055432487
0.6656101
0.24274227
0.1761202
0.9316313
0.009751949
0.016828941
0.040339567
0.1997956
0.008973209
0.21931353
0.01961408
0.025782265
0.02794302
0.048635773
0.87770504
0.5151143
0.009820919
0.007149578
0.046405215
0.48136047
0.15532756
0.22189608
0.03822919
0.082772195
0.004327845
0.004612711
0.21931353
0.18152286
0.007291988
0.12909818
0.053542886
0.9395554
0.0547782
0.051468536
0.014056208
0.8269547
0.00960717
0.056854382
0.0054977885
0.040199287
0.018559536
0.01688053
0.042631645
0.007690122
0.21931353
0.013696627
0.36501962
0.060596038
0.022205917
0.006817196
0.04596411
0.4800305
0.029323002
0.37242794
0.14042291
0.022933537
0.09086097
0.00883917
0.0030535937
0.0053504906
0.024286846
0.08277596
0.035716068
0.89696294
0.21931353
0.347009
0.16135585
0.008606053
0.64917237
0.05492217
0.4353285
0.06186432
0.025456868
0.94494826
0.02558854
0.27160636
0.02632552
0.015904475
0.19700716
0.093859844
0.007149578
0.019234855
0.21931353
0.42902458
0.006333901
0.006700817
0.62952346
0.028834827
0.02288651
0.20665391
0.02701321
0.10797842
0.03999634
0.77002925
0.72597504
0.17585063
0.17585063
0.9494131
0.02794302
0.13524322
0.11134753
0.03881429
0.11225404
0.64030826
0.2506124
0.07165456
0.17127939
0.079941854
0.04274802
0.19499141
0.21931353
0.0064036264
0.030222867
0.7511591
0.32381555
0.06169822
0.13261235
0.0081728315
0.39162683
0.19370444
0.007983589
0.23301002
0.16415386
0.0050670183
0.015218418
0.06431647
0.012954623
0.21931353
0.055959202
0.06910547
0.7579337
0.024459051
0.011108143
0.024774136
0.24274227
0.2457181
0.0046555195
0.0418947
0.032441612
0.0141531415
0.049300633
0.095893815
0.23714134
0.015156642
0.015276167
0.21931353
0.0066782967
0.0066782967
0.0061578364
0.05169527
0.020952633
0.09268106
0.08601221
0.04018307
0.007257013
0.5311068
0.11016429
0.79535836
0.0185298
0.0030589353
0.029236436
0.02676637
0.012324182
0.01183571
0.0039289403
0.22636454
0.0042048143
0.00794925
0.0665431
0.0031305668
0.12167235
0.21931353
0.45775074
0.92645437
0.1823036
0.00514647
0.0026569904
0.003583503
0.43439868
0.00582662
0.015611375
0.16696316
0.018442133
0.011833356
0.07832193
0.026746739
0.021080475
0.97613573
0.009764717
0.4136676
0.026746739
0.0037975882
0.032225672
0.010989105
0.90200627
0.023111172
0.29161623
0.0123132635
0.75628555
0.9801087
0.21931353
0.018628055
0.038200807
0.041705396
0.11620706
0.08008854
0.61926925
0.5973662
0.090996064
0.044633094
0.21931353
0.008139976
0.22251846
0.32078427
0.08024591
0.24266095
0.73864585
0.04573482
0.18909198
0.019968957
0.08410226
0.0025047606
0.01807812
0.015119495
0.0072439406
0.9225281
0.020268116
0.033185307
0.21931353
0.007149578
0.65956205
0.039134063
0.0071530575
0.007149578
0.004743522
0.9353327
0.057933453
0.015897818
0.03662455
0.13288963
