(QUERY): 'ISLAM' '09'
Negative Neutral Positive
0.7611449360847473 0.2317572832107544 0.007097810972481966 
0.13759683072566986 0.6751330494880676 0.18727004528045654 
0.8571286797523499 0.13503704965114594 0.007834289222955704 
0.7289767861366272 0.2589242160320282 0.012098979204893112 
0.8471076488494873 0.1408703774213791 0.012021933682262897 
0.09406306594610214 0.5312730669975281 0.3746638894081116 
0.5857959389686584 0.37183210253715515 0.042371977120637894 
0.8849987983703613 0.10993773490190506 0.005063463002443314 
0.007054914720356464 0.3168390691280365 0.6761059761047363 
0.2533620595932007 0.6099803447723389 0.13665759563446045 
0.9125756621360779 0.08069703727960587 0.00672730291262269 
0.1680872142314911 0.750806450843811 0.08110638707876205 
0.722420871257782 0.2590274214744568 0.018551751971244812 
0.03839484602212906 0.7188628911972046 0.24274227023124695 
0.2271742820739746 0.6594909429550171 0.11333474516868591 
0.005500198341906071 0.3521926701068878 0.6423071622848511 
0.009359670802950859 0.5190322995185852 0.47160807251930237 
0.44802218675613403 0.44345298409461975 0.10852477699518204 
0.3362424373626709 0.626974880695343 0.03678270801901817 
0.014465078711509705 0.7359883785247803 0.24954652786254883 
0.833817183971405 0.16023027896881104 0.00595249654725194 
0.38822615146636963 0.5795623660087585 0.032211557030677795 
0.11617129296064377 0.7983586192131042 0.08547006547451019 
0.0694580227136612 0.8100141882896423 0.12052778154611588 
0.015563949942588806 0.5190362334251404 0.46539977192878723 
0.5699061155319214 0.38328811526298523 0.04680577665567398 
0.1409466713666916 0.798694908618927 0.06035841256380081 
0.1794111728668213 0.7653303742408752 0.055258434265851974 
0.14699232578277588 0.7904229164123535 0.06258472055196762 
0.14945964515209198 0.7922241687774658 0.05831625685095787 
0.11464080959558487 0.8455066680908203 0.039852574467659 
0.017507635056972504 0.4380636215209961 0.5444287061691284 
0.17377790808677673 0.7545645236968994 0.07165754586458206 
0.4824855625629425 0.4748058319091797 0.042708586901426315 
0.30977964401245117 0.6498776078224182 0.04034274071455002 
0.6383367776870728 0.3464513123035431 0.015212017111480236 
0.17499299347400665 0.7364968061447144 0.0885101780295372 
0.17499299347400665 0.7364968061447144 0.0885101780295372 
0.17499299347400665 0.7364968061447144 0.0885101780295372 
0.1889442652463913 0.7239345908164978 0.08712116628885269 
0.1889442652463913 0.7239345908164978 0.08712116628885269 
0.1889442652463913 0.7239345908164978 0.08712116628885269 
0.1889442652463913 0.7239345908164978 0.08712116628885269 
0.1889442652463913 0.7239345908164978 0.08712116628885269 
0.1889442652463913 0.7239345908164978 0.08712116628885269 
0.17499299347400665 0.7364968061447144 0.0885101780295372 
0.018323194235563278 0.7087576985359192 0.2729191184043884 
0.772998034954071 0.2071235179901123 0.019878476858139038 
0.8982447385787964 0.09569494426250458 0.006060391198843718 
0.6802834868431091 0.30624401569366455 0.013472534716129303 
0.5153700709342957 0.45447495579719543 0.030154962092638016 
0.18010930716991425 0.6840781569480896 0.13581249117851257 
0.7042093873023987 0.2692657709121704 0.026524841785430908 
0.17499299347400665 0.7364968061447144 0.0885101780295372 
0.1889442652463913 0.7239345908164978 0.08712116628885269 
0.1889442652463913 0.7239345908164978 0.08712116628885269 
0.1889442652463913 0.7239345908164978 0.08712116628885269 
0.17499299347400665 0.7364968061447144 0.0885101780295372 
0.07222926616668701 0.6844075918197632 0.24336309731006622 
0.010906485840678215 0.23853173851966858 0.7505617737770081 
0.2750145494937897 0.6897398233413696 0.03524559736251831 
0.16701017320156097 0.7266720533370972 0.10631770640611649 
0.17499299347400665 0.7364968061447144 0.0885101780295372 
0.1889442652463913 0.7239345908164978 0.08712116628885269 
0.17499299347400665 0.7364968061447144 0.0885101780295372 
0.6880885362625122 0.2881532311439514 0.023758258670568466 
0.19681105017662048 0.7206030488014221 0.08258584141731262 
0.1889442652463913 0.7239345908164978 0.08712116628885269 
0.7042093873023987 0.2692657709121704 0.026524841785430908 
0.3654918968677521 0.5893871188163757 0.045120932161808014 
0.7007964253425598 0.2839885354042053 0.015215053223073483 
0.4482938051223755 0.49274176359176636 0.058964528143405914 
0.7042093873023987 0.2692657709121704 0.026524841785430908 
0.02373456209897995 0.9080464243888855 0.06821902096271515 
0.19501732289791107 0.7397575974464417 0.06522510200738907 
0.03413395583629608 0.40163454413414 0.5642315149307251 
0.30061182379722595 0.6433002352714539 0.05608789622783661 
0.25418102741241455 0.6754447817802429 0.07037417590618134 
0.015058144927024841 0.5815883874893188 0.40335342288017273 
0.6779295206069946 0.311855286359787 0.0102151557803154 
0.7042093873023987 0.2692657709121704 0.026524841785430908 
0.6515780687332153 0.3319943845272064 0.0164275374263525 
0.5723377466201782 0.40377727150917053 0.023884959518909454 
0.09921292960643768 0.8467118740081787 0.05407525599002838 
0.7042093873023987 0.2692657709121704 0.026524841785430908 
0.7824598550796509 0.20648136734962463 0.01105880830436945 
0.8095397353172302 0.18377840518951416 0.006681833881884813 
0.15965025126934052 0.8035023808479309 0.036847371608018875 
0.1659388542175293 0.7972179651260376 0.03684314340353012 
0.6116607785224915 0.36603784561157227 0.022301392629742622 
0.29008474946022034 0.6563913822174072 0.05352385342121124 
0.1198100596666336 0.8231434226036072 0.057046469300985336 
0.7804520130157471 0.21113687753677368 0.008411138318479061 
0.8961882591247559 0.09855210036039352 0.005259612575173378 
0.8674520254135132 0.1284884512424469 0.0040594893507659435 
0.31988728046417236 0.6469088792800903 0.03320379927754402 
0.20739956200122833 0.7032705545425415 0.08932981640100479 
0.7502672076225281 0.24106451869010925 0.008668212220072746 
0.0032465322874486446 0.07012920081615448 0.9266242384910583 
0.0034497848246246576 0.06563929468393326 0.9309109449386597 
0.05102653056383133 0.8533657193183899 0.09560776501893997 
0.7724179625511169 0.2199331521987915 0.007648914586752653 
0.25073450803756714 0.7161494493484497 0.03311603143811226 
0.018323194235563278 0.7087576985359192 0.2729191184043884 
0.492701917886734 0.44614195823669434 0.06115611642599106 
0.7042093873023987 0.2692657709121704 0.026524841785430908 
0.17499299347400665 0.7364968061447144 0.0885101780295372 
0.17499299347400665 0.7364968061447144 0.0885101780295372 
0.17499299347400665 0.7364968061447144 0.0885101780295372 
0.1889442652463913 0.7239345908164978 0.08712116628885269 
0.1889442652463913 0.7239345908164978 0.08712116628885269 
0.17499299347400665 0.7364968061447144 0.0885101780295372 
0.17499299347400665 0.7364968061447144 0.0885101780295372 
0.17499299347400665 0.7364968061447144 0.0885101780295372 
0.17499299347400665 0.7364968061447144 0.0885101780295372 
0.17499299347400665 0.7364968061447144 0.0885101780295372 
0.17499299347400665 0.7364968061447144 0.0885101780295372 
0.17499299347400665 0.7364968061447144 0.0885101780295372 
0.1889442652463913 0.7239345908164978 0.08712116628885269 
0.17499299347400665 0.7364968061447144 0.0885101780295372 
0.8042349219322205 0.18537864089012146 0.010386417619884014 
0.9481421709060669 0.049538154155015945 0.0023196288384497166 
0.43376582860946655 0.5339707136154175 0.032263483852148056 
0.17499299347400665 0.7364968061447144 0.0885101780295372 
0.17499299347400665 0.7364968061447144 0.0885101780295372 
0.34359365701675415 0.5795707702636719 0.0768355280160904 
0.7042093873023987 0.2692657709121704 0.026524841785430908 
0.8330337405204773 0.15800020098686218 0.008966036140918732 
0.8589877486228943 0.13343597948551178 0.007576347794383764 
0.014440877363085747 0.6407468914985657 0.3448122441768646 
0.013823636807501316 0.6420350670814514 0.3441413342952728 
0.487501323223114 0.4786427915096283 0.03385582193732262 
0.824051022529602 0.16965332627296448 0.006295657251030207 
0.656671404838562 0.3266488313674927 0.016679802909493446 
0.25576528906822205 0.688499927520752 0.0557347871363163 
0.49976760149002075 0.45390573143959045 0.046326614916324615 
0.8147019743919373 0.17692071199417114 0.008377360180020332 
0.6245141625404358 0.35269200801849365 0.0227938462048769 
0.7042093873023987 0.2692657709121704 0.026524841785430908 
0.45204636454582214 0.5011656284332275 0.04678799957036972 
0.7313024401664734 0.25507649779319763 0.013621019199490547 
0.0025783583987504244 0.0914406031370163 0.9059810638427734 
0.7429718971252441 0.24402716755867004 0.01300097443163395 
0.05345062166452408 0.8172070980072021 0.12934231758117676 
0.16717055439949036 0.7615196704864502 0.07130979001522064 
0.24248570203781128 0.7283272743225098 0.029186956584453583 
0.9153504371643066 0.07940185815095901 0.005247719585895538 
0.7042093873023987 0.2692657709121704 0.026524841785430908 
0.07982289791107178 0.8367689847946167 0.08340822160243988 
0.7875357270240784 0.20319682359695435 0.00926747266203165 
0.11893045902252197 0.8383418917655945 0.042727693915367126 
0.018323194235563278 0.7087576985359192 0.2729191184043884 
0.4392566382884979 0.5274815559387207 0.033261753618717194 
0.8687254786491394 0.1254025399684906 0.005871983245015144 
0.12068123370409012 0.7716648578643799 0.1076538935303688 
0.7657384872436523 0.22026973962783813 0.013991804793477058 
0.010300932452082634 0.5832905173301697 0.4064085781574249 
0.010494530200958252 0.6007654666900635 0.38874009251594543 
0.1299888640642166 0.8310143351554871 0.03899678960442543 
0.12135346233844757 0.6658079028129578 0.21283863484859467 
0.22050511837005615 0.6534163951873779 0.12607848644256592 
0.8817407488822937 0.11059573292732239 0.007663457188755274 
0.7989171147346497 0.19377824664115906 0.007304678205400705 
0.6223123073577881 0.3541010022163391 0.02358662337064743 
0.2156466543674469 0.7508400082588196 0.03351333364844322 
0.18871240317821503 0.7676340937614441 0.04365348443388939 
0.8230289220809937 0.17051230370998383 0.006458712741732597 
0.9674098491668701 0.03067586198449135 0.001914303284138441 
0.8923681974411011 0.10308781266212463 0.004543973132967949 
0.08099813014268875 0.8102965354919434 0.10870532691478729 
0.16156254708766937 0.7350987195968628 0.10333877056837082 
0.013440603390336037 0.11051630973815918 0.8760430216789246 
0.08391854912042618 0.7348889708518982 0.18119244277477264 
0.821129560470581 0.17212866246700287 0.006741730496287346 
0.042620353400707245 0.8539416790008545 0.10343793779611588 
0.056805320084095 0.7406234741210938 0.20257121324539185 
0.019406357780098915 0.7210099697113037 0.25958359241485596 
0.11362004280090332 0.6941285729408264 0.19225136935710907 
0.8678824305534363 0.12511669099330902 0.007000934332609177 
0.8348060846328735 0.15891402959823608 0.0062798489816486835 
0.0032200105488300323 0.08498592674732208 0.9117940068244934 
0.401898592710495 0.5786210894584656 0.01948036253452301 
0.938474178314209 0.05805203318595886 0.0034736995585262775 
0.41295239329338074 0.5426317453384399 0.04441586509346962 
0.8488954901695251 0.14092612266540527 0.010178446769714355 
0.14493712782859802 0.6443361043930054 0.2107267677783966 
0.1131654679775238 0.7890082001686096 0.09782639145851135 
0.30056020617485046 0.6546030640602112 0.04483671858906746 
0.001578120980411768 0.011591345071792603 0.9868305325508118 
0.3806866705417633 0.5540153384208679 0.06529801338911057 
0.4408491849899292 0.505603551864624 0.05354722589254379 
0.8445099592208862 0.14908836781978607 0.006401580758392811 
0.8657995462417603 0.12607577443122864 0.008124704472720623 
0.7818970680236816 0.209664985537529 0.008437886834144592 
0.32376039028167725 0.6325016617774963 0.043738026171922684 
0.7042093873023987 0.2692657709121704 0.026524841785430908 
0.13262753188610077 0.817035436630249 0.050337035208940506 
0.11730055510997772 0.5668842196464539 0.31581518054008484 
0.07036604732275009 0.8537880778312683 0.0758458748459816 
0.5876914858818054 0.39654648303985596 0.015762072056531906 
0.10962898284196854 0.8534674048423767 0.036903541535139084 
0.49174344539642334 0.48359110951423645 0.02466549724340439 
0.5369334816932678 0.40522509813308716 0.0578414611518383 
0.8969100713729858 0.0968010351061821 0.006288931239396334 
0.2239847630262375 0.6389649510383606 0.13705025613307953 
0.019406357780098915 0.7210099697113037 0.25958359241485596 
0.8183133602142334 0.17374412715435028 0.007942453026771545 
0.660040020942688 0.3230494558811188 0.016910450533032417 
0.12048789858818054 0.6905785799026489 0.18893350660800934 
0.957972526550293 0.03906913101673126 0.002958332421258092 
0.9554018378257751 0.041269201785326004 0.0033289205748587847 
0.5636112093925476 0.4088529050350189 0.02753586508333683 
0.8310449719429016 0.1559218168258667 0.013033222407102585 
0.21100692451000214 0.7281178832054138 0.06087523698806763 
0.9408605098724365 0.05573298782110214 0.0034064697101712227 
0.7634461522102356 0.2259976863861084 0.010556108318269253 
0.7042093873023987 0.2692657709121704 0.026524841785430908 
0.6419066786766052 0.3491276204586029 0.008965671062469482 
0.03186441957950592 0.592142641544342 0.3759929835796356 
0.7042093873023987 0.2692657709121704 0.026524841785430908 
0.505489706993103 0.4571011960506439 0.03740907460451126 
0.07414507865905762 0.8093050718307495 0.11654988676309586 
0.6421984434127808 0.3328947126865387 0.024906888604164124 
0.8812278509140015 0.11416038870811462 0.004611668176949024 
0.304177463054657 0.5118913054466248 0.18393120169639587 
0.006884756498038769 0.3722863793373108 0.6208288669586182 
0.16653397679328918 0.7943981885910034 0.03906787186861038 
0.7042093873023987 0.2692657709121704 0.026524841785430908 
0.7303865551948547 0.2398713380098343 0.029742132872343063 
0.026684267446398735 0.8164432048797607 0.1568724662065506 
0.019406357780098915 0.7210099697113037 0.25958359241485596 
0.7014453411102295 0.28369659185409546 0.014858097769320011 
0.02450881153345108 0.5454279780387878 0.4300632178783417 
0.11742608994245529 0.7556175589561462 0.12695640325546265 
0.29323810338974 0.6828401684761047 0.023921752348542213 
0.003549112007021904 0.2102884203195572 0.7861624360084534 
0.6982696056365967 0.28665798902511597 0.015072416514158249 
0.12551605701446533 0.5798823237419128 0.29460155963897705 
0.3815579116344452 0.5657452940940857 0.05269678309559822 
0.1505410373210907 0.7349939942359924 0.11446491628885269 
0.06713614612817764 0.8132194876670837 0.11964432895183563 
0.06517133116722107 0.8868033289909363 0.04802533611655235 
0.5935857892036438 0.39182594418525696 0.01458822749555111 
0.010736160911619663 0.4440075159072876 0.5452563762664795 
0.7042093873023987 0.2692657709121704 0.026524841785430908 
0.27696359157562256 0.6837261915206909 0.03931016847491264 
0.017793001607060432 0.6349589824676514 0.34724801778793335 
0.013200383633375168 0.6199520230293274 0.36684760451316833 
0.10775097459554672 0.8173092007637024 0.07493983209133148 
0.15847396850585938 0.6885571479797363 0.1529688686132431 
0.07505989074707031 0.740153968334198 0.1847861111164093 
0.3491763770580292 0.6031399369239807 0.04768373444676399 
0.5065160393714905 0.464092493057251 0.02939143218100071 
0.012305348180234432 0.41009700298309326 0.5775976777076721 
0.3424866497516632 0.5892133712768555 0.06829994916915894 
0.03218543156981468 0.8942551612854004 0.07355944067239761 
0.09119398146867752 0.6332952976226807 0.2755107581615448 
0.016592921689152718 0.6410349607467651 0.3423720896244049 
0.24227657914161682 0.7135637998580933 0.0441596582531929 
0.7196016311645508 0.2670404613018036 0.013357930816709995 
0.42943644523620605 0.5429240465164185 0.027639472857117653 
0.1951310783624649 0.6518656015396118 0.1530032902956009 
0.23767077922821045 0.6920110583305359 0.07031819969415665 
0.7042093873023987 0.2692657709121704 0.026524841785430908 
0.6128040552139282 0.3685935139656067 0.018602434545755386 
0.7920483946800232 0.19395002722740173 0.014001586474478245 
0.010703079402446747 0.3997817039489746 0.589515209197998 
0.0035317223519086838 0.09509801864624023 0.9013702869415283 
0.7378185987472534 0.23647227883338928 0.02570912055671215 
0.019406357780098915 0.7210099697113037 0.25958359241485596 
0.6977241039276123 0.28608232736587524 0.01619357243180275 
0.7042093873023987 0.2692657709121704 0.026524841785430908 
0.5525090098381042 0.4280010163784027 0.019489962607622147 
0.007054914720356464 0.3168390691280365 0.6761059761047363 
0.011654920876026154 0.42384058237075806 0.5645045042037964 
0.0201908890157938 0.22025664150714874 0.7595524787902832 
0.7986780405044556 0.19305340945720673 0.008268576115369797 
0.005219039507210255 0.2497800588607788 0.7450008988380432 
0.22820298373699188 0.6662382483482361 0.10555876791477203 
0.826370358467102 0.16528089344501495 0.008348708041012287 
0.6358968615531921 0.3506390154361725 0.013464182615280151 
0.9321882128715515 0.06373821943998337 0.004073543474078178 
0.03839484602212906 0.7188628911972046 0.24274227023124695 
0.925139307975769 0.06825097650289536 0.006609679199755192 
0.0019808129873126745 0.05352569743990898 0.9444935321807861 
0.047898296266794205 0.2605913579463959 0.6915103197097778 
0.047898296266794205 0.2605913579463959 0.6915103197097778 
0.047898296266794205 0.2605913579463959 0.6915103197097778 
0.041627079248428345 0.26114407181739807 0.6972287893295288 
0.781076967716217 0.20850634574890137 0.010416663251817226 
0.004025897476822138 0.23679709434509277 0.759177029132843 
0.2655636668205261 0.6231681108474731 0.11126822978258133 
0.6176448464393616 0.35783156752586365 0.02452360838651657 
0.43695127964019775 0.500329852104187 0.06271883100271225 
0.5865007638931274 0.3785902261734009 0.034908950328826904 
0.019406357780098915 0.7210099697113037 0.25958359241485596 
0.40306738018989563 0.5618862509727478 0.03504643589258194 
0.8815845847129822 0.1127365455031395 0.005678873043507338 
0.8213240504264832 0.17139951884746552 0.007276457734405994 
0.7670691609382629 0.20894433557987213 0.023986423388123512 
0.6888538002967834 0.2933720648288727 0.017774108797311783 
0.21735896170139313 0.7386911511421204 0.04394984990358353 
0.05421621352434158 0.9019092917442322 0.04387444257736206 
0.8283854722976685 0.16545183956623077 0.006162680685520172 
0.7042093873023987 0.2692657709121704 0.026524841785430908 
0.8921422958374023 0.10312733054161072 0.004730393644422293 
0.8499405980110168 0.1452917456626892 0.004767691250890493 
0.6051672697067261 0.36862871050834656 0.02620401792228222 
0.18323415517807007 0.7751070261001587 0.04165881127119064 
0.7042093873023987 0.2692657709121704 0.026524841785430908 
0.880830705165863 0.11321281641721725 0.005956514738500118 
0.022171352058649063 0.91230309009552 0.06552556902170181 
0.5930636525154114 0.39055952429771423 0.01637677662074566 
0.31347736716270447 0.6068993210792542 0.079623281955719 
0.496515691280365 0.47637662291526794 0.027107739821076393 
0.34167957305908203 0.6271172165870667 0.031203215941786766 
0.24604064226150513 0.7223188281059265 0.031640466302633286 
0.7448877692222595 0.23276212811470032 0.022350043058395386 
0.03425345942378044 0.7225466966629028 0.24319986999034882 
0.11886084824800491 0.8071993589401245 0.07393975555896759 
0.10519334673881531 0.8334615230560303 0.06134505569934845 
0.833817183971405 0.16023027896881104 0.00595249654725194 
0.7042093873023987 0.2692657709121704 0.026524841785430908 
0.7158143520355225 0.2690274119377136 0.015158228576183319 
0.5930230617523193 0.3831457495689392 0.023831164464354515 
0.07608640193939209 0.816011369228363 0.10790231078863144 
0.0159425288438797 0.629829466342926 0.35422804951667786 
0.013012771494686604 0.3972155749797821 0.5897716879844666 
0.6549409627914429 0.3102818429470062 0.0347772017121315 
0.019406357780098915 0.7210099697113037 0.25958359241485596 
0.10150059312582016 0.666742742061615 0.23175671696662903 
0.6722790002822876 0.31493616104125977 0.012784816324710846 
0.650398850440979 0.3379519581794739 0.011649221181869507 
0.005180322099477053 0.06285234540700912 0.9319673180580139 
0.8295930027961731 0.16427628695964813 0.0061307125724852085 
0.00958255399018526 0.2704446613788605 0.7199727892875671 
0.7042093873023987 0.2692657709121704 0.026524841785430908 
0.6020247340202332 0.35867464542388916 0.03930061310529709 
0.010596320964396 0.6709325909614563 0.3184710443019867 
0.38356876373291016 0.5208078622817993 0.09562335163354874 
0.4989999234676361 0.4534377157688141 0.04756230115890503 
0.7042093873023987 0.2692657709121704 0.026524841785430908 
0.7042093873023987 0.2692657709121704 0.026524841785430908 
0.1451435387134552 0.7088349461555481 0.1460215151309967 
0.04310543090105057 0.9278099536895752 0.02908462844789028 
0.35364946722984314 0.5230154991149902 0.12333503365516663 
0.03425345942378044 0.7225466966629028 0.24319986999034882 
0.025761500000953674 0.7813300490379333 0.1929083615541458 
0.04432762786746025 0.618223249912262 0.3374491035938263 
0.46552959084510803 0.48732632398605347 0.04714411124587059 
0.08890387415885925 0.6805319786071777 0.230564147233963 
0.0035152272321283817 0.0941433310508728 0.9023414254188538 
0.13119497895240784 0.473166823387146 0.3956381380558014 
0.8582937717437744 0.13376514613628387 0.007941103540360928 
0.43250036239624023 0.5118911862373352 0.05560850724577904 
0.2067694514989853 0.7608687877655029 0.03236180916428566 
0.019406357780098915 0.7210099697113037 0.25958359241485596 
0.031982459127902985 0.758975088596344 0.20904240012168884 
0.5577166080474854 0.4219233989715576 0.020360035821795464 
0.17262910306453705 0.6279479265213013 0.1994229555130005 
0.20765714347362518 0.7503486275672913 0.041994232684373856 
0.05774862691760063 0.49944552779197693 0.44280582666397095 
0.2269349992275238 0.7055945992469788 0.06747044622898102 
0.19265861809253693 0.7685853242874146 0.03875602036714554 
0.4976889491081238 0.44554585218429565 0.056765202432870865 
0.029544053599238396 0.510738730430603 0.4597172439098358 
0.09769716113805771 0.8502236008644104 0.0520792156457901 
0.20576021075248718 0.7154948711395264 0.07874490320682526 
0.09189620614051819 0.8335326910018921 0.07457107305526733 
0.7042093873023987 0.2692657709121704 0.026524841785430908 
0.7256283164024353 0.26130610704421997 0.0130655812099576 
0.035439472645521164 0.3740386366844177 0.5905218720436096 
0.6796360611915588 0.29798081517219543 0.022383108735084534 
0.2696252167224884 0.6620874404907227 0.06828740984201431 
0.4096417725086212 0.5030021071434021 0.08735612034797668 
0.026878999546170235 0.4939747452735901 0.47914624214172363 
0.5765933394432068 0.39854204654693604 0.024864651262760162 
0.0045112851075828075 0.05024731159210205 0.945241391658783 
0.925139307975769 0.06825097650289536 0.006609679199755192 
0.0527590811252594 0.7842196226119995 0.16302131116390228 
0.12044145166873932 0.7346552014350891 0.14490334689617157 
0.22781869769096375 0.6966496706008911 0.07553169876337051 
0.028143038973212242 0.7128495573997498 0.25900745391845703 
0.19939225912094116 0.7617433667182922 0.03886433318257332 
0.12091703712940216 0.5989455580711365 0.28013738989830017 
0.06290023773908615 0.7170689105987549 0.22003081440925598 
0.0719921737909317 0.7973498702049255 0.1306578665971756 
0.06565583497285843 0.7997137904167175 0.13463033735752106 
0.4799991846084595 0.4593915045261383 0.06060924753546715 
0.15252263844013214 0.825914204120636 0.02156321331858635 
0.7740076184272766 0.20891274511814117 0.017079602926969528 
0.9200607538223267 0.07295399159193039 0.006985269486904144 
0.21532250940799713 0.7499281764030457 0.03474932163953781 
0.38668620586395264 0.5874941945075989 0.025819648057222366 
0.7042093873023987 0.2692657709121704 0.026524841785430908 
0.6155047416687012 0.36212965846061707 0.022365625947713852 
0.9378734230995178 0.059235598891973495 0.0028910539112985134 
0.03865760192275047 0.3517005443572998 0.6096417903900146 
0.8171853423118591 0.17147506773471832 0.011339501477777958 
0.711941123008728 0.27337583899497986 0.014683001674711704 
0.07906340807676315 0.8304653763771057 0.09047119319438934 
0.11800134181976318 0.8364744782447815 0.045524150133132935 
0.569134533405304 0.41130733489990234 0.019558146595954895 
0.4817003309726715 0.4650558829307556 0.05324375256896019 
0.10395381599664688 0.8427015542984009 0.05334462970495224 
0.8988205790519714 0.09330711513757706 0.007872272282838821 
0.01754085347056389 0.6869029998779297 0.2955561578273773 
0.8761723637580872 0.11912576109170914 0.004701957106590271 
0.019406357780098915 0.7210099697113037 0.25958359241485596 
0.18676850199699402 0.7355627417564392 0.07766877114772797 
0.7042093873023987 0.2692657709121704 0.026524841785430908 
0.7042093873023987 0.2692657709121704 0.026524841785430908 
0.20850813388824463 0.759975790977478 0.031516026705503464 
0.020353209227323532 0.5423621535301208 0.4372846484184265 
0.8829162120819092 0.11100956052541733 0.006074299570173025 
0.9436657428741455 0.052761223167181015 0.003573053050786257 
0.815651535987854 0.17387591302394867 0.010472583584487438 
0.2185819149017334 0.7497398853302002 0.03167813643813133 
0.05458465591073036 0.7909941077232361 0.15442124009132385 
0.5613081455230713 0.412144273519516 0.026547569781541824 
0.056805320084095 0.7406234741210938 0.20257121324539185 
0.7042093873023987 0.2692657709121704 0.026524841785430908 
0.8455305695533752 0.14531470835208893 0.009154675528407097 
0.06639605015516281 0.47929349541664124 0.45431041717529297 
0.19464389979839325 0.6383939385414124 0.1669621616601944 
0.2991083264350891 0.6626269817352295 0.038264621049165726 
0.15226107835769653 0.761316180229187 0.08642274141311646 
0.12179431319236755 0.8268789052963257 0.051326729357242584 
0.7042093873023987 0.2692657709121704 0.026524841785430908 
0.15381945669651031 0.7964298129081726 0.04975072667002678 
0.2619592547416687 0.6852771043777466 0.05276362970471382 
0.01468129362910986 0.874127209186554 0.111191526055336 
0.48409968614578247 0.49098077416419983 0.02491948939859867 
0.4634018838405609 0.5097400546073914 0.0268580112606287 
0.06958018243312836 0.5871397852897644 0.34327998757362366 
0.028240786865353584 0.7004520893096924 0.27130717039108276 
0.2933858335018158 0.6641505360603333 0.04246361553668976 
0.017409930005669594 0.5004667043685913 0.48212334513664246 
0.8020989298820496 0.1891718953847885 0.008729207329452038 
0.5240782499313354 0.44983401894569397 0.02608776092529297 
0.7042093873023987 0.2692657709121704 0.026524841785430908 
0.16039365530014038 0.7662654519081116 0.07334095984697342 
0.21495550870895386 0.7225613594055176 0.06248309463262558 
0.3013561964035034 0.6628618836402893 0.035781875252723694 
0.7042093873023987 0.2692657709121704 0.026524841785430908 
0.2756199240684509 0.6874266266822815 0.03695349767804146 
0.28257763385772705 0.6801115274429321 0.03731083869934082 
0.009535877965390682 0.2449384331703186 0.7455256581306458 
0.12072256207466125 0.8156246542930603 0.06365282088518143 
0.12072256207466125 0.8156246542930603 0.06365282088518143 
0.019406357780098915 0.7210099697113037 0.25958359241485596 
0.01638069748878479 0.3699101507663727 0.6137091517448425 
0.7042093873023987 0.2692657709121704 0.026524841785430908 
0.6180921792984009 0.3648051619529724 0.01710265688598156 
0.5479109883308411 0.42641782760620117 0.02567114494740963 
0.12719279527664185 0.8203930258750916 0.05241420865058899 
0.043318528681993484 0.7005505561828613 0.2561309039592743 
0.5484551787376404 0.42897266149520874 0.02257218211889267 
0.21075516939163208 0.6663596034049988 0.12288516759872437 
0.7042093873023987 0.2692657709121704 0.026524841785430908 
0.21165667474269867 0.7392028570175171 0.04914049804210663 
0.2688060402870178 0.6778286099433899 0.05336533486843109 
0.28657230734825134 0.6720708608627319 0.041356876492500305 
0.41803330183029175 0.5542178750038147 0.027748873457312584 
0.5036682486534119 0.43920305371284485 0.057128749787807465 
0.6029336452484131 0.37784287333488464 0.019223501905798912 
0.7042093873023987 0.2692657709121704 0.026524841785430908 
0.5139986872673035 0.4590207040309906 0.02698059380054474 
0.400128573179245 0.5621128678321838 0.03775855898857117 
0.005219039507210255 0.2497800588607788 0.7450008988380432 
0.8166818618774414 0.175437793135643 0.007880417630076408 
0.969076931476593 0.028949977830052376 0.0019731204956769943 
0.13269099593162537 0.6832134127616882 0.18409553170204163 
0.27825823426246643 0.6945902705192566 0.0271514393389225 
0.4742426574230194 0.49955883622169495 0.02619847282767296 
0.016766978427767754 0.35431984066963196 0.6289132237434387 
0.5732393860816956 0.4001765847206116 0.026584060862660408 
0.18147626519203186 0.7575204968452454 0.06100321561098099 
0.10812494903802872 0.8283180594444275 0.06355692446231842 
0.2885867953300476 0.6179178357124329 0.09349535405635834 
0.81337970495224 0.17687630653381348 0.00974391307681799 
0.05712217837572098 0.7441080212593079 0.19876974821090698 
0.2218806892633438 0.7191264033317566 0.05899287760257721 
0.00815743301063776 0.8178778290748596 0.1739647537469864 
0.8435678482055664 0.14501821994781494 0.011414031498134136 
0.2913879454135895 0.6572767496109009 0.051335304975509644 
0.018619831651449203 0.4004124701023102 0.5809676647186279 
0.8729712963104248 0.11969805508852005 0.007330677006393671 
0.6032339334487915 0.36374351382255554 0.03302251175045967 
0.7221450805664062 0.2684706151485443 0.009384279139339924 
0.6701660752296448 0.3178975582122803 0.011936369352042675 
0.06261604279279709 0.8191945552825928 0.11818937957286835 
0.27825823426246643 0.6945902705192566 0.0271514393389225 
0.019495418295264244 0.39657410979270935 0.5839304327964783 
0.7042093873023987 0.2692657709121704 0.026524841785430908 
0.940912127494812 0.056336693465709686 0.0027511564549058676 
0.20163433253765106 0.7320986986160278 0.06626696139574051 
0.019406357780098915 0.7210099697113037 0.25958359241485596 
0.5870511531829834 0.39499109983444214 0.017957717180252075 
0.06142452359199524 0.7783581614494324 0.16021735966205597 
0.1857893168926239 0.7146159410476685 0.09959468990564346 
0.8271151185035706 0.15471665561199188 0.018168190494179726 
0.7042093873023987 0.2692657709121704 0.026524841785430908 
0.27356043457984924 0.6683141589164734 0.058125440031290054 
0.27744701504707336 0.6729199886322021 0.049632977694272995 
0.9486398696899414 0.0478433258831501 0.0035167322494089603 
0.6969459056854248 0.2911768853664398 0.011877232231199741 
0.40439411997795105 0.5651033520698547 0.030502522364258766 
0.49466270208358765 0.446697473526001 0.0586397722363472 
0.7065725922584534 0.26396384835243225 0.029463473707437515 
0.5922850370407104 0.3879273235797882 0.019787557423114777 
0.007054914720356464 0.3168390691280365 0.6761059761047363 
0.2652674913406372 0.6537221074104309 0.0810103490948677 
0.2553756535053253 0.6747338771820068 0.06989043951034546 
0.08991517871618271 0.6282377243041992 0.2818470895290375 
0.4995357394218445 0.4675590693950653 0.03290518745779991 
0.7042093873023987 0.2692657709121704 0.026524841785430908 
0.9706377983093262 0.02664344571530819 0.0027187636587768793 
0.23675605654716492 0.7175965905189514 0.04564744234085083 
0.8607320189476013 0.1308886557817459 0.008379362523555756 
0.036390434950590134 0.808861494064331 0.15474805235862732 
0.9065166711807251 0.088595449924469 0.004887854214757681 
0.38630786538124084 0.5466914772987366 0.06700070202350616 
0.5881268978118896 0.3954848051071167 0.016388263553380966 
0.4302923381328583 0.5482189655303955 0.021488718688488007 
0.4755137860774994 0.4977020025253296 0.026784269139170647 
0.002434756141155958 0.5072111487388611 0.4903540313243866 
0.744269609451294 0.23779387772083282 0.017936494201421738 
0.002434756141155958 0.5072111487388611 0.4903540313243866 
0.1908407360315323 0.7548431158065796 0.054316140711307526 
0.4489981234073639 0.529789924621582 0.021211925894021988 
0.5780479907989502 0.4046638309955597 0.017288127914071083 
0.9332150220870972 0.06349895149469376 0.003286033635959029 
0.21513451635837555 0.5087407231330872 0.2761248052120209 
0.8034912943840027 0.18763554096221924 0.008873207494616508 
0.01595708169043064 0.29541197419166565 0.6886309385299683 
0.40114203095436096 0.5575709939002991 0.0412868857383728 
0.03839484602212906 0.7188628911972046 0.24274227023124695 
0.024286171421408653 0.4304259419441223 0.5452879071235657 
0.9450079798698425 0.05062466859817505 0.004367324523627758 
0.5705726146697998 0.39275288581848145 0.036674533039331436 
0.08648509532213211 0.6153279542922974 0.2981869578361511 
0.6899830102920532 0.2887704372406006 0.021246537566184998 
0.20126208662986755 0.690728485584259 0.10800942778587341 
0.27921611070632935 0.6926632523536682 0.02812056988477707 
0.021571878343820572 0.5043764710426331 0.4740516245365143 
0.7042093873023987 0.2692657709121704 0.026524841785430908 
0.6720132827758789 0.30138635635375977 0.026600394397974014 
0.6212571263313293 0.3626580536365509 0.016084810718894005 
0.6992118954658508 0.27912843227386475 0.02165965363383293 
0.6791989207267761 0.2961146831512451 0.02468634396791458 
0.7042093873023987 0.2692657709121704 0.026524841785430908 
0.8427332639694214 0.15095174312591553 0.0063149710185825825 
0.6859897971153259 0.2938201129436493 0.02018997259438038 
0.09212350100278854 0.7589704394340515 0.14890602231025696 
0.019406357780098915 0.7210099697113037 0.25958359241485596 
0.09962162375450134 0.612018346786499 0.288360059261322 
0.8750888705253601 0.11687219887971878 0.008038879372179508 
0.05034761130809784 0.8636820912361145 0.08597026020288467 
0.06530942767858505 0.870219349861145 0.06447120010852814 
0.6179596185684204 0.3604183495044708 0.021622033789753914 
0.25044840574264526 0.7216123342514038 0.027939215302467346 
0.045417338609695435 0.8665418028831482 0.08804088085889816 
0.11259922385215759 0.6745451092720032 0.21285571157932281 
0.6988181471824646 0.29097551107406616 0.010206341743469238 
0.216726616024971 0.7499108910560608 0.03336252644658089 
0.7839844226837158 0.20112746953964233 0.014888101257383823 
0.855160653591156 0.13663806021213531 0.008201340213418007 
0.011524190194904804 0.3448094427585602 0.6436663866043091 
0.42343488335609436 0.47137710452079773 0.10518800467252731 
0.24689176678657532 0.603718638420105 0.14938953518867493 
0.11649995297193527 0.8079538345336914 0.07554618269205093 
0.02533097006380558 0.6957193613052368 0.27894964814186096 
0.11969804763793945 0.8265087008476257 0.053793247789144516 
0.10610836744308472 0.7037954330444336 0.19009621441364288 
0.15287482738494873 0.7680716514587402 0.07905355840921402 
0.04059420898556709 0.822208046913147 0.13719773292541504 
0.00827754009515047 0.11104242503643036 0.8806800842285156 
0.250898540019989 0.6074256896972656 0.14167575538158417 
0.7986612319946289 0.19163545966148376 0.009703265503048897 
0.5133261680603027 0.456081360578537 0.030592456459999084 
0.022154033184051514 0.9117911458015442 0.06605490297079086 
0.5296794176101685 0.4460228979587555 0.02429766207933426 
0.3321426510810852 0.627913236618042 0.03994417563080788 
0.41803330183029175 0.5542178750038147 0.027748873457312584 
0.6146979928016663 0.3598376214504242 0.02546439692378044 
0.305573970079422 0.628301203250885 0.06612488627433777 
0.014447140507400036 0.5939785838127136 0.39157429337501526 
0.13965775072574615 0.7981194853782654 0.062222741544246674 
0.7409340739250183 0.25163984298706055 0.007426151540130377 
0.14507657289505005 0.6435992121696472 0.21132412552833557 
0.03775905817747116 0.8061059713363647 0.15613502264022827 
0.3120148181915283 0.6500824689865112 0.03790276497602463 
0.7416176795959473 0.24472729861736298 0.013655032962560654 
0.4212745428085327 0.48579472303390503 0.09293071925640106 
0.8779051303863525 0.11661695688962936 0.005477885250002146 
0.5843892097473145 0.4015997648239136 0.014011005870997906 
0.3734690248966217 0.5809985995292664 0.04553239792585373 
0.09474571794271469 0.8181628584861755 0.08709141612052917 
0.14081470668315887 0.7302173376083374 0.12896795570850372 
0.7349520921707153 0.24413199722766876 0.020915871486067772 
0.1447463482618332 0.6017587780952454 0.25349491834640503 
0.20018942654132843 0.6947544813156128 0.10505612194538116 
0.3446957767009735 0.628228485584259 0.027075735852122307 
0.019406357780098915 0.7210099697113037 0.25958359241485596 
0.2792094945907593 0.6731287240982056 0.04766180366277695 
0.6604645848274231 0.31972959637641907 0.01980590634047985 
0.1766422539949417 0.7084299325942993 0.11492782831192017 
0.012373862788081169 0.31172874569892883 0.6758974194526672 
0.04470490291714668 0.5685908198356628 0.38670432567596436 
0.5202733278274536 0.464632123708725 0.015094498172402382 
0.10119520127773285 0.8402172327041626 0.05858759582042694 
0.8667399883270264 0.13040201365947723 0.0028578834608197212 
0.8709737062454224 0.1224619597196579 0.0065642790868878365 
0.39066171646118164 0.5870566964149475 0.022281594574451447 
0.7216854095458984 0.2685468792915344 0.009767658077180386 
0.33042335510253906 0.6213114857673645 0.048265110701322556 
0.7740917205810547 0.21685920655727386 0.00904915016144514 
0.0086754085496068 0.22450977563858032 0.7668147683143616 
0.9054402709007263 0.08971232920885086 0.004847470670938492 
0.7614896297454834 0.2203705906867981 0.018139714375138283 
0.043560940772295 0.8637651205062866 0.0926739051938057 
0.18497534096240997 0.4852205216884613 0.32980412244796753 
0.010222582146525383 0.25090450048446655 0.7388728857040405 
0.11335614323616028 0.7288907170295715 0.157753124833107 
0.41244903206825256 0.52461177110672 0.06293924152851105 
0.47036805748939514 0.4588605463504791 0.07077132910490036 
0.8740494251251221 0.1199798434972763 0.005970824975520372 
0.6635986566543579 0.32059162855148315 0.0158096831291914 
0.13257670402526855 0.8067008852958679 0.06072245165705681 
0.13257670402526855 0.8067008852958679 0.06072245165705681 
0.6350418329238892 0.3402712345123291 0.024686917662620544 
0.06406044960021973 0.41172924637794495 0.5242102742195129 
0.12072256207466125 0.8156246542930603 0.06365282088518143 
0.131504625082016 0.8083000779151917 0.06019529327750206 
0.7944363951683044 0.19944550096988678 0.006118071265518665 
0.026267845183610916 0.3499605655670166 0.623771607875824 
0.159950852394104 0.7631592154502869 0.07688990235328674 
0.9067210555076599 0.08970295637845993 0.003575873328372836 
0.9349955320358276 0.0620206780731678 0.0029838131740689278 
0.30463579297065735 0.63056480884552 0.06479933857917786 
0.4102160334587097 0.544481635093689 0.04530234634876251 
0.020098311826586723 0.815394937992096 0.16450676321983337 
0.30858567357063293 0.628098726272583 0.06331560015678406 
0.019406357780098915 0.7210099697113037 0.25958359241485596 
0.6941148042678833 0.27760839462280273 0.028276728466153145 
0.6178367137908936 0.36589643359184265 0.01626680977642536 
0.012081447057425976 0.5247471332550049 0.46317142248153687 
0.4687296450138092 0.4139350950717926 0.1173352524638176 
0.583885133266449 0.37192502617836 0.04418991878628731 
0.5109625458717346 0.46131059527397156 0.027726834639906883 
0.27080169320106506 0.6940245032310486 0.035173844546079636 
0.3914267420768738 0.5758543610572815 0.03271889314055443 
0.5461957454681396 0.42062342166900635 0.033180780708789825 
0.03319202736020088 0.8463117480278015 0.12049627304077148 
0.0219378974288702 0.5480949282646179 0.4299671947956085 
0.928278923034668 0.06703705340623856 0.0046839602291584015 
0.3932698369026184 0.5473687648773193 0.059361375868320465 
0.2309066355228424 0.5743454694747925 0.19474788010120392 
0.056676071137189865 0.5205846428871155 0.42273926734924316 
0.6165023446083069 0.3651919960975647 0.018305636942386627 
0.08485902100801468 0.6744323372840881 0.24070869386196136 
0.3086518943309784 0.5583986043930054 0.13294948637485504 
0.8048464059829712 0.1760006844997406 0.019153006374835968 
0.11043276637792587 0.7503331303596497 0.13923411071300507 
0.007639643736183643 0.22306674718856812 0.7692936062812805 
0.6749287843704224 0.3124103546142578 0.012660903856158257 
0.30804046988487244 0.6252649426460266 0.06669456511735916 
0.09820295125246048 0.7532975673675537 0.1484994739294052 
0.0727618932723999 0.5644133687019348 0.3628246784210205 
0.7002602815628052 0.2692674398422241 0.03047219291329384 
0.12521617114543915 0.8079264163970947 0.06685744971036911 
0.17752529680728912 0.7583259344100952 0.06414887309074402 
0.03708666190505028 0.5076452493667603 0.45526814460754395 
0.06784568727016449 0.766126811504364 0.1660274714231491 
0.27244484424591064 0.5666656494140625 0.16088958084583282 
0.6730241775512695 0.3047347068786621 0.022241072729229927 
0.7613744139671326 0.22888697683811188 0.009738599881529808 
0.27443987131118774 0.6137582063674927 0.11180189251899719 
0.16660186648368835 0.5012912154197693 0.33210688829421997 
0.2489122897386551 0.7080801129341125 0.04300760105252266 
0.18586809933185577 0.6593426465988159 0.1547892689704895 
0.9114086627960205 0.08175830543041229 0.006833042483776808 
0.02773028053343296 0.7893168330192566 0.1829528659582138 
0.019406357780098915 0.7210099697113037 0.25958359241485596 
0.08747454732656479 0.8597762584686279 0.0527491569519043 
0.009200142696499825 0.614662766456604 0.3761371076107025 
0.18057836592197418 0.7379060387611389 0.0815156027674675 
0.0021088984794914722 0.022895021364092827 0.9749960899353027 
0.7750096321105957 0.2180430144071579 0.006947445683181286 
0.6155047416687012 0.36212965846061707 0.022365625947713852 
0.004302915185689926 0.19274264574050903 0.8029544353485107 
0.6520978808403015 0.32148298621177673 0.026419170200824738 
0.9331443905830383 0.06337277591228485 0.003482839558273554 
0.18056684732437134 0.714640200138092 0.10479302704334259 
0.5642738342285156 0.410610556602478 0.025115659460425377 
0.007130648475140333 0.27213966846466064 0.720729649066925 
0.9362443685531616 0.059580978006124496 0.004174584057182074 
0.06738261878490448 0.871337890625 0.061279475688934326 
0.34382784366607666 0.5189875364303589 0.13718466460704803 
0.7306119799613953 0.26075130701065063 0.008636675775051117 
0.20862922072410583 0.6390888094902039 0.1522819995880127 
0.65208899974823 0.3193246126174927 0.028586387634277344 
0.19073940813541412 0.7797205448150635 0.02954002283513546 
0.21662741899490356 0.731560468673706 0.05181211978197098 
0.2811501622200012 0.6734316945075989 0.04541807249188423 
0.2055068165063858 0.7409871816635132 0.05350597947835922 
0.6649686694145203 0.3151915967464447 0.01983974687755108 
0.24628835916519165 0.7141324281692505 0.039579179137945175 
0.9049361348152161 0.08834991604089737 0.006713878829032183 
0.25249147415161133 0.6646280288696289 0.08288046717643738 
0.36881235241889954 0.5619372725486755 0.06925038248300552 
0.42064476013183594 0.5339159965515137 0.04543926939368248 
0.18141697347164154 0.7642474174499512 0.05433563143014908 
0.3282097280025482 0.6012236475944519 0.07056663930416107 
0.019406357780098915 0.7210099697113037 0.25958359241485596 
0.7666394114494324 0.2138454169034958 0.01951521448791027 
0.240838423371315 0.7150031328201294 0.04415840655565262 
0.6813163161277771 0.30569514632225037 0.012988594360649586 
0.7127692103385925 0.27397727966308594 0.013253491371870041 
0.5503769516944885 0.421297162771225 0.02832580916583538 
0.11430943012237549 0.8326596617698669 0.05303097143769264 
0.2570018172264099 0.6806754469871521 0.06232275441288948 
0.4394686222076416 0.49607163667678833 0.06445971131324768 
0.18307623267173767 0.7677292227745056 0.049194563180208206 
0.05778367444872856 0.776750922203064 0.1654653698205948 
0.009638962335884571 0.29085808992385864 0.6995028853416443 
0.056805320084095 0.7406234741210938 0.20257121324539185 
0.35907605290412903 0.6064282059669495 0.03449570760130882 
0.04657718539237976 0.6974116563796997 0.25601115822792053 
0.3309865891933441 0.6047530174255371 0.06426040828227997 
0.02724979631602764 0.3931707441806793 0.5795794725418091 
0.420974999666214 0.5069186687469482 0.07210636883974075 
0.1677468717098236 0.7734543085098267 0.058798834681510925 
0.39640673995018005 0.5611089468002319 0.04248427972197533 
0.08228651434183121 0.7097235918045044 0.20798984169960022 
0.27836230397224426 0.5377488732337952 0.18388879299163818 
0.5757028460502625 0.38416624069213867 0.040130920708179474 
0.18407244980335236 0.7557142376899719 0.06021328270435333 
0.16992534697055817 0.7663679122924805 0.06370674073696136 
0.11231521517038345 0.7549402117729187 0.13274453580379486 
0.867617666721344 0.12533922493457794 0.007043187506496906 
0.869052529335022 0.12213888019323349 0.008808594197034836 
0.46109500527381897 0.520254373550415 0.018650570884346962 
0.04131235182285309 0.7392920851707458 0.2193955034017563 
0.5439465641975403 0.42974188923835754 0.026311559602618217 
0.736457347869873 0.2527448534965515 0.010797780007123947 
0.2106027603149414 0.7391272187232971 0.05027003958821297 
0.062366921454668045 0.5408617258071899 0.3967713415622711 
0.8065364360809326 0.18730391561985016 0.006159667391330004 
0.014787039719522 0.2683948278427124 0.7168181538581848 
0.3307476341724396 0.6278311014175415 0.041421178728342056 
0.6436812877655029 0.3291108310222626 0.02720792591571808 
0.17648404836654663 0.7661073803901672 0.057408563792705536 
0.6108894944190979 0.37738004326820374 0.011730542406439781 
0.3743301331996918 0.5908830165863037 0.0347868874669075 
0.4169905185699463 0.5492453575134277 0.033764131367206573 
0.2197113335132599 0.7198770642280579 0.06041158735752106 
0.48998042941093445 0.4786183834075928 0.03140121325850487 
0.6511972546577454 0.31837207078933716 0.030430596321821213 
0.009519136510789394 0.25646063685417175 0.7340202331542969 
0.18585656583309174 0.7578598260879517 0.0562836155295372 
0.2075260430574417 0.7442095279693604 0.04826434701681137 
0.0044557927176356316 0.15097451210021973 0.8445696830749512 
0.020596735179424286 0.3297612965106964 0.6496419310569763 
0.8557366728782654 0.13796459138393402 0.006298755761235952 
0.011186787858605385 0.50323486328125 0.485578328371048 
0.20317906141281128 0.7366473078727722 0.06017356738448143 
0.25239163637161255 0.7076119780540466 0.03999634087085724 
0.20728710293769836 0.7446979880332947 0.048014868050813675 
0.8923964500427246 0.10256316512823105 0.005040381103754044 
0.5884071588516235 0.3946053683757782 0.01698748953640461 
0.2562752664089203 0.531287670135498 0.21243709325790405 
0.19759337604045868 0.7505725026130676 0.05183408409357071 
0.10038716346025467 0.46811574697494507 0.4314970374107361 
0.006804944481700659 0.30898454785346985 0.6842105388641357 
0.15922985970973969 0.7908527851104736 0.049917303025722504 
0.5076934099197388 0.41845571994781494 0.0738508477807045 
0.23443959653377533 0.6959739327430725 0.06958647072315216 
0.20775055885314941 0.7482964396476746 0.04395293816924095 
0.1217469871044159 0.8339422345161438 0.04431085288524628 
0.3029310703277588 0.5748679041862488 0.12220101803541183 
0.24726834893226624 0.7039792537689209 0.048752378672361374 
0.019406357780098915 0.7210099697113037 0.25958359241485596 
0.8298079967498779 0.16216059029102325 0.00803140364587307 
0.03257371112704277 0.7651090621948242 0.2023172676563263 
0.061777401715517044 0.8181393146514893 0.12008330225944519 
0.14933988451957703 0.7583746910095215 0.09228537231683731 
0.9299684166908264 0.06500307470560074 0.005028547719120979 
0.047373685985803604 0.4929250180721283 0.4597012400627136 
0.26221612095832825 0.6889559626579285 0.04882785677909851 
0.25066399574279785 0.7058343887329102 0.043501678854227066 
0.009380364790558815 0.3333064317703247 0.6573131680488586 
0.0610593818128109 0.8778958320617676 0.06104486063122749 
0.48165735602378845 0.47750264406204224 0.040839988738298416 
0.20551259815692902 0.676450788974762 0.1180366650223732 
0.9364275336265564 0.0585763081908226 0.004996160976588726 
0.18475443124771118 0.6803745031356812 0.13487106561660767 
0.20551259815692902 0.676450788974762 0.1180366650223732 
0.20551259815692902 0.676450788974762 0.1180366650223732 
0.20551259815692902 0.676450788974762 0.1180366650223732 
0.24137510359287262 0.6542339324951172 0.1043909564614296 
0.638550877571106 0.34896373748779297 0.012485300190746784 
0.6259178519248962 0.3531791567802429 0.02090303972363472 
0.23646597564220428 0.7363768815994263 0.02715718001127243 
0.2088804990053177 0.7183863520622253 0.07273314148187637 
0.07321353256702423 0.8924382328987122 0.03434820473194122 
0.1780926138162613 0.7928059697151184 0.029101340100169182 
0.05481615662574768 0.8582005500793457 0.08698331564664841 
0.05384160205721855 0.8681025505065918 0.07805579155683517 
0.01533167902380228 0.564790666103363 0.4198776185512543 
0.8038797378540039 0.1875501126050949 0.008570150472223759 
0.6156532168388367 0.3593691289424896 0.024977628141641617 
0.869372546672821 0.11937831342220306 0.01124909333884716 
0.05102606117725372 0.912082314491272 0.03689161315560341 
0.018713418394327164 0.6627413630485535 0.31854522228240967 
0.024285783991217613 0.2290271371603012 0.7466870546340942 
0.12473151087760925 0.7799032330513 0.09536531567573547 
0.016580728814005852 0.6555129885673523 0.3279062807559967 
0.06387272477149963 0.6840500831604004 0.2520771622657776 
0.019278820604085922 0.43610379099845886 0.5446174144744873 
0.33571749925613403 0.622484028339386 0.04179844632744789 
0.031258512288331985 0.8053182363510132 0.16342322528362274 
0.4068555533885956 0.5537653565406799 0.039379045367240906 
0.6093319058418274 0.36962032318115234 0.021047817543148994 
0.012549294158816338 0.49853652715682983 0.4889141917228699 
0.789006769657135 0.20184238255023956 0.009150839410722256 
0.046747349202632904 0.7589559555053711 0.194296732544899 
0.25649335980415344 0.654988169670105 0.08851850777864456 
0.8015216588973999 0.18633124232292175 0.012147082015872002 
0.07321353256702423 0.8924382328987122 0.03434820473194122 
0.007238742429763079 0.23370537161827087 0.7590559124946594 
0.3535018861293793 0.6162742376327515 0.030223876237869263 
0.24565055966377258 0.6755955815315247 0.07875387370586395 
0.07325313240289688 0.6964215636253357 0.23032529652118683 
0.5877578854560852 0.38153380155563354 0.03070836327970028 
0.07300982624292374 0.862415075302124 0.06457509100437164 
0.012508835643529892 0.47580960392951965 0.5116815567016602 
0.019406357780098915 0.7210099697113037 0.25958359241485596 
0.8248154520988464 0.16055075824260712 0.01463380828499794 
0.007054914720356464 0.3168390691280365 0.6761059761047363 
0.20845569670200348 0.7680516839027405 0.02349262498319149 
0.6116816997528076 0.366953045129776 0.0213652104139328 
0.10939520597457886 0.777498185634613 0.11310670524835587 
0.41474565863609314 0.5595646500587463 0.02568969689309597 
0.5321010947227478 0.44171908497810364 0.026179799810051918 
0.5500004887580872 0.41270163655281067 0.03729784116148949 
0.01795249432325363 0.8253805041313171 0.15666693449020386 
0.5961709022521973 0.38864654302597046 0.015182587318122387 
0.02781452238559723 0.7458276152610779 0.22635780274868011 
0.18484704196453094 0.7875077128410339 0.027645254507660866 
0.03839484602212906 0.7188628911972046 0.24274227023124695 
0.15280155837535858 0.6616553664207458 0.18554310500621796 
0.39270198345184326 0.576056957244873 0.0312410369515419 
0.1319650262594223 0.8348228335380554 0.033212121576070786 
0.02151864394545555 0.5695270299911499 0.40895429253578186 
0.26814261078834534 0.6479482650756836 0.08390910923480988 
0.005334485787898302 0.289963036775589 0.7047024369239807 
0.01172694656997919 0.6903667449951172 0.29790636897087097 
0.16734257340431213 0.7567304372787476 0.07592695206403732 
0.013922645710408688 0.5290377140045166 0.45703965425491333 
0.14104080200195312 0.7393150329589844 0.11964409053325653 
0.7317950129508972 0.24619469046592712 0.022010304033756256 
0.21993666887283325 0.7127076983451843 0.06735571473836899 
0.022479793056845665 0.36940819025039673 0.608112096786499 
0.021899105980992317 0.22649332880973816 0.7516075968742371 
0.5588787198066711 0.39652395248413086 0.0445973165333271 
0.5764055252075195 0.40544313192367554 0.018151331692934036 
0.646682858467102 0.33673352003097534 0.01658366248011589 
0.10715789347887039 0.8247822523117065 0.06805982440710068 
0.16012510657310486 0.6519468426704407 0.1879279762506485 
0.1639702022075653 0.713092565536499 0.12293725460767746 
0.013926091603934765 0.687140703201294 0.2989331781864166 
0.7634789347648621 0.22675879299640656 0.009762260131537914 
0.004426416475325823 0.04091265797615051 0.9546608924865723 
0.035142675042152405 0.7556734085083008 0.20918388664722443 
0.20415757596492767 0.7459475994110107 0.04989482834935188 
0.019406357780098915 0.7210099697113037 0.25958359241485596 
0.518846869468689 0.44650617241859436 0.03464698791503906 
0.11074452847242355 0.8341758251190186 0.05507964268326759 
0.7469861507415771 0.23921997845172882 0.013793863356113434 
0.9733310341835022 0.0244891420006752 0.002179760718718171 
0.46817249059677124 0.48294785618782043 0.048879679292440414 
0.7721506953239441 0.21152424812316895 0.016325101256370544 
0.046195898205041885 0.8199670910835266 0.13383707404136658 
0.040744394063949585 0.7746744751930237 0.18458113074302673 
0.03364131972193718 0.6361098289489746 0.3302488327026367 
0.06991692632436752 0.7938913106918335 0.13619184494018555 
0.007308968808501959 0.08847463130950928 0.9042164087295532 
0.8031822443008423 0.1890462189912796 0.00777160469442606 
0.46835508942604065 0.4996834099292755 0.03196147084236145 
0.24615998566150665 0.7225375175476074 0.03130246698856354 
0.06768923997879028 0.8548528552055359 0.07745778560638428 
0.6155047416687012 0.36212965846061707 0.022365625947713852 
0.3361157476902008 0.5949733853340149 0.06891081482172012 
0.016844261437654495 0.5615386366844177 0.4216171205043793 
0.02248283289372921 0.9152106046676636 0.06230660527944565 
0.5312666296958923 0.44340282678604126 0.025330550968647003 
0.6310184597969055 0.3456650376319885 0.023316536098718643 
0.10302313417196274 0.8178547024726868 0.07912223786115646 
0.6835691332817078 0.2950897216796875 0.021341172978281975 
0.05307738110423088 0.37072423100471497 0.5761984586715698 
0.58786940574646 0.36270055174827576 0.04943004250526428 
0.0695556178689003 0.7298170924186707 0.20062726736068726 
0.0023538193199783564 0.06990409642457962 0.9277421236038208 
0.019406357780098915 0.7210099697113037 0.25958359241485596 
0.031063681468367577 0.4312046766281128 0.5377316474914551 
0.08529302477836609 0.5756676197052002 0.33903929591178894 
0.3183383345603943 0.6166927814483643 0.06496885418891907 
0.4070436954498291 0.5526506304740906 0.0403057225048542 
0.13998781144618988 0.39511168003082275 0.4649004638195038 
0.18484704196453094 0.7875077128410339 0.027645254507660866 
0.41360577940940857 0.5363602638244629 0.050033941864967346 
0.8138536810874939 0.1765238344669342 0.009622527286410332 
0.27640947699546814 0.6428872346878052 0.0807032436132431 
0.4713692367076874 0.5051314234733582 0.023499365895986557 
0.9189544916152954 0.07843421399593353 0.0026112906634807587 
0.0672084391117096 0.8841148614883423 0.04867679625749588 
0.8863101005554199 0.1051795482635498 0.008510272018611431 
0.29202747344970703 0.5782680511474609 0.12970443069934845 
0.021547546610236168 0.4616842269897461 0.516768217086792 
0.03154880180954933 0.9187548756599426 0.04969630390405655 
0.1594027876853943 0.7461082339286804 0.0944889634847641 
0.1994316130876541 0.6921103596687317 0.1084580048918724 
0.5195267200469971 0.3866133987903595 0.09385984390974045 
0.8556870222091675 0.1386454552412033 0.005667577497661114 
0.7539884448051453 0.22955720126628876 0.01645432412624359 
0.02376106008887291 0.7630453705787659 0.21319358050823212 
0.18683162331581116 0.646112322807312 0.16705605387687683 
0.3055972158908844 0.56371009349823 0.13069270551204681 
0.9037886261940002 0.08811934292316437 0.008091988041996956 
0.008281498216092587 0.552340030670166 0.4393784701824188 
0.6809080243110657 0.30156558752059937 0.01752633973956108 
0.023278100416064262 0.627018928527832 0.34970295429229736 
0.25606274604797363 0.6989791393280029 0.04495808854699135 
0.27875977754592896 0.6670579314231873 0.05418231338262558 
0.9269794821739197 0.06670720130205154 0.006313389167189598 
0.5619165301322937 0.4173777997493744 0.020705696195364 
0.40228328108787537 0.5526762008666992 0.045040540397167206 
0.10780522227287292 0.7825124859809875 0.1096823513507843 
0.6332717537879944 0.35514551401138306 0.011582749895751476 
0.5385820269584656 0.4479294717311859 0.01348849292844534 
0.4070436954498291 0.5526506304740906 0.0403057225048542 
0.17413030564785004 0.7470177412033081 0.07885195314884186 
0.2389664351940155 0.6867274045944214 0.07430613040924072 
0.019766800105571747 0.592718780040741 0.3875144422054291 
0.8435528874397278 0.14537954330444336 0.011067585088312626 
0.13296325504779816 0.7300621867179871 0.1369745433330536 
0.8626682758331299 0.12849783897399902 0.008833912201225758 
0.12444635480642319 0.7265786528587341 0.14897498488426208 
0.01762368343770504 0.6449629068374634 0.33741337060928345 
0.032641083002090454 0.8700528144836426 0.09730608016252518 
0.03249425068497658 0.547569990158081 0.41993579268455505 
0.8760181665420532 0.11396336555480957 0.010018394328653812 
0.11145961284637451 0.7281573414802551 0.16038303077220917 
0.6239746809005737 0.3670155107975006 0.009009809233248234 
0.2835594713687897 0.6490281820297241 0.06741230934858322 
0.2835594713687897 0.6490281820297241 0.06741230934858322 
0.7783427238464355 0.20838001370429993 0.01327729132026434 
0.23910845816135406 0.6725311279296875 0.08836039900779724 
0.8347059488296509 0.1592257171869278 0.006068299058824778 
0.6246427297592163 0.35305100679397583 0.022306300699710846 
0.8902850151062012 0.10404878109693527 0.005666188430041075 
0.464045912027359 0.4988221824169159 0.037131909281015396 
0.6716963648796082 0.30202504992485046 0.026278577744960785 
0.7032009363174438 0.28495240211486816 0.011846695095300674 
0.12196501344442368 0.5959653258323669 0.28206968307495117 
0.05041595920920372 0.5391858220100403 0.4103982448577881 
0.1656598150730133 0.7156823873519897 0.11865778267383575 
0.01028317492455244 0.2961503565311432 0.6935665011405945 
0.9007406234741211 0.09375223517417908 0.005507161375135183 
0.2950993478298187 0.679922878742218 0.02497783862054348 
0.7221128940582275 0.2658567428588867 0.012030406855046749 
0.7386375069618225 0.2270238995552063 0.034338612109422684 
0.07921905815601349 0.6728144288063049 0.24796649813652039 
0.0029088316950947046 0.043142251670360565 0.9539489150047302 
0.033069122582674026 0.8079049587249756 0.15902593731880188 
0.9109176397323608 0.08183424174785614 0.007248065900057554 
0.11792421340942383 0.6974374651908875 0.18463829159736633 
0.6712097525596619 0.31549501419067383 0.013295200653374195 
0.9673717021942139 0.030513182282447815 0.0021152112167328596 
0.7605935335159302 0.2269999235868454 0.012406506575644016 
0.9378786683082581 0.05848061665892601 0.003640830283984542 
0.006064530927687883 0.14474788308143616 0.8491876125335693 
0.4070436954498291 0.5526506304740906 0.0403057225048542 
0.9094327092170715 0.0846700593829155 0.005897216498851776 
0.047866567969322205 0.5687707662582397 0.38336268067359924 
0.3713530898094177 0.5243588089942932 0.10428807884454727 
0.7638114094734192 0.2267003208398819 0.009488207288086414 
0.019406357780098915 0.7210099697113037 0.25958359241485596 
0.05185145139694214 0.7878909707069397 0.16025760769844055 
0.31837794184684753 0.6440073847770691 0.03761468082666397 
0.23890350759029388 0.7425699830055237 0.018526563420891762 
0.4295470714569092 0.4666006565093994 0.1038522869348526 
0.8579956293106079 0.13077649474143982 0.011227898299694061 
0.7446837425231934 0.22241288423538208 0.03290338069200516 
0.5302832722663879 0.4414738118648529 0.028242846950888634 
0.9087139964103699 0.08731608837842941 0.003969843499362469 
0.1808117926120758 0.7899116277694702 0.02927655354142189 
0.2622460126876831 0.7090467810630798 0.028707213699817657 
