0.007097811
0.18727005
0.007834289
0.012098979
0.012021934
0.3746639
0.042371977
0.005063463
0.676106
0.1366576
0.006727303
0.08110639
0.018551752
0.24274227
0.113334745
0.64230716
0.47160807
0.10852478
0.036782708
0.24954653
0.0059524965
0.032211557
0.085470065
0.12052778
0.46539977
0.046805777
0.060358413
0.055258434
0.06258472
0.058316257
0.039852574
0.5444287
0.071657546
0.042708587
0.04034274
0.015212017
0.08851018
0.08851018
0.08851018
0.08712117
0.08712117
0.08712117
0.08712117
0.08712117
0.08712117
0.08851018
0.27291912
0.019878477
0.006060391
0.013472535
0.030154962
0.13581249
0.026524842
0.08851018
0.08712117
0.08712117
0.08712117
0.08851018
0.2433631
0.7505618
0.035245597
0.10631771
0.08851018
0.08712117
0.08851018
0.023758259
0.08258584
0.08712117
0.026524842
0.045120932
0.015215053
0.05896453
0.026524842
0.06821902
0.0652251
0.5642315
0.056087896
0.070374176
0.40335342
0.010215156
0.026524842
0.016427537
0.02388496
0.054075256
0.026524842
0.011058808
0.006681834
0.03684737
0.036843143
0.022301393
0.053523853
0.05704647
0.008411138
0.0052596126
0.0040594894
0.0332038
0.08932982
0.008668212
0.92662424
0.93091094
0.095607765
0.0076489146
0.03311603
0.27291912
0.061156116
0.026524842
0.08851018
0.08851018
0.08851018
0.08712117
0.08712117
0.08851018
0.08851018
0.08851018
0.08851018
0.08851018
0.08851018
0.08851018
0.08712117
0.08851018
0.010386418
0.0023196288
0.032263484
0.08851018
0.08851018
0.07683553
0.026524842
0.008966036
0.007576348
0.34481224
0.34414133
0.033855822
0.0062956573
0.016679803
0.055734787
0.046326615
0.00837736
0.022793846
0.026524842
0.046788
0.013621019
0.90598106
0.013000974
0.12934232
0.07130979
0.029186957
0.0052477196
0.026524842
0.08340822
0.009267473
0.042727694
0.27291912
0.033261754
0.0058719832
0.10765389
0.013991805
0.40640858
0.3887401
0.03899679
0.21283863
0.12607849
0.007663457
0.007304678
0.023586623
0.033513334
0.043653484
0.0064587127
0.0019143033
0.004543973
0.10870533
0.10333877
0.876043
0.18119244
0.0067417305
0.10343794
0.20257121
0.2595836
0.19225137
0.0070009343
0.006279849
0.911794
0.019480363
0.0034736996
0.044415865
0.010178447
0.21072677
0.09782639
0.04483672
0.98683053
0.06529801
0.053547226
0.0064015808
0.0081247045
0.008437887
0.043738026
0.026524842
0.050337035
0.31581518
0.075845875
0.015762072
0.03690354
0.024665497
0.05784146
0.0062889312
0.13705026
0.2595836
0.007942453
0.01691045
0.1889335
0.0029583324
0.0033289206
0.027535865
0.013033222
0.060875237
0.0034064697
0.010556108
0.026524842
0.008965671
0.37599298
0.026524842
0.037409075
0.11654989
0.024906889
0.004611668
0.1839312
0.62082887
0.039067872
0.026524842
0.029742133
0.15687247
0.2595836
0.014858098
0.43006322
0.1269564
0.023921752
0.78616244
0.0150724165
0.29460156
0.052696783
0.11446492
0.11964433
0.048025336
0.0145882275
0.5452564
0.026524842
0.03931017
0.34724802
0.3668476
0.07493983
0.15296887
0.18478611
0.047683734
0.029391432
0.5775977
0.06829995
0.07355944
0.27551076
0.3423721
0.04415966
0.013357931
0.027639473
0.15300329
0.0703182
0.026524842
0.018602435
0.0140015865
0.5895152
0.9013703
0.02570912
0.2595836
0.016193572
0.026524842
0.019489963
0.676106
0.5645045
0.7595525
0.008268576
0.7450009
0.10555877
0.008348708
0.013464183
0.0040735435
0.24274227
0.006609679
0.94449353
0.6915103
0.6915103
0.6915103
0.6972288
0.010416663
0.759177
0.11126823
0.024523608
0.06271883
0.03490895
0.2595836
0.035046436
0.005678873
0.0072764577
0.023986423
0.017774109
0.04394985
0.043874443
0.0061626807
0.026524842
0.0047303936
0.0047676913
0.026204018
0.04165881
0.026524842
0.0059565147
0.06552557
0.016376777
0.07962328
0.02710774
0.031203216
0.031640466
0.022350043
0.24319987
0.073939756
0.061345056
0.0059524965
0.026524842
0.015158229
0.023831164
0.10790231
0.35422805
0.5897717
0.0347772
0.2595836
0.23175672
0.012784816
0.011649221
0.9319673
0.0061307126
0.7199728
0.026524842
0.039300613
0.31847104
0.09562335
0.0475623
0.026524842
0.026524842
0.14602152
0.029084628
0.12333503
0.24319987
0.19290836
0.3374491
0.04714411
0.23056415
0.9023414
0.39563814
0.007941104
0.055608507
0.03236181
0.2595836
0.2090424
0.020360036
0.19942296
0.041994233
0.44280583
0.067470446
0.03875602
0.056765202
0.45971724
0.052079216
0.0787449
0.07457107
0.026524842
0.013065581
0.5905219
0.022383109
0.06828741
0.08735612
0.47914624
0.024864651
0.9452414
0.006609679
0.16302131
0.14490335
0.0755317
0.25900745
0.038864333
0.2801374
0.22003081
0.13065787
0.13463034
0.060609248
0.021563213
0.017079603
0.0069852695
0.03474932
0.025819648
0.026524842
0.022365626
0.002891054
0.6096418
0.0113395015
0.014683002
0.09047119
0.04552415
0.019558147
0.053243753
0.05334463
0.007872272
0.29555616
0.004701957
0.2595836
0.07766877
0.026524842
0.026524842
0.031516027
0.43728465
0.0060742996
0.003573053
0.010472584
0.031678136
0.15442124
0.02654757
0.20257121
0.026524842
0.0091546755
0.45431042
0.16696216
0.03826462
0.08642274
0.05132673
0.026524842
0.049750727
0.05276363
0.111191526
0.02491949
0.026858011
0.34328
0.27130717
0.042463616
0.48212335
0.008729207
0.02608776
0.026524842
0.07334096
0.062483095
0.035781875
0.026524842
0.036953498
0.03731084
0.74552566
0.06365282
0.06365282
0.2595836
0.61370915
0.026524842
0.017102657
0.025671145
0.05241421
0.2561309
0.022572182
0.12288517
0.026524842
0.049140498
0.053365335
0.041356876
0.027748873
0.05712875
0.019223502
0.026524842
0.026980594
0.03775856
0.7450009
0.007880418
0.0019731205
0.18409553
0.02715144
0.026198473
0.6289132
0.02658406
0.061003216
0.063556924
0.093495354
0.009743913
0.19876975
0.058992878
0.17396475
0.0114140315
0.051335305
0.58096766
0.007330677
0.03302251
0.009384279
0.011936369
0.11818938
0.02715144
0.58393043
0.026524842
0.0027511565
0.06626696
0.2595836
0.017957717
0.16021736
0.09959469
0.01816819
0.026524842
0.05812544
0.049632978
0.0035167322
0.011877232
0.030502522
0.058639772
0.029463474
0.019787557
0.676106
0.08101035
0.06989044
0.2818471
0.032905187
0.026524842
0.0027187637
0.045647442
0.0083793625
0.15474805
0.004887854
0.0670007
0.016388264
0.021488719
0.02678427
0.49035403
0.017936494
0.49035403
0.05431614
0.021211926
0.017288128
0.0032860336
0.2761248
0.0088732075
0.68863094
0.041286886
0.24274227
0.5452879
0.0043673245
0.036674533
0.29818696
0.021246538
0.10800943
0.02812057
0.47405162
0.026524842
0.026600394
0.01608481
0.021659654
0.024686344
0.026524842
0.006314971
0.020189973
0.14890602
0.2595836
0.28836006
0.008038879
0.08597026
0.0644712
0.021622034
0.027939215
0.08804088
0.21285571
0.010206342
0.033362526
0.014888101
0.00820134
0.6436664
0.105188005
0.14938954
0.07554618
0.27894965
0.053793248
0.19009621
0.07905356
0.13719773
0.8806801
0.14167576
0.0097032655
0.030592456
0.0660549
0.024297662
0.039944176
0.027748873
0.025464397
0.066124886
0.3915743
0.06222274
0.0074261515
0.21132413
0.15613502
0.037902765
0.013655033
0.09293072
0.0054778853
0.014011006
0.045532398
0.087091416
0.12896796
0.020915871
0.25349492
0.10505612
0.027075736
0.2595836
0.047661804
0.019805906
0.11492783
0.6758974
0.38670433
0.015094498
0.058587596
0.0028578835
0.006564279
0.022281595
0.009767658
0.04826511
0.00904915
0.76681477
0.0048474707
0.018139714
0.092673905
0.32980412
0.7388729
0.15775312
0.06293924
0.07077133
0.005970825
0.015809683
0.06072245
0.06072245
0.024686918
0.5242103
0.06365282
0.060195293
0.0061180713
0.6237716
0.0768899
0.0035758733
0.0029838132
0.06479934
0.045302346
0.16450676
0.0633156
0.2595836
0.028276728
0.01626681
0.46317142
0.11733525
0.04418992
0.027726835
0.035173845
0.032718893
0.03318078
0.12049627
0.4299672
0.00468396
0.059361376
0.19474788
0.42273927
0.018305637
0.2407087
0.13294949
0.019153006
0.13923411
0.7692936
0.012660904
0.066694565
0.14849947
0.36282468
0.030472193
0.06685745
0.06414887
0.45526814
0.16602747
0.16088958
0.022241073
0.0097386
0.11180189
0.3321069
0.0430076
0.15478927
0.0068330425
0.18295287
0.2595836
0.052749157
0.3761371
0.0815156
0.9749961
0.0069474457
0.022365626
0.80295444
0.02641917
0.0034828396
0.10479303
0.02511566
0.72072965
0.004174584
0.061279476
0.13718466
0.008636676
0.152282
0.028586388
0.029540023
0.05181212
0.045418072
0.05350598
0.019839747
0.03957918
0.006713879
0.08288047
0.06925038
0.04543927
0.05433563
0.07056664
0.2595836
0.019515214
0.044158407
0.012988594
0.013253491
0.02832581
0.05303097
0.062322754
0.06445971
0.049194563
0.16546537
0.6995029
0.20257121
0.034495708
0.25601116
0.06426041
0.5795795
0.07210637
0.058798835
0.04248428
0.20798984
0.1838888
0.04013092
0.060213283
0.06370674
0.13274454
0.0070431875
0.008808594
0.01865057
0.2193955
0.02631156
0.01079778
0.05027004
0.39677134
0.0061596674
0.71681815
0.04142118
0.027207926
0.057408564
0.011730542
0.034786887
0.03376413
0.060411587
0.031401213
0.030430596
0.73402023
0.056283616
0.048264347
0.8445697
0.64964193
0.0062987558
0.48557833
0.060173567
0.03999634
0.048014868
0.005040381
0.01698749
0.2124371
0.051834084
0.43149704
0.68421054
0.049917303
0.07385085
0.06958647
0.04395294
0.044310853
0.12220102
0.04875238
0.2595836
0.008031404
0.20231727
0.1200833
0.09228537
0.0050285477
0.45970124
0.048827857
0.04350168
0.65731317
0.06104486
0.04083999
0.118036665
0.004996161
0.13487107
0.118036665
0.118036665
0.118036665
0.10439096
0.0124853
0.02090304
0.02715718
0.07273314
0.034348205
0.02910134
0.086983316
0.07805579
0.41987762
0.0085701505
0.024977628
0.011249093
0.036891613
0.31854522
0.74668705
0.095365316
0.32790628
0.25207716
0.5446174
0.041798446
0.16342323
0.039379045
0.021047818
0.4889142
0.009150839
0.19429673
0.08851851
0.012147082
0.034348205
0.7590559
0.030223876
0.07875387
0.2303253
0.030708363
0.06457509
0.51168156
0.2595836
0.014633808
0.676106
0.023492625
0.02136521
0.113106705
0.025689697
0.0261798
0.03729784
0.15666693
0.015182587
0.2263578
0.027645255
0.24274227
0.1855431
0.031241037
0.03321212
0.4089543
0.08390911
0.70470244
0.29790637
0.07592695
0.45703965
0.11964409
0.022010304
0.067355715
0.6081121
0.7516076
0.044597317
0.018151332
0.016583662
0.068059824
0.18792798
0.122937255
0.29893318
0.00976226
0.9546609
0.20918389
0.04989483
0.2595836
0.034646988
0.055079643
0.013793863
0.0021797607
0.04887968
0.016325101
0.13383707
0.18458113
0.33024883
0.13619184
0.9042164
0.0077716047
0.03196147
0.031302467
0.077457786
0.022365626
0.068910815
0.42161712
0.062306605
0.025330551
0.023316536
0.07912224
0.021341173
0.57619846
0.049430043
0.20062727
0.9277421
0.2595836
0.53773165
0.3390393
0.064968854
0.040305723
0.46490046
0.027645255
0.050033942
0.009622527
0.08070324
0.023499366
0.0026112907
0.048676796
0.008510272
0.12970443
0.5167682
0.049696304
0.09448896
0.108458005
0.093859844
0.0056675775
0.016454324
0.21319358
0.16705605
0.1306927
0.008091988
0.43937847
0.01752634
0.34970295
0.04495809
0.054182313
0.006313389
0.020705696
0.04504054
0.10968235
0.01158275
0.013488493
0.040305723
0.07885195
0.07430613
0.38751444
0.011067585
0.13697454
0.008833912
0.14897498
0.33741337
0.09730608
0.4199358
0.010018394
0.16038303
0.009009809
0.06741231
0.06741231
0.013277291
0.0883604
0.006068299
0.0223063
0.0056661884
0.03713191
0.026278578
0.011846695
0.28206968
0.41039824
0.11865778
0.6935665
0.0055071614
0.024977839
0.012030407
0.034338612
0.2479665
0.9539489
0.15902594
0.007248066
0.18463829
0.013295201
0.0021152112
0.012406507
0.0036408303
0.8491876
0.040305723
0.0058972165
0.38336268
0.10428808
0.009488207
0.2595836
0.16025761
0.03761468
0.018526563
0.10385229
0.011227898
0.03290338
0.028242847
0.0039698435
0.029276554
0.028707214
