0.8732966
0.39868137
0.74263436
0.5101843
0.83400375
0.6979869
0.4258828
0.44185033
0.44185033
0.7422486
0.23018026
0.80215436
0.7708736
0.85463494
0.26654568
0.46889636
0.19168797
0.6120074
0.19903913
0.367434
0.7468885
0.17103146
0.8492232
0.7660663
0.79205966
0.586582
0.34162286
0.16840646
0.82892334
0.59502846
0.7822805
0.45891508
0.15694407
0.5837607
0.8098637
0.14452389
0.52787906
0.2786658
0.12312149
0.059937995
0.07396944
0.38384447
0.14881518
0.87288296
0.6143485
0.59398514
0.03692112
0.3325494
0.17776248
0.041863173
0.762044
0.3330062
0.16820471
0.09836183
0.19777745
0.8079711
0.85901326
0.36077154
0.23654683
0.2862413
0.20095201
0.26589274
0.20925036
0.26101083
0.0731361
0.851539
0.70584255
0.124682486
0.5634521
0.106993176
0.7892318
0.16197439
0.2956004
0.049313247
0.29266897
0.21643427
0.051036444
0.5476009
0.33914846
0.5927037
0.5794792
0.07073849
0.4293403
0.81614614
0.85193145
0.32224828
0.6820665
0.74057716
0.19160025
0.41606185
0.078497656
0.44829673
0.44453022
0.18516871
0.19432288
0.19432288
0.17645077
0.18516871
0.4786088
0.86364186
0.8372792
0.33847913
0.7933156
0.3656443
0.60849696
0.27266672
0.8356087
0.62012213
0.17624809
0.7113834
0.27250692
0.062545106
0.5960806
0.25699437
0.9332824
0.33857077
0.90154934
0.7762523
0.64162344
0.6939785
0.7027414
0.78335977
0.58084416
0.10784318
0.04492757
0.40932307
0.52573425
0.19580165
0.14176755
0.14176755
0.75223255
0.52876025
0.5574399
0.39237636
0.76305705
0.09891861
0.7838954
0.7838954
0.7838954
0.22009087
0.38311076
0.78727114
0.23477814
0.21996689
0.13448867
0.51042193
0.18291004
0.079417236
0.75223845
0.07816709
0.21757421
0.06134042
0.6196205
0.62239563
0.30794913
0.3148653
0.42786357
0.44072795
0.02186125
0.18534571
0.40185773
0.64675784
0.80307907
0.6004487
0.42966953
0.11705403
0.19077663
0.2023461
0.20404787
0.103927985
0.033910714
0.3404077
0.048056297
0.6649663
0.23489237
0.68555015
0.62477237
0.77081454
0.80797493
0.70213765
0.15181324
0.50688976
0.84710944
0.05026415
0.707447
0.71075857
0.34102488
0.1746366
0.45240963
0.28641614
0.094879046
0.6775383
0.35084438
0.8007996
0.72014916
0.55063206
0.6547748
0.21916121
0.35341018
0.6711407
0.27343222
0.25358683
0.49516827
0.5590668
0.5638665
0.4684464
0.21045858
0.66274935
0.12062754
0.15739101
0.18021028
0.66960967
0.6462433
0.8273521
0.8357389
0.8287977
0.19432288
0.19432288
0.54369855
0.112041466
0.27631488
0.3414407
0.7828355
0.32874322
0.5206814
0.18446746
0.9305908
0.124671176
0.85855746
0.34329355
0.025346557
0.46024936
0.19432288
0.21714517
0.19432288
0.18516871
0.24684012
0.18516871
0.18516871
0.18516871
0.18516871
0.8786628
0.8441676
0.8450535
0.25439355
0.36647576
0.25260198
0.06513737
0.25260794
0.6793596
0.8158632
0.27718744
0.23634872
0.64832395
0.12407561
0.27081808
0.36778322
0.3016742
0.3471687
0.18954603
0.661088
0.5239469
0.120238304
0.8775259
0.16659632
0.4814305
0.61950743
0.17765436
0.2192094
0.704364
0.45652556
0.53109103
0.20277832
0.76214325
0.6385932
0.64640105
0.6519105
0.5197809
0.81338304
0.21113974
0.22023468
0.62557524
0.5606293
0.24918032
0.37687168
0.52795315
0.057668284
0.45983753
0.27248284
0.15022057
0.24492405
0.8643885
0.6365398
0.6325269
0.7674249
0.19764428
0.44632605
0.8700195
0.12810484
0.7541549
0.8702413
0.12070105
0.32458547
0.7539062
0.8613865
0.76195574
0.24536163
0.15467522
0.85803705
0.75519127
0.7357566
0.087653756
0.07442372
0.7451871
0.75768584
0.8213446
0.8610073
0.11198361
0.18501902
0.05758374
0.37946543
0.124593176
0.22636335
0.8467222
0.333453
0.30939198
0.3243479
0.22596076
0.48032618
0.8624785
0.32575703
0.1901203
0.13147813
0.3125251
0.3285082
0.053175133
0.6326092
0.30727005
0.18335955
0.5590668
0.23393637
0.13489887
0.54962987
0.8135219
0.44462982
0.5734948
0.54259145
0.48824355
0.11415372
0.44148228
0.43838444
0.43907464
0.6965432
0.14129005
0.8618557
0.4797905
0.87110394
0.06535125
0.637215
0.249932
0.6378076
0.21952344
0.018013034
0.24007101
0.82536364
0.7242192
0.109724335
0.8292905
0.24250752
0.19137472
0.20060864
0.45287338
0.39956534
0.82578474
0.54832757
0.38042843
0.64109045
0.862925
0.6831456
0.66217166
0.9003734
0.41199875
0.09904388
0.678427
0.6250359
0.648978
0.0609499
0.40913054
0.7473012
0.41121528
0.574334
0.8014711
0.8141136
0.793691
0.19963922
0.88530624
0.20925379
0.15932615
0.31339097
0.062153865
0.6783598
0.6236934
0.3037549
0.40566725
0.20738918
0.75646913
0.23988381
0.36580122
0.09504379
0.9092283
0.76204216
0.32307488
0.67784876
0.36157447
0.40989998
0.7202652
0.20060943
0.8576056
0.1105093
0.45928916
0.5725681
0.7347754
0.63408786
0.603571
0.2521961
0.038665853
0.35305685
0.0731825
0.69438726
0.7680777
0.7680777
0.322495
0.032267682
0.10300331
0.03497758
0.8712263
0.1786896
0.41531414
0.16927665
0.7906309
0.8458694
0.050522976
0.15953176
0.31746414
0.79525566
0.3916674
0.66852474
0.5590668
0.8974906
0.49974316
0.19587198
0.06701207
0.1876296
0.0633707
0.09395637
0.40390602
0.91968644
0.13957879
0.53854346
0.09288346
0.6966686
0.741615
0.73846126
0.6307939
0.7892011
0.7892011
0.7892011
0.15022875
0.16970783
0.47193232
0.11215445
0.25912365
0.071877256
0.049232364
0.6354889
0.52302235
0.6547001
0.8956187
0.023094065
0.4205428
0.33667743
0.07895047
0.92714685
0.57576627
0.3406032
0.3330062
0.09496842
0.23525187
0.3034255
0.4661061
0.2983504
0.17714795
0.8418786
0.8252825
0.16894303
0.86610883
0.1999855
0.5782035
0.55409616
0.41826838
0.7427209
0.71320117
0.7939527
0.102738544
0.84970677
0.19432288
0.6374054
0.5199904
0.30181897
0.7735615
0.71313846
0.039800078
0.5875419
0.10902374
0.022575455
0.054260243
0.15646182
0.30696958
0.5471119
0.86951756
0.5633869
0.7720716
0.17520991
0.030790497
0.19160025
0.67130375
0.19432288
0.9165826
0.59637153
0.26740697
0.12070105
0.4291797
0.69093984
0.5038998
0.692338
0.7715039
0.47815457
0.14008981
0.028870946
0.8034683
0.6376793
0.025834022
0.29105145
0.21640004
0.15079828
0.7766745
0.32678553
0.90954834
0.7656333
0.7340518
0.36510566
0.15590383
0.52258384
0.57457536
0.7160221
0.16251874
0.83576304
0.7545611
0.046917453
0.56639737
0.026976641
0.636019
0.068958975
0.8969798
0.5579621
0.67095906
0.83021384
0.124551944
0.38700745
0.7864878
0.6137296
0.12118715
0.20279522
0.60623264
0.38720128
0.71690655
0.120175004
0.064205974
0.07452792
0.50071263
0.2917469
0.1482764
0.19889139
0.11830185
0.2644977
0.27305168
0.36774197
0.3087491
0.6412951
0.8384281
0.8728236
0.04531891
0.45261395
0.6160904
0.098822355
0.111662984
0.28318846
0.19432902
0.25536552
0.36409706
0.58918726
0.65182287
0.6825493
0.5295513
0.6827352
0.5260113
0.87906575
0.7469815
0.17398667
0.5401956
0.039108444
0.038705625
0.18559165
0.6080604
0.5019155
0.017762715
0.80813956
0.31230092
0.20045932
0.7318557
0.5894772
0.739798
0.37154996
0.2938276
0.35629335
0.19058995
0.75356025
0.09978314
0.10434847
0.2604545
0.67440194
0.24031433
0.6978001
0.5814398
0.11665619
0.52181935
0.6327921
0.40347368
0.1368389
0.16475983
0.92191005
0.5076212
0.044157863
0.8248321
0.8674637
0.45247552
0.2287772
0.8998765
0.18276949
0.49137956
0.43582016
0.16739836
0.49969637
0.18578207
0.49578658
0.32041815
0.3159976
0.80418247
0.8922521
0.24485879
0.7464949
0.2406288
0.2665897
0.6817168
0.80570734
0.51952386
0.16023028
0.3702377
0.5190649
0.77956206
0.0100383945
0.38289362
0.43078446
0.4542757
0.0668458
0.10221879
0.58682173
0.33296758
0.68546253
0.26597038
0.8380918
0.593893
0.29815847
0.75566137
0.32627723
0.70664364
0.91164035
0.4085672
0.3061253
0.87537485
0.30628532
0.17876215
0.6218021
0.012118568
0.17292143
0.072952375
0.20838429
0.21820799
0.89276105
0.6738852
0.4544946
0.8877573
0.12246557
0.8934289
0.15343851
0.01734354
0.8525592
0.5047257
0.23731615
0.33579946
0.06195751
0.57064795
0.29411268
0.47736627
0.25403818
0.5850934
0.4880848
0.3485999
0.5550909
0.2868131
0.73498285
0.33556446
0.7113736
0.060998786
0.8578608
0.15288629
0.4368377
0.058176804
0.90432197
0.046816144
0.8301097
0.099913925
0.4528706
0.054482475
0.4531147
0.22454558
0.8305943
0.5917351
0.6820024
0.39870515
0.5634628
0.7030762
0.17736585
0.37481564
0.19769394
0.39663664
0.772456
0.801624
0.801624
0.801624
0.801624
0.06490181
0.12716469
0.45996627
0.21874744
0.26331425
0.17008832
0.33021533
0.7327767
0.07223664
0.5265904
0.48145655
0.5843046
0.06859559
0.25950795
0.4595144
0.34166107
0.65881217
0.091658324
0.7547686
0.3167735
0.6505108
0.8618557
0.74069047
0.18081465
0.52705395
0.5180056
0.85352993
0.6734635
0.21539831
0.08151952
0.5883384
0.06827989
0.120175004
0.31423047
0.41902688
0.87288296
0.2875647
0.7013451
0.87288296
0.51531655
0.7769013
0.2357883
0.5011223
0.5019519
0.29403612
0.43420365
0.19449492
0.57787424
0.30392587
0.56210464
0.6798419
0.4492927
0.6365398
0.6325269
0.09526452
0.10643112
0.6415786
0.6415786
0.6415786
0.50610936
0.74834985
0.32832265
0.20643568
0.7918952
0.6210424
0.6802078
0.23739563
0.26661062
0.12326196
0.8174327
0.22918776
0.5558283
0.7781565
0.24441881
0.48220932
0.1864666
0.70866716
0.8501689
0.7051397
0.45136735
0.65495735
0.18081465
0.11558406
0.8083597
0.15829891
0.37646353
0.18827036
0.4563208
0.21797411
0.54820365
0.32550734
0.12621799
0.3575683
0.28746256
0.03412235
0.09657073
0.20030569
0.026707463
0.5147386
0.29825434
0.026236279
0.24442877
0.8305449
0.82287925
0.08862205
0.07023928
0.40343305
0.79063135
0.10548065
0.5226127
0.31887004
0.47763026
0.31989998
0.31667593
0.14867522
0.06484274
0.056388624
0.16266596
0.29302013
0.5171348
0.26986426
0.519391
0.22249836
0.32583573
0.7302887
0.19136736
0.17398667
0.17398667
0.17398667
0.84873766
0.67694175
0.17398667
0.19136736
0.17398667
0.20291494
0.2786312
0.65190923
0.79426306
0.79426306
0.17398667
0.19136736
0.17398667
0.17500325
0.19136736
0.19136736
0.17398667
0.17398667
0.17398667
0.17398667
0.19136736
0.17398667
0.17398667
0.17398667
0.17398667
0.17398667
0.19136736
0.20583098
0.124551944
0.18725863
0.18725863
0.18725863
0.18725863
0.18725863
0.18725863
0.20445533
0.124551944
0.18725863
0.119597524
0.42236
0.18725863
0.18725863
0.18725863
0.20445533
0.18725863
0.18725863
0.29250404
0.57284635
0.57304066
0.20445533
0.71164125
0.119401366
0.840305
0.08427042
0.3656696
0.3656696
0.3656696
0.5183838
0.78959566
0.5541341
0.19251834
0.846831
0.10276019
0.01688117
0.8346432
0.35652226
0.10430672
0.13943687
0.025079448
0.3243594
0.026612429
0.8486824
0.4894469
0.3159553
0.02710289
0.6481964
0.8609487
0.5292261
0.55652285
0.3330062
0.04127432
0.27885172
0.507423
0.23994425
0.91165835
0.18238041
0.12768824
0.8234873
0.29075247
0.55363727
0.018481828
0.8932226
0.7346078
0.10771568
0.5257828
0.5866191
0.34660017
0.11375435
0.71907234
0.9006997
0.08551593
0.40379554
0.047139242
0.29886943
0.06370126
0.82934606
0.6079858
0.48652682
0.17810133
0.8646608
0.11731634
0.40592498
0.7704088
0.032285213
0.8247949
0.09184582
0.5599532
0.092361294
0.6447577
0.20445907
