0.042408958
0.57620823
0.2273253
0.07851414
0.09657438
0.053760637
0.014958137
0.016083958
0.016083958
0.10315665
0.01278561
0.15213808
0.1343383
0.05863572
0.023125688
0.047599766
0.019374417
0.24508533
0.79324627
0.014991135
0.18930764
0.8267962
0.02118636
0.13901553
0.057300627
0.025302852
0.015013861
0.004770978
0.13692246
0.3680382
0.1880205
0.045768004
0.83849144
0.4052842
0.030633882
0.008740794
0.16353473
0.038951643
0.87412
0.00329553
0.006205381
0.05808654
0.006871359
0.07133771
0.038386133
0.12601753
0.9620347
0.023062758
0.81586856
0.95639724
0.18851723
0.6610832
0.007836869
0.8951567
0.79488504
0.16890155
0.055394907
0.05428787
0.7511542
0.70545346
0.7921594
0.7067724
0.006956887
0.71784294
0.0041649016
0.08011945
0.02782396
0.0043558897
0.05772754
0.88775223
0.04939548
0.005453464
0.018492902
0.94946116
0.014203768
0.00929016
0.947021
0.10672974
0.01632613
0.34520993
0.20700192
0.0033137035
0.013489323
0.07490139
0.060686957
0.017349062
0.034434564
0.03926409
0.010912654
0.013260184
0.0035623733
0.45954338
0.466011
0.010137214
0.010922111
0.010922111
0.81727046
0.010137214
0.020440629
0.07501943
0.14230996
0.03278262
0.11524986
0.022938278
0.3433869
0.014070679
0.03503513
0.34751102
0.0076030134
0.08679231
0.023464682
0.0038504389
0.031369478
0.00998581
0.042886063
0.01474172
0.029701814
0.03269622
0.34790248
0.2776003
0.026026007
0.19624601
0.055402458
0.0039156643
0.0028435953
0.009395918
0.45830894
0.006050502
0.0046181413
0.0046181413
0.14795509
0.35655355
0.0423654
0.025989654
0.038315926
0.005695982
0.18440843
0.18440843
0.18440843
0.009273752
0.20491913
0.025914922
0.010832196
0.010754776
0.005697557
0.48026365
0.01157611
0.91637015
0.1953342
0.0033719945
0.013968389
0.00385883
0.05406518
0.097599246
0.025242532
0.6813072
0.025875144
0.54854244
0.002737187
0.0073637874
0.02795048
0.2724549
0.12914936
0.37794113
0.5571076
0.87386096
0.005955037
0.0068767555
0.007006227
0.0045410353
0.96478117
0.01582098
0.9509332
0.31728432
0.76260126
0.09459199
0.12877613
0.21204852
0.047717255
0.26410475
0.0061534736
0.48051804
0.040068537
0.94825435
0.2595743
0.2777289
0.6352506
0.0071443925
0.4648188
0.024835164
0.9032572
0.29454866
0.61554754
0.02787913
0.060321
0.030321656
0.19229029
0.0078029716
0.019247001
0.032004602
0.723134
0.7436828
0.036529813
0.039408084
0.042920288
0.4953787
0.0062688193
0.32627475
0.005392046
0.0069886567
0.8055734
0.07421825
0.0955512
0.046397258
0.118934385
0.026602754
0.010922111
0.010922111
0.06718708
0.0040939953
0.7092202
0.015452659
0.08795118
0.012198553
0.21418054
0.007103588
0.04776409
0.8727353
0.08419929
0.015175193
0.9721
0.5311026
0.010922111
0.011814473
0.010922111
0.010137214
0.01776939
0.010137214
0.010137214
0.010137214
0.010137214
0.033283696
0.09098609
0.028903885
0.7411549
0.013169019
0.014546674
0.0030779112
0.00884038
0.29111487
0.029684704
0.7176209
0.01372148
0.33743337
0.0056880605
0.007930246
0.0423337
0.0066856174
0.6308835
0.008222038
0.27778807
0.4615642
0.87711364
0.083558686
0.009467099
0.47927633
0.042986386
0.81698924
0.015228276
0.14819406
0.017951116
0.055252645
0.00846019
0.049236637
0.04136904
0.10638925
0.055528637
0.093620956
0.03298911
0.01991893
0.009002286
0.09465039
0.07887451
0.73996764
0.01799482
0.055560913
0.0030255762
0.03877375
0.02183537
0.014698187
0.7500199
0.061230082
0.3449681
0.34607816
0.052083984
0.80004454
0.014566834
0.10857023
0.0058673914
0.04158015
0.0342893
0.004773354
0.61770326
0.15027075
0.07305316
0.050825905
0.025440522
0.0070549613
0.1184046
0.03791369
0.03712669
0.0039277445
0.0057175267
0.035658695
0.03614826
0.13144204
0.046691045
0.005731291
0.0074052345
0.0026756742
0.01630001
0.004874362
0.006569389
0.14167555
0.6436344
0.015959851
0.010931272
0.008246116
0.018966258
0.06163732
0.014160229
0.010020529
0.0042715813
0.033267852
0.6648823
0.0035388193
0.13357271
0.0063828994
0.010616377
0.039408084
0.007026559
0.008957018
0.36022976
0.11757989
0.02546523
0.40572202
0.058876924
0.45681196
0.88288546
0.5178974
0.019073797
0.018952448
0.04965406
0.007050359
0.061673474
0.022606185
0.062249094
0.0028973094
0.041335758
0.7466073
0.2669385
0.008042332
0.981108
0.006091416
0.10055028
0.21910639
0.0048199547
0.09309117
0.009763663
0.013493444
0.011668038
0.06690163
0.5894054
0.12101316
0.42342815
0.018803209
0.34838113
0.0867213
0.29286426
0.1539695
0.07446009
0.016709566
0.0034840044
0.0361773
0.03359045
0.049425818
0.005808741
0.011816734
0.04112972
0.027260842
0.1704985
0.054192226
0.059150044
0.13531823
0.011779862
0.033214007
0.0072394665
0.01108086
0.6812704
0.0031582948
0.20932382
0.11600201
0.014511574
0.020819027
0.006964909
0.046084203
0.007957841
0.01684553
0.9018746
0.059301402
0.028904567
0.6681265
0.22157003
0.017302856
0.015296549
0.044528898
0.007534375
0.038390066
0.8842538
0.51265526
0.15988025
0.022767413
0.16985151
0.27767563
0.035575833
0.0028923266
0.015804648
0.92238647
0.1699505
0.02834125
0.02834125
0.012778363
0.9670606
0.8941812
0.96338385
0.038094196
0.016798878
0.013985784
0.0069604022
0.11997906
0.07238184
0.0030928736
0.007944235
0.022570489
0.10545546
0.02247239
0.045640793
0.039408084
0.08023082
0.023559853
0.008733353
0.9296085
0.011298747
0.93316454
0.0053893956
0.012567962
0.05548657
0.85529864
0.03630462
0.9041542
0.09333162
0.23763315
0.1126505
0.046207022
0.054553714
0.054553714
0.054553714
0.8362682
0.008707387
0.5109971
0.0056639803
0.015652087
0.926516
0.0043487423
0.34441295
0.027622169
0.10289341
0.082077295
0.9755529
0.020205677
0.656044
0.9182698
0.04750199
0.3791635
0.6538609
0.6610832
0.0074354876
0.010921698
0.69165945
0.02901954
0.011978915
0.005179677
0.11384692
0.05327694
0.005491241
0.11281746
0.011283438
0.41059014
0.058988836
0.01018593
0.050888367
0.022931488
0.19633688
0.004467678
0.11227711
0.010922111
0.0288348
0.073551394
0.6842513
0.1998881
0.0300262
0.9588527
0.40405506
0.88494444
0.97623026
0.94398093
0.8399518
0.013238776
0.3326425
0.071145855
0.08926111
0.09751069
0.82190716
0.9681271
0.010912654
0.31678462
0.010922111
0.03322356
0.018896852
0.012155123
0.004773354
0.03127822
0.06514987
0.022441853
0.28800675
0.03193461
0.07570771
0.0074797207
0.969381
0.115869224
0.11700931
0.97234243
0.012452808
0.009365278
0.83866054
0.11204361
0.014455287
0.026249431
0.056791887
0.18556817
0.6261922
0.0054515563
0.47229296
0.029899398
0.08500126
0.0064868093
0.023581345
0.047223914
0.95040596
0.066506274
0.968393
0.026944814
0.0037292105
0.032485418
0.094317816
0.29287297
0.027950367
0.0049118027
0.04810945
0.18144967
0.24832517
0.004742583
0.010793318
0.37378776
0.5136407
0.04137048
0.0072744587
0.003392799
0.9238835
0.4494848
0.012051971
0.006245636
0.0112143755
0.004705489
0.021792417
0.023673382
0.01698819
0.04001376
0.019290667
0.046927564
0.11262773
0.0038003828
0.5136935
0.029376207
0.005122365
0.0056196055
0.013975583
0.8018175
0.73899657
0.019767048
0.39320356
0.24042153
0.14835934
0.025464114
0.15104523
0.4078472
0.04618503
0.057177715
0.0084180385
0.45042586
0.9593749
0.95980966
0.011589207
0.12515002
0.026452668
0.98134285
0.059681572
0.68552643
0.012658558
0.019535143
0.3212827
0.14441575
0.014900672
0.017661512
0.63712597
0.012973643
0.17285486
0.0033617332
0.008662182
0.7327052
0.3039758
0.006973891
0.13070358
0.031633954
0.012693964
0.10754992
0.16732532
0.01420666
0.011139011
0.00864836
0.046022136
0.4696169
0.95481235
0.052531715
0.096264265
0.5417277
0.0073513146
0.039894145
0.8112562
0.49468133
0.021715106
0.8286488
0.035733648
0.0054997336
0.06599816
0.021342518
0.012500914
0.034940753
0.08258485
0.0069793635
0.03258434
0.006549098
0.72054833
0.20240754
0.14784789
0.06924002
0.0059524965
0.024879936
0.47318247
0.11856791
0.9889676
0.022803346
0.023913518
0.5253119
0.9319853
0.8929867
0.17223123
0.023253813
0.30093247
0.013250117
0.039653167
0.3758726
0.013602007
0.07465364
0.015027397
0.038290173
0.056593362
0.018054849
0.007855625
0.03038435
0.013355436
0.007805074
0.3210727
0.98702514
0.007715572
0.0044106995
0.005949623
0.010225111
0.036246154
0.18973398
0.035271015
0.04014152
0.006697658
0.035782512
0.007557395
0.9817083
0.043971073
0.03307415
0.7557068
0.6594772
0.93511873
0.043681465
0.65871567
0.018642392
0.0096560195
0.045356642
0.49274898
0.01564309
0.048355453
0.01056029
0.14070146
0.6580257
0.17947991
0.93608147
0.0672492
0.0069235843
0.019821018
0.0037667374
0.067783706
0.0020162207
0.12993334
0.8970815
0.014290201
0.006900986
0.53964347
0.76618236
0.06256628
0.096303806
0.051513687
0.038198896
0.41591954
0.280513
0.8111633
0.012003182
0.7997668
0.03544039
0.04727749
0.162539
0.162539
0.162539
0.162539
0.0038780542
0.007889434
0.08401549
0.008739184
0.012367771
0.005255513
0.010763519
0.047387674
0.0048272707
0.038605586
0.066181645
0.40248528
0.9207843
0.010935734
0.53527194
0.6502692
0.054798383
0.003692696
0.14587623
0.009439264
0.20752124
0.061673474
0.036635447
0.8150895
0.3643781
0.06982397
0.070591174
0.31859592
0.7735753
0.9158176
0.019316597
0.0046119913
0.0072744587
0.6797844
0.021327846
0.07133771
0.016391449
0.07927671
0.07133771
0.02287764
0.030656544
0.7490263
0.08405559
0.03529257
0.011309644
0.028520063
0.009818838
0.020303477
0.011523962
0.42687243
0.04329096
0.02261176
0.3449681
0.34607816
0.0050084605
0.004003537
0.3473953
0.3473953
0.3473953
0.02401779
0.22629133
0.016408296
0.006484215
0.030761104
0.23146294
0.11794801
0.01589871
0.01353683
0.874887
0.04507008
0.75764614
0.32031518
0.07369019
0.014107057
0.051251106
0.010003713
0.205794
0.072699
0.013115265
0.040432725
0.020403534
0.8150895
0.004768722
0.034779284
0.0076532867
0.053032838
0.81025493
0.02954199
0.011884021
0.079235055
0.023617152
0.8706043
0.0168369
0.019659283
0.96470416
0.004262531
0.009882384
0.972537
0.4777692
0.021893533
0.9728653
0.73956615
0.10428501
0.108581126
0.004111366
0.0036479977
0.038552385
0.13576841
0.012539395
0.44667068
0.018139603
0.0931886
0.6767759
0.017995639
0.007255262
0.0029897224
0.9423306
0.83272344
0.01161639
0.442796
0.72633433
0.46515
0.76594174
0.019515792
0.2568305
0.009516631
0.0084180385
0.0084180385
0.0084180385
0.11976222
0.22937988
0.0084180385
0.009516631
0.0084180385
0.0058499244
0.70823383
0.17467536
0.09621588
0.09621588
0.0084180385
0.009516631
0.0084180385
0.8215636
0.009516631
0.009516631
0.0084180385
0.0084180385
0.0084180385
0.0084180385
0.009516631
0.0084180385
0.0084180385
0.0084180385
0.0084180385
0.0084180385
0.009516631
0.010338172
0.0049118027
0.008731804
0.008731804
0.008731804
0.008731804
0.008731804
0.008731804
0.009633514
0.0049118027
0.008731804
0.87353545
0.032293726
0.008731804
0.008731804
0.008731804
0.009633514
0.008731804
0.008731804
0.011514671
0.33798355
0.025405494
0.009633514
0.23262155
0.005015874
0.15108818
0.9130535
0.61893934
0.61893934
0.61893934
0.03184347
0.13076241
0.31770825
0.008496277
0.060784712
0.8952821
0.98228765
0.09447183
0.6383253
0.004479803
0.85707045
0.97413695
0.014375279
0.97240216
0.07436721
0.034325223
0.02393409
0.97185844
0.066126525
0.12160081
0.092214294
0.3410478
0.6610832
0.0026514707
0.011189876
0.4774398
0.74811864
0.033780098
0.0075067626
0.0051737414
0.04178704
0.010625427
0.32262695
0.9805642
0.09052052
0.055723127
0.89029074
0.026654791
0.30583054
0.015895745
0.0056282375
0.19844024
0.046440907
0.008895335
0.039347664
0.95075
0.69784266
0.93346196
0.139437
0.2910018
0.5061459
0.005711889
0.07719392
0.880337
0.01545359
0.21313542
0.96667564
0.05495904
0.004014205
0.29170713
0.004744704
0.16462383
0.7927155
