0.85009754
0.27521303
0.7837561
0.6028738
0.110907115
0.52219033
0.70714617
0.21451989
0.08510554
0.48553935
0.7326974
0.6275571
0.058603
0.058603
0.11537592
0.8352972
0.17108169
0.34212664
0.7887831
0.53522646
0.38908225
0.2611296
0.16528298
0.49971643
0.84518737
0.20753661
0.16789976
0.36334124
0.27568492
0.7837308
0.72240835
0.28658223
0.030851409
0.8028332
0.5348666
0.1875491
0.4836682
0.8493539
0.09981153
0.7507389
0.7932398
0.13078532
0.7647718
0.11724488
0.76648974
0.19115229
0.7787754
0.3864853
0.46701422
0.47275734
0.4068152
0.6304616
0.024741285
0.88877654
0.6370163
0.42217132
0.7518633
0.57014775
0.853429
0.40316275
0.74610084
0.40286732
0.09493427
0.2290081
0.22897531
0.21640317
0.42766997
0.6934679
0.85791546
0.6990784
0.43065515
0.664055
0.06396724
0.43706512
0.16653018
0.53956246
0.66821986
0.16050883
0.16167496
0.8631822
0.85028374
0.6196205
0.41826838
0.86392045
0.26492035
0.19148497
0.8027214
0.86249304
0.078333795
0.556138
0.7332937
0.8418112
0.0649721
0.09208097
0.08174237
0.088927895
0.088927895
0.85776687
0.5972981
0.8036781
0.4445378
0.3545004
0.40615088
0.32548067
0.47240466
0.5569627
0.026561502
0.165537
0.33171338
0.63340354
0.20140044
0.7573765
0.7728568
0.37698525
0.12259154
0.7464949
0.31489554
0.5402216
0.57304066
0.8787158
0.29595727
0.20527215
0.66201085
0.56182456
0.5395827
0.11590415
0.49292293
0.45526758
0.14109625
0.583688
0.46190923
0.30712155
0.7807344
0.5979613
0.38836855
0.13063237
0.87570167
0.8884512
0.20321237
0.8634425
0.63671917
0.7781393
0.3362858
0.88578427
0.08411709
0.8616818
0.8082481
0.556138
0.7570155
0.38304928
0.27688023
0.5342215
0.71727896
0.38055563
0.7964192
0.43891284
0.19554387
0.62844265
0.38948885
0.44005483
0.43656385
0.37984517
0.6347319
0.41208214
0.7297847
0.30108216
0.3912881
0.47108492
0.605792
0.1342665
0.6905305
0.08229029
0.37611267
0.15697035
0.405267
0.89726186
0.6576376
0.53260905
0.5507778
0.61340714
0.6873841
0.35707375
0.5987763
0.6485713
0.29488719
0.74798304
0.7227241
0.69769645
0.7602526
0.46737453
0.27992338
0.41826838
0.22990087
0.6050114
0.64826375
0.545295
0.62407166
0.62103254
0.8772777
0.673419
0.673419
0.673419
0.47137666
0.19543445
0.76890785
0.5438593
0.096179
0.08919446
0.12172616
0.6281286
0.8772777
0.54923856
0.30995545
0.3580163
0.81326663
0.556138
0.19347714
0.80841595
0.80587906
0.5967538
0.2755495
0.71217275
0.8147518
0.556138
0.257133
0.6329031
0.22444458
0.87288296
0.41298163
0.15213875
0.13230897
0.10528092
0.6044361
0.46106857
0.420822
0.5588994
0.6022135
0.60415286
0.7199327
0.8176055
0.50825983
0.9480182
0.14665037
0.7152197
0.5263873
0.45408314
0.07452727
0.83871007
0.55465835
0.8772777
0.556138
0.36455992
0.34458005
0.0825204
0.76516944
0.41997644
0.06959619
0.5811693
0.13631998
0.11357953
0.11357953
0.59716266
0.42550278
0.6781302
0.3625864
0.8448627
0.33671698
0.6860216
0.25462696
0.79525566
0.7801179
0.528381
0.8282933
0.1643754
0.036814187
0.43038484
0.030851409
0.32029587
0.5794521
0.5878469
0.6643905
0.52322966
0.62053704
0.44539705
0.80418247
0.81903774
0.87179524
0.7837561
0.26044118
0.41493574
0.76796895
0.33830714
0.29343295
0.6615122
0.89532626
0.2661756
0.50024813
0.2809309
0.058581404
0.23679033
0.811261
0.88758713
0.8180473
0.556138
0.2512986
0.7336868
0.85786015
0.75775105
0.24895285
0.61773103
0.56722087
0.5055662
0.54227966
0.1861603
0.13957626
0.556138
0.47201383
0.32489783
0.36833102
0.84429127
0.87654686
0.35147172
0.8702413
0.6686359
0.81911784
0.64070946
0.5170614
0.27439955
0.39666545
0.7650853
0.17095177
0.5618078
0.84160626
0.50756186
0.62402403
0.6726944
0.51617396
0.6654715
0.24582201
0.40727127
0.556138
0.6262795
0.093935356
0.1848721
0.4805335
0.1911757
0.6168757
0.7669049
0.21796928
0.029682996
0.43125606
0.65679085
0.61418575
0.19305634
0.556138
0.66873854
0.6170808
0.49436665
0.7226144
0.4880148
0.59444666
0.8772777
0.88894975
0.88894975
0.88894975
0.88894975
0.8981361
0.8981361
0.5995934
0.17481431
0.7003759
0.046979535
0.4334571
0.6622809
0.58942175
0.29477248
0.29672045
0.22673368
0.20320165
0.47834137
0.1691244
0.23581736
0.50195473
0.11732981
0.34990752
0.40286732
0.023691539
0.28882867
0.28551596
0.57314086
0.41489884
0.11414442
0.088946156
0.29786414
0.47433475
0.6143527
0.74725884
0.3251442
0.76271814
0.6766482
0.18517305
0.8798113
0.68592256
0.33926576
0.73923475
0.8357865
0.7219804
0.10982551
0.1422797
0.8295062
0.4747844
0.16817209
0.10408741
0.44605538
0.10647367
0.03578039
0.26355425
0.48714542
0.4776154
0.6576082
0.30108216
0.41208214
0.3912881
0.29409707
0.9015842
0.057133917
0.7050398
0.13163033
0.64800745
0.17563652
0.87288296
0.058518056
0.10176302
0.7033368
0.86412257
0.3765446
0.5680061
0.556138
0.21064034
0.3516003
0.16854508
0.26318854
0.8078268
0.039192565
0.17653732
0.17653732
0.10111977
0.88894975
0.62537855
0.88894975
0.24480349
0.21647246
0.40308908
0.86727446
0.07615593
0.43996006
0.60660547
0.57613415
0.14113058
0.38462147
0.21578327
0.03853385
0.6090308
0.23507242
0.7273538
0.10231287
0.5409794
0.24546325
0.7524579
0.88894975
0.7711325
0.6633936
0.736911
0.76918304
0.65233433
0.88894975
0.80363166
0.2073156
0.76806104
0.5550758
0.026677668
0.5818073
0.12318023
0.3577215
0.47185302
0.41826838
0.6903582
0.53956246
0.4735252
0.10814157
0.21484526
0.4389546
0.88894975
0.84602135
0.22897531
0.21988522
0.2443927
0.084095724
0.023310812
0.047886193
0.30532447
0.40597034
0.59576166
0.4704985
0.21484526
0.25485337
0.41340238
0.4097446
0.41340238
0.5138316
0.11635461
0.5261126
0.14813061
0.32347637
0.66082555
0.67568064
0.68369234
0.38071007
0.5876529
0.08661921
0.71872467
0.8113424
0.24107143
0.48487142
0.19588605
0.8113424
0.046080776
0.36836848
0.2529015
0.030851409
0.5719175
0.7464949
0.16859195
0.42386076
0.6044361
0.12547779
0.7837561
0.29908764
0.3568036
0.25201046
0.8783133
0.7032891
0.7602183
0.5369457
0.08538961
0.3572804
0.9093851
0.48905033
0.6044361
0.0315262
0.85028374
0.5395827
0.41126662
0.37455973
0.516107
0.28236765
0.8866324
0.16360532
0.49033684
0.39601102
0.58860123
0.89054036
0.22894637
0.83739805
0.30282983
0.7802109
0.5502804
0.7350011
0.56789637
0.09627458
0.080667414
0.46737453
0.1753083
0.78736854
0.25083396
0.5310861
0.09524401
0.58942175
0.7812737
0.09224738
0.23311974
0.66160274
0.86222076
0.118659385
0.096820116
0.6493307
0.6067884
0.65947914
0.6364348
0.4069474
0.57304066
0.7257324
0.5523363
0.8147443
0.08578814
0.71727896
0.73307395
0.34845695
0.6209184
0.29363087
0.044679467
0.13840419
0.1821505
0.12237674
0.78224856
0.26168224
0.53581816
0.24086471
0.033789758
0.4989129
0.19127776
0.5394546
0.10510425
0.43286917
0.33825812
0.83119816
0.24257466
0.028294293
0.40501067
0.4209075
0.39023477
0.79525566
0.42604586
0.02611184
0.74178845
0.28924802
0.38180223
0.75239134
0.092732
0.79935485
0.099464744
0.44806322
0.8080146
0.5937072
0.46487245
0.5961795
0.52227855
0.31405893
0.5486964
0.11877923
0.2568375
0.4236861
0.49909642
0.09444664
0.06595922
0.7837561
0.57304066
0.5747561
0.2581633
0.14291723
0.56126255
0.89152735
0.19937074
0.5416926
0.09274328
0.3912881
0.5211205
0.26657096
0.38241738
0.32807457
0.20830494
0.61602604
0.77540535
0.21741495
0.40286732
0.6274339
0.26692942
0.72802925
0.17432804
0.87288296
0.07418413
0.07418413
0.23624331
0.50746614
0.058479562
0.058479562
0.3729674
0.26692942
0.30660668
0.0556543
0.61365867
0.11281483
0.22308579
0.77235055
0.42575613
0.6422192
0.15798686
0.6231591
0.18321642
0.25799075
0.14226465
0.556138
0.8452891
0.20148809
0.4310325
0.6082527
0.75237685
0.1720484
0.04634241
0.1755733
0.2540134
0.42592075
0.057108436
0.6943904
0.11203442
0.6094309
0.08972212
0.056125965
0.85433644
0.56833625
0.63117456
0.6297939
0.2352237
0.083288275
0.3981653
0.085915215
0.72977126
0.03324513
0.25104475
0.5222102
0.5157426
0.2671393
0.3314915
0.556138
0.3094047
0.19899334
0.57918406
0.33040738
0.71874756
0.5403737
0.108145855
0.7135066
0.8509682
0.5964103
0.6987501
0.47987446
0.52297723
0.22444287
0.22444287
0.19777206
0.8525709
0.6964493
0.42550278
0.59655607
0.65670794
0.31789634
0.8028332
0.3849821
0.2014057
0.37857696
0.8387826
0.5276413
0.5629232
0.6441252
0.60238504
0.36598584
0.3193122
0.6401928
0.7469207
0.16149648
0.18919332
0.6829789
0.80418247
0.12463535
0.19074197
0.5875643
0.056709114
0.6499873
0.024371298
0.6150434
0.10900917
0.7837561
0.13288726
0.36450118
0.16057707
0.05210667
0.48944172
0.47215778
0.22418754
0.6825367
0.6054956
0.83177906
0.8525709
0.8702413
0.70718867
0.038894065
0.7336868
0.8386457
0.8525709
0.5894628
0.71345884
0.27528018
0.16044512
0.7639564
0.28684896
0.63301915
0.83183914
0.11880162
0.73974407
0.33265102
0.879605
0.5935869
0.39573666
0.094293624
0.13065411
0.030851409
0.5838204
0.4880148
0.39911073
0.8943117
0.40572608
0.06373674
0.36594823
0.6452296
0.2513163
0.6397768
0.43700668
0.5804123
0.36862838
0.8142972
0.24029939
0.73488367
0.7557128
0.44258112
0.42660594
0.34990752
0.42660594
0.7986621
0.42430463
0.39044768
0.33987123
0.66557205
0.524704
0.5745378
0.05438302
0.04636651
0.31279135
0.16271298
0.57234114
0.4805335
0.08838188
0.6405628
0.6942299
0.453166
0.8272528
0.2981029
0.54588217
0.3346323
0.32125476
0.85954136
0.8077863
0.07796894
0.8525709
0.10529286
0.77844024
0.8419441
0.80218965
0.13035211
0.39554253
0.8812325
0.8407093
0.90010214
0.40920278
0.73304534
0.8688549
0.18889031
0.74513793
0.10725886
0.35059598
0.5953523
0.7719814
0.8406822
0.081929676
0.099269524
0.35339925
0.8044921
0.7837561
0.6950094
0.73055667
0.7887691
0.20185034
0.20974173
0.07601296
0.33636633
0.33193967
0.026561502
0.1502143
0.11732981
0.7313273
0.8989721
0.8159483
0.1241601
0.83982587
0.12913324
0.25796697
0.1672934
0.35210577
0.45757806
0.617864
0.7345945
0.80377436
0.5285871
0.043063976
0.09800141
0.20757762
0.8630182
0.58578545
0.39616933
0.62939495
0.8150337
0.13222443
0.33950883
0.13168284
0.80602837
0.4789251
0.531575
0.5010587
0.2857858
0.2640556
0.37038502
0.5386084
0.7219804
0.09952477
0.61399
0.18450741
0.7989017
0.6641345
0.1920201
0.83982587
0.08654568
0.19279431
0.66910434
0.8127477
0.42952123
0.28637856
0.62545747
0.689679
0.24747083
0.08956957
0.40286732
0.12322064
0.76665515
0.27517027
0.55117035
0.0707331
0.3060579
0.6133682
0.82757664
0.8322427
0.83982587
0.54773104
0.8382471
0.7330423
0.6812994
0.83982587
0.30108216
0.41208214
0.3912881
0.8501373
0.34188053
0.6136361
0.19090678
0.93128777
0.83346456
0.8320345
0.4420856
0.84866464
0.12609524
0.7859635
0.18585163
0.7366027
0.2191099
0.56525433
0.17011036
0.8737796
0.7396157
0.6649328
0.19604647
0.32882202
0.7747704
0.5364572
0.20070973
0.641695
0.7999565
0.02774265
0.41826838
0.2714474
0.39272773
0.79525566
0.62132865
0.6231089
0.22178617
0.5527601
0.16047171
0.16619429
0.82361937
0.6111179
0.45193428
0.41826838
0.25958177
