0.03298766
0.022000417
0.12778711
0.37680435
0.00613252
0.024831483
0.17102541
0.008582286
0.0044805068
0.089240626
0.10308896
0.21667874
0.0036128259
0.0036128259
0.0069379094
0.05831641
0.0060276855
0.025229035
0.16284278
0.024504183
0.019433202
0.049310982
0.8211478
0.29653993
0.096556365
0.016436359
0.0118919965
0.62456477
0.010064723
0.030136093
0.20025282
0.6860546
0.9677633
0.056341186
0.32989508
0.006810781
0.021105794
0.1348562
0.0050125173
0.09184503
0.055562627
0.00879653
0.13393821
0.0048015914
0.21123445
0.01737692
0.11840682
0.6090218
0.06392558
0.49741596
0.017372712
0.07509524
0.0019074592
0.06349705
0.08824159
0.020003472
0.101831146
0.03265977
0.091825806
0.013096182
0.17768572
0.018562844
0.004552986
0.007966677
0.009256211
0.008405252
0.026739208
0.025255628
0.10243297
0.2655861
0.022491116
0.13121971
0.0028033748
0.015176942
0.008660877
0.44472396
0.30191237
0.83635974
0.005053064
0.021894973
0.041196182
0.05406518
0.01018593
0.028513195
0.011612629
0.8056954
0.13069981
0.023457348
0.003741427
0.4255299
0.082353495
0.048536066
0.0041314033
0.00526201
0.0044683088
0.0048922063
0.0048922063
0.11095405
0.3872308
0.1617831
0.011655957
0.0154248
0.019610781
0.6649135
0.026577627
0.064902626
0.97200364
0.83199096
0.6166957
0.2563293
0.010225867
0.20907001
0.1831436
0.6056333
0.87451166
0.03258434
0.024778256
0.0341698
0.025405494
0.066114284
0.01764113
0.7890428
0.24456067
0.029517036
0.02117972
0.003416307
0.020303678
0.02214265
0.0060579833
0.13159932
0.029385507
0.015903981
0.16759557
0.021610068
0.020787911
0.006384196
0.037159294
0.023057628
0.0054647555
0.10618754
0.035243504
0.11142441
0.65796655
0.022454917
0.0032046451
0.08500276
0.031870216
0.4255299
0.059923623
0.022384977
0.70041233
0.08322948
0.03962229
0.022830509
0.12640332
0.029122854
0.010700564
0.12312892
0.011574558
0.034943867
0.03091745
0.018907927
0.32831806
0.57915926
0.092627004
0.69176316
0.5996428
0.025337677
0.070509344
0.85938525
0.08619342
0.0043551046
0.057134323
0.0076061888
0.03601526
0.03665607
0.20596202
0.03777509
0.031470057
0.051783398
0.082495436
0.032904174
0.12058846
0.14975555
0.015633676
0.18371445
0.21575372
0.27125257
0.19862604
0.060322706
0.011592095
0.01018593
0.7558672
0.029279102
0.3384245
0.028265826
0.36329585
0.0701447
0.02359148
0.030922357
0.030922357
0.030922357
0.02065233
0.006096341
0.06994902
0.027561525
0.0042633587
0.9073292
0.007385671
0.3014575
0.02359148
0.026768053
0.011262403
0.010057889
0.119141884
0.4255299
0.005675272
0.12994976
0.14105046
0.12922867
0.70960116
0.24271512
0.08012519
0.4255299
0.009318691
0.025704227
0.008561648
0.07133771
0.033648048
0.84427583
0.0048282617
0.8911202
0.37579912
0.5183514
0.5605794
0.26457888
0.32939687
0.06807315
0.27375022
0.06544909
0.034273002
0.03936727
0.008018416
0.2578829
0.16468331
0.5184016
0.004789149
0.04174779
0.37418184
0.02359148
0.4255299
0.013886403
0.029295798
0.005487242
0.028561922
0.06284949
0.0027124574
0.021165283
0.005301993
0.007403365
0.007403365
0.067433804
0.07018836
0.019825442
0.019228196
0.13286205
0.008724213
0.10683295
0.008181187
0.10545546
0.20074514
0.23433235
0.1434605
0.00791691
0.0020514298
0.5251273
0.9677633
0.011032652
0.27670845
0.049323685
0.11398125
0.07233568
0.08826143
0.05778855
0.034940753
0.13067298
0.08019154
0.12778711
0.7226693
0.017538402
0.10559999
0.016265336
0.6990846
0.02671748
0.038525153
0.72442853
0.051959194
0.006173239
0.0030485168
0.014479309
0.08475471
0.072738975
0.16343832
0.4255299
0.007772135
0.04428446
0.049963932
0.06390476
0.051419042
0.36405885
0.3690631
0.03337395
0.029290427
0.008844186
0.0061223805
0.4255299
0.014523683
0.6714622
0.016763441
0.02038329
0.067922726
0.6367285
0.0342893
0.21743082
0.0840399
0.040403683
0.01752982
0.0067745014
0.59482354
0.12912676
0.011453148
0.41911775
0.080019966
0.053995203
0.03398733
0.2185478
0.023131136
0.052332725
0.7510809
0.5823526
0.4255299
0.025943972
0.0065783723
0.8090362
0.06934019
0.009552537
0.36125925
0.064697415
0.006443456
0.9687321
0.01693521
0.02223052
0.02352461
0.0064038085
0.4255299
0.320065
0.17658724
0.018794907
0.22891489
0.020170383
0.03891173
0.02359148
0.029824225
0.029824225
0.029824225
0.029824225
0.035457358
0.035457358
0.3975305
0.01300248
0.20849463
0.0025400359
0.038161147
0.055447873
0.39200887
0.018279748
0.018317621
0.01342091
0.786362
0.51239425
0.8296303
0.717735
0.013458567
0.0050767185
0.016434282
0.018562844
0.9746664
0.08072848
0.005383449
0.28100127
0.073244415
0.88028914
0.004764726
0.012289176
0.5180497
0.035685826
0.04432598
0.018296307
0.15319425
0.039289046
0.006222319
0.054740738
0.13501216
0.038018927
0.030431364
0.039152466
0.055807717
0.0046391184
0.0060588033
0.061272938
0.5046627
0.82618093
0.89262885
0.03142071
0.006796608
0.0018326761
0.0147239445
0.031411286
0.02856377
0.30444613
0.69176316
0.57915926
0.5996428
0.0141293425
0.054272134
0.0033432913
0.12788358
0.006517876
0.042838782
0.006974753
0.07133771
0.0047273403
0.00395648
0.053158656
0.09413984
0.028213492
0.07961279
0.4255299
0.00520289
0.6395668
0.0075988714
0.7282772
0.03998181
0.0022227212
0.024609352
0.024609352
0.8953448
0.029824225
0.06958025
0.029824225
0.0079243835
0.7764017
0.012693981
0.10050382
0.003919177
0.5524007
0.38525933
0.03102418
0.008838368
0.015663706
0.009503346
0.0030360743
0.018257406
0.007301336
0.12494594
0.0048134
0.044520583
0.012923787
0.06603946
0.029824225
0.19704488
0.044600453
0.04866642
0.11239197
0.03682028
0.029824225
0.075392574
0.009688644
0.1411569
0.018140936
0.9719193
0.107304394
0.0047840993
0.023251947
0.013543134
0.01018593
0.28489286
0.44472396
0.059819758
0.0040409314
0.0061855274
0.027220031
0.029824225
0.12282983
0.009256211
0.012402291
0.011546478
0.0031551155
0.002379128
0.0055343336
0.02268813
0.032388233
0.038578328
0.4655988
0.0061855274
0.01089353
0.013367387
0.011958097
0.013367387
0.0340919
0.0038463438
0.08190004
0.0057125683
0.009077162
0.11747621
0.105410434
0.1480821
0.021593796
0.026508974
0.91082984
0.2294018
0.080981836
0.009657444
0.033761706
0.007847038
0.080981836
0.0029607553
0.011557475
0.00958369
0.9677633
0.023268254
0.03258434
0.0082241325
0.013962407
0.37579912
0.003715996
0.12778711
0.034473617
0.022881297
0.014014704
0.11579338
0.04669147
0.040083084
0.2836249
0.91148806
0.021470468
0.032200396
0.27885994
0.37579912
0.0023031516
0.041196182
0.02117972
0.01911025
0.039690714
0.0804834
0.010069186
0.09160715
0.83138365
0.033685386
0.5945776
0.099059455
0.045467153
0.0120132165
0.06843943
0.6762955
0.20783702
0.13419342
0.09323034
0.4125177
0.9012318
0.0026223091
0.060322706
0.008247068
0.13115132
0.008748451
0.016865563
0.004411794
0.39200887
0.051088654
0.90576893
0.008828255
0.332175
0.10918025
0.0054459055
0.0053060255
0.337006
0.32459486
0.042376604
0.28318194
0.025898386
0.025405494
0.03217792
0.3426708
0.16629528
0.9127691
0.03962229
0.25741643
0.649546
0.03796648
0.013591348
0.0019342414
0.0061815637
0.010392198
0.00555353
0.038837068
0.022560043
0.03614203
0.009065837
0.96489966
0.030228004
0.80618525
0.054565854
0.0040127295
0.043679956
0.026268262
0.101202056
0.7548717
0.0024014509
0.02432401
0.024942176
0.030393396
0.10545546
0.03986501
0.97179776
0.2243464
0.6684803
0.6073026
0.08935597
0.0052804286
0.03508999
0.0030338992
0.02231499
0.07302868
0.03645337
0.03243428
0.15524946
0.112619415
0.017010288
0.038439978
0.0046620676
0.010656866
0.01895996
0.4924366
0.90407974
0.0032044468
0.12778711
0.025405494
0.026582496
0.01780177
0.005001851
0.4249061
0.073016256
0.0052679027
0.022475809
0.0048434534
0.5996428
0.036396936
0.72884613
0.016653813
0.009815713
0.7903139
0.06557069
0.19348153
0.007324724
0.018562844
0.07845516
0.009307651
0.14712335
0.8198293
0.07133771
0.9238124
0.9238124
0.7607374
0.4643216
0.93986607
0.93986607
0.6148469
0.009307651
0.009812185
0.9427489
0.033905435
0.0043757553
0.008776661
0.20818034
0.55487424
0.21022552
0.010504588
0.27118263
0.013412011
0.730619
0.0047561224
0.4255299
0.10995498
0.0065197465
0.022353139
0.37210655
0.2298161
0.00760399
0.0034903064
0.01300408
0.7392273
0.029260715
0.0025621194
0.05306537
0.003680673
0.37630382
0.0039808913
0.94217163
0.05671558
0.11324353
0.36050034
0.02025789
0.02404285
0.91475374
0.024687266
0.9120203
0.025466818
0.9657529
0.03150183
0.4481217
0.020900616
0.014564116
0.6548288
0.4255299
0.02436726
0.007939048
0.41535878
0.024723614
0.26034278
0.018933062
0.8867953
0.05932725
0.10344373
0.057612367
0.2814931
0.034737475
0.022131339
0.7615089
0.7615089
0.016138777
0.021971919
0.26455572
0.07018836
0.045077913
0.029503928
0.67390853
0.056341186
0.041694105
0.0075355754
0.022251397
0.08029778
0.4487367
0.4311512
0.017699486
0.20819995
0.055382203
0.019139683
0.13399404
0.21685702
0.81466377
0.00842419
0.13609773
0.034940753
0.0063073672
0.009237086
0.3276162
0.002719022
0.038785037
0.97450495
0.096276954
0.0035105129
0.12778711
0.0045031114
0.020909645
0.0062632216
0.005946993
0.056521315
0.52306706
0.009192576
0.037838187
0.33803377
0.03014829
0.021971919
0.0342893
0.046407808
0.0026359232
0.04428446
0.08654109
0.021971919
0.027776342
0.27242702
0.011922728
0.83269215
0.21448906
0.0067202626
0.19832787
0.09556517
0.0060921866
0.2123953
0.015947016
0.03779843
0.06382128
0.01257037
0.003944902
0.007534536
0.9677633
0.06480156
0.020170383
0.027005868
0.048911687
0.01762701
0.0037607828
0.61995035
0.2043276
0.00590867
0.32583678
0.4106416
0.1962494
0.035075635
0.025797084
0.75146276
0.033364438
0.19726999
0.50788045
0.53429985
0.016434282
0.53429985
0.03314044
0.018971685
0.018794123
0.6453656
0.09422876
0.031690236
0.04734387
0.942588
0.9507405
0.013610401
0.0059650964
0.38309214
0.06934019
0.008402278
0.02853823
0.028746007
0.019392163
0.07315254
0.68068975
0.08711039
0.017028257
0.6518438
0.077640586
0.12877983
0.0023869781
0.021971919
0.0069111167
0.02634361
0.13732299
0.041144792
0.0068642576
0.019053135
0.07057571
0.1331775
0.046802856
0.5849865
0.014355452
0.07122179
0.007685658
0.16291489
0.005107188
0.024734596
0.032232318
0.13016269
0.05311709
0.0031988006
0.0032719506
0.019760778
0.18189593
0.12778711
0.033826243
0.19795577
0.19215937
0.793113
0.0071528056
0.002798204
0.07385034
0.007987762
0.97200364
0.004616848
0.0050767185
0.24489413
0.076257594
0.13609764
0.004646971
0.08000126
0.004114921
0.7343809
0.012720789
0.020830574
0.5307653
0.071462885
0.20620875
0.032669533
0.45311236
0.0025820674
0.004063291
0.0128139155
0.13227084
0.06266612
0.038841028
0.04700689
0.040396377
0.0067365863
0.015591815
0.0050209835
0.09534452
0.020789944
0.03415677
0.48950672
0.015692025
0.016164245
0.015019285
0.29558152
0.055807717
0.004504459
0.3789191
0.004498938
0.08675893
0.31363222
0.013013857
0.08000126
0.0058768773
0.76825947
0.036914054
0.11254136
0.027844584
0.017985607
0.1228199
0.11431911
0.010137975
0.0046590236
0.018562844
0.006086911
0.07946705
0.009689717
0.026271403
0.004456567
0.009920593
0.1006383
0.08784779
0.07465669
0.08000126
0.34738415
0.08217808
0.020842213
0.024038654
0.08000126
0.69176316
0.57915926
0.5996428
0.057085615
0.0140684275
0.10721333
0.010400371
0.037606567
0.13001774
0.15164483
0.012302617
0.14399199
0.007640975
0.069189
0.013398154
0.24434131
0.00823721
0.038250297
0.007040264
0.049779136
0.22371568
0.048329007
0.007887647
0.022570783
0.029307421
0.029448507
0.79514
0.025491863
0.020898478
0.9707919
0.01018593
0.010800613
0.5967472
0.10545546
0.023338748
0.36528033
0.0069847326
0.026563374
0.0063910047
0.006836259
0.12687202
0.31322652
0.022193907
0.01018593
0.01734615
