0.8432075
0.59727854
0.78454417
0.18176061
0.318567
0.030851409
0.26982552
0.28698778
0.51848
0.1252475
0.055864368
0.7808564
0.58593684
0.78320515
0.43164873
0.22705604
0.83172303
0.90053463
0.462131
0.6181936
0.86981845
0.15672791
0.19341958
0.33313757
0.030851409
0.2013249
0.432019
0.5596632
0.18006718
0.044991963
0.04587254
0.037083462
0.04158877
0.04085678
0.6868623
0.20053607
0.08869524
0.5363294
0.3405633
0.07416719
0.78454417
0.30149874
0.7934185
0.122429036
0.030851409
0.5846059
0.3616612
0.30433306
0.062438693
0.41857663
0.52196294
0.741857
0.28389913
0.5381011
0.72671646
0.7406983
0.8901177
0.88911283
0.08982898
0.064695075
0.23723713
0.030851409
0.02688287
0.6383528
0.010533223
0.3760328
0.22013476
0.02083989
0.78454417
0.80386317
0.19980031
0.030851409
0.67258453
0.04160684
0.25086775
0.8906961
0.41643465
0.25257108
0.100792766
0.78454417
0.10975731
0.53025717
0.8509998
0.40869224
0.124328375
0.78969365
0.030851409
0.26142007
0.19159406
0.10975731
0.28405443
0.57914436
0.7391798
0.80348814
0.77225566
0.03287276
0.10975731
0.675712
0.18090606
0.85002047
0.13628492
0.06886285
0.1906501
0.65186393
0.78454417
0.7541242
0.061367996
0.87151027
0.31595862
0.79250884
0.56854075
0.13890974
0.47016448
0.5578013
0.82875687
0.88631517
0.78454417
0.066737756
0.030851409
0.80029017
0.7733652
0.81086904
0.62685317
0.86837935
0.55427784
0.01933896
0.57330865
0.5668793
0.7599286
0.3167685
0.2928291
0.051192977
0.72391236
0.49751207
0.15848266
0.16713242
0.77157784
0.29380977
0.74648947
0.030851409
0.07970451
0.5799117
0.3017293
0.6495138
0.23328598
0.09772723
0.2355003
0.78454417
0.49194875
0.07158812
0.053287726
0.6586031
0.66948634
0.5684953
0.40518048
0.3926077
0.79646945
0.27804735
0.030851409
0.051600914
0.12082574
0.18279937
0.12082574
0.31496328
0.33601576
0.3062015
0.266529
0.7819204
0.3534708
0.7920562
0.4126407
0.6997738
0.6380393
0.57288194
0.5155977
0.8458061
0.8550906
0.78454417
0.3039362
0.030851409
0.7954882
0.47804123
0.0712706
0.78454417
0.7382019
0.74392515
0.5014779
0.7341311
0.37438288
0.7239864
0.11472768
0.7848353
0.15932356
0.63059396
0.030851409
0.6184929
0.8979896
0.49974567
0.60749406
0.76289463
0.77442324
0.7620818
0.7823797
0.70797527
0.6225029
0.067248985
0.6035912
0.45980448
0.5129357
0.10815088
0.5439705
0.1062411
0.030851409
0.06692491
0.0633394
0.14286757
0.083268516
0.19616917
0.11525335
0.78454417
0.6755538
0.253033
0.17326783
0.8643263
0.14698996
0.7736134
0.69771576
0.8266444
0.30119392
0.36164764
0.78454417
0.030851409
0.20281845
0.3263521
0.08440336
0.042904604
0.670097
0.03418099
0.7697668
0.40339962
0.6074623
0.64822304
0.056167204
0.39089054
0.05834316
0.53235495
0.06868777
0.074163556
0.065549955
0.063495725
0.21496534
0.03609231
0.03362326
0.062329587
0.04106704
0.03860337
0.13591096
0.040433563
0.023349268
0.18161736
0.76662624
0.031570144
0.03487803
0.061285444
0.2790712
0.8480549
0.6250403
0.030851409
0.48859742
0.028635612
0.038893458
0.3549485
0.78454417
0.74801725
0.411808
0.8732433
0.03909886
0.024846245
0.86485887
0.3097098
0.28259748
0.22065882
0.03750827
0.029762222
0.4507297
0.045083366
0.43902755
0.15319271
0.5695301
0.062610686
0.46367738
0.41826558
0.8376721
0.33932897
0.8480549
0.030851409
0.46680853
0.8376721
0.11119303
0.86271816
0.18354324
0.29800874
0.22065882
0.8758367
0.84021795
0.2886125
0.4738906
0.78454417
0.030851409
0.520868
0.7952191
0.12875149
0.06860774
0.35943928
0.78454417
0.6225802
0.2581656
0.74487936
0.9221479
0.39328328
0.7594522
0.22065882
0.8408128
0.18666042
0.5380481
0.29592836
0.21098432
0.40624332
0.40624332
0.8897714
0.083547436
0.5856317
0.73094606
0.09884449
0.213201
0.6683275
0.030851409
0.8391787
0.4760605
0.6781266
0.016447997
0.04409654
0.9034428
0.73050785
0.88358253
0.36765367
0.82637525
0.7425731
0.22065882
0.5622567
0.7640036
0.8661142
0.5799456
0.78969616
0.5372338
0.39624676
0.39493084
0.66335046
0.030851409
0.30622277
0.3269072
0.6570332
0.031807814
0.09786658
0.5862027
0.25723717
0.27306563
0.6932386
0.7449961
0.3514441
0.88334334
0.7824058
0.038665283
0.5507459
0.114162356
0.030851409
0.73178947
0.21458523
0.077573076
0.78454417
0.2300056
0.43554842
0.14867732
0.32444197
0.70010364
0.7291716
0.4879993
0.3364724
0.7562404
0.59028804
0.22065882
0.042202026
0.8892589
0.8894352
0.43992192
0.78454417
0.7043094
0.5005693
0.73432726
0.89188546
0.21721905
0.7356808
0.7591253
0.5503814
0.3530105
0.14281029
0.22461133
0.8034345
0.8376721
0.7536532
0.758215
0.08683463
0.48100457
0.49380872
0.61667395
0.498841
0.41163233
0.030851409
0.3859567
0.8285647
0.2207914
0.2644238
0.37541395
0.5671807
0.14613907
0.22461133
0.2819342
0.29768482
0.44633135
0.78454417
0.7361018
0.8334469
0.7147029
0.79713094
0.78221864
0.87981856
0.3067502
0.8260469
0.3926077
0.85922194
0.8730452
0.3939107
0.19690023
0.28878993
0.14934476
0.26637167
0.78454417
0.1917924
0.019233635
0.22461133
0.711058
0.82975435
0.25038278
0.48644674
0.7422419
0.40271217
0.49532762
0.480763
0.78316927
0.4685616
0.7928858
0.07377521
0.8297738
0.89601386
0.4043744
0.047589585
0.5759571
0.4388311
0.030851409
0.68185574
0.8373905
0.69146734
0.6597817
0.6355926
0.22461133
0.67094845
0.42804208
0.78454417
0.7201281
0.25474155
0.06521727
0.7640498
0.121918514
0.8568379
0.48499852
0.030851409
0.6330372
0.4062956
0.35717884
0.5641245
0.666419
0.8451785
0.7191219
0.6607424
0.89121366
0.23546876
0.759482
0.79456776
0.030288942
0.56108594
0.87769336
0.767275
0.84951216
0.8355411
0.8335008
0.87245584
0.80219704
0.78240496
0.5976012
0.88657117
0.88455415
0.88144046
0.6099567
0.030851409
0.03984085
0.84622616
0.70837986
0.7188687
0.17586745
0.81593335
0.78454417
0.5708171
0.3714616
0.7731118
0.81782836
0.23527211
0.47588605
0.78454417
0.7231668
0.32743305
0.48112935
0.7820605
0.030851409
0.85853887
0.23085815
0.6170778
0.5715488
0.89585394
0.8887358
0.77073
0.6356375
0.17237365
0.8086792
0.329426
0.80055165
0.8404101
0.21672508
