0.72014445
0.0029534302
0.48215106
0.46995986
0.3056665
0.034010977
0.15008603
0.7924161
0.48103958
0.6817838
0.43935215
0.606291
0.48103958
0.36002612
0.18859601
0.5752865
0.5406461
0.024892835
0.050303046
0.0044326014
0.68771416
0.30875987
0.0020905277
0.01496128
0.4530321
0.12278173
0.100094005
0.3853321
0.11233479
0.008723807
0.74293923
0.5803151
0.19487609
0.78855914
0.023827009
0.7776892
0.028682232
0.027779616
0.003010415
0.16812982
0.4306035
0.87943447
0.58082855
0.12227615
0.20601848
0.010303995
0.057890765
0.20601848
0.046865
0.12167086
0.08783665
0.5395465
0.014044436
0.6063832
0.04078569
0.051665843
0.29210016
0.044544455
0.005988772
0.0053315526
0.14453208
0.59274244
0.00094174076
0.00094174076
0.027100705
0.21588357
0.17476335
0.021369511
0.31597352
0.43490937
0.52821547
0.6447672
0.38668442
0.66107845
0.5282662
0.019116614
0.0048886635
0.4507365
0.059517696
0.03567139
0.053616203
0.03346042
0.011542272
0.0026684303
0.97909844
0.0033772727
0.14453208
0.022895053
0.48929897
0.09296316
0.27267396
0.0037132371
0.89718574
0.028161393
0.8907188
0.8510529
0.8864278
0.34072343
0.008163825
0.58489126
0.008522144
0.025243143
0.68807393
0.008556265
0.019694574
0.14453208
0.0035486538
0.1691521
0.0018930791
0.034165464
0.94173574
0.002272353
0.00077754795
0.032540023
0.5803151
0.018718427
0.032472633
0.8111182
0.15933068
0.22477159
0.08953476
0.07086894
0.020219699
0.4273265
0.0044183508
0.27559748
0.10375755
0.24264146
0.12360143
0.020582143
0.5776082
0.58489126
0.459192
0.9566719
0.0009449564
0.14453208
0.01949668
0.22053154
0.7700755
0.14453208
0.04773255
0.010743941
0.16206595
0.019079981
0.12355113
0.5803151
0.7103619
0.021170588
0.04002099
0.2880476
0.85074234
0.1945791
0.006953306
0.34566876
0.14083385
0.9282171
0.010962894
0.76402354
0.047054008
0.04498986
0.045881905
0.04284024
0.049229585
0.06116423
0.046776697
0.63039654
0.8206447
0.22112446
0.02338342
0.6669275
0.0013993377
0.008640016
0.9143261
0.017936502
0.018850835
0.14453208
0.01948757
0.2082275
0.7466199
0.73442155
0.20381218
0.4663759
0.013384394
0.28048262
0.0051117265
0.017622814
0.42061976
0.06414052
0.031330783
0.24499168
0.12773332
0.12716323
0.18111326
0.6898006
0.0009914738
0.004603627
0.06562197
0.63039654
0.0020874145
0.002067381
0.019975623
0.7522679
0.38286537
0.028345158
0.026317302
0.0056480565
0.048664786
0.50626135
0.06776784
0.20655954
0.05346573
0.016368091
0.01622828
0.007235494
0.14453208
0.05642124
0.008138258
0.039491907
0.006966171
0.0023931942
0.43145335
0.065772295
0.07180782
0.0011667982
0.02069833
0.2770047
0.012335117
0.027867278
0.070809364
0.14342095
0.010275006
0.6919405
0.027365308
0.003150877
0.019562142
0.37780288
0.415557
0.0029802353
0.0029802353
0.023364859
0.45725435
0.072912104
0.03142051
0.57283485
0.027867278
0.45192158
0.15575394
0.08185392
0.6935768
0.027867278
0.047320448
0.15244196
0.021311494
0.010145804
0.009206372
0.11945877
0.38647592
0.015718373
0.002875929
0.01177701
0.06302514
0.12300975
0.03643388
0.041518815
0.11673396
0.018312488
0.032192435
0.1926074
0.0009629587
0.051384043
0.0031159825
0.3032001
0.32200864
0.031526644
0.029654006
0.385249
0.3712819
0.14453208
0.534337
0.0015839592
0.00537555
0.027867278
0.00096555665
0.022416506
0.9189428
0.066938706
0.044865392
0.027867278
0.007551129
0.0109307505
0.027867278
0.5514387
0.0061733974
0.023236116
0.59895283
0.019375559
0.06122174
0.0072999024
0.022613792
0.053600054
0.06805672
0.036518034
0.03625709
0.04472061
0.44538096
0.4185285
0.07351495
0.010057987
0.09110184
0.9381202
0.57185954
0.27188593
0.022750437
0.04840871
0.751866
0.7909134
0.22228767
0.63039654
0.19463624
0.010465365
0.45779023
0.14712366
0.005641606
0.0013735674
0.20504843
0.4413971
0.14453208
0.14453208
0.17428698
0.05875223
0.014903428
0.12024804
0.032417066
0.01917005
0.7770928
0.028345158
0.04891732
0.018983422
0.0672115
0.69282186
0.005797719
0.010307012
0.109497264
0.043395866
0.029487953
0.001556247
0.031177862
0.2915584
0.27071115
0.60747373
0.83775663
0.67808366
0.63039654
0.09282151
0.052016895
0.0009262802
0.00081593037
0.3029947
0.0032297194
0.6021988
0.009660281
0.14453208
0.0024086442
0.0083573405
0.0067526433
0.075364314
0.021307295
0.0022076634
0.024950836
0.19484362
0.032747917
0.0013765438
0.052643545
0.094848216
0.005226947
0.4132478
0.0048791133
0.035225317
0.0054482906
0.0017951679
0.06503667
0.25910917
0.008243721
0.14453208
0.57043535
0.0019085449
0.01854958
0.943351
0.0227229
0.5588429
0.63039654
0.15392719
0.07703066
0.022956688
0.031016119
0.024253584
0.017664561
0.13538179
0.14453208
0.04647689
0.008632514
0.7108303
0.062297
0.010973434
0.00943149
0.010183009
0.111247405
0.008290185
0.43392602
0.53146124
0.10486778
0.8344771
0.76212144
0.6052709
0.78930587
0.33853796
0.04900991
0.10886277
0.020152466
0.6540588
0.0059055006
0.0928064
0.001130647
0.34145886
0.6880431
0.5348955
0.3133377
0.7562259
0.87604815
0.33354995
0.6839696
0.034495663
0.59607106
0.030904638
0.7941402
0.7603047
0.44294643
0.19368666
0.9222048
0.63039654
0.015660206
0.7726144
0.3541605
0.20242117
0.74237186
0.5821166
0.05754468
0.14453208
0.01336215
0.027681107
0.78954124
0.84313416
0.85983926
0.25778532
0.0062970673
0.5680241
0.08007893
0.14453208
0.3874022
0.30036592
0.0012389361
0.015586517
0.04158353
0.6760989
0.03872101
0.0048791133
0.4743499
0.0169158
0.0052459664
0.007596957
0.03861971
0.00963875
0.13015606
0.09480968
0.016099276
0.051229388
0.047410447
0.003616432
0.042435106
0.002206887
0.5930481
0.40919697
0.15158738
0.038240682
0.012177511
0.4650184
0.8035051
0.011155738
0.21700454
0.14453208
0.23994465
0.015721412
0.0031452272
0.009691461
0.78808516
0.3041921
0.08693084
0.005545827
0.004153292
0.0052605085
0.4548328
0.005851268
0.10259056
0.22499225
0.041877024
0.027176691
0.24906664
0.0019682779
0.006097639
0.1649005
0.50471073
0.27021998
0.012757337
0.026874892
0.08160634
0.6471087
0.017411606
0.8399499
0.14636938
0.025050001
0.35707211
0.8860315
0.0296429
0.019920163
0.012555702
0.023528306
0.20915408
0.015122
0.05494902
0.07820348
0.08541784
0.08541784
0.08541784
0.08541784
0.03554477
0.016099276
0.4357858
0.0042962315
0.08873236
0.004599881
0.0023001472
0.8277056
0.65820783
0.2165865
0.22182061
0.0022374946
0.0029995362
0.0023198894
0.0030461648
0.011529754
0.012484
0.013441009
0.012243286
0.013690327
0.012578352
0.2969109
0.14453208
0.012176059
0.014761087
0.020170245
0.07663914
0.14453208
0.023528306
0.7603047
0.48516217
0.086594045
0.02555239
0.12028294
0.12862954
0.0041655987
0.0056964634
0.0025717132
0.024926417
0.028089236
0.035569303
0.008892412
0.010483561
0.60558444
0.03046955
0.31140825
0.80959356
0.12599532
0.74774915
0.005512902
0.0038398514
0.026623424
0.55951154
0.46802518
0.010207054
0.013708094
0.013335608
0.0031798342
0.019876637
0.3805629
0.015200029
0.0046515632
0.71090287
0.71090287
0.21960208
0.89995843
0.0070760003
0.01896636
0.013448978
0.0020874145
0.005661925
0.6633486
0.064907365
0.028800674
0.15270057
0.14736232
0.76783377
0.14453208
0.08873941
0.0050941715
0.047736652
0.29355705
0.05557736
0.0023931942
0.030016348
0.001769285
0.001769285
0.48279426
0.8423647
0.0027450647
0.0048749726
0.9280428
0.013606229
0.8303899
0.013891717
0.026597396
0.6726321
0.6809936
0.063047774
0.035647105
0.14453208
0.074754454
0.0063035074
0.0076824003
0.06583531
0.12114214
0.9560051
0.013422481
0.0048791133
0.6005396
0.4454271
0.8184337
0.0024158806
0.03552635
0.014573088
0.036483217
0.0010803454
0.005337745
0.23581424
0.790061
0.010119825
0.029998122
0.010497122
0.14453208
0.86207366
0.7281605
0.088223375
0.36832318
0.47501796
0.04787994
0.0058940467
0.8029416
0.010767183
0.75504386
0.6443918
0.02913969
0.14096986
0.72405636
0.0077761626
0.13758525
0.021341564
0.014145271
0.755755
0.83708626
0.4793681
0.21115524
0.0030261017
0.0009027162
0.011768905
0.083606265
0.003734529
0.7158624
0.0031802144
0.008807659
0.0032181032
0.013441394
0.09217423
0.82346934
0.7392775
0.033866476
0.0019862994
0.015465771
0.007965768
0.014578027
0.6203892
0.0017451338
0.26627415
0.83484286
0.20703535
0.053578235
0.5643438
