0.4320853
0.6536975
0.53779954
0.41939184
0.54186493
0.33196312
0.28502706
0.55085605
0.2640273
0.17182885
0.5376738
0.1752623
0.08180744
0.18144798
0.21069685
0.21107095
0.042952135
0.5631534
0.041647516
0.17507696
0.08711994
0.08446538
0.35067108
0.531714
0.16654582
0.14511816
0.073468536
0.69461143
0.4045671
0.069464065
0.069464065
0.0784482
0.066546045
0.8660596
0.59627503
0.61186445
0.6096462
0.76015896
0.33002746
0.05909333
0.17243992
0.575734
0.09436216
0.5129386
0.1158944
0.033897463
0.21741635
0.8685402
0.5135332
0.32005426
0.38960016
0.5914112
0.795791
0.09844797
0.1790822
0.31632984
0.083130546
0.58169174
0.7589485
0.17122851
0.074825585
0.5143348
0.59781855
0.6743623
0.16551603
0.40898862
0.011993375
0.5823608
0.16967496
0.050713047
0.5986351
0.3372649
0.21461797
0.14067209
0.63973457
0.51499003
0.3441929
0.2683115
0.1938167
0.20910142
0.045821942
0.09714317
0.2990734
0.21748203
0.42918983
0.10982873
0.32666522
0.81054914
0.18375617
0.80147755
0.82545465
0.5788294
0.15151142
0.10870502
0.574591
0.787754
0.090831116
0.41875553
0.4069458
0.31103295
0.07096065
0.16080259
0.5360209
0.7613896
0.070288315
0.27146575
0.17544946
0.18563524
0.11609939
0.12514041
0.50154203
0.3330062
0.18171877
0.52980226
0.19019742
0.16977666
0.040225904
0.5769708
0.4579075
0.054130975
0.57633704
0.08307928
0.04938265
0.866733
0.051820654
0.6913598
0.4174599
0.069770694
0.07282219
0.038668662
0.14024386
0.34417963
0.32656115
0.1066077
0.31062806
0.16323414
0.162662
0.2246131
0.10392971
0.56399226
0.23056099
0.114169836
0.11780326
0.09291461
0.12854362
0.36263517
0.06460731
0.54600203
0.049667224
0.12560037
0.59641117
0.24822022
0.766146
0.048202805
0.2871618
0.056588795
0.09038402
0.4017191
0.51060176
0.8449391
0.2115468
0.12090622
0.287369
0.09916223
0.47035778
0.80558705
0.29320297
0.109462574
0.116933666
0.19386667
0.38061175
0.123465076
0.13042566
0.77510995
0.112125136
0.44123244
0.29128936
0.73468274
0.21402639
0.41352493
0.78139037
0.17466773
0.5812503
0.44720668
0.28934425
0.10573461
0.38719827
0.33488306
0.1561247
0.12716143
0.6068472
0.076757506
0.7130994
0.12904562
0.3655803
0.37578163
0.4200514
0.07358022
0.43552706
0.56798065
0.47496694
0.61113095
0.09990919
0.7012162
0.57463104
0.118423894
0.30593315
0.20935422
0.3219134
0.21505104
0.4131986
0.43381798
0.6226038
0.1999856
0.5561702
0.26332375
0.6844782
0.23156174
0.07971441
0.46472567
0.44685394
0.22712451
0.053401656
0.26601455
0.66157484
0.21366653
0.20477301
0.1735717
0.11334453
0.27617773
0.59050393
0.41471475
0.19554862
0.86891836
0.16654582
0.32070342
0.342752
0.10019896
0.17679644
0.1114112
0.22574365
0.7404885
0.22496058
0.49921885
0.20064266
0.059585575
0.05618489
0.50823504
0.10416727
0.12761207
0.20591728
0.24610692
0.14425313
0.24083824
0.65981615
0.5137777
0.57637626
0.3451235
0.22952466
0.21612225
0.2445197
0.04571328
0.16811568
0.052594706
0.4919088
0.3534834
0.13441887
0.1056356
0.7796101
0.06512825
0.11352766
0.50329924
0.5359997
0.2904994
0.049724028
0.06866204
0.4337307
0.4337307
0.5749911
0.08066892
0.116503336
0.39349103
0.19105461
0.9004341
0.12680984
0.54325074
0.53243876
0.12091167
0.009623471
0.455736
0.36974773
0.14898218
0.37413013
0.2544818
0.19361567
0.5953092
0.07961225
0.7191832
0.4363293
0.08729668
0.09149526
0.20568323
0.12676793
0.03397767
0.09265222
0.20265733
0.10597487
0.10540364
0.2031695
0.73221713
0.6152134
0.33643296
0.32210022
0.6139795
0.31976947
0.24959888
0.408603
0.53330934
0.4948437
0.31976947
0.16144945
0.20797417
0.11234213
0.43207383
0.47347417
0.47573125
0.36202955
0.16545455
0.7129199
0.48171607
0.07495002
0.15113178
0.20565403
0.80828273
0.17363343
0.61825943
0.37409845
0.70386535
0.31925148
0.060557574
0.38659853
0.1916435
0.21009472
0.5986351
0.07441143
0.19579563
0.23409124
0.07879503
0.66418535
0.055512164
0.57304066
0.20347494
0.2240811
0.5524348
0.41826838
0.3820504
0.20696083
0.053833604
0.06868716
0.070080325
0.084585756
0.34146643
0.57590175
0.16499202
0.31181818
0.30298087
0.33966994
0.41826838
0.24463518
0.08515334
0.54397553
0.066227265
0.11690731
0.09466742
0.2630261
0.25733852
0.3485528
0.44194436
0.10600603
0.4256913
0.22735222
0.10627583
0.18052714
0.14589712
0.3197379
0.12901582
0.057781465
0.25159276
0.8319128
0.7052396
0.53664
0.18986776
0.4714924
0.04657674
0.73208874
0.47583443
0.10985191
0.09977115
0.081242636
0.65656
0.54811656
0.32101744
0.41911003
0.1475653
0.09119656
0.22289942
0.29128936
0.22616479
0.3404048
0.16220243
0.3404048
0.25672206
0.16654582
0.55365604
0.26276317
0.110762455
0.48664603
0.45068166
0.26981184
0.16395068
0.17094868
0.35271174
0.66801214
0.5243743
0.08297362
0.5167094
0.07284529
0.14611642
0.11344282
0.06961378
0.7732571
0.86863106
0.6221067
0.17794243
0.083771154
0.09193665
0.88160795
0.217403
0.7880056
0.53544724
0.43750718
0.5627534
0.36497828
0.11074852
0.030653754
0.5878672
0.8521809
0.017150732
0.35386285
0.62746173
0.34216893
0.63746417
0.2310586
0.42060843
0.45085642
0.73083806
0.42060843
0.5795563
0.5833516
0.8070137
0.071035475
0.059135534
0.75369394
0.18354921
0.1984871
0.15629306
0.17730658
0.2731557
0.4634865
0.2561799
0.63455665
0.5440049
0.80464035
0.3713611
0.19998132
0.8231256
0.11366386
0.6562417
0.7491096
0.5801215
0.3230331
0.7554652
0.8373547
0.54947424
0.079784624
0.55700016
0.879174
0.2829147
0.69309646
0.52095026
0.5372188
0.2499901
0.61630875
0.63089806
0.43600455
0.52434784
0.42691174
0.5923657
0.21936561
0.13715652
0.13678229
0.14288548
0.2687507
0.681587
0.72953856
0.30171913
0.28242525
0.09429149
0.17843588
0.16685845
0.10431282
0.8647185
0.027720723
0.6393142
0.837088
0.7876158
0.84484833
0.06203776
0.5389743
0.2167752
0.21861273
0.169117
0.1412617
0.80890065
0.22426973
0.7494541
0.7509841
0.08829381
0.2343565
0.19168824
0.59066004
0.070045
0.13165163
0.3638042
0.34112704
0.48611757
0.5861994
0.3691644
0.42296132
0.115195334
0.5672242
0.8611568
0.4978532
0.80632854
0.44843948
0.1832718
0.26285446
0.7426438
0.6213751
0.73565716
0.2103074
0.16766104
0.8453986
0.4559676
0.14990051
0.11921962
0.07426168
0.21046573
0.19110017
0.19398543
0.3221211
0.51303464
0.06789335
0.084742635
0.34825975
0.6565229
0.28430912
0.2754459
0.14283398
0.5720018
0.4596948
0.6579008
0.16654582
0.13658771
0.054807518
0.7346489
0.512862
0.4808696
0.24040881
0.11122646
0.25588733
0.12604597
0.28600872
0.48374856
0.20452784
0.72296077
0.05217523
0.4246408
0.13205872
0.34389377
0.1550221
0.29720315
0.13830441
0.053740196
0.6940631
0.10981591
0.080840655
0.30130962
0.61081034
0.17305613
0.17222989
0.6717991
0.29926345
0.64338607
0.11508038
0.09443925
0.12558062
0.7845456
0.16306472
0.08764242
0.2366596
0.08764242
0.08764242
0.08842532
0.08764242
0.21742265
0.13731207
0.38678205
0.19268595
0.16788103
0.11288892
0.1052564
0.10318314
0.3302587
0.40015188
0.7187578
0.13397495
0.6537859
0.194849
0.06844355
0.70764774
0.124736235
0.5128144
0.5130152
0.24730945
0.45057148
0.06170422
0.3660712
0.8329735
0.105378576
0.28381494
0.090072736
0.46273413
0.6275042
0.20054612
0.16554114
0.8504301
0.33418572
0.18540958
0.2138488
0.0642229
0.42700657
0.3808714
0.24537332
0.11636535
0.6152698
0.12648495
0.7402228
0.40989846
0.103600465
0.30247542
0.14885812
0.43433177
0.33706054
0.042910602
0.15097821
0.29132253
0.16023028
0.113838665
0.1110773
0.21936971
0.06598445
0.22714192
0.6726125
0.35534114
0.22006722
0.7279383
0.3259262
0.26164308
0.29651317
0.38410628
0.6892478
0.54405975
0.35024136
0.35284916
0.3192241
0.2017699
0.16693647
0.09357567
0.2675506
0.34174547
0.61510956
0.17193696
0.6050416
0.32751155
0.36694837
0.51687753
0.22525331
0.07693758
0.062794745
0.26224986
0.09701216
0.70938075
0.6509654
0.41616505
0.23015161
0.77510995
0.05571819
0.08739823
0.521702
0.57610273
0.15570685
0.12158007
0.060500428
0.7085041
0.30199558
0.25181463
0.5868794
0.09058322
0.48113286
0.47357768
0.48874956
0.49946758
0.16216327
0.16510874
0.07491749
0.65339077
0.12294167
0.4992696
0.32632467
0.5406423
0.6201129
0.58250725
0.28155974
0.895519
0.1252737
0.21221377
0.369279
0.3982666
0.117590725
0.38490477
0.15156884
0.29403657
0.077305384
0.4650905
0.17224911
0.54221874
0.6407015
0.081560194
0.30313438
0.6439388
0.12693986
0.27617037
0.72451794
0.094036475
0.20992826
0.80658054
0.0996312
0.08533868
0.61547196
0.100371584
0.6118201
0.56803894
0.7171901
0.2707299
0.4839737
0.10951106
0.40118152
0.40501633
0.48895875
0.37281367
0.4413054
0.28310543
0.17039351
0.27453437
0.058526076
0.06685128
0.11932941
0.2720683
0.5148135
0.30692503
0.2897591
0.5639575
0.42877907
0.43422678
0.2897591
0.10791504
0.6208822
0.20638998
0.13796805
0.17459023
0.8013039
0.20418172
0.6814566
0.08976084
0.133871
0.31913716
0.1773233
0.3690717
0.30889466
0.31913716
0.19702454
0.16432321
0.2014511
0.8618557
0.22301121
0.6962967
0.087216996
0.2534047
0.24811423
0.69770396
0.13168839
0.061466046
0.47791737
0.87507033
0.23108281
0.118880294
0.22157057
0.05548127
0.41925383
0.19692352
0.07218725
0.29676825
0.31133705
0.22931524
0.22903661
0.08134418
0.094391644
0.1751224
0.7383406
0.851821
0.5335743
0.12007818
0.0944491
0.67309433
0.028224522
0.13593651
0.048380114
0.66664326
0.13764785
0.39976585
0.21970066
0.32112268
0.2819591
0.07023903
0.7743166
0.22224349
0.32593897
0.5468716
0.22383709
0.53205156
0.07593547
0.82828426
0.3105084
0.30798453
0.5372082
0.15067115
0.13534561
0.35996273
0.29634726
0.15593354
0.16406757
0.19265683
0.2834986
0.5789105
0.30285412
0.3775539
0.2471915
0.37329733
0.63927823
0.21863714
0.11541992
0.3286231
0.38808066
0.21428174
0.06504165
0.6122912
0.0707652
0.2550221
0.2808299
0.06896932
0.20100322
0.18912421
0.13616157
0.11929886
0.42433703
0.32291442
0.3758336
0.12651774
0.076642536
0.16618511
0.227103
0.33736557
0.03847333
0.16739261
0.5401488
0.25110564
0.12012039
0.36457485
0.6030992
0.30604434
0.44853914
0.14235024
0.53683203
0.4139494
0.115776025
0.44790438
0.06761442
0.4880148
0.36025926
0.4946365
0.43134382
0.16654582
0.8285881
0.82898724
0.08248723
0.30241352
0.10895657
0.6365398
0.6325269
0.046312198
0.23861021
0.13104017
0.76929694
0.74497354
0.77314717
0.14381193
0.20550312
0.24899441
0.5810885
0.1952246
0.19462736
0.65475714
0.09830325
0.4359526
0.48735118
0.19976489
0.7814192
0.1542458
0.3359062
0.6209242
0.15060566
0.27370554
0.72136056
0.3343518
0.84164447
0.8833515
0.8771785
0.13224134
0.33840567
0.053948704
0.83860886
0.12813812
0.070288315
0.50577545
0.19195944
0.19797781
0.18488134
0.5127584
0.13841958
0.11497579
0.318377
0.11965592
0.119947776
0.6875721
0.59257066
0.6875721
0.39511865
0.036014184
0.3791768
0.053586446
0.76986
0.05945963
0.2896803
0.20967032
0.1680774
0.06534403
0.34990752
0.07683784
0.34326345
0.8771121
0.4255762
0.33800834
0.38148916
0.22069938
0.19593708
0.08803342
0.22958927
0.38136142
0.32176337
0.32499656
0.0752082
0.1161431
0.06979269
0.15833625
0.11327932
0.22316857
0.04950569
0.17368864
0.23880401
