0.5815336
0.5909109
0.81596243
0.9110627
0.591209
0.9366853
0.9184121
0.86893696
0.57422805
0.8508753
0.029333696
0.8773875
0.5153977
0.9072091
0.89782184
0.67322975
0.88760465
0.6150943
0.08384178
0.36208388
0.8567558
0.42500147
0.7355067
0.8269968
0.04866517
0.013731412
0.013731412
0.5825644
0.12766755
0.4967275
0.9242057
0.7413159
0.5929342
0.00094211823
0.8057474
0.87880915
0.9166453
0.9571336
0.65691155
0.5051019
0.705233
0.9627092
0.05135336
0.009388004
0.037170682
0.9299713
0.8640934
0.63263613
0.032039832
0.9299713
0.9120378
0.065692924
0.5918393
0.92788637
0.7491171
0.92788637
0.9273626
0.8574492
0.92788637
0.9299713
0.13201998
0.7931781
0.94234383
0.2993561
0.5136819
0.8952414
0.8722158
0.9210004
0.9299713
0.80918235
0.9299713
0.9299713
0.9299713
0.9078665
0.9299713
0.9299713
0.9299713
0.9299713
0.9299713
0.20631067
0.044765346
0.5780754
0.94364846
0.16317123
0.011152264
0.09305811
0.68030834
0.8760059
0.008772769
0.008303206
0.008303206
0.008772769
0.88683164
0.558263
0.39970446
0.66194254
0.8454008
0.76799154
0.6419899
0.0355238
0.06729133
0.8700018
0.48601723
0.02874476
0.85542667
0.021465624
0.84016204
0.7757152
0.6384208
0.77346087
0.7212922
0.8317699
0.038027816
0.9361146
0.23715614
0.24089968
0.7970113
0.16668572
0.8280623
0.8965257
0.68003565
0.9159886
0.36806318
0.77786607
0.028830307
0.087839544
0.60603344
0.66987914
0.60414773
0.5516871
0.12901631
0.70452
0.09296439
0.27156684
0.6701804
0.0030671763
0.41172305
0.7835912
0.0419103
0.93813795
0.583067
0.65251905
0.6949395
0.35497326
0.51442707
0.88203686
0.8517343
0.40263984
0.022830464
0.92809045
0.80279154
0.3203305
0.8711538
0.72410566
0.9488123
0.8112336
0.022493474
0.61329615
0.686017
0.6184138
0.78486454
0.25690994
0.00242098
0.7976756
0.91759646
0.90127945
0.49457633
0.68991286
0.9671724
0.80707
0.9386233
0.64134187
0.92140144
0.82270914
0.6995484
0.9241085
0.8198454
0.3314784
0.41770935
0.3604662
0.41102263
0.015473531
0.88268006
0.61197764
0.78650606
0.96824706
0.3635557
0.40882072
0.93921846
0.76277643
0.04381287
0.72852904
0.6596369
0.22040154
0.54354745
0.8205245
0.80805415
0.8927442
0.72609776
0.046141725
0.6762419
0.8969193
0.9602584
0.71124387
0.0040378063
0.0038846869
0.6021658
0.0040378063
0.10574263
0.07525879
0.7508304
0.7782376
0.7782376
0.2529928
0.8937401
0.41302183
0.8797895
0.0824717
0.8133488
0.30868942
0.8241265
0.9492159
0.20842522
0.42000568
0.5300399
0.08239842
0.4599961
0.7392837
0.50729907
0.45233098
0.85692066
0.0033399686
0.26510474
0.90562904
0.9217579
0.031971738
0.0020970767
0.009520149
0.7890893
0.9262818
0.7459361
0.45935142
0.25846714
0.003329683
0.6216505
0.00281931
0.07223008
0.0038661738
0.84597313
0.84597313
0.84597313
0.84597313
0.8521527
0.8521527
0.84597313
0.84597313
0.8628549
0.8686604
0.4823329
0.3314784
0.94817376
0.03065252
0.3314784
0.018653257
0.33540484
0.8376982
0.92306817
0.9273757
0.5211259
0.8287328
0.3314784
0.8111114
0.94589347
0.87369156
0.50510275
0.24724475
0.11613228
0.77341706
0.030393774
0.28201362
0.6384516
0.79710984
0.5325706
0.26508948
0.31799433
0.3314784
0.69482946
0.3288908
0.3314784
0.21918379
0.49519235
0.89963233
0.4453003
0.7651789
0.8488672
0.3314784
0.3314784
0.026269507
0.3633905
0.9319106
0.005477152
0.0022728539
0.89837897
0.3314784
0.3314784
0.25834894
0.6794212
0.7038624
0.42891368
0.6994648
0.9432167
0.8898505
0.87454796
0.13678962
0.0824717
0.7754078
0.3314784
0.82149905
0.10979614
0.9023575
0.5678133
0.64770526
0.49973282
0.892213
0.76648337
0.38511133
0.9200386
0.3314784
0.3314784
0.32783285
0.5241717
0.5241717
0.0824717
0.6136839
0.38577715
0.017399643
0.3314784
0.08500788
0.3314784
0.40191913
0.89897335
0.002346373
0.6840756
0.0301602
0.041640133
0.9290723
0.41102263
0.2958551
0.43662918
0.05426444
0.81899816
0.8185661
0.3314784
0.3389247
0.3314784
0.19127992
0.67226696
0.3922747
0.0022678485
0.3314784
0.26089787
0.5965691
0.0021872802
0.2745487
0.7848101
0.048913013
0.4455103
0.35163844
0.7415724
0.40293056
0.68029726
0.34810117
0.53420645
0.16929063
0.74917495
0.97598356
0.006953352
0.002417667
0.835096
0.7804579
0.3739872
0.64230454
0.9418168
0.87632984
0.902042
0.78728765
0.7563288
0.7856996
0.14765434
0.42294595
0.06789773
0.40134943
0.85270214
0.55593836
0.66843987
0.79731697
0.96639663
0.26697108
0.8221228
0.64245087
0.44436717
0.50992805
0.83697754
0.8645283
0.50789195
0.78730136
0.5113997
0.530112
0.81845146
0.9178824
0.18892144
0.42399645
0.5565349
0.8618124
0.7253025
0.72185344
0.108019225
0.7817034
0.36902747
0.9178824
0.92025757
0.81284416
0.6181589
0.66186434
0.8519182
0.89894134
0.9305783
0.87569535
0.33913103
0.33241016
0.65042055
0.80266535
0.73691285
0.80006415
0.0995042
0.63706005
0.71269757
0.63237745
0.26325572
0.91972977
0.9009819
0.70516956
0.54552007
0.6507973
0.13865857
0.7803009
0.116151296
0.31293508
0.94340986
0.32159147
0.76570475
0.61819625
0.5510438
0.6613899
0.80804145
0.46275568
0.8607554
0.786133
0.8967229
0.8479925
0.63622606
0.8338172
0.009240191
0.34441257
0.9437826
0.90768975
0.78382486
0.8893581
0.92704123
0.010525412
0.0014064641
0.9018364
0.87530774
0.6207735
0.39970472
0.938702
0.9502087
0.0013938216
0.01625855
0.7846528
0.4709786
0.009850447
0.8330583
0.002285668
0.7474853
0.009322796
0.25474706
0.8779549
0.0025257478
0.5038961
0.43702555
0.9377331
0.4711308
0.7784281
0.7775006
0.18596639
0.37083808
0.0009830168
0.8834829
0.9393185
0.8455698
0.8634095
0.77939427
0.43509477
0.08377074
0.78876746
0.9366808
0.7590935
0.03240598
0.9139398
0.35896423
0.9458268
0.01351598
0.009549953
0.6431289
0.6615476
0.7593377
0.96776754
0.7309835
0.89850324
0.9464138
0.5890603
0.15101878
0.9215515
0.9537426
0.7955068
0.0017985614
0.2858877
0.38236368
0.81787854
0.12691343
0.4120997
0.58193237
0.8450331
0.4730152
0.75570154
0.027834445
0.31358176
0.88501054
0.6872666
0.0019695226
0.95745564
0.1626705
0.8654023
0.8312678
0.37099597
0.17038237
0.58813375
0.06865216
0.37057668
0.9375422
0.94855136
0.8578731
0.90874135
0.84786326
0.015210837
0.7390289
0.06859483
0.3429395
0.163871
0.6013614
0.24484584
0.74917173
0.66515815
0.63527644
0.37065774
0.056409784
0.0010302227
0.5920977
0.56951684
0.8874042
0.9416912
0.62887704
0.024698747
0.21441291
0.8966145
0.8233675
0.8023303
0.8748454
0.9600601
0.28652507
0.96703726
0.46575972
0.14500533
0.6238915
0.57752794
0.8121123
0.5923723
0.20153554
0.5246983
0.94041765
0.9390894
0.95831364
0.26311806
0.17703398
0.45413184
0.87540793
0.46547142
0.10364633
0.8695873
0.15904157
0.80501175
0.7557011
0.78650606
0.2615235
0.47495857
0.19486794
0.92241603
0.7884022
0.66679615
0.40787736
0.12554763
0.92140144
0.40140072
0.92140144
0.85434353
0.29734877
0.0012089253
0.9312681
0.42076853
0.94541734
0.9241085
0.94541734
0.0060967715
0.33401757
0.9254457
0.8863566
0.9267312
0.81570506
0.92261595
0.8003029
0.82252246
0.16967526
0.30124766
0.0074109654
0.12362508
0.82345355
0.006939854
0.9318694
0.7401058
0.64535433
0.07271668
0.27999616
0.14155848
0.78732526
0.6084366
0.3319307
0.9052968
0.7882479
0.3809236
0.7162947
0.7162947
0.7162947
0.7162947
0.35017234
0.83900577
0.79113877
0.7739388
0.52319854
0.7521212
0.9558012
0.8489096
0.8159485
0.93010443
0.06008764
0.07629296
0.70085007
0.09057925
0.7444959
0.0063564195
0.21025695
0.03516252
0.94998235
0.8872657
0.031430606
0.19168308
0.37331715
0.77123076
0.23407258
0.5444337
0.001747227
0.0015285669
0.80289006
0.81229854
0.88478607
0.50430065
0.085292034
0.17743132
0.51586205
0.92951035
0.26672143
0.7504687
0.75689584
0.7552933
0.701896
0.02388932
0.09305675
0.88285685
0.83727574
0.83727574
0.6767899
0.7015306
0.6741371
0.9254457
0.9309614
0.81081426
0.93785024
0.102675736
0.7939639
0.58246654
0.02799819
0.8505928
0.9220714
0.76492965
0.038353417
0.7275222
0.91496056
0.77913004
0.7271488
0.0011063382
0.08583082
0.80962235
0.56519043
0.5358041
0.33416098
0.12164242
0.83727574
0.32649314
0.8438845
0.67712754
0.8438845
0.8438845
0.83727574
0.8438845
0.8438845
0.8438845
0.06029613
0.5623181
0.916022
0.6576794
0.015137464
0.74506664
0.82037354
0.008513478
0.7531244
0.80499184
0.01036541
0.09224592
0.84800696
0.76386225
0.23242107
0.0640661
0.002129809
0.05678054
0.9204571
0.6088625
0.90421766
0.50446475
0.0020321955
0.67687374
0.8253935
0.11638863
0.53169775
0.37665406
0.892403
0.7866275
0.32034194
0.15061098
0.53363055
0.102998614
0.6633619
0.91844356
0.38122773
0.8254432
0.08224572
0.3369742
0.48888433
0.8862435
0.8921276
0.821302
0.4408149
0.8061706
0.6144801
0.38647237
0.70756614
0.6143587
0.79715365
0.8392366
0.8870531
0.77222854
0.38374636
0.8620153
0.8636064
0.28188902
0.45696968
0.9294086
0.67337173
0.004166754
0.8139502
0.28491578
0.7127479
0.82702726
0.56912094
0.4197665
0.896407
0.5291716
0.7813105
0.013307637
0.69991946
0.7938126
0.3960635
0.041713234
0.48019242
0.94358516
0.5931938
0.5980928
0.026034368
0.65945804
0.68424046
0.84108853
0.9333414
0.84168404
0.90078324
0.8863029
0.73372096
0.82652706
0.113431446
0.4582852
0.55426896
0.031342555
0.8818398
0.9483357
0.95032066
0.43478805
0.2075044
0.5124814
0.51313865
0.4195509
0.7702735
0.34144646
0.9020644
0.8233699
0.03347075
0.880039
0.949125
0.020093936
0.018853914
0.029408216
0.02694517
0.90116256
0.28585327
0.62590444
0.02139142
0.7971638
0.92111427
0.8397768
0.6046621
0.012547301
0.01788693
0.13526466
0.4650886
0.14060916
0.36865312
0.0062053865
0.0062053865
0.0008334043
0.05970912
0.71855766
0.0034047435
0.33822474
0.7069588
0.51672375
0.14726014
0.0037624787
0.0034828845
0.63670397
0.7393411
0.8439011
0.7342413
0.94425684
0.11773466
0.9549244
0.5234881
0.79785657
0.025944093
0.15614147
0.14913657
0.46850517
0.7292572
0.5869513
0.7491082
0.64298975
0.12259335
0.8113845
0.0034175683
0.363395
0.078954734
0.04257377
0.7536299
0.9054514
0.49751157
0.85010403
0.3871597
0.8980486
0.5907046
0.81632376
0.7563051
0.13133647
0.8540966
0.59809375
0.9151563
0.8959557
0.8288042
0.0010202102
0.0008185217
0.6490225
0.2773595
0.0017765801
0.8372609
0.87495494
0.5111872
0.7392278
0.0014118372
0.583642
0.9297778
0.4580328
0.12152625
0.64507383
0.09019714
0.52404696
0.8262697
0.10574263
0.9592982
0.90213704
0.6105253
0.5706896
0.8444377
0.395794
0.85460883
0.79824746
0.6857273
0.88778454
0.930375
0.79818606
0.90810096
0.7510219
0.8701159
0.471953
0.008717084
0.0007464717
0.9011275
0.6248914
0.07889561
0.88465655
0.5304311
0.11489176
0.86715513
0.8142082
0.13352697
0.43247527
0.17581637
0.8472367
0.4499674
0.11589823
0.75372297
0.6026152
0.06288874
0.95766586
0.8502824
0.95099556
0.10790511
0.62497807
0.04262124
0.6653503
0.7222781
0.90683216
0.018569125
0.29856023
0.7371933
0.15334776
0.10574263
0.9150842
0.26108864
0.7253588
0.7224316
0.50459224
0.28127432
0.45401624
0.84409845
0.84662664
0.40425858
0.84263563
0.5820554
0.9669886
0.93256027
0.0017382359
0.76111937
0.5066459
0.8411668
0.09402505
