0.23444885
0.17358209
0.39880762
0.94772655
0.136661
0.09988226
0.4293748
0.3421631
0.1608768
0.120931424
0.022132302
0.9199303
0.42097044
0.6516687
0.0055907876
0.0063030086
0.1675844
0.37657183
0.033327956
0.0072227446
0.035239983
0.05348945
0.78465974
0.008250627
0.041699994
0.79471606
0.13520423
0.38798833
0.58240235
0.78990316
0.0074923118
0.16636327
0.7606062
0.3240584
0.22728579
0.25140992
0.5314654
0.14082566
0.17106813
0.054737687
0.011828009
0.049526043
0.0025343522
0.0865596
0.47583404
0.85747373
0.3224532
0.4798783
0.70326614
0.68503845
0.0019019753
0.9122818
0.15033773
0.5774169
0.4518143
0.027416952
0.46933207
0.1111694
0.17655171
0.598393
0.012967333
0.044554524
0.06078136
0.019424379
0.8394803
0.16017829
0.76176846
0.64967275
0.14827463
0.0035352968
0.63450116
0.008619393
0.89695925
0.8172876
0.015656296
0.32838583
0.113739364
0.84518164
0.009904786
0.29015225
0.45251107
0.0013852919
0.7076602
0.2566504
0.0107579725
0.041051924
0.019507078
0.08400301
0.16272965
0.01269027
0.8978019
0.008087182
0.68632597
0.6529233
0.29521024
0.47230276
0.003927278
0.882531
0.025950192
0.041093107
0.063885696
0.0075771
0.17539479
0.7304695
0.8499881
0.6059473
0.57102615
0.034594893
0.013442547
0.16686876
0.39483654
0.054384355
0.019763535
0.22092077
0.14354865
0.46994987
0.7505703
0.59728247
0.26419804
0.7223257
0.1292018
0.38178307
0.7958885
0.045371007
0.023297565
0.7326436
0.10937215
0.090239845
0.013477783
0.0032626593
0.29239538
0.0007760708
0.57217574
0.30972847
0.021334274
0.0070918305
0.016999504
0.06527458
0.7245093
0.23638503
0.3263142
0.729676
0.03298832
0.59161127
0.912947
0.5624506
0.43949795
0.338764
0.70302063
0.13958652
0.7939046
0.1708372
0.095469505
0.58428216
0.45069557
0.24316363
0.12294983
0.16150995
0.95573235
0.050083887
0.2686252
0.0014348308
0.3101037
0.120100915
0.0032504338
0.021233302
0.020884192
0.022477828
0.6522498
0.22202875
0.17646672
0.47473636
0.34851488
0.053671297
0.5709233
0.504655
0.39367712
0.0054576793
0.5646721
0.08394584
0.03573214
0.0021081092
0.80972004
0.01053517
0.58950615
0.8723392
0.07771213
0.36287224
0.068798944
0.015995117
0.034711268
0.021979889
0.06363375
0.39367712
0.7935795
0.04633348
0.05577935
0.8248907
0.09859936
0.04656455
0.32517058
0.3296407
0.7632266
0.4501263
0.05251419
0.056391545
0.00391527
0.3495278
0.0008794207
0.08776601
0.040262576
0.12540059
0.39367712
0.032186538
0.44683704
0.08193085
0.006855488
0.41740853
0.7565224
0.003488116
0.46049088
0.46049088
0.0052395435
0.46049088
0.46049088
0.044306315
0.72415143
0.14373219
0.22197267
0.7729674
0.4908936
0.94864714
0.16362329
0.96684074
0.37817165
0.39367712
0.7106176
0.7106176
0.6706746
0.7106176
0.8258289
0.9067633
0.5077546
0.7595372
0.029628053
0.25615698
0.87590384
0.252272
0.20567793
0.9304087
0.58134687
0.0022300933
0.87759346
0.39367712
0.061765905
0.011671089
0.09128901
0.3159777
0.06459283
0.3169233
0.0059570763
0.059746135
0.39367712
0.0027859174
0.012272849
0.24896847
0.5224803
0.06777768
0.05478123
0.08781931
0.5717271
0.014869802
0.45187995
0.018985767
0.18410203
0.7514658
0.17670842
0.39367712
0.7177333
0.16769296
0.020692926
0.103334226
0.05478123
0.81840646
0.2222118
0.1422636
0.598393
0.05577935
0.47319153
0.09031449
0.07954193
0.39367712
0.03544785
0.19131209
0.068844296
0.018056128
0.62466484
0.03787326
0.10527315
0.8401861
0.25366983
0.045246046
0.034094993
0.37461826
0.39367712
0.49783054
0.0955159
0.13430636
0.36548898
0.13088408
0.79854506
0.39367712
0.86259025
0.24799736
0.18447787
0.03369359
0.22697099
0.11345775
0.0065947287
0.4724365
0.39367712
0.14440413
0.66747636
0.043259583
0.105201
0.17517588
0.16569631
0.74568874
0.33139825
0.39367712
0.06915235
0.035672504
0.07276712
0.22869611
0.8141532
0.07577706
0.87136143
0.8706168
0.0059736483
0.6069703
0.049189515
0.16160579
0.37747383
0.015099495
0.06465285
0.39367712
0.23997533
0.16042645
0.13880275
0.21090664
0.88345623
0.39367712
0.0031827274
0.23444885
0.5985684
0.095469505
0.39880762
0.84567857
0.12627716
0.09988226
0.051589426
0.3421631
0.5419122
0.022894919
0.120931424
0.022132302
0.39367712
0.42097044
0.571553
0.8311919
0.1675844
0.44065863
0.29749915
0.3108883
0.7829169
0.82005286
0.08474197
0.05348945
0.008250627
0.79471606
0.13520423
0.7559578
0.38798833
0.39367712
0.58240235
0.3240584
0.25140992
0.5758612
0.5314654
0.17106813
0.011828009
0.049526043
0.39367712
0.47583404
0.22895215
0.943822
0.4798783
0.70326614
0.68503845
0.0145045305
0.4518143
0.1111694
0.17655171
0.05962327
0.16625297
0.040160142
0.044554524
0.7317816
0.39367712
0.80293375
0.57782084
0.64967275
0.1734775
0.50184774
0.63450116
0.008619393
0.804213
0.26123637
0.24794763
0.29015225
0.092572264
0.3149485
0.0107579725
0.2566504
0.040874574
0.14120406
0.019507078
0.08400301
0.110743366
0.008087182
0.68632597
0.7640865
0.598393
0.9223474
0.0059211254
0.037037425
0.22709367
0.39367712
0.041093107
0.0075771
0.2685557
0.17539479
0.70064217
0.6059473
0.034594893
0.16686876
0.0023698935
0.054384355
0.29795402
0.39367712
0.14354865
0.7103265
0.46526054
0.49181482
0.5519529
0.46994987
0.724164
0.11735321
0.59728247
0.17309782
0.26419804
0.8383929
0.1292018
0.38178307
0.045371007
0.39367712
0.21156709
0.013477783
0.0032626593
0.30972847
0.0057553235
0.71807903
0.6957987
0.68484807
0.63365823
0.17010616
0.23638503
0.08078886
0.59161127
0.39367712
0.10543044
0.032048058
0.056476824
0.338764
0.10852004
0.9517568
0.88409054
0.70302063
0.004936269
0.06739597
0.4392375
0.45069557
0.24316363
0.16798046
0.050083887
0.3000882
0.39367712
0.44168583
0.2686252
0.0015848826
0.5421515
0.09865947
0.006365579
0.0032504338
0.62585133
0.18457371
0.026605753
0.021233302
0.020884192
0.21339503
0.15336157
0.8291264
0.17646672
0.18352607
0.0379641
0.7488643
0.504655
0.5709233
0.39367712
0.6407247
0.06315753
0.03573214
0.19281465
0.08394584
0.7772168
0.41821414
0.00097462366
0.8303645
0.17517588
0.8812023
0.8644124
0.07771213
0.90112597
0.068798944
0.015995117
0.68324775
0.099288814
0.0059211254
0.10841082
0.5289361
0.021979889
0.07276712
0.06363375
0.39367712
0.21773918
0.9472184
0.04538936
0.04633348
0.22174153
0.07621209
0.82821405
0.24309883
0.29226854
0.40155387
0.592916
0.46537897
0.01798884
0.576914
0.040262576
0.026842732
0.12540059
0.39367712
0.032186538
0.44683704
0.77023894
0.41740853
0.006855488
0.19194864
0.11388336
0.027030664
0.5351327
0.0013806531
0.14373219
0.39367712
0.064474866
0.0013582446
0.25259417
0.46773875
0.032544576
0.029628053
0.7711479
0.9097003
0.06856679
0.58134687
0.04405102
0.93931174
0.0035559568
0.8447733
0.39367712
0.8497841
0.061765905
0.4675994
0.5077546
0.3159777
0.5715457
0.41160673
0.0059211254
0.3169233
0.028998975
0.32896787
0.059746135
0.39367712
0.5224803
0.24896847
0.70812863
0.10062937
0.22281331
0.8794565
0.5043089
0.32422936
0.5717271
0.47825828
0.45187995
0.018985767
0.115333766
0.3137881
0.01598211
0.08905964
0.39367712
0.7177333
0.0059211254
0.51576805
0.17115231
0.05478123
0.1034922
0.001408573
0.7773475
0.7505045
0.0061409753
0.068844296
0.03787326
0.1608768
0.25366983
0.6200455
0.015373498
0.0059485855
0.0955159
0.13430636
0.032616
0.598393
0.072170995
0.1005413
0.023422759
0.13088408
0.39576226
0.39576226
0.39576226
0.18447787
0.028149182
0.26679635
0.11345775
0.78686583
0.4724365
0.14440413
0.03820531
0.66747636
0.105201
0.16569631
0.009034057
0.22581317
0.035672504
0.06915235
0.010071379
0.046519935
0.77101815
0.22869611
0.47230276
0.2279607
0.76176846
0.87136143
0.8706168
0.6069703
0.37747383
0.06465285
0.015099495
0.9028232
0.23997533
0.16042645
0.21090664
0.13880275
0.02198982
0.05725143
0.7685769
0.0031827274
0.17358209
0.39880762
0.6478583
0.00932852
0.030412719
0.09988226
0.042427875
0.3421631
0.27218196
0.08260295
0.022132302
0.120931424
0.649706
0.005838114
0.1675844
0.44065863
0.22092077
0.033327956
0.8870026
0.05348945
0.008250627
0.003050596
0.31800306
0.13520423
0.79471606
0.58240235
0.38798833
0.16636327
0.3240584
0.25140992
0.17106813
0.9185014
0.7118188
0.049526043
0.011828009
0.032544576
0.47583404
0.70326614
0.4798783
0.68503845
0.011581235
0.4518143
0.84121376
0.46933207
0.1111694
0.17655171
0.037765913
0.044554524
0.61316115
0.9197073
0.019492144
0.74843675
0.64967275
0.7399988
0.63450116
0.008619393
0.015656296
0.05577935
0.36073533
0.113739364
0.29015225
0.10450845
0.45251107
0.0013852919
0.0107579725
0.2566504
0.041051924
0.56111085
0.019507078
0.08400301
0.53280777
0.008087182
0.68632597
0.6927593
0.8634812
0.13796414
0.47471565
0.07585315
0.22202875
0.121225916
0.00090369745
0.29982635
0.041093107
0.0075771
0.17539479
0.6313108
0.07074769
0.6059473
0.08707056
0.16686876
0.034594893
0.025570894
0.37281463
0.00125333
0.054384355
0.067886874
0.14354865
0.09700873
0.46994987
0.31362283
0.3163718
0.0082335705
0.59728247
0.26419804
0.1292018
0.38178307
0.26991022
0.44332147
0.02870306
0.045371007
0.5880576
0.49133152
0.037716866
0.013477783
0.0032626593
0.7690751
0.013595516
0.30972847
0.05627241
0.12245937
0.5946988
0.66741824
0.598393
0.1851498
0.037703555
0.23638503
0.3263142
0.7922568
0.8633109
0.59161127
0.17596678
0.7475753
0.338764
0.0034304664
0.93676305
0.70302063
0.6644664
0.30308226
0.5399747
0.53204536
0.7493953
0.03791738
0.45069557
0.24316363
0.5521767
0.63761675
0.69175047
0.9496472
0.050083887
0.66300917
0.13781957
0.2686252
0.06665795
0.120100915
0.7439679
0.902609
0.0032504338
0.005488513
0.021233302
0.020884192
0.016295994
0.029973842
0.4730732
0.4501263
0.6780264
0.17646672
0.11185124
0.504655
0.5709233
0.77616507
0.31827307
0.3481847
0.54113203
0.39367712
0.75946903
0.06276497
0.08394584
0.19281465
0.03573214
0.33637285
0.03820531
0.73540664
0.07771213
0.062293652
0.068798944
0.015995117
0.47015187
0.06363375
0.021979889
0.008997242
0.39367712
0.9289996
0.15032262
0.95008796
0.04538936
0.04633348
0.80562055
0.6454054
0.4089539
0.91882604
0.0008433893
0.040262576
0.22077774
0.12540059
0.0061819637
0.5829793
0.39367712
0.013318071
0.06986097
0.86328554
0.28315187
0.032186538
0.44683704
0.87759346
0.08193085
0.0037838179
0.006855488
0.41740853
0.83955365
0.8333425
0.9301471
0.8560897
0.37817165
0.39367712
0.8546594
0.009023147
0.38708338
0.8209415
0.5857629
0.09662309
0.029628053
0.557003
0.58134687
0.39367712
0.061765905
0.7520516
0.2222118
0.3159777
0.8449645
0.3169233
0.059746135
0.39367712
0.5224803
0.24896847
0.86643213
0.095469505
0.5717271
0.052792985
0.018985767
0.03356559
0.059985213
0.8257752
0.110711746
0.39367712
0.7177333
0.28712845
0.3301035
0.77467614
0.5233544
0.28668272
0.05170116
0.0080728475
0.39367712
0.0033998063
0.068844296
0.03787326
0.12536077
0.11244812
0.25366983
0.71208256
0.4036895
0.39367712
0.0955159
0.13430636
0.14082566
0.11306484
0.5715457
0.13088408
0.39367712
0.6498287
0.85730505
0.2491539
0.18447787
0.010175738
0.11345775
0.8368605
0.42112654
0.7530115
0.4724365
0.39367712
0.14440413
0.18524922
0.21746935
0.66747636
0.21746935
0.21746935
0.105201
0.16569631
0.598393
0.39367712
0.06915235
0.035672504
0.015052415
0.0059255916
0.22869611
0.8558702
0.07577706
0.6732938
0.8028298
0.87136143
0.8706168
0.6069703
0.049189515
0.89168125
0.06067698
0.37747383
