0.07355917
0.014545586
0.05041747
0.03757748
0.0057345517
0.1060804
0.011467857
0.021608887
0.024678307
0.06565045
0.010344402
0.0063647963
0.029949037
0.03195994
0.01886843
0.03960569
0.38882425
0.21629956
0.08771587
0.07018836
0.1097449
0.09302863
0.08226949
0.07698769
0.03467513
0.029503928
0.061173886
0.05099687
0.042639423
0.038609367
0.072815284
0.16573468
0.014686608
0.17672014
0.032693315
0.5892161
0.056735557
0.013716088
0.028218318
0.028843727
0.02119065
0.014573656
0.056522474
0.09405262
0.05192956
0.034261625
0.0924033
0.05675469
0.5725517
0.034940753
0.09774432
0.3842103
0.036304325
0.5959982
0.08687473
0.00376639
0.3413882
0.27412695
0.016388621
0.015636396
0.031614836
0.21723986
0.027643573
0.33349043
0.01929574
0.048018903
0.011434274
0.014084585
0.051978067
0.041376725
0.08306728
0.087629676
0.6294018
0.786584
0.03569155
0.11790481
0.06409129
0.03798525
0.038833573
0.010938377
0.02450981
0.026113234
0.032017667
0.03364504
0.21515517
0.005883483
0.09072531
0.013382884
0.28277087
0.015983395
0.02173829
0.0040615117
0.072514474
0.021284044
0.34481394
0.043791752
0.016731327
0.97687405
0.97687405
0.97687405
0.02038351
0.008330135
0.44636035
0.10366511
0.017836317
0.03426517
0.026914326
0.053608242
0.12324011
0.0561483
0.015583877
0.011070437
0.044049535
0.78174424
0.004745056
0.033825077
0.005287656
0.20893863
0.0479417
0.7485325
0.03118812
0.08116198
0.09875095
0.091913454
0.13626018
0.13602974
0.29989228
0.04943909
0.62139535
0.0025276393
0.11438319
0.0048837536
0.0718404
0.102949776
0.008825982
0.043024473
0.8078145
0.026160618
0.25103197
0.048925072
0.04428446
0.020442149
0.5667859
0.29217145
0.74722636
0.016714511
0.08466108
0.029444795
0.34988794
0.45735145
0.07124672
0.91340476
0.04478241
0.31598952
0.3028456
0.64922774
0.046636254
0.55691695
0.76829886
0.04340545
0.07891609
0.0588357
0.0703427
0.40747
0.22935781
0.7785699
0.0285753
0.08171934
0.17284755
0.14860448
0.44036725
0.099164724
0.36093476
0.92402995
0.013072101
0.049034312
0.09444841
0.0288639
0.036168545
0.006595384
0.030533653
0.03518123
0.12833345
0.061501242
0.0017454759
0.035601966
0.09114582
0.25168
0.072928615
0.023256378
0.27904266
0.12939651
0.07709644
0.23494561
0.054559804
0.040947128
0.08711478
0.0373392
0.094259694
0.05640409
0.025892308
0.06188013
0.11070372
0.058188118
0.004579099
0.729127
0.20350823
0.052929185
0.17342146
0.01103467
0.2825612
0.002285161
0.036758322
0.73475677
0.069606714
0.01901671
0.0050503695
0.05738839
0.755051
0.08868173
0.10701593
0.45979676
0.34832814
0.04561349
0.03703596
0.0070406366
0.013733925
0.9393191
0.05394805
0.03915577
0.018775253
0.1328974
0.05406518
0.031793807
0.014601402
0.0136329
0.03931684
0.93058276
0.0041474835
0.0066020023
0.07229807
0.025684915
0.20655443
0.09595812
0.013146346
0.095321916
0.15108223
0.005439804
0.124598466
0.11567199
0.017720481
0.06313949
0.0057457653
0.022136547
0.10930786
0.005492756
0.005492756
0.0269353
0.16950847
0.0107718455
0.07143277
0.09701068
0.0522239
0.017275015
0.0032113802
0.036392953
0.026079372
0.06479399
0.035709564
0.01948226
0.18744764
0.005535652
0.043526415
0.008955373
0.058530137
0.27554476
0.064360045
0.27032578
0.030683383
0.020513674
0.033318024
0.56951284
0.0026114038
0.006946729
0.85636824
0.098702066
0.018341139
0.06622288
0.07003916
0.4549542
0.061398953
0.0062635294
0.792331
0.016524415
0.04396658
0.8817022
0.09866441
0.019397466
0.004524112
0.16808282
0.563721
0.90960705
0.07393025
0.017979864
0.14407067
0.16855589
0.041085843
0.0021869054
0.18638016
0.22607978
0.013173193
0.2849871
0.24395408
0.036758322
0.0071811154
0.9617032
0.782613
0.16421047
0.43742433
0.21784835
0.025309503
0.2988049
0.03429186
0.034148704
0.15075682
0.29941222
0.65012777
0.33792564
0.006319133
0.0046164826
0.8878358
0.08852722
0.0060362155
0.024383996
0.3678296
0.07205008
0.013572919
0.020982206
0.38805786
0.06217887
0.020492313
0.014004044
0.11050826
0.035935365
0.028187567
0.027302274
0.15851107
0.2268845
0.020414231
0.69700843
0.006824753
0.095444724
0.094548054
0.025806798
0.0077093984
0.84332144
0.6728899
0.35089007
0.02015421
0.096923284
0.032563463
0.06934019
0.028593902
0.01827509
0.015707709
0.015758175
0.6885101
0.5204374
0.01661861
0.21920371
0.021366498
0.0037705512
0.02126239
0.9056657
0.8289421
0.26499602
0.008650947
0.008572189
0.25144243
0.07277156
0.015517628
0.028891588
0.1200888
0.06479583
0.042412788
0.02141905
0.0032161365
0.009083583
0.034617186
0.6734873
0.6429269
0.30101487
0.007886804
0.23543192
0.8631764
0.0056521012
0.033092164
0.032537304
0.21316531
0.035496224
0.036120724
0.040467534
0.19031058
0.03833783
0.02066861
0.03370133
0.028891588
0.005997072
0.031078672
0.18063132
0.010245561
0.096203625
0.03429017
0.028482268
0.48698506
0.009120064
0.4291666
0.040467534
0.003778489
0.19031058
0.03833783
0.01887814
0.04435567
0.14627324
0.02066861
0.051307943
0.19220872
0.025803303
0.0050767185
0.022846987
0.31239185
0.037001397
0.005475989
0.032855526
0.041299973
0.34072378
0.0038967861
0.14627324
0.02066861
0.051307943
0.0342673
0.08915449
0.028891588
0.1164933
0.14627324
0.02066861
0.029070387
0.32020319
0.005082533
0.19220872
0.051307943
0.09866441
0.039132033
0.0063912664
0.02590634
0.010256955
0.0059065097
0.0053107394
0.12497546
0.0047261654
0.00481474
0.010879491
0.0161067
0.07393025
0.009864469
0.011905157
0.10592344
0.6242878
0.4085157
0.2995998
0.029886244
0.03819399
0.011144281
0.058766942
0.15819614
0.03746035
0.03504512
0.0032875785
0.079170376
0.061145626
0.89026225
0.43329918
0.055807717
0.048325308
0.025099192
0.21961239
0.09810807
0.77390283
0.23807995
0.10584893
0.0049812538
0.12044217
0.066387214
0.12502067
0.032872327
0.06749869
0.009170226
0.6394258
0.046700392
0.8342362
0.77135336
0.119005084
0.6482739
0.10084186
0.062414158
0.011513361
0.035697114
0.026484812
0.015077521
0.3780975
0.035709564
0.0048269047
0.4688644
0.021837661
0.009229241
0.004126605
0.46143597
0.034691546
0.010022132
0.028389815
0.04469855
0.08352577
0.015132874
0.40723175
0.039388113
0.054779477
0.10447033
0.030654712
0.023224
0.076504976
0.09866441
0.051145896
0.01568129
0.0026359505
0.12975544
0.26594403
0.057355646
0.09866441
0.0029580279
0.22389248
0.027577367
0.00841979
0.009867393
0.09581612
0.27756822
0.36110604
0.035664182
0.034842696
0.015277892
0.020170383
0.10902717
0.6194651
0.0664297
0.07605016
0.035238385
0.025758956
0.08736317
0.10128392
0.036038898
0.060977712
0.08980526
0.2573453
0.18139398
0.55959094
0.16021374
0.58132243
0.11453528
0.74276
0.45958194
0.0045867367
0.07355917
0.0043407646
0.03757748
0.028300062
0.1060804
0.011467857
0.021608887
0.022164665
0.06565045
0.024678307
0.010344402
0.008229502
0.03960569
0.38882425
0.08226949
0.07698769
0.09302863
0.97173697
0.061173886
0.013468392
0.023009317
0.014281946
0.004780127
0.042639423
0.05099687
0.032693315
0.014686608
0.5892161
0.17672014
0.007084426
0.30126858
0.035161704
0.048931353
0.04809615
0.056735557
0.013716088
0.028218318
0.01166734
0.03297652
0.02119065
0.028843727
0.015441991
0.02879971
0.09405262
0.034261625
0.0924033
0.05192956
0.05675469
0.0036364717
0.09774432
0.3842103
0.036304325
0.3413882
0.27412695
0.33349043
0.027643573
0.21723986
0.6329197
0.48816928
0.011434274
0.051978067
0.014084585
0.08306728
0.011199287
0.006790265
0.011705113
0.6294018
0.03569155
0.11790481
0.03798525
0.06409129
0.00787931
0.21845314
0.51552093
0.02450981
0.026113234
0.20735377
0.028724154
0.09072531
0.03223355
0.033528455
0.29360154
0.015983395
0.02173829
0.0076310523
0.0915058
0.072514474
0.021284044
0.0034106872
0.5311865
0.048097935
0.33601755
0.34481394
0.50986475
0.07762406
0.7590373
0.28407273
0.05452473
0.60709184
0.0034206144
0.03877308
0.006733854
0.44636035
0.10366511
0.033296056
0.0022121689
0.011838511
0.010435416
0.02117972
0.12324011
0.0561483
0.039210845
0.90316576
0.68809015
0.78174424
0.044049535
0.9037255
0.35463974
0.010585213
0.42814338
0.2158559
0.0479417
0.20893863
0.022382297
0.011242357
0.08171934
0.00725024
0.0018634597
0.050828952
0.04943909
0.13602974
0.13626018
0.29989228
0.14518087
0.030106224
0.10489109
0.03480674
0.102949776
0.008825982
0.035123616
0.019331658
0.8078145
0.25103197
0.026160618
0.043024473
0.05028152
0.06470452
0.29217145
0.74722636
0.005032443
0.06574444
0.07124672
0.45735145
0.34988794
0.061174862
0.55691695
0.64922774
0.3028456
0.31598952
0.046636254
0.01412896
0.029261705
0.0703427
0.057063557
0.40747
0.22935781
0.39439723
0.7785699
0.0285753
0.01856985
0.024277909
0.016492391
0.73939866
0.44036725
0.14860448
0.05097739
0.33558375
0.08171934
0.09444841
0.0029173219
0.100251965
0.0133570265
0.048584145
0.012288485
0.12833345
0.016839592
0.005157942
0.09114582
0.035601966
0.25168
0.112072736
0.23494561
0.07709644
0.054559804
0.026530748
0.034603123
0.0373392
0.08711478
0.03962229
0.62489
0.094259694
0.0056817294
0.8011767
0.65796834
0.06188013
0.11070372
0.01725338
0.20350823
0.1647839
0.007079172
0.225785
0.14202239
0.6306841
0.036950145
0.17342146
0.0339816
0.6161685
0.06583452
0.035709564
0.73475677
0.069606714
0.00893285
0.27623522
0.06171933
0.047936615
0.755051
0.6061212
0.7938992
0.013629946
0.11052778
0.026356706
0.45979676
0.34832814
0.1328974
0.05406518
0.004055461
0.007438818
0.0136329
0.014601402
0.60189587
0.005130734
0.049354274
0.07097336
0.33025777
0.012517454
0.025684915
0.07229807
0.20655443
0.00858357
0.016653175
0.0030478735
0.013146346
0.014083986
0.0066827363
0.032675587
0.012567449
0.041299723
0.15108223
0.021216389
0.037530612
0.1317641
0.14917305
0.037525527
0.38284084
0.10930786
0.022136547
0.028550709
0.24720222
0.009232936
0.06667349
0.003884614
0.016914383
0.16950847
0.57151103
0.006496784
0.1409458
0.07143277
0.06468565
0.01141894
0.03187579
0.055589702
0.077884585
0.057607647
0.004457736
0.06479399
0.028429901
0.04964954
0.022820357
0.18744764
0.039148685
0.0079680765
0.9364139
0.92969024
0.014719918
0.58054036
0.017536268
0.40723175
0.038438592
0.033318024
0.020513674
0.069995046
0.041196182
0.96823937
0.091701
0.6072274
0.12788889
0.020462632
0.08522856
0.06622288
0.07003916
0.4549542
0.44014123
0.08824543
0.009406948
0.09334979
0.035709564
0.036758322
0.05974827
0.026454993
0.005560758
0.09529426
0.0835357
0.563721
0.16808282
0.014521612
0.028797213
0.047974344
0.047974344
0.023882521
0.037115946
0.18638016
0.22607978
0.052821036
0.036758322
0.09866441
0.14110588
0.008967176
0.24395408
0.2849871
0.008642015
0.048962723
0.009847178
0.002218004
0.06782986
0.16421047
0.782613
0.045196865
0.008254148
0.02910807
0.04585834
0.021959554
0.03819829
0.21784835
0.025309503
0.2988049
0.26992145
0.0033555026
0.005472343
0.08089311
0.15075682
0.034148704
0.02582698
0.0075642182
0.9733718
0.65012777
0.33792564
0.29941222
0.009633396
0.09866441
0.18314904
0.08852722
0.04200353
0.3678296
0.013572919
0.07205008
0.004252831
0.0064158905
0.4653144
0.09273995
0.014004044
0.11050826
0.5473498
0.09283875
0.028187567
0.07818521
0.0223597
0.06331827
0.019041127
0.013731853
0.050770987
0.008066197
0.094548054
0.045127578
0.6140533
0.7892516
0.66396785
0.35089007
0.02015421
0.825055
0.12807658
0.12535067
0.009256211
0.01615729
0.5543159
0.018617366
0.8593642
0.029222509
0.029835058
0.033979844
0.053502172
0.5204374
0.021368029
0.04127176
0.030418843
0.02119836
0.023626788
0.00946874
0.021366498
0.018021457
0.018152617
0.106737725
0.024609067
0.042078998
0.0045109997
0.057538144
0.0036812366
0.02126239
0.02070237
0.012760876
0.04035212
