0.36023563
0.07795123
0.4768046
0.76868975
0.7725656
0.5186584
0.7098468
0.71506894
0.44732365
0.7625151
0.45404488
0.23182915
0.7192234
0.51112485
0.062002927
0.22968924
0.5354985
0.8182128
0.51431084
0.5943464
0.6477148
0.6305755
0.55436397
0.14753056
0.20507021
0.67766404
0.8211037
0.60136044
0.9116094
0.30937156
0.12536976
0.12532069
0.40516505
0.34999645
0.22459224
0.5649034
0.74251485
0.37672734
0.26786017
0.8399016
0.07564837
0.5397595
0.3328444
0.8146404
0.64444923
0.4512047
0.48751947
0.12627003
0.7654557
0.41857392
0.86985546
0.14428684
0.42376858
0.19549127
0.7672742
0.16617502
0.31683907
0.17679222
0.52431625
0.2074284
0.6811506
0.41562846
0.41835988
0.47671884
0.13440146
0.73170924
0.7100102
0.25292054
0.556538
0.23077628
0.48014408
0.35748127
0.2251091
0.82056475
0.22941294
0.5414886
0.41857392
0.59834754
0.36079934
0.40667957
0.7237187
0.08262806
0.5453052
0.85661185
0.18961729
0.04775556
0.3434018
0.34220576
0.06889523
0.13726223
0.0725646
0.7188629
0.24225438
0.2908296
0.6812948
0.717696
0.0315323
0.6803117
0.57983434
0.33622363
0.037199203
0.678928
0.9039615
0.7682302
0.54990983
0.07394583
0.9039615
0.75281
0.19661105
0.49404666
0.75978607
0.7577492
0.55845815
0.2890555
0.45682576
0.49472764
0.09262817
0.59415776
0.794488
0.27247897
0.47171056
0.027567761
0.83127844
0.7981387
0.62817484
0.49154687
0.3766184
0.18362178
0.11264041
0.25961545
0.5654181
0.8715865
0.57703763
0.75991833
0.16757648
0.5307903
0.38875848
0.70244473
0.3469925
0.3277412
0.228483
0.20762517
0.17090502
0.25043666
0.68537587
0.17446516
0.7514571
0.23934843
0.16373505
0.056963105
0.05131735
0.2158979
0.09430466
0.16138217
0.1499076
0.60608315
0.80931896
0.8209871
0.42987436
0.44391856
0.3183793
0.20602275
0.0570196
0.2363812
0.91943926
0.81114006
0.04617531
0.04617531
0.7672742
0.5245773
0.67567956
0.46076652
0.857958
0.47989914
0.69554406
0.63297117
0.79534405
0.43048018
0.10574513
0.8042162
0.09683326
0.12771887
0.65824986
0.5475214
0.07164689
0.2637539
0.37278953
0.47317642
0.17328122
0.086191475
0.8678487
0.043839898
0.043839898
0.5752286
0.045709047
0.86104226
0.39593172
0.6364203
0.087190054
0.22490104
0.56414384
0.1672548
0.76335555
0.8852081
0.28053957
0.20371038
0.47045627
0.041649573
0.14920606
0.75084
0.8930507
0.90147066
0.6229271
0.22510917
0.22510917
0.35028133
0.8584522
0.8568227
0.27126428
0.23362431
0.1484406
0.7664833
0.8275571
0.4037069
0.04024885
0.5282129
0.034822542
0.7993512
0.258241
0.5298675
0.58114296
0.7239163
0.8604791
0.87494195
0.06458149
0.27737686
0.45744208
0.5678265
0.6584515
0.29623806
0.13388741
0.21990106
0.81471306
0.05563214
0.16519962
0.3450538
0.6844822
0.060990725
0.53146875
0.5177081
0.679552
0.3774149
0.57965595
0.20041405
0.48783535
0.258895
0.1852579
0.07218053
0.73513645
0.13561381
0.6221281
0.039627217
0.6245382
0.41051763
0.16756804
0.08744067
0.3618771
0.030736368
0.89842975
0.41483346
0.17458974
0.8729244
0.2725521
0.7732583
0.91823936
0.52267265
0.7827499
0.7675972
0.06184581
0.34211016
0.6417713
0.74178046
0.28036284
0.87871426
0.57548606
0.6587852
0.67347014
0.41224265
0.5115885
0.22512634
0.60962635
0.6114702
0.023442866
0.72976834
0.44863924
0.30697435
0.70698386
0.25119522
0.19821584
0.07840409
0.59468496
0.19827402
0.23015797
0.6061269
0.6580847
0.2789767
0.35406962
0.3494284
0.3408446
0.7758112
0.5612381
0.5254083
0.0849743
0.76674277
0.37006447
0.555169
0.79902464
0.10607348
0.6278334
0.4104977
0.34146285
0.4946583
0.088935494
0.45842034
0.011905644
0.82951903
0.26051313
0.5640968
0.5435255
0.39713833
0.40417397
0.20654352
0.6702384
0.68043095
0.09959628
0.413065
0.26358443
0.49889576
0.09474932
0.23549117
0.6463895
0.45577663
0.43236336
0.49172747
0.80458057
0.40993977
0.6384043
0.5328604
0.6396429
0.36652726
0.25696862
0.09981224
0.56846404
0.43164322
0.54591775
0.31129792
0.5297952
0.10709414
0.13455294
0.17282352
0.3877113
0.19158466
0.49542627
0.8036641
0.5089632
0.19542383
0.64100116
0.6446392
0.72684675
0.49055183
0.4397704
0.23840065
0.8189823
0.50549775
0.40163454
0.5213125
0.8084877
0.58760303
0.46313986
0.77415156
0.22854672
0.48883352
0.87161326
0.87226635
0.1630094
0.37684944
0.12363144
0.527938
0.6923298
0.85954225
0.76052713
0.3199325
0.81005937
0.80425894
0.58707
0.3707676
0.039331272
0.79777706
0.8252804
0.74848413
0.08054259
0.39099386
0.061165746
0.13870111
0.2459793
0.10656843
0.75138736
0.46769723
0.20233382
0.4561468
0.6555478
0.52506876
0.07834032
0.42885917
0.18172857
0.29149303
0.8621142
0.8380755
0.05556172
0.8326879
0.6685912
0.46434107
0.19018957
0.32765698
0.4102535
0.25843042
0.40671661
0.033881012
0.37387487
0.4173176
0.62176174
0.31683907
0.525368
0.30344287
0.07081113
0.66845804
0.49869627
0.05049508
0.753489
0.067548
0.22074196
0.27221805
0.45567325
0.64652455
0.24219725
0.3800682
0.1365953
0.07405401
0.7230428
0.7230428
0.7230428
0.7230428
0.6904386
0.22967097
0.752049
0.12739848
0.39370096
0.7188629
0.43777135
0.15084527
0.5505715
0.37105304
0.10044068
0.74163
0.07356724
0.5960854
0.85448575
0.1341477
0.66145104
0.51406103
0.05390081
0.3474172
0.6061749
0.4942828
0.58647984
0.43961942
0.4729973
0.12476436
0.8257326
0.56285834
0.7672742
0.54729134
0.64552957
0.47738877
0.42957428
0.15176956
0.24667591
0.53693724
0.41869
0.42341763
0.74394315
0.3846234
0.4139528
0.41283265
0.054819968
0.54514974
0.22251137
0.3560499
0.765739
0.6366226
0.40218347
0.84827584
0.77470577
0.80357265
0.2929204
0.74821985
0.7593013
0.07129351
0.54004675
0.24587421
0.031605743
0.6138224
0.214379
0.10957897
0.07168798
0.6655311
0.7696537
0.7136161
0.68353015
0.10104257
0.63077337
0.050887927
0.7164723
0.4478632
0.6796305
0.6897398
0.2594411
0.43077457
0.41361523
0.5452255
0.7672742
0.6654289
0.53432673
0.5374729
0.75461715
0.27191475
0.10456769
0.40648264
0.5807805
0.47626534
0.23166543
0.10513234
0.652751
0.11409719
0.083294496
0.07035456
0.08094083
0.7324977
0.77221954
0.6194872
0.3374484
0.48293924
0.16874605
0.05399569
0.65782636
0.31692925
0.33177996
0.19617303
0.5741637
0.0685732
0.73833716
0.8299539
0.19896142
0.116646975
0.57749
0.11403377
0.7120895
0.09673914
0.75305027
0.4264893
0.41412693
0.10296275
0.7171458
0.49396798
0.37097886
0.6412528
0.5231616
0.2790863
0.5821377
0.53926915
0.8829403
0.47545898
0.7017944
0.7792948
0.3161168
0.579786
0.8456057
0.699006
0.7672742
0.36022195
0.21648514
0.0662083
0.542337
0.8088615
0.66338235
0.5265906
0.26120564
0.071963854
0.71487147
0.8180258
0.4370285
0.35327306
0.69704115
0.62708336
0.21666524
0.13535105
0.10997684
0.7849244
0.83206606
0.11561768
0.80392057
0.032569077
0.77558357
0.13114531
0.2797331
0.73918486
0.78441083
0.42248204
0.67839867
0.68641263
0.13004453
0.68641263
0.68177414
0.736238
0.091226324
0.53190845
0.23032229
0.24551325
0.6391719
0.6391719
0.16788077
0.89372724
0.7672742
0.5358546
0.935778
0.5881718
0.20119832
0.083773874
0.15984148
0.40997604
0.8209871
0.66057044
0.9043004
0.89729863
0.09687067
0.4670114
0.12568171
0.33079815
0.17518096
0.5152936
0.8232518
0.5095355
0.71054685
0.81847256
0.05279018
0.5400586
0.5874506
0.06558323
0.53980505
0.6240032
0.44491032
0.62832326
0.5700459
0.31683907
0.8819762
0.7672742
0.7672742
0.8805155
0.2588233
0.60971487
0.23988292
0.46929777
0.73916185
0.6978131
0.37741166
0.7477187
0.29457334
0.44449013
0.080806956
0.78919226
0.15769042
0.35019648
0.8432503
0.52975756
0.40972468
0.382909
0.6916225
0.7374529
0.7992477
0.7188629
0.17728072
0.8308346
0.8209871
0.5875696
0.3994854
0.07243059
0.44592005
0.44347334
0.12568478
0.7010931
0.20858407
0.36852086
0.17618346
0.37274647
0.11704934
0.50047016
0.7376088
0.20560975
0.84870553
0.6094187
0.70284927
0.6373066
0.55811995
0.69984585
0.40205368
0.73757094
0.7672742
0.46150553
0.7656095
0.53204966
0.68085027
0.7657554
0.82478225
0.229593
0.5920959
0.7111277
0.7577814
0.491632
0.5562849
0.2689665
0.5519688
0.29465106
0.24833213
0.23189206
0.2569635
0.87455577
0.29785982
0.026051579
0.5220383
0.73382545
0.79164046
0.7449024
0.03231928
0.19473524
0.4654405
0.46150553
0.65417665
0.20616671
0.8664401
0.46790728
0.46413597
0.8664401
0.4436573
0.49332628
0.21840784
0.21840784
0.13006307
0.8275571
0.17654026
0.4407456
0.48553666
0.19915727
0.17606956
0.56386375
0.24746619
0.59643686
0.6246821
0.3346313
0.39343056
0.37764847
0.5864911
0.29827362
0.6044341
0.06504066
0.6960085
0.377858
0.34518564
0.5903746
0.5720352
0.87044084
0.4763939
0.7479316
0.10113911
0.0859857
0.111712895
0.6952731
0.26095852
0.83127433
0.1643225
0.7875454
0.17192955
0.51914907
0.21417122
0.119186185
0.25831658
0.8275571
0.40795913
0.6940792
0.056392312
0.25935602
0.27154696
0.53269595
0.3685104
0.06643753
0.56119305
0.21429509
0.68230367
0.5993733
0.45626143
0.75022703
0.75482154
0.5060797
0.35846457
0.35846457
0.209617
0.5862277
0.8514749
0.6523555
0.35430014
0.17919627
0.5610692
0.6133209
0.3874765
0.64297
0.33096275
0.28479025
0.33069527
0.59861565
0.5546086
0.35720894
0.3346313
0.648956
0.7112672
0.7112672
0.7112672
0.45348153
0.7112672
0.7112672
0.7112672
0.69842833
0.7532494
0.7532494
0.7648972
0.7934521
0.80462325
0.7853806
0.7375585
0.7845487
0.7499134
0.7375585
0.32634008
0.6523555
0.7375585
0.7398889
0.9160454
0.32069954
0.57496893
0.36748827
0.73916185
0.25618213
0.26393315
0.6242157
0.5909333
0.29673567
0.82790107
0.62541753
0.19625224
0.58938175
0.707612
0.46854258
0.8340424
0.7929092
0.32998446
0.8130664
0.283627
0.61202025
0.81077474
0.22237535
0.6523555
0.81113946
0.6720721
0.71186846
0.12568559
0.6664623
0.10456638
0.48492214
0.52730495
0.10225992
0.63694763
0.880343
0.8253296
0.36022195
0.39971337
0.80678576
0.81772137
0.81104517
0.66567135
0.49123836
0.39219254
0.7672742
0.47927877
0.63641274
0.06393212
0.3191589
0.43566975
0.7464887
0.75680804
0.7448783
0.37773746
0.75163007
0.52843547
0.30255336
0.5249591
0.68241715
0.65842927
0.11883633
0.08372038
0.48030496
0.7579283
0.12684712
0.82847625
0.68793267
0.76351553
0.75163007
0.36676964
0.7960962
0.57610637
0.37773746
0.7448783
0.75680804
0.69076556
0.7045402
0.5800436
0.7476086
0.19795583
0.2097439
0.70867825
0.75680804
0.7448783
0.37773746
0.7736583
0.7736583
0.77734786
0.7736583
0.77734786
0.7736583
0.70071656
0.7672742
0.5574527
0.56956285
0.08169715
0.70195377
0.39048973
0.81486523
0.62255764
0.3136266
0.6246737
0.8208807
0.23794857
0.039409522
0.6535014
0.43325734
0.80678165
0.6229417
0.5513614
0.07904051
0.35018057
0.35748848
0.53759557
0.44683194
0.20147385
0.55804706
0.4817752
0.46915263
0.8798325
0.7672742
0.65567493
0.85955036
0.39704138
0.7672742
0.72870153
0.7672742
0.31683907
0.7672742
0.7672742
0.11405866
0.7672742
0.2158135
0.52586806
0.0986019
0.55096716
0.6270358
0.17885198
0.32782322
0.45774367
0.43034235
0.40960866
0.39661226
0.31127453
0.4158694
