0.02857562
0.0050612018
0.015832203
0.053902745
0.050558653
0.04962184
0.04526147
0.05354487
0.036085296
0.16168666
0.4397296
0.7420135
0.050770577
0.13077009
0.002973052
0.7116956
0.3663195
0.046072997
0.10024666
0.02577746
0.06229229
0.018296441
0.23420514
0.011764325
0.010770464
0.30440292
0.047220405
0.3912992
0.035034765
0.68719345
0.005296889
0.007205846
0.035797745
0.014378872
0.0155341625
0.4190706
0.049127348
0.026161732
0.017235674
0.06882462
0.0045199785
0.04412122
0.033278495
0.066671975
0.04325696
0.20152019
0.03478039
0.0069539915
0.15019554
0.56474257
0.09607138
0.0063410695
0.0847454
0.00969337
0.050316148
0.8314445
0.676106
0.82050496
0.19259186
0.0076338244
0.30102885
0.026867712
0.028058115
0.16043907
0.005650284
0.23531844
0.12139284
0.009863538
0.3919476
0.012839248
0.49283642
0.6249577
0.754891
0.032498192
0.0091056675
0.013483329
0.56474257
0.03494891
0.026364153
0.044265337
0.10075139
0.0065987296
0.43265405
0.038302675
0.008577036
0.95059335
0.011306154
0.48221588
0.0044995835
0.015881551
0.003935467
0.24274227
0.73014027
0.026780717
0.2709791
0.037446413
0.002746237
0.22096579
0.4042293
0.06951323
0.0024164454
0.07114857
0.07353116
0.068700306
0.051268835
0.92267066
0.07353116
0.061516967
0.010131176
0.46836084
0.044369828
0.10047017
0.35579866
0.012328459
0.5171859
0.08817974
0.0062233163
0.018998438
0.10275531
0.020872952
0.06372814
0.9712912
0.030709911
0.12145151
0.36667562
0.051738545
0.026063856
0.011000697
0.8840691
0.017391553
0.019507153
0.07178825
0.04596659
0.18439175
0.82566696
0.40480548
0.01774684
0.033232328
0.6250052
0.6044211
0.7678521
0.021795187
0.00775205
0.013225569
0.19568504
0.016719615
0.054268617
0.012141433
0.83373374
0.9414051
0.9459052
0.7641265
0.008240192
0.8365776
0.0074139154
0.1271661
0.16384955
0.037578456
0.02958842
0.54640514
0.624946
0.009608057
0.0032039098
0.7593719
0.03376393
0.15195815
0.0026119591
0.0026119591
0.050316148
0.022637244
0.06418989
0.5294507
0.022239521
0.024748256
0.035632413
0.2563714
0.048406854
0.027638871
0.8914895
0.060779497
0.0062084957
0.008362706
0.28886688
0.42508164
0.924169
0.020573955
0.026616195
0.024548514
0.82050425
0.0048643043
0.039662108
0.002502747
0.002502747
0.36811075
0.002600613
0.083150566
0.03307288
0.30872616
0.91077745
0.008096576
0.018825136
0.83083296
0.19465375
0.052428048
0.7120234
0.01308357
0.074767664
0.9573285
0.0073805125
0.033513334
0.060018457
0.055395
0.03654217
0.7656818
0.7656818
0.6466614
0.09320823
0.11093692
0.0091613345
0.008181334
0.84784424
0.07227695
0.05198161
0.53650075
0.9585168
0.45842317
0.96427983
0.13357186
0.007317101
0.03846663
0.35621166
0.030978171
0.025227604
0.033174165
0.9344455
0.70595336
0.025140252
0.052802064
0.039021075
0.018328033
0.86345345
0.7550531
0.15452488
0.0041347006
0.007401588
0.066472225
0.18023965
0.0035907854
0.024844091
0.014794191
0.30906138
0.029419422
0.28658417
0.007450682
0.029347714
0.008677083
0.007803091
0.003773467
0.15613219
0.006604383
0.35416874
0.95921725
0.07026791
0.46245113
0.0073475344
0.91105884
0.023293128
0.968304
0.076172695
0.052282143
0.008329676
0.031530894
0.012911451
0.161204
0.033784058
0.21386205
0.1891868
0.059192378
0.9363174
0.6312671
0.34753245
0.1692031
0.021808065
0.035500556
0.03476496
0.23761651
0.15399684
0.31709003
0.37086642
0.74695086
0.065252274
0.024390733
0.974624
0.25500017
0.51546603
0.684747
0.07199981
0.0069104424
0.7966205
0.00620387
0.37761062
0.008015272
0.7634705
0.01776507
0.22517066
0.020032536
0.019610168
0.021215776
0.0093878545
0.05187249
0.27615643
0.036665596
0.90740585
0.15515606
0.60759664
0.04740389
0.14636128
0.005248272
0.037147123
0.044357523
0.042975083
0.045569293
0.0049401703
0.03709156
0.98740524
0.082166806
0.016772503
0.39237547
0.11537218
0.052183237
0.012533536
0.017750112
0.07822626
0.093633294
0.003605884
0.01652472
0.7225702
0.47293004
0.005836541
0.009341308
0.07298946
0.042385172
0.5617954
0.025157303
0.14069234
0.043242786
0.15733701
0.092697315
0.04175634
0.024630155
0.009189852
0.0040064584
0.082750894
0.55349946
0.07779601
0.59754705
0.34789494
0.0045619956
0.005331778
0.00758937
0.01267423
0.008311994
0.017162424
0.120855704
0.02640545
0.0065009925
0.09051434
0.051213156
0.21728976
0.028328296
0.5170813
0.014439796
0.069866456
0.015855048
0.5642315
0.092098445
0.076146185
0.3690217
0.024017215
0.13186628
0.017745784
0.4786191
0.064679064
0.063849844
0.008693183
0.015190933
0.010304565
0.024676321
0.03665722
0.039580155
0.04562031
0.63781124
0.11092288
0.054565582
0.041899092
0.02736829
0.0034504053
0.12222292
0.05620626
0.23484032
0.0049303984
0.53602076
0.0056418814
0.85273767
0.011237004
0.003178359
0.06364328
0.03672946
0.00791641
0.015366648
0.31917953
0.16021904
0.918144
0.080951534
0.010306505
0.6975194
0.06559557
0.056636818
0.9402909
0.049545884
0.12932804
0.510393
0.010114489
0.021880368
0.5756088
0.016054688
0.5830141
0.9641796
0.026035093
0.032332685
0.045642234
0.676106
0.06178724
0.6921792
0.0048673446
0.30708876
0.04369203
0.0029904477
0.043637402
0.0041814256
0.013666622
0.015332838
0.5392621
0.3278042
0.0061437953
0.59996283
0.0064136833
0.004816749
0.2595862
0.2595862
0.2595862
0.2595862
0.022804854
0.7632535
0.062284663
0.0042474046
0.09652976
0.24274227
0.022858957
0.0087293405
0.4273749
0.021477133
0.008808819
0.07874819
0.006831155
0.3480576
0.08529232
0.010327689
0.13146831
0.44632137
0.9433262
0.023119483
0.10261464
0.022472408
0.049019694
0.49045122
0.015628615
0.87141395
0.029691054
0.22577015
0.050316148
0.02620089
0.065747
0.51006436
0.032354966
0.0064203828
0.008685857
0.02137772
0.021427868
0.024016056
0.23308933
0.5846451
0.5511696
0.55611974
0.0032559272
0.06280931
0.7456405
0.17787549
0.06360841
0.06352934
0.5787522
0.016501788
0.04554712
0.09555456
0.70300215
0.10224472
0.1464594
0.003157427
0.43706247
0.012770068
0.002621152
0.03876789
0.022801202
0.8803178
0.0049198754
0.09171762
0.18501149
0.119646214
0.10706298
0.0040357807
0.36094934
0.0029743975
0.030585479
0.4822972
0.28168097
0.035245597
0.017420424
0.018092757
0.57574105
0.015039056
0.050316148
0.028686749
0.048412867
0.42620397
0.062536575
0.013705556
0.0062033823
0.5666527
0.037274003
0.024925148
0.012672292
0.005556917
0.2557151
0.0071144663
0.004487885
0.0036445926
0.91737396
0.24837808
0.2059434
0.027861044
0.020004487
0.020671304
0.008742088
0.0032824364
0.024887253
0.01854129
0.025245095
0.0096894
0.13369928
0.0033000312
0.035646357
0.12072911
0.010905887
0.008359058
0.091142744
0.0052993144
0.065930404
0.0061777327
0.04378388
0.5372476
0.050747484
0.008962155
0.04717017
0.4987576
0.02129042
0.3166025
0.46842214
0.71032137
0.3359009
0.054997604
0.029087948
0.039333623
0.14516266
0.1789419
0.66347235
0.13066225
0.027904581
0.03411913
0.050316148
0.04682428
0.013634084
0.0032921107
0.06785323
0.15474805
0.064280294
0.42164114
0.019602595
0.0060801753
0.044975344
0.07798114
0.5467362
0.038891576
0.25158995
0.09450299
0.0108044585
0.006990847
0.0054628006
0.060367502
0.14853746
0.0063097347
0.0884382
0.9658057
0.06203405
0.011140276
0.015633289
0.1694452
0.05023572
0.5514543
0.024226362
0.042400837
0.006119561
0.042400837
0.19100036
0.099861465
0.005142498
0.029345278
0.011683235
0.014404308
0.05225834
0.05225834
0.00833719
0.05553344
0.050316148
0.41317883
0.022331603
0.022213314
0.79240793
0.005235258
0.8370958
0.029348584
0.037578456
0.06825275
0.062294472
0.06461774
0.003753745
0.4854532
0.0045734737
0.014948831
0.012858951
0.029507838
0.026723726
0.013176337
0.2685075
0.14006966
0.0030275567
0.03634211
0.050611127
0.93173754
0.06400761
0.07663632
0.5376152
0.18946333
0.34274897
0.676106
0.03646632
0.050316148
0.050316148
0.03992138
0.73419523
0.29974827
0.014117467
0.022954414
0.09650035
0.054314177
0.5961152
0.10392826
0.6958509
0.04431417
0.0053187395
0.115904935
0.01224225
0.027537901
0.09954888
0.029331781
0.064533666
0.0515167
0.10059056
0.16027269
0.03742862
0.24274227
0.013098999
0.031256806
0.037578456
0.27410635
0.5929841
0.0070696627
0.06300685
0.062180817
0.0073057776
0.2711758
0.776115
0.6036733
0.009080833
0.036184594
0.005275501
0.03765143
0.2365985
0.0058544315
0.04279158
0.09824529
0.10200067
0.0993655
0.037618723
0.07407056
0.039834484
0.24271442
0.050316148
0.06097819
0.19698112
0.027076276
0.29219624
0.051456545
0.068059824
0.008316999
0.11842817
0.034395225
0.22587356
0.05497661
0.08028867
0.012376868
0.036545932
0.6912199
0.018200496
0.01208868
0.7162097
0.093085326
0.022362132
0.9724091
0.021333776
0.24602194
0.02543044
0.23196356
0.9653864
0.011845967
0.061590604
0.06097819
0.32614213
0.7861244
0.09081099
0.5226441
0.52653164
0.09081099
0.5095025
0.05716622
0.77480537
0.77480537
0.0052934745
0.05198161
0.81930983
0.5124556
0.40556034
0.7956395
0.012107186
0.42944744
0.01451424
0.03790771
0.36313048
0.65076226
0.5521086
0.5804843
0.1957742
0.016245926
0.07132961
0.004102982
0.21402495
0.017050425
0.6461025
0.10920405
0.3320859
0.036767717
0.513434
0.062722914
0.0060948674
0.0052152863
0.010134299
0.037363525
0.012512501
0.10970682
0.8300981
0.02674332
0.013420222
0.02746835
0.7154408
0.8759063
0.72209626
0.05198161
0.024262797
0.072957754
0.0041337325
0.012235048
0.021082656
0.4533759
0.024342341
0.0040105735
0.03502181
0.02234991
0.2971544
0.35323468
0.52837384
0.20833653
0.22517219
0.061734878
0.6244623
0.6244623
0.76811355
0.37890756
0.02896518
0.04579739
0.62898415
0.015837075
0.11657694
0.19471623
0.5883445
0.060986374
0.65820324
0.70256096
0.65584546
0.35314092
0.42297518
0.62859046
0.65076226
0.31657395
0.2612338
0.2612338
0.2612338
0.039204612
0.2612338
0.2612338
0.2612338
0.2778957
0.21655472
0.21655472
0.19987059
0.16039295
0.15962939
0.101601444
0.2185107
0.12946075
0.18976803
0.2185107
0.6591137
0.04579739
0.2185107
0.20207372
0.05677009
0.6719449
0.39917028
0.6216817
0.09650035
0.7299433
0.7239699
0.06936969
0.382958
0.016172573
0.10987463
0.32552105
0.010773135
0.21136293
0.03999634
0.041556798
0.04120314
0.15074131
0.6556527
0.047419492
0.674232
0.033056453
0.13589624
0.767009
0.04579739
0.12794453
0.28767565
0.23405294
0.0071434467
0.31648985
0.00436005
0.051305115
0.0388898
0.8909354
0.3214752
0.060615346
0.0385583
0.04682428
0.59062064
0.13608027
0.10182799
0.14185779
0.055458385
0.039090984
0.5904064
0.050316148
0.51021063
0.07953414
0.003833836
0.67468834
0.017078694
0.06760915
0.05922364
0.06854154
0.61245227
0.04693293
0.106205344
0.013649094
0.13923168
0.084180504
0.2862739
0.8733151
0.0046925656
0.029178372
0.032461558
0.008364658
0.10270479
0.026925702
0.027171807
0.04693293
0.6247176
0.17427197
0.20763607
0.61245227
0.06854154
0.05922364
0.27904364
0.20554926
0.026565855
0.10626206
0.011952125
0.016985664
0.047962498
0.05922364
0.06854154
0.61245227
0.15138341
0.15138341
0.15741733
0.15138341
0.15741733
0.15138341
0.28325996
0.050316148
0.22224452
0.060965907
0.005460129
0.16506138
0.563444
0.11746426
0.029264119
0.015639778
0.07142991
0.12872508
0.02045097
0.0033645427
0.2556006
0.49318898
0.16855487
0.36177397
0.06488346
0.003161085
0.01674186
0.62226784
0.025635717
0.5307298
0.014103908
0.038087472
0.46113467
0.0313022
0.045624
0.050316148
0.03535182
0.046372622
0.054278355
0.050316148
0.118498765
0.050316148
0.676106
0.050316148
0.050316148
0.006483874
0.050316148
0.022798747
0.0720548
0.0063137137
0.019872807
0.09707486
0.00848657
0.021541467
0.067474335
0.5454914
0.09007037
0.03022613
0.020506395
0.03706151
