0.27828157
0.26225075
0.62082916
0.79433817
0.8297741
0.8313944
0.6325658
0.2632321
0.41650376
0.04375621
0.70330864
0.7736282
0.49490088
0.26868778
0.44664064
0.62643296
0.027291426
0.45290345
0.87288296
0.40827066
0.25613886
0.42819715
0.34674478
0.2707277
0.288405
0.6065814
0.036405686
0.08612091
0.21926007
0.21906218
0.14495328
0.14966127
0.107900396
0.062451195
0.39522943
0.6178898
0.68722916
0.3442002
0.10036413
0.057949916
0.35212076
0.8695007
0.5940035
0.13935034
0.41583902
0.47073773
0.6205499
0.42152804
0.19137481
0.5399858
0.45726988
0.85622454
0.2949416
0.5967692
0.22676827
0.4684287
0.33133042
0.41922668
0.2403249
0.55400366
0.21060294
0.22920509
0.16368438
0.4342159
0.60647506
0.8939788
0.11256469
0.8196455
0.8947538
0.25003183
0.891954
0.4880148
0.19999814
0.89386237
0.5782074
0.8909605
0.890952
0.8109691
0.8839931
0.42186454
0.6974562
0.90125555
0.9027372
0.18198532
0.897898
0.21481702
0.46502548
0.9033848
0.26610973
0.60869145
0.9035222
0.9003029
0.08867948
0.8855607
0.6613685
0.8117923
0.88919896
0.6628306
0.15903635
0.88451654
0.8883995
0.0510768
0.7782393
0.0722182
0.889785
0.88733786
0.8867873
0.88553125
0.80934644
0.88255525
0.6650118
0.6578391
0.36358383
0.41169867
0.22831061
0.54127765
0.3789698
0.38634583
0.5782231
0.898334
0.9240383
0.12336458
0.23981224
0.35628682
0.63181657
0.6967533
0.88541925
0.46311408
0.17854579
0.0158547
0.42530885
0.8252327
0.87288296
0.29303432
0.05551895
0.44484013
0.54561365
0.031677082
0.662016
0.5579161
0.80117786
0.17727667
0.77867395
0.7848163
0.19592413
0.19592413
0.11048893
0.061674427
0.86349463
0.1557835
0.05611749
0.7247268
0.6994427
0.15890886
0.06769235
0.10716268
0.14138667
0.38928753
0.06957096
0.60677695
0.70941365
0.29066497
0.16841245
0.1933532
0.87788606
0.87788606
0.87788606
0.8855941
0.88479614
0.89259493
0.88479614
0.32649967
0.38973892
0.8855941
0.88479614
0.6494706
0.88479614
0.8855941
0.36357766
0.88479614
0.8855941
0.88479614
0.8870281
0.77883613
0.88479614
0.8855941
0.88479614
0.32117662
0.88479614
0.55995625
0.8855941
0.88479614
0.88479614
0.8870281
0.8855941
0.88479614
0.88479614
0.5337685
0.8870281
0.88479614
0.88479614
0.88479614
0.8855941
0.88479614
0.8855941
0.55995625
0.8855941
0.88479614
0.88479614
0.8855941
0.87455416
0.87455416
0.87455416
0.87455416
0.88556105
0.86990887
0.14431077
0.88479614
0.885294
0.86990887
0.88479614
0.08899868
0.86990887
0.87455416
0.43343028
0.885294
0.51920027
0.8870281
0.8804427
0.8855941
0.87455416
0.800116
0.88479614
0.8745723
0.88819355
0.87455416
0.88479614
0.885294
0.58503497
0.885294
0.7457746
0.8804427
0.87455416
0.88479614
0.76157904
0.8804427
0.17306773
0.88479614
0.88819355
0.8855941
0.88819355
0.885294
0.8804427
0.8855941
0.8804427
0.11628097
0.15883358
0.88479614
0.1104677
0.885294
0.8855941
0.88479614
0.88479614
0.88479614
0.88819355
0.88819355
0.3951036
0.87226164
0.8870281
0.8870281
0.24548143
0.87455416
0.88479614
0.8804427
0.8804427
0.8870281
0.15950777
0.5774794
0.87455416
0.86990887
0.87455416
0.86990887
0.88479614
0.8870281
0.8855941
0.88819355
0.88479614
0.89452636
0.25424305
0.07465774
0.5626251
0.15938994
0.3829777
0.16841245
0.5900961
0.7888164
0.02152204
0.47512183
0.7483429
0.75565964
0.66980135
0.5225988
0.6044124
0.44650114
0.6202371
0.6362596
0.23620723
0.57234585
0.012934867
0.58002317
0.113585345
0.28507403
0.55171835
0.15121579
0.46880457
0.18427311
0.17254794
0.19513439
0.2924829
0.5746021
0.2435281
0.8475376
0.17400299
0.81883824
0.8887145
0.27200294
0.7219804
0.09784687
0.13706
0.41880554
0.3191433
0.32874045
0.47818553
0.24262156
0.3059856
0.5934864
0.52670056
0.64980793
0.2703543
0.38076785
0.12535231
0.39183888
0.30232367
0.28209773
0.6086949
0.59922504
0.7454042
0.099529594
0.510797
0.009562696
0.21651565
0.21749705
0.15832396
0.35284728
0.44045612
0.30108216
0.41208214
0.3912881
0.47864977
0.7225498
0.12181795
0.08236798
0.37349674
0.54849476
0.6238562
0.17070629
0.38568664
0.22987068
0.8852477
0.4265682
0.25626364
0.14633225
0.17040834
0.10286184
0.21594852
0.27303106
0.30799985
0.72225654
0.5757239
0.8695418
0.17517002
0.10276336
0.2697389
0.04778841
0.09987541
0.57783043
0.4782193
0.5685334
0.28710884
0.42117828
0.82544076
0.03695798
0.65228784
0.42912272
0.34808004
0.1086113
0.7180646
0.7176103
0.41795307
0.2936093
0.26311907
0.84572333
0.8702413
0.7926432
0.2344539
0.3792969
0.22249842
0.57304066
0.54537463
0.27798903
0.4560598
0.5629232
0.54558986
0.8048882
0.061281558
0.15255328
0.19777414
0.83641106
0.83641106
0.8200309
0.6931661
0.49490032
0.04283813
0.13532646
0.4880666
0.6605826
0.45632073
0.2869599
0.10350277
0.40560004
0.7632447
0.7464949
0.13792232
0.16023028
0.8008512
0.7568793
0.19176814
0.58171827
0.79473203
0.48843044
0.611745
0.19495155
0.5009148
0.02009042
0.38304216
0.6951322
0.514109
0.115796804
0.10074353
0.045636646
0.8357985
0.17684926
0.73480594
0.611745
0.3244012
0.26248488
0.7869591
0.7900409
0.49980578
0.73419404
0.07784808
0.5900961
0.44721928
0.040310685
0.59532475
0.59532475
0.7690393
0.13976286
0.769894
0.46586898
0.20307627
0.7943823
0.40290922
0.6464357
0.85808164
0.031573553
0.7698328
0.7084211
0.62917876
0.6213882
0.3357998
0.5900961
0.17242824
0.17242824
0.63903415
0.44459736
0.1595255
0.13320774
0.13784833
0.6139923
0.080651455
0.5884663
0.90066004
0.79525566
0.441032
0.6187453
0.81374127
0.038542032
0.025485722
0.030851409
0.8342417
0.44333017
0.59546554
0.38812473
0.09153705
0.08122233
0.32241657
0.050476626
0.041627057
0.675367
0.17773779
0.35616717
0.4641763
0.65670794
0.17322454
0.42946884
0.35825306
0.33687025
0.0658876
0.1716676
0.43934286
0.8681875
0.40734908
0.8575378
0.49385384
0.34970385
0.129095
0.033154707
0.3932967
0.8981852
0.80793536
0.2370315
0.2715875
0.030574035
0.49570674
0.08788568
0.31265432
0.7215756
0.4964965
0.6570786
0.7215756
0.75786614
0.33605897
0.7618517
0.17337699
0.40475345
0.69857985
0.28273782
0.44378707
0.80418247
0.3881324
0.044644617
0.8343444
0.41597596
0.5900961
0.16968863
0.4103921
0.2510467
0.21225761
0.5900961
0.45508555
0.15731955
0.6839622
0.73119736
0.30420265
0.6533887
0.88255525
0.039720297
0.8054922
0.69272393
0.7212918
0.5335939
0.25570974
0.16722134
0.16972499
0.08658557
0.88865405
0.16598661
0.27823803
0.5452532
0.37611872
0.24253134
0.52689135
0.57304066
0.34618634
0.42207223
0.14883016
0.8519975
0.029400293
0.15252207
0.25167158
0.06843232
0.42136663
0.83162296
0.07675877
0.071497254
0.06904309
0.38779935
0.5180389
0.15212913
0.24629697
0.072409846
0.27102146
0.59601283
0.9018358
0.74502313
0.44126794
0.3834358
0.47736627
0.5395827
0.07981514
0.75391704
0.16941337
0.026561502
0.5982626
0.11804227
0.2026302
0.8046307
0.40726358
0.06896369
0.62430686
0.2117408
0.14742471
0.57956827
0.31545198
0.135325
0.40157974
0.1217589
0.85286695
0.2919811
0.3063263
0.07983494
0.5817762
0.079479985
0.082551494
0.3427575
0.6801064
0.49369362
0.41095036
0.26265612
0.4375844
0.37356526
0.70232373
0.3472442
0.42140502
0.4370086
0.15789202
0.41826838
0.089682594
0.17409149
0.17712335
0.21594852
0.398611
0.38180223
0.80166864
0.8669051
0.116458885
0.61961883
0.6308314
0.7944239
0.70274407
0.5317574
0.14166252
0.11146147
0.20631258
0.19494854
0.23469028
0.10509131
0.30327836
0.04076429
0.9221788
0.7364999
0.04484476
0.4621024
0.69001627
0.69001627
0.14752561
0.69001627
0.15378466
0.19244836
0.19244836
0.7674472
0.19244836
0.4965158
0.19244836
0.1689784
0.19244836
0.6313899
0.12625888
0.19244836
0.71727896
0.32945308
0.0887145
0.14816397
0.19244836
0.19244836
0.19244836
0.19244836
0.19244836
0.6812714
0.799202
0.19244836
0.19244836
0.7530895
0.39841637
0.043381367
0.067691155
0.47613963
0.45397344
0.3765252
0.8689546
0.4987618
0.49762487
0.8402088
0.17543577
0.16023028
0.69236016
0.40190104
0.4616176
0.5729399
0.39513528
0.43817234
0.09429708
0.2889298
0.3081899
0.414326
0.32466036
0.13455188
0.63593394
0.2039833
0.34245798
0.30410698
0.26568443
0.7224889
0.6412561
0.67983365
0.078275785
0.18965194
0.12077022
0.46026847
0.33853826
0.075728826
0.13300532
0.7330465
0.4803946
0.4641215
0.11000206
0.12335699
0.12370836
0.78642195
0.86419636
0.600338
0.61740005
0.7537167
0.6960922
0.6276625
0.6429065
0.071426615
0.41013196
0.18604639
0.42526594
0.7486818
0.5477856
0.34403616
0.10373931
0.6291112
0.42924207
0.10834926
0.16677186
0.4561764
0.87160873
0.8780276
0.22987068
0.8852477
0.76428103
0.6269581
0.60336226
0.16677186
0.2917181
0.18747965
0.096051894
0.6589994
0.8673099
0.13298796
0.75471246
0.13317376
0.19668154
0.90506077
0.31053862
0.22080693
0.29358876
0.088885024
0.9246981
0.25875762
0.3427694
0.63734955
0.11393223
0.7215693
0.25040665
0.7924921
0.028321411
0.4614164
0.6420098
0.36100215
0.35097453
0.85847694
0.10843198
0.56303394
0.8430019
0.23204707
0.08916246
0.7203932
0.37077153
0.8387048
0.16405466
0.101363175
0.0752262
0.8400265
0.30108216
0.41208214
0.3912881
0.6081181
0.37670982
0.60775876
0.79761404
0.630891
0.17276467
0.59532475
0.59329456
0.82030684
0.59532475
0.59532475
0.6071711
0.64595425
0.1404547
0.61264163
0.72241575
0.68370754
0.77807343
0.58685
0.07310327
0.0370545
0.071706004
0.6356854
0.37675452
0.35326946
0.59329456
0.44616422
0.5458342
0.2051909
0.39349565
0.1353822
0.36317196
0.89314663
0.3456083
0.8120685
0.8535129
0.8609615
0.8750786
0.56135434
0.1801079
0.09869464
0.3067086
0.13456856
0.11778744
0.9043872
0.6288764
0.077728204
0.3852134
0.87288296
0.41817024
0.4880148
0.43742338
0.8357786
0.7930781
0.7048141
0.5108995
0.75133985
0.16206707
0.5219746
0.3703426
0.18873797
0.43467543
0.512847
0.13522168
0.21975063
0.027046496
0.031125272
0.037370775
0.57741046
0.34990752
0.7412801
0.59532475
0.69328946
0.28663212
0.28663212
0.21974428
0.2554769
0.6851305
0.2554769
0.08905371
0.51597214
0.6897649
0.23040384
0.1083529
0.3911471
0.1375663
0.66665775
0.75199354
0.9040995
0.19677603
0.3461645
0.50289136
0.6549584
0.6549584
0.6884498
0.6679863
0.41826838
0.59532475
0.58736014
0.28140453
0.59532475
0.61448526
0.24101207
0.5005338
0.095932715
0.45179015
0.9103106
0.59329456
0.53543913
0.12061669
0.6071711
0.6883249
0.102179006
0.59329456
0.022521121
0.5097609
0.06347775
0.59532475
0.036290634
0.59532475
0.59329456
0.6741693
0.60887706
0.030851409
0.50529647
0.6261138
0.62555796
0.59329456
0.59532475
0.59329456
0.59532475
0.6025502
0.5179997
0.59329456
0.6221665
0.59329456
0.59329456
0.056453127
0.6213882
0.78502774
0.5900961
0.23361675
0.5820199
0.81062406
0.6071711
0.5701443
0.827208
0.34309685
0.2066331
0.59532475
0.5907362
0.2535181
0.09936786
0.72887653
0.8399422
0.35310337
0.30256182
0.36109802
0.57818174
0.34322974
0.034017563
0.89099383
0.56924385
0.7534801
0.047440883
0.59532475
0.59532475
0.15164736
0.71658987
0.6160585
0.3038571
0.89367414
0.07797574
0.7215756
0.22018556
0.7215756
0.14703014
0.6025502
0.107133
