0.016129965
0.026682897
0.37226674
0.035098433
0.04922596
0.01968871
0.35174483
0.020717489
0.032029398
0.9549068
0.26562205
0.17610046
0.49493748
0.7263152
0.014950324
0.33146235
0.002491085
0.53757095
0.07133771
0.5835674
0.019499596
0.5638249
0.64591074
0.014093479
0.03518959
0.37366462
0.9627458
0.004175271
0.010752089
0.010403375
0.009318286
0.0070239184
0.0061142347
0.0029982377
0.025407184
0.08761807
0.27427927
0.055545818
0.003674281
0.0034813888
0.011929117
0.024323132
0.09716728
0.020802505
0.02285285
0.014384283
0.17790684
0.014712187
0.012488232
0.024342757
0.01253605
0.04040861
0.011022125
0.017558804
0.01656401
0.040498015
0.015491866
0.024223255
0.01959408
0.44022244
0.012969291
0.011514825
0.012092202
0.54553276
0.040326152
0.05631805
0.005381147
0.14325084
0.05379875
0.0105679855
0.058439646
0.020170383
0.7975377
0.05356294
0.36299095
0.05777092
0.05442376
0.0832303
0.059850197
0.54292595
0.06918068
0.057593837
0.052468367
0.00808897
0.054685738
0.008774846
0.026130442
0.05309587
0.011606326
0.17095628
0.052759275
0.051195003
0.0048503396
0.07080151
0.11290237
0.13018864
0.06437542
0.07046586
0.007683842
0.074449226
0.06697904
0.947755
0.0761836
0.0026972273
0.063497424
0.06298856
0.06324944
0.06283397
0.14258899
0.0757295
0.07818412
0.117997654
0.6288251
0.017943677
0.76591694
0.108131506
0.02147525
0.59472317
0.05095055
0.055289876
0.028348409
0.0032863815
0.7565244
0.62638
0.03021962
0.21910462
0.09297983
0.5095015
0.0071193655
0.9834427
0.030101618
0.07357061
0.07133771
0.70484436
0.9396772
0.08480816
0.056529306
0.0017991265
0.021275686
0.3495291
0.08557102
0.017077832
0.2100972
0.1710474
0.0062870397
0.0062870397
0.0031364425
0.0029979115
0.08929793
0.0047668805
0.0025682733
0.2507941
0.07451293
0.0041792644
0.9305995
0.003154768
0.006746476
0.080821745
0.9288488
0.04153996
0.25463614
0.010951654
0.009366256
0.8043676
0.039505303
0.039505303
0.039505303
0.03779303
0.03724305
0.046979297
0.03724305
0.008340452
0.01795264
0.03779303
0.03724305
0.038419597
0.03724305
0.03779303
0.58550274
0.03724305
0.03779303
0.03724305
0.047222067
0.099848114
0.03724305
0.03779303
0.03724305
0.023747388
0.03724305
0.076206915
0.03779303
0.03724305
0.03724305
0.047222067
0.03779303
0.03724305
0.03724305
0.059501875
0.047222067
0.03724305
0.03724305
0.03724305
0.03779303
0.03724305
0.03779303
0.076206915
0.03779303
0.03724305
0.03724305
0.03779303
0.03541239
0.03541239
0.03541239
0.03541239
0.036161005
0.039299503
0.005019502
0.03724305
0.036500413
0.039299503
0.03724305
0.0047213715
0.039299503
0.03541239
0.014754328
0.036500413
0.021507382
0.047222067
0.0391416
0.03779303
0.03541239
0.021690398
0.03724305
0.074356385
0.038611576
0.03541239
0.03724305
0.036500413
0.13451621
0.036500413
0.08809263
0.0391416
0.03541239
0.03724305
0.11003809
0.0391416
0.009110607
0.03724305
0.038611576
0.03779303
0.038611576
0.036500413
0.0391416
0.03779303
0.0391416
0.0077754976
0.0064924974
0.03724305
0.004822823
0.036500413
0.03779303
0.03724305
0.03724305
0.03724305
0.038611576
0.038611576
0.5964944
0.08493235
0.047222067
0.047222067
0.007215508
0.03541239
0.03724305
0.0391416
0.0391416
0.047222067
0.83576435
0.4035125
0.03541239
0.039299503
0.03541239
0.039299503
0.03724305
0.047222067
0.03779303
0.038611576
0.03724305
0.036116384
0.008174009
0.0028579736
0.39353243
0.008780758
0.59540963
0.009366256
0.15609108
0.1855523
0.97741675
0.5151055
0.23758824
0.22857925
0.32374638
0.07789087
0.39099884
0.14209124
0.036871348
0.059252363
0.7583097
0.42071724
0.9857085
0.02486134
0.0059247166
0.012835011
0.03049964
0.0065953755
0.032918807
0.0106979655
0.00606375
0.014552613
0.012061199
0.040889025
0.7518154
0.03251
0.0071561635
0.13888618
0.062483586
0.71382785
0.055807717
0.0040326044
0.009464019
0.02198735
0.019670628
0.015481095
0.45526922
0.009478276
0.0058153113
0.021733407
0.46073347
0.28321558
0.009424209
0.02285314
0.0048249247
0.025138183
0.009392781
0.012558614
0.044105552
0.06288219
0.03872829
0.0056283525
0.027828328
0.9895565
0.77564144
0.012502805
0.008811932
0.6381952
0.06599013
0.69176316
0.57915926
0.5996428
0.025614075
0.23243909
0.005983265
0.0034798603
0.010797641
0.023956079
0.046498828
0.006388835
0.017852189
0.76274824
0.053539917
0.033577543
0.0149266245
0.005436245
0.0098303035
0.0059111747
0.010217587
0.0099690445
0.012065023
0.019305453
0.2417711
0.06204265
0.005075615
0.8955477
0.012920622
0.0027234978
0.0038320648
0.26965714
0.014026038
0.04883731
0.008092806
0.011087869
0.09650785
0.96023816
0.29485136
0.012919271
0.024295697
0.0063928897
0.16867979
0.025584234
0.5756975
0.7012007
0.7320554
0.08220078
0.0342893
0.03710391
0.75953615
0.013970501
0.008771417
0.025405494
0.0505654
0.008799207
0.13569899
0.4311512
0.44480047
0.08203413
0.0040640417
0.008566384
0.006339471
0.13020116
0.13020116
0.04090886
0.12931651
0.027953055
0.0034481348
0.004905798
0.4398527
0.3342781
0.09681686
0.021161882
0.0055591543
0.04119279
0.11628626
0.03258434
0.007600457
0.0059524965
0.05675394
0.13876331
0.011234168
0.040873714
0.05057893
0.043318592
0.030831467
0.008075479
0.018393502
0.9784935
0.015925284
0.03872657
0.059689254
0.004317802
0.0060845
0.005921742
0.09123359
0.0054480718
0.023754949
0.030831467
0.022250138
0.008156899
0.20809597
0.12761042
0.033598457
0.16634181
0.0036060433
0.15609108
0.022307085
0.0029745412
0.15723535
0.15723535
0.18971106
0.008603703
0.13468061
0.019746132
0.0073509007
0.044963483
0.02620793
0.10466127
0.11191302
0.0033221731
0.038742352
0.2330757
0.16243808
0.1821812
0.01756994
0.15609108
0.010454208
0.010454208
0.33059162
0.538603
0.007178512
0.0060728625
0.0071407496
0.18689717
0.0045732507
0.3480949
0.03367413
0.10545546
0.018026711
0.16551568
0.038629416
0.002423706
0.0020972711
0.9677633
0.03804241
0.063165925
0.3656925
0.020562384
0.0050968924
0.0077077043
0.01623694
0.94712824
0.9565987
0.035136305
0.011424604
0.0659957
0.027522475
0.029503928
0.011764277
0.009468604
0.6331028
0.65819675
0.9320391
0.8251293
0.0099539785
0.05722702
0.56529593
0.07174612
0.31807053
0.040182956
0.007577456
0.96574354
0.02184401
0.0338444
0.108652994
0.7500164
0.008232572
0.9657867
0.10126248
0.0066477265
0.010776382
0.26589465
0.031413786
0.05490789
0.26589465
0.2195528
0.012115734
0.21115623
0.0048954124
0.02144121
0.011592226
0.015495452
0.023787078
0.034940753
0.5994824
0.0020896988
0.06604103
0.030595206
0.15609108
0.0074395766
0.028967572
0.0079685515
0.7836407
0.15609108
0.08161341
0.0048810993
0.25631583
0.027733536
0.008302499
0.3410583
0.0757295
0.9588028
0.15664798
0.29832768
0.26351753
0.033711918
0.009343668
0.014427541
0.01704689
0.9119549
0.08978231
0.016718596
0.01814955
0.42260328
0.092684425
0.0072402125
0.028091695
0.025405494
0.011805007
0.024545737
0.8465121
0.036272872
0.0019114916
0.006386888
0.727498
0.0038817097
0.25242284
0.054207064
0.0027490605
0.0026437505
0.0033873473
0.012131077
0.42878595
0.0056194873
0.7461387
0.004513769
0.015963014
0.343366
0.031397786
0.049637664
0.027324164
0.5592888
0.018642392
0.02117972
0.0035917857
0.048181396
0.00689794
0.97200364
0.037295904
0.006156573
0.008052928
0.13467179
0.04850278
0.004107459
0.22882731
0.020189589
0.012823709
0.027478002
0.041217446
0.006875607
0.017188204
0.010117338
0.05460183
0.009426013
0.010613852
0.0068328683
0.39120412
0.003689056
0.0029173717
0.015229048
0.11153095
0.04089359
0.018357325
0.022847882
0.026451332
0.009636954
0.05693574
0.027655264
0.019265603
0.017757697
0.010133317
0.01018593
0.003898182
0.8221316
0.0061232704
0.010217587
0.042606164
0.6073026
0.14405043
0.09300737
0.0053131343
0.316607
0.056374438
0.18153675
0.26543257
0.456537
0.85376775
0.006124561
0.00683844
0.011868499
0.009302446
0.0048420085
0.014815156
0.9579769
0.030711463
0.22378694
0.0023175976
0.03921133
0.2897495
0.2897495
0.007656302
0.2897495
0.008869558
0.013466768
0.013466768
0.22602084
0.013466768
0.018918933
0.013466768
0.0076706265
0.013466768
0.19120988
0.0076983226
0.013466768
0.03962229
0.03304848
0.0059267604
0.010554608
0.013466768
0.013466768
0.013466768
0.013466768
0.013466768
0.040805917
0.046382673
0.013466768
0.013466768
0.11323211
0.015618609
0.0024368172
0.9303236
0.19296734
0.0147364205
0.012374516
0.051672023
0.017831912
0.35183248
0.040144317
0.0085181715
0.0059524965
0.28711927
0.019489072
0.012717802
0.020342335
0.030423908
0.014595535
0.0041093803
0.013607785
0.008277741
0.015261017
0.02421681
0.006531368
0.050422836
0.0058774604
0.017141867
0.68997985
0.7280179
0.044708923
0.03517136
0.24375011
0.9189986
0.006738095
0.00675157
0.019784072
0.012545108
0.0038963133
0.0047912616
0.12344952
0.027774626
0.03669043
0.0051084496
0.005293852
0.005758925
0.19213161
0.054629494
0.08122481
0.18523768
0.24052945
0.28319716
0.3521872
0.042446762
0.0024934397
0.022568166
0.007078718
0.021772554
0.014868387
0.110191755
0.022159876
0.00478618
0.031826213
0.02455128
0.005609076
0.008007177
0.011120562
0.06438354
0.023355113
0.76274824
0.053539917
0.20519371
0.35904703
0.3834524
0.008007177
0.7035221
0.80808145
0.0047423984
0.31565276
0.063455805
0.0057207663
0.05727907
0.004075917
0.009779994
0.03610036
0.043206476
0.004787487
0.0092354305
0.0031179774
0.03777375
0.011366818
0.022424368
0.036661718
0.007742995
0.026136795
0.022039808
0.031193957
0.9698382
0.5160864
0.032447856
0.6258441
0.64068836
0.04831701
0.88947403
0.058939185
0.021277862
0.018078271
0.0065909983
0.24116454
0.01241764
0.036086574
0.0082487
0.0043027196
0.002469925
0.14386065
0.69176316
0.57915926
0.5996428
0.0341582
0.012620784
0.023849493
0.16767223
0.028765528
0.82397145
0.15723535
0.15236446
0.027504941
0.15723535
0.15723535
0.16638
0.031840645
0.004094561
0.035784945
0.24770524
0.30823323
0.04128836
0.026072033
0.0034328406
0.0023089622
0.003063202
0.19227132
0.0215211
0.009183279
0.15236446
0.5390238
0.44455704
0.010633508
0.033046227
0.011017512
0.014706823
0.06798473
0.014301866
0.16330218
0.075186655
0.07257279
0.088301696
0.036792465
0.009649806
0.008651069
0.014193854
0.00500921
0.8805845
0.04797638
0.037944347
0.0046992344
0.025747698
0.07133771
0.022210281
0.020170383
0.022314778
0.11101491
0.1256232
0.24126185
0.3667738
0.13364477
0.009155022
0.028982524
0.62037927
0.013757802
0.5628359
0.09267515
0.0039283605
0.0052285716
0.003032158
0.002321594
0.0027812815
0.06041815
0.016434282
0.018449409
0.15723535
0.031315394
0.025018545
0.025018545
0.010297632
0.012210737
0.06243749
0.012210737
0.0075982236
0.46878973
0.025992136
0.020718876
0.006545128
0.034961358
0.005437954
0.13505134
0.117516816
0.040291328
0.0079093315
0.017429365
0.07162306
0.34001797
0.34001797
0.30568695
0.30266023
0.01018593
0.15723535
0.05588188
0.024186457
0.15723535
0.026379684
0.032120746
0.07187404
0.9025665
0.10456116
0.035385806
0.15236446
0.049468454
0.0048365546
0.16638
0.30356544
0.008168829
0.15236446
0.976163
0.03620997
0.0049520982
0.15723535
0.0030435806
0.15723535
0.15236446
0.020228248
0.0887825
0.9677633
0.06348121
0.34731025
0.17958587
0.15236446
0.15723535
0.15236446
0.15723535
0.14874782
0.4133334
0.15236446
0.15757284
0.15236446
0.15236446
0.0053322795
0.1821812
0.15723544
0.15609108
0.760922
0.062339604
0.08327067
0.16638
0.01802534
0.14125416
0.016205855
0.0125628915
0.15723535
0.16142608
0.019886658
0.0049620806
0.2443898
0.027647223
0.028937692
0.013846714
0.010754573
0.024254516
0.011481194
0.002537118
0.035294008
0.39117497
0.18399896
0.9488444
0.15723535
0.15723535
0.0051432517
0.15704155
0.21645504
0.011412913
0.09878842
0.003667011
0.26589465
0.012320948
0.26589465
0.0051355525
0.14874782
0.0046344223
