0.11235901
0.49416447
0.5258387
0.58447117
0.47491723
0.8261583
0.4022107
0.22525011
0.79346925
0.41213268
0.35585484
0.5095049
0.20573926
0.24763784
0.4026395
0.7542293
0.40479523
0.30800012
0.79226243
0.63383836
0.74762887
0.8728059
0.653768
0.7182738
0.85057455
0.76498646
0.5492249
0.4597927
0.7973499
0.6974473
0.785224
0.85157925
0.6956334
0.32900637
0.33343542
0.33568087
0.4526941
0.2345452
0.8728059
0.7904686
0.6204111
0.8035839
0.65612984
0.36869144
0.56018895
0.0813084
0.100692034
0.32536903
0.7973499
0.79226243
0.641407
0.5845721
0.6095541
0.45406437
0.59538054
0.49855164
0.10972614
0.3540698
0.7126243
0.4963627
0.3323935
0.7905486
0.16825458
0.28195882
0.42372587
0.4038171
0.79226243
0.79226243
0.73535943
0.09692332
0.12068149
0.43626824
0.80701745
0.6184658
0.19369653
0.16718571
0.18303706
0.3981334
0.40479523
0.27043608
0.67306453
0.86270154
0.17322938
0.093182854
0.71058804
0.2768209
0.5336349
0.03933344
0.5581179
0.67912567
0.8478521
0.3840325
0.3404823
0.5118854
0.05293433
0.8513173
0.6080523
0.36188307
0.67572683
0.12511279
0.8235374
0.4175142
0.88293636
0.75084
0.87515855
0.80340147
0.5887493
0.4871323
0.4684913
0.4677752
0.8194375
0.40479523
0.40479523
0.17392462
0.49343765
0.21408322
0.04791273
0.4917733
0.6005628
0.76372784
0.26732373
0.6004535
0.14250031
0.1870349
0.10583453
0.29962054
0.6231917
0.14596044
0.28902557
0.7588736
0.7466282
0.69390047
0.40479523
0.5052746
0.3529312
0.2232978
0.69907385
0.7284
0.39646134
0.21934061
0.5688156
0.522454
0.17026986
0.1699149
0.45522356
0.36881942
0.870796
0.22715138
0.62809604
0.3956722
0.16211988
0.4634996
0.28191978
0.36341947
0.75514627
0.40869224
0.21109279
0.5471442
0.62123835
0.47154772
0.50453955
0.19613194
0.28273326
0.17187506
0.84576833
0.8564093
0.20377134
0.39179388
0.6423352
0.12478697
0.32250428
0.033774998
0.77627546
0.7860598
0.39818072
0.450661
0.24841474
0.35274664
0.049928885
0.12528951
0.40479523
0.5485545
0.8619116
0.6610566
0.6752696
0.17846549
0.2498052
0.21246266
0.6961322
0.58713585
0.69712913
0.61361825
0.6552704
0.68364865
0.19709659
0.31725296
0.8339245
0.5831556
0.35721686
0.7463925
0.14182758
0.64648676
0.62743455
0.72862685
0.61966825
0.1275958
0.4482554
0.37478998
0.6457867
0.11973385
0.36164767
0.6990926
0.40479523
0.65186393
0.26189074
0.20462789
0.4397504
0.64198875
0.76014096
0.83081806
0.3094301
0.036223833
0.856679
0.78124565
0.1251263
0.63183224
0.31953633
0.38251528
0.12487462
0.8953426
0.55264604
0.71661663
0.05817948
0.15480943
0.4150554
0.13475999
0.43151173
0.19241576
0.89350134
0.6701066
0.21176723
0.25767595
0.71752787
0.67828166
0.035042513
0.21281673
0.101866804
0.66909814
0.5248537
0.48087126
0.5326926
0.32933334
0.18360925
0.8306449
0.51239914
0.05297279
0.8813246
0.47121003
0.5754413
0.15771246
0.09665637
0.82251155
0.83430314
0.47661987
0.066992864
0.40133598
0.87642235
0.21048674
0.35585484
0.52274686
0.2239808
0.4395448
0.7516086
0.84392875
0.5095049
0.3997423
0.29904377
0.7542293
0.67248577
0.5204283
0.11670464
0.69625896
0.63383836
0.363268
0.430308
0.74762887
0.08324147
0.27239376
0.10960863
0.6974473
0.85157925
0.5261872
0.76498646
0.653768
0.20573926
0.33343542
0.19513506
0.6140606
0.083153695
0.29904377
0.36929306
0.785224
0.42352933
0.57002914
0.49041826
0.816993
0.4597927
0.2739598
0.6529787
0.64244974
0.11473642
0.40133598
0.69122475
0.5095049
0.41120437
0.47661987
0.67292684
0.7801841
0.06339909
0.6974473
0.5786458
0.85157925
0.81866217
0.35585484
0.41348207
0.74762887
0.79998916
0.63383836
0.20194337
0.2774566
0.7542293
0.5408141
0.7682377
0.790193
0.26000398
0.8858972
0.7264219
0.7464188
0.48981848
0.80247974
0.33150113
0.44675767
0.32635692
0.42222178
0.32933334
0.5037817
0.7658604
0.6129457
0.5976113
0.33832586
0.23540232
0.13784142
0.36449903
0.39520156
0.5351539
0.6120859
0.5922381
0.40964898
0.75181395
0.6648091
0.75137216
0.39940247
0.0991962
0.31733948
0.31158343
0.1910037
0.23443176
0.10370648
0.14681937
0.4543766
0.15073782
0.15073782
0.6267828
0.36783117
0.43100116
0.47130355
0.45610857
0.70245636
0.75249237
0.47069135
0.15410773
0.23001511
0.8365227
0.17602976
0.13905452
0.3910982
0.8458061
0.3495521
0.4615946
0.3029906
0.07008249
0.16064218
0.024708532
0.45783585
0.8433238
0.6343653
0.8414614
0.06679642
0.72909087
0.1537258
0.35458606
0.7060516
0.27389187
0.112884015
0.14857353
0.24847399
0.25764778
0.80410373
0.80410373
0.8105325
0.5081624
0.89334226
0.57032186
0.21224073
0.5195244
0.4996014
0.92975616
0.51824373
0.48570955
0.5788622
0.092613176
0.7163572
0.10852135
0.7198581
0.6861686
0.25074953
0.054686565
0.054308366
0.27680436
0.48174083
0.14249952
0.5012907
0.14134486
0.028367544
0.48897895
0.47645983
0.07832653
0.100106455
0.7592195
0.22639748
0.20962483
0.21756789
0.83440965
0.2724346
0.25686535
0.22961542
0.25062364
0.39113456
0.56921333
0.5910012
0.1256616
0.49271703
0.7874744
0.460065
0.4319824
0.40129894
0.8885345
0.35767555
0.72300005
0.12695411
0.7735347
0.8938276
0.08607263
0.30524126
0.39827827
0.8653616
0.5987808
0.45360255
0.8076364
0.088052586
0.13491741
0.46621624
0.2526367
0.69359016
0.59722227
0.8185139
0.079609215
0.5881485
0.81276894
0.8515359
0.2003553
0.33170465
0.5735652
0.79322004
0.025281673
0.3041673
0.26378518
0.14779533
0.6225029
0.076786175
0.28346005
0.7648153
0.51145774
0.1111343
0.29265416
0.09451116
0.27365768
0.055840764
0.57649237
0.6212926
0.10547397
0.26516235
0.606305
0.44457862
0.44274858
0.5625946
0.16321617
0.47295964
0.63998836
0.38924137
0.09258694
0.31948552
0.59310913
0.17166036
0.13431945
0.17525083
0.67415434
0.75749236
0.54185396
0.37395078
0.36573803
0.28786552
0.29316482
0.6465914
0.31364694
0.67908293
0.43979463
0.66187215
0.51294124
0.18204692
0.3940676
0.33185276
0.087494284
0.6745696
0.65604734
0.48230243
0.31662804
0.7020565
0.11406234
0.6388675
0.25976905
0.36287495
0.7395975
0.61732787
0.7258034
0.031199498
0.73269004
0.48795584
0.842524
0.7501114
0.3002151
0.76697403
0.67908293
0.15898909
0.55539876
0.62068963
0.46460897
0.7414043
0.1909803
0.62216467
0.7268849
0.5798575
0.27705005
0.24610229
0.6777425
0.37128982
0.5203566
0.095720164
0.7943523
0.8081112
0.5379524
0.78517604
0.11354575
0.6639528
0.6266091
0.45907798
0.25157997
0.57630175
0.7765877
0.14162199
0.18807234
0.31303638
0.8476548
0.80549055
0.7331842
0.06001289
0.163535
0.034029257
0.04323005
0.3730382
0.54757565
0.20363082
0.37875354
0.8083892
0.69750535
0.58857304
0.3945318
0.5869302
0.2604854
0.27635375
0.56377983
0.15747297
0.34509197
0.36598912
0.64267415
0.55547196
0.61895883
0.5736401
0.8178163
0.075419255
0.3020247
0.20649004
0.8395914
0.034184553
0.46098274
0.6008626
0.8088615
0.022108141
0.8686912
0.18973097
0.17250434
0.71772665
0.23815894
0.3748963
0.15489185
0.037002373
0.04237263
0.85852647
0.42262247
0.08130603
0.33795515
0.08118784
0.19094382
0.13230711
0.09903784
0.08327056
0.16848405
0.22362234
0.71273494
0.45278606
0.761557
0.793324
0.5146774
0.11001352
0.22966136
0.4401148
0.08418435
0.18745781
0.77246815
0.43173635
0.36699843
0.17717199
0.40796673
0.26913297
0.043845765
0.47820216
0.8109759
0.44141555
0.32352695
0.567953
0.17968738
0.6491513
0.23675889
0.11076983
0.7344047
0.28659707
0.20707424
0.11252471
0.6500789
0.5753621
0.45734787
0.47139436
0.50380117
0.50636196
0.44350657
0.28092527
0.11119303
0.48798582
0.62743455
0.18773912
0.09716135
0.6614765
0.21514347
0.601248
0.3465239
0.09947472
0.6071046
0.5073451
0.5612428
0.361711
0.29159734
0.46240914
0.4524879
0.23134157
0.5946305
0.03808308
0.4768323
0.5070884
0.5024499
0.24807025
0.5607696
0.4429105
0.22035672
0.7415388
0.12850398
0.28389022
0.6809863
0.11804697
0.41975707
0.84390795
0.7153937
0.64511675
0.6557484
0.04620318
0.29138646
0.86743814
0.43320024
0.0752534
0.51534295
0.7563349
0.6610655
0.6493662
0.10570323
0.12093378
0.035942692
0.38475892
0.3201085
0.18285754
0.7633757
0.7533412
0.33861354
0.6321431
0.61706734
0.32011917
0.36669752
0.061473075
0.31088924
0.08114714
0.86147654
0.20934355
0.7253766
0.49778906
0.15036131
0.16681369
0.15802376
0.30452964
0.86912817
0.8761466
0.6268935
0.6412669
0.32718658
0.13726136
0.03970047
0.0932189
0.17324549
0.40809077
0.60006034
0.031675827
0.35355645
0.5157445
0.12850378
0.41252926
0.7468408
0.34979987
0.11725062
0.7522334
0.036820944
0.8584386
0.33746707
0.82295644
0.8831978
0.081251554
0.68603194
0.48754448
0.081251554
0.45962167
0.09386777
0.38958293
0.7407814
0.49553204
0.66640866
0.6648398
0.41208357
0.34874788
0.62634104
0.8073555
0.5882374
0.48870274
0.58608526
0.72787625
0.30773088
0.893969
0.8206578
0.08812428
0.43016785
0.06311395
0.3001178
0.2578076
0.62211406
0.49188185
0.5802401
0.4083977
0.05959435
0.6701878
0.78705275
0.5474194
0.8081112
0.67414224
0.78517604
0.11157212
0.4746032
0.6639528
0.4325433
0.46188435
0.8748159
0.89164627
0.31861097
0.45907798
0.2567157
0.4935618
0.13025838
0.075878054
0.7765877
0.14202203
0.80549055
0.7331842
0.4399755
0.3730382
0.6623448
0.1873041
0.54757565
0.8083892
0.35742208
0.5869302
0.5352119
0.8360729
0.09464159
0.15096314
0.36598912
0.49725658
0.55547196
0.42773053
0.79130363
0.65644276
0.22623076
0.39924225
0.5651852
0.59382737
0.25547335
0.20685928
0.546493
0.13985686
0.7641962
0.12384468
0.8359647
0.39113456
0.41922462
0.56921333
0.055328213
0.64415175
0.21386643
0.649215
0.826029
0.7874744
0.39453802
0.47401676
0.5354055
0.72300005
0.8938276
0.7093363
0.39827827
0.5987808
0.6736276
0.6558142
0.8076364
0.6736276
0.13736102
0.17642736
0.46621624
0.63240916
0.32213762
0.079981215
0.69359016
0.6469054
0.56517625
0.65932846
0.8185139
0.7188629
0.19350785
0.5881485
0.81276894
0.6595289
0.793001
0.79322004
0.6736276
0.6233004
0.7126639
0.6736276
0.6671617
0.22524871
0.16393858
0.6484229
0.563023
0.079241894
0.29238063
0.435484
0.5539926
0.6736276
0.060751688
0.5448594
0.36871877
0.05274326
0.47431657
0.5328246
0.57147896
0.44376674
0.38558224
0.51464075
0.4956002
0.707612
0.046013806
0.76879627
0.047994085
0.2299611
0.5699253
0.6704433
0.14797723
0.13922341
0.16586126
0.37201577
0.60464376
0.47661987
0.11399526
0.651491
0.5095049
0.20573926
0.7542293
0.7071568
0.652004
0.17958418
0.63383836
0.86792535
0.74762887
0.653768
0.23608136
0.76498646
0.4597927
0.6974473
0.785224
0.85157925
0.33343542
0.26328957
0.2964918
0.2710848
0.66642386
0.5772024
0.61100525
0.21696489
0.75722575
0.48946702
0.3645004
0.43979463
0.083350286
0.3940676
0.33185276
0.17333853
0.087491035
0.63810456
0.6745696
0.5814923
0.7297067
0.3396811
0.31662804
0.28389022
0.6388675
0.5142267
0.16019529
0.7395975
0.73269004
0.48795584
0.842524
0.7501114
0.3926782
0.49909183
0.76697403
0.62068963
0.7176802
0.64005125
0.46460897
0.53733677
0.8001654
0.6397493
0.1909803
0.8761023
0.17473532
0.580457
0.13589494
0.5737776
0.46364903
0.3269465
