0.88450146
0.12774567
0.02525322
0.3910669
0.5014548
0.14567672
0.5908649
0.032518007
0.037403654
0.11945252
0.016660975
0.020716205
0.013867354
0.019265212
0.017201139
0.048657816
0.018305905
0.029429723
0.1483951
0.03065672
0.045253813
0.10822067
0.03682081
0.06841118
0.11471349
0.07151426
0.072288945
0.021859327
0.13065787
0.055234186
0.053951018
0.077684864
0.10760745
0.012702758
0.033116136
0.016070552
0.038354367
0.027892865
0.10822067
0.1507961
0.036823705
0.07835796
0.28906915
0.62553024
0.41565683
0.0061752154
0.004547894
0.023220943
0.13065787
0.1483951
0.029358836
0.06443219
0.029226523
0.5364622
0.18903789
0.47505024
0.00411577
0.021600908
0.086725004
0.022732021
0.020644186
0.15266791
0.008901065
0.01694035
0.047649045
0.025353955
0.1483951
0.1483951
0.076635726
0.004129425
0.007851789
0.54371804
0.022181276
0.025622886
0.009190598
0.008417019
0.01264323
0.044954557
0.018305905
0.71693915
0.26341587
0.04831003
0.010111722
0.0058031864
0.17228575
0.0119005125
0.026100589
0.0025540711
0.324022
0.2690066
0.12941591
0.58595335
0.026512735
0.017467022
0.0032688975
0.02574605
0.05646962
0.22659634
0.03237916
0.00611602
0.0654162
0.26599783
0.06803966
0.033513334
0.044784464
0.026994618
0.05611838
0.021552565
0.033957284
0.028165838
0.10482604
0.018305905
0.018305905
0.01461751
0.08832003
0.015331474
0.0034242463
0.059287988
0.33691654
0.22322257
0.022222536
0.15569203
0.0050369026
0.014772973
0.0057763876
0.008379426
0.338495
0.011341621
0.015179679
0.045878086
0.09228922
0.027992018
0.018305905
0.07155705
0.022899944
0.011019149
0.09487096
0.067664385
0.03789408
0.016715782
0.35342845
0.028141502
0.0060997065
0.00623479
0.025987046
0.019139545
0.05929889
0.006395645
0.29225284
0.024845986
0.0090264715
0.1721055
0.022536414
0.019575635
0.024427157
0.021482453
0.00818609
0.015600055
0.25679258
0.036885362
0.4774447
0.009616821
0.025413975
0.0071103186
0.08278916
0.024840983
0.005479047
0.5843915
0.0712435
0.013012109
0.04081724
0.0029815356
0.05116758
0.06014937
0.028704269
0.016969452
0.010174082
0.02017684
0.9485009
0.0043787984
0.018305905
0.027907265
0.07189065
0.14764044
0.18338443
0.008198173
0.013759788
0.021101834
0.06054095
0.04260902
0.088433765
0.054910567
0.04128508
0.023411695
0.010284418
0.0320084
0.04127049
0.3965137
0.014212769
0.15785079
0.006049556
0.13590124
0.3672222
0.065911785
0.33988723
0.005313953
0.01820316
0.014134853
0.03357715
0.0051471745
0.013395354
0.27127308
0.018305905
0.026420267
0.011753041
0.009331552
0.034146756
0.16965398
0.083938204
0.052154098
0.6798804
0.96244377
0.038612634
0.16423863
0.009566239
0.09132527
0.012267249
0.026447456
0.0060119336
0.046411082
0.07313088
0.085903734
0.938787
0.013929757
0.5089341
0.008595698
0.41215527
0.007302202
0.031071607
0.20405158
0.0114511
0.011273798
0.041363057
0.037033364
0.0037811855
0.010094036
0.0054221456
0.31360582
0.46642485
0.51130795
0.058290612
0.018660596
0.011570401
0.04705909
0.06464628
0.9443028
0.096301004
0.026353331
0.07114904
0.006031351
0.0054715853
0.09611951
0.110377155
0.019562855
0.004044977
0.016518306
0.09815937
0.013262374
0.016660975
0.45902398
0.011860536
0.020744568
0.045989536
0.07498074
0.020716205
0.018816667
0.68981355
0.048657816
0.031928003
0.18972664
0.8802134
0.035712376
0.03065672
0.017356288
0.022308594
0.045253813
0.005800336
0.01692565
0.0052386895
0.055234186
0.077684864
0.062249087
0.07151426
0.03682081
0.013867354
0.033116136
0.80143267
0.37159243
0.9148118
0.68981355
0.61982626
0.053951018
0.010953237
0.38490164
0.06403775
0.11204094
0.021859327
0.015066334
0.30868405
0.082806036
0.009427148
0.016518306
0.23663956
0.020716205
0.03058244
0.019562855
0.26982623
0.052530006
0.004215613
0.055234186
0.021055194
0.077684864
0.14440586
0.016660975
0.015031515
0.045253813
0.051532708
0.03065672
0.019123549
0.0064472714
0.048657816
0.26342615
0.07202774
0.07787228
0.014195396
0.038707335
0.17570624
0.04728495
0.0351718
0.0351194
0.050537482
0.13514382
0.01319659
0.020867066
0.018660596
0.48774844
0.062735386
0.37278438
0.028593104
0.014953043
0.02100618
0.011906819
0.6094134
0.6026673
0.06289878
0.027953306
0.14970912
0.032392222
0.04337815
0.04877371
0.06906629
0.57953197
0.009515191
0.65747726
0.029705295
0.79979545
0.7542539
0.0049970504
0.006699243
0.017828124
0.00743509
0.00743509
0.03289056
0.017000258
0.019654982
0.018151991
0.01779513
0.27380523
0.04627765
0.02475055
0.83370864
0.011219817
0.0721957
0.0113497805
0.006117641
0.015767874
0.032594647
0.016564514
0.10124177
0.018634126
0.003940717
0.013518199
0.0021397555
0.023815196
0.10424212
0.08415492
0.09913016
0.9299773
0.04831357
0.84104776
0.029883279
0.19727853
0.009245337
0.015459575
0.0066163507
0.010913598
0.015938174
0.0725727
0.0725727
0.07608837
0.26014552
0.048530076
0.4149678
0.75895816
0.42573902
0.09221846
0.036705524
0.14384712
0.4175298
0.27894464
0.006855083
0.023664825
0.0069474075
0.085505486
0.056403007
0.018132942
0.003923265
0.003924723
0.020819962
0.074701756
0.0067932177
0.04638531
0.8404183
0.002019803
0.07475071
0.10213826
0.0043120286
0.0035096
0.10474155
0.01380894
0.012841148
0.012813412
0.03833499
0.017446097
0.015659349
0.014380975
0.014790261
0.025598904
0.039526947
0.09473096
0.01011064
0.46356153
0.076530755
0.3483175
0.06076884
0.2079454
0.0544189
0.03618818
0.21872117
0.0065953084
0.19234543
0.058439735
0.0043477225
0.010344231
0.024785833
0.09097338
0.046361737
0.028210502
0.1166485
0.0067953924
0.011763684
0.02223087
0.7431964
0.04802313
0.37261233
0.074994735
0.0052953376
0.033916727
0.09692738
0.080816075
0.008242916
0.018305035
0.24071491
0.06214212
0.0019662033
0.024096893
0.023740172
0.84456295
0.31287962
0.0046400526
0.013850074
0.085695796
0.46594727
0.0070750257
0.025854116
0.0044129165
0.0107734315
0.0045695663
0.07449414
0.026441073
0.006072906
0.013107415
0.057792127
0.06406988
0.06816187
0.053269863
0.0074822404
0.44853026
0.22256497
0.018709447
0.0044973744
0.627328
0.34960452
0.006733903
0.0061513134
0.0085944785
0.08976001
0.061562285
0.042294692
0.014778049
0.015489059
0.017741665
0.01681893
0.24558996
0.017764136
0.30893505
0.0204913
0.051494654
0.12370803
0.008731186
0.015662974
0.01515691
0.0053676404
0.051165737
0.11754305
0.037313495
0.03012358
0.10484537
0.0054175174
0.035409477
0.027399132
0.042137317
0.046331014
0.1613499
0.11847252
0.0019135597
0.042489614
0.019259455
0.07307654
0.06721439
0.0259119
0.050652258
0.30893505
0.0062313923
0.43868223
0.0290804
0.018454708
0.038672965
0.012421739
0.13511842
0.24627545
0.3184519
0.0140329255
0.012343719
0.28296494
0.019814411
0.34663177
0.0062819975
0.029695695
0.093523875
0.03395994
0.071811765
0.0048844325
0.043998085
0.022833154
0.021631366
0.009473289
0.06782351
0.058826312
0.012038803
0.8078637
0.024003774
0.12001498
0.10920376
0.19576715
0.9381523
0.008227418
0.002451435
0.004481511
0.021738432
0.03646147
0.008069421
0.6009178
0.06800808
0.25649437
0.28728858
0.2589679
0.044292904
0.7170596
0.009791079
0.056344632
0.010976508
0.019986562
0.022657037
0.055216357
0.030362451
0.33931476
0.23738015
0.046068262
0.00614798
0.024008695
0.7916998
0.12312286
0.9649091
0.024353791
0.3409887
0.15474805
0.97675884
0.050020494
0.011299418
0.00875965
0.23952396
0.759831
0.62106854
0.00917945
0.002590606
0.9556043
0.09374716
0.023101963
0.9168854
0.022589834
0.9155543
0.011847528
0.00692299
0.8978741
0.0035058605
0.8243125
0.7705639
0.2383106
0.03128694
0.06530608
0.15083188
0.131395
0.008102408
0.013672662
0.018781066
0.0037192702
0.010064272
0.1999051
0.0484327
0.01055574
0.0067588137
0.08846164
0.71683156
0.95469975
0.10293699
0.042189334
0.03670123
0.020183664
0.39873478
0.8149554
0.33281654
0.014987551
0.017954407
0.025782265
0.6985111
0.016458677
0.0042096814
0.04412947
0.06947403
0.08243585
0.018326484
0.057986744
0.07522436
0.055901494
0.018373422
0.8852333
0.06848248
0.3672222
0.0060509588
0.004035368
0.08003568
0.77640593
0.03194797
0.6216946
0.89569306
0.027266232
0.4774978
0.10387576
0.52869946
0.026443008
0.017497981
0.017283803
0.007288216
0.04989037
0.0029405593
0.01797133
0.0440281
0.37248787
0.013138974
0.03181192
0.039841346
0.013969073
0.043423247
0.0064836796
0.713792
0.050316725
0.004217858
0.016828338
0.07058949
0.17622894
0.07808351
0.12101985
0.9524765
0.010655506
0.042129427
0.019237367
0.0042638513
0.16705067
0.0461835
0.06724125
0.032860328
0.003946548
0.005115545
0.001737459
0.01972865
0.0089799715
0.012199364
0.06554155
0.04737027
0.012458231
0.30921587
0.29963937
0.037562884
0.026168702
0.003975302
0.6438904
0.0045196135
0.035073236
0.014372451
0.12579273
0.4542239
0.0067295977
0.016070189
0.007201977
0.011369493
0.050131306
0.061952636
0.3587679
0.34158862
0.052296493
0.009878986
0.0030957626
0.0060260105
0.0089420155
0.1052762
0.39161208
0.0017486268
0.0130000245
0.034782548
0.0071536675
0.5464104
0.14167628
0.01838542
0.0060703717
0.075017296
0.0025454995
0.09312714
0.009740813
0.097135805
0.07694067
0.005166907
0.04891849
0.023299137
0.005166907
0.01949041
0.0041125263
0.026039086
0.19800477
0.11586983
0.21858415
0.12525776
0.035489146
0.02854961
0.17236744
0.06295203
0.033184204
0.06438323
0.22236843
0.034741912
0.67233914
0.054836314
0.07004522
0.003050855
0.027307507
0.0027806172
0.023076061
0.016693033
0.050831757
0.086664736
0.039700888
0.04136887
0.0026443254
0.09282135
0.0674785
0.36875746
0.093523875
0.058404405
0.071811765
0.0090800915
0.3582301
0.043998085
0.020597812
0.06475547
0.10936647
0.055884946
0.021890601
0.021631366
0.034019884
0.43523583
0.00937341
0.0066030025
0.058826312
0.006377427
0.10920376
0.19576715
0.52780104
0.021738432
0.05076463
0.79946697
0.03646147
0.06800808
0.027354673
0.044292904
0.27841944
0.04959602
0.0054592136
0.009443502
0.022657037
0.042976547
0.030362451
0.5365907
0.056122642
0.10610918
0.009433508
0.034711134
0.030017098
0.111519516
0.016466273
0.013670465
0.10872905
0.0064770635
0.11522074
0.005001802
0.11607824
0.025598904
0.0750046
0.039526947
0.94266075
0.19725859
0.018006299
0.31417927
0.04920398
0.076530755
0.019675769
0.5180632
0.23480271
0.21872117
0.058439735
0.14731228
0.024785833
0.046361737
0.19327259
0.1339247
0.1166485
0.19327259
0.8593772
0.817229
0.02223087
0.07375259
0.024803575
0.004835719
0.04802313
0.15812463
0.39383656
0.1686462
0.074994735
0.24274227
0.024881171
0.033916727
0.09692738
0.047648434
0.0838075
0.06214212
0.19327259
0.18938011
0.16737886
0.19327259
0.1282826
0.7680345
0.007819945
0.06845692
0.050901197
0.004550583
0.013253146
0.03059342
0.05903803
0.19327259
0.0036357178
0.39557666
0.013920419
0.003554773
0.13863058
0.08620789
0.05567561
0.15088683
0.593016
0.081494
0.041596293
0.03999634
0.004350156
0.050858513
0.9477376
0.76163834
0.02025639
0.10337556
0.006043313
0.005501085
0.007544329
0.016716525
0.22342356
0.019562855
0.004486634
0.07600185
0.020716205
0.013867354
0.048657816
0.25116754
0.06271544
0.009946699
0.03065672
0.096641876
0.045253813
0.03682081
0.012938624
0.07151426
0.021859327
0.055234186
0.053951018
0.077684864
0.033116136
0.73128706
0.015365053
0.72156674
0.05255481
0.045829087
0.15261707
0.007676338
0.07718451
0.4874481
0.60738987
0.0204913
0.0058549317
0.015662974
0.01515691
0.80516243
0.9073887
0.28658426
0.051165737
0.3927961
0.08035283
0.6515825
0.03012358
0.713792
0.035409477
0.029043203
0.008579266
0.046331014
0.042489614
0.019259455
0.07307654
0.06721439
0.056939006
0.4478176
0.050652258
0.0290804
0.22193106
0.35403964
0.018454708
0.4517377
0.026817102
0.33782977
0.012421739
0.05035213
0.8224041
0.042394508
0.007894811
0.03092017
0.08740546
0.02550953
