0.5852247
0.72266173
0.0808642
0.058430348
0.07436569
0.01364563
0.059005953
0.004225072
0.03144369
0.028178345
0.024403261
0.049652476
0.009949158
0.008155261
0.11617031
0.049358204
0.08105161
0.020373207
0.11861306
0.025517367
0.09652342
0.027258603
0.0075213835
0.15253
0.12764373
0.052602433
0.072544396
0.007013755
0.0075399135
0.00858083
0.018635565
0.07092385
0.018580478
0.058200315
0.012070529
0.6350684
0.028613638
0.039612252
0.03895367
0.03996718
0.0023876564
0.016457062
0.6107058
0.015529681
0.91753983
0.43172267
0.030389642
0.33888188
0.010876615
0.13052468
0.14337426
0.026605584
0.074298956
0.0060717575
0.012246751
0.12071368
0.024674213
0.003765432
0.0025863186
0.10707665
0.0041228887
0.03077678
0.032994483
0.030653032
0.027606212
0.961095
0.0068130516
0.060133446
0.0062392307
0.013184547
0.0048276223
0.77129036
0.019931935
0.0101891495
0.0832404
0.0044563585
0.011756241
0.12520163
0.052590445
0.020322094
0.5885574
0.03302684
0.101102546
0.009519218
0.01419681
0.009141158
0.08840685
0.008744302
0.3649575
0.0052349903
0.020381762
0.04714076
0.19798456
0.16137677
0.017228054
0.5683984
0.052602433
0.08119939
0.02791972
0.038240656
0.032872003
0.12220234
0.65075743
0.023493763
0.97997975
0.10218222
0.0032011434
0.4983159
0.0026597076
0.0090429075
0.32404953
0.0046837344
0.010070035
0.28145048
0.011897198
0.28090206
0.6953951
0.9510525
0.20973615
0.0598382
0.004360233
0.06707856
0.07092385
0.9652373
0.009057687
0.012941976
0.2153531
0.2782777
0.0294795
0.009719616
0.0062247957
0.007440351
0.10190312
0.004729133
0.9887348
0.013320638
0.013221001
0.29187
0.041685708
0.03077678
0.03931223
0.02372764
0.008515503
0.020879742
0.18573748
0.019266946
0.07851663
0.11562367
0.05090097
0.15917042
0.05090097
0.0073349755
0.030070782
0.0073942756
0.006643252
0.39792007
0.19434881
0.0078515895
0.0039722365
0.0129518965
0.49290636
0.0066732867
0.03790553
0.010974462
0.0027930443
0.025292508
0.040567443
0.005741961
0.97279966
0.11481193
0.019305361
0.07455626
0.0064931307
0.6790108
0.043983296
0.75567377
0.49431458
0.014418007
0.082938254
0.69142306
0.00988082
0.0062241727
0.026235055
0.050126754
0.11250975
0.016579363
0.3446244
0.92984325
0.06911932
0.034121715
0.12071368
0.348755
0.012758646
0.04629646
0.016230067
0.016230067
0.41867813
0.90304303
0.023029605
0.011802581
0.85354084
0.07272438
0.0054162303
0.011792613
0.04475339
0.9429576
0.30184516
0.027198823
0.2790714
0.26202387
0.07092385
0.040104903
0.1587186
0.62059504
0.033850934
0.06338756
0.010885175
0.024292983
0.025250211
0.006250999
0.038236167
0.25624707
0.03077678
0.027573917
0.15750971
0.013620139
0.100968696
0.60893965
0.14327137
0.23751567
0.67646843
0.094723135
0.0066877725
0.009903628
0.01845632
0.031184807
0.032227837
0.0064744893
0.09947058
0.007318302
0.01857128
0.13393207
0.0036212723
0.017298222
0.44988194
0.6438273
0.95611143
0.010248834
0.72047967
0.6488068
0.005783837
0.04838324
0.013535717
0.023985855
0.4325724
0.011624628
0.014718544
0.0072682872
0.009756771
0.7500434
0.008846168
0.0031826012
0.0035665752
0.010423466
0.38027552
0.025744721
0.9114347
0.9114347
0.017504226
0.01502672
0.027588634
0.003510646
0.11739046
0.06791475
0.02334453
0.0142470915
0.006880023
0.33170357
0.20873916
0.23577529
0.06664436
0.11259265
0.028091691
0.014467155
0.19889137
0.021793667
0.01817707
0.03861164
0.052158263
0.027213573
0.17337415
0.89405066
0.9114347
0.029420521
0.03241187
0.05057932
0.047815982
0.011889091
0.019515466
0.026261428
0.005361505
0.0022816185
0.007218145
0.0914278
0.00836176
0.026361952
0.69783866
0.00714079
0.017825088
0.023240816
0.07353015
0.0095899645
0.06538715
0.013710619
0.034739845
0.34806806
0.32466325
0.41350663
0.022911591
0.042377688
0.04584015
0.14527078
0.02150176
0.009036193
0.022032466
0.01110386
0.1834587
0.020367222
0.015819043
0.04857366
0.012882228
0.027271504
0.04088397
0.019568957
0.051719006
0.16086422
0.90937215
0.01639929
0.9115256
0.0026743358
0.20099807
0.12071368
0.022585323
0.20440279
0.013967798
0.020945454
0.0049335854
0.011074148
0.576059
0.12796324
0.018957356
0.021001633
0.014236907
0.01713687
0.014348711
0.014026428
0.0026481608
0.018896192
0.031865854
0.013264302
0.01111075
0.025744721
0.018092219
0.6079185
0.0035256748
0.030885367
0.011464126
0.020728137
0.041557867
0.042779505
0.63364947
0.020362956
0.15407375
0.09373653
0.013514093
0.83006626
0.0045097205
0.030820902
0.15222748
0.011368497
0.1279609
0.035676304
0.20856962
0.07092385
0.024056634
0.037689954
0.040375944
0.5915514
0.018348185
0.0025902968
0.05763303
0.0027504321
0.03077678
0.032661732
0.005464707
0.0099873915
0.012973347
0.015348336
0.035333116
0.08723884
0.03554761
0.116418675
0.042571053
0.026409702
0.0169423
0.02673853
0.11499047
0.040302128
0.0101068895
0.037498195
0.049197942
0.84254014
0.7019715
0.41276485
0.032875843
0.006826079
0.035742823
0.026485465
0.023712294
0.012541853
0.68246037
0.02320577
0.075975776
0.038411133
0.04033024
0.031561267
0.015376683
0.11367234
0.029074976
0.015240251
0.40143293
0.025518658
0.44946972
0.9751448
0.029073615
0.0055833836
0.022025056
0.033239238
0.13280466
0.8609975
0.86349225
0.10375218
0.89690804
0.4916114
0.04934055
0.023374736
0.10167927
0.0231987
0.05033223
0.017204784
0.016574102
0.022749463
0.010276875
0.0053889467
0.101685114
0.07658582
0.007456255
0.9214934
0.03868726
0.017017733
0.8223193
0.021560634
0.004529642
0.014295184
0.030584123
0.05915059
0.07308802
0.030692402
0.0110580595
0.033203177
0.08831069
0.07594597
0.69988143
0.0072537335
0.814927
0.12691182
0.15626553
0.02784535
0.1090134
0.19513905
0.6149532
0.013841429
0.07297489
0.044063337
0.316083
0.04563102
0.08182629
0.015946688
0.08005484
0.025754
0.0253593
0.0409695
0.0029991264
0.11702567
0.05858352
0.026703397
0.023131805
0.0695389
0.34759673
0.010994452
0.019353002
0.016630623
0.021730877
0.01260036
0.019976277
0.01783043
0.013710934
0.01000678
0.08809473
0.13620183
0.004485891
0.004485891
0.01460342
0.03895367
0.08622535
0.9330434
0.016277386
0.024875596
0.002722672
0.022443559
0.04124594
0.0071071195
0.024656102
0.64598536
0.018487204
0.07286783
0.019341832
0.40001777
0.8702867
0.0052849795
0.035751518
0.5259773
0.024787277
0.0069902735
0.52505636
0.015713258
0.010973062
0.43605176
0.120532654
0.41050383
0.07133119
0.050317753
0.7166886
0.03077678
0.0045369416
0.07092385
0.03127162
0.17825456
0.9884298
0.09852997
0.33710557
0.011226287
0.0030969644
0.009259001
0.8770602
0.020442987
0.014028988
0.003677554
0.044552457
0.03596842
0.02929728
0.38146913
0.0111143505
0.004186646
0.0366426
0.3593687
0.50662607
0.70446295
0.66491675
0.17967373
0.011325229
0.36198503
0.88309324
0.59836626
0.0060403943
0.9855984
0.007535275
0.0030969644
0.020790424
0.0023626534
0.017362198
0.10144858
0.014891428
0.062695876
0.05155657
0.38093162
0.025805857
0.0638941
0.1308636
0.003511156
0.042314593
0.76192605
0.0215278
0.39590377
0.32192957
0.049759567
0.042676598
0.5695445
0.06945795
0.010202903
0.011265437
0.0057619037
0.027700944
0.017024457
0.012241804
0.033279717
0.008047971
0.025651969
0.060489025
0.0083260555
0.3199034
0.037459448
0.5278789
0.0168056
0.0028161972
0.6377892
0.06311483
0.3533101
0.07045136
0.008480439
0.045074776
0.012154566
0.38839474
0.033829376
0.478196
0.012033695
0.03974355
0.0104523385
0.008648288
0.02399927
0.004139961
0.007677781
0.37687063
0.011745826
0.018624522
0.8389045
0.03077678
0.016330846
0.15824966
0.015897518
0.031935565
0.031935565
0.031935565
0.025760248
0.07092385
0.09025514
0.08780122
0.12245784
0.08543697
0.021764213
0.034702577
0.049254857
0.15639727
0.08853355
0.043782998
0.82064223
0.21626626
0.88487333
0.21706453
0.041326832
0.10206315
0.040682226
0.0104374895
0.36003464
0.034992613
0.0038347568
0.29888466
0.29888466
0.040701482
0.033934657
0.017604692
0.05396871
0.007912437
0.015028131
0.06463683
0.0055936086
0.016351987
0.016850062
0.69245386
0.016219582
0.009958669
0.21098165
0.987877
0.009288702
0.057055876
0.01778704
0.030049687
0.92791563
0.008502563
0.9692665
0.0050648125
0.1947549
0.022641582
0.57059085
0.036401466
0.017769424
0.015185838
0.0057111797
0.059502702
0.036364824
0.77801704
0.94148123
0.045888834
0.0688337
0.017875344
0.037382398
0.10610977
0.03968701
0.07051161
0.014821673
0.021019295
0.1821121
0.007248825
0.027950464
0.016765106
0.8940128
0.09289615
0.06855987
0.006761576
0.006761576
0.0072183963
0.018826922
0.13648637
0.2600944
0.030178528
0.036916543
0.034369763
0.20628479
0.03077678
0.3848244
0.005559895
0.01281894
0.017736053
0.016587766
0.30232203
0.0044742976
0.28711218
0.022610823
0.72326976
0.7284342
0.011332539
0.011571129
0.04181536
0.8778217
0.07092385
0.1743586
0.1743586
0.1743586
0.14022508
0.032027584
0.017662318
0.009223677
0.14416987
0.036864713
0.020005146
0.01875023
0.046791058
0.03595459
0.021192813
0.13229907
0.045159325
0.7747286
0.012276239
0.52902156
0.83710504
0.003326017
0.61336267
0.006181228
0.012874071
0.045499373
0.8544613
0.024905635
0.48120365
0.011194751
0.0034855385
0.011143092
0.024107937
0.04725053
0.028197464
0.36805704
0.10590862
0.03247965
0.85354084
0.05068922
0.011071133
0.1150266
0.058967117
0.010392021
0.0046286434
0.44214076
0.008813911
0.51974833
0.0060700523
0.02695851
0.031014493
0.15578738
0.03654548
0.8752415
0.029567132
0.0044570738
0.003594592
0.029268293
0.051254902
0.004614448
0.10210615
0.0036549787
0.041860193
0.19111969
0.19111969
0.19111969
0.84692335
0.26058042
0.0029369188
0.052602433
0.00812633
0.07718913
0.03077678
0.039488122
0.18535571
0.018441567
0.005353139
0.4809601
0.023687184
0.013263992
0.08896287
0.40126872
0.4451064
0.07092385
0.32074565
0.0033262912
0.063058384
0.065070055
0.013538778
0.49592564
0.06993935
0.031233538
0.00801368
0.026640395
0.041860193
0.0034396595
0.02383281
0.028116692
0.013481036
0.8144825
0.08548196
0.02648834
0.00907968
0.0498135
0.024806073
0.08790638
0.07140401
0.12946095
0.78830457
0.8934825
0.033412606
0.024870267
0.7609713
0.5613632
0.026669597
0.09161229
0.0041398946
0.06383099
0.027091695
0.27942193
0.009296074
0.894517
0.012585832
0.009301648
0.87446254
0.0051462054
0.039488122
0.0054769525
0.39031264
0.11224325
0.0049687307
0.03533294
0.025028886
0.027264733
0.031682335
0.022858655
0.027957017
0.3989695
0.07703816
0.015647892
0.45306575
0.0035556315
0.37115827
0.07681022
0.01525728
0.11468838
0.1314398
0.01092586
0.031720407
0.10691319
0.024496933
0.004662276
0.017197687
0.028327452
0.010090046
0.51984215
0.01750812
0.07034915
0.08955791
0.11768671
0.030080594
0.015036359
0.08957392
0.003416696
0.024101522
0.006816032
0.01567382
0.011421659
0.1554783
0.03077678
0.112588964
0.53113425
0.004062788
0.012509029
0.04849433
0.012629334
0.003131379
0.02425533
0.97771615
0.46240693
0.1767495
0.009954615
0.12762934
0.08321995
0.013009542
0.00926445
0.040851243
0.04113948
0.09743793
0.024656422
0.018419128
0.49108157
0.712478
0.072522745
0.0056210104
0.019933492
0.042809777
0.0133740725
0.021529345
0.082426846
0.062885225
0.028814776
0.31213441
0.7070279
0.05253267
0.012137834
0.030924944
0.024768114
0.30709118
0.032278314
0.011166152
0.19679978
0.94661367
0.8633967
0.1270897
0.01281894
0.001964047
0.017793866
0.5949765
0.0052125454
0.9061383
0.8934825
0.041525368
0.008469012
0.07092385
0.0032885657
0.48651543
0.016996918
0.030859746
0.011961585
0.010666802
0.026310518
0.060724746
0.01715407
0.0065940074
0.011864483
0.9783804
0.008828959
0.021564787
0.018780142
0.3968403
0.049297895
0.024299785
0.16686375
0.0036631564
0.057513136
0.095399335
0.32857767
0.70474714
0.33510885
0.073812
0.05381433
0.004244776
0.06626043
0.00550216
0.008210235
