0.08212414
0.8105445
0.44684187
0.59420204
0.7498834
0.20488094
0.8880771
0.0698541
0.24472603
0.27616692
0.6503062
0.5625296
0.78454417
0.57705057
0.77724546
0.23104168
0.56351054
0.78207606
0.060711004
0.5999082
0.18668789
0.8266036
0.64260626
0.79222065
0.26984647
0.18096237
0.24072225
0.113626145
0.117900096
0.1816472
0.83440846
0.27334908
0.07718068
0.43393776
0.90551114
0.24005376
0.78566074
0.51889616
0.11332754
0.15210465
0.09420082
0.37095898
0.08430551
0.23646264
0.057789028
0.22395508
0.46357843
0.20106548
0.36863095
0.2469727
0.494876
0.084809385
0.28245288
0.3610488
0.34589422
0.35476878
0.08464324
0.32722786
0.10062909
0.5831458
0.7520138
0.6168671
0.7749831
0.5639135
0.26514456
0.60776967
0.6574685
0.61569166
0.13163482
0.6339022
0.29869643
0.31788862
0.16197567
0.5129694
0.7986515
0.65443546
0.7770286
0.7049468
0.43180504
0.7986455
0.49941912
0.07478775
0.4576532
0.37280115
0.29955736
0.4255159
0.54624873
0.38309246
0.4589567
0.50349796
0.25087622
0.47733095
0.3288605
0.494728
0.536677
0.22996284
0.6090262
0.8169086
0.8145016
0.86528856
0.32790014
0.37289318
0.42401195
0.79101837
0.2002461
0.5140052
0.8159013
0.3576471
0.25723663
0.08168408
0.76484734
0.5348309
0.7252259
0.51280534
0.3038985
0.8005538
0.79479605
0.6364752
0.34318662
0.055484056
0.55053055
0.53576505
0.67982113
0.550549
0.6218554
0.6544277
0.6681627
0.29349688
0.07672221
0.62331593
0.78454417
0.6766661
0.28131422
0.5508799
0.5508799
0.5508799
0.63752174
0.048015743
0.34978038
0.8643065
0.7307373
0.08245991
0.87263083
0.631291
0.28955248
0.3848187
0.2034819
0.25329727
0.33982646
0.8186745
0.8952161
0.74230945
0.68449587
0.43634477
0.3949632
0.2432373
0.3204741
0.54603815
0.5387053
0.3460071
0.20929386
0.23248084
0.7522964
0.12593573
0.42591813
0.7278035
0.38415596
0.433566
0.45240772
0.19862054
0.22453542
0.28091553
0.26496798
0.40478554
0.4482676
0.71819234
0.6136265
0.62867486
0.19691713
0.5990438
0.37365872
0.68541646
0.51889616
0.26098424
0.16890013
0.04609767
0.13927516
0.18864267
0.28342307
0.29339212
0.3188472
0.87568355
0.25417694
0.82383496
0.368823
0.5511644
0.39205202
0.2729604
0.24194516
0.069207884
0.7707022
0.8958593
0.80350995
0.17535773
0.41962075
0.41679078
0.1569697
0.46811193
0.12388292
0.43174794
0.58137834
0.68396044
0.0837932
0.7495787
0.7183016
0.46908128
0.057523273
0.2713601
0.8328492
0.6438469
0.47225055
0.41777623
0.21498956
0.6012896
0.80739635
0.80739635
0.80739635
0.2469727
0.5385927
0.06010362
0.15115067
0.3212658
0.1629589
0.6690618
0.37001628
0.08041992
0.41256163
0.5623886
0.33723545
0.68330115
0.85279095
0.68498987
0.5426104
0.8294251
0.5501913
0.35899484
0.15814239
0.17685306
0.13564646
0.7935385
0.49688146
0.5731664
0.69877243
0.12971166
0.14770384
0.5192179
0.36769393
0.33603203
0.2034819
0.6432076
0.24407803
0.6893828
0.7088369
0.51875186
0.57276785
0.6667345
0.6459649
0.45071238
0.31217504
0.55142444
0.5471771
0.8066843
0.17194407
0.17912938
0.03886527
0.5239144
0.924028
0.80509967
0.420303
0.80898017
0.46763098
0.22099672
0.14066958
0.72293526
0.025774047
0.81984144
0.8008715
0.61521417
0.46423912
0.5235605
0.2197611
0.57874024
0.43507984
0.53587633
0.24458516
0.22991632
0.2211572
0.11419935
0.20520099
0.57276785
0.57276785
0.5099526
0.5973004
0.36524895
0.41477552
0.24830848
0.24438244
0.7121478
0.54070103
0.72064275
0.4287022
0.1555802
0.07476393
0.464925
0.41903785
0.13267271
0.1493597
0.3176532
0.14110027
0.07478775
0.45967484
0.22825769
0.6744039
0.5637946
0.59095883
0.7675605
0.0627245
0.8519196
0.4441541
0.2249066
0.40183887
0.37491006
0.47671008
0.11200162
0.49394566
0.494876
0.8248984
0.25723663
0.07797127
0.6516028
0.50612587
0.83912826
0.23908177
0.18922934
0.1751966
0.588708
0.78454417
0.10498804
0.8514021
0.11409145
0.23991248
0.62414247
0.07714702
0.29205057
0.52213776
0.70033467
0.79405195
0.13904089
0.23825599
0.80531895
0.518275
0.5016735
0.6570305
0.7981017
0.591023
0.21837816
0.8205347
0.7960037
0.1399868
0.806155
0.06412295
0.826628
0.11013565
0.43509483
0.733608
0.582908
0.09297693
0.8447291
0.76667154
0.87568355
0.6296372
0.8014053
0.5919375
0.61521417
0.7477525
0.5532707
0.84541446
0.51889616
0.814741
0.77566075
0.37685123
0.8301919
0.82868224
0.81348205
0.6966299
0.77735823
0.8831074
0.7248347
0.68170106
0.53064847
0.7020133
0.39642158
0.40438
0.39410573
0.6373363
0.29635972
0.11249469
0.7678283
0.3411406
0.70200014
0.115472995
0.27393726
0.26549214
0.29331514
0.24035926
0.46225417
0.49092218
0.6619815
0.28081158
0.2542341
0.62228423
0.5689058
0.45987538
0.15552753
0.5518281
0.15532635
0.6048931
0.73472446
0.51639336
0.65612155
0.7949864
0.8422625
0.46009624
0.25542957
0.2545046
0.3797664
0.21108003
0.6121249
0.7444846
0.7785557
0.72508967
0.09727988
0.6712785
0.53635854
0.6774053
0.8297599
0.6504795
0.38002044
0.20740259
0.22571748
0.3666758
0.4773106
0.17939705
0.41481504
0.09687683
0.2469727
0.833238
0.44492203
0.2296268
0.5302707
0.5034944
0.5119417
0.8371452
0.25232357
0.86953557
0.056564845
0.6925867
0.35761783
0.024351252
0.40883315
0.35683745
0.0773773
0.28228942
0.9306536
0.26671323
0.8569338
0.41843933
0.8297828
0.196967
0.2998515
0.70099545
0.64771134
0.49572238
0.61317825
0.034846447
0.40316093
0.31957722
0.62138176
0.7562686
0.8699559
0.37465343
0.31907108
0.2185514
0.44451946
0.028889226
0.16507107
0.2763122
0.5233348
0.12652718
0.54743975
0.43584058
0.2794723
0.43472242
0.24523559
0.6683437
0.6750484
0.5787125
0.29889357
0.20282006
0.57933503
0.18365167
0.1365293
0.3191625
0.07004926
0.72543746
0.6619815
0.6457261
0.6068227
0.438148
0.38395187
0.6189257
0.45174247
0.114728615
0.78454417
0.3303852
0.37902677
0.2469727
0.7711688
0.15701197
0.6189257
0.7194089
0.52116066
0.06607522
0.1991878
0.51889616
0.8942782
0.8942782
0.20515604
0.6356982
0.61462134
0.4268736
0.41365117
0.83370906
0.43485337
0.63074946
0.267647
0.892291
0.3379773
0.23410514
0.59053355
0.80897576
0.93952066
0.6772515
0.2735697
0.19252948
0.45125642
0.47300044
0.8321315
0.77881986
0.4180107
0.20186809
0.77290094
0.42989793
0.27091947
0.28974462
0.26080507
0.76861465
0.81146353
0.8646482
0.6307424
0.6708881
0.315795
0.31336528
0.5641341
0.8054532
0.4684195
0.6301142
0.53174263
0.3341476
0.4070082
0.2493061
0.09159164
0.8698803
0.50160474
0.6421421
0.23906027
0.34450844
0.4136345
0.40359607
0.73581904
0.32726088
0.35672745
0.16802008
0.41825238
0.85924184
0.441438
0.6644084
0.6492362
0.9251842
0.6619815
0.71527636
0.5683997
0.8686619
0.35478473
0.33337402
0.25723663
0.067598365
0.21751285
0.4533551
0.58040124
0.532566
0.7744545
0.03169373
0.6881209
0.6145527
0.07573136
0.39727074
0.40557438
0.51059884
0.7125885
0.29549852
0.8562722
0.34830457
0.7568607
0.18742669
0.33690694
0.6228367
0.7680453
0.8018907
0.3544299
0.3020585
0.8943384
0.41991302
0.91071206
0.23525944
0.5397166
0.4041157
0.46499458
0.63474935
0.8929954
0.89503306
0.8409601
0.7957858
0.36206278
0.5587896
0.035961688
0.035961688
0.41601023
0.64661825
0.22725445
0.49642304
0.43285286
0.17952438
0.35149723
0.7299708
0.69203734
0.7662032
0.10646917
0.39887816
0.4675612
0.5464444
0.75957894
0.6198076
0.41302705
0.38558605
0.17116633
0.32254925
0.7752375
0.29504663
0.35455897
0.6605223
0.5143191
0.21925044
0.76942575
0.38174087
0.26884627
0.08899815
0.05181065
0.09341757
0.47840852
0.59286565
0.39967436
0.29617485
0.6447831
0.1995224
0.41802344
0.20798147
0.055829346
0.16480973
0.28406718
0.42715496
0.094788425
0.09778309
0.45298406
0.68934953
0.7757966
0.42196557
0.7626369
0.35943112
0.7468299
0.66941357
0.8925002
0.37698728
0.42253315
0.6661445
0.3325005
0.34582835
0.21890163
0.75887907
0.4154192
0.23150131
0.75887907
0.0791986
0.20921251
0.41473264
0.32626644
0.421331
0.31011796
0.76441526
0.19625562
0.2581714
0.4964312
0.42863593
0.47706643
0.16448328
0.30724633
0.831073
0.3729855
0.28390685
0.30378717
0.8299876
0.39340726
0.7156789
0.5589782
0.4229588
0.30875584
0.6237439
0.44072893
0.44134358
0.61878276
0.43212867
0.2669466
0.28406718
0.4745823
0.81334347
0.8174105
0.60248834
0.14703293
0.4923267
0.37244844
0.72360134
0.45209038
0.43212867
0.910868
0.7180632
0.7415158
0.554533
0.31468302
0.6380616
0.26607007
0.08475333
0.2862332
0.25024742
0.6106039
0.53523225
0.2851199
0.67085564
0.6662198
0.18365729
0.29368618
0.26876846
0.46180362
0.22400683
0.7394089
0.81740475
0.28652534
0.08168408
0.78454417
0.116344705
0.51889616
0.47749373
0.6494511
0.23904732
0.91211665
0.26837572
0.286182
0.028692339
0.47970977
0.25263476
0.3764296
0.38232145
0.3288749
0.3300431
0.70579433
0.24108957
0.5869282
0.46842897
0.112809494
0.8648276
0.4958735
0.4901795
0.7842994
0.74997324
0.76232696
0.2594224
0.50963145
0.07019462
0.5100434
0.7293722
0.2519871
0.47274283
0.3297278
0.90817714
0.5687535
0.2964479
0.59420204
0.47584236
0.59876615
0.30574232
0.5801659
0.63755655
0.19198528
0.23372017
0.341436
0.5927132
0.75710994
0.2661893
0.18574437
0.80112
0.78796035
0.70170397
0.15326497
0.17852981
0.42498577
0.19364376
0.7535148
0.061512318
0.7061626
0.23672357
0.4558436
0.05573201
0.53403515
0.21094461
0.59968567
0.6605671
0.33622023
0.6503062
0.6029871
0.37925854
0.82941216
0.44034103
0.42318463
0.45374936
0.50214034
0.29567173
0.3950625
0.06540708
0.82867694
0.2902264
0.36571547
0.21546546
0.039500706
0.62900317
0.68241847
0.17490712
0.5238053
0.18646722
0.2333374
0.78394544
0.82801145
0.07004926
0.38009784
0.3747146
0.40696207
0.029695952
0.3165597
0.3839544
0.77118295
0.8647119
0.30123508
0.7418916
0.5387053
0.82983106
0.044295687
0.044295687
0.04344112
0.68122953
0.28498113
0.36165732
0.2595204
0.28869933
0.8230063
0.2659585
0.420429
0.22001834
0.19991185
0.51889616
0.27398342
0.36138675
0.07689561
0.42826858
0.7216435
0.3083632
0.78454417
0.2914903
0.83892506
0.56580645
0.67238766
0.2844975
0.60161287
0.43101656
0.51510113
0.32376942
0.7199661
0.13050286
0.8507975
0.17921197
0.56341696
0.3056658
0.30299142
0.7053219
0.0060944655
0.835028
0.66304916
0.7331216
0.6216362
0.745646
0.7654673
0.62305105
0.4296804
0.87937784
0.88501364
0.6140339
0.71189237
0.49549943
0.82066244
0.08887213
0.8122869
0.78216726
0.87448305
0.52531713
0.7298253
0.117231764
0.47722197
0.47608912
0.45467174
0.56876105
0.7754598
0.44719848
0.79576683
0.4656123
0.22637966
0.5415593
0.76676357
0.29112414
0.41764775
0.8251064
0.79003876
0.2682248
0.39292514
0.58806515
0.55083644
0.23340309
0.42538702
0.2134675
0.58433384
0.5910121
0.498423
0.26438785
0.05945921
0.16699797
0.75648314
0.79146713
0.7898171
0.82759184
0.27601105
0.13929704
0.6798827
0.21128446
0.117174
0.6308714
0.1750496
0.8071809
0.3893148
0.2928574
0.25274104
0.42684317
0.06710489
0.08149942
0.4814501
0.7822776
0.097540855
0.37877497
0.27549267
0.20592076
0.22409369
0.25974497
0.21974292
0.29206598
0.14229216
