0.34605068
0.3233328
0.32006294
0.7046139
0.37401116
0.48582825
0.48576343
0.27431816
0.2023272
0.6108296
0.11152666
0.06387207
0.44366193
0.46483326
0.5493801
0.2728013
0.5708781
0.43789935
0.7313324
0.6745755
0.8064117
0.809819
0.33231574
0.7313324
0.6557782
0.70641863
0.47707495
0.60275257
0.62707984
0.6723178
0.692297
0.6683287
0.57004625
0.57004625
0.57004625
0.69338554
0.6459544
0.6818737
0.57004625
0.6886931
0.57004625
0.49068877
0.6968594
0.682145
0.23330721
0.23222625
0.21645515
0.20660141
0.8673843
0.06570015
0.2584151
0.7311831
0.67409414
0.9411008
0.44188613
0.3024529
0.5614415
0.0783107
0.22533484
0.8064315
0.5586708
0.1030178
0.10543507
0.32975522
0.33238775
0.18617626
0.21654916
0.276146
0.65839034
0.6442358
0.7379284
0.5614415
0.69204575
0.6341226
0.30721155
0.49308643
0.5055451
0.18941261
0.26456735
0.79134583
0.11761554
0.59195244
0.8276239
0.19042514
0.5127861
0.14229102
0.16572559
0.57045346
0.6219985
0.6334275
0.20547473
0.22107586
0.5614415
0.7482468
0.056689963
0.27192932
0.12993482
0.3282033
0.3188658
0.8036379
0.13667427
0.5490853
0.6296615
0.57117665
0.10116125
0.6028454
0.6394613
0.5181483
0.87045395
0.20177104
0.49677935
0.08072108
0.24044725
0.25422397
0.6417865
0.28850806
0.63290524
0.6412639
0.52169156
0.14827774
0.6696994
0.5614415
0.44283512
0.32141602
0.2690395
0.2827125
0.28296
0.37426588
0.4241448
0.31385913
0.6505988
0.31523278
0.48092425
0.6738119
0.84690547
0.5630094
0.09643665
0.15243548
0.124952495
0.32328647
0.5166946
0.78687364
0.40583476
0.40977475
0.77096653
0.4756283
0.06373188
0.81164706
0.5614415
0.25887695
0.75858927
0.8408878
0.8259431
0.21420248
0.42320684
0.17938888
0.052953064
0.5259172
0.20480111
0.063464686
0.17246881
0.4603127
0.35546944
0.61592346
0.05920401
0.32347143
0.20871578
0.47308865
0.09305112
0.7335974
0.5310627
0.4765669
0.15192135
0.51161164
0.5501599
0.58480346
0.18520705
0.07814148
0.02777761
0.24225156
0.17719433
0.5791224
0.31530118
0.055928662
0.039128996
0.35864854
0.13057512
0.25825506
0.7059526
0.5638455
0.46991444
0.6547123
0.080996275
0.7018901
0.6821017
0.4418982
0.37187237
0.4860641
0.09560603
0.46579763
0.63063216
0.6352376
0.18844542
0.4804786
0.4882616
0.582365
0.7898255
0.5614415
0.30648562
0.21898347
0.60014874
0.74380225
0.59578526
0.81670946
0.7699903
0.7699903
0.34046832
0.32329106
0.34205464
0.84339345
0.33738896
0.3401713
0.34137696
0.69751066
0.4727638
0.07865775
0.55563015
0.5175284
0.07416846
0.58695304
0.03657825
0.8888285
0.0942904
0.8198666
0.8180546
0.15492135
0.6563192
0.44960415
0.62231606
0.6367665
0.72962296
0.058137346
0.75716484
0.6732922
0.19700864
0.26445797
0.45551443
0.5151641
0.3028258
0.5961994
0.8112222
0.34160906
0.6482535
0.7360253
0.637671
0.5115755
0.7123837
0.89250696
0.766465
0.5618651
0.08535145
0.50924164
0.6367214
0.7934331
0.7389256
0.045667086
0.10639211
0.6253038
0.62887126
0.10314825
0.61824304
0.46796504
0.91060656
0.46163124
0.13648699
0.6567435
0.89451885
0.4256553
0.30815187
0.34325227
0.040939774
0.5989175
0.28877184
0.4382024
0.36896583
0.61650443
0.50201124
0.81044185
0.45581096
0.7788583
0.77799803
0.4772163
0.34095937
0.5668998
0.59960043
0.19254108
0.5158103
0.20539604
0.7473587
0.7473587
0.6102793
0.7870167
0.20943712
0.5574247
0.24379438
0.5309339
0.05946096
0.36771473
0.48913977
0.2769399
0.82208145
0.38752162
0.048887014
0.7564062
0.6167126
0.7975129
0.43727967
0.17624505
0.5924694
0.530201
0.26082775
0.64603144
0.7954279
0.6821296
0.6592634
0.4031665
0.28156435
0.24184391
0.36729312
0.2586098
0.12746206
0.08152363
0.90108234
0.5614415
0.6378715
0.03996361
0.9337557
0.65698314
0.76570636
0.13056879
0.28582165
0.80233544
0.19648077
0.72387326
0.348647
0.41926828
0.62083817
0.6107313
0.40175447
0.14054592
0.6357043
0.5642549
0.5166205
0.62751055
0.12762046
0.28143975
0.41199848
0.16537882
0.1403611
0.45174038
0.5617603
0.3611088
0.74530977
0.09394068
0.12286326
0.10151381
0.2859763
0.6592052
0.7627086
0.5614415
0.06294198
0.3617715
0.8160639
0.779083
0.1539222
0.18749467
0.896493
0.9030405
0.8688496
0.15432799
0.30092385
0.6963358
0.7659444
0.6730949
0.30710122
0.15432799
0.51858246
0.5614415
0.03248481
0.38155344
0.40666056
0.13635984
0.027934413
0.23211393
0.4191694
0.6088232
0.85898846
0.08968009
0.071758084
0.8583416
0.16665953
0.5468912
0.10360374
0.73723227
0.5614415
0.41035798
0.39007127
0.16020015
0.8229588
0.767168
0.72027963
0.1098727
0.67444545
0.7085166
0.63092613
0.71913844
0.71023685
0.71340156
0.72717774
0.71340156
0.7249752
0.71023685
0.72071195
0.70717746
0.7173959
0.72071195
0.70937246
0.7241939
0.71340156
0.71023685
0.7147076
0.7095088
0.71737564
0.72071195
0.72071195
0.7196327
0.72071195
0.7173959
0.7132067
0.7074884
0.72717774
0.7132067
0.72071195
0.7241939
0.7113889
0.70717746
0.70717746
0.72071195
0.70717746
0.10862677
0.60065556
0.7173959
0.71150005
0.71150005
0.18853228
0.44547313
0.5744869
0.7071059
0.24436942
0.70709497
0.50249
0.3916958
0.28234243
0.34196657
0.37062344
0.66265327
0.72842294
0.7431758
0.7831748
0.31832254
0.64365953
0.7745269
0.5089072
0.7761586
0.6837097
0.61075956
0.7164198
0.3916958
0.8621508
0.5614415
0.26460528
