0.07984728
0.69904834
0.0048891413
0.009559888
0.0036595042
0.69654155
0.045541856
0.19982666
0.008453681
0.002635841
0.0101841
0.0042092125
0.17610046
0.0028286707
0.13095595
0.018303895
0.019067263
0.096336335
0.912063
0.011410937
0.0048581026
0.011510941
0.8747549
0.018542608
0.9578632
0.0048969383
0.2595591
0.006335042
0.012494824
0.012176869
0.9464637
0.00358228
0.011033682
0.010970959
0.013954338
0.020802505
0.002702247
0.061396744
0.08908131
0.49391878
0.5291528
0.02536118
0.04904041
0.016492294
0.05969841
0.0036169249
0.064310804
0.0033236605
0.010682906
0.00420413
0.53766924
0.022978859
0.03648167
0.0046123746
0.5979236
0.07171709
0.0022371882
0.023333307
0.0050576096
0.0050576096
0.021342766
0.018412668
0.006793879
0.011415092
0.004933601
0.02377536
0.007703501
0.023224164
0.31597203
0.004402992
0.0036519396
0.649665
0.09469227
0.007937018
0.0075110323
0.017896006
0.0381507
0.02468879
0.007346262
0.06172216
0.009486433
0.033480074
0.009850473
0.005670997
0.006978889
0.033492386
0.016415339
0.90754575
0.014732035
0.007079484
0.0025808755
0.018947655
0.009470276
0.015037701
0.07795749
0.0050167255
0.02204952
0.015335345
0.0029801284
0.0058170594
0.046483587
0.007296677
0.0072215647
0.007296677
0.0066970796
0.058756504
0.010341643
0.0035495292
0.036184594
0.015997337
0.007915196
0.0086446665
0.0085379975
0.01020332
0.038098104
0.007815898
0.013650456
0.0020048306
0.4177014
0.032533333
0.004905798
0.003926434
0.016028224
0.02374883
0.011008753
0.026538145
0.0063379663
0.0037757962
0.08388992
0.005188137
0.057960365
0.0022116804
0.010099092
0.533624
0.008156899
0.03255812
0.0026374045
0.8797834
0.026593596
0.0050078942
0.010305121
0.020052314
0.86486965
0.96717024
0.108385816
0.8082152
0.0054303487
0.048836026
0.20146923
0.07967355
0.004540789
0.38230753
0.009705185
0.00526012
0.017242339
0.03461433
0.012591712
0.018216241
0.113864765
0.009911557
0.01910147
0.009709315
0.012664898
0.007115809
0.67607665
0.003050079
0.08644663
0.42665443
0.1059022
0.01508452
0.0024018863
0.0062029483
0.014625161
0.011385242
0.0026882743
0.0048218165
0.008568465
0.011339351
0.3410583
0.0038181785
0.016048241
0.026454477
0.010688768
0.14636558
0.0060904697
0.004374047
0.02781598
0.055689108
0.02781598
0.04592643
0.008791866
0.019884625
0.039413344
0.004467392
0.8776541
0.9070031
0.01564497
0.041281443
0.02781598
0.0068241246
0.47298658
0.072683714
0.0035831074
0.005903149
0.5258877
0.21852535
0.020777516
0.024162004
0.004506583
0.02604091
0.012705385
0.023606453
0.0023992546
0.0073326034
0.009598533
0.61883694
0.0033720853
0.21852535
0.004868945
0.013636785
0.0024368172
0.02840515
0.024719434
0.002634356
0.0020548268
0.009335199
0.01599088
0.01599088
0.008050622
0.013925134
0.01648974
0.01599088
0.013057672
0.008904053
0.0056186323
0.011997712
0.049734335
0.005598421
0.0028709765
0.0071657896
0.009638109
0.008208815
0.25075373
0.062137596
0.012785619
0.06763275
0.019220902
0.009037358
0.002522889
0.03237478
0.040244333
0.024052134
0.005028779
0.0024221477
0.004440493
0.0585384
0.00974668
0.26510555
0.01649111
0.91990155
0.005522702
0.03212601
0.0027223914
0.0070934934
0.011956573
0.48638234
0.77736235
0.005177684
0.025133604
0.002841219
0.0045010266
0.0050027505
0.005043705
0.018091973
0.032261275
0.042445082
0.042445082
0.016350817
0.006381941
0.03957799
0.03918294
0.010715779
0.010189277
0.0065033813
0.03639369
0.09267515
0.0045625335
0.0031477758
0.005856072
0.0077922833
0.028927833
0.69978505
0.006371213
0.016323442
0.89191324
0.14113598
0.0041272836
0.79532874
0.077203766
0.005258234
0.005840541
0.0032236762
0.0021847114
0.016343484
0.007991024
0.006051246
0.007716845
0.034288604
0.86685866
0.015768223
0.009628279
0.0071267406
0.06953664
0.01608199
0.01988948
0.0058676396
0.94443387
0.97724104
0.029632356
0.7099869
0.8696407
0.011820705
0.54216725
0.2443898
0.016855465
0.011993742
0.28464824
0.015690038
0.7967183
0.013005424
0.012815703
0.0037318051
0.0051432517
0.07536002
0.9833808
0.042048126
0.026141543
0.010466744
0.005563913
0.019102728
0.038707815
0.011731607
0.005246083
0.016561752
0.0033548027
0.9714845
0.023383077
0.0027945398
0.016423197
0.02440174
0.016939824
0.027937949
0.032836013
0.033505086
0.013975466
0.0073925173
0.023819698
0.044918053
0.0032331578
0.04048224
0.031299725
0.007303222
0.011057057
0.985451
0.2637283
0.5123805
0.012284693
0.0055729533
0.0024378803
0.022246297
0.0028204017
0.010639556
0.008326451
0.28017765
0.0051361546
0.008768828
0.008064113
0.0031074774
0.17455468
0.0031129466
0.0041126357
0.031479847
0.047970407
0.0047189067
0.014965015
0.0077521647
0.0110624945
0.043964956
0.005661009
0.012830156
0.010403243
0.03705708
0.03705708
0.03382139
0.03382139
0.036422677
0.008090458
0.007344986
0.1784919
0.0034988846
0.010472853
0.006723355
0.045312338
0.0033533722
0.008260874
0.01817434
0.006647402
0.038116526
0.030615166
0.023250965
0.0056568924
0.0041619684
0.019704854
0.09780834
0.022473235
0.009768579
0.030036582
0.011259389
0.0030523299
0.016267179
0.4131437
0.005014999
0.0034933356
0.026108455
0.2082379
0.0049951347
0.023987262
0.0032358214
0.0031833414
0.0065050726
0.007546285
0.008354379
0.9309953
0.0031833414
0.0031833414
0.0031833414
0.0031833414
0.0026235853
0.0077777347
0.01724298
0.13640264
0.0038947607
0.0609282
0.9284678
0.028995365
0.005962753
0.09177071
0.027090594
0.0038642457
0.027490463
0.026573053
0.0052540167
0.075779654
0.006306577
0.042556558
0.017835688
0.0058685173
0.04335819
0.006627664
0.0095230015
0.036150325
0.008228947
0.0097883865
0.068921596
0.011050925
0.0061839884
0.013447125
0.037256714
0.0044521387
0.0049630073
0.007482704
0.015910769
0.007233378
0.0046878406
0.0031673806
0.008611215
0.02487424
0.00881466
0.008085359
0.04622245
0.010797019
0.059574656
0.012549258
0.043732043
0.011092456
0.009384945
0.02903808
0.0033516781
0.008526361
0.098579705
0.008482291
0.007182159
0.0064209444
0.025040166
0.009858988
0.03973936
0.017753487
0.14819506
0.72597146
0.0141881425
0.98929894
0.003251724
0.014034112
0.056349065
0.023728708
0.012084343
0.0039997404
0.019679226
0.0085001625
0.09338416
0.0036679814
0.0075344546
0.10067248
0.0034450344
0.024532082
0.0023710201
0.004185129
0.0068201805
0.029417237
0.009206828
0.23215084
0.0040709632
0.46485534
0.00763599
0.008658873
0.9064177
0.005268173
0.015970154
0.06448707
0.03719632
0.0035061461
0.044012357
0.0067403475
0.0021894483
0.022051355
0.006407675
0.9327931
0.006287658
0.021784177
0.014142002
0.85211676
0.006377232
0.29478022
0.01339391
0.0030798817
0.0100425575
0.010670697
0.007946037
0.19911563
0.0035061461
0.011552177
0.013227561
0.025061414
0.002799398
0.022726499
0.03258011
0.03236513
0.0031713534
0.0032437067
0.003591952
0.005767004
0.07035664
0.0032536823
0.007952156
0.0027770991
0.22103396
0.7876477
0.0032835586
0.006534901
0.005511191
0.4947
0.0060175466
0.0039155805
0.0075011854
0.0072678383
0.0061163343
0.002987027
0.026040576
0.045405988
0.010389276
0.0046832985
0.0038365216
0.02381078
0.016174074
0.006900777
0.0060148225
0.002621933
0.011443432
0.013185919
0.024987042
0.004881421
0.0021259196
0.973438
0.0067115943
0.011766185
0.008139104
0.005445997
0.018896813
0.002330887
0.014470911
0.0023922476
0.0026466963
0.00898531
0.7078006
0.023486434
0.9491887
0.2595591
0.0052843015
0.044918053
0.006016312
0.0023788163
0.012145843
0.006811928
0.011774529
0.02289694
0.034723606
0.013795574
0.0062577175
0.054560333
0.48101932
0.0018664518
0.006696222
0.0122545315
0.008234859
0.010965625
0.02919371
0.038296655
0.008103569
0.0032790296
0.009064552
0.007633036
0.022368558
0.24706247
0.038296655
0.002768309
0.0065233978
0.009596843
0.03818302
0.02357411
0.09725075
0.0054471977
0.004003212
0.0019070011
0.004041129
0.005466924
0.004386158
0.006878638
0.00928639
0.0036147116
0.0038716877
0.005229299
0.012496569
0.0044294074
0.0057405885
0.0072200675
0.0054069706
0.007005401
0.098170824
0.008030408
0.008360088
0.003982045
0.010133585
0.059363212
0.33393252
0.13238934
0.0050450754
0.014026445
0.06488163
0.0030051966
0.019823259
0.83790565
0.35044542
0.008699896
0.014965015
0.8542838
0.00885585
0.0055948934
0.005784907
0.0223295
0.012288194
0.0038775194
0.006456587
0.012474192
0.0020797064
0.019516943
0.010317793
0.029496728
0.014965015
0.3308711
0.0037655625
0.008437906
0.004517494
0.0028652356
0.012133559
0.020651551
0.050075866
0.0024701066
0.10802399
0.007761035
0.008756623
0.008859096
0.05451528
0.0049643177
0.002995724
0.096293494
0.0040959558
0.0022275934
0.0030661537
0.12846912
0.031488165
0.014867192
0.21026517
0.005716754
0.004678624
0.004855518
0.0047158203
0.004678624
0.004678624
0.004678624
0.004678624
0.011053673
0.0064411503
0.0032027843
0.0057995436
0.036517393
0.0054563554
0.0035614835
0.022535525
0.027739339
0.012300813
0.32029203
0.014425754
0.0033082294
0.0146583095
0.0021579226
0.0021016144
0.01403181
0.00800435
0.007126571
0.0044792243
0.002064216
0.003980274
0.018621335
0.02738683
0.013996955
0.005133057
0.12666586
0.024887295
0.043891273
0.022512833
0.0024655748
0.6564248
0.03864175
0.13819739
0.0059261504
0.01003044
0.022265527
0.028601047
0.0048184623
0.104967535
0.0669641
0.0061376216
0.0041795755
0.010299775
0.016130406
0.062436707
0.28233016
0.18908054
0.022830987
0.0028229568
0.009300266
0.01164415
0.008685503
0.0028478215
0.010390546
0.0043900027
0.0024287908
0.004167299
0.011549425
0.0028435776
0.1223243
0.004155521
0.010811361
0.0048507783
0.004607559
0.029766796
0.019322561
0.013880012
0.0042288927
0.0021641906
0.0050544734
0.03694044
0.026400391
0.0035544091
0.012409786
0.0033214327
0.0023640185
0.014225624
0.009019303
0.15496859
0.006409437
0.014627784
0.0024394696
0.034647964
0.0017904569
0.021137457
0.0035573572
0.0030275653
0.006139076
0.020698875
0.5005958
0.0054721143
0.003171126
0.031320006
0.008577138
0.036861558
0.013571369
0.018570296
0.01126259
0.02995783
0.0049966145
0.0034149769
0.07207512
0.02992551
0.0131792575
0.0117626665
0.0036860968
0.007981602
0.00339064
0.0040483824
0.016095584
0.0038318022
0.004606763
0.002676135
0.01709851
0.036634505
0.005628785
0.015615418
0.009660914
0.002246098
0.012325839
0.028903143
0.007963122
0.006518292
0.04649461
0.0026545655
0.019157369
0.025450002
0.015452872
0.0083905645
0.0044668913
0.031260774
0.052356094
0.01235029
0.009749973
0.028431436
0.0056353603
0.013817932
0.0023256973
0.025171364
0.0063504637
0.00351404
0.0045622173
0.011955422
0.0023620601
0.030145679
0.022871982
0.017944649
0.02160359
0.0058996305
0.002629247
0.023339689
0.0032309326
0.004929054
0.062362116
0.021540413
0.005703922
0.0057179467
0.0077818977
0.018296173
0.0029228171
0.025808845
0.004321056
0.0046834615
0.01574976
0.009997961
0.002272065
0.04482948
0.005010615
0.0043405215
0.026289063
0.010166174
0.0068296394
0.0073412484
0.037841063
0.0051251575
0.011367369
0.008676849
0.0052536074
0.03160353
0.88807744
0.007541454
0.0067150155
0.008070941
0.0032068107
0.015186863
0.0037515475
0.0035686789
0.058118097
0.023543924
0.011006154
0.0076172375
0.004765896
0.0049663126
0.79673123
0.014353375
0.0023370234
0.003297748
0.003685159
0.015964009
0.049981743
0.008709958
0.005848571
0.018711217
0.019561168
0.015489989
0.009404828
0.0068304543
0.0033701744
0.010881347
0.005495847
0.0027885279
0.020363342
0.008783596
0.015658021
0.0058582267
0.80063754
0.031254567
0.009989559
0.008076997
0.2008779
0.010347002
0.0033043062
0.0074179163
0.1165094
0.002815098
0.3053097
0.021669084
0.015450733
0.028521033
0.7403492
0.003216795
0.00922398
0.04064465
0.0022272514
0.002989554
0.006343779
0.0035040248
0.005770941
0.05814157
0.005040114
0.06876404
0.0033760285
0.0033811382
0.0028850455
0.0063169473
0.012314178
0.008695656
0.012307965
0.017913712
0.30296618
0.03525239
0.008118776
0.0038719338
0.005947639
0.0021813305
0.0021778045
0.0116407
0.021220822
0.0034644564
0.02734562
0.021954775
0.0024043715
0.011434814
0.060161054
0.01612518
0.003570535
0.00377936
0.039992057
0.008958414
0.006136809
0.004194431
0.0030173878
0.0056314417
0.0065130875
0.009764257
0.060727704
0.02803255
0.009257545
0.00801435
