0.011467857
0.00626311
0.096516095
0.020491067
0.06456473
0.09713887
0.051563893
0.0027409773
0.37179127
0.022260798
0.096215524
0.4605089
0.7256952
0.015633836
0.38530836
0.011467857
0.046549033
0.01102956
0.06456473
0.0036665832
0.28009295
0.28009295
0.3287686
0.3287686
0.3225237
0.3225237
0.8276223
0.02011134
0.058419697
0.2687636
0.05474904
0.002796542
0.14782253
0.00322381
0.012372571
0.005361297
0.20127015
0.011467857
0.005790998
0.013760512
0.5644819
0.06456473
0.00350611
0.0035796962
0.003656447
0.05084322
0.005359038
0.0038045072
0.27205634
0.041263286
0.38530836
0.0043501537
0.03005368
0.02376373
0.011467857
0.0034811313
0.020689981
0.06456473
0.06188013
0.011875374
0.15536852
0.0271546
0.26716304
0.065782525
0.03739092
0.050235573
0.037699062
0.26662406
0.0046003372
0.0086214
0.026813732
0.016482934
0.0024516059
0.0038266808
0.011467857
0.08998183
0.026395492
0.0028146242
0.002920412
0.0028146242
0.06456473
0.0028146242
0.0052686855
0.015400786
0.32488173
0.38530836
0.21241519
0.26716304
0.031799313
0.015045165
0.13329902
0.015081276
0.0123917665
0.011467857
0.104962654
0.06456473
0.49316284
0.0030008254
0.024540277
0.98273945
0.4749273
0.06665683
0.004287978
0.33455855
0.0044021085
0.005642457
0.00537229
0.007825979
0.003966996
0.03620399
0.011467857
0.38530836
0.0056870338
0.09053835
0.022968246
0.0079147825
0.7922852
0.038828645
0.06456473
0.41847724
0.033991706
0.04205431
0.06188013
0.021919914
0.06357618
0.41121173
0.076925874
0.011668535
0.0400116
0.0026939767
0.011354773
0.08700246
0.011467857
0.059174333
0.06456473
0.95583665
0.06188013
0.7300916
0.060618065
0.011809773
0.7241412
0.0576003
0.46009895
0.92115384
0.016237225
0.38530836
0.011467857
0.015852869
0.0051784515
0.0027197695
0.11918148
0.147923
0.06456473
0.002688478
0.06188013
0.023596223
0.26517025
0.026800316
0.2674245
0.066740304
0.05364996
0.011467857
0.043753244
0.04766374
0.625244
0.11847074
0.06456473
0.02824974
0.017893806
0.054639153
0.06188013
0.013559663
0.022082208
0.38530836
0.0038308904
0.003666012
0.0035128444
0.0101928115
0.011467857
0.03677271
0.11188275
0.06456473
0.6534211
0.06188013
0.35215214
0.030153817
0.008437475
0.0034507127
0.1253705
0.0026540759
0.42288977
0.4432886
0.41332975
0.059291434
0.011467857
0.8928566
0.59493023
0.06456473
0.018766716
0.38530836
0.049071085
0.02249715
0.06188013
0.035183124
0.037148096
0.0052124513
0.07303328
0.02480944
0.056970857
0.48103175
0.03559404
0.003286217
0.09593209
0.054008342
0.011467857
0.0058089104
0.084889404
0.75705606
0.0097512
0.06456473
0.014856894
0.06188013
0.36016956
0.025755314
0.04386436
0.0020741574
0.015387772
0.022954162
0.06966315
0.38530836
0.024838572
0.011467857
0.065109774
0.002776107
0.06456473
0.26057026
0.06188013
0.065576315
0.014634171
0.028565302
0.06998542
0.01528128
0.014221903
0.011467857
0.06456473
0.033543613
0.0033016473
0.036494445
0.06188013
0.06593438
0.38530836
0.0023498537
0.011467857
0.003525361
0.14784656
0.70163697
0.06456473
0.9430377
0.058029026
0.06188013
0.0033709828
0.0033970547
0.04712464
0.022320697
0.008735149
0.011467857
0.39904043
0.61162853
0.022882441
0.06456473
0.0023606983
0.006642672
0.06188013
0.036873143
0.38530836
0.006965383
0.009900043
0.051539917
0.02474027
0.0070188926
0.36211446
0.0047503766
0.03686851
0.00970462
0.0035145534
0.011467857
0.013126386
0.06456473
0.030998608
0.06188013
0.17988959
0.026754351
0.028886996
0.008221099
0.034409154
0.058597207
0.19556533
0.06439533
0.012658768
0.011467857
0.59751135
0.12309156
0.06456473
0.06188013
0.18994538
0.019580053
0.05974448
0.008975297
0.035183348
0.022262843
0.46548748
0.013870724
0.24729513
0.8516708
0.14161451
0.0039982926
0.011467857
0.021397743
0.48132506
0.39323077
0.06456473
0.04945413
0.0034202882
0.06188013
0.21175514
0.029824017
0.38530836
0.0017924877
0.0033388203
0.004973926
0.069849454
0.034261167
0.3759321
0.3877427
0.03587845
0.011467857
0.022038205
0.24493095
0.06456473
0.24493095
0.24493095
0.06188013
0.038716186
0.034261167
0.05290092
0.060666576
0.0025129665
0.24493095
0.8225148
0.011467857
0.001925252
0.049280275
0.9387429
0.044261314
0.24493095
0.03954694
0.24493095
0.06456473
0.38530836
0.06188013
0.099563494
0.026901856
0.0021045713
0.3343005
0.056027055
0.0030459373
0.0026253546
0.0024780016
0.07765056
0.35472384
0.35308316
0.0206519
0.011467857
0.052274205
0.066174954
0.06456473
0.0069014733
0.02460734
0.00513939
0.06188013
0.05214413
0.010629015
0.7828688
0.008607356
0.056027055
0.054316968
0.043794546
0.057787858
0.06527212
0.006984645
0.0033341018
0.011467857
0.04355862
0.039983917
0.0058914516
0.06456473
0.06188013
0.021403532
0.0045461515
0.01145093
0.0030061558
0.056027055
0.38530836
0.022119954
0.016183378
0.011467857
0.007548273
0.024965076
0.06456473
0.017560184
0.030116841
0.06188013
0.014473125
0.38159433
0.6779302
0.1242272
0.34552684
0.01770911
0.028251057
0.02578084
0.056027055
0.0031659957
0.00972991
0.023426073
0.0132212285
0.011467857
0.022202393
0.03775089
0.002319609
0.005400236
0.06456473
0.04967171
0.0063710534
0.026391212
0.06188013
0.014849151
0.38530836
0.0067842514
0.056027055
0.26970172
0.0091749765
0.07423803
0.0030321884
0.0040300246
0.011467857
0.06456473
0.036364406
0.036364406
0.06188013
0.0035145534
0.019137787
0.8751002
0.009840616
0.278302
0.056027055
0.10571051
0.36326993
0.003728064
