0.7758169
0.3694163
0.14346246
0.04989618
0.17968947
0.17220122
0.3926682
0.4646014
0.035745826
0.029934075
0.59258986
0.031625964
0.24836093
0.13297516
0.16859204
0.15988256
0.32731766
0.478595
0.12242532
0.36729953
0.47511885
0.13848755
0.41908363
0.13873377
0.376465
0.15040235
0.21630199
0.051960424
0.15326245
0.9341706
0.45842382
0.5014736
0.18792972
0.17719516
0.10361579
0.3504312
0.10056358
0.0810327
0.15893301
0.10938657
0.57825404
0.80753917
0.037169587
0.3921671
0.11554401
0.06412058
0.10417994
0.6395827
0.17198032
0.27873382
0.081181094
0.0722181
0.6425949
0.31673774
0.040539645
0.48780677
0.037872165
0.27689186
0.0882987
0.06414991
0.5475423
0.21621628
0.7541765
0.63338006
0.092794426
0.04296253
0.19432122
0.447733
0.05648238
0.13754807
0.12816624
0.5179426
0.048298698
0.40299436
0.026662786
0.2866476
0.44372514
0.13157594
0.082195796
0.19369249
0.04856649
0.030873103
0.0939084
0.118426695
0.27012226
0.053536966
0.13623892
0.07376252
0.15904006
0.13687682
0.42605966
0.041188914
0.14708829
0.8011179
0.30828056
0.22463124
0.042842392
0.12584133
0.049534585
0.57614213
0.04855749
0.075635344
0.09136977
0.3177601
0.07172576
0.13314538
0.08311489
0.059512537
0.5232408
0.41559783
0.06572323
0.46839517
0.28661776
0.47524655
0.3542859
0.22004972
0.73865086
0.05841163
0.43190768
0.17055854
0.047174025
0.06846208
0.35812157
0.35690355
0.15077153
0.28814352
0.035403024
0.45814976
0.15606909
0.1283455
0.37807316
0.07652708
0.25204453
0.10773885
0.51798797
0.42922404
0.74631464
0.18949093
0.1316858
0.05353028
0.04593052
0.8352721
0.037872165
0.037872165
0.041089706
0.041089706
0.040259488
0.18091847
0.6376706
0.0541276
0.040774595
0.74767977
0.13421634
0.06389177
0.9072873
0.7574073
0.7403178
0.16972733
0.6007639
0.42671382
0.2982557
0.8964271
0.22817418
0.43416676
0.5429685
0.42823806
0.39540315
0.039787564
0.40437314
0.35831258
0.42968246
0.053995043
0.35682675
0.05920819
0.17660666
0.06632148
0.048549473
0.7068042
0.44070372
0.1847031
0.22538422
0.4625017
0.040189072
0.12345772
0.41188422
0.4298401
0.03985536
0.07060687
0.45090327
0.83226824
0.5076501
0.12345579
0.07732427
0.069759905
0.08145906
0.055328954
0.3260763
0.166089
0.12797157
0.14135647
0.13555422
0.14135647
0.047969334
0.74889547
0.148212
0.6519436
0.10368192
0.20271598
0.6674781
0.040539645
0.023139328
0.83226824
0.06840827
0.03372404
0.15921946
0.15131375
0.10057988
0.83226824
0.6373056
0.036290307
0.098384194
0.06251864
0.04193633
0.1346364
0.2952567
0.3838676
0.25315237
0.0507453
0.17178704
0.09267067
0.31909806
0.6340346
0.16887254
0.077518255
0.17028417
0.33470964
0.027484603
0.048007596
0.041196644
0.048905868
0.1142436
0.05647128
0.098453
0.03939857
0.3228982
0.08754252
0.0690709
0.28895366
0.29051626
0.12034663
0.28701204
0.04956288
0.08453813
0.10796065
0.1451273
0.047093596
0.10297862
0.04469516
0.05234732
0.037441287
0.07691846
0.21724044
0.07439252
0.03473709
0.2660627
0.110454924
0.8745197
0.53962046
0.026204374
0.19023603
0.09501476
0.03341851
0.20379575
0.24879184
0.50273824
0.045463637
0.16354539
0.064891286
0.83807963
0.36138582
0.422734
0.4224693
0.44831726
0.2475848
0.086734094
0.19354056
0.6524324
0.06555855
0.097159944
0.06829508
0.08282049
0.3831708
0.44937918
0.26426584
0.11271085
0.057383917
0.08723509
0.3595916
0.15603438
0.05945017
0.12502705
0.033720978
0.04984328
0.05818291
0.089952216
0.034612205
0.55020475
0.023129119
0.025718627
0.41528225
0.14341521
0.35541773
0.07185783
0.91303015
0.21093255
0.03850255
0.03914574
0.09277797
0.51128864
0.030847484
0.46471596
0.23075719
0.03684649
0.038215898
0.03263991
0.06577673
0.43565917
0.536288
0.042784132
0.22003879
0.03395483
0.04023454
0.043547515
0.13990659
0.29875445
0.09868305
0.48646182
0.1509474
0.08371335
0.05804654
0.3740077
0.0426715
0.19408546
0.07161396
0.4127895
0.32527298
0.11255187
0.1096198
0.3762528
0.05662845
0.12384733
0.56355333
0.6308013
0.5222494
0.02137946
0.099926606
0.53487504
0.26553732
0.18318622
0.6562597
0.5314251
0.8859446
0.2802057
0.28315437
0.6562597
0.6562597
0.18459222
0.06334453
0.090207875
0.14728905
0.083712935
0.09440286
0.6562597
0.23013414
0.3308647
0.0918066
0.7238062
0.25366786
0.08474921
0.30625045
0.31344703
0.12182826
0.18206637
0.038642105
0.7985638
0.049923796
0.36447278
0.67636067
0.09212918
0.22474848
0.053204007
0.70825636
0.08370583
0.7055607
0.8050579
0.06716485
0.17348677
0.21558875
0.0895687
0.21774104
0.1492296
0.3760514
0.26927507
0.6373156
0.055618897
0.07506586
0.18941654
0.40145838
0.41538802
0.2767346
0.11921121
0.45640117
0.1991284
0.07326844
0.028172065
0.008136508
0.6004044
0.38650155
0.46840876
0.028558651
0.06316516
0.9073571
0.076919585
0.24526058
0.2968962
0.030211655
0.86817825
0.4350244
0.048549473
0.40810382
0.5204332
0.7708623
0.4872647
0.8383479
0.04449745
0.4764293
0.15113734
0.17933725
0.3983953
0.17168821
0.62682587
0.15147226
0.23784243
0.33025143
0.7404465
0.01691699
0.09752337
0.1750006
0.21892528
0.21930183
0.5585646
0.08779112
0.19335976
0.5694987
0.403814
0.19799727
0.6156724
0.27198917
0.47436345
0.03776424
0.49497104
0.23114337
0.020616217
0.256742
0.52768344
0.20109284
0.0077747162
0.32924148
0.8563689
0.057229757
0.13457397
0.2774317
0.5745158
0.2800992
0.123191364
0.1984802
0.0668114
0.7158298
0.13765907
0.695612
0.256825
0.30660856
0.35891154
0.047634035
0.16980413
0.136724
0.37941524
0.0894088
0.51587826
0.036185186
0.23190956
0.30138615
0.36466435
0.4116415
0.08431462
0.58548313
0.5055751
0.37004334
0.42479208
0.118841924
0.30155522
0.29315907
0.14271505
0.83247256
0.3104538
0.21507335
0.27409777
0.39910382
0.09616168
0.5939562
0.6399569
0.042134862
0.16279446
0.23123202
0.49866918
0.16034181
0.5276293
0.6035956
0.40568003
0.17778699
0.22443032
0.11104791
0.7621938
0.06249086
0.06703149
0.6035956
0.05105884
0.610721
0.4823138
0.2519689
0.5215711
0.33270764
0.17307208
0.040387373
0.3021848
0.03508326
0.35761613
0.027010975
0.07535959
0.16004536
0.547907
0.6871446
0.8980931
0.4215612
0.5006891
0.7213827
0.07853885
0.7754721
0.568691
0.22880968
0.16062495
0.8610421
0.40028393
0.07506378
0.16749617
0.07208822
0.49685654
0.8853404
0.78705984
0.693373
0.7843452
0.11563375
0.11269776
0.06386388
0.30117387
0.62172747
0.08728356
0.3860455
0.2276941
0.28218612
0.283079
0.039458163
0.22258833
0.29894334
0.67768455
0.37422872
0.18610984
0.22208418
0.2356199
0.11198775
0.3006819
0.5647467
0.123681314
0.335083
0.03660056
0.18956439
0.22395691
0.5530358
0.6998377
0.6856285
0.7629555
0.615876
0.3473423
0.27380693
0.21881452
0.37590256
0.4172509
0.32089537
0.19228142
0.08613785
0.6035956
0.088464804
0.15444827
0.5228317
0.26833802
0.14515717
0.6340622
0.061753538
0.72506225
0.2591124
0.5690436
0.15425567
0.6131981
0.81387293
0.47848248
0.09348189
0.28886923
0.0719787
0.28341183
0.04493472
0.32128593
0.43179473
0.1089259
0.4509562
0.2380955
0.19407023
0.1713094
0.7070157
0.12768777
0.6562597
0.19849603
0.32128593
0.57621086
0.6562597
0.57621086
0.8374394
0.46471596
0.42449948
0.6562597
0.57621086
0.68705666
0.27329612
0.75396764
0.19923814
0.41989928
0.3121756
0.1639093
0.56710625
0.6191229
0.46471596
0.12451706
0.46471596
0.89728886
0.121109344
0.30256277
0.6562597
0.57621086
0.6613444
0.33460966
0.114737615
0.5525772
0.18395066
0.137479
0.31382623
0.085075356
0.19352898
0.57621086
0.42981905
0.6562597
0.025092749
0.07520452
0.46471596
0.57621086
0.57621086
0.08178925
0.037591703
0.6562597
0.56710625
0.32871503
0.57621086
0.6562597
0.5388524
0.80992985
0.05015711
0.022067742
0.03865942
0.22554609
0.22443543
0.46461973
0.05460846
0.21879947
0.34444663
0.1955027
0.21783006
0.41071206
0.14490041
0.8203247
0.16551088
0.028394721
0.31287566
0.16780534
0.6540474
0.9229552
0.07493278
0.4557259
0.3680296
0.06513945
0.08770366
0.62186635
0.20777053
0.22385421
0.14467564
0.11908688
0.77762574
0.2944433
0.03985028
0.5210168
0.4478419
0.1344477
0.5290595
0.4221188
0.18015912
0.053867575
0.8662652
0.4497183
0.6554749
0.20611432
0.49430278
0.15886436
0.54261553
0.460474
0.032848112
0.7969329
0.108057655
0.4662577
0.26155928
0.34409273
0.3581677
0.18305643
0.80822456
0.028833073
0.68333316
0.16989107
0.14174241
0.5447254
0.6453291
0.069529936
0.8341244
0.130838
0.34934813
0.0432411
0.74902916
0.74749273
0.752337
0.23262446
0.118422315
0.113680996
0.73201275
0.22118385
0.43780553
0.67204463
0.56047815
0.066724695
0.4168191
0.28476727
0.854634
0.11858358
0.43029413
0.21066897
0.022754062
0.094869666
0.6747212
0.42850426
0.29819742
0.30649275
0.71634597
0.07833975
0.12477561
0.09792245
0.24878785
0.11497602
0.19080643
0.7643058
0.023266999
0.24035558
0.7170505
0.47594512
0.26958466
0.40693164
0.6278462
0.34210515
0.10926775
0.11913223
0.12952553
0.56131905
0.26958466
0.7119291
0.39270562
0.13465637
0.9391522
0.2119564
0.17040259
0.368202
0.34915683
0.51236176
0.29693457
0.11360026
0.6111841
0.5120588
0.49797228
0.4419613
0.29060724
0.4441745
0.8170485
0.22775188
0.09906471
0.14437525
0.3284798
0.30797207
0.08456269
0.22099991
0.11209849
0.3487247
0.77283883
0.880373
0.09891254
0.5973371
0.2922837
0.6895261
0.060861718
0.9095322
0.22620845
0.1558961
0.6862359
0.8586667
0.5434743
0.27503043
0.20761786
0.084365785
0.6564421
0.41520354
0.74937826
0.17314786
0.78044975
0.47590002
0.15882844
0.4136236
0.3379089
0.8357026
0.8815127
0.420379
0.8978228
0.36835593
0.037866198
0.504846
0.09515663
0.061600447
0.21218285
0.20612481
0.12176987
0.07154681
0.08932854
0.078265935
0.09564493
0.52462405
0.2385369
0.6118903
0.21408565
0.06502797
0.22954394
0.66152304
0.6419471
0.7933364
0.51810443
0.2763658
0.04327802
0.047258608
0.13441601
0.66775846
0.2902597
0.31752953
0.19088475
0.057405088
0.15813647
0.35515273
0.23912042
0.044371463
0.5158451
0.1902033
0.24254641
0.47379217
0.25788411
0.17064738
0.29329228
0.73514086
0.17955467
0.29448673
0.25099233
0.32738242
0.10064737
0.5977792
0.091947675
0.16188195
0.28930354
0.054846693
0.16848285
0.7636657
0.34320468
0.29297528
0.6470258
0.26744124
0.44029278
0.66133654
0.090075195
0.60286534
0.7329014
0.9331418
0.17471679
0.15364018
0.41270864
0.71967864
0.14443211
0.038390588
0.10250539
0.4811588
0.056073748
0.18001753
0.10829096
0.7501713
0.07313484
0.093118355
0.6242163
0.32457256
0.1517192
0.12466023
0.7791202
0.3130035
0.3820359
0.5914722
0.12219041
0.30259314
0.76200026
0.41355366
0.100609675
0.060556505
0.09963868
0.6483401
0.041588385
0.6288953
0.60392475
0.2730689
0.13701573
0.111391924
0.55323017
0.42181507
0.62717
0.72518325
0.30563045
0.5319199
0.54754984
0.2951792
0.54985964
0.16789982
0.1567899
0.7701143
0.44969234
0.05426294
0.42950177
0.13929437
0.21545368
0.36383548
0.0916857
0.07910718
0.7169032
0.42596757
0.2627756
0.13340864
0.16592863
0.22761749
0.18165608
0.52809715
0.13581029
0.24045835
0.64296514
0.33622283
0.42033568
0.11234326
0.51340204
0.18294364
0.33176032
0.28751785
0.072014585
0.16693647
0.2044414
0.053182635
0.4407004
0.10286235
0.28864387
0.0590769
0.0929813
