0.48409286
0.024001222
0.88077
0.14219806
0.012568806
0.9628734
0.22982934
0.095469505
0.017677646
0.2637079
0.18121251
0.821783
0.0016899948
0.012433971
0.0477611
0.6062743
0.08465839
0.41331184
0.61448514
0.24309883
0.081642106
0.28350234
0.3309197
0.78438544
0.006448722
0.4557963
0.747274
0.8845179
0.023796676
0.05577935
0.099288814
0.0039624698
0.079873145
0.5860821
0.72642356
0.7695458
0.71531713
0.0049094507
0.044704862
0.88890964
0.5477449
0.09123749
0.020234214
0.19074047
0.028184298
0.5346067
0.5077546
0.74047834
0.0733195
0.083708294
0.58272934
0.636451
0.40440056
0.0017770353
0.011027954
0.0026777417
0.5999322
0.2429876
0.053125072
0.29019567
0.005394936
0.6127652
0.8357318
0.35000274
0.50553536
0.0013852919
0.12192281
0.38451824
0.4237958
0.8277325
0.065053046
0.8066771
0.33504468
0.5251266
0.7378544
0.0809201
0.3557392
0.37771437
0.033752542
0.072852984
0.064274035
0.7791793
0.89564353
0.6319081
0.01913622
0.0012042314
0.1457723
0.05150492
0.056023326
0.18878463
0.017970268
0.0026596184
0.002993329
0.040720697
0.0014410595
0.731311
0.81488305
0.930108
0.7998075
0.22092077
0.016274039
0.32419714
0.010044343
0.057311304
0.13101456
0.56623256
0.0141916135
0.019492147
0.019492147
0.011884456
0.86164033
0.09497793
0.534146
0.68836635
0.0019063052
0.86748916
0.64230424
0.14298192
0.64320785
0.1050642
0.073542766
0.14024656
0.085665144
0.71878064
0.008760595
0.009262224
0.010151281
0.59184223
0.40969655
0.5982483
0.0069993236
0.20078939
0.7124634
0.24629551
0.663066
0.27506253
0.023326322
0.01878364
0.013954187
0.0022505
0.86433965
0.4320056
0.007306243
0.0015848826
0.81742483
0.003517865
0.11744106
0.92302287
0.078063905
0.047226325
0.1529745
0.4202677
0.5596973
0.621644
0.21618645
0.22308868
0.36894852
0.86258554
0.3324884
0.20183145
0.8649711
0.2300473
0.301571
0.0033990662
0.938941
0.0041164905
0.12865481
0.9265674
0.0037400206
0.11386632
0.41042885
0.7606831
0.003094676
0.0029396499
0.87605923
0.0044403593
0.2709323
0.61357343
0.4713531
0.6879129
0.8847874
0.793439
0.010884301
0.023330044
0.0025387672
0.005203044
0.81984216
0.031099668
0.80083823
0.1413747
0.7988426
0.059697587
0.23034336
0.009429771
0.75924224
0.0076358626
0.031147081
0.07469093
0.8726014
0.014166455
0.31082204
0.009147301
0.05022485
0.2082081
0.8008434
0.02919315
0.054999713
0.028902503
0.7389994
0.8721946
0.0040293657
0.011408989
0.12339014
0.002022031
0.0015589063
0.0020712463
0.6860079
0.015775364
0.017856974
0.9363204
0.24585627
0.5894771
0.6578021
0.008758515
0.0090690795
0.044904258
0.50456995
0.8902151
0.8087438
0.7313981
0.35511437
0.060043704
0.020721436
0.88701975
0.1120687
0.9403609
0.7575416
0.003386573
0.5715457
0.002196904
0.3674216
0.11866712
0.3782693
0.46135664
0.01581672
0.10467257
0.66421014
0.0028883698
0.35680592
0.83628505
0.16663378
0.60101765
0.0025097332
0.5890332
0.0014851924
0.864884
0.01907146
0.027453478
0.0013152409
0.0018433349
0.8641933
0.01816419
0.001089461
0.23987138
0.050451405
0.04235074
0.011162197
0.7203253
0.8166778
0.008042353
0.0017086145
0.74967
0.50757056
0.71050775
0.70527244
0.58119404
0.0014559182
0.010690488
0.013415223
0.69123745
0.6476668
0.018112201
0.51098007
0.6674374
0.024168616
0.055190742
0.51832235
0.8453601
0.15699477
0.22628926
0.48542607
0.7675769
0.1347518
0.8187829
0.09874916
0.0028053978
0.06353977
0.41266423
0.768633
0.021971963
0.013364489
0.7774536
0.0045478786
0.40155387
0.00509699
0.2222118
0.9577259
0.05332958
0.08572256
0.28878805
0.73516583
0.69501483
0.86728823
0.9133284
0.058785476
0.56591934
0.4061585
0.07643998
0.061819274
0.493432
0.25486824
0.4869216
0.52776444
0.08269088
0.33842862
0.94280803
0.20311871
0.49864593
0.011031955
0.4866052
0.006474963
0.035691474
0.8959683
0.35663852
0.012530045
0.0062074903
0.05174667
0.8967094
0.39950934
0.14265952
0.0022792881
0.015734695
0.5077546
0.38400748
0.19984229
0.47534636
0.100712545
0.020234214
0.0023386744
0.7456683
0.03609572
0.027412001
0.5948621
0.080714665
0.07206719
0.77469236
0.5169917
0.03975926
0.22874716
0.37265176
0.72145313
0.0013852919
0.6323559
0.05577935
0.4419502
0.5356307
0.12015205
0.18244559
0.8811907
0.0013365656
0.0037094324
0.037020307
0.14958827
0.024492016
0.33622232
0.6877151
0.21951568
0.060906522
0.35713542
0.018647078
0.7917103
0.1959014
0.49694845
0.84905994
0.40234694
0.18189397
0.00273426
0.9228158
0.024935953
0.25839162
0.18128324
0.84462
0.19635122
0.7431017
0.05560362
0.3711502
0.49181482
0.6962942
0.41499248
0.17315765
0.5334141
0.60106057
0.88137877
0.055901702
0.65299106
0.08778378
0.5597555
0.10629238
0.0035216152
0.51529807
0.035886377
0.014268239
0.0643974
0.06648197
0.026531026
0.036617715
0.092709854
0.007444474
0.067321494
0.06674415
0.695561
0.45915446
0.7683928
0.0013410418
0.22308868
0.906172
0.05177956
0.1608768
0.63365823
0.006594027
0.15880372
0.085764945
0.77413493
0.019610602
0.0077868607
0.122740254
0.0011545104
0.89114755
0.011509213
0.7954358
0.001443433
0.001443433
0.001443433
0.001443433
0.001443433
0.001443433
0.001443433
0.001443433
0.18714096
0.001443433
0.001443433
0.001443433
0.001443433
0.001443433
0.001443433
0.001443433
0.001443433
0.001443433
0.001443433
0.001443433
0.001443433
0.0012091097
0.079169
0.099288814
0.0011609383
0.019312028
0.005837759
0.7814174
0.007307527
0.014320939
0.5879743
0.00467852
0.0013105854
0.031571373
0.673599
0.47979426
0.0037252887
0.00065724424
0.016932681
0.004050931
0.7921031
0.03183143
0.0033850418
0.069735214
0.008136901
0.5821353
0.5039913
0.3873197
0.581768
0.0019293773
0.08898115
0.02741494
0.005135176
0.04344577
0.002100933
0.03536619
0.015397052
0.68069196
0.9114687
0.06260114
0.65927
0.37370878
0.829843
0.78308076
0.024423363
0.28678545
0.004887568
0.0055541475
0.03990608
0.6852319
0.21198405
0.59147024
0.19170633
0.0027483564
0.014270284
0.05030734
0.014161726
0.023065805
0.41852123
0.74980766
0.7043872
0.017647868
0.041413277
0.0015825264
0.78952867
0.01194848
0.19934726
0.9462859
0.6065863
0.64982414
0.51630354
0.007154708
0.0090690795
0.72772896
0.050054606
0.771933
0.021033332
0.011693335
0.9050837
0.014812226
0.4339892
0.021271313
0.0009442661
0.012357186
0.0129844295
0.7349376
0.007911202
0.7943698
0.021196725
0.018624855
0.40155387
0.042448428
0.01949939
0.4648281
0.015775364
0.14397736
0.10734639
0.05278206
0.94549876
0.10280055
0.26233295
0.024773013
0.061734773
0.64351046
0.9270699
0.8814665
0.29936478
0.022180682
0.36976933
0.7780242
0.8060155
0.05433331
0.83238214
0.21964175
0.0046152105
0.060815014
0.4392375
0.02671442
0.21964175
0.73622787
0.3118119
0.00885534
0.0066655357
0.609349
0.8606912
0.08050029
0.5714294
0.8490006
0.1879107
0.017599575
0.5600083
0.743472
0.79638
0.6373941
0.43239096
0.7103811
0.05114602
0.07881113
0.8449788
0.9005275
0.20740813
0.24309883
0.1465353
0.0015739787
0.09884106
0.029110754
0.030549679
0.0692219
0.0051859864
0.0059255916
0.396837
0.5481653
0.0063379677
0.007226792
0.13574424
0.71896374
0.02813525
0.19637407
0.0077015674
0.15261509
0.74115884
0.0059904708
0.038779166
0.029111492
0.66220266
0.5981325
0.0035787427
0.058191426
0.435599
0.005996511
0.005996511
0.017217673
0.19739957
0.07623446
0.05639719
0.43399507
0.013976928
0.0038297884
0.10355518
0.7197667
0.022560753
0.16310209
0.008837723
0.068605736
0.0017977702
0.009514432
0.104309164
0.0071705966
0.3319233
0.0029942533
0.34494153
0.3788603
0.07160259
0.36532572
0.010028127
0.22092077
0.006143938
0.0050714356
0.083051175
0.8842357
0.091843575
0.8569521
0.010753986
0.32372814
0.03741362
0.9169882
0.006470536
0.87788707
0.14707026
0.9259049
0.036766794
0.60477
0.33694386
0.060627233
0.020984126
0.070531294
0.7324119
0.9189976
0.011027791
0.0011738669
0.04914242
0.0117472205
0.032654047
0.8996104
0.92265
0.36450878
0.3695534
0.08126723
0.0052998145
0.14293155
0.52367413
0.07097564
0.064394
0.11875613
0.8896266
0.2791211
0.029344467
0.5077546
0.81083715
0.025929973
0.7986304
0.8619913
0.3215657
0.8982071
0.15102264
0.024481982
0.0013656534
0.025289126
0.6446491
0.8704314
0.6903054
0.0492574
0.0013852919
0.0035817241
0.4514015
0.8736126
0.18408374
0.025645388
0.022747397
0.3733118
0.73953253
0.7306463
0.62489057
0.7441751
0.09629765
0.2917801
0.027794104
0.71195203
0.0013216877
0.761558
0.48346287
0.4429764
0.002231975
0.21947412
0.057460755
0.0064705834
0.80628055
0.4424324
0.01764835
0.034221075
0.19321053
0.79284376
0.7268641
0.14708552
0.52332693
0.55102164
0.55102164
0.13352647
0.016107405
0.7697459
0.0103240125
0.002662258
0.017606612
0.8115025
0.02136783
0.009193766
0.007361022
0.94671226
0.75181645
0.2702527
0.73622864
0.1852363
0.33900157
0.07124091
0.6638862
0.4168633
0.33715877
0.005435379
0.24230656
0.086588986
0.4451373
0.8411676
0.80173844
0.21926104
0.58027935
0.21904816
0.518934
0.14932245
0.061826114
0.5715457
0.7791218
0.022646254
0.006900637
0.08121638
0.059663054
0.10534592
0.90263057
0.3263142
0.91439587
0.8299639
0.01171898
0.019665945
0.005435379
0.9606783
0.0073546106
0.31161597
0.8446632
0.28931174
0.71111196
0.39750034
0.8794047
0.5757099
0.09449673
0.96094537
0.7689547
0.14566652
0.040859517
0.0014348308
0.0181842
0.6962927
0.35222888
0.05823895
0.79034257
0.034900576
0.88937676
0.009281356
0.9563605
0.7193442
0.028028207
0.47352284
0.11505852
0.017558903
0.735911
0.27638245
0.029204091
0.010461425
0.0030267339
0.2796525
0.050680403
0.28534314
0.15214165
0.75406194
0.69266933
0.04732809
0.07209021
0.0026366182
0.601878
0.013064498
0.19218734
0.0042841593
0.24900366
0.5602465
0.5751345
0.0023389594
0.31686595
0.9000572
0.50242233
0.7927252
0.028748848
0.42670277
0.038472477
0.016314588
0.034765035
0.6999073
0.060729213
0.062868506
0.14626652
0.006084948
0.04732729
0.008419939
0.006922649
0.8085957
0.017744994
0.038982604
0.019224709
0.36270666
0.0025470196
0.8255245
0.9276342
0.25055662
0.53798455
0.94493455
0.01325847
0.56949705
0.9439334
0.006625359
0.9415329
0.85339373
0.0893129
0.8272469
0.9071792
0.024001222
0.05614228
0.040747546
0.027278656
0.12888677
0.7737463
0.5323474
0.007154708
0.008758515
0.0090690795
0.099288814
0.0198665
0.008923048
0.74501467
0.089284614
0.029439375
0.302103
0.6192122
0.24769199
0.00085678505
0.13168493
0.61037135
0.61037135
0.002616557
0.5450262
0.7714044
0.13418002
0.28428268
0.050856236
0.93119335
0.9288178
0.48167086
0.8777003
0.0039060349
0.009128545
0.003972501
0.055227242
0.5900329
0.0016981247
0.6501361
0.68901235
0.00878356
0.0014392008
0.03989638
0.04113191
0.017636873
0.00589117
0.0038218293
0.0642272
0.16996644
0.015292437
0.8414352
0.24385695
0.7733416
0.095469505
0.8320289
0.12172225
0.71192884
0.05577935
0.46092898
0.06809814
0.95221525
0.907076
0.9323396
0.20670485
0.007912666
0.87580216
0.78913105
0.02380317
0.0953749
0.866801
0.0015618283
0.88677746
0.02389338
0.782214
0.49587393
0.056446023
0.32625753
0.6945748
0.0026687179
0.027297484
0.010641891
0.47646174
0.043883946
0.023320887
0.019617844
0.07660702
0.3137881
0.16713236
0.0046317037
0.14833754
0.70292073
0.025460508
0.014900976
0.5553612
0.012419218
0.49181482
0.019499352
0.11494572
0.9170238
0.6921768
0.6921768
0.85395515
0.72954655
0.75281614
0.6158501
0.1608768
0.9512083
0.05661678
0.7813976
0.7458978
0.4616396
0.78864807
0.9370179
0.0042465427
0.13064149
0.42887262
0.030175475
0.25204626
