0.067091495
0.014706266
0.8606743
0.67896664
0.0024804294
0.0022229345
0.8653811
0.1198739
0.0036737465
0.008751447
0.009353104
0.0012108673
0.03774361
0.027525278
0.15293437
0.08466115
0.01026175
0.012296401
0.0047881403
0.025063757
0.10611801
0.38981137
0.031021675
0.08533129
0.013926044
0.14453208
0.435812
0.0021405423
0.3481872
0.05762399
0.025129892
0.037406612
0.0017309163
0.7211876
0.05650698
0.05650698
0.032669548
0.021371575
0.021371575
0.36275834
0.14453208
0.007414437
0.03729602
0.4364424
0.5299017
0.18662013
0.18662013
0.18662013
0.18662013
0.013334799
0.02170264
0.007374571
0.036622547
0.033281974
0.0066503617
0.30128548
0.68468577
0.020196665
0.0040209694
0.018282244
0.0065540113
0.008523308
0.061040137
0.039047338
0.27402562
0.20499705
0.027212763
0.055401787
0.09246632
0.030947762
0.25039154
0.01821555
0.78432924
0.11947567
0.08358917
0.0027129706
0.003837229
0.5742613
0.0047076643
0.33934143
0.08654624
0.023456328
0.03306137
0.14453208
0.67063576
0.5674375
0.0026507853
0.07300218
0.017220331
0.012048918
0.0014783969
0.06955946
0.009067825
0.35278207
0.88231784
0.0402883
0.25778764
0.09700007
0.0052420567
0.005961595
0.0035221693
0.007955267
0.008733183
0.0034849804
0.41272718
0.63646036
0.23609525
0.024787666
0.0049950196
0.03860777
0.5814446
0.001303372
0.043650765
0.29046774
0.0077153654
0.002919975
0.51117194
0.0013278729
0.2644893
0.66583544
0.35632882
0.01293468
0.0468287
0.082819365
0.4547236
0.8881214
0.18935211
0.95165926
0.4484521
0.009028475
0.14453208
0.52497995
0.023966027
0.66670907
0.66670907
0.14453208
0.36952484
0.6245902
0.79977006
0.012380749
0.7179369
0.63186437
0.05590288
0.010924634
0.0098546725
0.006596803
0.0983751
0.010664024
0.0046884823
0.030573959
0.01306059
0.01306059
0.14425313
0.020731136
0.0011373612
0.10187191
0.7202463
0.6943669
0.014030606
0.9139753
0.5090821
0.075044625
0.0013278729
0.06663182
0.0047991094
0.04865728
0.0038253856
0.7580216
0.0361458
0.0048003006
0.0031697704
0.44296935
0.79307014
0.037754316
0.024273816
0.035434015
0.05590288
0.14453208
0.09700007
0.25066158
0.1346723
0.041366175
0.0008306175
0.00085762393
0.00078239816
0.00082043663
0.00087556604
0.0009596529
0.00086586736
0.0008888007
0.000958851
0.00086586736
0.0009043745
0.94395405
0.94108343
0.18602012
0.028984267
0.88013875
0.7957066
0.10401849
0.0025293508
0.10104595
0.041442975
0.5262786
0.78814834
0.03826245
0.01535365
0.8029072
0.7927013
0.7529409
0.039402664
0.039402664
0.035752624
0.032382414
0.044744562
0.008284325
0.14453208
0.09700007
0.055401787
0.0015637125
0.024474125
0.03960788
0.05590288
0.0048148483
0.047170006
0.05007422
0.09596032
0.01689259
0.008559805
0.33404803
0.35801068
0.0019458694
0.57488596
0.009514463
0.7016855
0.48626325
0.017220331
0.003965489
0.0015611479
0.77940327
0.09090049
0.7239785
0.85577565
0.843006
0.004251179
0.0025632514
0.14453208
0.0019360756
0.0038532345
0.016036225
0.03764364
0.0530541
0.49346653
0.9345773
0.574675
0.0019263263
0.13571778
0.7796614
0.79208434
0.45702833
0.096702024
0.02877276
0.12939006
0.0028099725
0.0031190554
0.027132796
0.0009043745
0.0008817906
0.00079777994
0.0008888007
0.0009748376
0.0009069261
0.0009043745
0.9103309
0.91871333
0.92462534
0.10075391
0.050737306
0.0057236715
0.0330864
0.0025906716
0.122476734
0.0026627688
0.0012482312
0.03591014
0.05590288
0.0015431455
0.20804657
0.4506417
0.077101044
0.150535
0.05514912
0.0025674345
0.51663923
0.16582626
0.0012482312
0.16420037
0.50598425
0.005136522
0.2243192
0.00096068357
0.85028064
0.6563313
0.7789965
0.14453208
0.0036722776
0.7452197
0.14453208
0.05590288
0.017334033
0.59046507
0.6342501
0.0033019413
0.625874
0.026083134
0.26410678
0.013006051
0.0047991094
0.7794533
0.07260618
0.036925703
0.11118135
0.011311525
0.010843652
0.063117824
0.063117824
0.2656407
0.015405251
0.13365994
0.66009825
0.368561
0.044784628
0.87703496
0.02217844
0.09700007
0.5033326
0.18869713
0.016714392
0.0043635033
0.038957413
0.011449931
0.05590288
0.06979586
0.0017489778
0.6682011
0.014189593
0.043484893
0.89758724
0.55960083
0.007415809
0.021092545
0.265103
0.06807649
0.38964364
0.015532595
0.03893291
0.038918234
0.010590232
0.09727999
0.0064652716
0.16302083
0.5985275
0.05590288
0.024273816
0.005243825
0.82658607
0.14453208
0.16175668
0.009993528
0.0030422711
0.63885874
0.006785379
0.6089114
0.14409807
0.8204925
0.13571778
0.024077566
0.01567947
0.0034167476
0.0008917344
0.02066921
0.0017287645
0.30740914
0.93955296
0.0410684
0.72788876
0.5090028
0.05699587
0.021002378
0.020499514
0.05721226
0.09469388
0.010368156
0.07046587
0.32981783
0.06374951
0.657075
0.024273816
0.14684235
0.6316386
0.094696194
0.0022746914
0.33853734
0.7320121
0.011885772
0.89644116
0.0036955976
0.5284882
0.014990866
0.5723317
0.009654336
0.00551129
0.0020262594
0.3230459
0.49128807
0.10104595
0.14453208
0.03638862
0.042185742
0.0008178622
0.0008334744
0.00079392106
0.0008192456
0.0008551864
0.00079392106
0.00085142837
0.00090054394
0.0008541417
0.0009191165
0.0011618963
0.030275619
0.030275619
0.09593287
0.16300903
0.00085142837
0.0008334744
0.0010954143
0.0007931086
0.04344587
0.0008192456
0.0008551864
0.059923835
0.19800054
0.017220331
0.03414224
0.041775346
0.0031043629
0.004845537
0.1587606
0.81007844
0.81007844
0.0061340006
0.0012126572
0.0045898594
0.0023757382
0.0026105049
0.020324113
0.43292797
0.11179844
0.259097
0.0019925893
0.0026157096
0.08225089
0.14453208
0.86343807
0.007113736
0.01908262
0.0063132537
0.42941138
0.27727702
0.78582174
0.0106328605
0.0106328605
0.0106328605
0.29348716
0.3215153
0.83778334
0.0007256624
0.43166307
0.0050855223
0.64607275
0.3368203
0.0036358633
0.44146237
0.5710079
0.001849474
0.2201597
0.5415675
0.04086021
0.3091731
0.20840345
0.002426657
0.44634378
0.012017758
0.0035132652
0.0015677487
0.912981
0.3876597
0.8723314
0.079852924
0.00849846
0.77931106
0.6311439
0.0045170803
0.9289397
0.8814814
0.85633796
0.05590288
0.0020576895
0.009298239
0.76857626
0.01121507
0.028975105
0.0022400923
0.52601594
0.02720834
0.6451805
0.81747574
0.031743214
0.026526392
0.0063942485
0.6833208
0.6661333
0.056561656
0.071183465
0.78490406
0.821048
0.9380873
0.097908616
0.33794722
0.05590288
0.05590288
0.05590288
0.4848596
0.12312288
0.83821714
0.3772545
0.004017444
0.14453208
0.6379037
0.0059147654
0.0013335943
0.0352471
0.8287435
0.0075335186
0.9439399
0.9439399
0.64630216
0.59977233
0.0047437367
0.41922307
0.8868663
0.077062964
0.4346265
0.9364169
0.14167133
0.03277697
0.3946456
0.0015092182
0.2082654
0.39769173
0.0034862428
0.0529274
0.31396464
0.12857515
0.95968515
0.021987597
0.26025847
0.14988162
0.006244363
0.085800715
0.031132277
0.02124922
0.11201137
0.9337694
0.83783686
0.02536704
0.14453208
0.8565745
0.87857383
0.032223534
0.037679568
0.17152321
0.13969682
0.0017694398
0.0014104819
0.033794712
0.011248781
0.557818
0.001338414
0.0034666453
0.052625034
0.0022006426
0.91157615
0.5092037
0.8951088
0.02307131
0.08390897
0.11843703
0.06678803
0.017220331
0.8857012
0.019118952
0.57258797
0.01958302
0.01958302
0.01958302
0.01958302
0.017903704
0.017903704
0.70664483
0.50970626
0.10284395
0.039047338
0.035752624
0.034048297
0.14891446
0.010185218
0.00104264
0.0010621013
0.011992806
0.47565302
0.27130955
0.14133017
0.05590288
0.5871776
0.10582577
0.7427945
0.05590288
0.013567546
0.033703208
0.0015873221
0.0011704055
0.14453208
0.0012680918
0.007853215
0.7331256
0.64471596
0.008430304
0.13947938
0.7971318
0.0015899849
0.008005225
0.7276214
0.0031586366
0.05133658
0.058943313
0.24777539
0.7740311
0.035357397
0.05590288
0.008150655
0.0017408731
0.25850517
0.0017524469
0.0061741597
0.84498817
0.054162227
0.38029385
0.05590288
0.8537987
0.6912036
0.004100732
0.034067743
0.073610604
0.02875734
0.6163288
0.7357625
0.012136979
0.8089394
0.8616953
0.42134917
0.35034648
0.0030773927
0.8095768
0.19702773
0.03414166
0.7648688
0.0016802492
0.0134165
0.026475945
0.24994078
0.5636783
0.04467368
0.26824254
0.5717278
0.0010021573
0.0036805011
0.31348678
0.0010021573
0.05616878
0.102968484
0.3743339
0.5890921
0.3650335
0.0016841954
0.0031737539
0.001846082
0.3749613
0.012737421
0.76688784
0.005340397
0.0035963904
0.0063600386
0.47927928
0.04732256
0.104880385
0.012359642
0.023864448
0.7582678
0.005430776
0.090856895
0.05590288
0.3465626
0.0243606
0.020926923
0.69371146
0.101665504
0.07591125
0.05274094
0.22880742
0.0018148782
0.35766488
0.001196549
0.0018415458
0.0020459415
0.6587099
0.04940892
0.7729937
0.77267253
0.5026796
0.43594715
0.0027088497
0.08993622
0.0015892606
0.00095748465
0.05590288
0.0008309563
0.00083546265
0.88040334
0.0033389733
0.025935879
0.010964114
0.14453208
0.031552073
0.031552073
0.07478128
0.015427369
0.0023772952
0.63650864
0.78538805
0.15189382
0.7551468
0.14453208
0.0040010824
0.002253408
0.32836848
0.032867644
0.016832372
0.013502796
0.21278532
0.0010994556
0.77480644
0.022221183
0.0011259902
0.01668911
0.17720267
0.40502602
0.15089476
0.8947127
0.5716595
0.030156894
0.36062047
0.021732816
0.17013976
0.40331143
0.012925493
0.40497687
0.64557385
0.52007455
0.6402113
0.0032974584
0.20591018
0.05590288
0.7200011
0.14897904
0.33643284
0.16059431
0.009502977
0.1782736
0.061722096
0.0039687045
0.0010829918
0.77473027
0.05590288
0.28136867
0.9269108
0.01952176
0.030491017
0.52420634
0.6810213
0.2088565
0.0074251946
0.32343292
0.0054877345
0.0074251946
0.0020874145
0.0010706956
0.022960495
0.011013387
0.040410373
0.42048502
0.80208904
0.43589398
0.09443092
0.0029941779
0.46599066
0.0026778553
0.15662055
0.02361916
0.18815783
0.7578251
0.0053216442
0.056603096
0.031159265
0.03663131
0.20293017
0.05066604
0.0032262993
0.520436
0.55524313
0.0016651542
0.14453208
0.0023931942
0.548593
0.002509898
0.56256104
0.34571293
0.053231657
0.012114248
0.3023321
0.012844077
0.67186797
0.001238903
0.6956073
0.26582354
0.009815113
0.0050093867
0.024720708
0.056603096
0.20670739
0.62635493
0.118281715
0.021297637
0.023897856
0.056603096
0.13922335
0.13922335
0.13922335
0.13922335
0.13922335
0.0014042997
0.013506099
0.13922335
0.08640886
0.0010509068
0.48921588
0.056603096
0.047853347
0.42249268
0.3245099
0.6597207
0.6597207
0.6923481
0.49409282
0.68444276
0.118713304
0.14669235
0.023639198
0.81651664
0.0011857778
0.006040737
0.14453208
0.13858917
0.32219926
0.6125569
0.6907539
0.616911
0.62748826
0.29705715
0.1105739
0.015118528
0.61832255
0.14266294
0.021826532
0.17705235
0.015771737
0.0013483242
0.024918381
0.23927648
0.07819855
0.082964905
0.8236091
0.19227147
0.7250508
0.88066834
0.5643099
0.9087703
0.5643099
0.0601353
0.7594427
0.6197247
0.64110065
0.1650051
0.64110065
0.025020365
0.63065773
0.26331955
0.015348378
0.06549614
0.00094721746
0.5643099
0.56097454
0.14453208
0.31615677
0.7599982
0.029730085
0.5165247
0.6594878
0.17185661
0.5165247
0.056603096
0.5309534
0.62920964
0.56877893
0.64857846
0.56097454
0.5643099
0.5643099
0.56097454
0.32763547
0.6246656
0.15866153
0.82467306
0.044867862
0.62140775
0.16352485
0.6297298
0.4302879
0.61469746
0.034006234
0.6786072
0.7599982
0.63297814
0.6246656
0.61469746
0.62140775
0.022344386
0.73491323
0.62140775
0.62140775
0.25510815
0.62140775
0.61451054
0.60408956
0.6197247
0.6248059
0.6139089
0.6289811
0.0011348923
0.62140775
0.62140775
0.63480246
0.62140775
0.018792862
0.6246656
0.6246656
0.63496155
0.6642338
0.5165247
0.48212254
0.62140775
0.7599982
0.6221276
0.6306438
0.6483331
0.015737347
0.6992141
0.6532366
0.62140775
0.6486674
0.65933233
0.61469746
0.6242561
0.65933233
0.62140775
0.63297814
0.62140775
0.6237674
0.6130153
