0.064310044
0.3170153
0.01092858
0.028588915
0.9038816
0.8996916
0.014968938
0.05340048
0.73317933
0.5896877
0.45217574
0.9628541
0.12735142
0.09246514
0.05033789
0.13032721
0.60707086
0.8792742
0.2911987
0.25787985
0.18593314
0.07473684
0.1359925
0.12537524
0.05111288
0.07092385
0.08715652
0.8121872
0.06299526
0.2595492
0.549235
0.1323318
0.9528983
0.027896395
0.09859705
0.09859705
0.108802326
0.17887622
0.17887622
0.050061807
0.07092385
0.2722111
0.32844472
0.035682447
0.10719791
0.03627847
0.03627847
0.03627847
0.03627847
0.56169397
0.07474171
0.6281511
0.09835411
0.11283954
0.79199916
0.063441195
0.0114077125
0.34377867
0.7707641
0.5413085
0.57980496
0.9256421
0.1339035
0.15953572
0.074783705
0.08340808
0.18851417
0.10368406
0.5061898
0.12548983
0.046086654
0.6388525
0.0065460047
0.03272371
0.48123068
0.8937935
0.79811364
0.11113305
0.80081826
0.09243624
0.1744156
0.18133067
0.07814035
0.07092385
0.021260956
0.017722081
0.60854614
0.066946216
0.22731441
0.50992113
0.98156977
0.30167064
0.4947778
0.03669899
0.008014228
0.24083175
0.31974086
0.035841707
0.89286464
0.5501572
0.37782034
0.55911505
0.5095916
0.94183946
0.03339447
0.035407696
0.028596891
0.31722748
0.8671666
0.14422788
0.01503818
0.98910904
0.16689722
0.1584176
0.6784956
0.83820534
0.020269917
0.92068803
0.08475861
0.03879047
0.016345879
0.75587004
0.11469863
0.42666987
0.043396316
0.005720013
0.10793612
0.0032440205
0.025023768
0.6601624
0.07092385
0.075059526
0.078146145
0.0114495745
0.0114495745
0.07092385
0.04583875
0.03001978
0.009821684
0.50578296
0.0081749745
0.018860053
0.039438233
0.5657967
0.6740084
0.7864132
0.039295197
0.6738846
0.8948639
0.4369024
0.42479703
0.42479703
0.39575997
0.25999033
0.98876977
0.057264656
0.016141007
0.013583641
0.70649457
0.0037632764
0.03207379
0.14525092
0.92068803
0.69300044
0.63881207
0.13988122
0.91206753
0.011648469
0.41116136
0.8949569
0.89288914
0.052132487
0.012797269
0.14974733
0.13897
0.24039361
0.039438233
0.07092385
0.035841707
0.06905353
0.12869823
0.293249
0.9564942
0.9559904
0.9643172
0.9536208
0.9517437
0.94449884
0.9494103
0.9525866
0.9510133
0.9494103
0.94758797
0.0033382575
0.0044916216
0.12106607
0.17314851
0.0038758155
0.013039788
0.033301987
0.606465
0.044838935
0.082488805
0.02108889
0.011931577
0.08195339
0.5639713
0.0080112815
0.0072543225
0.011348638
0.061553247
0.061553247
0.10805391
0.12339618
0.09971188
0.40091327
0.07092385
0.035841707
0.10368406
0.8907816
0.3161536
0.09002975
0.039438233
0.50329614
0.07976694
0.123612374
0.0735866
0.74752927
0.7042098
0.117862865
0.123387486
0.9611509
0.034647405
0.5880751
0.020326497
0.05183492
0.22731441
0.90368026
0.8965141
0.014221948
0.24276748
0.010304942
0.005144468
0.0106972465
0.8303782
0.8894164
0.07092385
0.9533309
0.7140409
0.120672524
0.11866356
0.08247301
0.0474141
0.0044785603
0.03990278
0.9750573
0.03585349
0.011047188
0.016447494
0.05414343
0.20607214
0.42323202
0.12743478
0.8963701
0.77503943
0.6443835
0.94758797
0.95462364
0.9592113
0.9525866
0.952493
0.9504473
0.94758797
0.004006103
0.003545049
0.0033141784
0.2722604
0.15544212
0.76305324
0.17061312
0.9667449
0.04255457
0.8326298
0.98503613
0.12462541
0.039438233
0.934399
0.05426763
0.023671677
0.07797988
0.12061253
0.085769154
0.81923616
0.021902543
0.1707694
0.98503613
0.18754926
0.019068165
0.85615724
0.085535794
0.9346929
0.010663311
0.0095873885
0.015563282
0.07092385
0.7395714
0.015959352
0.07092385
0.039438233
0.75726354
0.021946346
0.0205057
0.87199324
0.013500849
0.51045436
0.08877365
0.28358996
0.63881207
0.007498402
0.21595831
0.10162044
0.14212494
0.29859543
0.911861
0.07345486
0.07345486
0.037726562
0.81751347
0.03207242
0.011333365
0.0366959
0.21462516
0.00765485
0.42230678
0.035841707
0.0414798
0.11913522
0.65706366
0.82718164
0.087849684
0.52328175
0.039438233
0.04772186
0.9002872
0.011890747
0.22686878
0.10433417
0.006309704
0.021489399
0.23415421
0.07951552
0.08063688
0.43073443
0.03704855
0.08719232
0.1184335
0.10396624
0.2781751
0.3040405
0.8684664
0.07659603
0.016085524
0.039438233
0.13897
0.43329197
0.009254835
0.07092385
0.30783886
0.66126245
0.94508123
0.011093873
0.2238115
0.0150223095
0.06735604
0.011944233
0.03585349
0.17571184
0.22983316
0.8776114
0.95905834
0.19171502
0.6478587
0.030905686
0.0035386553
0.15194035
0.021740314
0.0216734
0.08043865
0.40650526
0.11317966
0.41899675
0.43631336
0.6376878
0.0666502
0.097834386
0.06445057
0.015644249
0.13897
0.032656237
0.010998106
0.06000962
0.9154427
0.08737338
0.00809651
0.4028701
0.006351823
0.8821036
0.04064481
0.85522085
0.009829881
0.4622954
0.9080284
0.95175004
0.121307544
0.039534792
0.044838935
0.07092385
0.15976678
0.09016269
0.95628506
0.9552511
0.9599216
0.9561229
0.95170945
0.9599216
0.95428693
0.9514884
0.95176834
0.94936436
0.9306781
0.35372972
0.35372972
0.25706002
0.08033876
0.95428693
0.9552511
0.9413745
0.9595311
0.10417952
0.9561229
0.95170945
0.09141822
0.054782383
0.22731441
0.38065964
0.064123094
0.95941013
0.8721127
0.047540005
0.0072081205
0.0072081205
0.8732969
0.98031104
0.7650638
0.8588565
0.85771096
0.2005182
0.024721246
0.088828154
0.15013655
0.8629616
0.9118091
0.13002948
0.07092385
0.010302972
0.78197205
0.11105316
0.8002116
0.052046746
0.0601437
0.011470706
0.12738436
0.12738436
0.12738436
0.021477366
0.14638107
0.008199854
0.98525757
0.05201015
0.5119161
0.014216474
0.07567943
0.7103782
0.034779284
0.041322645
0.91194975
0.1288173
0.018260583
0.111671306
0.0845245
0.092494234
0.9432553
0.13973242
0.4354452
0.9140605
0.95954686
0.0054182317
0.048176922
0.006579479
0.22155666
0.12935089
0.013510841
0.021846198
0.8275994
0.0059630577
0.022496535
0.0074714385
0.039438233
0.98388624
0.7350079
0.008780522
0.5378826
0.19456376
0.6224444
0.045113906
0.20488097
0.019978475
0.014632545
0.22149228
0.20548119
0.6465398
0.021628393
0.013504472
0.05859572
0.1569886
0.008217393
0.0053177956
0.002931454
0.08166607
0.10986765
0.039438233
0.039438233
0.039438233
0.050950922
0.09517491
0.004649169
0.036445428
0.84326136
0.07092385
0.019150792
0.40951607
0.90417105
0.06255193
0.010287003
0.8583216
0.002401815
0.002401815
0.012105334
0.0815864
0.7743942
0.022192048
0.00859436
0.05789281
0.035133943
0.006235478
0.070830755
0.07034471
0.062451888
0.9863685
0.096517354
0.067013994
0.9510216
0.20315494
0.0761793
0.07923726
0.0019702269
0.68042135
0.054423098
0.04515649
0.54003805
0.40180853
0.6776342
0.17108643
0.34894317
0.0064276005
0.007232689
0.8692395
0.07092385
0.009757115
0.007859929
0.07355588
0.1054573
0.07877136
0.09265741
0.9326099
0.94262666
0.047034673
0.49350092
0.0181965
0.85325843
0.5264614
0.04636957
0.6370133
0.004990544
0.032931376
0.00494673
0.122400716
0.040611688
0.25388825
0.16510047
0.22731441
0.008188502
0.5406912
0.020035228
0.037826363
0.037826363
0.037826363
0.037826363
0.040328443
0.040328443
0.0139752915
0.037986785
0.053032488
0.15953572
0.10805391
0.12624742
0.1681538
0.8212379
0.96096295
0.9715298
0.7758283
0.060524415
0.018183453
0.038477167
0.039438233
0.024004085
0.21839173
0.011474647
0.039438233
0.738171
0.45480675
0.93491656
0.9246392
0.07092385
0.9538257
0.46256256
0.013861076
0.010753108
0.6447049
0.1261476
0.012138543
0.8746862
0.719211
0.015356134
0.5520457
0.105198845
0.1770051
0.079670876
0.010820085
0.16304204
0.039438233
0.53810155
0.9128685
0.19085193
0.90413606
0.52529657
0.011086015
0.29507574
0.07464814
0.039438233
0.017500538
0.022765946
0.93448997
0.074825354
0.06824431
0.73674417
0.021254895
0.0099852765
0.37405398
0.0059671258
0.0049234405
0.051871523
0.08591954
0.64082617
0.009882867
0.051392417
0.18292704
0.014271618
0.9576453
0.2561978
0.29056868
0.04628014
0.025062807
0.07075126
0.027210152
0.017819997
0.9753695
0.84899896
0.06934982
0.9753695
0.099566236
0.2898204
0.02246062
0.015760062
0.13185693
0.9346694
0.82143056
0.9195657
0.057160456
0.3261364
0.017042112
0.7558149
0.94319886
0.7869847
0.023432337
0.51603234
0.5460208
0.64587384
0.73708266
0.0087049985
0.85017735
0.32084173
0.039438233
0.03635277
0.5513324
0.62700176
0.015493189
0.045865845
0.106407285
0.07570589
0.041595947
0.88844454
0.031801
0.9574232
0.8594556
0.8249769
0.019038482
0.091133766
0.014888054
0.01076847
0.032617573
0.03618379
0.88702625
0.034314495
0.87218326
0.9775098
0.039438233
0.9562129
0.95224077
0.004805303
0.83516103
0.5147656
0.6996709
0.07092385
0.35602358
0.35602358
0.5345603
0.5870829
0.9381381
0.016596796
0.008937162
0.0955047
0.006672738
0.07092385
0.9224997
0.9298941
0.19904236
0.4429492
0.84855574
0.69815874
0.26813343
0.940491
0.010414231
0.4880863
0.98958766
0.5393966
0.02637616
0.05250113
0.043150827
0.006928962
0.009842007
0.42999363
0.06869927
0.8079243
0.09299712
0.04589677
0.44895148
0.027263138
0.011377073
0.01779788
0.0245375
0.8616035
0.078990206
0.039438233
0.020170843
0.035352204
0.04626486
0.04636247
0.8454534
0.15674666
0.05996613
0.89361197
0.9609634
0.0067419973
0.039438233
0.14730026
0.00692145
0.23111087
0.06148952
0.023355713
0.016378876
0.08789762
0.84039325
0.09514322
0.8956179
0.84039325
0.83233064
0.9229151
0.096964784
0.70053804
0.36825222
0.03629809
0.007898602
0.04686779
0.16545041
0.89182097
0.08347924
0.8457431
0.05102618
0.34769297
0.09154515
0.017687432
0.70389146
0.03982221
0.08667368
0.21911693
0.09170864
0.11492846
0.8731391
0.031867966
0.02255342
0.83775866
0.07092385
0.9107574
0.023585575
0.64563096
0.023237139
0.08040705
0.36811703
0.5006943
0.1114237
0.533782
0.009591207
0.8741068
0.010212827
0.026214866
0.21742949
0.423367
0.34319764
0.03982221
0.12532295
0.012372144
0.28010872
0.6747767
0.5201854
0.03982221
0.04867447
0.04867447
0.04867447
0.04867447
0.04867447
0.9080293
0.7650782
0.04867447
0.12548646
0.89132947
0.14123492
0.03982221
0.34885463
0.039137032
0.05187131
0.01333596
0.01333596
0.010529583
0.033598404
0.011072237
0.05974283
0.21629891
0.63191485
0.007411543
0.92416096
0.51631874
0.07092385
0.22925448
0.03743204
0.014860249
0.011474256
0.012227341
0.020024015
0.12290238
0.36538246
0.3012022
0.01207183
0.034806438
0.5306868
0.11976254
0.38525492
0.9500414
0.1091761
0.034738082
0.27327392
0.36988834
0.006142951
0.0769231
0.013247476
0.0042708674
0.02063639
0.004403752
0.02063639
0.06541582
0.009769021
0.012069484
0.0125704035
0.12500633
0.0125704035
0.44377813
0.01265147
0.060009647
0.2889412
0.06471385
0.9917024
0.02063639
0.021984516
0.07092385
0.23510797
0.009241105
0.37299478
0.015523455
0.0100641325
0.050475735
0.015523455
0.03982221
0.016901266
0.012156953
0.021773195
0.010874985
0.021984516
0.02063639
0.02063639
0.021984516
0.031590823
0.011938438
0.05214296
0.006708129
0.05698253
0.012094795
0.3012606
0.012026084
0.043047883
0.012762618
0.106629826
0.008393684
0.009241105
0.011882731
0.011938438
0.012762618
0.012094795
0.31775907
0.010274348
0.012094795
0.012094795
0.08385135
0.012094795
0.012251907
0.012191735
0.012069484
0.012176572
0.012675083
0.011965755
0.98231214
0.012094795
0.012094795
0.01224051
0.012094795
0.040038057
0.011938438
0.011938438
0.011188017
0.009969608
0.015523455
0.017508408
0.012094795
0.009241105
0.012723207
0.01124333
0.011361066
0.07355125
0.009093573
0.011321603
0.012094795
0.011969757
0.010849822
0.012762618
0.012216359
0.010849822
0.012094795
0.011882731
0.012094795
0.013924173
0.012855762
