0.7055734
0.80547184
0.32726142
0.7729354
0.5614415
0.44345298
0.81009734
0.5287945
0.1285811
0.5063329
0.38272142
0.3395229
0.023633583
0.06297335
0.83273154
0.22826393
0.20342866
0.2811025
0.33210605
0.14162385
0.46566823
0.4825182
0.5614415
0.7805605
0.8125782
0.40540275
0.161534
0.17692071
0.20590541
0.2021848
0.836769
0.31063047
0.5657921
0.71490806
0.7625824
0.7864451
0.7910364
0.78697056
0.78697056
0.680752
0.7680724
0.67002445
0.101183794
0.17212866
0.8529734
0.63766426
0.19904876
0.14908837
0.8173701
0.23331761
0.19401681
0.63250166
0.43576932
0.67179966
0.7762478
0.5764582
0.68532103
0.5852746
0.16660823
0.22599769
0.78989923
0.7400302
0.6685222
0.58552384
0.06384794
0.67721015
0.5614415
0.5049094
0.80641514
0.15551156
0.814531
0.6131755
0.8332339
0.33267662
0.3195635
0.42799634
0.52065986
0.6549569
0.8198591
0.78551114
0.8082133
0.78836364
0.8258294
0.748482
0.19714725
0.51572806
0.4444384
0.19290443
0.29371074
0.366483
0.5614415
0.30029213
0.28108078
0.45227936
0.78697056
0.8667111
0.19159825
0.78697056
0.78697056
0.78697056
0.78697056
0.78697056
0.53391844
0.112736546
0.7525065
0.56763893
0.05249358
0.5866683
0.26341957
0.80967706
0.25966808
0.08490639
0.08490639
0.08438479
0.30843794
0.71032953
0.21390425
0.3844072
0.80802906
0.702822
0.49932933
0.31028184
0.2741548
0.5614415
0.68446374
0.9180996
0.6549625
0.16759859
0.83099675
0.69235647
0.5188317
0.3061912
0.055147573
0.35752735
0.3892229
0.15555224
0.674271
0.14669175
0.7737956
0.7762164
0.13814571
0.16920307
0.8399138
0.5614415
0.76884747
0.7802654
0.22130674
0.61326283
0.6910623
0.8030288
0.69952893
0.74207765
0.40051508
0.10202024
0.30155826
0.56763047
0.7785962
0.5614415
0.5004667
0.1891719
0.14940321
0.04516871
0.18546744
0.7794897
0.72194564
0.39845523
0.67622995
0.15989059
0.082559675
0.23947969
0.77765673
0.4053766
0.17006995
0.8524585
0.290749
0.8015761
0.6029114
0.7344882
0.47943938
0.26218352
0.42415053
0.5759438
0.82695
0.047843326
0.6537221
0.40545487
0.13088866
0.5911726
0.58447653
0.57868475
0.21823663
0.3737936
0.81229895
0.047804322
0.047804322
0.047804322
0.32864958
0.67002445
0.69761884
0.6975273
0.8102644
0.69654197
0.13368863
0.7266425
0.720908
0.36041835
0.6745451
0.23262215
0.7458659
0.6711556
0.055090323
0.04228772
0.73156947
0.56486475
0.74683696
0.76540047
0.14375995
0.20758851
0.079854585
0.5614415
0.65079194
0.07848578
0.42946425
0.2877276
0.7054456
0.74997073
0.2650384
0.6002013
0.09676277
0.28884584
0.23081984
0.23833229
0.8777926
0.786838
0.86540395
0.064901866
0.48702827
0.56232
0.7669902
0.57585436
0.45509034
0.56589246
0.6748988
0.54736876
0.5659191
0.81732064
0.66274333
0.8052728
0.5514683
0.41858393
0.08857436
0.6233847
0.73160774
0.5614415
0.46272802
0.78044164
0.3228222
0.82135653
0.7294797
0.54102945
0.13564308
0.41534668
0.83085054
0.20884858
0.8052728
0.3827612
0.7238682
0.90447813
0.7790861
0.61222893
0.40503606
0.24599841
0.2908581
0.604753
0.8052728
0.8259283
0.60400736
0.45760453
0.71490806
0.32911083
0.5969173
0.6208838
0.5614415
0.88471365
0.2902031
0.596448
0.8852789
0.47149867
0.32837903
0.4644805
0.32368687
0.08073763
0.43263176
0.53509986
0.88471365
0.120203964
0.47501037
0.5614415
0.19616339
0.108251184
0.29277796
0.25194648
0.770254
0.413514
0.28996304
0.15075381
0.7854494
0.6591861
0.6822802
0.4410638
0.8052728
0.8925722
0.47325748
0.76692104
0.5614415
0.6591861
0.07038619
0.15604618
0.12543416
0.43902797
0.72250646
0.7186342
0.25420317
0.4350734
0.122475654
0.07393834
0.7718547
0.6390275
0.5853911
0.5404551
0.8259283
0.3429728
0.54757
0.70354307
0.6390275
0.23042925
0.047282897
0.72023296
0.1987077
0.093752235
0.7122896
0.5406022
0.5614415
0.7562784
0.21062313
0.836202
0.47233954
0.18012655
0.3114899
0.63962406
0.16153677
0.868727
0.868727
0.46763024
0.71490806
0.797938
0.797938
0.46194476
0.71490806
0.5614415
0.2370614
0.7485475
0.7572638
0.19211462
0.6085636
0.030140318
0.050865065
0.6604844
0.36366984
