0.129105
0.62276155
0.93584293
0.018474225
0.255668
0.7746386
0.50967765
0.9261239
0.8726933
0.2758798
0.19263867
0.17112206
0.656595
0.0009490012
0.91541713
0.67522895
0.009107529
0.4461147
0.79870343
0.7608885
0.1080998
0.30275288
0.035558794
0.002507574
0.101995796
0.13295537
0.29658806
0.51342416
0.2152213
0.15058298
0.6759288
0.13295537
0.3793241
0.002975745
0.6788622
0.46178958
0.42445755
0.9256019
0.014375569
0.83339566
0.7994243
0.04151876
0.2255692
0.017371466
0.3558206
0.026077954
0.833395
0.37944847
0.0016782042
0.16580269
0.006545758
0.02821966
0.50257975
0.00363841
0.0017620015
0.6849369
0.8794114
0.8360981
0.2336792
0.67933595
0.24064402
0.7716024
0.08445691
0.238264
0.238264
0.8190297
0.82154214
0.8830958
0.218395
0.69062734
0.0068808524
0.0061131357
0.4377627
0.024304824
0.38703132
0.81308085
0.006036222
0.5736368
0.2483952
0.32204926
0.8735993
0.01647833
0.5039952
0.028314535
0.026530672
0.045627624
0.73997086
0.7400998
0.8857287
0.04964174
0.9558289
0.13549891
0.2740259
0.7741022
0.7441479
0.8403671
0.0010964858
0.0058980426
0.0013371796
0.71483487
0.9643557
0.027377356
0.93991846
0.2442433
0.53886443
0.04097261
0.67688996
0.67917126
0.08559499
0.5790726
0.23267005
0.65728384
0.5882367
0.7525735
0.004431028
0.6943902
0.0012678435
0.69438154
0.50870997
0.93060565
0.0123746535
0.82373595
0.90200883
0.47997835
0.8828464
0.77733165
0.482627
0.8155028
0.91146857
0.7954663
0.31095234
0.04516015
0.45428917
0.43449396
0.51895404
0.6578357
0.53985435
0.39532804
0.52931386
0.59961545
0.02226822
0.6914113
0.17293555
0.8450828
0.45383245
0.42462993
0.10857902
0.58880484
0.7118401
0.23653416
0.7836253
0.005866414
0.80860794
0.72428995
0.20677668
0.113870956
0.5963007
0.42092624
0.34214827
0.5226477
0.0055055763
0.9137764
0.9016065
0.32174942
0.7037329
0.044020746
0.01718403
0.39501798
0.000731803
0.08741015
0.837918
0.031118594
0.011123233
0.6604575
0.7601152
0.8092786
0.7734666
0.87332684
0.9084127
0.011158443
0.01100493
0.032019794
0.6000814
0.82567495
0.5527113
0.22711328
0.9599264
0.72814083
0.3328189
0.22279316
0.936311
0.4317532
0.31604174
0.7661666
0.7985755
0.84521234
0.9387177
0.23616995
0.7354133
0.30306917
0.9527294
0.64143246
0.6614145
0.0012828184
0.44447955
0.3137877
0.9230452
0.9564423
0.8756642
0.05726944
0.11132365
0.0028994246
0.7265972
0.9354789
0.55713934
0.078619495
0.11714482
0.18117796
0.00913991
0.09867818
0.9643363
0.67105323
0.9005883
0.27938983
0.001906901
0.01797853
0.36339542
0.15340292
0.000924482
0.30353054
0.008692189
0.09895481
0.96433353
0.45885584
0.5927837
0.24232557
0.44189543
0.72728604
0.65309966
0.076583974
0.7739011
0.9598435
0.86738724
0.85243565
0.009953855
0.24517088
0.44670686
0.5554982
0.49319142
0.83522475
0.74128425
0.8791915
0.9402911
0.3923731
0.018225478
0.82004046
0.9453828
0.6611064
0.8159061
0.27015418
0.90311897
0.92566
0.72869337
0.24787056
0.0007550795
0.9551135
0.7679775
0.16316788
0.5342347
0.5700972
0.24102606
0.712987
0.71212065
0.69141334
0.5181545
0.6292305
0.08349194
0.4726051
0.13543054
0.20051847
0.6935506
0.9197538
0.8808862
0.9316843
0.6135252
0.7496265
0.08382429
0.31601393
0.31601393
0.16885148
0.19184415
0.6005444
0.14943047
0.95503414
0.8279018
0.8548215
0.7917669
0.53388256
0.15747365
0.38969275
0.8235812
0.8814789
0.3708446
0.0146049885
0.09694633
0.05759224
0.6108459
0.25626653
0.25409
0.025366697
0.8814386
0.11757637
0.6998876
0.94499
0.73552525
0.6976998
0.012404946
0.019558225
0.51386917
0.97625107
0.85513175
0.83187246
0.92034864
0.12557691
0.33963847
0.25461805
0.20861964
0.013915716
0.0028207814
0.871676
0.8872284
0.0014769618
0.35261074
0.005407812
0.86448795
0.87500167
0.4888603
0.37663445
0.6411666
0.8224516
0.8767307
0.9024728
0.8228693
0.41259217
0.8765838
0.8930376
0.675339
0.8830641
0.47900453
0.18033017
0.22711328
0.7028168
0.77001005
0.024864191
0.012094897
0.92043823
0.17032126
0.007871991
0.7462514
0.22033599
0.40477037
0.9485811
0.6272558
0.6272558
0.30369893
0.8619647
0.45142245
0.5572933
0.8190669
0.95279694
0.0037289609
0.605709
0.51868755
0.20758893
0.06272862
0.49011436
0.27101168
0.50487524
0.09184139
0.859529
0.63175076
0.3058706
0.63175076
0.63175076
0.63175076
0.11295926
0.57223696
0.028384663
0.03246427
0.0096603455
0.3658476
0.9156059
0.70173407
0.6677262
0.7810834
0.56707186
0.23531282
0.42444134
0.9262368
0.15509276
0.8163388
0.8485298
0.92322654
0.022095589
0.65164584
0.0044696135
0.0009621431
0.7581415
0.7854941
0.31437203
0.6422236
0.866888
0.30488932
0.82908374
0.6036653
0.7775202
0.7481568
0.54438406
0.55586
0.072642796
0.51459014
0.5478317
0.010848759
0.944748
0.7544371
0.92096883
0.48037994
0.64532447
0.8906592
0.9098016
0.16620925
0.021223145
0.7146128
0.8025496
0.7957028
0.85473555
0.7081287
0.7599438
0.88294595
0.19980203
0.48257354
0.7101154
0.89468217
0.001313554
0.0041396786
0.69728994
0.030827938
0.8505226
0.019461414
0.51930976
0.05416361
0.68669665
0.7155831
0.08712938
0.78463674
0.8290885
0.5193203
0.83399385
0.3285763
0.0028202108
0.016740616
0.2910324
0.27112088
0.64243394
0.53688806
0.5372302
0.04902802
0.5408807
0.72144246
0.35069388
0.44233635
0.58199555
0.5405129
0.90170515
0.5782162
0.44589153
0.0010536158
0.056714583
0.57834685
0.79650277
0.39080545
0.7587842
0.7532572
0.0065125166
0.44917393
0.1402424
0.009521533
0.022619499
0.8262937
0.21341169
0.8442442
0.09715845
0.14628252
0.1349713
0.7481511
0.7389581
0.6781233
0.8571428
0.077018656
0.3234956
0.5621949
0.4506434
0.71952116
0.22481348
0.93660134
0.23542298
0.76804286
0.14898382
0.103677705
0.75017136
0.7762517
0.6879883
0.02249956
0.86238945
0.7436873
0.7274346
0.38902554
0.7134634
0.5939728
0.83042544
0.021792274
0.7445452
0.8531037
0.7425159
0.3429775
0.43963444
0.7810363
0.6842319
0.14302018
0.74971706
0.5826047
0.7710681
0.14280702
0.43796745
0.86665493
0.84666234
0.09288006
0.7591881
0.29509974
0.05840467
0.32048875
0.0064921696
0.56857926
0.0039860993
0.87920535
0.8038982
0.8759353
0.5425181
0.38191926
0.36546946
0.41872403
0.8113783
0.39306173
0.28110415
0.0017366847
0.0060511944
0.594905
0.6213235
0.0027787592
0.93476474
0.7045736
0.8734786
0.7811829
0.18595156
0.9125541
0.40551934
0.40551934
0.40551934
0.37898046
0.78089094
0.6950509
0.014134134
0.875807
0.053064603
0.309857
0.022022393
0.00620589
0.9339085
0.73989016
0.8327054
0.5420871
0.9707498
0.0054875202
0.0018443374
0.7493273
0.780962
0.7419836
0.85482657
0.35079914
0.23792404
0.73989016
0.92212987
0.9412832
0.97221047
0.8626871
0.8705492
0.0045075505
0.008983755
0.24127835
0.8736738
0.6513449
0.89151645
0.97095126
0.012180586
0.91177094
0.31748912
0.869199
0.7089608
0.9226201
0.47344476
0.73358107
0.90744257
0.15953888
0.21156129
0.9257972
0.83558905
0.5005236
0.8405183
0.17060235
0.42385307
0.6798153
0.6478693
0.084653914
0.8278319
0.7651901
0.33457956
0.9178328
0.76186615
0.8214911
0.7079078
0.6544103
0.7895167
0.46287793
0.3792329
0.7429558
0.49656138
0.69377613
0.49988583
0.567862
0.7779611
0.9335252
0.74544084
0.6988739
0.9241611
0.88829625
0.8251083
0.0017597125
0.36706254
0.71626925
0.33341655
0.631461
0.010796109
0.7930477
0.86420435
0.89333534
0.08175372
0.8307687
0.6758019
0.88478476
0.24247582
0.9044048
0.93727106
0.6052263
0.8199872
0.9319558
0.1286113
0.8365102
0.00075688097
0.85438234
0.013297299
0.973128
0.6707526
0.7920772
0.6642324
0.1555745
0.0017530371
0.24168581
0.43878853
0.5674287
0.029231299
0.5779762
0.0139103485
0.016739808
0.9628356
0.89086866
0.6810151
0.022013202
0.022013202
0.022013202
0.12869027
0.6039252
0.33249727
0.33616483
0.14263138
0.40801555
0.7419524
0.17114584
0.062061615
0.9225805
0.6822441
0.64671946
0.15940538
0.87760264
0.6437516
0.253017
0.6591777
0.77656484
0.75456107
0.9017409
0.8930588
0.49545306
0.8706719
0.023457833
0.80178887
0.32379103
0.93492925
0.17545557
0.43051064
0.69556415
0.71610385
0.57494974
0.7390998
0.5370999
0.68378633
0.5344887
0.9295843
0.33857659
0.8030006
0.32232714
0.7383441
0.0027433338
0.0070291334
0.72223884
0.003664731
0.3691103
0.28020382
0.60409033
0.2770916
0.4959098
0.8858252
0.76947355
0.5543721
0.46112472
0.49313557
0.7452549
0.7084537
0.30703285
0.28449804
0.84141314
0.39779407
0.10063322
0.54200476
0.9191292
0.6369073
0.69180137
0.03499007
0.7212373
0.124336235
0.5666018
0.79321635
0.8902436
0.8986502
0.12847582
0.4613936
0.073393494
0.81442124
0.47172615
0.8227405
0.6616795
0.4708427
0.524244
0.33218315
0.12534744
0.3983009
0.67363787
0.72730714
0.007882564
0.6298369
0.054229885
0.15625155
0.1854815
0.20359112
0.16684723
0.5183469
0.6784686
0.30555728
0.8479674
0.83184147
0.002916416
0.01931586
0.5209489
0.5342711
0.3606918
0.36588496
0.16352259
0.022843523
0.9193924
0.030790303
0.8965056
0.3651418
0.90919363
0.76183707
0.73730457
0.51986355
0.76514965
0.008729758
0.53937584
0.6768336
0.0026152965
0.86685455
0.0012905065
0.7747632
0.5910596
0.0079106
0.08005852
0.012362244
0.7514273
0.9181633
0.75125873
0.011399788
0.33749205
0.029123086
0.04409338
0.7073245
0.5360325
0.0063896608
0.45009506
0.14948484
0.536027
0.63131917
0.8132353
0.9470835
0.8140287
0.84079033
0.6418806
0.7762597
0.84729725
0.87693566
0.40051758
0.346212
0.6311402
0.5633369
0.56528944
0.80024415
0.8648011
0.85558814
0.85019433
0.24516821
0.5669363
0.33298284
0.0007800908
0.02999442
0.012239102
0.7796965
0.19469509
0.6881644
0.4610334
0.5496861
0.10737176
0.72718143
0.44851357
0.25090685
0.8164747
0.7831356
0.0010122296
0.40340224
0.835576
0.6766008
0.032082617
0.0009854255
0.915781
0.9419318
0.4292836
0.5563302
0.126222
0.2868074
0.87871456
0.29020193
0.0011003574
0.17965835
0.8911651
0.40371782
0.91693205
0.68679947
0.029018464
0.00079993537
0.1138162
0.00096257584
0.2778028
0.5926716
0.8933935
0.14633147
0.8161915
0.9263226
0.3940239
0.88777477
0.21557072
0.9548829
0.89473283
0.49474943
0.012697688
0.59565896
0.0011857549
0.70075065
0.62023234
0.29114816
0.95427233
0.47470763
0.006366062
0.022013202
0.81926847
0.35180792
0.89729315
0.7791113
0.75778085
0.8488944
0.5003367
0.75900036
0.19743496
0.8698768
0.51363665
0.013658039
0.648272
0.90577024
0.06457863
0.9416539
0.94704133
0.088650584
0.5859592
0.32116544
0.8276729
0.8974475
0.027770583
0.00073385704
0.73323876
0.5114034
0.8882974
0.73323876
0.15290417
0.0037098755
0.7547078
0.0013070465
0.3988905
0.31296876
0.7995203
0.8587607
0.6540725
0.0038328776
0.7572923
0.7818648
0.5781893
0.73380846
0.61096334
0.0080467835
0.50745016
0.32189414
0.6841111
0.67870617
0.74241084
0.9047998
0.094364256
0.8031366
0.46126005
0.590378
0.20260753
0.7225063
0.64645326
0.3439876
0.881005
0.92252535
0.3059468
0.041605644
0.012552442
0.4134187
0.47823244
0.38027248
0.263088
0.04177034
0.7848488
0.5634587
0.2779353
0.6192945
0.57815045
0.08829
0.4572306
0.47820774
0.8231348
0.53978616
0.5682814
0.21575235
0.8103826
0.018735213
0.73522985
0.90293837
0.10755492
0.5093013
0.81581134
0.6956562
0.53035945
0.8518358
