(QUERY): 'AMERICAN-MUSLIM' '04'
Negative Neutral Positive
0.860286295413971 0.13221751153469086 0.00749623030424118 
0.4093259274959564 0.5392823815345764 0.051391735672950745 
0.32978853583335876 0.6349698305130005 0.03524159640073776 
0.8819457292556763 0.10656488686800003 0.011489352211356163 
0.004256336018443108 0.13897565007209778 0.856768012046814 
0.7843854427337646 0.20720535516738892 0.008409217931330204 
0.7745261788368225 0.21062704920768738 0.014846825040876865 
0.030729439109563828 0.8397563099861145 0.1295141577720642 
0.0038595711812376976 0.12969322502613068 0.8664471507072449 
0.8328564763069153 0.16188935935497284 0.005254131741821766 
0.006398951169103384 0.2668384909629822 0.726762592792511 
0.010209978558123112 0.34312888979911804 0.6466612219810486 
0.6429669857025146 0.34636902809143066 0.010664090514183044 
0.5489766001701355 0.4038923382759094 0.0471310131251812 
0.5266825556755066 0.4271521270275116 0.04616529867053032 
0.42693740129470825 0.44550821185112 0.12755444645881653 
0.26123905181884766 0.7049235105514526 0.03383742272853851 
0.7546886205673218 0.2331894189119339 0.012121901847422123 
0.043970175087451935 0.7325848340988159 0.22344495356082916 
0.011106966063380241 0.632936418056488 0.3559565842151642 
0.9141811728477478 0.08162463456392288 0.004194124601781368 
0.20983552932739258 0.6525002121925354 0.1376643031835556 
0.05492359399795532 0.9006824493408203 0.04439389705657959 
0.01451878435909748 0.9308847188949585 0.054596565663814545 
0.3787941336631775 0.5213061571121216 0.09989969432353973 
0.003807717701420188 0.10136778652667999 0.8948244452476501 
0.08722775429487228 0.5700272917747498 0.34274500608444214 
0.3350446820259094 0.5923475027084351 0.07260777056217194 
0.312757283449173 0.6144834756851196 0.07275925576686859 
0.002704489976167679 0.04824056476354599 0.9490548968315125 
0.9339377284049988 0.06346417963504791 0.0025981436483561993 
0.7646095752716064 0.2272011935710907 0.008189219981431961 
0.0201804731041193 0.9169813990592957 0.06283818185329437 
0.02624369226396084 0.36387965083122253 0.6098766326904297 
0.013498644344508648 0.47527778148651123 0.511223554611206 
0.8152825236320496 0.17632216215133667 0.008395341224968433 
0.9165969491004944 0.07808206230401993 0.0053209224715828896 
0.006377241108566523 0.20348301529884338 0.7901397347450256 
0.49375876784324646 0.4693874418735504 0.03685380518436432 
0.854074239730835 0.140631765127182 0.005293958820402622 
0.3474651575088501 0.601942241191864 0.050592631101608276 
0.07082618027925491 0.2809215188026428 0.6482523083686829 
0.014427034184336662 0.5566854476928711 0.4288874864578247 
0.7855622172355652 0.20396721363067627 0.010470631532371044 
0.5591871738433838 0.42013370990753174 0.020679105073213577 
0.8264452815055847 0.1678203046321869 0.00573450094088912 
0.07993336766958237 0.6918404698371887 0.2282261699438095 
0.01273981761187315 0.8391710519790649 0.14808912575244904 
0.3454976975917816 0.6195348501205444 0.034967467188835144 
0.08446748554706573 0.6879590749740601 0.22757336497306824 
0.8618348836898804 0.13134296238422394 0.006822130177170038 
0.21986517310142517 0.7358443140983582 0.04429049417376518 
0.9377699494361877 0.05813043937087059 0.004099568817764521 
0.0045800949446856976 0.26991555094718933 0.7255043983459473 
0.3529289960861206 0.6136146783828735 0.033456359058618546 
0.2691881060600281 0.47403132915496826 0.25678056478500366 
0.0855904370546341 0.8933864831924438 0.021023092791438103 
0.40208545327186584 0.5794240832328796 0.01849045790731907 
0.004016708582639694 0.19908957183361053 0.7968936562538147 
0.0065399655140936375 0.7347120642662048 0.25874802470207214 
0.5210200548171997 0.45076650381088257 0.0282135047018528 
0.8583098649978638 0.13485629856586456 0.006833836901932955 
0.2962228059768677 0.6781492233276367 0.025627970695495605 
0.15163657069206238 0.5171083211898804 0.33125510811805725 
0.04081388935446739 0.8737067580223083 0.08547940850257874 
0.40741971135139465 0.555713415145874 0.036866866052150726 
0.48779916763305664 0.44083327054977417 0.07136755436658859 
0.3918849527835846 0.5820308923721313 0.026084179058670998 
0.5309479832649231 0.44777846336364746 0.021273544058203697 
0.21618644893169403 0.6959254145622253 0.08788803219795227 
0.6831649541854858 0.30999064445495605 0.006844401825219393 
0.5471632480621338 0.42798709869384766 0.02484966814517975 
0.961431622505188 0.036577433347702026 0.0019909748807549477 
0.004116490483283997 0.1988704353570938 0.7970130443572998 
0.937972903251648 0.05865252763032913 0.003374558174982667 
0.863089919090271 0.13005496561527252 0.0068551842123270035 
0.8968235850334167 0.09992905706167221 0.0032473376486450434 
0.5189588665962219 0.4647543430328369 0.016286727041006088 
0.8148573040962219 0.17110048234462738 0.014042225666344166 
0.5547894239425659 0.4197774827480316 0.02543308027088642 
0.0046449643559753895 0.14323583245277405 0.8521192073822021 
0.9087871313095093 0.08559290319681168 0.005619951989501715 
0.5218528509140015 0.42259228229522705 0.055554889142513275 
0.8362424373626709 0.15560920536518097 0.008148424327373505 
0.9344284534454346 0.06103551387786865 0.004536026623100042 
0.04286780208349228 0.699367344379425 0.2577648460865021 
0.7845371961593628 0.20132167637348175 0.0141410818323493 
0.8551183342933655 0.1330580860376358 0.011823601089417934 
0.6629800200462341 0.3110387325286865 0.02598130702972412 
0.5556795001029968 0.4032081961631775 0.041112303733825684 
0.8169297575950623 0.17391565442085266 0.00915463361889124 
0.5334628224372864 0.4181261360645294 0.0484110526740551 
0.5489766001701355 0.4038923382759094 0.0471310131251812 
0.5528779625892639 0.39835041761398315 0.0487716868519783 
0.014187338761985302 0.8796971440315247 0.1061154454946518 
0.8551837205886841 0.13942062854766846 0.005395715590566397 
0.7554311156272888 0.22978521883487701 0.014783655293285847 
0.8899886012077332 0.10383906215429306 0.006172318011522293 
0.7856278419494629 0.20225998759269714 0.012112178839743137 
0.7608153820037842 0.2278762310743332 0.011308337561786175 
0.8562976121902466 0.13312599062919617 0.010576385073363781 
0.4168280363082886 0.5044050216674805 0.07876690477132797 
0.2228282392024994 0.6804128885269165 0.09675883501768112 
0.7792915105819702 0.20789392292499542 0.012814521789550781 
0.8578182458877563 0.13656604290008545 0.005615685135126114 
0.41978219151496887 0.5545846223831177 0.025633128359913826 
0.5047765970230103 0.478336364030838 0.01688699796795845 
0.5992487668991089 0.3887017071247101 0.012049526907503605 
0.004509820602834225 0.14640450477600098 0.8490856885910034 
0.5644079446792603 0.417460560798645 0.01813146471977234 
0.9489603042602539 0.04841994121670723 0.0026197321712970734 
0.9479491710662842 0.04884331300854683 0.0032074619084596634 
0.08154957741498947 0.8953416347503662 0.023108774796128273 
0.5743469595909119 0.3675619661808014 0.058091048151254654 
0.371370792388916 0.5088804960250854 0.11974877864122391 
0.3524128794670105 0.6097774505615234 0.03780969977378845 
0.5859485268592834 0.37900522351264954 0.03504622355103493 
0.8484159111976624 0.14745160937309265 0.004132483620196581 
0.004717075731605291 0.15067604184150696 0.8446068167686462 
0.8073555827140808 0.1808909773826599 0.011753452010452747 
0.21877096593379974 0.7392392754554749 0.041989754885435104 
0.3153495192527771 0.6537731289863586 0.030877310782670975 
0.20306922495365143 0.4186040759086609 0.3783267140388489 
0.9320090413093567 0.06468633562326431 0.0033045881427824497 
0.8195866346359253 0.16957876086235046 0.010834578424692154 
0.554777204990387 0.42176511883735657 0.023457681760191917 
0.8804802894592285 0.11427536606788635 0.005244316998869181 
0.4890449643135071 0.48248091340065 0.02847408503293991 
0.4642229974269867 0.5135098099708557 0.022267168387770653 
0.8641772866249084 0.1306251734495163 0.005197539459913969 
0.8288699388504028 0.16140884160995483 0.00972122885286808 
0.5228110551834106 0.46106886863708496 0.01612016186118126 
0.009266497567296028 0.2721867859363556 0.7185467481613159 
0.00384991941973567 0.14145776629447937 0.8546923398971558 
0.5959173440933228 0.3673780560493469 0.03670468553900719 
0.9022992253303528 0.09214644879102707 0.005554335657507181 
0.7385619282722473 0.23439040780067444 0.027047617360949516 
0.028541352599859238 0.2936687469482422 0.6777898669242859 
0.7182533144950867 0.26986485719680786 0.011881835758686066 
0.47445014119148254 0.4967399835586548 0.028809843584895134 
0.002604970009997487 0.04211533069610596 0.9552797079086304 
0.2723667323589325 0.6090906262397766 0.11854257434606552 
0.7827284932136536 0.19283005595207214 0.02444138377904892 
0.3868980407714844 0.5485035181045532 0.06459847092628479 
0.5622994899749756 0.3906298875808716 0.04707060381770134 
0.9292013645172119 0.06746633350849152 0.0033323022071272135 
0.8587789535522461 0.1321197897195816 0.009101247414946556 
0.32850149273872375 0.5950539708137512 0.07644456624984741 
0.705560564994812 0.2824130952358246 0.012026295997202396 
0.07775964587926865 0.7604027986526489 0.16183754801750183 
0.5145120620727539 0.46753063797950745 0.017957279458642006 
0.9214014410972595 0.07477381080389023 0.003824864747002721 
0.054265450686216354 0.8459675312042236 0.09976702183485031 
0.9214014410972595 0.07477381080389023 0.003824864747002721 
0.348637193441391 0.5910711288452148 0.060291651636362076 
0.36255496740341187 0.6164016127586365 0.021043408662080765 
0.7314837574958801 0.25275206565856934 0.015764256939291954 
0.003522698301821947 0.5313637852668762 0.4651135504245758 
0.35567158460617065 0.6001810431480408 0.04414735361933708 
0.8508620262145996 0.13745030760765076 0.01168767735362053 
0.10878080129623413 0.7162267565727234 0.17499251663684845 
0.0007439295295625925 0.012974720448255539 0.9862813353538513 
0.8624212741851807 0.13167300820350647 0.005905774421989918 
0.7479578852653503 0.23425263166427612 0.017789417877793312 
0.016656333580613136 0.9325846433639526 0.050759006291627884 
0.27300965785980225 0.7111781239509583 0.015812121331691742 
0.7157919406890869 0.2737955152988434 0.010412560775876045 
0.6412121653556824 0.3375356197357178 0.021252211183309555 
0.36615073680877686 0.5152824521064758 0.1185668483376503 
0.7453835010528564 0.24827896058559418 0.006337509024888277 
0.6075360774993896 0.37684598565101624 0.01561796385794878 
0.3622709810733795 0.5693869590759277 0.06834210455417633 
0.6599972248077393 0.303633451461792 0.03636930510401726 
0.7192160487174988 0.26151853799819946 0.019265389069914818 
0.3405825197696686 0.6152277588844299 0.044189710170030594 
0.43960532546043396 0.519112765789032 0.04128191992640495 
0.44172555208206177 0.5163193345069885 0.04195507988333702 
0.5491116642951965 0.3931533098220825 0.05773504450917244 
0.17266982793807983 0.5300066471099854 0.2973234951496124 
0.97380131483078 0.024168003350496292 0.0020306436344981194 
0.812351405620575 0.17443090677261353 0.013217635452747345 
0.4049284756183624 0.56649249792099 0.02857896126806736 
0.8638693690299988 0.12075108289718628 0.015379573218524456 
0.7140799760818481 0.2612650990486145 0.02465495467185974 
0.2457353174686432 0.6516374945640564 0.10262715071439743 
0.04089972749352455 0.3700788617134094 0.5890214443206787 
0.020996317267417908 0.6712541580200195 0.30774956941604614 
0.6658815145492554 0.3183565139770508 0.015761934220790863 
0.04307684302330017 0.697364091873169 0.25955909490585327 
0.8666233420372009 0.12749865651130676 0.00587797025218606 
0.03843682259321213 0.3360443711280823 0.625518798828125 
0.5573123693466187 0.3943879306316376 0.04829978570342064 
0.009748656302690506 0.7619999647140503 0.2282513529062271 
0.0023304903879761696 0.02355048805475235 0.9741189479827881 
0.911220371723175 0.0857534259557724 0.0030262041836977005 
0.001629831618629396 0.4132213592529297 0.585148811340332 
0.17948010563850403 0.7066383957862854 0.11388146877288818 
0.9652495384216309 0.03319072350859642 0.0015596887096762657 
0.4472406208515167 0.5334059000015259 0.01935344561934471 
0.07593242079019547 0.8547140955924988 0.06935344636440277 
0.6609304547309875 0.3284072279930115 0.010662263259291649 
0.9266656041145325 0.06892379373311996 0.004410584457218647 
0.006868252530694008 0.6162265539169312 0.3769051432609558 
0.7942479252815247 0.1828339546918869 0.022918222472071648 
0.7942479252815247 0.1828339546918869 0.022918222472071648 
0.7134037613868713 0.27714380621910095 0.00945239793509245 
0.02910590171813965 0.3038007915019989 0.6670932769775391 
0.788510262966156 0.2020556926727295 0.00943410862237215 
0.39072972536087036 0.5952281355857849 0.01404209341853857 
0.5290164351463318 0.4425177276134491 0.028465891256928444 
0.8044267296791077 0.1898280680179596 0.005745172034949064 
0.925183892250061 0.07121168076992035 0.003604375757277012 
0.8234196305274963 0.16873818635940552 0.007842272520065308 
0.9118463397026062 0.08451268821954727 0.003640915732830763 
0.0010053481673821807 0.012345249764621258 0.9866494536399841 
0.00928118173032999 0.2751089930534363 0.7156097888946533 
0.6499046683311462 0.3215172290802002 0.028578056022524834 
0.8263197541236877 0.16760917007923126 0.006071052514016628 
0.9423131942749023 0.05377200245857239 0.0039147851057350636 
0.17442086338996887 0.5139046907424927 0.31167447566986084 
0.9465250968933105 0.0496920570731163 0.0037829438224434853 
0.7637345790863037 0.2273889034986496 0.008876563981175423 
0.6515395641326904 0.34047067165374756 0.007989770732820034 
0.7209632992744446 0.25264960527420044 0.026387086138129234 
0.6387609839439392 0.33088600635528564 0.030352924019098282 
0.9019080400466919 0.09206017851829529 0.006031793076545 
0.7285196781158447 0.2506808638572693 0.020799556747078896 
0.7454692721366882 0.2391228973865509 0.015407831408083439 
0.92035311460495 0.07386890798807144 0.005778038874268532 
0.09631174057722092 0.7850093841552734 0.11867889016866684 
0.6496587991714478 0.2839808762073517 0.06636037677526474 
0.015597276389598846 0.20402824878692627 0.7803744673728943 
0.9113409519195557 0.08410665392875671 0.004552515223622322 
0.8853644728660583 0.10614757239818573 0.008487907238304615 
0.025206157937645912 0.6880926489830017 0.28670111298561096 
0.3614022135734558 0.2864779829978943 0.3521198332309723 
0.9158983826637268 0.08026701211929321 0.003834662726148963 
0.5260137319564819 0.40205103158950806 0.07193517684936523 
0.05561186000704765 0.6867561340332031 0.2576320469379425 
0.09597735852003098 0.8841133713722229 0.019909372553229332 
0.005370860453695059 0.61567622423172 0.37895292043685913 
0.2432188242673874 0.7089909315109253 0.04779024422168732 
0.8138430714607239 0.17990930378437042 0.006247573532164097 
0.9050915241241455 0.09002231806516647 0.004886130336672068 
0.41583284735679626 0.5735566020011902 0.010610593482851982 
0.37688618898391724 0.6088652610778809 0.014248565770685673 
0.767362117767334 0.2158782035112381 0.01675967499613762 
0.9472231268882751 0.05011971294879913 0.0026572037022560835 
0.7510932683944702 0.22598238289356232 0.022924326360225677 
0.15831823647022247 0.7952563166618347 0.046425480395555496 
0.8234881162643433 0.17061401903629303 0.005897862836718559 
0.12188871949911118 0.7159452438354492 0.1621660739183426 
0.934734582901001 0.06274262815713882 0.00252288905903697 
0.8992955088615417 0.09554129838943481 0.005163142923265696 
0.975477397441864 0.022385355085134506 0.0021371841430664062 
0.5360167026519775 0.4320334494113922 0.03194985166192055 
0.6790759563446045 0.3096674680709839 0.011256549507379532 
0.1500258892774582 0.7899304628372192 0.060043592005968094 
0.09334050863981247 0.7222263216972351 0.18443313241004944 
0.6148556470870972 0.36929988861083984 0.015844499692320824 
0.1267901510000229 0.8426249623298645 0.030584806576371193 
0.9784364104270935 0.019662363454699516 0.0019012205302715302 
0.21667362749576569 0.7236471176147461 0.05967922881245613 
0.9176934957504272 0.07888321578502655 0.0034232509788125753 
0.021380452439188957 0.8320993185043335 0.14652025699615479 
0.003938847687095404 0.1638902872800827 0.8321707844734192 
0.8598311543464661 0.13423173129558563 0.005937051028013229 
0.9393304586410522 0.0575241856276989 0.0031453545670956373 
0.4716624617576599 0.5130360126495361 0.015301503241062164 
0.5651870369911194 0.4214094281196594 0.013403539545834064 
0.8656173944473267 0.13088880479335785 0.003493799827992916 
0.11122945696115494 0.6501030325889587 0.2386675328016281 
0.7994838953018188 0.19331054389476776 0.0072056446224451065 
0.15967030823230743 0.7683347463607788 0.07199490815401077 
0.6663263440132141 0.25065553188323975 0.08301813155412674 
0.9181612133979797 0.0768875703215599 0.004951213952153921 
0.0013099765637889504 0.01162161584943533 0.9870684146881104 
0.884235680103302 0.11016719043254852 0.005597125738859177 
0.003082183189690113 0.07027784734964371 0.9266399145126343 
0.8963528871536255 0.09903625398874283 0.00461086630821228 
0.8421745300292969 0.14739280939102173 0.010432693175971508 
0.3953075110912323 0.5839004516601562 0.02079205960035324 
0.3560413420200348 0.6078620553016663 0.03609653562307358 
0.758421778678894 0.23271618783473969 0.008862080052495003 
0.49187543988227844 0.48649460077285767 0.02162991650402546 
0.4390908181667328 0.5347466468811035 0.026162510737776756 
0.7695332169532776 0.2195761650800705 0.010890569537878036 
0.0035734018310904503 0.097911536693573 0.8985151052474976 
0.9004091620445251 0.09223222732543945 0.007358567789196968 
0.002393249189481139 0.08503656834363937 0.9125701785087585 
0.8599887490272522 0.1324108988046646 0.007600314449518919 
0.5490807890892029 0.38946986198425293 0.06144936755299568 
0.11703480035066605 0.5935880541801453 0.2893771827220917 
0.6058229804039001 0.37515679001808167 0.019020192325115204 
0.07489953935146332 0.7296635508537292 0.19543680548667908 
0.0017757792957127094 0.03595264256000519 0.9622715711593628 
0.8328434228897095 0.15973861515522003 0.007417864631861448 
0.24419446289539337 0.6545479893684387 0.10125753283500671 
0.022968750447034836 0.255709707736969 0.7213215827941895 
0.05167444422841072 0.3274049460887909 0.6209205985069275 
0.23935845494270325 0.5105422735214233 0.250099241733551 
0.8704336881637573 0.12389814853668213 0.005668250843882561 
0.3633098304271698 0.4359172582626343 0.20077289640903473 
0.4921571612358093 0.4658326506614685 0.04201022535562515 
0.1331232637166977 0.8148598074913025 0.052016887813806534 
0.4797245264053345 0.4819338321685791 0.03834166005253792 
0.24667927622795105 0.7166549563407898 0.036665789783000946 
0.8692005276679993 0.12480998039245605 0.005989600904285908 
0.06959860026836395 0.8533324599266052 0.07706894725561142 
0.10834971070289612 0.8109928369522095 0.0806574672460556 
0.8704314231872559 0.12493802607059479 0.004630503710359335 
0.08719297498464584 0.8668819069862366 0.04592512175440788 
0.08678407967090607 0.8719280362129211 0.041287798434495926 
0.8736125826835632 0.12195675075054169 0.00443066144362092 
0.4266568720340729 0.5532557368278503 0.02008739672601223 
0.5000084638595581 0.47078874707221985 0.0292027797549963 
0.7395325303077698 0.23977074027061462 0.02069668471813202 
0.0024534326512366533 0.6179940700531006 0.3795524537563324 
0.5565884709358215 0.41921812295913696 0.024193452671170235 
0.011787035502493382 0.6425037980079651 0.3457092046737671 
0.23254229128360748 0.7286009788513184 0.03885675221681595 
0.7469068765640259 0.23793339729309082 0.015159702859818935 
0.7190559506416321 0.27410903573036194 0.006835008971393108 
0.9362771511077881 0.0608273409307003 0.0028954765293747187 
0.5253726243972778 0.4551354646682739 0.01949193701148033 
0.8472517132759094 0.14665092527866364 0.006097405217587948 
0.9247368574142456 0.06927438080310822 0.005988695193082094 
0.8613799214363098 0.13250651955604553 0.006113569717854261 
0.5710659027099609 0.4036106765270233 0.025323372334241867 
0.8163130879402161 0.17784632742404938 0.005840539466589689 
0.9333334565162659 0.06373002380132675 0.0029364884831011295 
0.16816425323486328 0.8042853474617004 0.02755037508904934 
0.37276169657707214 0.5943046808242798 0.03293362259864807 
0.08093000948429108 0.9006236791610718 0.018446272239089012 
0.44971129298210144 0.5198680758476257 0.030420618131756783 
0.4140385687351227 0.5714360475540161 0.01452542282640934 
0.00326824770309031 0.08880283683538437 0.9079289436340332 
0.6821160316467285 0.3012097477912903 0.016674168407917023 
0.731029748916626 0.2591507136821747 0.009819538332521915 
0.1414111852645874 0.8285703063011169 0.030018486082553864 
0.3153860867023468 0.6504093408584595 0.034204594790935516 
0.1508977711200714 0.8134880065917969 0.03561415150761604 
0.7535374760627747 0.2358308583498001 0.010631689801812172 
0.10078205168247223 0.8499379754066467 0.049279991537332535 
0.6142258048057556 0.37506696581840515 0.010707232169806957 
0.0037094466388225555 0.11884582042694092 0.8774447441101074 
0.6363339424133301 0.34577399492263794 0.017892103642225266 
0.9496557116508484 0.04747710004448891 0.002867195988073945 
0.9555962681770325 0.04228133335709572 0.0021224101074039936 
0.01425940915942192 0.3273572027683258 0.6583834290504456 
0.5223495960235596 0.44594407081604004 0.03170632943511009 
0.2893117368221283 0.6559391021728516 0.054749127477407455 
0.7274333238601685 0.25359559059143066 0.018971145153045654 
0.7889107465744019 0.20198629796504974 0.00910297129303217 
0.7111119627952576 0.27692708373069763 0.011960961855947971 
0.00324913184158504 0.4298929274082184 0.5668579339981079 
0.2185361534357071 0.6677924990653992 0.11367134749889374 
0.7236298322677612 0.2619788348674774 0.014391282573342323 
0.00450609577819705 0.17512643337249756 0.8203675150871277 
0.20185332000255585 0.6358376145362854 0.16230903565883636 
0.6058999300003052 0.37620776891708374 0.01789233461022377 
0.09041645377874374 0.7785186767578125 0.13106493651866913 
0.8382622003555298 0.15477105975151062 0.006966757122427225 
0.9340679049491882 0.0637509897351265 0.0021811649203300476 
0.6844706535339355 0.30558934807777405 0.009940002113580704 
0.6995665431022644 0.29155901074409485 0.0088744992390275 
0.28438568115234375 0.5812307000160217 0.13438363373279572 
0.20327414572238922 0.7743379473686218 0.022387893870472908 
0.14294365048408508 0.7735937833786011 0.08346258848905563 
0.12021045386791229 0.8598357439041138 0.019953900948166847 
0.80356764793396 0.1912802904844284 0.005152085330337286 
0.3144191801548004 0.6356626152992249 0.04991821572184563 
0.8345192074775696 0.1590949147939682 0.006385916378349066 
0.3428914248943329 0.6276215314865112 0.029487047344446182 
0.5781616568565369 0.4040396511554718 0.017798639833927155 
0.9338030815124512 0.06430836021900177 0.001888551632873714 
0.6823030114173889 0.30818670988082886 0.009510204195976257 
0.03829367086291313 0.742277204990387 0.219429150223732 
0.7514854669570923 0.23591510951519012 0.012599471025168896 
0.8358374834060669 0.15644100308418274 0.007721472065895796 
0.01273195631802082 0.22930742800235748 0.7579606175422668 
0.5853202939033508 0.3997195363044739 0.014960206113755703 
0.7109022736549377 0.2810831665992737 0.008014569990336895 
0.8774674534797668 0.11631474643945694 0.006217813119292259 
0.6351221799850464 0.3545413315296173 0.010336516425013542 
0.13091890513896942 0.8529672622680664 0.016113795340061188 
0.03702975809574127 0.9311385154724121 0.031831830739974976 
0.07353659719228745 0.5984451770782471 0.3280182480812073 
0.13000623881816864 0.7850956916809082 0.08489799499511719 
0.5902774930000305 0.3928872048854828 0.01683535799384117 
0.030552979558706284 0.52741539478302 0.4420316219329834 
0.7258819341659546 0.26000431180000305 0.014113737270236015 
0.03832085430622101 0.1983843445777893 0.7632947564125061 
0.7681724429130554 0.22206944227218628 0.009758101776242256 
0.8400229811668396 0.14329271018505096 0.016684304922819138 
0.9574322700500488 0.040494244545698166 0.0020734351128339767 
0.20889988541603088 0.7735998630523682 0.0175002608448267 
0.0752301961183548 0.763221800327301 0.16154801845550537 
0.09264617413282394 0.8516614437103271 0.055692341178655624 
0.8100055456161499 0.1831524819135666 0.0068419273011386395 
0.705386757850647 0.27997586131095886 0.0146373575553298 
0.9373828172683716 0.0592801608145237 0.0033370000310242176 
0.875208854675293 0.11648651957511902 0.008304565213620663 
0.7916648387908936 0.20019984245300293 0.008135337382555008 
0.9425936937332153 0.05451025813817978 0.002896060235798359 
0.18254800140857697 0.43396392464637756 0.3834879994392395 
0.8281551003456116 0.16442428529262543 0.007420720998197794 
0.0026292025577276945 0.10914105176925659 0.8882297873497009 
0.7296643257141113 0.2565005421638489 0.013835117220878601 
0.8443939685821533 0.14911209046840668 0.006493961438536644 
0.4876103103160858 0.48359087109565735 0.02879883162677288 
0.8864654302597046 0.10872365534305573 0.004810985643416643 
0.4332384467124939 0.44489848613739014 0.12186302244663239 
0.9288818836212158 0.06731411814689636 0.0038039053324609995 
0.7200630307197571 0.25990408658981323 0.02003295160830021 
0.8555900454521179 0.13744570314884186 0.006964261177927256 
0.40259960293769836 0.5619635581970215 0.035436805337667465 
0.82224440574646 0.171455517411232 0.006300080567598343 
0.09695319831371307 0.859908938407898 0.04313778132200241 
0.005557996686547995 0.16340282559394836 0.8310391306877136 
0.47643566131591797 0.48794981837272644 0.0356145054101944 
0.7717976570129395 0.19969406723976135 0.02850823663175106 
0.11499884724617004 0.6772717237472534 0.20772942900657654 
0.8189061284065247 0.17100396752357483 0.010089969262480736 
0.934734582901001 0.06274262815713882 0.00252288905903697 
0.8451002836227417 0.1497552990913391 0.005144518334418535 
0.9420670866966248 0.0558469220995903 0.002086007734760642 
0.8831124305725098 0.11066125333309174 0.006226296070963144 
0.9098048210144043 0.08711270242929459 0.0030824518762528896 
0.05325734242796898 0.7453083395957947 0.20143429934978485 
0.29060599207878113 0.6870593428611755 0.022334584966301918 
0.44304248690605164 0.5303676724433899 0.026589808985590935 
0.7446990609169006 0.24344632029533386 0.011854642070829868 
0.8291849493980408 0.16496708989143372 0.005847931373864412 
0.3858107328414917 0.5145725011825562 0.09961681067943573 
0.03208497539162636 0.7416807413101196 0.22623425722122192 
0.0034269976895302534 0.053480491042137146 0.9430925250053406 
0.016422824934124947 0.25482428073883057 0.728752851486206 
0.9075638651847839 0.09009028971195221 0.0023458802606910467 
0.7934044599533081 0.19718530774116516 0.009410272352397442 
0.8982075452804565 0.09780081361532211 0.0039916690438985825 
0.9283111095428467 0.0674203634262085 0.004268539138138294 
0.8773991465568542 0.11681623011827469 0.0057845390401780605 
0.00836942344903946 0.7009952068328857 0.2906353771686554 
0.3036835789680481 0.6606162190437317 0.035700127482414246 
0.7955032587051392 0.19489435851573944 0.009602456353604794 
0.0033028069883584976 0.09080877155065536 0.9058883786201477 
0.8416854739189148 0.1529245674610138 0.005389920901507139 
0.8600972890853882 0.13568073511123657 0.004221957176923752 
0.7580170035362244 0.23718944191932678 0.0047935862094163895 
0.7845176458358765 0.20676445960998535 0.008717893622815609 
0.8907116055488586 0.10255103558301926 0.006737435702234507 
0.840347945690155 0.1541500985622406 0.0055019487626850605 
0.12487955391407013 0.834773600101471 0.04034680873155594 
0.8788554668426514 0.11429086327552795 0.006853586062788963 
0.8135024905204773 0.17858901619911194 0.007908487692475319 
0.005964821670204401 0.18957136571407318 0.8044638633728027 
0.8008679747581482 0.19111107289791107 0.008020970039069653 
0.7705716490745544 0.2219245582818985 0.007503844331949949 
0.016953499987721443 0.5028360486030579 0.48021048307418823 
0.9283646941184998 0.06813566386699677 0.00349962105974555 
0.002203629119321704 0.12497938424348831 0.8728169798851013 
0.0020809450652450323 0.06851208955049515 0.929407000541687 
0.85073322057724 0.14218130707740784 0.007085468620061874 
0.8472107648849487 0.14785999059677124 0.004929307848215103 
0.4757010340690613 0.4976297914981842 0.026669155806303024 
0.9221481084823608 0.07467292994260788 0.0031788949854671955 
0.6315446496009827 0.3595592677593231 0.008896125480532646 
0.7297849655151367 0.2522168457508087 0.017998220399022102 
0.0015332202892750502 0.039981842041015625 0.9584848880767822 
0.4677037000656128 0.45660483837127686 0.07569143176078796 
0.9065597653388977 0.09016962349414825 0.0032706379424780607 
0.8313812613487244 0.15946824848651886 0.009150498546659946 
0.7898473739624023 0.20435477793216705 0.005797822959721088 
0.7368003129959106 0.24929188191890717 0.013907798565924168 
0.6993650197982788 0.27966099977493286 0.020973939448595047 
0.8471836447715759 0.14725516736507416 0.005561189725995064 
0.0014226209605112672 0.04082094877958298 0.9577564001083374 
0.6221230030059814 0.3695015609264374 0.008375539444386959 
0.9048575758934021 0.09180441498756409 0.0033379734959453344 
0.7790759205818176 0.2138834446668625 0.0070406598970294 
0.8622854948043823 0.13265129923820496 0.00506320595741272 
0.021161077544093132 0.18057341873645782 0.7982655167579651 
0.40430429577827454 0.5654008984565735 0.030294757336378098 
0.03643212839961052 0.9383959174156189 0.02517194114625454 
0.8916120529174805 0.10304239392280579 0.0053455280140042305 
0.29781100153923035 0.6787824630737305 0.023406561464071274 
0.37158823013305664 0.5812689065933228 0.04714280739426613 
0.9488486647605896 0.047749318182468414 0.0034019488375633955 
0.7364035844802856 0.25335055589675903 0.010245906189084053 
0.6923913955688477 0.29192423820495605 0.01568428985774517 
0.1447109878063202 0.6692990660667419 0.18598994612693787 
0.4494611620903015 0.5179985761642456 0.03254029527306557 
0.5344899296760559 0.43056973814964294 0.034940317273139954 
0.02766968309879303 0.860632061958313 0.11169830709695816 
0.26244208216667175 0.7129319310188293 0.024625984951853752 
0.7329339385032654 0.24269966781139374 0.024366408586502075 
0.03252195939421654 0.5720323920249939 0.39544564485549927 
0.32841944694519043 0.6464486122131348 0.02513200417160988 
0.21544237434864044 0.670609176158905 0.11394847184419632 
0.5777462720870972 0.39024490118026733 0.03200883790850639 
0.0040727173909544945 0.11156782507896423 0.8843594789505005 
0.9054142832756042 0.09022613614797592 0.0043595642782747746 
0.9202606081962585 0.07691505551338196 0.0028243681881576777 
0.8866197466850281 0.107584148645401 0.005796127021312714 
0.6874027848243713 0.28715699911117554 0.025440193712711334 
0.37884756922721863 0.5395178198814392 0.08163461089134216 
0.8397171497344971 0.15400473773479462 0.006278098560869694 
0.854732871055603 0.1415877640247345 0.0036794357001781464 
0.7178454399108887 0.2628263235092163 0.019328195601701736 
0.6674771308898926 0.3226148784160614 0.009907965548336506 
0.44129350781440735 0.5342075228691101 0.02449902705848217 
0.5173637270927429 0.46197453141212463 0.020661797374486923 
0.3206534683704376 0.6094707250595093 0.06987582892179489 
0.8909693956375122 0.10554061084985733 0.0034899781458079815 
0.01225484162569046 0.19745993614196777 0.7902852892875671 
0.6294805407524109 0.3578588366508484 0.012660635635256767 
0.6775330901145935 0.3087824583053589 0.013684375211596489 
0.7040676474571228 0.28195202350616455 0.013980311341583729 
0.6439520120620728 0.3260314464569092 0.030016543343663216 
0.7069703936576843 0.28706687688827515 0.0059626963920891285 
0.1040220707654953 0.39005759358406067 0.5059203505516052 
0.011454937048256397 0.3867833912372589 0.6017616391181946 
0.9204913377761841 0.07403910905122757 0.0054695382714271545 
0.7831261157989502 0.20476382970809937 0.012110003270208836 
0.07019315659999847 0.5379217863082886 0.39188501238822937 
0.8682595491409302 0.12553733587265015 0.006203100085258484 
0.6896573305130005 0.2953510880470276 0.01499162521213293 
0.16407807171344757 0.8200558423995972 0.015866095200181007 
0.8252419829368591 0.16255973279476166 0.012198332697153091 
0.4535907208919525 0.5203689336776733 0.026040339842438698 
0.41490423679351807 0.5403908491134644 0.0447048656642437 
0.7340766191482544 0.25698283314704895 0.00894053466618061 
0.4910084307193756 0.489414244890213 0.019577372819185257 
0.49382683634757996 0.4867876470088959 0.01938551664352417 
0.7506015300750732 0.2366829514503479 0.012715515680611134 
0.7603870630264282 0.22231267392635345 0.017300287261605263 
0.9235090017318726 0.07268055528402328 0.003810475580394268 
0.9313256740570068 0.06451953947544098 0.004154752008616924 
0.006143862847238779 0.17440442740917206 0.8194516897201538 
0.8838421106338501 0.10973602533340454 0.00642195250838995 
0.54607754945755 0.43964534997940063 0.014277132228016853 
0.02650263160467148 0.7373073101043701 0.2361900508403778 
0.487703800201416 0.48485442996025085 0.027441777288913727 
0.6686616539955139 0.3051498532295227 0.026188431307673454 
0.003811391768977046 0.13946647942066193 0.8567221760749817 
0.6221230030059814 0.3695015609264374 0.008375539444386959 
0.8496211767196655 0.1400010585784912 0.010377693921327591 
0.016869662329554558 0.8293460607528687 0.15378430485725403 
0.5413175225257874 0.4044760763645172 0.05420637130737305 
0.0021929272916167974 0.10464730113744736 0.8931597471237183 
0.5567654967308044 0.42025983333587646 0.022974664345383644 
0.8521599769592285 0.14380775392055511 0.0040323189459741116 
0.9153760075569153 0.07948414981365204 0.0051398249343037605 
0.0038973677437752485 0.03314461186528206 0.9629580974578857 
0.8164688348770142 0.17519313097000122 0.00833799783140421 
0.6320064067840576 0.34886133670806885 0.019132234156131744 
0.8501322865486145 0.14554066956043243 0.004327098838984966 
0.00840477179735899 0.20028960704803467 0.7913056015968323 
0.9343264698982239 0.06233678758144379 0.0033367550931870937 
0.882404625415802 0.1115771234035492 0.006018153391778469 
0.7572202086448669 0.21879412233829498 0.023985620588064194 
0.9735040068626404 0.024183347821235657 0.0023126020096242428 
0.07408039271831512 0.8439930081367493 0.0819266214966774 
0.5449391603469849 0.4280119836330414 0.02704889513552189 
0.7102652192115784 0.2737867534160614 0.01594807393848896 
0.03609796613454819 0.6239816546440125 0.33992040157318115 
0.018933646380901337 0.9036467671394348 0.07741963118314743 
0.012188571505248547 0.9059479832649231 0.0818633958697319 
0.786638617515564 0.20204323530197144 0.011318163014948368 
0.8978182673454285 0.09581327438354492 0.006368427537381649 
0.7230558395385742 0.2713192403316498 0.005624991375952959 
0.8063079714775085 0.1873428225517273 0.00634917663410306 
0.40368059277534485 0.5602830052375793 0.036036416888237 
0.8394782543182373 0.14349327981472015 0.017028527334332466 
0.6829636096954346 0.30309832096099854 0.01393799763172865 
0.7412343621253967 0.24903111159801483 0.009734499268233776 
0.9389418363571167 0.05735621601343155 0.003701863344758749 
0.9389418363571167 0.05735621601343155 0.003701863344758749 
0.38334912061691284 0.5859302282333374 0.030720693990588188 
0.5357138514518738 0.4259564280509949 0.038329724222421646 
0.8185862302780151 0.17328539490699768 0.008128365501761436 
0.0008156041731126606 0.007873150520026684 0.9913113117218018 
0.45002421736717224 0.5247358679771423 0.02523992955684662 
0.8799434900283813 0.11501394957304001 0.0050425236113369465 
0.3655955195426941 0.6119807958602905 0.022423679009079933 
0.41298264265060425 0.5676969289779663 0.019320407882332802 
0.2965209186077118 0.553989827632904 0.14948919415473938 
0.0026156678795814514 0.31209659576416016 0.6852877140045166 
0.3375301957130432 0.6362438797950745 0.026225930079817772 
0.6364216208457947 0.3299812972545624 0.03359706327319145 
0.5430653095245361 0.4455292224884033 0.011405456811189651 
0.5413175225257874 0.4044760763645172 0.05420637130737305 
0.002085587941110134 0.11720062047243118 0.8807138204574585 
0.8737843036651611 0.12330774962902069 0.002907971851527691 
0.44436538219451904 0.4922858476638794 0.06334870308637619 
0.00733889639377594 0.9264185428619385 0.066242516040802 
0.9675334692001343 0.03032425418496132 0.0021423238795250654 
0.8712920546531677 0.12385497987270355 0.004853087943047285 
0.1848784238100052 0.6545271873474121 0.16059431433677673 
0.9211605787277222 0.07396994531154633 0.004869420081377029 
0.21237798035144806 0.732056736946106 0.055565327405929565 
0.0024530813097953796 0.11761397123336792 0.8799328804016113 
0.5733188390731812 0.38785675168037415 0.038824353367090225 
0.05187835171818733 0.6968683004379272 0.2512533366680145 
0.3281332850456238 0.44216781854629517 0.22969897091388702 
0.33069831132888794 0.6169520020484924 0.052349697798490524 
0.8583998680114746 0.12126872688531876 0.020331358537077904 
0.9078981876373291 0.08835010230541229 0.0037516935262829065 
0.00836942344903946 0.7009952068328857 0.2906353771686554 
0.9466843605041504 0.05006555840373039 0.0032500680536031723 
0.2275179624557495 0.7480425834655762 0.024439461529254913 
0.0010894007282331586 0.05511384457349777 0.9437967538833618 
0.8384661078453064 0.1542140245437622 0.007319877855479717 
0.2275179624557495 0.7480425834655762 0.024439461529254913 
0.0076619843021035194 0.9150112271308899 0.07732680439949036 
0.7297831177711487 0.25229448080062866 0.01792242005467415 
0.5550705194473267 0.3982138931751251 0.04671557620167732 
0.030412280932068825 0.6870695352554321 0.282518208026886 
0.865084171295166 0.12659291923046112 0.008322901092469692 
0.7888532876968384 0.19871880114078522 0.012427915818989277 
0.35802310705184937 0.6165008544921875 0.025475965812802315 
0.9059144258499146 0.09068520367145538 0.0034003553446382284 
0.7347104549407959 0.25830984115600586 0.006979668978601694 
0.6499567031860352 0.331280916929245 0.018762394785881042 
0.9203135371208191 0.0747295543551445 0.004956945311278105 
0.03936828300356865 0.9128363132476807 0.04779541492462158 
0.01892918534576893 0.34698471426963806 0.6340861320495605 
0.173077791929245 0.748663604259491 0.07825858145952225 
0.8628360629081726 0.13256457448005676 0.00459927786141634 
0.9652543067932129 0.03291497379541397 0.0018307622522115707 
0.2767527997493744 0.4431456923484802 0.2801015079021454 
0.0021418833639472723 0.1877640336751938 0.8100940585136414 
0.883704662322998 0.11135154217481613 0.004943763371556997 
0.7617676258087158 0.22920340299606323 0.009028911590576172 
0.48617056012153625 0.4989771842956543 0.014852235093712807 
0.972802460193634 0.024939415976405144 0.002258107764646411 
0.9586870074272156 0.03816116601228714 0.0031518980395048857 
0.15154118835926056 0.817188560962677 0.03127029538154602 
0.49727362394332886 0.45714041590690613 0.04558596760034561 
0.9596226811408997 0.037897806614637375 0.0024795010685920715 
0.0013636504299938679 0.07198207080364227 0.9266542196273804 
0.001251418492756784 0.07776470482349396 0.9209838509559631 
0.6792751550674438 0.30496281385421753 0.015762073919177055 
0.9492340087890625 0.04688575118780136 0.003880175529047847 
0.6716570258140564 0.3139323890209198 0.014410597272217274 
0.9079107046127319 0.08641614764928818 0.005673156585544348 
0.7313686013221741 0.25939425826072693 0.00923705380409956 
0.31720787286758423 0.6543691754341125 0.028422975912690163 
0.9495929479598999 0.04715869203209877 0.00324843917042017 
0.9230019450187683 0.0732000321149826 0.003798051970079541 
0.7646162509918213 0.22319000959396362 0.012193790636956692 
0.015405913814902306 0.9069193601608276 0.07767471671104431 
0.015405913814902306 0.9069193601608276 0.07767471671104431 
0.030167315155267715 0.7067156434059143 0.26311707496643066 
0.442065566778183 0.529039204120636 0.028895165771245956 
0.5868938565254211 0.3931950032711029 0.01991112530231476 
0.6648808121681213 0.3226490318775177 0.01247012335807085 
0.5087776780128479 0.44884738326072693 0.04237494617700577 
0.48499807715415955 0.4796094298362732 0.035392407327890396 
0.6154587268829346 0.36606737971305847 0.018473975360393524 
0.0077110035344958305 0.3199150264263153 0.6723739504814148 
0.6618460416793823 0.320462167263031 0.017691796645522118 
0.8050852417945862 0.18590958416461945 0.009005187079310417 
0.376351535320282 0.595374345779419 0.028274115175008774 
0.14020474255084991 0.81366366147995 0.046131573617458344 
0.00380596611648798 0.3036684989929199 0.6925255656242371 
0.009870697744190693 0.19056466221809387 0.7995646595954895 
0.49999314546585083 0.4588790535926819 0.041127823293209076 
0.6525826454162598 0.33063098788261414 0.01678636483848095 
0.005112961865961552 0.2677289545536041 0.7271580696105957 
0.04480888694524765 0.38184231519699097 0.5733487606048584 
0.731372058391571 0.2496141791343689 0.01901378482580185 
0.05730464681982994 0.8604711890220642 0.08222413063049316 
0.14878782629966736 0.8188490867614746 0.032363105565309525 
0.6705502271652222 0.31810516119003296 0.011344606988132 
0.5493829846382141 0.4234183132648468 0.027198735624551773 
0.44523152709007263 0.5421765446662903 0.012591863051056862 
0.16022560000419617 0.8137699365615845 0.02600446343421936 
0.2938157021999359 0.6604442000389099 0.04574008285999298 
0.29111242294311523 0.6733303666114807 0.035557281225919724 
0.34917953610420227 0.6195623278617859 0.03125813603401184 
0.0032597703393548727 0.12817658483982086 0.8685636520385742 
0.7145664095878601 0.2704663574695587 0.014967222698032856 
0.001548304338939488 0.3108419179916382 0.6876097917556763 
0.7253771424293518 0.25791189074516296 0.01671096496284008 
0.9463240504264832 0.05026061087846756 0.0034152991138398647 
0.015869740396738052 0.4948005974292755 0.48932963609695435 
0.3952241837978363 0.558614194393158 0.046161551028490067 
0.19978250563144684 0.7664670944213867 0.03375038877129555 
0.0225191880017519 0.6819384098052979 0.29554247856140137 
0.5752001404762268 0.3969341814517975 0.027865702286362648 
0.8838693499565125 0.10863210260868073 0.0074985940009355545 
0.7397734522819519 0.24804161489009857 0.012184920720756054 
0.025147942826151848 0.9311226606369019 0.043729398399591446 
0.5350778102874756 0.4538179039955139 0.011104283854365349 
0.6110804677009583 0.3366076648235321 0.052311889827251434 
0.040183961391448975 0.9251055121421814 0.03471056744456291 
0.838943362236023 0.15576313436031342 0.005293510854244232 
0.5896183252334595 0.3980477452278137 0.012333973310887814 
0.9060717821121216 0.08846709132194519 0.005461172666400671 
0.6163550019264221 0.3726440668106079 0.01100094709545374 
0.003852345747873187 0.10517696291208267 0.8909706473350525 
0.5171098113059998 0.43923893570899963 0.04365123435854912 
0.639299750328064 0.34959232807159424 0.011107880622148514 
0.4183950424194336 0.558456301689148 0.023148709908127785 
0.1282888948917389 0.6649366617202759 0.2067744880914688 
0.25445377826690674 0.670367419719696 0.07517882436513901 
0.8240464925765991 0.16571077704429626 0.010242761112749577 
0.5535247921943665 0.4267168641090393 0.01975831389427185 
0.4552573263645172 0.5153331160545349 0.02940959855914116 
0.8498506546020508 0.14374946057796478 0.006399833131581545 
0.8158056139945984 0.17400579154491425 0.010188544169068336 
0.9344150424003601 0.0627671331167221 0.002817894332110882 
0.3433831036090851 0.5987293720245361 0.05788750946521759 
0.009842894040048122 0.39609307050704956 0.5940640568733215 
0.012932146899402142 0.9352952837944031 0.051772575825452805 
0.798637330532074 0.18552769720554352 0.015834970399737358 
0.6251338124275208 0.3277057409286499 0.047160517424345016 
0.9103559851646423 0.08477263152599335 0.00487142289057374 
0.546364963054657 0.4336167275905609 0.02001829259097576 
0.2829839289188385 0.6904310584068298 0.026585012674331665 
0.302939236164093 0.6693008542060852 0.02775990217924118 
0.2940079867839813 0.6781054139137268 0.0278865285217762 
0.29323092103004456 0.6803880929946899 0.026381054893136024 
0.7102202773094177 0.2806716859340668 0.00910798367112875 
0.6759838461875916 0.3173443078994751 0.006671863608062267 
0.9499509334564209 0.04653627797961235 0.003512818133458495 
0.9620466232299805 0.03462253138422966 0.00333075481466949 
0.8089104890823364 0.1857815384864807 0.005307926796376705 
0.09887123852968216 0.8724552392959595 0.028673607856035233 
0.10753747820854187 0.5358124375343323 0.35665014386177063 
0.89814692735672 0.09615927189588547 0.005693765822798014 
0.5413175225257874 0.4044760763645172 0.05420637130737305 
0.7302778959274292 0.2564520537853241 0.013270012103021145 
0.6897441148757935 0.2787083387374878 0.031547583639621735 
0.0012451221700757742 0.05266863852739334 0.9460862278938293 
0.6299005746841431 0.3583037853240967 0.011795669794082642 
0.5884178280830383 0.39420560002326965 0.017376603558659554 
0.13182896375656128 0.5819792151451111 0.28619179129600525 
0.13600164651870728 0.7594100832939148 0.10458818823099136 
0.8101509809494019 0.18541911244392395 0.004429916385561228 
0.7083979845046997 0.28404486179351807 0.0075570945627987385 
0.6618776321411133 0.3105407953262329 0.027581576257944107 
0.624663770198822 0.34577280282974243 0.029563430696725845 
0.5659180879592896 0.3853546679019928 0.04872720688581467 
0.9056404829025269 0.08676879853010178 0.007590724155306816 
0.8821754455566406 0.11010096222162247 0.00772365415468812 
0.9249241352081299 0.07198940217494965 0.003086335491389036 
0.8151759505271912 0.17478527128696442 0.010038832202553749 
0.0036088209599256516 0.24800217151641846 0.7483890056610107 
0.0008584344759583473 0.030119262635707855 0.969022274017334 
0.0049842242151498795 0.4433571696281433 0.5516586303710938 
0.6775808930397034 0.3108031451702118 0.01161594595760107 
0.808458685874939 0.18317008018493652 0.008371190167963505 
0.6424189209938049 0.34831926226615906 0.009261822327971458 
0.876457691192627 0.11879430711269379 0.0047479551285505295 
0.9337807297706604 0.06167104095220566 0.004548210650682449 
0.3646799623966217 0.6156644821166992 0.019655592739582062 
0.8680738210678101 0.12788675725460052 0.00403940211981535 
0.003042828058823943 0.34451189637184143 0.6524453163146973 
0.8475154638290405 0.14553099870681763 0.006953457370400429 
0.42443618178367615 0.531295895576477 0.04426797851920128 
0.8377410769462585 0.14877575635910034 0.013483184389770031 
0.5786616206169128 0.3907400369644165 0.030598338693380356 
0.6188998818397522 0.3714955449104309 0.009604559279978275 
0.46953150629997253 0.5047608017921448 0.02570764347910881 
0.9496635794639587 0.04716130718588829 0.0031751745846122503 
0.14783938229084015 0.8230807781219482 0.029079847037792206 
0.20200520753860474 0.7772646546363831 0.02073008194565773 
0.829494833946228 0.16239646077156067 0.008108709007501602 
0.3869973123073578 0.5298017859458923 0.0832008421421051 
0.2611771523952484 0.6615976691246033 0.07722523808479309 
0.023183085024356842 0.909631609916687 0.06718533486127853 
0.9088888764381409 0.08841120451688766 0.002699882723391056 
0.16106560826301575 0.6656618714332581 0.17327256500720978 
0.4012051820755005 0.4218895137310028 0.17690525949001312 
0.6221230030059814 0.3695015609264374 0.008375539444386959 
0.8477827906608582 0.14428874850273132 0.007928423583507538 
0.007066729944199324 0.8982317447662354 0.09470151364803314 
0.006957012228667736 0.9032670855522156 0.08977583050727844 
0.6248711943626404 0.36711442470550537 0.008014342747628689 
0.8224486112594604 0.16152052581310272 0.016030890867114067 
0.8436340689659119 0.15096214413642883 0.0054037258960306644 
0.9534184336662292 0.0438944511115551 0.0026872260496020317 
0.8287501931190491 0.16569435596466064 0.005555397365242243 
0.7204214930534363 0.26962679624557495 0.009951729327440262 
0.0032699399162083864 0.26734820008277893 0.7293819189071655 
0.848571240901947 0.1426047831773758 0.00882401317358017 
0.7602843642234802 0.22891999781131744 0.010795699432492256 
0.7525522112846375 0.2353696972131729 0.012078062631189823 
0.48702603578567505 0.49854472279548645 0.014429299160838127 
0.5483394265174866 0.43846431374549866 0.013196251355111599 
0.023644588887691498 0.7628723382949829 0.213483065366745 
0.8159052133560181 0.17817743122577667 0.005917320493608713 
0.02645198442041874 0.7839919328689575 0.1895560622215271 
0.421140193939209 0.3756156265735626 0.20324423909187317 
0.5016511082649231 0.48346513509750366 0.014883738942444324 
0.12383968383073807 0.7886995077133179 0.08746077865362167 
0.022117160260677338 0.8223962783813477 0.15548653900623322 
0.7487380504608154 0.2322813719511032 0.01898055337369442 
0.5075597167015076 0.47864916920661926 0.01379112433642149 
0.013896642252802849 0.7523818612098694 0.233721524477005 
0.9165922999382019 0.07918014377355576 0.004227485507726669 
0.6948491930961609 0.29061341285705566 0.014537381939589977 
0.12460363656282425 0.8469525575637817 0.02844373881816864 
0.868127167224884 0.12741635739803314 0.00445640878751874 
0.7299618721008301 0.250405877828598 0.01963229849934578 
0.9351435303688049 0.05962909758090973 0.005227349232882261 
0.3060891926288605 0.41465818881988525 0.2792525887489319 
0.6110641360282898 0.30417823791503906 0.08475763350725174 
0.6221230030059814 0.3695015609264374 0.008375539444386959 
0.8975396752357483 0.09477368742227554 0.007686652708798647 
0.9599940776824951 0.03763483837246895 0.002371110487729311 
0.7948403358459473 0.19412755966186523 0.01103211846202612 
0.6221230030059814 0.3695015609264374 0.008375539444386959 
0.0005984371528029442 0.01443545427173376 0.9849661588668823 
0.8235129714012146 0.1651189625263214 0.011368055827915668 
0.33804744482040405 0.5376492142677307 0.12430332601070404 
0.01246301457285881 0.2139725387096405 0.7735643982887268 
0.03179432451725006 0.17475812137126923 0.7934474945068359 
0.7067853808403015 0.2863982617855072 0.0068163382820785046 
0.7665303945541382 0.20864154398441315 0.02482805773615837 
0.02201155759394169 0.7135857343673706 0.26440271735191345 
0.21660543978214264 0.7626914381980896 0.020703215152025223 
0.9366890788078308 0.059080008417367935 0.004230891820043325 
0.5702002644538879 0.41228124499320984 0.017518535256385803 
0.003553579328581691 0.09181537479162216 0.9046310186386108 
0.8486428260803223 0.14092905819416046 0.01042809709906578 
0.9373506903648376 0.059441518038511276 0.0032078197691589594 
0.009765385650098324 0.7321724891662598 0.25806212425231934 
0.003265404375270009 0.12076440453529358 0.8759702444076538 
0.24461676180362701 0.6532187461853027 0.10216446965932846 
0.610141396522522 0.37962985038757324 0.01022880058735609 
0.8416459560394287 0.1517110913991928 0.006642989348620176 
0.707572877407074 0.27562806010246277 0.01679905690252781 
0.5320846438407898 0.45172807574272156 0.016187261790037155 
0.005724185612052679 0.0676308423280716 0.9266449213027954 
0.4723993241786957 0.4937487840652466 0.03385194391012192 
0.016953499987721443 0.5028360486030579 0.48021048307418823 
0.7581508755683899 0.2270243763923645 0.014824717305600643 
0.9473559856414795 0.049403175711631775 0.003240813035517931 
0.22474990785121918 0.7545344829559326 0.02071564458310604 
0.20515620708465576 0.7694137692451477 0.02543003112077713 
0.25937560200691223 0.423690527677536 0.31693387031555176 
0.627938985824585 0.347152441740036 0.02490849979221821 
0.4032866656780243 0.5777761340141296 0.01893717795610428 
0.460012823343277 0.5093279480934143 0.030659249052405357 
0.5915091037750244 0.3939698338508606 0.014521108008921146 
0.01416420005261898 0.7981894016265869 0.18764641880989075 
0.8339282274246216 0.15749694406986237 0.008574853651225567 
0.7696982026100159 0.2177254855632782 0.012576312758028507 
0.7899908423423767 0.19645993411540985 0.0135491993278265 
0.015908900648355484 0.6552045941352844 0.3288865089416504 
0.4474705159664154 0.5050984025001526 0.047431085258722305 
0.9448806643486023 0.05198655277490616 0.003132833633571863 
0.022239994257688522 0.7066565155982971 0.27110353112220764 
0.005236470606178045 0.1605323851108551 0.8342311382293701 
0.6322485208511353 0.3135511577129364 0.05420026555657387 
0.7756762504577637 0.2108999341726303 0.013423868454992771 
0.934734582901001 0.06274262815713882 0.00252288905903697 
0.002446076599881053 0.06751547753810883 0.9300383925437927 
0.3561340272426605 0.6214630007743835 0.022403007373213768 
0.8565542697906494 0.13834689557552338 0.005098837427794933 
0.5819648504257202 0.379668653011322 0.03836652636528015 
0.5726072192192078 0.3953930139541626 0.03199980407953262 
0.008188499137759209 0.8787218928337097 0.11308959126472473 
0.17581847310066223 0.7848103642463684 0.03937121480703354 
0.775903582572937 0.2093551605939865 0.014741174876689911 
0.15042856335639954 0.8294185996055603 0.020152734592556953 
0.05562162026762962 0.914983868598938 0.0293944850564003 
0.9419049024581909 0.05529690161347389 0.002798195229843259 
0.3176341950893402 0.5233908295631409 0.1589750051498413 
0.43240487575531006 0.4946492910385132 0.07294581085443497 
0.0006925777997821569 0.024685801938176155 0.974621593952179 
0.00351127702742815 0.1357656866312027 0.8607230186462402 
0.18031932413578033 0.7779174447059631 0.04176333546638489 
0.022531544789671898 0.8760502934455872 0.10141810774803162 
0.011924066580832005 0.9250409603118896 0.06303493678569794 
0.002665783977136016 0.1067296639084816 0.890604555606842 
0.009848343208432198 0.7002441883087158 0.28990742564201355 
0.08963895589113235 0.7563291192054749 0.154031902551651 
0.6674707531929016 0.32116496562957764 0.011364340782165527 
0.6710373759269714 0.3111645579338074 0.017798108980059624 
0.12390340864658356 0.3867998719215393 0.48929667472839355 
0.509112536907196 0.45579349994659424 0.035093918442726135 
0.8630906939506531 0.1290217787027359 0.007887495681643486 
0.44239452481269836 0.47900617122650146 0.07859930396080017 
0.0038933258038014174 0.1399616301059723 0.8561450839042664 
0.6058695912361145 0.38263973593711853 0.01149069145321846 
0.3348025381565094 0.5941999554634094 0.0709974616765976 
0.5163994431495667 0.4666312336921692 0.01696932315826416 
0.0006275730556808412 0.02568378485739231 0.9736886620521545 
0.030254056677222252 0.6659320592880249 0.3038139045238495 
0.8317400217056274 0.16205185651779175 0.00620816508308053 
0.6273941993713379 0.3548492193222046 0.017756598070263863 
0.0020308992825448513 0.14708571135997772 0.850883424282074 
0.9530608654022217 0.044183313846588135 0.0027558612637221813 
0.0020201648585498333 0.1655743271112442 0.8324055075645447 
0.31977492570877075 0.5962868928909302 0.08393813669681549 
0.1850295513868332 0.5955010056495667 0.21946947276592255 
0.9644923806190491 0.032776135951280594 0.0027314499020576477 
0.7923819422721863 0.20237261056900024 0.005245427135378122 
0.5154612064361572 0.37784817814826965 0.10669062286615372 
0.7644561529159546 0.22919891774654388 0.006344959605485201 
0.546140730381012 0.42954716086387634 0.024312129244208336 
0.18431995809078217 0.7056670188903809 0.11001309752464294 
0.8493313789367676 0.14253924787044525 0.00812937505543232 
0.6652846336364746 0.3211633563041687 0.013552043586969376 
0.5723338723182678 0.3917851746082306 0.035881008952856064 
0.2803835868835449 0.6801310777664185 0.0394853837788105 
0.00160786637570709 0.05641747638583183 0.9419746398925781 
0.8754408955574036 0.11881772428750992 0.005741341505199671 
0.011183208785951138 0.6274294853210449 0.3613872826099396 
0.11982444673776627 0.2880112826824188 0.5921642780303955 
0.8235927820205688 0.1692143827676773 0.007192837540060282 
0.12458258867263794 0.8529250025749207 0.02249239757657051 
0.0010600296081975102 0.05691159516572952 0.9420283436775208 
0.0010600296081975102 0.05691159516572952 0.9420283436775208 
0.0010600296081975102 0.05691159516572952 0.9420283436775208 
0.7549107074737549 0.23773637413978577 0.0073528774082660675 
0.6027040481567383 0.3677555024623871 0.02954045496881008 
0.9401070475578308 0.05636989325284958 0.0035230398643761873 
0.16183505952358246 0.7837126851081848 0.05445234477519989 
0.6019361615180969 0.3796566426753998 0.018407132476568222 
0.7080524563789368 0.2816576361656189 0.010289876721799374 
0.8842185735702515 0.110353484749794 0.005427930504083633 
0.4284023642539978 0.49817898869514465 0.07341862469911575 
0.058018941432237625 0.7815523743629456 0.16042859852313995 
0.08500087261199951 0.47469016909599304 0.44030898809432983 
0.010679887607693672 0.8092846274375916 0.18003548681735992 
0.0059098475612699986 0.05663233995437622 0.9374578595161438 
0.003239505458623171 0.1190640777349472 0.8776963949203491 
0.6403708457946777 0.3428296446800232 0.0167995598167181 
0.00126044568605721 0.006604304537177086 0.9921352863311768 
0.8448899388313293 0.14355260133743286 0.011557524092495441 
0.006847410928457975 0.40725240111351013 0.5859001874923706 
0.09586551785469055 0.43582114577293396 0.4683133065700531 
0.5943123698234558 0.36458420753479004 0.04110341891646385 
0.36613011360168457 0.5324786305427551 0.10139120370149612 
0.7980964183807373 0.18931372463703156 0.012589894235134125 
0.8517228960990906 0.14164866507053375 0.006628361530601978 
0.7120057940483093 0.2701062560081482 0.017887935042381287 
0.865473747253418 0.12591271102428436 0.008613468147814274 
0.332203209400177 0.4601329267024994 0.2076638787984848 
0.5849332809448242 0.3977195918560028 0.0173471812158823 
0.005157181527465582 0.1594027727842331 0.8354399800300598 
0.7992565035820007 0.1944764405488968 0.006267049349844456 
0.09815376996994019 0.3784499764442444 0.5233962535858154 
0.49289947748184204 0.4723075330257416 0.03479297086596489 
0.005804218351840973 0.16454371809959412 0.8296520709991455 
0.7391132712364197 0.24639146029949188 0.014495285227894783 
0.5635555386543274 0.39920735359191895 0.03723713383078575 
0.758192777633667 0.23203593492507935 0.009771301411092281 
0.6252278089523315 0.36605551838874817 0.008716687560081482 
0.9263438582420349 0.07107017189264297 0.002585866954177618 
0.8322808146476746 0.16030879318714142 0.007410404738038778 
0.6282185316085815 0.3604167401790619 0.011364766396582127 
0.8848932385444641 0.11024213582277298 0.004864706192165613 
0.8938916325569153 0.10330146551132202 0.002806921023875475 
0.5790390968322754 0.36780494451522827 0.05315599590539932 
0.0050890687853097916 0.1507004052400589 0.8442105650901794 
0.002743109595030546 0.29926201701164246 0.6979948878288269 
0.001322977477684617 0.03789197653532028 0.9607849717140198 
0.027058321982622147 0.9131631255149841 0.0597786083817482 
0.7517380714416504 0.23602642118930817 0.012235547415912151 
0.004153779707849026 0.16846351325511932 0.8273826837539673 
0.03841245546936989 0.38092318177223206 0.580664336681366 
0.6290615200996399 0.33699312806129456 0.03394540026783943 
0.11663049459457397 0.8537689447402954 0.02960055135190487 
0.79001384973526 0.1964743733406067 0.013511786237359047 
0.9340721964836121 0.0635271817445755 0.0024005479644984007 
0.8052582740783691 0.18680816888809204 0.007933528162539005 
0.07768011838197708 0.5957059860229492 0.3266139030456543 
0.060093916952610016 0.4379783570766449 0.5019276738166809 
0.8423014879226685 0.1538674682378769 0.0038310550153255463 
0.13439735770225525 0.5012345910072327 0.3643680810928345 
0.6494428515434265 0.3275372087955475 0.023019937798380852 
0.4409690499305725 0.5197418332099915 0.03928908333182335 
0.9087157845497131 0.08815888315439224 0.003125358372926712 
0.8355938196182251 0.1601702868938446 0.004235920030623674 
0.633625864982605 0.30567219853401184 0.060701992362737656 
0.3112794756889343 0.6108625531196594 0.07785796374082565 
0.004374320153146982 0.16558806598186493 0.8300375938415527 
0.8191049695014954 0.17061996459960938 0.010275053791701794 
0.4234376847743988 0.5521983504295349 0.02436397410929203 
0.7947306632995605 0.19668060541152954 0.008588639087975025 
0.6907240748405457 0.27833691239356995 0.030939001590013504 
0.2832546830177307 0.5144327878952026 0.20231245458126068 
0.064844511449337 0.8332882523536682 0.10186722129583359 
0.9252530932426453 0.07044452428817749 0.004302384797483683 
0.6728035807609558 0.30988243222236633 0.017313990741968155 
0.005904994904994965 0.7697284817695618 0.22436656057834625 
0.6603976488113403 0.32646334171295166 0.013138989917933941 
0.08327854424715042 0.7219454050064087 0.1947759985923767 
0.7869126796722412 0.19034752249717712 0.022739864885807037 
0.5097233057022095 0.4590524733066559 0.031224235892295837 
0.557990312576294 0.4225568473339081 0.019452814012765884 
0.028389308601617813 0.21058261394500732 0.7610281109809875 
0.010480924509465694 0.8510755300521851 0.13844355940818787 
