0.1723229
0.60515225
0.7888501
0.10181891
0.16563939
0.030541828
0.015863957
0.64274293
0.37789437
0.6465111
0.088867426
0.6602909
0.024895297
0.19534774
0.06887216
0.0881316
0.80957025
0.03999672
0.07117758
0.15731885
0.06107515
0.13400117
0.010905897
0.3860566
0.09567854
0.9038816
0.335293
0.04256024
0.07704124
0.48240826
0.006241313
0.0058711953
0.92135334
0.8996916
0.06847299
0.012533494
0.10315523
0.05340048
0.7064692
0.02732801
0.31121337
0.83159184
0.0342893
0.8797118
0.010607179
0.09233672
0.0935164
0.0050311782
0.18743986
0.19285002
0.03012879
0.6521126
0.063390575
0.0117757935
0.003762935
0.08337285
0.51435363
0.027571414
0.8317738
0.011175326
0.5592106
0.39013705
0.09925055
0.19353482
0.004066868
0.66165084
0.34724447
0.18191838
0.17901231
0.0034522882
0.058352713
0.0054133767
0.3791278
0.583277
0.15755653
0.91838646
0.81911075
0.009244748
0.07704124
0.45845014
0.026745979
0.38937822
0.15080369
0.13262305
0.17280838
0.014048719
0.018602101
0.10151149
0.02123079
0.102618836
0.010148588
0.010148588
0.14247707
0.15419126
0.16510072
0.049166784
0.033399902
0.7402097
0.008644251
0.018825643
0.022658238
0.033399902
0.048622444
0.025405494
0.0021342258
0.13032721
0.16348504
0.0050142305
0.011034139
0.863067
0.005305078
0.35629043
0.036197077
0.12682864
0.42090774
0.8429223
0.8429223
0.8429223
0.8429223
0.8429223
0.41728687
0.45391375
0.071931295
0.01326949
0.8783446
0.8783446
0.8783446
0.8783446
0.8783446
0.8457738
0.8457738
0.8457738
0.8457738
0.8457738
0.0045185527
0.7330335
0.8729176
0.8729176
0.8729176
0.8729176
0.8729176
0.0062046577
0.4561827
0.008903744
0.013395075
0.015355567
0.94154304
0.94154304
0.94154304
0.09486638
0.94154304
0.18562257
0.023912637
0.056880523
0.044562586
0.017941521
0.7719946
0.05406518
0.18629579
0.05082514
0.15120536
0.013624397
0.15508108
0.85301936
0.01670178
0.0020162815
0.051747367
0.136411
0.006576976
0.9158073
0.018772235
0.03707641
0.20760901
0.03650011
0.10452065
0.010752417
0.80729616
0.004508858
0.019465856
0.11144437
0.009609701
0.97613573
0.008738947
0.24611859
0.021310212
0.0032581997
0.027950367
0.16953644
0.5512913
0.5248941
0.021715106
0.55254275
0.6814673
0.07325896
0.81393516
0.82102895
0.0064818496
0.048804365
0.13445304
0.3316258
0.06412355
0.110854045
0.005173825
0.8816718
0.71412855
0.33181757
0.0049968148
0.21097772
0.014070529
0.009253434
0.00700347
0.48606843
0.0068425937
0.021433474
0.30780342
0.003500488
0.538373
0.50724816
0.0070673907
0.0139179835
0.024444727
0.6073026
0.04707004
0.046838
0.6787332
0.0030477114
0.10545546
0.012736332
0.44342884
0.20838775
0.0023307602
0.013691062
0.14945303
0.45845014
0.7921594
0.25078088
0.45845014
0.0036664852
0.012356487
0.20934932
0.091490075
0.45845014
0.029274896
0.09867179
0.082863346
0.45845014
0.45845014
0.053986687
0.027890138
0.45845014
0.009304537
0.049353637
0.45845014
0.45845014
0.05008801
0.45845014
0.052774556
0.27340212
0.050185382
0.45845014
0.45845014
0.45845014
0.45845014
0.0052850707
0.94154304
0.94154304
0.94154304
0.94154304
0.94154304
0.8729176
0.8729176
0.8729176
0.8729176
0.8729176
0.06258503
0.030832445
0.049420808
0.45845014
0.8457738
0.60561734
0.8457738
0.8457738
0.05243332
0.8457738
0.09747137
0.062224045
0.8783446
0.14268714
0.03301148
0.3449681
0.8783446
0.8783446
0.34607816
0.015887251
0.048570663
0.013869641
0.1730833
0.0074300943
0.076928
0.013564682
0.01548293
0.02398385
0.03052667
0.4359283
0.4124695
0.03258434
0.7333927
0.7333927
0.7333927
0.7333927
0.8429223
0.86877877
0.025469882
0.28284386
0.036705937
0.83756566
0.20319922
0.081573
0.006881199
0.44584522
0.03563579
0.02009496
0.0074580493
0.2595492
0.086472854
0.5373032
0.13999425
0.05005239
0.003652751
0.549235
0.85301936
0.40263087
0.007873149
0.010939243
0.8290509
0.06107515
0.01245192
0.12771504
0.03157329
0.11068239
0.009535554
0.0169795
0.025405494
0.15885139
0.084553234
0.38466987
0.01640341
0.01533842
0.028792232
0.67279375
0.009049331
0.36067447
0.050454192
0.18917018
0.04529891
0.45767927
0.002406543
0.46202344
0.106822774
0.023789458
0.10704391
0.30709434
0.092139244
0.025466818
0.46616927
0.8842429
0.052078966
0.053783648
0.061673474
0.024008948
0.051963072
0.35689607
0.040531315
0.016336476
0.026351253
0.052014206
0.020469049
0.07947839
0.010317336
0.05738334
0.009034948
0.008406183
0.018439634
0.016577676
0.041125856
0.2572969
0.93560696
0.013348583
0.009096316
0.6544198
0.019182434
0.98321426
0.25935537
0.10816237
0.09665602
0.15033644
0.046659946
0.25004545
0.0065172208
0.0058823884
0.029503928
0.69731504
0.007681877
0.006798392
0.008831192
0.06977548
0.023748102
0.022118475
0.03951864
0.01018593
0.02808208
0.008783194
0.01219361
0.15839113
0.016331792
0.03883601
0.026807757
0.09388866
0.028743135
0.0026713775
0.007483053
0.034940753
0.015971774
0.016616462
0.2058303
0.38971886
0.15466197
0.009780355
0.44314718
0.011565995
0.024459915
0.0132691115
0.102947325
0.019444635
0.050797675
0.0180027
0.34463128
0.020142652
0.00729907
0.0022849794
0.0070332456
0.0070332456
0.81028175
0.0056998166
0.030315384
0.47344166
0.0029056503
0.09859705
0.09859705
0.108802326
0.17887622
0.17887622
0.031111691
0.018642392
0.016288236
0.005711488
0.011880462
0.035208482
0.0060595167
0.026185872
0.98254275
0.1362246
0.112343974
0.011544371
0.008381587
0.61819816
0.85301936
0.0088443495
0.2291342
0.032298956
0.6328176
0.29592273
0.6392131
0.011586293
0.12126959
0.02995572
0.95295995
0.010939117
0.98904526
0.03415616
0.011736743
0.025946025
0.031319633
0.9208908
0.005757977
0.7045776
0.016747955
0.047704432
0.1291615
0.06264724
0.13340761
0.041654497
0.6610832
0.07704124
0.024067026
0.083079785
0.012279589
0.014751063
0.07752826
0.02894233
0.09922503
0.18537065
0.014882289
0.009016859
0.9878105
0.0023506547
0.15413833
0.064663455
0.032038055
0.30258018
0.005195895
0.18240774
0.011668986
0.015312231
0.28152388
0.25468168
0.16343632
0.0055403523
0.015786616
0.0295942
0.034037616
0.07975656
0.07503205
0.00351779
0.14387482
0.008576511
0.024341363
0.08506613
0.03285348
0.0065438254
0.10719791
0.014413876
0.058239322
0.03627847
0.03627847
0.03627847
0.03627847
0.0026476749
0.56169397
0.0062915613
0.013528142
0.07704124
0.07474171
0.6281511
0.09835411
0.11283954
0.0046272418
0.7379082
0.036126643
0.007299555
0.05403356
0.030391403
0.012420045
0.6969533
0.7279414
0.30083305
0.027135447
0.083282456
0.06870363
0.006776155
0.014859195
0.006776155
0.044100385
0.006776155
0.0061241584
0.34377867
0.047757853
0.037070338
0.19504151
0.07603792
0.8189112
0.015634172
0.15874775
0.55369496
0.30011815
0.0036129663
0.8429223
0.8429223
0.8429223
0.8429223
0.18665369
0.8429223
0.8429223
0.1575612
0.0671134
0.068867624
0.0059848726
0.13203403
0.26655227
0.01089247
0.25006154
0.0043479917
0.034976058
0.24898507
0.14916568
0.008782841
0.0234342
0.008124692
0.95400274
0.03168954
0.011628885
0.004907117
0.0060447115
0.008866658
0.034828175
0.19295524
0.23547526
0.07383029
0.15594277
0.89991605
0.89991605
0.89991605
0.89991605
0.87106216
0.87106216
0.87106216
0.87106216
0.87106216
0.30350426
0.0104534095
0.8729176
0.8729176
0.8729176
0.8729176
0.8729176
0.03305687
0.95511293
0.95511293
0.95511293
0.07133771
0.030334858
0.95511293
0.025693895
0.95511293
0.0069644777
0.77319735
0.80572677
0.02715061
0.00721898
0.05406518
0.020826988
0.010769703
0.010380619
0.041660428
0.85301936
0.1339035
0.008197648
0.028502904
0.01485802
0.016944671
0.05021676
0.08431872
0.0138380835
0.0232051
0.0074000163
0.07006166
0.006678861
0.02011187
0.011291323
0.008914513
0.010006417
0.26748186
0.02431676
0.13189358
0.012952494
0.0168166
0.0070615467
0.11839782
0.018186517
0.06255642
0.3414197
0.029583769
0.008824618
0.015945587
0.15497233
0.016119137
0.8271203
0.0069139213
0.76131135
0.0050980677
0.050992645
0.005812625
0.03353343
0.05140038
0.07996686
0.0022601984
0.0051690736
0.49376538
0.011028234
0.6436335
0.11605592
0.009905992
0.13725916
0.009830428
0.018431453
0.80572677
0.5312526
0.024700446
0.8530019
0.40344617
0.16471978
0.017248556
0.8096259
0.017756332
0.8811572
0.008224208
0.43275025
0.040489607
0.023578193
0.08134242
0.052861486
0.03970281
0.10123942
0.007919213
0.44312254
0.006388023
0.048890814
0.16339265
0.02117972
0.008717463
0.007164045
0.08428118
0.006355985
0.038502324
0.007272261
0.24847841
0.079544425
0.038214117
0.0042321207
0.85301936
0.02772873
0.16901615
0.06242278
0.15166445
0.029293701
0.015265712
0.11036424
0.286827
0.028901469
0.09561035
0.07634597
0.07868973
0.056043554
0.019128181
0.11489361
0.56260425
0.011299204
0.023542017
0.0033476031
0.026019601
0.004144579
0.03874587
0.0034643135
0.5061898
0.0662958
0.12548983
0.055226676
0.0051803906
0.019779814
0.06548896
0.23993942
0.047013924
0.057741553
0.055226676
0.011345593
0.01018593
0.006765001
0.0044047944
0.026496768
0.029412502
0.29189834
0.22802456
0.057741553
0.020170383
0.26687402
0.041339874
0.0023674525
0.0043690954
0.020865167
0.054961268
0.021953873
0.018161898
0.063897714
0.0054127
0.9180212
0.06872822
0.8453204
0.10607883
0.11388237
0.117280126
0.111658916
0.11224034
0.062143784
0.03962229
0.0063764285
0.0068632206
0.009304132
0.025750175
0.0023611968
0.1439299
0.32050547
0.035701912
0.030124111
0.85301936
0.13803735
0.0353582
0.016434282
0.2305954
0.018383186
0.03456575
0.61326545
0.004433143
0.6388525
0.037911564
0.063725226
0.009914214
0.18975523
0.0055054957
0.0056419084
0.008048042
0.9798364
0.57675356
0.021922432
0.023587989
0.08913002
0.041938405
0.035621673
0.011550694
0.74721855
0.45899957
0.49346948
0.028518802
0.002805332
0.010457733
0.0043633743
0.005810101
0.21570802
0.0038552706
0.089573905
0.23027126
0.005006019
0.005419419
0.0025911808
0.009388103
0.0034426157
0.0042560464
0.09206018
0.12843792
0.15276206
0.9454314
0.9454314
0.01164584
0.9454314
0.4210635
0.087488696
0.07322864
0.5146142
0.008592108
0.083127536
0.008592108
0.008592108
0.05295934
0.85212
0.85212
0.85212
0.85212
0.008592108
0.008592108
0.010431264
0.061673474
0.19639614
0.29839537
0.008592108
0.3449681
0.34607816
0.088201225
0.01040865
0.8624149
0.8624149
0.8624149
0.8990146
0.8990146
0.00394349
0.40551513
0.08460835
0.0029612451
0.012632914
0.009125872
0.076822124
0.28183806
0.33046708
0.2000272
0.49574673
0.064551555
0.057795886
0.37138197
0.0664328
0.8233286
0.011341782
0.055760738
0.8233286
0.8233286
0.06093045
0.8233286
0.8233286
0.8233286
0.5811155
0.009061136
0.056406602
0.013133384
0.008208241
0.0039063287
0.0056242114
0.07621864
0.01148106
0.018307216
0.0097824475
0.8460117
0.02923181
0.016873796
0.004152478
0.0035644248
0.10545546
0.38941634
0.0029113498
0.0042792917
0.0061254813
0.055807717
0.018464651
0.015133447
0.66224676
0.014496929
0.06384933
0.030315384
0.34357163
0.0061421446
0.4001238
0.0044171168
0.015653266
0.0146547295
0.010149042
0.016582575
0.0074457196
0.013830326
0.024923913
0.022574274
0.0064730514
0.80572677
0.45798194
0.036307324
0.102649726
0.28247386
0.0057680923
0.9223018
0.0342893
0.24323939
0.14290246
0.016936356
0.023667568
0.012699777
0.004821587
0.0016991907
0.024151964
0.0247777
0.007941191
0.013966255
0.008967174
0.7739601
0.0409437
0.024893545
0.97822374
0.016505014
0.012372122
0.041660126
0.53734183
0.007057312
0.5016156
0.4768247
0.0026112492
0.24305175
0.012856869
0.37855354
0.007825043
0.06774841
0.0427343
0.010967502
0.020834459
0.7416039
0.70677406
0.70677406
0.70677406
0.7054062
0.6889513
0.57283443
0.012067526
0.055028725
0.85301936
0.007567142
0.0032229032
0.14733307
