0.093785994
0.8718746
0.6787108
0.41560686
0.91292125
0.22166671
0.61022884
0.050905462
0.6216461
0.32378972
0.04184967
0.7917039
0.70906794
0.10089781
0.8737472
0.88184685
0.43835104
0.90723985
0.69516253
0.9223294
0.5866981
0.5883928
0.69661707
0.93192416
0.107031845
0.7157898
0.020560885
0.44958314
0.06283567
0.027727155
0.8214481
0.7684716
0.88508844
0.7523602
0.86861736
0.004288636
0.23007828
0.52421194
0.9057058
0.08159201
0.024317332
0.0815807
0.9235358
0.37871405
0.46734172
0.9111298
0.9179983
0.21544324
0.8739489
0.94759697
0.25381443
0.03789257
0.5626025
0.60605955
0.93707865
0.8423597
0.92167467
0.92243314
0.8312253
0.8240219
0.085074015
0.9069189
0.33214894
0.52942467
0.9034854
0.87656456
0.014262936
0.94426113
0.6362783
0.19441158
0.002113119
0.14445873
0.8781887
0.7243919
0.3708967
0.045183938
0.8312253
0.46647766
0.2587878
0.0027121499
0.8581204
0.8240219
0.018507784
0.043719035
0.57814425
0.8309533
0.85318744
0.03982934
0.79253966
0.5897804
0.42642793
0.9235887
0.2845583
0.5149189
0.067927845
0.05448841
0.75654215
0.7021114
0.01946537
0.4429376
0.6759431
0.8785068
0.035679195
0.5473811
0.9541423
0.50083774
0.78818196
0.10155233
0.10660699
0.022327583
0.9069575
0.25384066
0.8963171
0.7256987
0.03419096
0.6665844
0.5296812
0.46151018
0.90591127
0.6228969
0.41743898
0.2699569
0.017926315
0.122209735
0.78962195
0.60103106
0.1249828
0.4914257
0.7713028
0.6161876
0.7042094
0.21268871
0.9611267
0.33849666
0.88360476
0.9387687
0.8210968
0.45676264
0.86397785
0.17021689
0.84548473
0.12630053
0.2768135
0.8787384
0.8575259
0.12902613
0.76909876
0.58531326
0.28881937
0.7658536
0.43292853
0.7842938
0.056769405
0.8363758
0.8066745
0.32512063
0.32512063
0.33988905
0.92143965
0.12178599
0.0034834486
0.8807162
0.0532743
0.78199214
0.10640741
0.9263581
0.91477865
0.65298754
0.8089137
0.10079458
0.076086186
0.35623524
0.4547113
0.49672604
0.40054536
0.9140691
0.9353347
0.17534445
0.0584232
0.5934793
0.55152893
0.015728958
0.019952768
0.033202764
0.089944795
0.93154395
0.42579228
0.62680316
0.005606144
0.62629575
0.1832957
0.92143965
0.44804367
0.4617364
0.92143965
0.041656345
0.041167364
0.7117741
0.20632924
0.87318546
0.0563805
0.9439568
0.8322108
0.39813223
0.76829153
0.36811325
0.8782665
0.6834513
0.97309506
0.6312339
0.93578553
0.14519034
0.015120495
0.26265004
0.22519082
0.56165147
0.67244345
0.841287
0.6698411
0.5132056
0.47920945
0.04715166
0.6309894
0.83458745
0.85886776
0.3055686
0.2526265
0.8271899
0.4069906
0.7238165
0.25043064
0.3348496
0.0040363697
0.84682435
0.15781005
0.92711645
0.77110213
0.5723654
0.05589907
0.7253963
0.18439573
0.5354754
0.8680775
0.8011727
0.90784776
0.43746874
0.27501455
0.5188523
0.5941658
0.39885658
0.0074797086
0.8640096
0.043025583
0.0028270031
0.6866611
0.26361158
0.36398008
0.2309131
0.91257393
0.8878318
0.79090166
0.892595
0.38038012
0.022327583
0.8457183
0.43179062
0.33135134
0.573145
0.26661915
0.9240743
0.94658023
0.36623606
0.29227036
0.901272
0.81037295
0.52564806
0.8949901
0.0070549147
0.51386577
0.01283772
0.8209363
0.85297
0.86195093
0.8721226
0.47357118
0.01654691
0.018553836
0.18198225
0.46615598
0.7514202
0.03330217
0.44516566
0.33264732
0.64559954
0.2820361
0.47455952
0.47455952
0.7034835
0.7601183
0.9294849
0.85402
0.5469243
0.47643057
0.87053764
0.84060043
0.91078347
0.8700369
0.72650236
0.57679427
0.8887639
0.9040897
0.12850858
0.012377882
0.7951797
0.23107377
0.094574444
0.7011004
0.52823985
0.8778198
0.6508392
0.6499697
0.66585577
0.26119506
0.45262164
0.837893
0.7477008
0.8251763
0.06177811
0.059193857
0.59222615
0.7709325
0.7157614
0.059736494
0.6817589
0.8138765
0.8590197
0.94880867
0.0062995832
0.0022860235
0.9425502
0.7233152
0.1161694
0.045347884
0.107969895
0.07803572
0.0154618155
0.02140503
0.61548406
0.69496524
0.47579908
0.53803825
0.53803825
0.53803825
0.53803825
0.6812041
0.53803825
0.53803825
0.53803825
0.53803825
0.53803825
0.53803825
0.53803825
0.53803825
0.47119236
0.05257188
0.7733351
0.7137557
0.7733351
0.7733351
0.7733351
0.7736423
0.7798278
0.7798278
0.78227353
0.5114082
0.9090377
0.63924146
0.24069613
0.7278614
0.58462644
0.030424945
0.19945408
0.7961643
0.16969462
0.81101096
0.4549203
0.0057301
0.022327583
0.47736526
0.8846281
0.040936276
0.34349278
0.8668926
0.8584127
0.68661046
0.8584127
0.87099546
0.87214524
0.88071483
0.055786137
0.62013954
0.4711576
0.7686853
0.04147901
0.9639697
0.61975825
0.49089706
0.008128621
0.17674176
0.0036118801
0.90472406
0.16359617
0.8007082
0.75526595
0.92508155
0.86524075
0.17231004
0.45516825
0.60549796
0.35907662
0.5885811
0.017341677
0.46220133
0.87936956
0.7079116
0.7079116
0.28335238
0.7079116
0.045442015
0.66577893
0.90681577
0.053396765
0.8546912
0.00800303
0.16969462
0.8297134
0.7159173
0.16969462
0.16969462
0.7410042
0.16577725
0.43477356
0.56397265
0.2261995
0.03032563
0.0039347564
0.47810346
0.36115235
0.05257188
0.018572954
0.068245165
0.11042276
0.05257188
0.63884854
0.13988933
0.80485743
0.09358372
0.22750111
0.22750111
0.22750111
0.22750111
0.22750111
0.22750111
0.50748694
0.22750111
0.22750111
0.4356836
0.25066
0.0012904425
0.050083537
0.19453645
0.9118068
0.92168456
0.76386225
0.8168615
0.6953989
0.11402798
0.06009491
0.11437394
0.51038927
0.7743989
0.032496434
0.9164843
0.27764666
0.7452528
0.21564665
0.012611691
0.08842606
0.9486238
0.37177536
0.024105942
0.102998614
0.9484687
0.37476808
0.68410087
0.054300833
0.87735
0.6415234
0.9477654
0.9495729
0.13635664
0.205989
0.19436672
0.018798338
0.4772594
0.9143449
0.9121966
0.03300851
0.049182523
0.038668696
0.302401
0.6684195
0.06768924
0.068634205
0.6103021
0.24661273
0.4339918
0.0054171532
0.07590731
0.09300573
0.16696586
0.0072376155
0.32667303
0.44860235
0.085925855
0.72134066
0.028095601
0.03552657
0.014169596
0.032562092
0.01790976
0.020443099
0.32470515
0.35258546
0.054653604
0.29693234
0.024317332
0.017738014
0.013746048
0.50605726
0.07918686
0.010720503
0.017085705
0.19409779
0.025150713
0.53653944
0.047477294
0.18843655
0.0031797404
0.16971748
0.014963195
0.35492566
0.3344859
0.7732066
0.02647876
0.7962269
0.12473488
0.45139983
0.022327583
0.21791516
0.0078285495
0.9184668
0.62714374
0.8011833
0.69347
0.047229245
0.7926753
0.30010918
0.7284456
0.33836836
0.52601206
0.29720446
0.85213673
0.7080543
0.95376575
0.93965524
0.95761174
0.2628906
0.2628906
0.2824481
0.6288852
0.5223125
0.70817333
0.7638464
0.48982197
0.07219848
0.36412466
0.116437666
0.6869206
0.03635257
0.02868609
0.72565734
0.8682615
0.7040772
0.481359
0.21619636
0.59802645
0.012081447
0.88983285
0.22305109
0.29738525
0.29738525
0.6834138
0.8544976
0.74542403
0.22967975
0.35669407
0.9291379
0.046166636
0.8606231
0.12549382
0.5159271
0.4849925
0.26057136
0.71484566
0.85277677
0.93787485
0.20422196
0.83585596
0.022327583
0.6149399
0.78008324
0.7214118
0.8199059
0.11093337
0.8817189
0.48485258
0.93787485
0.1057654
0.88769186
0.9091033
0.05100628
0.1916672
0.8870084
0.1315595
0.14094144
0.1747762
0.3965866
0.8220556
0.052504066
0.7343686
0.39173397
0.655178
0.8755673
0.5610233
0.8089843
0.28011242
0.4586066
0.23146224
0.76113534
0.84410673
0.0026832612
0.26532567
0.03540532
0.7478701
0.40299603
0.13577698
0.7221707
0.073639266
0.34613
0.16320889
0.78610265
0.030519841
0.3348812
0.4469807
0.04376181
0.022327583
0.14058936
0.095304355
0.20869617
0.1470796
0.87982464
0.37103897
0.87588817
0.5161393
0.03737626
0.94274956
0.11063819
0.8082944
0.9578899
0.45144987
0.7692412
0.24195251
0.24195251
0.8958958
0.6180674
0.7637988
0.6519254
0.2289564
0.5066065
0.6094677
0.0590956
0.43721992
0.25195825
0.22205381
0.7131503
0.49905753
0.033028036
0.32714003
0.10910348
0.03972142
0.65180504
0.022327583
0.9328203
0.32355255
0.87427545
0.76280314
0.19793548
0.802125
0.5252608
0.91534114
0.6260435
0.6967431
0.27461687
0.6894385
0.0560596
0.2046939
0.100945905
0.801933
0.32814434
0.5814918
0.90020025
0.67647487
0.5573587
0.49173534
0.38999403
0.06781312
0.7656065
0.5632115
0.5632115
0.5632115
0.73380333
0.7623666
0.002144086
0.9706007
0.89415985
0.0062762476
0.33700284
0.8671445
0.95153964
0.67607707
0.23555562
0.13933583
0.022920262
0.71582556
0.18991458
0.14582002
0.6871194
0.76416266
0.022327583
0.18061298
0.3352321
0.86089224
0.69136465
0.6863555
0.43869963
0.9300751
0.95914066
0.7815615
0.37114647
0.5704007
0.19888712
0.14550182
0.5959125
0.7977137
0.8517192
0.55440444
0.008949268
0.18845744
0.7792544
0.7792544
0.7792544
0.7792544
0.7792544
0.83333886
0.84256524
0.6976935
0.9073888
0.7962059
0.78595215
0.92671865
0.79342836
0.68765926
0.120443
0.20854464
0.9451006
0.18666287
0.023020303
0.96685547
0.7675203
0.016575223
0.6746193
0.9145587
0.0070549147
0.92215854
0.5962985
0.6055334
0.40517533
0.5978403
0.5572007
0.64645046
0.021474449
0.32363898
0.7991923
0.24248189
0.4938094
0.7374259
0.03765796
0.47753963
0.78925085
0.6534833
0.025904167
0.1836836
0.6011547
0.038394846
0.930816
0.96292776
0.7947733
0.45207232
0.3504654
0.55823654
0.4789908
0.48399085
0.22354385
0.006401212
0.40092772
0.8486499
0.8486499
0.84510803
0.18127963
0.012747707
0.85747147
0.8486499
0.23054387
0.8961913
0.65236557
0.46540615
0.7395994
0.3772959
0.9681684
0.97197354
0.7042094
0.022327583
0.6626398
0.61573064
0.042296562
0.780742
0.22842678
0.92039055
0.9069483
0.9448483
0.86853474
0.7368803
0.32910085
0.80420244
0.79564863
0.21013027
0.5668333
0.95501757
0.14825276
0.95075387
0.86560124
0.3969777
0.7884034
0.9448483
0.79806596
0.8792766
0.874512
0.026302204
0.40355295
0.90654165
0.93379164
0.77726555
0.6504184
0.50199777
0.057787247
0.052756418
0.41148213
0.23247446
0.64716566
0.465347
0.9614163
0.6607299
0.8956656
0.2327399
0.97425824
0.021579053
0.9303718
0.942134
0.4176844
0.6213721
0.9072493
0.76131105
0.9054569
0.7960932
0.31891575
0.6744768
0.74004453
0.76329833
0.7042094
0.49409032
0.8115732
0.7910074
0.2714539
0.5508508
0.056005437
0.6962625
0.7539686
0.6425675
0.09289667
0.7527906
0.62277275
0.7718454
0.18218583
0.28396252
0.75096756
0.601874
0.90018797
0.79188573
0.86644727
0.7814134
0.8871324
0.8858296
0.7431676
0.6205807
0.91464627
0.81035155
0.8069113
0.46782774
0.7646136
0.89833057
0.011809105
0.49311256
0.8593651
0.86105704
0.9597219
0.05229437
0.2027193
0.8183077
0.73002964
0.88672453
0.9777905
0.9138872
0.883458
0.21609308
0.8913877
0.5601871
0.6745637
0.2267802
0.84853727
0.35365573
0.8671335
0.052661654
0.94696283
0.11271116
0.2683888
0.02832622
0.8996278
0.90118253
0.76326525
0.85474044
0.78479254
0.17973745
0.9099294
0.4343813
0.51632077
0.6116976
0.6996227
0.6464531
0.083243385
0.057464737
0.70853835
0.6921525
0.26067588
0.84404856
0.84419775
0.7834834
0.043727655
0.10595593
0.91782707
0.9741755
0.89794266
0.8937669
0.77461857
0.8511808
0.7636244
0.93572396
0.6017735
0.76965564
0.8186098
0.29815358
0.8930267
0.8715221
0.9005878
0.1669833
0.70462877
0.8398229
0.5159271
0.91172314
0.2436122
