0.4708204
0.18874183
0.5261716
0.5888696
0.74106276
0.40585262
0.7348057
0.4580211
0.05421715
0.6435104
0.5614415
0.30806747
0.5727958
0.7700618
0.77041185
0.8916563
0.74207765
0.8591344
0.4543533
0.9071703
0.081642665
0.2983423
0.6459803
0.63659215
0.78527683
0.20473684
0.658318
0.36988991
0.47839633
0.81037617
0.6886532
0.57979864
0.20430471
0.517331
0.1731969
0.17086805
0.18818083
0.7882445
0.513626
0.868727
0.868727
0.868727
0.868727
0.868727
0.868727
0.8667111
0.868727
0.08044163
0.57979864
0.5614415
0.67332846
0.52178067
0.6592668
0.37840724
0.061057314
0.73111546
0.36235797
0.42977333
0.7381553
0.6340446
0.26563558
0.10086704
0.41974625
0.29465526
0.5151465
0.21154195
0.58090216
0.55291915
0.1825899
0.7278655
0.115166016
0.2463355
0.7302733
0.6691448
0.7539203
0.5614415
0.7431358
0.57881624
0.026022144
0.17104636
0.19774342
0.6934052
0.78756607
0.5077819
0.8817291
0.64244753
0.12133548
0.047244202
0.7062558
0.10870547
0.4343706
0.58548534
0.76221645
0.23542643
0.092749625
0.5614415
0.24383385
0.5682587
0.8525027
0.05901079
0.0602035
0.039509937
0.80482554
0.3178308
0.24747926
0.6502514
0.48320046
0.71167946
0.5847582
0.28274208
0.5614415
0.6455819
0.30182013
0.6977163
0.85272133
0.13968933
0.7777915
0.14161618
0.13357107
0.6754492
0.037632838
0.5533231
0.20961168
0.23335424
0.34435198
0.43176368
0.6138002
0.77573836
0.8074364
0.7824435
0.5614415
0.23608147
0.6955235
0.7794916
0.8197708
0.80784434
0.6581099
0.84445155
0.7641113
0.4102651
0.66219056
0.30151516
0.7902273
0.2898707
0.6231289
0.16973232
0.927202
0.79850143
0.7701182
0.8446801
0.5767961
0.8390257
0.7223807
0.13151796
0.095742226
0.23073669
0.71837264
0.120738044
0.76335555
0.6534964
0.088693574
0.5614415
0.09234174
0.7099092
0.70922136
0.62890476
0.6791918
0.82317877
0.87235665
0.7504959
0.5258573
0.06542496
0.59147704
0.09893064
0.5614415
0.51641625
0.7425765
0.40192994
0.1872567
0.4875805
0.41083485
0.53903097
0.5254321
0.40499076
0.3101593
0.20089813
0.7955948
0.1698468
0.72518915
0.5683407
0.40166846
0.22178581
0.5140059
0.8002607
0.120486595
0.10791581
0.4887842
0.5975231
0.5614415
0.47485563
0.3185707
0.78452873
0.3185707
0.6796719
0.61259586
0.3584349
0.5769557
0.78997433
0.9216173
0.6438344
0.8799162
0.38379383
0.5352079
0.191118
0.5614415
0.6054904
0.11349205
0.063078105
0.7093469
0.2956487
0.67718667
0.614809
0.5579187
0.33752266
0.5987635
0.56531334
0.30854294
0.8228257
0.33524334
0.7405353
0.4952113
0.5695817
0.8031126
0.41145772
0.6904419
0.565787
0.5614415
0.26256278
0.88012373
0.7929346
0.26556647
0.3108061
0.8018231
0.70797324
0.18606798
0.7145258
0.8374596
0.6822562
0.5049844
0.8524771
0.2262478
0.5320695
0.5614415
0.33637702
0.33931172
0.7780063
0.43565336
0.07673844
0.16916919
0.79064876
0.7190108
0.36656567
0.3123034
0.09005779
0.83337355
0.53665954
0.12977082
0.2507316
0.6443377
0.7428732
0.4409061
0.51050687
0.5614415
0.51727307
0.26105663
0.04918789
0.77999085
0.5770893
0.72801644
0.1632762
0.36762035
0.9188224
0.66242754
0.67393285
0.77932364
0.07762047
0.6335347
0.5614415
0.734656
0.91615444
0.040177383
0.78670937
0.16524258
0.17183596
0.20606197
0.63683367
0.53520066
0.29497892
0.444418
0.18829457
0.30042294
0.13947868
0.1968055
0.5786177
0.18431392
0.15780737
0.5614415
0.17845611
0.69761884
0.0887142
0.10436523
0.050907817
0.49824923
0.4798545
0.6196034
0.18912913
0.27483287
