0.864582
0.45868298
0.47736627
0.8702413
0.41826838
0.06397163
0.48294082
0.20660932
0.528781
0.44109136
0.54626375
0.43811557
0.79855335
0.26046944
0.5178279
0.8814378
0.25902215
0.72438943
0.5011861
0.5201405
0.4880148
0.6229929
0.57915586
0.6018129
0.19845112
0.5695152
0.42582065
0.7999338
0.25450218
0.27026516
0.15140367
0.7878542
0.2538459
0.77815807
0.23674378
0.27140188
0.601489
0.10074054
0.09605762
0.09599141
0.58570373
0.7823311
0.2287017
0.15701623
0.36192593
0.3338128
0.06911118
0.34990752
0.8222197
0.17625342
0.39041957
0.77838075
0.35130394
0.8502771
0.09209611
0.35596144
0.31774384
0.48237666
0.62588644
0.3808447
0.33587894
0.6725385
0.5302516
0.80806875
0.7313247
0.3548632
0.90808874
0.15642536
0.39046738
0.85957843
0.19255191
0.24257109
0.52817535
0.6417328
0.78054804
0.5953769
0.429634
0.41611105
0.7794509
0.853806
0.2092081
0.144324
0.69140375
0.027290687
0.02341627
0.3815584
0.7757233
0.7937621
0.35294536
0.87682676
0.051064115
0.2883358
0.70807105
0.18543717
0.11888644
0.4344751
0.5430802
0.5757466
0.13359375
0.68350416
0.66136086
0.12930688
0.84330326
0.44144818
0.37218165
0.29331297
0.5068144
0.5068144
0.826643
0.4120373
0.7528802
0.6256078
0.6321555
0.870118
0.16404213
0.7980933
0.7963513
0.37607262
0.49925312
0.682812
0.81112504
0.78993267
0.25417593
0.8234207
0.58994347
0.30288547
0.09531252
0.7642783
0.41761178
0.4159168
0.105081074
0.64261615
0.052852884
0.64648515
0.6606007
0.028681535
0.11743661
0.13667157
0.27138048
0.6724483
0.102258675
0.8102107
0.46041837
0.57304066
0.9073017
0.7837561
0.67070705
0.06526298
0.17839046
0.106445454
0.14912087
0.7767268
0.6309657
0.29506236
0.31151617
0.42067653
0.6196205
0.79580706
0.27924547
0.75799954
0.8761341
0.30348766
0.6935737
0.54883784
0.7576544
0.3701542
0.68121386
0.35622883
0.21145481
0.2654831
0.56884813
0.5325981
0.19263765
0.49925312
0.23146799
0.15791745
0.7698117
0.86922157
0.5974697
0.69561356
0.57516605
0.4340384
0.86720574
0.77457976
0.89230496
0.3162107
0.46688235
0.083404854
0.6930165
0.5045969
0.7709859
0.61612725
0.48424017
0.46200252
0.5513493
0.3715592
0.49354768
0.08359747
0.4397951
0.058692455
0.498377
0.28658575
0.23097257
0.6124101
0.53077835
0.48209125
0.10490584
0.49492753
0.05362171
0.38212916
0.7826339
0.09095503
0.23120974
0.29920128
0.15798584
0.84457
0.39316136
0.4256216
0.9161211
0.5679243
0.54857564
0.31157583
0.4108718
0.2795212
0.38191682
0.43058908
0.15242341
0.91759104
0.3684514
0.58920777
0.65905625
0.46287566
0.8417519
0.90642697
0.4766337
0.82031345
0.5704734
0.23949516
0.7595158
0.5176202
0.5395827
0.79525566
0.6091437
0.26702002
0.5740956
0.094793774
0.5594799
0.80737925
0.38004887
0.34657398
0.27994683
0.14415799
0.66625065
0.53708255
0.37583318
0.23182644
0.065006204
0.8998426
0.37504485
0.10162963
0.03894611
0.46220523
0.7220696
0.36029208
0.5800407
0.46790922
0.77638745
0.4780719
0.34434637
0.7576544
0.20724306
0.5509561
0.042653754
0.27478403
0.75383806
0.805697
0.7719911
0.6873312
0.50718313
0.780673
0.03035503
0.61612105
0.38890332
0.6325269
0.5671994
0.31507012
0.53480554
0.79134065
0.41826838
0.71727896
0.027471496
0.55938464
0.16572405
0.17244485
0.7466469
0.8241508
0.119862884
0.89689964
0.26465076
0.16837898
0.7318923
0.69302404
0.2655033
0.8702413
0.09163379
0.083575584
0.51445985
0.4069469
0.58939594
0.8658237
0.07272363
0.083575584
0.28800285
0.2554929
0.69624406
0.38609537
0.38471738
0.4481821
0.5231429
0.7285814
0.43097097
0.81094915
0.5087379
0.51722366
0.7885092
0.7501555
0.100880265
0.7408728
0.45047858
0.6093414
0.22137463
0.9387232
0.37638107
0.77849454
0.23481211
0.40593076
0.31083182
0.75013256
0.70733505
0.14298862
0.6911144
0.6744024
0.75766575
0.5191855
0.16209657
0.35357353
0.38545862
0.4619138
0.4939
0.87907404
0.47344646
0.7911322
0.4072544
0.5919773
0.7888944
0.8542504
0.6600259
0.72977126
0.40235388
0.12691748
0.31343243
0.29450488
0.3203835
0.029348025
0.6669618
0.19768836
0.42874706
0.07750391
0.1310531
0.34435126
0.06912963
0.73126113
0.5990149
0.6774722
0.7464949
0.86909413
0.309922
0.82609224
0.33884645
0.6048426
0.16326714
0.58321583
0.4807057
0.2426655
0.52585685
0.78573817
0.062464215
0.25933847
0.57916576
0.024390088
0.5036834
0.16337532
0.19456881
0.6583328
0.27062184
0.6232233
0.60009223
0.015513873
0.72972924
0.5068144
0.5068144
0.53140247
0.35846987
0.7901062
0.41985607
0.07180525
0.30784398
0.8514145
0.5423581
0.45077488
0.26905656
0.7837561
0.7594935
0.31069666
0.28985396
0.6219654
0.13457343
0.13457343
0.61442155
0.7952588
0.66662425
0.81989926
0.87288296
0.83320254
0.28675252
0.14662886
0.5779129
0.62673163
0.53514063
0.8704625
0.3207783
0.18624766
0.4326168
0.36964184
0.10990732
0.7917123
0.1979301
0.62215686
0.80633515
0.724729
0.7234868
0.30683744
0.8042635
0.13044904
0.7312924
0.70484644
0.6853559
0.15537488
0.35955507
0.7781611
0.5943528
0.14100096
0.87634975
0.908672
0.43844026
0.7685728
0.78892565
0.21972272
0.5260908
0.05166831
0.41633168
0.8400067
0.58930564
0.80554
0.020909868
0.72033
0.03071851
0.81732774
0.049407084
0.30838206
0.71059006
0.09044751
0.6385341
0.17193845
0.87288296
0.7275281
0.6097626
0.80483246
0.5828839
0.68809146
0.79046893
0.8589865
0.5174182
0.3015556
0.7015474
0.6795004
0.1658739
0.05788523
0.2022442
0.701596
0.014985358
0.27494588
0.63098156
0.08336095
0.08336095
0.70421726
0.47008142
0.7336308
0.5663608
0.56163013
0.14576177
0.36913556
0.4895275
0.5087116
0.3652485
0.48054278
0.68812585
0.30169427
0.44550163
0.6097903
0.16979201
0.5902553
0.19598801
0.14760394
0.7989264
0.38046277
0.6458397
0.79425377
0.08026656
0.08640547
0.09242638
0.7741538
0.8052263
0.80902183
0.6825936
0.8155527
0.6610012
0.69386363
0.8036868
0.8036868
0.6109732
0.25826263
0.8036868
0.7141397
0.632595
0.7554369
0.72117037
0.69374484
0.46927506
0.647673
0.40548524
0.76074725
0.5676779
0.5676779
0.5676779
0.5068144
0.5676779
0.81287193
0.13352457
0.5438952
0.39150584
0.71491486
0.65398926
0.26561832
0.42084855
0.37262365
0.85251254
0.5241734
0.18424411
0.4279547
0.827788
0.2697517
0.020116014
0.31844544
0.7837561
0.8505511
0.79879135
0.10481173
0.020616217
0.77811795
0.8955924
0.59282696
0.5752868
0.507184
0.21684727
0.23400757
0.29795742
0.8447419
0.23106427
0.6802629
0.5956851
0.86985856
0.76366717
0.8372932
0.59052527
0.76074725
0.3209732
0.47411823
0.80684
0.015730707
0.5324382
0.44560775
0.29436105
0.78543204
0.5727061
0.37390152
0.7631407
0.03976368
0.5297872
0.26719505
0.17744546
0.64479023
0.7831015
0.14483337
0.7346878
0.40307015
0.63844556
0.68212646
0.82372713
0.78245497
0.2154141
0.11405958
0.57852846
0.7420377
0.57578725
0.6183549
0.18025248
0.80366856
0.617005
0.124720424
0.8366639
0.52215326
0.38110942
0.716772
0.31510714
0.86480683
0.12468678
0.52832425
0.58977646
0.36538833
0.17934918
0.7558301
0.7475863
0.5548711
0.5978747
0.7219804
0.39513555
0.34306845
0.3781496
0.105246805
0.88376534
0.7381931
0.14875515
0.14875515
0.65000135
0.14875515
0.6984055
0.6534337
0.38574895
0.37608433
0.84240454
0.36714202
0.68785214
0.15577064
0.26809543
0.8575441
0.7272695
0.70600945
0.768625
0.36214083
0.09324454
0.8292185
0.4979995
0.88344026
0.07147787
0.7336308
0.06672178
0.7749384
0.7107873
0.20462957
0.65670794
0.111831404
0.42287076
0.33430642
0.5912646
0.5940781
0.050683063
0.5888473
0.72377264
0.59277576
0.50531715
0.12991937
0.4686203
0.46799392
0.60233825
0.4598557
0.3405309
0.42423272
0.5166049
0.6593305
0.17313494
0.7085915
0.80418247
0.9379027
0.19861075
0.4682331
0.57922536
0.19443536
0.11372638
0.1978744
0.41705063
0.08802765
0.48496318
0.070376396
0.8204501
0.8086219
0.6679862
0.086003676
0.32109803
0.7581062
0.5141116
0.3760187
0.31193972
0.43608296
0.7088707
0.56479865
0.7857996
0.49836847
0.8026889
0.34199834
0.3714678
0.37794104
0.86168355
0.4326305
0.33544704
0.63961905
0.40620336
0.7641143
0.88590205
0.15231274
0.24724163
0.6798419
0.5168035
0.3922801
0.1581037
0.053550854
0.48476782
0.18631724
0.04368974
0.17144538
0.35768387
0.6906378
0.3295892
0.07893864
0.83432823
0.518715
0.47736627
0.5242456
0.7191888
0.3098171
0.24165569
0.4803208
0.047182847
0.74421966
0.063737705
0.31298363
0.6635021
0.5417971
0.50816476
0.27941084
0.56108946
0.7917146
0.6058912
0.19622253
0.60339975
0.60339975
0.60339975
0.80172396
0.60339975
0.7513756
0.09750454
0.5825982
0.6273855
0.7086031
0.54150105
0.0767374
0.5484604
0.1603768
0.1869998
0.24776207
0.4347327
0.4229784
0.73779136
0.20034477
0.6326371
0.37459585
0.63172525
0.88111985
0.79525566
0.786847
0.57304066
0.5633342
0.54040384
0.4880148
0.8150679
0.18930651
0.1976993
0.8030353
0.6707821
0.49056056
0.77177936
0.7242297
0.08093684
0.55775833
0.1560761
0.8221893
0.3617279
0.5759897
0.34990752
0.6800195
0.6640878
0.80612874
0.09834445
0.84227496
0.3808268
0.33313507
0.1185174
0.7837561
0.572251
0.38240978
0.09061923
0.5295021
0.5216687
0.8966793
0.4970538
0.53431445
0.3422263
0.018037073
0.5513852
0.41816822
0.4782478
0.84252137
0.582948
0.281857
0.4682752
0.34562838
0.014695705
0.51338226
0.32675692
0.2324347
0.32101935
0.1606791
0.57042545
0.12503938
0.21024707
0.024727833
0.7004841
0.2548251
0.5890898
0.7840558
0.29943305
0.7368007
0.55804354
0.2918823
0.697789
0.548442
0.25715342
0.6146735
0.66786844
0.61981785
0.19024378
0.6716927
0.08777295
0.35984823
0.87790906
0.23268965
0.067651525
0.4701825
0.30400077
0.3059352
0.53411204
0.09472735
0.12825888
0.42481163
0.3010942
0.75953114
0.3365777
0.4322568
0.6714487
0.06792461
0.5003976
0.7455813
0.3517206
0.23503782
0.17943926
0.6444016
0.05394626
0.77692455
0.250817
0.20196079
0.76425564
0.12930422
0.121299244
0.718113
0.23764554
0.41901505
0.7608917
0.12091921
0.19977829
0.42962742
0.1826439
0.5078379
0.6095701
0.40509707
0.21984552
0.72268283
0.6902051
0.49312252
0.72312564
0.17395847
0.76789254
0.7303014
0.69001627
0.6198527
0.69001627
0.30056024
0.35784996
0.69001627
0.6829173
0.3545337
0.5917919
0.42295063
0.48626438
0.78943974
0.38350052
0.7637479
0.42606133
0.1253587
0.634876
0.21472657
0.50074685
0.011872245
0.31612617
0.09460961
0.74081385
0.06991178
0.53983814
0.21543011
0.1243561
0.19419074
0.8358402
0.60492414
0.45061666
0.05163936
0.57304066
0.17741345
0.07964825
0.3486908
0.73502576
0.33421493
0.2571708
0.7370612
0.48581836
0.3170518
0.9044692
0.9145645
0.038673066
0.37451798
0.7589849
0.30767113
0.55664694
0.19940807
0.47017705
0.3285471
0.21866511
0.13791505
0.5567986
0.41826838
0.15310505
0.6032009
0.059002902
0.81752956
0.74467915
0.73361063
0.4384254
0.6213171
0.6282074
0.7220696
0.17174183
0.5068144
0.5270262
0.6385647
0.800427
0.7381432
0.4315269
0.23909573
0.4410939
0.552638
0.552638
0.552638
0.15843858
0.8529497
0.15993866
0.552638
0.2187552
0.18246858
0.81743866
0.5932447
0.16190591
0.71868074
