0.07454268
0.0329983
0.018642392
0.0342893
0.01018593
0.0049833083
0.50867563
0.012434516
0.43424016
0.5368063
0.013357143
0.03921592
0.030438794
0.013012595
0.022663794
0.03895969
0.0105393985
0.1829467
0.013178701
0.46466196
0.020170383
0.20832747
0.38684678
0.09866396
0.018598014
0.025038276
0.55512273
0.12914468
0.009644278
0.72030103
0.0066040335
0.16040333
0.7427738
0.073529825
0.01053609
0.007543718
0.022286247
0.0054421234
0.0043001445
0.006184775
0.20577401
0.16861543
0.010280875
0.840599
0.013353835
0.012089646
0.0033850647
0.016434282
0.1001896
0.008896176
0.015550881
0.18159126
0.017490119
0.11677633
0.0031004092
0.012755046
0.011881613
0.034950905
0.024441918
0.0487437
0.009138617
0.29440105
0.025402218
0.060191307
0.115634
0.09738639
0.023405425
0.839471
0.5955397
0.121309295
0.013214944
0.01042689
0.022701053
0.097007364
0.023578938
0.09356589
0.05565799
0.02815516
0.05473994
0.060429495
0.00918202
0.007874796
0.042533703
0.0020021475
0.0017014501
0.026453389
0.15586695
0.07413402
0.6387471
0.046197746
0.9448482
0.010769297
0.18901688
0.008367474
0.004005888
0.5566939
0.022620779
0.03881345
0.004189433
0.2514842
0.11558563
0.0060737715
0.08969754
0.5363702
0.026820716
0.699434
0.078153625
0.078153625
0.073328376
0.0402173
0.13217312
0.047937937
0.048801277
0.0747469
0.0058045415
0.02832596
0.025467414
0.11496971
0.02563167
0.018779002
0.045994904
0.0658258
0.009483216
0.102968775
0.37076017
0.016671987
0.9023368
0.02885224
0.01744338
0.04159561
0.005216052
0.3481804
0.0029256095
0.04504613
0.027276412
0.9701763
0.007850869
0.005305876
0.010708257
0.09998349
0.0039193523
0.039703287
0.017773245
0.025405494
0.03462787
0.12778711
0.024985269
0.93264425
0.81794745
0.005783243
0.005658702
0.09091063
0.040487498
0.008245989
0.019561026
0.0382409
0.05406518
0.028500862
0.010235629
0.20569833
0.034480985
0.014728483
0.21128885
0.021282416
0.06415922
0.011514915
0.031147474
0.018564813
0.008901743
0.008992791
0.07012905
0.068896264
0.007392662
0.02563167
0.010420661
0.8337744
0.07188418
0.044782583
0.07569178
0.07021218
0.018923141
0.025349991
0.026311781
0.043051675
0.039691094
0.012370975
0.014425156
0.9095233
0.21970078
0.031918466
0.029043779
0.12073987
0.035888113
0.039808743
0.4273073
0.018453578
0.4756728
0.0053441925
0.02438306
0.00355082
0.024044735
0.009956174
0.011363697
0.37225717
0.041974753
0.508897
0.89216596
0.05081255
0.003506779
0.61096203
0.119386785
0.008399383
0.74811256
0.008226367
0.8378915
0.11150886
0.020143986
0.45945007
0.027234834
0.023313558
0.04500154
0.015637396
0.0138417035
0.012458312
0.023985205
0.028764851
0.8436273
0.048572578
0.014576563
0.07183607
0.026046088
0.020881262
0.06503099
0.040676024
0.017727675
0.17135444
0.023763195
0.008037664
0.1901811
0.023531161
0.02117972
0.10545546
0.3468491
0.723855
0.032701872
0.9024644
0.032972846
0.036703765
0.6153119
0.016203528
0.018149532
0.005773053
0.04557424
0.03638123
0.010874725
0.007504155
0.0042483713
0.06436575
0.025183208
0.0034876035
0.0033708108
0.025135389
0.25796875
0.021987535
0.06228782
0.5267517
0.09792404
0.021297662
0.63204336
0.06415922
0.008651261
0.052111655
0.0034052238
0.0123076765
0.03925794
0.15461397
0.21107319
0.024752442
0.46910843
0.20106934
0.96846575
0.047743514
0.60058796
0.34607816
0.04746844
0.0066577825
0.039581884
0.15887213
0.01018593
0.03962229
0.9713966
0.027673457
0.0060484665
0.009646195
0.032645315
0.024713254
0.004075429
0.040246207
0.017971301
0.0068364684
0.2416761
0.027074829
0.012753014
0.0342893
0.90650755
0.91463983
0.047038063
0.015143019
0.40086567
0.03806753
0.9255927
0.91463983
0.021373278
0.7367027
0.045035925
0.027894638
0.030892363
0.01789472
0.027033746
0.2628428
0.013508649
0.07734097
0.04297148
0.04521349
0.13733704
0.02910334
0.0054678055
0.14909191
0.47220072
0.04306675
0.7737953
0.041251652
0.6174065
0.1403379
0.009190066
0.013754072
0.033566818
0.05499136
0.20156561
0.8543121
0.1847985
0.03162561
0.21649812
0.041865498
0.83298427
0.6241841
0.016442776
0.021151792
0.021135235
0.079309046
0.51551586
0.028901123
0.023709517
0.3725842
0.041130796
0.04966213
0.026321482
0.025466818
0.017513292
0.005154353
0.68068844
0.012724013
0.022938944
0.0019453261
0.12992062
0.0156153375
0.013419978
0.004423727
0.0038971927
0.019808037
0.0045484514
0.020336723
0.02310765
0.30398023
0.03258434
0.044341914
0.65263605
0.14001578
0.009968678
0.053176325
0.010397856
0.030128583
0.0191627
0.014122555
0.04028648
0.030515458
0.9337135
0.012366569
0.07909306
0.9725945
0.023384064
0.8324633
0.010611653
0.03516639
0.00976394
0.024737248
0.026476422
0.9834468
0.18081868
0.078153625
0.078153625
0.2673679
0.011366843
0.022014966
0.019442143
0.005528964
0.011321569
0.028061436
0.0545876
0.025050571
0.018173516
0.12778711
0.13665028
0.019235536
0.010815527
0.0204654
0.00685204
0.00685204
0.06498314
0.16472909
0.049129322
0.15146469
0.07133771
0.044775806
0.012128166
0.006100326
0.020980475
0.23516312
0.02206672
0.05075533
0.015854672
0.006742064
0.55740356
0.014993055
0.004332403
0.03507594
0.014371407
0.1995249
0.048229888
0.08283811
0.14230621
0.0121255005
0.0837637
0.0044495473
0.016298218
0.036819495
0.17177518
0.8337605
0.012883783
0.1940593
0.028343074
0.0070744893
0.065210186
0.033636604
0.54712343
0.03568274
0.08525394
0.01150925
0.025468072
0.0031321575
0.02416602
0.03268339
0.024977569
0.06787811
0.9770461
0.031239362
0.96836936
0.036731567
0.9496762
0.013206944
0.107780576
0.0045475997
0.021537501
0.823593
0.07133771
0.0441957
0.14625251
0.035218116
0.029007597
0.10661177
0.089946695
0.038283598
0.022021195
0.029106813
0.045529548
0.16684864
0.006701823
0.0064211898
0.007845657
0.2413862
0.98414963
0.025076391
0.026232474
0.0034400115
0.0034400115
0.26851586
0.05190442
0.025981365
0.020363715
0.051116
0.0051500485
0.027748257
0.023545267
0.42040396
0.026265174
0.020342601
0.047054093
0.015005109
0.02692772
0.043214697
0.82530177
0.04741185
0.0075685633
0.005439939
0.11539928
0.011664177
0.18579142
0.0375876
0.0030195208
0.0040749228
0.90544546
0.030801319
0.15526699
0.10679213
0.19513029
0.103921
0.086922295
0.021724386
0.14129367
0.14129367
0.09109651
0.016186843
0.14129367
0.033575147
0.043588337
0.020238135
0.03976481
0.019616112
0.070616275
0.027632702
0.029782027
0.03323431
0.04822971
0.04822971
0.04822971
0.078153625
0.04822971
0.08680242
0.0061992626
0.029410591
0.01105283
0.23109205
0.022924116
0.020663945
0.013440063
0.0101988865
0.023843843
0.019079017
0.006287336
0.56174135
0.04075411
0.010108013
0.9780864
0.018514847
0.12778711
0.03190513
0.16239281
0.007405538
0.97773355
0.076783806
0.07926817
0.07537372
0.036546793
0.037918277
0.778927
0.008885279
0.01612605
0.03912011
0.008407934
0.29667252
0.03278967
0.106706284
0.03800503
0.10803857
0.40061632
0.03323431
0.011040007
0.030072398
0.037405044
0.98164546
0.014188469
0.01130257
0.011231286
0.030342761
0.04229423
0.012943269
0.059356503
0.0026409347
0.044460945
0.01062426
0.8012258
0.34481218
0.072817795
0.008923763
0.033110943
0.024054447
0.044520937
0.06550578
0.1294079
0.035527334
0.012092585
0.006133406
0.05385952
0.04978379
0.02261323
0.01927189
0.0107533755
0.10290479
0.045485824
0.004170562
0.04166529
0.043261386
0.024855264
0.027460609
0.01249346
0.047356497
0.006437433
0.10545937
0.09600346
0.027372727
0.011226095
0.22870539
0.11691421
0.013062454
0.024094958
0.055807717
0.017108504
0.017156374
0.008477835
0.0035394332
0.06848663
0.03066721
0.008546847
0.008546847
0.050093956
0.008546847
0.018380748
0.014704964
0.015242202
0.01753247
0.07958431
0.024017971
0.04204584
0.0087641785
0.72140014
0.09941073
0.05549612
0.032652006
0.16131902
0.01252176
0.004080943
0.03069336
0.10316302
0.04196789
0.0029446653
0.025981365
0.931392
0.18427591
0.029896002
0.009003789
0.029503928
0.0047147516
0.56112736
0.66060317
0.021510363
0.051244516
0.0032436443
0.014877853
0.026968502
0.027049283
0.033346828
0.004580993
0.034886453
0.016164884
0.020984182
0.022309065
0.023531249
0.016370436
0.038539857
0.30965424
0.8222454
0.17304194
0.034940753
0.037381303
0.010938357
0.06493132
0.3992571
0.013839524
0.029961236
0.007253588
0.012506277
0.0041299355
0.015752368
0.0031596576
0.03204883
0.05094086
0.022742067
0.91185564
0.011997359
0.024920147
0.013139017
0.010246463
0.018965647
0.012143699
0.035330493
0.013751859
0.022201762
0.011997526
0.033620972
0.010384
0.042170696
0.04779557
0.032470107
0.5461978
0.010515865
0.029906243
0.03684673
0.027777415
0.04761745
0.0068974043
0.008050675
0.21307963
0.023753673
0.02420863
0.8378573
0.0050645703
0.021138273
0.010848351
0.0029108804
0.0073768436
0.021993874
0.016339524
0.009987663
0.0033189394
0.032588582
0.02240735
0.018642392
0.039340753
0.027255302
0.01219389
0.00976625
0.036737848
0.0023866433
0.07571525
0.0035192475
0.012152411
0.022429744
0.020659463
0.022611218
0.011003043
0.42660537
0.021173684
0.08439151
0.7889703
0.07202147
0.07202147
0.07202147
0.19154255
0.07202147
0.051913068
0.8959756
0.09277211
0.025689756
0.17997314
0.06355889
0.0060502477
0.032083668
0.007567004
0.80544037
0.009283319
0.022939257
0.021486117
0.08136485
0.00647309
0.06192744
0.04297872
0.021667559
0.030027986
0.10545546
0.10594791
0.025405494
0.021601811
0.032653235
0.020170383
0.052880578
0.0055323658
0.008838447
0.03583361
0.2852011
0.018893603
0.12697664
0.12393434
0.002980081
0.022531515
0.0081986645
0.047575656
0.014836889
0.023801057
0.016434282
0.15643547
0.027114836
0.033115715
0.0031953473
0.041714415
0.024213124
0.022324879
0.0080452
0.12778711
0.022095779
0.035022292
0.002933372
0.3008707
0.030695574
0.05261666
0.049472738
0.022866711
0.6468014
0.9808592
0.07171755
0.0239472
0.017354537
0.11143378
0.35740912
0.02201588
0.043496694
0.011783815
0.98422945
0.038315173
0.022174172
0.010165581
0.0125777675
0.015843088
0.027644001
0.8730741
0.010663338
0.9742741
0.06592408
0.011009245
0.023426484
0.14085871
0.01695063
0.16950127
0.15617459
0.024076233
0.025923602
0.08313024
0.012514284
0.156087
0.29828534
0.24668573
0.010547289
0.22974154
0.0060768537
0.63166964
0.08776953
0.016729819
0.928247
0.10622873
0.01126717
0.011095801
0.06215814
0.0050908215
0.005158137
0.017637972
0.01634923
0.029298512
0.0128792105
0.010853727
0.070988655
0.004116862
0.014207825
0.035144955
0.009465727
0.015738968
0.01018823
0.03292961
0.0030159785
0.034521982
0.012855038
0.007804194
0.077184185
0.0067113624
0.01336102
0.03148291
0.016276376
0.06639478
0.032774374
0.0073404186
0.0075142547
0.021315731
0.8120468
0.022246577
0.30415082
0.037928432
0.7749737
0.044345323
0.28739682
0.4692167
0.25182647
0.00567606
0.17204262
0.23101051
0.2897495
0.36361277
0.2897495
0.011145424
0.042567387
0.2897495
0.28503326
0.043918107
0.021853806
0.012996042
0.09647098
0.1371254
0.038493328
0.15643755
0.0692793
0.0059158755
0.11526612
0.008092255
0.023134228
0.98737913
0.01004702
0.005074928
0.21894808
0.92420423
0.05327067
0.014601931
0.007929426
0.79098964
0.023790516
0.047931798
0.01870251
0.002736792
0.025405494
0.007691309
0.0029193987
0.6192969
0.04257895
0.01697223
0.009609755
0.03789347
0.043196622
0.017159473
0.038425725
0.034384478
0.0034176584
0.010062999
0.16478853
0.021472214
0.08428605
0.012155291
0.04428959
0.49573755
0.012475317
0.0058358554
0.061682668
0.01018593
0.006824999
0.15135634
0.93911266
0.12545015
0.03817352
0.12020646
0.017449638
0.015807783
0.05581909
0.25796875
0.0055931527
0.078153625
0.15883304
0.024300765
0.08740756
0.040305883
0.041018426
0.012847839
0.034716643
0.022633396
0.022633396
0.022633396
0.8372909
0.030872608
0.005489716
0.022633396
0.0053247204
0.007930465
0.07958521
0.39632848
0.8338293
0.03583303
