0.16191453
0.048057668
0.6490776
0.0460558
0.20294216
0.5785698
0.08406877
0.09141357
0.058858693
0.1236277
0.66701055
0.6769745
0.038394846
0.37498742
0.1830609
0.2262133
0.40885085
0.17455502
0.028139068
0.10777438
0.04371814
0.1524186
0.78254545
0.45341906
0.18372133
0.09592747
0.43973196
0.00906122
0.69412994
0.069501385
0.30043146
0.058120217
0.591954
0.5785698
0.056010198
0.51055664
0.26100722
0.014908864
0.5395288
0.08041426
0.07708686
0.94603324
0.7052499
0.81576353
0.32325277
0.7217218
0.9521528
0.7904832
0.008206775
0.58735085
0.015034428
0.7348331
0.9028265
0.8698803
0.020741502
0.28414175
0.80745757
0.20949261
0.020741502
0.7374873
0.8274172
0.16555516
0.492748
0.006938051
0.023706611
0.5785698
0.071992174
0.10390377
0.3106081
0.6550603
0.49463406
0.48538804
0.7910588
0.20272799
0.800021
0.374388
0.071992174
0.015807282
0.5295081
0.042772155
0.1367029
0.68881243
0.68881243
0.061943654
0.0434151
0.21564665
0.020663397
0.6538187
0.89597076
0.8109937
0.023178337
0.07471086
0.5785698
0.03172727
0.7581828
0.77772176
0.31708267
0.10060946
0.77928036
0.105730146
0.70766884
0.63377166
0.06900929
0.05942704
0.21234332
0.68881243
0.014703878
0.40020227
0.009878583
0.8055685
0.56954974
0.5785698
0.9085102
0.28673077
0.39323726
0.13965775
0.01753518
0.07490231
0.16822156
0.6468813
0.16136286
0.0836135
0.0836135
0.07511153
0.0368118
0.5653278
0.9092874
0.52149075
0.20422482
0.063655876
0.44885862
0.6078864
0.036631364
0.9557011
0.006199597
0.44027734
0.795365
0.20433246
0.5785698
0.46800765
0.17074795
0.81452656
0.005231889
0.014342963
0.20945227
0.0777782
0.20062782
0.6864159
0.6222069
0.014987997
0.048396174
0.03613606
0.45935953
0.7585604
0.107412316
0.08233184
0.7179375
0.056942288
0.029349243
0.21280321
0.6509052
0.21018791
0.24697676
0.7805039
0.6004706
0.6004706
0.930981
0.058751293
0.5785698
0.09381083
0.17729846
0.004379412
0.7676428
0.41177619
0.38330716
0.046134233
0.20422482
0.7725253
0.46788147
0.46737853
0.7385009
0.057458602
0.0039857323
0.032909088
0.07176738
0.012020266
0.89714855
0.94917184
0.41614273
0.028412582
0.23124279
0.618204
0.015653593
0.5785698
0.29715428
0.0076787183
0.3009541
0.90817845
0.014424131
0.22387938
0.048619356
0.37547272
0.6674372
0.20422482
0.045446813
0.5785698
0.34927323
0.0195986
0.066230856
0.55470276
0.38349533
0.12650152
0.6700875
0.8427385
0.8055906
0.8446013
0.27067408
0.0038476905
0.8562432
0.6577459
0.64359576
0.37974495
0.73978436
0.089542195
0.020101188
0.03210943
0.87004703
0.512033
0.723277
0.013936891
0.6365886
0.5785698
0.03042823
0.22151403
0.31708267
0.15601705
0.11190491
0.3492852
0.021228472
0.78946203
0.67951435
0.015415933
0.46992484
0.6727865
0.2827761
0.30636105
0.59219843
0.9488063
0.6177018
0.5785698
0.0016345461
0.041465055
0.19067283
0.59751534
0.5918031
0.7754913
0.26010036
0.087122254
0.2760536
0.56352866
0.18078542
0.17526008
0.050072934
0.23853274
0.25146484
0.90209943
0.31114462
0.34834343
0.39315486
0.31111532
0.83556384
0.9286675
0.7956454
0.5477858
0.33311936
0.69462466
0.79296523
0.932037
0.17313695
0.34806728
0.8456465
0.5785698
0.05717183
0.18071885
0.67329824
0.88952845
0.010854673
0.1067507
0.6222669
0.8692064
0.16573478
0.04112562
0.13026248
0.97755677
0.09530945
0.09530945
0.09530945
0.09530945
0.7323948
0.5034337
0.46661645
0.75484484
0.6823307
0.6864503
0.010880717
0.2608316
0.007460601
0.007435156
0.6659723
0.25747815
0.021268059
0.49067676
0.15957923
0.017885445
0.067758106
0.31238452
0.27803004
0.07645023
0.062187973
0.052114025
0.19398086
0.6009815
0.36594608
0.8906863
0.08584787
0.15691209
0.7152724
0.52476263
0.66341966
0.003534324
0.16714668
0.28386393
0.12115513
0.7030675
0.41412437
0.09525704
0.08343029
0.5715041
0.06516551
0.28358358
0.32512105
0.16129938
0.56256765
0.2482391
0.8319686
0.047555674
0.36871454
0.058278847
0.047732625
0.57693595
0.081522055
0.6600028
0.3548574
0.5785698
0.075715154
0.008154447
0.5778978
0.5115529
0.64212567
0.017880484
0.25838667
0.10649143
0.822713
0.37793484
0.09030365
0.11363645
0.14463787
0.07109827
0.04856142
0.6033794
0.08419795
0.3655414
0.08253298
0.036390435
0.013799528
0.015810734
0.11616139
0.0038469818
0.12683153
0.80549
0.8589611
0.8589611
0.36069563
0.21820399
0.31162876
0.72662413
0.76910645
0.5785698
0.05821287
0.6990727
0.8117431
0.42368555
0.90813833
0.009720509
0.42207885
0.040540602
0.2398131
0.1285355
0.031786904
0.14142081
0.04573058
0.12619688
0.5620295
0.30892012
0.05004861
0.39504123
0.015316892
0.2611748
0.212177
0.5785698
0.17455502
0.92287946
0.5240065
0.7211667
0.15916435
0.43831903
0.7108449
0.11586953
0.66056305
0.62748414
0.46977895
0.78039336
0.19711284
0.078108236
0.73852694
0.33550492
0.20711729
0.30941117
0.34047183
0.17982696
0.61550474
0.7449508
0.16349925
0.23693411
0.518348
0.24731849
0.16082494
0.28148428
0.07073596
0.42932755
0.6334485
0.46174735
0.53019327
0.1210079
0.00273952
0.5785698
0.42984492
0.15809393
0.33488098
0.16604525
0.29589927
0.29589927
0.6176139
0.29589927
0.07492355
0.089007795
0.87063265
0.013807756
0.11429323
0.026824959
0.6370504
0.5785698
0.42295453
0.084721096
0.61130184
0.8137907
0.7870528
0.26889426
0.8629989
0.071327314
0.27082753
0.8931714
0.06665322
0.388507
0.0011063053
0.008139976
0.20716079
0.4319594
0.008900294
0.61960113
0.025196716
0.029561376
0.47585523
0.94213164
0.5785698
0.14853238
0.8483055
0.21865994
0.12788151
0.037029188
0.035429027
0.046854798
0.921636
0.4010924
0.005503081
0.23127764
0.15392284
0.020092247
0.05109383
0.4495245
0.017026225
0.88203406
0.89097726
0.0032200303
0.77331644
0.7534948
0.26535696
0.23379888
0.008502561
0.22006306
0.9505038
0.08388018
0.020788107
0.47763652
0.82814485
0.16266446
0.7765446
0.18289684
0.45494035
0.6842563
0.5785698
0.076014236
0.25239164
0.08740068
0.8275537
0.3655414
0.13142729
0.009399857
0.91226375
0.044059943
0.8780265
0.12848361
0.83148843
0.96548283
0.88931984
0.23478532
0.044892333
0.9679797
0.5842943
0.9132767
0.95121706
0.108237125
0.03332249
0.1509567
0.08808843
0.1108386
0.91993314
0.019391974
0.06875303
0.09097397
0.8283407
0.4359887
0.5861257
0.4385571
0.036750562
0.6547474
0.1458133
0.48256478
0.22450389
0.013227718
0.42295453
0.59206265
0.8335414
0.046359565
0.5785698
0.7943262
0.017011108
0.07495569
0.02987179
0.07535319
0.0038031377
0.18733646
0.0106684845
0.39218387
0.89857584
0.045659542
0.88456124
0.2258967
0.33349636
0.47954452
0.5690566
0.91836977
0.7080995
0.5373421
0.5785698
0.009429461
0.026690798
0.60908574
0.37118852
0.044033974
0.7899488
0.27923268
0.19634709
0.81757206
0.3655414
0.06465006
0.37746286
0.43934005
0.01721253
0.17060305
0.76817346
0.53966427
0.07689072
0.91331595
0.45100078
0.18907304
0.11147828
0.03927837
0.024728943
0.19570708
0.5070386
0.08880852
0.44291788
0.9372959
0.8543584
0.63582265
0.086033
0.86680573
0.18278597
0.57434994
0.019576384
0.056410708
0.44576383
0.5921571
0.24171549
0.002578522
0.83691555
0.08960891
0.6818019
0.5978333
0.5876301
0.5614851
0.55277234
0.5614851
0.57434994
0.5614851
0.58213675
0.6506847
0.6830539
0.023794767
0.5876301
0.5614851
0.57434994
0.5614851
0.5614851
0.5876301
0.5876301
0.5785698
0.5298623
0.5887601
0.27501455
0.026611814
0.07239215
0.2985442
0.29008475
0.2228445
0.73681575
0.021421429
0.8010162
0.8898247
0.11620076
0.5962048
0.6132984
0.6683646
0.90712464
0.9217809
0.6696368
0.013169081
0.50095683
0.030210927
0.35204116
0.25961372
0.65813464
0.8979734
0.43534204
0.04996405
0.11335941
0.5962048
0.04815505
0.3814396
0.08747455
0.058237974
0.6850641
0.05471676
0.13022727
0.027564997
0.8529652
0.70640117
0.17268151
0.8160072
0.9316811
0.7583048
0.7765756
0.79279274
0.48185256
0.79279274
0.04998464
0.9270636
0.10708555
0.08855219
0.024168449
0.52444154
0.3787063
0.6589739
0.49923074
0.04222232
0.8169712
0.65852433
0.4327895
0.018263662
0.5962048
0.7355967
0.85472816
0.009191537
0.09742684
0.08009743
0.05045843
0.14618056
0.425851
0.101512045
