0.72995734
0.6586612
0.8501588
0.8454753
0.43453377
0.20547378
0.47121423
0.41413078
0.5466403
0.7190328
0.66242754
0.73868304
0.83538604
0.33104205
0.63603824
0.6527722
0.7654557
0.51127094
0.45784417
0.54715925
0.03528232
0.32425925
0.83064103
0.4748586
0.86955565
0.7168426
0.22776069
0.48978457
0.774956
0.80231625
0.29183957
0.6802608
0.7223804
0.203228
0.054886263
0.47692212
0.8232518
0.5541978
0.31963357
0.80572003
0.14255752
0.19433141
0.47366142
0.5535623
0.06343478
0.28200918
0.7679206
0.54432106
0.87873334
0.5723793
0.77404964
0.23064438
0.77575916
0.19210142
0.36041126
0.6194502
0.21533921
0.17675577
0.8132862
0.55265063
0.6669776
0.49602887
0.81055343
0.64055115
0.5665946
0.29224005
0.6653872
0.66630703
0.5383537
0.7030273
0.5267736
0.63603824
0.61337477
0.7105151
0.19993906
0.22898607
0.52474713
0.52546185
0.43366775
0.7253096
0.13219911
0.79097134
0.53822917
0.05075999
0.6844822
0.51726615
0.6559889
0.47574794
0.37774146
0.28543523
0.7211704
0.2543084
0.20723808
0.7158622
0.32144174
0.57884336
0.7608127
0.75698936
0.27747634
0.7715102
0.84010077
0.6531659
0.07306041
0.25717476
0.5802938
0.75084
0.44475973
0.4092685
0.68343204
0.49031126
0.8637269
0.4084407
0.4700175
0.88314366
0.88990796
0.62521785
0.8735856
0.35346046
0.7769661
0.5267736
0.5163841
0.48626626
0.77004486
0.11370364
0.45478255
0.34528002
0.7624799
0.7624799
0.4908874
0.039307304
0.38203582
0.13123938
0.9380967
0.41228637
0.27477327
0.7624799
0.24763046
0.12572052
0.60846907
0.20647052
0.70103496
0.8639316
0.6091177
0.5267736
0.5531351
0.8037598
0.5267736
0.5267736
0.6370186
0.7476183
0.55241543
0.21635376
0.5483051
0.4965876
0.25989848
0.5759541
0.7630788
0.7751805
0.7119733
0.7553851
0.5339322
0.6512503
0.33699748
0.70245254
0.22900075
0.85952735
0.24336551
0.8589915
0.2012424
0.55077565
0.42883813
0.44575003
0.7940231
0.6899659
0.45544502
0.28515506
0.12476866
0.5531596
0.82336146
0.6973816
0.25843352
0.603111
0.66590166
0.7338121
0.47167218
0.084227346
0.47780573
0.801072
0.27273822
0.47780573
0.7592933
0.30316627
0.28580493
0.40467978
0.09051376
0.8039288
0.70130116
0.71572936
0.58190835
0.6172068
0.31683907
0.44736582
0.33250928
0.5892301
0.68460065
0.5892301
0.7637444
0.16235611
0.28656295
0.21451718
0.051165994
0.68288827
0.6810817
0.18329889
0.4162844
0.6941808
0.85491866
0.08913138
0.08510376
0.60160625
0.64883715
0.09099393
0.3925725
0.64521366
0.64634556
0.32385018
0.76769996
0.76769996
0.26639202
0.8179507
0.6052727
0.13134609
0.06796859
0.53177285
0.4270287
0.7555911
0.06516144
0.3822968
0.8391468
0.04661686
0.5859302
0.3182937
0.34073684
0.1532889
0.38816097
0.31290123
0.76368004
0.3362975
0.8038183
0.15346488
0.05430872
0.054566614
0.63603824
0.7030273
0.08445585
0.8825112
0.5574556
0.06621339
0.67544055
0.5503089
0.55107164
0.641339
0.6747616
0.8842204
0.20887288
0.17834863
0.76769996
0.67270464
0.6587671
0.13030832
0.25797975
0.18932411
0.74688196
0.706005
0.44837296
0.7271391
0.7005465
0.1188925
0.8422375
0.55277544
0.88161933
0.8424782
0.26387563
0.29152104
0.7362469
0.15454663
0.60405225
0.7555695
0.56836194
0.67568785
0.7933277
0.4216511
0.26194888
0.59743595
0.36546126
0.46010047
0.8579852
0.11618756
0.57065964
0.6130197
0.9084292
0.66493505
0.46739972
0.8013442
0.5557848
0.14201875
0.53991675
0.06884104
0.24286294
0.53374344
0.35972673
0.84366846
0.8191345
0.5133361
0.76027936
0.55562234
0.21120365
0.5267736
0.6573495
0.5981125
0.4658702
0.36914015
0.5721701
0.3657464
0.8448521
0.87414753
0.0813514
0.6813476
0.77290845
0.22112249
0.6916391
0.50787485
0.6674435
0.40143728
0.25256783
0.42768687
0.84138227
0.1399288
0.11820712
0.54079777
0.30165675
0.09471254
0.76473033
0.21837205
0.7762085
0.7321318
0.20056236
0.12880996
0.1429994
0.76668495
0.8209871
0.5763241
0.6879109
0.37707078
0.77835816
0.4757589
0.11087422
0.45390484
0.36205137
0.43905133
0.61153686
0.7939051
0.73153824
0.47635663
0.18999963
0.55265063
0.23239557
0.82997066
0.20850873
0.3998213
0.18650655
0.15746744
0.79587346
0.36839813
0.7672742
0.59805983
0.69149446
0.7895773
0.52621704
0.5422417
0.19522533
0.22745685
0.42378637
0.33926752
0.8209871
0.6314356
0.61784583
0.66055775
0.39017966
0.099370316
0.7939051
0.24701078
0.8673859
0.52987623
0.76807165
0.5267736
0.88729644
0.7912568
0.5022498
0.72742015
0.65135664
0.7798869
0.7798869
0.7798869
0.6864895
0.21022105
0.2676447
0.40239143
0.73209244
0.63603824
0.38106477
0.5523829
0.38632837
0.122220255
0.83256096
0.7429631
0.3220624
0.12558235
0.6824573
0.08773219
0.83900326
0.18034384
0.842076
0.64115953
0.5972161
0.6732038
0.6738164
0.6876235
0.17667846
0.27347136
0.3808453
0.89261943
0.69013584
0.39785793
0.31683907
0.66369766
0.8961226
0.07643631
0.48234096
0.18381369
0.06361062
0.10675285
0.6002738
0.5081606
0.6002429
0.6795078
0.7714672
0.4453251
0.1642849
0.4934916
0.3138374
0.101168975
0.06676186
0.63096315
0.675827
0.32342163
0.50880116
0.36793506
0.5613168
0.6742491
0.6966452
0.07907699
0.34485257
0.8126317
0.74159354
0.7188629
0.77640545
0.6628794
0.6309929
0.7466435
0.5418107
0.30058682
0.54165375
0.66604155
0.62853444
0.64832795
0.6469472
0.6469472
0.6469472
0.63094527
0.664639
0.4172192
0.12540987
0.05313386
0.32937238
0.27020288
0.22704336
0.64580846
0.2520979
0.59258205
0.58568054
0.55373514
0.68839735
0.6804844
0.053477004
0.5267736
0.190217
0.20603217
0.26553792
0.74103695
0.4153239
0.74429893
0.8088615
0.15220636
0.5761423
0.5449011
0.20159274
0.5267736
0.88251585
0.8275571
0.5267736
0.8844437
0.6358307
0.6358307
0.073923804
0.56217295
0.21496017
0.20424654
0.21513751
0.084648415
0.8238404
0.51045394
0.5177747
0.51045394
0.4034667
0.19224459
0.24770308
0.41958213
0.464239
0.7672742
0.7672742
0.7672742
0.13934581
0.1814154
0.4546431
0.6570358
0.5006686
0.60942054
0.78444326
0.030315729
0.1846124
0.18891695
0.15905356
0.07769234
0.82775736
0.3110652
0.6369615
0.15310667
0.1535667
0.15310667
0.15310667
0.1735113
0.71141714
0.48842075
0.72657895
0.55849737
0.15490782
0.35061955
0.28076684
0.6786521
0.2627954
0.10297992
0.80300146
0.23417664
0.5773759
0.701282
0.2149444
0.14710936
0.3705147
0.7228336
0.4149344
0.43064323
0.029810522
0.23564032
0.70736766
0.63265187
0.5177747
0.03508968
0.7609111
0.22336777
0.026674552
0.76426995
0.7449537
0.05023481
0.30002868
0.6835881
0.37847874
0.3376451
0.53426063
0.10523351
0.44517297
0.7210489
0.8239806
0.8795666
0.33675644
0.70209974
0.19743079
0.8209855
0.50103766
0.47861448
0.51547766
0.09587756
0.7892633
0.42884487
0.21093
0.03892596
0.57975054
0.33170465
0.14749816
0.9028439
0.45709768
0.33354643
0.6756892
0.72818696
0.6511845
0.21278737
0.047663733
0.3421944
0.64961374
0.64961374
0.6511845
0.6198157
0.64726007
0.5682513
0.6302412
0.61073476
0.81074625
0.50147444
0.092352495
0.56443906
0.2287857
0.5177747
0.51045394
0.51045394
0.12467182
0.38720152
0.64906496
0.54257107
0.07416238
0.63603824
0.061077062
0.14117667
0.28568995
0.83654463
0.7966725
0.110283844
0.76142037
0.432855
0.40332797
0.73921335
0.26166248
0.8457467
0.21250142
0.23644759
0.80205876
0.2568492
0.7325914
0.5177747
0.41690147
0.53819937
0.68839735
0.18367952
0.18367952
0.4461511
0.47210357
0.7249991
0.34303343
0.4090773
0.30184907
0.81568235
0.7981195
0.19395716
0.34021863
0.6523717
0.37826616
0.5893197
0.73949987
0.09131074
0.4839841
0.6825782
0.78570783
0.6190524
0.3574173
0.34327337
0.48901466
0.19556904
0.71946144
0.43265817
0.32760486
0.52474713
0.67976385
0.5641697
0.85539806
0.2061726
0.3295447
0.832656
0.60023946
0.48775408
0.54908496
0.5722932
0.8008219
0.67416835
0.17915212
0.04382381
0.5067519
0.07842001
0.29501677
0.7346552
0.613479
0.08381335
0.48011157
0.29119492
0.30175182
0.31708568
0.6635083
0.3201155
0.1661063
0.8891535
0.7469938
0.5669086
0.30340677
0.50380176
0.707612
0.6717094
0.63347083
0.9221849
0.36850783
0.69260806
0.44688225
0.53515446
0.7387081
0.6242519
0.7301308
0.83001065
0.73067343
0.5733022
0.1413002
0.09135222
0.8027388
0.8778846
0.07138139
0.58011246
0.6180292
0.65388066
0.3960811
0.3960811
0.3960811
0.33366004
0.34574428
0.74204165
0.28317392
0.08283624
0.6416759
0.31683907
0.5905902
0.57677364
0.66396207
0.85187197
0.32343176
0.7555154
0.65049136
0.3897771
0.3897771
0.51331633
0.50995404
0.5100742
0.63603824
0.29248992
0.63309056
0.4850292
0.86270154
0.64137286
0.16747943
0.88293636
0.32308093
0.5620037
0.7188629
0.7628426
0.058182605
0.09719863
0.2674264
0.21245866
0.19189765
0.50511867
0.36115876
0.2820696
0.6947593
0.7853549
0.06690885
0.14307177
0.40044832
0.67416835
0.6988073
0.5496786
0.40051356
0.5354233
0.39681947
0.5757796
0.6185447
0.68520415
0.65111727
0.29166198
0.30148858
0.12497163
0.69309986
0.5496436
0.75695574
0.3690832
0.5409171
0.6144974
0.63953316
0.3806419
0.7398449
0.5486689
0.07428185
0.53366053
0.5227858
0.76715744
0.24750637
0.6731236
0.14482513
0.5472869
0.8840165
0.4116616
0.51938856
0.4903491
0.5160207
0.5294727
0.10888374
0.7068298
0.46479854
0.4050352
0.6630706
0.34565178
0.67416835
0.25925684
0.24713354
0.8917803
0.5160007
0.14138798
0.26838246
0.55224305
0.47716087
0.16440785
0.59465814
0.6872571
0.11416218
0.15883164
0.17495306
0.8157012
0.5955968
0.21921389
0.3799646
0.64730734
0.87855643
0.45370737
0.6108777
0.8414274
0.83081806
0.66952217
0.4616261
0.647832
0.5677485
0.5964539
0.76168233
0.5971201
0.8475263
0.5396106
0.8043495
0.65663034
0.4172303
0.19654666
0.67416835
0.67416835
0.070308074
0.12087852
0.16775852
0.6505019
0.33859625
0.7569217
0.24057594
0.6717306
0.69854605
0.19161816
0.070019856
0.13651331
0.6956421
0.1391569
0.13245505
0.5646215
0.4204704
0.4847246
0.62632793
0.81107336
0.65558594
0.8963351
0.1688808
0.8847434
0.04018415
0.8235987
0.48883244
0.40937993
0.63457257
0.64926565
0.5613452
0.49164113
0.6957637
0.42221937
0.70560104
0.8065628
0.17536224
0.05185482
0.22989249
0.6863056
0.17607161
0.18867601
0.6117854
0.24070933
0.6731021
0.53423774
0.7078631
0.56601566
0.17530003
0.60097426
0.85864764
0.64559853
0.7345854
0.55519944
0.040887002
0.65650374
0.88285685
0.76067144
0.8177548
0.84269685
0.53505796
0.30506113
0.029949171
0.087142475
0.8728148
0.72598636
0.49742576
0.2372728
0.41097623
0.8133663
0.7017212
0.43349466
0.5374764
0.26355785
0.65758383
0.48530272
0.46686894
0.65638596
0.6960003
0.25795886
0.17550299
0.24150035
0.0974136
0.8081335
0.69982046
0.41156656
0.46684512
0.6093209
0.6255936
0.29186714
0.5902725
0.4654824
0.53243315
0.8220084
0.10456235
0.30417702
0.096419126
0.13565008
0.07442366
0.78291357
0.34819102
0.37480074
0.7121025
0.5541106
0.590489
0.077739485
0.33781308
0.86471206
0.29421207
0.682531
0.17789611
0.7255694
0.2093103
0.64710426
0.20615698
0.721624
0.35727343
0.25025535
0.5068335
0.69589275
0.39338705
0.20348242
0.6784405
0.02653163
0.5843681
0.20967999
