(QUERY): 'AMERICAN-MUSLIM' '09'
Negative Neutral Positive
0.4869575500488281 0.5022176504135132 0.01082482561469078 
0.5532575249671936 0.42248883843421936 0.0242536049336195 
0.3500964045524597 0.6390709280967712 0.01083274744451046 
0.9081594347953796 0.08715054392814636 0.004689930472522974 
0.6892834901809692 0.30121275782585144 0.009503741748631 
0.9414145350456238 0.0542827732861042 0.004302749875932932 
0.7308270335197449 0.2589259147644043 0.010247042402625084 
0.7112646102905273 0.2820267379283905 0.006708631291985512 
0.3292495608329773 0.6495888233184814 0.02116168849170208 
0.8892092704772949 0.10562139004468918 0.005169437266886234 
0.7109230756759644 0.2753121852874756 0.013764710165560246 
0.873360812664032 0.12068431824445724 0.005954815074801445 
0.727096438407898 0.2622374892234802 0.010666084475815296 
0.02718045376241207 0.8639310598373413 0.10888856649398804 
0.8970826268196106 0.09484990686178207 0.00806750450283289 
0.6645733118057251 0.3193753957748413 0.016051270067691803 
0.8561368584632874 0.14079713821411133 0.003065945114940405 
0.3402581214904785 0.6360841393470764 0.02365775592625141 
0.3402581214904785 0.6360841393470764 0.02365775592625141 
0.8000179529190063 0.19203932583332062 0.007942775264382362 
0.001326251425780356 0.16143961250782013 0.8372341394424438 
0.002841321751475334 0.6695116758346558 0.32764697074890137 
0.8597396016120911 0.13444258272647858 0.005817926488816738 
0.552466869354248 0.4271640479564667 0.020369088277220726 
0.43439528346061707 0.5302913188934326 0.03531339392066002 
0.8961966633796692 0.09916182607412338 0.004641401581466198 
0.24135425686836243 0.735549807548523 0.02309594303369522 
0.7887241840362549 0.20357002317905426 0.007705731317400932 
0.8362181782722473 0.15740922093391418 0.00637256633490324 
0.7997937798500061 0.195171520113945 0.0050347051583230495 
0.7694956660270691 0.21855786442756653 0.011946500279009342 
0.6793162822723389 0.30069321393966675 0.01999048702418804 
0.7402333617210388 0.244490846991539 0.01527576893568039 
0.5833311080932617 0.37644505500793457 0.04022379219532013 
0.8956669569015503 0.09812187403440475 0.006211100146174431 
0.5067904591560364 0.47780317068099976 0.015406368300318718 
0.8124170303344727 0.18074721097946167 0.0068357884883880615 
0.7966826558113098 0.17650707066059113 0.0268101766705513 
0.6590800881385803 0.3217661380767822 0.01915372721850872 
0.22721438109874725 0.7396355867385864 0.03315002843737602 
0.919483482837677 0.07492562383413315 0.005590863525867462 
0.6325157880783081 0.3471599817276001 0.02032422088086605 
0.6445274353027344 0.34659895300865173 0.00887363962829113 
0.886412501335144 0.10735097527503967 0.0062365359626710415 
0.9641232490539551 0.03308480978012085 0.0027919348794966936 
0.5789352655410767 0.4067402780056 0.014324432238936424 
0.8650138974189758 0.1235634833574295 0.011422691866755486 
0.7801879644393921 0.20796990394592285 0.011842112056910992 
0.3390176594257355 0.6175339818000793 0.043448418378829956 
0.24485856294631958 0.7032557725906372 0.0518856979906559 
0.714017391204834 0.24962908029556274 0.03635362163186073 
0.22739805281162262 0.7245137691497803 0.04808816313743591 
0.13434818387031555 0.7159907817840576 0.14966100454330444 
0.020357444882392883 0.8539336919784546 0.12570889294147491 
0.24470564723014832 0.5965346693992615 0.1587597131729126 
0.5107941031455994 0.42922404408454895 0.05998184531927109 
0.8605411052703857 0.13486701250076294 0.004591867793351412 
0.07517612725496292 0.41950932145118713 0.5053145289421082 
0.0012443921295925975 0.018638048321008682 0.9801176190376282 
0.785729169845581 0.20836703479290009 0.005903791170567274 
0.8498064875602722 0.14605370163917542 0.004139861091971397 
0.21859322488307953 0.7299973368644714 0.05140950530767441 
0.21789070963859558 0.6481518149375916 0.13395746052265167 
0.7737465500831604 0.21985290944576263 0.006400559563189745 
0.8029446601867676 0.19222235679626465 0.004832922481000423 
0.1675085425376892 0.7934881448745728 0.03900333493947983 
0.44553205370903015 0.49201449751853943 0.06245343014597893 
0.4334186613559723 0.5204295516014099 0.0461517870426178 
0.6032575964927673 0.37857264280319214 0.018169771879911423 
0.937344491481781 0.060474198311567307 0.0021812510676681995 
0.7444615960121155 0.2481045424938202 0.007433902472257614 
0.912664532661438 0.08319054543972015 0.004144957289099693 
0.6233220100402832 0.35384994745254517 0.02282807230949402 
0.9018503427505493 0.09416170418262482 0.003987958189100027 
0.19778376817703247 0.5465332269668579 0.25568297505378723 
0.4024052321910858 0.48491570353507996 0.11267906427383423 
0.013774175196886063 0.9229345917701721 0.0632912814617157 
0.2808269262313843 0.6858171224594116 0.033355943858623505 
0.006900666747242212 0.4621206521987915 0.5309786796569824 
0.10184914618730545 0.8507869839668274 0.04736393690109253 
0.9101618528366089 0.0835891142487526 0.006249052472412586 
0.0014408009592443705 0.124059297144413 0.8744999170303345 
0.5928353667259216 0.3911438584327698 0.016020745038986206 
0.5348206758499146 0.4441940486431122 0.020985258743166924 
0.2592350244522095 0.6675777435302734 0.07318717241287231 
0.12182197719812393 0.8456355333328247 0.03254255652427673 
0.7475292086601257 0.237737774848938 0.014733021147549152 
0.03228411823511124 0.924668550491333 0.04304731264710426 
0.03301059082150459 0.7331864237785339 0.23380301892757416 
0.036958932876586914 0.9375367164611816 0.025504326447844505 
0.5165390968322754 0.45682254433631897 0.02663840912282467 
0.7563982009887695 0.23307442665100098 0.010527444072067738 
0.8063528537750244 0.1849888414144516 0.008658383972942829 
0.9157277941703796 0.08090855926275253 0.003363606985658407 
0.9087172746658325 0.08857149630784988 0.0027112069074064493 
0.6927631497383118 0.2929823398590088 0.01425456814467907 
0.6926147937774658 0.297346293926239 0.010038918815553188 
0.9544277787208557 0.04300462082028389 0.0025676290970295668 
0.581600546836853 0.39909449219703674 0.019304923713207245 
0.8590208292007446 0.1334514021873474 0.0075277285650372505 
0.0074391718953847885 0.2753942310810089 0.7171666622161865 
0.9618199467658997 0.0360366590321064 0.0021433918736875057 
0.9648691415786743 0.033176522701978683 0.0019542996305972338 
0.7008264660835266 0.2884668707847595 0.010706630535423756 
0.9422134160995483 0.05441552400588989 0.0033711078576743603 
0.35633376240730286 0.572333037853241 0.07133320719003677 
0.6448823809623718 0.3502163290977478 0.00490129180252552 
0.8896890878677368 0.10681220889091492 0.0034986960235983133 
0.44422343373298645 0.5262796878814697 0.02949688956141472 
0.5411400198936462 0.3715595602989197 0.08730040490627289 
0.1845923364162445 0.7565887570381165 0.05881884694099426 
0.8691561222076416 0.12325198203325272 0.007591961417347193 
0.39786869287490845 0.5841081738471985 0.018023114651441574 
0.6014491319656372 0.38064050674438477 0.017910374328494072 
0.4538249969482422 0.5162392854690552 0.029935697093605995 
0.5124579668045044 0.45735234022140503 0.030189713463187218 
0.4135359823703766 0.5545973777770996 0.0318666510283947 
0.6095653176307678 0.3727886378765106 0.017646128311753273 
0.5538389682769775 0.3901740610599518 0.055986929684877396 
0.6019211411476135 0.36557039618492126 0.03250842168927193 
0.043502919375896454 0.6304013133049011 0.3260957598686218 
0.39629533886909485 0.5798144936561584 0.02389010787010193 
0.3199748396873474 0.6415544748306274 0.038470637053251266 
0.7536162734031677 0.23665109276771545 0.009732685983181 
0.8571153283119202 0.13857173919677734 0.004312971141189337 
0.40950778126716614 0.5517987012863159 0.03869349882006645 
0.9015198349952698 0.09422167390584946 0.004258482251316309 
0.46660980582237244 0.5061073303222656 0.02728278934955597 
0.8641945123672485 0.1283150613307953 0.007490471471101046 
0.7934834361076355 0.1960785835981369 0.01043794397264719 
0.5793691277503967 0.38982272148132324 0.03080814518034458 
0.15597866475582123 0.7873833775520325 0.05663789063692093 
0.5660610198974609 0.4178861081600189 0.016052892431616783 
0.4452916383743286 0.5301873683929443 0.0245209913700819 
0.9049090147018433 0.09201514720916748 0.0030757603235542774 
0.08589447289705276 0.8803362846374512 0.033769238740205765 
0.8944392204284668 0.10069342702627182 0.004867296665906906 
0.9120648503303528 0.0850721076130867 0.0028629738371819258 
0.9120648503303528 0.0850721076130867 0.0028629738371819258 
0.9078987836837769 0.08917959779500961 0.0029216757975518703 
0.005794334225356579 0.17691919207572937 0.817286491394043 
0.5367481708526611 0.43568840622901917 0.027563409879803658 
0.3637331426143646 0.6001133918762207 0.036153409630060196 
0.16432607173919678 0.6447797417640686 0.190894216299057 
0.030265429988503456 0.5303945541381836 0.4393400251865387 
0.38644328713417053 0.555686891078949 0.057869814336299896 
0.6115764379501343 0.36764952540397644 0.02077411115169525 
0.7185758352279663 0.2721468508243561 0.009277364239096642 
0.5326442122459412 0.4416795074939728 0.0256763007491827 
0.9313225746154785 0.06570393592119217 0.0029734682757407427 
0.269471675157547 0.6355044841766357 0.09502381086349487 
0.03484731540083885 0.5410512685775757 0.42410147190093994 
0.5107941031455994 0.42922404408454895 0.05998184531927109 
0.37497320771217346 0.5348477959632874 0.09017901122570038 
0.7360763549804688 0.2519247233867645 0.011998945847153664 
0.7240275144577026 0.26081040501594543 0.015162141062319279 
0.520595371723175 0.4630054235458374 0.016399165615439415 
0.1360679566860199 0.6950404644012451 0.16889165341854095 
0.6128109097480774 0.3742416203022003 0.012947412207722664 
0.8245174288749695 0.16972759366035461 0.005755010060966015 
0.04035083204507828 0.8320620059967041 0.1275871992111206 
0.8318781852722168 0.15682260692119598 0.011299151927232742 
0.8793071508407593 0.11450333893299103 0.006189457140862942 
0.033343493938446045 0.41612836718559265 0.5505281686782837 
0.9128033518791199 0.082572340965271 0.0046243248507380486 
0.5562043190002441 0.40987133979797363 0.033924344927072525 
0.8137379288673401 0.17661833763122559 0.009643674828112125 
0.6529812812805176 0.33537158370018005 0.011647172272205353 
0.7767953276634216 0.2152331918478012 0.007971503771841526 
0.2739529609680176 0.6385964155197144 0.08745063096284866 
0.5173066258430481 0.40871259570121765 0.07398076355457306 
0.9427557587623596 0.05388730764389038 0.0033569438382983208 
0.13491599261760712 0.763286828994751 0.1017971783876419 
0.6234503388404846 0.368721067905426 0.007828563451766968 
0.9558873176574707 0.04114539176225662 0.0029673080425709486 
0.11009954661130905 0.8040116429328918 0.08588879555463791 
0.9038538336753845 0.09057565778493881 0.005570489447563887 
0.6253955364227295 0.30956485867500305 0.06503961980342865 
0.9107972979545593 0.08620084822177887 0.0030018510296940804 
0.8469123840332031 0.14734461903572083 0.005743048153817654 
0.03552302345633507 0.9022656083106995 0.06221133843064308 
0.27489402890205383 0.6403140425682068 0.08479190617799759 
0.4323693811893463 0.5104587078094482 0.05717192962765694 
0.9212490320205688 0.07431463897228241 0.004436354152858257 
0.3916260004043579 0.5819975137710571 0.02637648582458496 
0.8599317669868469 0.13594675064086914 0.0041214413940906525 
0.8385266661643982 0.1567453145980835 0.004728047642856836 
0.11113539338111877 0.8554129600524902 0.033451713621616364 
0.09457748383283615 0.8232129216194153 0.08220962435007095 
0.37021660804748535 0.5757865309715271 0.05399689823389053 
0.31057849526405334 0.6033142805099487 0.08610726147890091 
0.9090903997421265 0.08825315535068512 0.0026564495638012886 
0.9269039630889893 0.06938842684030533 0.003707620780915022 
0.4090397357940674 0.501162052154541 0.0897982269525528 
0.22813165187835693 0.7437259554862976 0.028142381459474564 
0.29140737652778625 0.5984606146812439 0.11013204604387283 
0.7827070355415344 0.21188496053218842 0.005408004391938448 
0.8748457431793213 0.12205234169960022 0.003101864829659462 
0.8205509185791016 0.16344372928142548 0.0160053838044405 
0.41007688641548157 0.5505289435386658 0.03939414396882057 
0.6338857412338257 0.35510021448135376 0.011014048010110855 
0.6588610410690308 0.3335692584514618 0.00756977591663599 
0.9529129266738892 0.044392481446266174 0.0026945907156914473 
0.4366566836833954 0.5097751617431641 0.05356818065047264 
0.3250197470188141 0.5439919233322144 0.1309882551431656 
0.9497956037521362 0.047629859298467636 0.0025745180901139975 
0.07922075688838959 0.8855771422386169 0.03520210459828377 
0.5125686526298523 0.45092475414276123 0.036506637930870056 
0.765070378780365 0.22810883820056915 0.006820762995630503 
0.8756386637687683 0.11965799331665039 0.004703386686742306 
0.8717248439788818 0.12347569316625595 0.004799429327249527 
0.3816770613193512 0.59219890832901 0.02612406387925148 
0.7582129240036011 0.2334776669740677 0.008309407159686089 
0.14479929208755493 0.7895409464836121 0.0656597912311554 
0.5390663743019104 0.44580644369125366 0.01512718666344881 
0.735059380531311 0.2438938319683075 0.02104676328599453 
0.009319130331277847 0.2145368903875351 0.7761440277099609 
0.4507254660129547 0.5373948812484741 0.011879673227667809 
0.5075769424438477 0.481733113527298 0.010689937509596348 
0.9220079183578491 0.073745958507061 0.004246171563863754 
0.4784447252750397 0.488057017326355 0.03349827602505684 
0.8954683542251587 0.09790167957544327 0.00662991451099515 
0.15758684277534485 0.6422561407089233 0.20015697181224823 
0.7993553876876831 0.18580110371112823 0.014843541197478771 
0.7913148999214172 0.20128196477890015 0.007403186988085508 
0.809302568435669 0.1799912005662918 0.010706255212426186 
0.5850383639335632 0.4005657732486725 0.014395887963473797 
0.8107315897941589 0.18200622498989105 0.0072622643783688545 
0.8325790762901306 0.15950582921504974 0.007915099151432514 
0.8493736386299133 0.1443193256855011 0.006306924391537905 
0.5883628726005554 0.39068955183029175 0.02094762586057186 
0.8644952178001404 0.13060283660888672 0.004901933949440718 
0.6754273772239685 0.31126129627227783 0.01331136841326952 
0.006163917947560549 0.9008548259735107 0.09298127144575119 
0.6380401253700256 0.3511473834514618 0.010812515392899513 
0.8724660873413086 0.12168920040130615 0.00584467314183712 
0.45829886198043823 0.5220004320144653 0.01970074325799942 
0.5634973049163818 0.42017266154289246 0.016330020502209663 
0.7225486040115356 0.26387038826942444 0.013581031933426857 
0.6403643488883972 0.3289169371128082 0.03071865811944008 
0.7283912897109985 0.25540971755981445 0.01619894988834858 
0.9101236462593079 0.08721987158060074 0.002656493103131652 
0.013210026547312737 0.9455179572105408 0.041272006928920746 
0.07813308387994766 0.8605359792709351 0.06133090332150459 
0.7372859120368958 0.24611781537532806 0.016596242785453796 
0.38552001118659973 0.45634281635284424 0.15813712775707245 
0.1008920893073082 0.8545100688934326 0.04459789767861366 
0.10970082879066467 0.7300255298614502 0.16027362644672394 
0.8794382810592651 0.11366584151983261 0.00689583458006382 
0.8154333829879761 0.17257387936115265 0.011992715299129486 
0.8887185454368591 0.10708361864089966 0.004197784699499607 
0.5941094756126404 0.3930811583995819 0.012809323146939278 
0.6863492727279663 0.30214494466781616 0.01150585524737835 
0.8403381705284119 0.15595677495002747 0.0037050258833914995 
0.6526801586151123 0.33475741744041443 0.012562437914311886 
0.11333749443292618 0.7901767492294312 0.09648574888706207 
0.9350014925003052 0.06154554709792137 0.0034530002158135176 
0.8354770541191101 0.1599787026643753 0.004544250667095184 
0.003947637043893337 0.8367112874984741 0.15934108197689056 
0.776107907295227 0.21292102336883545 0.010971042327582836 
0.32041096687316895 0.6582466959953308 0.021342309191823006 
0.02710213139653206 0.745538592338562 0.22735930979251862 
0.3790963888168335 0.5857419371604919 0.03516165167093277 
0.5131089091300964 0.4584595561027527 0.028431475162506104 
0.09696146845817566 0.8630566000938416 0.0399818979203701 
0.6865361332893372 0.3039548993110657 0.00950897578150034 
0.7982805967330933 0.19335944950580597 0.00835990346968174 
0.11670857667922974 0.8257210850715637 0.05757031962275505 
0.9200741052627563 0.07659653574228287 0.0033293631859123707 
0.04146599769592285 0.741723895072937 0.2168101668357849 
0.23109641671180725 0.7166612148284912 0.05224233865737915 
0.07986894249916077 0.6974151134490967 0.22271594405174255 
0.9478397965431213 0.049577292054891586 0.002582910470664501 
0.0864887610077858 0.8948217630386353 0.018689462915062904 
0.20597414672374725 0.7663150429725647 0.027710771188139915 
0.4798945486545563 0.4963483512401581 0.02375710755586624 
0.8922170996665955 0.10309965163469315 0.004683318547904491 
0.445319801568985 0.4983753561973572 0.05630484223365784 
0.9004095792770386 0.09330321103334427 0.006287319120019674 
0.8431100845336914 0.14998994767665863 0.00689998222514987 
0.5285871028900146 0.46173933148384094 0.009673644788563251 
0.006761342287063599 0.13496440649032593 0.8582742810249329 
0.4295118749141693 0.5517703890800476 0.018717797473073006 
0.8192920684814453 0.16432146728038788 0.01638641767203808 
0.035238031297922134 0.8895798325538635 0.07518209517002106 
0.7057899236679077 0.277188241481781 0.017021892592310905 
0.37003442645072937 0.6024762988090515 0.02748929336667061 
0.05492081120610237 0.9190372228622437 0.026041993871331215 
0.9442048668861389 0.053248025476932526 0.0025470696855336428 
0.05430794134736061 0.9133737087249756 0.03231831640005112 
0.904034435749054 0.09189961105585098 0.004065915010869503 
0.7780632972717285 0.21383607387542725 0.008100602775812149 
0.63671875 0.3504100441932678 0.012871170416474342 
0.8531343340873718 0.13998687267303467 0.006878787651658058 
0.8230723142623901 0.17302629351615906 0.0039013931527733803 
0.6313797831535339 0.3384028375148773 0.030217360705137253 
0.2477455586194992 0.7003968954086304 0.05185762792825699 
0.5727393627166748 0.365823358297348 0.061437174677848816 
0.5107941031455994 0.42922404408454895 0.05998184531927109 
0.5087981820106506 0.4746151864528656 0.016586629673838615 
0.013345558196306229 0.4050584137439728 0.5815960168838501 
0.8412284255027771 0.1531677097082138 0.005603842902928591 
0.764603316783905 0.22572319209575653 0.009673494845628738 
0.9475376009941101 0.05033770203590393 0.00212467391975224 
0.8069733381271362 0.18127422034740448 0.011752493679523468 
0.8860877752304077 0.10700726509094238 0.006904877256602049 
0.6473671793937683 0.33468759059906006 0.017945241183042526 
0.5790464878082275 0.4105232059955597 0.010430295020341873 
0.654352068901062 0.32274240255355835 0.022905511781573296 
0.8093322515487671 0.17906266450881958 0.01160504948347807 
0.0007953049498610198 0.029580697417259216 0.9696239829063416 
0.9173969626426697 0.07905253767967224 0.0035505706910043955 
0.8420376181602478 0.15128542482852936 0.006677012890577316 
0.6992312669754028 0.29067322611808777 0.010095523670315742 
0.6269388794898987 0.36145761609077454 0.011603603139519691 
0.4370099604129791 0.5322062969207764 0.03078377991914749 
0.9536960124969482 0.0422612689435482 0.0040426612831652164 
0.9175612330436707 0.07878463715314865 0.003654097206890583 
0.7580017447471619 0.22730408608913422 0.01469418965280056 
0.0023101866245269775 0.1190585270524025 0.8786313533782959 
0.5848875045776367 0.3184507191181183 0.09666180610656738 
0.8472550511360168 0.1471260040998459 0.005618967581540346 
0.9117957949638367 0.08472558856010437 0.003478697966784239 
0.21116691827774048 0.6986845135688782 0.09014855325222015 
0.7187804579734802 0.2617219388484955 0.019497593864798546 
0.6255176067352295 0.3631983995437622 0.01128400955349207 
0.8460316061973572 0.1468224823474884 0.007146012503653765 
0.9241337776184082 0.07276750355958939 0.0030987015925347805 
0.8566178679466248 0.1379212737083435 0.005460766609758139 
0.796623706817627 0.19091030955314636 0.012465966865420341 
0.08819529414176941 0.7683213949203491 0.14348337054252625 
0.03464401513338089 0.42924201488494873 0.5361139178276062 
0.6549708843231201 0.32552263140678406 0.019506463780999184 
0.39281266927719116 0.5556698441505432 0.05151749029755592 
0.5825888514518738 0.3945290148258209 0.022882098332047462 
0.17187093198299408 0.8117465972900391 0.016382450237870216 
0.18902143836021423 0.7178616523742676 0.09311692416667938 
0.2520802915096283 0.6675535440444946 0.08036616444587708 
0.6333121657371521 0.3429364860057831 0.023751335218548775 
0.8240713477134705 0.16932392120361328 0.006604734808206558 
0.0006670270231552422 0.03430428355932236 0.9650286436080933 
0.9133282899856567 0.0833335593342781 0.003338224720209837 
0.0026705083437263966 0.03410310298204422 0.9632264375686646 
0.19037717580795288 0.7866848111152649 0.0229380801320076 
0.7831810712814331 0.20921914279460907 0.007599764037877321 
0.707108199596405 0.2697281539440155 0.023163657635450363 
0.6848216652870178 0.3045504093170166 0.010627897456288338 
0.8166819214820862 0.17546774446964264 0.007850343361496925 
0.8621143698692322 0.13019104301929474 0.00769463274627924 
0.6395048499107361 0.3464339077472687 0.014061249792575836 
0.04580400139093399 0.2501678764820099 0.7040281295776367 
0.18438078463077545 0.5041088461875916 0.3115103542804718 
0.9170434474945068 0.07844381779432297 0.004512711428105831 
0.5107752680778503 0.47992831468582153 0.00929635763168335 
0.5132481455802917 0.4718390703201294 0.01491277664899826 
0.9290021657943726 0.06728806346654892 0.0037097688764333725 
0.4153459668159485 0.5667776465415955 0.017876386642456055 
0.22942158579826355 0.7311914563179016 0.03938687592744827 
0.8914240598678589 0.10497178137302399 0.00360409589484334 
0.8880336880683899 0.10498741269111633 0.006978830322623253 
0.30997225642204285 0.5714563131332397 0.11857137084007263 
0.5888118147850037 0.37583377957344055 0.03535443916916847 
0.9452389478683472 0.05104251205921173 0.00371856358833611 
0.6911548972129822 0.3002133071422577 0.008631723001599312 
0.08564760535955429 0.8640544414520264 0.05029800906777382 
0.7894580960273743 0.20179317891597748 0.008748702704906464 
0.3807571232318878 0.5687887668609619 0.05045410990715027 
0.7869008183479309 0.2079617828130722 0.005137394182384014 
0.9495397210121155 0.04801423102617264 0.002446018159389496 
0.9510153532028198 0.04662958160042763 0.0023549958132207394 
0.8760831356048584 0.11744024604558945 0.0064767212606966496 
0.8760831356048584 0.11744024604558945 0.0064767212606966496 
0.9187309741973877 0.0787840411067009 0.0024850566405802965 
0.0008693531854078174 0.10771036148071289 0.891420304775238 
0.8128591179847717 0.18085137009620667 0.0062895482406020164 
0.8818683624267578 0.11142607778310776 0.006705503910779953 
0.42747941613197327 0.5105550289154053 0.06196553260087967 
0.8800674676895142 0.11424849182367325 0.005683996248990297 
0.6345609426498413 0.3461737632751465 0.019265318289399147 
0.4406737685203552 0.5467915534973145 0.01253469754010439 
0.7935695648193359 0.19884765148162842 0.0075827897526323795 
0.028841432183980942 0.3276032507419586 0.6435552835464478 
0.2453976273536682 0.7185201644897461 0.03608216717839241 
0.8552719354629517 0.13876132667064667 0.005966661497950554 
0.6945907473564148 0.29775869846343994 0.007650505751371384 
0.6286181211471558 0.36220604181289673 0.009175843559205532 
0.35348886251449585 0.6044799089431763 0.042031243443489075 
0.0010478119365870953 0.024903755635023117 0.974048376083374 
0.9006044268608093 0.0944114550948143 0.004984100814908743 
0.8924826979637146 0.10054119676351547 0.0069761723279953 
0.6806821227073669 0.3079259693622589 0.011391890235245228 
0.7534477114677429 0.23922264575958252 0.00732965674251318 
0.954652726650238 0.04251164197921753 0.002835596678778529 
0.975219190120697 0.02288457565009594 0.0018962762551382184 
0.3788946270942688 0.5962660908699036 0.02483922243118286 
0.6000118851661682 0.3623118996620178 0.03767617419362068 
0.6933041214942932 0.2910125255584717 0.01568337343633175 
0.8074631690979004 0.18241094052791595 0.010125885717570782 
0.27074533700942993 0.5565114617347717 0.17274315655231476 
0.37924569845199585 0.5859537124633789 0.03480062261223793 
0.4459365904331207 0.5177412629127502 0.03632209450006485 
0.9267018437385559 0.06946633756160736 0.0038317590951919556 
0.4890157878398895 0.48739609122276306 0.023588068783283234 
0.7076426148414612 0.27821454405784607 0.014142868109047413 
0.8432872295379639 0.15305574238300323 0.0036570148076862097 
0.9213054776191711 0.07490819692611694 0.0037863124161958694 
0.1736833155155182 0.6851658821105957 0.14115074276924133 
0.033683788031339645 0.2264668345451355 0.739849328994751 
0.03983356058597565 0.18172892928123474 0.7784375548362732 
0.39691320061683655 0.569595992565155 0.033490799367427826 
0.669758677482605 0.32394301891326904 0.0062982989475131035 
0.41848793625831604 0.5509284138679504 0.030583646148443222 
0.790445864200592 0.2014915496110916 0.008062531240284443 
0.46909138560295105 0.4968586564064026 0.03404988721013069 
0.4985668659210205 0.4910363554954529 0.0103968046605587 
0.9283585548400879 0.06716424971818924 0.0044772084802389145 
0.5580800175666809 0.42898502945899963 0.012935000471770763 
0.9116895794868469 0.08221309632062912 0.006097425241023302 
0.6631149053573608 0.32569992542266846 0.011185172013938427 
0.8611876964569092 0.1322401911020279 0.006572111509740353 
0.9111373424530029 0.08631782233715057 0.0025449274107813835 
0.08977458626031876 0.7989749908447266 0.11125048249959946 
0.05230090394616127 0.9231417775154114 0.024557290598750114 
0.49706003069877625 0.4431787133216858 0.05976123735308647 
0.9425223469734192 0.054183635860681534 0.003293954534456134 
0.8610988259315491 0.1298913210630417 0.009009855799376965 
0.936015784740448 0.06168505549430847 0.002299102721735835 
0.5816757082939148 0.38751107454299927 0.03081328794360161 
0.8597791194915771 0.12648719549179077 0.01373361051082611 
0.2971932590007782 0.5546536445617676 0.14815311133861542 
0.7356211543083191 0.22605270147323608 0.0383262075483799 
0.7734665274620056 0.2189759910106659 0.007557448465377092 
0.5853952169418335 0.3866284489631653 0.02797631174325943 
0.026921600103378296 0.874521791934967 0.09855666011571884 
0.8694825172424316 0.1228436604142189 0.007673828862607479 
0.8790770769119263 0.11280933767557144 0.008113616146147251 
0.8790770769119263 0.11280933767557144 0.008113616146147251 
0.7246198058128357 0.2680862545967102 0.007293929345905781 
0.7951990962028503 0.19488117098808289 0.009919699281454086 
0.8984875082969666 0.09649646282196045 0.005016088951379061 
0.6366267800331116 0.3458239734172821 0.017549190670251846 
0.4397377073764801 0.5153697729110718 0.04489254951477051 
0.01918536052107811 0.9019734859466553 0.0788411945104599 
0.004840793553739786 0.2170945554971695 0.7780646681785583 
0.567530632019043 0.4102780520915985 0.022191356867551804 
0.8935702443122864 0.09837651997804642 0.008053160272538662 
0.670825719833374 0.29933324456214905 0.029840996488928795 
0.6806905269622803 0.28781357407569885 0.03149592503905296 
0.6194983124732971 0.3669322729110718 0.013569421134889126 
0.4925067126750946 0.48771005868911743 0.019783250987529755 
0.2233724147081375 0.7534387111663818 0.023188840597867966 
0.7895510196685791 0.19683502614498138 0.013613872230052948 
0.8537639379501343 0.14110517501831055 0.005130892153829336 
0.6841809153556824 0.28427159786224365 0.031547512859106064 
0.3956563174724579 0.5203133225440979 0.08403033018112183 
0.6380549073219299 0.3486620783805847 0.013283014297485352 
0.9476622939109802 0.04989948868751526 0.0024381978437304497 
0.00870098453015089 0.4040643274784088 0.5872347354888916 
0.7946358919143677 0.18877474963665009 0.01658932864665985 
0.7752799987792969 0.21683381497859955 0.007886184379458427 
0.9288764595985413 0.06809618324041367 0.003027417231351137 
0.7686324119567871 0.22325311601161957 0.008114528842270374 
0.8050597310066223 0.18966065347194672 0.005279631819576025 
0.9301537275314331 0.06686830520629883 0.0029780392069369555 
0.9212750196456909 0.07555311918258667 0.003171803429722786 
0.8222153782844543 0.16587916016578674 0.011905464343726635 
0.3496968448162079 0.5956212282180786 0.054681938141584396 
0.7989178895950317 0.1860465407371521 0.015035610646009445 
0.6038484573364258 0.3759143650531769 0.020237185060977936 
0.7358652949333191 0.24891400337219238 0.015220756642520428 
0.6996840834617615 0.2783123254776001 0.02200356498360634 
0.8189634084701538 0.17283134162425995 0.008205197751522064 
0.5031276941299438 0.43859031796455383 0.058281928300857544 
0.2620663344860077 0.7111853957176208 0.0267482977360487 
0.7827070355415344 0.21188496053218842 0.005408004391938448 
0.6001066565513611 0.36973732709884644 0.03015599027276039 
0.702117919921875 0.27799251675605774 0.019889535382390022 
0.25125765800476074 0.6980445384979248 0.050697728991508484 
0.15733781456947327 0.7000808715820312 0.14258132874965668 
0.8430697321891785 0.1512559950351715 0.005674254149198532 
0.8036593794822693 0.1899680644273758 0.006372583564370871 
0.9105033874511719 0.08685439079999924 0.002642233856022358 
0.5158412456512451 0.4716355502605438 0.01252319011837244 
0.905842125415802 0.09021522104740143 0.003942686598747969 
0.4718846082687378 0.44891631603240967 0.07919909060001373 
0.7943962216377258 0.19593317806720734 0.00967060774564743 
0.18287254869937897 0.6978652477264404 0.11926227807998657 
0.8858935236930847 0.10787411034107208 0.00623238505795598 
0.7396859526634216 0.24942158162593842 0.010892480611801147 
0.6800974011421204 0.2581343650817871 0.06176818534731865 
0.15472862124443054 0.7762112617492676 0.06906013935804367 
0.558313250541687 0.41632983088493347 0.02535688504576683 
0.6744808554649353 0.30837705731391907 0.017142098397016525 
0.7841829657554626 0.20573072135448456 0.010086310096085072 
0.6220987439155579 0.3654898703098297 0.012411321513354778 
0.7936031818389893 0.20142725110054016 0.004969600588083267 
0.8455313444137573 0.15088951587677002 0.003579102223739028 
0.02015582285821438 0.9486438632011414 0.031200330704450607 
0.39672335982322693 0.5529078841209412 0.05036872997879982 
0.08793102204799652 0.4721974730491638 0.43987151980400085 
0.9343000054359436 0.06245318055152893 0.003246723208576441 
0.8353011608123779 0.15565407276153564 0.009044740349054337 
0.04070475324988365 0.8220983147621155 0.13719695806503296 
0.9202534556388855 0.07678114622831345 0.002965325489640236 
0.8721498250961304 0.1224907860159874 0.005359428469091654 
0.7162548899650574 0.27510830760002136 0.008636794984340668 
0.5684043169021606 0.3446830213069916 0.08691267669200897 
0.9550923705101013 0.04219590499997139 0.0027116541750729084 
0.8300254940986633 0.16338062286376953 0.006593853235244751 
0.4204983115196228 0.5402235388755798 0.03927815705537796 
0.8002370595932007 0.19089806079864502 0.008864931762218475 
0.4774892330169678 0.49832287430763245 0.02418787218630314 
0.668396532535553 0.3193543553352356 0.012249056249856949 
0.5296506285667419 0.4511791467666626 0.019170191138982773 
0.0029656218830496073 0.32792460918426514 0.6691097617149353 
0.9252504110336304 0.06968928873538971 0.005060283001512289 
0.5031322836875916 0.4723939299583435 0.024473819881677628 
0.7889392375946045 0.20084036886692047 0.010220352560281754 
0.3857046961784363 0.5933386087417603 0.02095668762922287 
0.49462583661079407 0.47343552112579346 0.03193872421979904 
0.017018336802721024 0.22008363902568817 0.7628979682922363 
0.8426845669746399 0.1495061069726944 0.00780931580811739 
0.09719665348529816 0.8827346563339233 0.020068703219294548 
0.9236099720001221 0.07238446176052094 0.004005552269518375 
0.2437048703432083 0.6461930871009827 0.11010204255580902 
0.8536234498023987 0.139224112033844 0.007152411621063948 
0.9454526305198669 0.05256476625800133 0.00198257970623672 
0.8452426195144653 0.1478678286075592 0.00688953697681427 
0.8875822424888611 0.10817001014947891 0.004247774835675955 
0.07883100211620331 0.8982718586921692 0.022897150367498398 
0.9072619080543518 0.08894786238670349 0.003790233749896288 
0.891727089881897 0.10323819518089294 0.005034715868532658 
0.9145056009292603 0.08201476186513901 0.0034795741084963083 
0.6414517164230347 0.3289296329021454 0.029618633911013603 
0.8082135319709778 0.17893943190574646 0.012846998870372772 
0.8993951082229614 0.09311643242835999 0.007488449569791555 
0.2467460334300995 0.7261172533035278 0.027136744931340218 
0.7434869408607483 0.24216793477535248 0.01434511411935091 
0.9465885162353516 0.05014970526099205 0.003261718200519681 
0.7308703660964966 0.2503737509250641 0.018755808472633362 
0.3354668915271759 0.6288492679595947 0.03568375110626221 
0.6124372482299805 0.37576988339424133 0.011792890727519989 
0.5621785521507263 0.40860894322395325 0.029212504625320435 
0.8668097853660583 0.12863394618034363 0.004556349944323301 
0.9085800647735596 0.08673654496669769 0.004683360457420349 
0.009042734280228615 0.9259008765220642 0.06505632400512695 
0.8792848587036133 0.1157742440700531 0.004940901882946491 
0.39894232153892517 0.5703821182250977 0.030675534158945084 
0.9153174757957458 0.07902293652296066 0.005659660790115595 
0.7717050909996033 0.21870069205760956 0.009594160132110119 
0.3194575309753418 0.6393259763717651 0.041216541081666946 
0.7876317501068115 0.20315276086330414 0.009215480647981167 
0.03309608995914459 0.836832582950592 0.13007132709026337 
0.8510791659355164 0.14384208619594574 0.005078859161585569 
0.7734493613243103 0.20614813268184662 0.0204025749117136 
0.17834846675395966 0.7807262539863586 0.040925197303295135 
0.8118236064910889 0.17941978573799133 0.008756693452596664 
0.8742015957832336 0.12181323021650314 0.00398511765524745 
0.7208933234214783 0.26708081364631653 0.012025903910398483 
0.7996029257774353 0.18941743671894073 0.010979634709656239 
0.9312734007835388 0.06584510207176208 0.0028815020341426134 
0.9550389051437378 0.04239748790860176 0.002563717309385538 
0.3660869896411896 0.5934720039367676 0.04044105112552643 
0.912976086139679 0.08300673961639404 0.004017123486846685 
0.18453048169612885 0.7302684187889099 0.08520114421844482 
0.9287814497947693 0.06860345602035522 0.0026151088532060385 
0.858795166015625 0.13575036823749542 0.005454478319734335 
0.8453486561775208 0.14538925886154175 0.009262079373002052 
0.8227105140686035 0.17142005264759064 0.005869520362466574 
0.05436283349990845 0.75771164894104 0.1879255473613739 
0.5430667996406555 0.4446655511856079 0.012267663143575191 
0.016227638348937035 0.43326425552368164 0.5505081415176392 
0.9081231951713562 0.08571529388427734 0.006161574274301529 
0.4114556908607483 0.539959728717804 0.04858456924557686 
0.7632389068603516 0.2284182906150818 0.008342782966792583 
0.6848899126052856 0.3088548183441162 0.006255244370549917 
0.5571354627609253 0.419228732585907 0.023635786026716232 
0.4259384572505951 0.4734129309654236 0.10064859688282013 
0.7540254592895508 0.23142486810684204 0.014549738727509975 
0.7801042795181274 0.20642168819904327 0.01347406953573227 
0.037821464240550995 0.9297487735748291 0.03242979198694229 
0.7898548245429993 0.20433935523033142 0.0058059087023139 
0.06992705166339874 0.883460521697998 0.04661247506737709 
0.6694039106369019 0.3122735321521759 0.018322573974728584 
0.866702139377594 0.1292518526315689 0.004046028479933739 
0.16320368647575378 0.8119397163391113 0.024856528267264366 
0.9205336570739746 0.07639873772859573 0.003067535115405917 
0.051706645637750626 0.7219667434692383 0.2263265997171402 
0.5244307518005371 0.4439988136291504 0.031570374965667725 
0.10290341079235077 0.4346010684967041 0.4624955952167511 
0.07848645001649857 0.8914620280265808 0.030051514506340027 
0.8586522936820984 0.13624712824821472 0.005100593436509371 
0.4813539385795593 0.3935345709323883 0.12511155009269714 
0.8498132824897766 0.14138665795326233 0.008800163865089417 
0.47498923540115356 0.4734485447406769 0.051562294363975525 
0.89461749792099 0.09988901019096375 0.005493429489433765 
0.6470046639442444 0.32824641466140747 0.024748999625444412 
0.8064476251602173 0.1856704205274582 0.007881933823227882 
0.7048725485801697 0.2873157560825348 0.007811664137989283 
0.14673440158367157 0.681090772151947 0.17217488586902618 
0.6978582143783569 0.2947765588760376 0.007365229539573193 
0.6768109798431396 0.3110843896865845 0.01210455410182476 
0.7213302254676819 0.2712973356246948 0.007372464518994093 
0.7096192240715027 0.28180214762687683 0.008578681387007236 
0.9032958745956421 0.09393942356109619 0.0027646953240036964 
0.6446824669837952 0.33700481057167053 0.018312789499759674 
0.3738040626049042 0.5766100287437439 0.049585893750190735 
0.7094865441322327 0.2727651596069336 0.01774832420051098 
0.6969373226165771 0.2914706766605377 0.011591999791562557 
0.9313946962356567 0.0663403794169426 0.002264910377562046 
0.7988819479942322 0.19356216490268707 0.007555842399597168 
0.3548509478569031 0.6143710613250732 0.03077809140086174 
0.6849703192710876 0.3045417368412018 0.01048793364316225 
0.5280207991600037 0.4252142608165741 0.04676496610045433 
0.5033196210861206 0.48710641264915466 0.00957394391298294 
0.7106611132621765 0.2570236325263977 0.03231528401374817 
0.015047927387058735 0.19695746898651123 0.7879946231842041 
0.3653551936149597 0.33663925528526306 0.29800549149513245 
0.7171267867088318 0.26206105947494507 0.02081207185983658 
0.8900635838508606 0.10509689152240753 0.004839463625103235 
0.05135582387447357 0.7113577127456665 0.2372865080833435 
0.9498080611228943 0.04589100554585457 0.00430085277184844 
0.8482157588005066 0.1462455838918686 0.0055387066677212715 
0.007749618496745825 0.7229424715042114 0.2693079113960266 
0.8081914782524109 0.18553446233272552 0.006274040788412094 
0.832475483417511 0.16039825975894928 0.007126287091523409 
0.9645131230354309 0.03362557291984558 0.0018612879794090986 
0.7467458248138428 0.2441491186618805 0.009105046279728413 
0.5820851922035217 0.39869755506515503 0.019217265769839287 
0.9160967469215393 0.07936371117830276 0.00453953817486763 
0.561648964881897 0.3602699041366577 0.07808112353086472 
0.3599018454551697 0.49102669954299927 0.1490713655948639 
0.4539608359336853 0.5326619148254395 0.01337722409516573 
0.5939313173294067 0.3880399465560913 0.01802866719663143 
0.46658074855804443 0.5176305174827576 0.015788720920681953 
0.7396681308746338 0.2519642412662506 0.00836763996630907 
0.8480005264282227 0.14484164118766785 0.0071578845381736755 
0.5124005079269409 0.4623260200023651 0.025273460894823074 
0.7652833461761475 0.22675181925296783 0.007964824326336384 
0.9174319505691528 0.07919146865606308 0.003376524429768324 
0.9032326340675354 0.09351863712072372 0.0032486924901604652 
0.39520007371902466 0.5830406546592712 0.0217592753469944 
0.07486114650964737 0.8939659595489502 0.031172960996627808 
0.1259869933128357 0.45772823691368103 0.4162846803665161 
0.35788285732269287 0.6008422374725342 0.04127487540245056 
0.007118038833141327 0.03645988181233406 0.9564220905303955 
0.7829714417457581 0.19777566194534302 0.019252892583608627 
0.3232634961605072 0.3811757564544678 0.2955607771873474 
0.1296389251947403 0.6748947501182556 0.1954662948846817 
0.16560666263103485 0.7982110381126404 0.03618223965167999 
0.9469847679138184 0.049132343381643295 0.003882785327732563 
0.0029495391063392162 0.14876112341880798 0.8482893705368042 
0.3291073739528656 0.5792377591133118 0.091654933989048 
0.25161534547805786 0.36858612298965454 0.3797985017299652 
0.6451075673103333 0.3371468782424927 0.017745552584528923 
0.5043712258338928 0.4439113736152649 0.0517173707485199 
0.6716755628585815 0.3179493248462677 0.010375095531344414 
0.9062005877494812 0.08935108035802841 0.00444840406998992 
0.9644744396209717 0.03323979675769806 0.0022857538424432278 
0.15918084979057312 0.4032392203807831 0.4375799000263214 
0.5187185406684875 0.43514108657836914 0.0461403988301754 
0.9117782711982727 0.08484262973070145 0.0033791468013077974 
0.9568741917610168 0.040512725710868835 0.0026130324695259333 
0.9382191300392151 0.05861855670809746 0.003162266220897436 
0.963397204875946 0.033133041113615036 0.003469703486189246 
0.8753340244293213 0.11896109580993652 0.005704942159354687 
0.9139712452888489 0.07783658802509308 0.008192166686058044 
0.23062686622142792 0.7495542168617249 0.01981898583471775 
0.7042316198348999 0.2854815721511841 0.010286740958690643 
0.2682737410068512 0.7171942591667175 0.014532062225043774 
0.8641873002052307 0.1302328109741211 0.00557992048561573 
0.7265204191207886 0.26562193036079407 0.007857704535126686 
0.9587326645851135 0.03920804336667061 0.002059296937659383 
0.35068583488464355 0.5710530877113342 0.07826105505228043 
0.8801390528678894 0.11357099562883377 0.00628987792879343 
0.9188288450241089 0.07834430783987045 0.0028268294408917427 
0.9277135133743286 0.06791416555643082 0.004372402094304562 
0.7626532316207886 0.22652862966060638 0.01081813033670187 
0.21351511776447296 0.7676994800567627 0.018785418942570686 
0.0012641214998438954 0.04986131563782692 0.9488745331764221 
0.6162742972373962 0.337246835231781 0.04647880420088768 
0.9721757173538208 0.025554968044161797 0.0022692587226629257 
0.5025752782821655 0.42084962129592896 0.07657510042190552 
0.7684826254844666 0.21676912903785706 0.014748280867934227 
0.9070272445678711 0.08744344860315323 0.0055292509496212006 
0.9048650860786438 0.08914981037378311 0.005985094700008631 
0.6713993549346924 0.3170792758464813 0.011521433480083942 
0.8023116588592529 0.1851239651441574 0.012564385309815407 
0.8342305421829224 0.1597335785627365 0.006035816390067339 
0.8635088205337524 0.13047349452972412 0.006017627194523811 
0.5271168947219849 0.39857301115989685 0.0743100717663765 
0.6211681365966797 0.36814025044441223 0.010691570118069649 
0.7019012570381165 0.2792285680770874 0.018870210275053978 
0.951845645904541 0.044886600226163864 0.0032677624840289354 
0.46558380126953125 0.51674884557724 0.017667315900325775 
0.4039990305900574 0.5608322024345398 0.03516871854662895 
0.20973311364650726 0.5599541664123535 0.23031270503997803 
0.18388643860816956 0.4752527177333832 0.3408607542514801 
0.2631976008415222 0.4882413148880005 0.2485610544681549 
0.2619279623031616 0.46917182207107544 0.2689002454280853 
0.8575428128242493 0.13524554669857025 0.00721156457439065 
0.5011146068572998 0.4762439727783203 0.022641463205218315 
0.15597142279148102 0.6550062894821167 0.1890222579240799 
0.29440343379974365 0.5904626250267029 0.11513394117355347 
0.9249830842018127 0.0726819708943367 0.0023348501417785883 
0.9357538223266602 0.05975320190191269 0.004493085201829672 
0.6362596154212952 0.32812240719795227 0.035618025809526443 
0.6971589922904968 0.2700693905353546 0.032771654427051544 
0.7883689999580383 0.20026807487010956 0.011362966150045395 
0.5013806223869324 0.4737418591976166 0.02487749606370926 
0.6460344195365906 0.33670857548713684 0.017257001250982285 
0.10505051910877228 0.822718620300293 0.07223082333803177 
0.6863834261894226 0.2981635630130768 0.015453098341822624 
0.7973306179046631 0.19634459912776947 0.00632474897429347 
0.9429484605789185 0.05363649129867554 0.0034150220453739166 
0.4967493414878845 0.4829162061214447 0.020334437489509583 
0.491616815328598 0.43818220496177673 0.07020098716020584 
0.18571212887763977 0.7945557832717896 0.019732074812054634 
0.7129751443862915 0.2746276259422302 0.012397196143865585 
0.5301543474197388 0.44988134503364563 0.01996433734893799 
0.3500615954399109 0.6277570128440857 0.022181350737810135 
0.6117942929267883 0.35544922947883606 0.03275647759437561 
0.6450663805007935 0.33864063024520874 0.016293002292513847 
0.8820164799690247 0.1136394739151001 0.0043440815061330795 
0.3825494050979614 0.599412739276886 0.01803790219128132 
0.6691548824310303 0.3182614743709564 0.012583643198013306 
0.13522213697433472 0.8278794884681702 0.03689831495285034 
0.8774083256721497 0.11813560128211975 0.004456039983779192 
0.563292920589447 0.4145522117614746 0.022154824808239937 
0.8485015630722046 0.1449693888425827 0.006529094185680151 
0.5847910642623901 0.38716065883636475 0.02804827317595482 
0.6582808494567871 0.329339861869812 0.012379203923046589 
0.5536097884178162 0.4002741873264313 0.046116091310977936 
0.862200140953064 0.13252116739749908 0.005278666969388723 
0.6093134880065918 0.37220266461372375 0.018483858555555344 
0.8634008169174194 0.12771588563919067 0.008883299306035042 
0.8759398460388184 0.11988743394613266 0.0041727363131940365 
0.7792479991912842 0.21408294141292572 0.006668990012258291 
0.6929799914360046 0.28665003180503845 0.020369991660118103 
0.005041304975748062 0.548363983631134 0.4465947151184082 
0.5893222093582153 0.3698519468307495 0.04082583636045456 
0.8734043836593628 0.12180395424365997 0.004791628569364548 
0.7576942443847656 0.23647481203079224 0.005830995738506317 
0.7961894869804382 0.19765514135360718 0.006155321840196848 
0.7409356236457825 0.25038716197013855 0.008677143603563309 
0.9624345302581787 0.03564123436808586 0.0019242779817432165 
0.7792479991912842 0.21408294141292572 0.006668990012258291 
0.7792479991912842 0.21408294141292572 0.006668990012258291 
0.4180752635002136 0.5349193811416626 0.04700537770986557 
0.8593679070472717 0.13557307422161102 0.005059057381004095 
0.8189694285392761 0.16951148211956024 0.011519147083163261 
0.03470804542303085 0.65097576379776 0.31431615352630615 
0.8404340147972107 0.1420312374830246 0.017534691840410233 
0.7616212964057922 0.21848087012767792 0.019897906109690666 
0.6154392957687378 0.36775627732276917 0.01680443249642849 
0.5009929537773132 0.47853314876556396 0.020473912358283997 
0.5881515741348267 0.38768139481544495 0.024167019873857498 
0.2897532880306244 0.6022376418113708 0.10800909250974655 
0.44066914916038513 0.5270268321037292 0.032303985208272934 
0.9345082640647888 0.06292179971933365 0.0025699222460389137 
0.4772908389568329 0.49214571714401245 0.03056339919567108 
0.32840463519096375 0.6152644753456116 0.05633092299103737 
0.5897034406661987 0.3759409785270691 0.03435551002621651 
0.020715899765491486 0.8814469575881958 0.09783715754747391 
0.5447686910629272 0.4419496953487396 0.013281657360494137 
0.7529147267341614 0.240353524684906 0.006731637753546238 
0.7568566203117371 0.23401756584644318 0.009125846438109875 
0.7506005167961121 0.22865931689739227 0.020740151405334473 
0.5425504446029663 0.4232769310474396 0.034172672778367996 
0.6699286103248596 0.3161808252334595 0.013890620321035385 
0.7695854306221008 0.22389863431453705 0.006515928544104099 
0.8183974027633667 0.172696053981781 0.008906485512852669 
0.3685593903064728 0.6116983890533447 0.019742216914892197 
0.3744480311870575 0.5755940675735474 0.04995795339345932 
0.8666372895240784 0.12849308550357819 0.004869607277214527 
0.00945889949798584 0.6059821844100952 0.38455891609191895 
0.12223942577838898 0.8451218008995056 0.032638754695653915 
0.4577281177043915 0.49447569251060486 0.047796230763196945 
0.3663502633571625 0.5983967781066895 0.03525301069021225 
0.5113723278045654 0.4750285744667053 0.013599113561213017 
0.13573497533798218 0.8456765413284302 0.018588487058877945 
0.6291467547416687 0.36374497413635254 0.007108303252607584 
0.6495492458343506 0.32597532868385315 0.024475498124957085 
0.7814773917198181 0.20868968963623047 0.00983300618827343 
0.4287595748901367 0.5393199920654297 0.03192043676972389 
0.471825510263443 0.5029066205024719 0.02526784874498844 
0.012159153819084167 0.7986546754837036 0.18918611109256744 
0.924584150314331 0.07119707763195038 0.004218776244670153 
0.6876144409179688 0.27386710047721863 0.03851843625307083 
0.7424539923667908 0.24981793761253357 0.007728082127869129 
0.9674633741378784 0.03008214198052883 0.002454507863149047 
0.8371936678886414 0.1558699905872345 0.006936252117156982 
0.8956148624420166 0.09879615902900696 0.005588980857282877 
0.7337856292724609 0.25475504994392395 0.011459250934422016 
0.8631229996681213 0.13009798526763916 0.006778962444514036 
0.6244158744812012 0.3511217534542084 0.02446235530078411 
0.7699466347694397 0.21630628407001495 0.013747069984674454 
0.5376485586166382 0.4514513909816742 0.010900052264332771 
0.5074672102928162 0.4729037582874298 0.019629010930657387 
0.718935489654541 0.266156941652298 0.014907613396644592 
0.7617619633674622 0.23216605186462402 0.006072029937058687 
0.061203934252262115 0.8324997425079346 0.10629632323980331 
0.10538461804389954 0.8644470572471619 0.030168307945132256 
0.597202718257904 0.37615299224853516 0.026644255965948105 
0.6461344957351685 0.33670368790626526 0.01716185174882412 
0.010528064332902431 0.30667370557785034 0.6827982068061829 
0.6735237836837769 0.31454312801361084 0.011933080852031708 
0.9071323871612549 0.08945242315530777 0.0034151612780988216 
0.953778088092804 0.043265413492918015 0.002956511452794075 
0.7354766130447388 0.25394007563591003 0.01058335043489933 
0.6814645528793335 0.2852679193019867 0.03326750546693802 
0.9259194731712341 0.07091252505779266 0.003168030409142375 
0.12789508700370789 0.7538741827011108 0.11823074519634247 
0.3753611445426941 0.5586444735527039 0.06599437445402145 
0.26950958371162415 0.6782170534133911 0.052273355424404144 
0.006751805543899536 0.27646005153656006 0.716788113117218 
0.43727555871009827 0.5343778729438782 0.028346523642539978 
0.4218447506427765 0.5031052231788635 0.07505011558532715 
0.7022796869277954 0.28966400027275085 0.008056260645389557 
0.8372753262519836 0.154333233833313 0.008391418494284153 
0.6254065036773682 0.3574773967266083 0.017116112634539604 
0.8492605686187744 0.1457095742225647 0.00502978777512908 
0.44334134459495544 0.534171998500824 0.022486697882413864 
0.7606796026229858 0.2312411665916443 0.008079229854047298 
0.7721078991889954 0.21450550854206085 0.013386605307459831 
0.5936540365219116 0.38388729095458984 0.022458627820014954 
0.8604685664176941 0.13083195686340332 0.008699500001966953 
0.004146343097090721 0.13695867359638214 0.858894944190979 
0.7606143951416016 0.23101074993610382 0.008374890312552452 
0.8894753456115723 0.10725347697734833 0.0032712481915950775 
0.845439076423645 0.14724919199943542 0.007311664056032896 
0.8477491140365601 0.14885276556015015 0.0033980936277657747 
0.6013723611831665 0.3867001533508301 0.01192750409245491 
0.8819777965545654 0.10754811763763428 0.010474194772541523 
0.8757302761077881 0.11588224023580551 0.008387576788663864 
0.006946883630007505 0.267953485250473 0.7250996232032776 
0.6716755628585815 0.3179493248462677 0.010375095531344414 
0.7831125259399414 0.2079942375421524 0.008893180638551712 
0.37194791436195374 0.6052473187446594 0.022804835811257362 
0.6716755628585815 0.3179493248462677 0.010375095531344414 
0.7371543645858765 0.2536470293998718 0.00919865071773529 
0.7383631467819214 0.24600887298583984 0.015628017485141754 
0.04670398309826851 0.816038966178894 0.13725709915161133 
0.8390917181968689 0.1523294895887375 0.008578792214393616 
0.2466493844985962 0.48262354731559753 0.27072709798812866 
0.8922088146209717 0.10314753651618958 0.004643618129193783 
0.15176403522491455 0.5231375098228455 0.3250984251499176 
0.7960324883460999 0.19672556221485138 0.007241953630000353 
0.6052610874176025 0.3538092374801636 0.040929727256298065 
0.7952255010604858 0.18910011649131775 0.01567428931593895 
0.017847273498773575 0.6369693875312805 0.3451833426952362 
0.5832990407943726 0.3927815556526184 0.02391934022307396 
0.6569458246231079 0.3266238570213318 0.01643035002052784 
0.4148913025856018 0.5399669408798218 0.04514174535870552 
0.9252110123634338 0.07036029547452927 0.004428664688020945 
0.8871757984161377 0.10859419405460358 0.004230019170790911 
0.4213857054710388 0.27683156728744507 0.3017827868461609 
0.9241858720779419 0.07295868545770645 0.0028553754091262817 
0.9096087217330933 0.08688708394765854 0.0035042595118284225 
0.8216784596443176 0.17135408520698547 0.00696753803640604 
0.848534345626831 0.1438523381948471 0.007613291498273611 
0.6652727723121643 0.3222273290157318 0.012499857693910599 
0.732650637626648 0.25274670124053955 0.014602724462747574 
0.279556006193161 0.6127692461013794 0.10767478495836258 
0.21036796271800995 0.7443962097167969 0.045235827565193176 
0.7093808650970459 0.27569130063056946 0.014927772805094719 
0.11004328727722168 0.8604928851127625 0.029463786631822586 
0.0028747788164764643 0.1859227865934372 0.8112024664878845 
0.869104266166687 0.12664373219013214 0.004252034705132246 
0.32178300619125366 0.6543235182762146 0.02389349415898323 
0.782398521900177 0.20585986971855164 0.01174156367778778 
0.042433399707078934 0.8113062381744385 0.1462603360414505 
0.5993192195892334 0.2867143750190735 0.1139664277434349 
0.9028465151786804 0.0945625826716423 0.002590920077636838 
0.7990150451660156 0.19357922673225403 0.007405649404972792 
0.7264940142631531 0.26231396198272705 0.011192022822797298 
0.37722301483154297 0.5957103371620178 0.02706664614379406 
0.3250371813774109 0.657302975654602 0.017659883946180344 
0.05056582763791084 0.8143541812896729 0.13507996499538422 
0.03667125850915909 0.7882423996925354 0.17508633434772491 
0.8245193362236023 0.16526025533676147 0.01022047083824873 
0.35410335659980774 0.5959933996200562 0.049903225153684616 
0.39738529920578003 0.5629905462265015 0.03962412104010582 
0.6236013770103455 0.36476168036460876 0.011636974290013313 
0.40953999757766724 0.5732922554016113 0.017167722806334496 
0.9193511009216309 0.0765526294708252 0.004096224904060364 
0.7497535347938538 0.24469199776649475 0.005554492585361004 
0.05861978605389595 0.8148642182350159 0.12651599943637848 
0.2314903438091278 0.7064135074615479 0.06209613010287285 
0.07079166918992996 0.7907924652099609 0.1384158432483673 
0.38259196281433105 0.5816905498504639 0.03571752458810806 
0.8685598373413086 0.12513509392738342 0.006305070593953133 
0.5319346785545349 0.44900280237197876 0.019062552601099014 
0.9280256032943726 0.06650333106517792 0.005471047013998032 
0.0452994629740715 0.7807703018188477 0.17393021285533905 
0.35347890853881836 0.6101809740066528 0.03634011745452881 
0.5583383440971375 0.4217417240142822 0.0199198629707098 
0.8813897967338562 0.11226095259189606 0.006349259987473488 
0.8603795766830444 0.1326000988483429 0.007020271848887205 
0.4021729528903961 0.5690866112709045 0.02874044142663479 
0.10132144391536713 0.8660728335380554 0.032605793327093124 
0.07676508277654648 0.8842512965202332 0.038983650505542755 
0.021618075668811798 0.9231455326080322 0.055236417800188065 
0.0452994629740715 0.7807703018188477 0.17393021285533905 
0.0236467644572258 0.7709020376205444 0.20545126497745514 
0.2719298005104065 0.708182156085968 0.01988799497485161 
0.0452994629740715 0.7807703018188477 0.17393021285533905 
0.0452994629740715 0.7807703018188477 0.17393021285533905 
0.0452994629740715 0.7807703018188477 0.17393021285533905 
0.0452994629740715 0.7807703018188477 0.17393021285533905 
0.6918374300003052 0.29534614086151123 0.012816364876925945 
0.48110008239746094 0.48883894085884094 0.030060959979891777 
0.9629557728767395 0.03430306911468506 0.002741157775744796 
0.1452629417181015 0.7759343981742859 0.0788026675581932 
0.33027511835098267 0.5432149767875671 0.1265099048614502 
0.9218816757202148 0.07440215349197388 0.003716173581779003 
0.5107941031455994 0.42922404408454895 0.05998184531927109 
0.518519937992096 0.4419349730014801 0.039545055478811264 
0.9014517664909363 0.09442431479692459 0.004123908467590809 
0.9025787115097046 0.093115895986557 0.004305428359657526 
0.3648327887058258 0.5984972715377808 0.03666991740465164 
0.2507486045360565 0.7243354320526123 0.024915965273976326 
0.006920577492564917 0.909603476524353 0.08347601443529129 
0.7943741083145142 0.18682287633419037 0.018802959471940994 
0.4944644272327423 0.4836365878582001 0.021898936480283737 
0.8294699788093567 0.16309116780757904 0.007438856177031994 
0.6106398701667786 0.3733334243297577 0.016026660799980164 
0.27795150876045227 0.698174774646759 0.023873748257756233 
0.11479629576206207 0.8420112729072571 0.04319245368242264 
0.6698800921440125 0.31477466225624084 0.01534530334174633 
0.7271648645401001 0.2639302611351013 0.008904890157282352 
0.578217089176178 0.4113572835922241 0.010425570420920849 
0.3041943311691284 0.6616726517677307 0.034132953733205795 
0.0154290571808815 0.14307120442390442 0.8414997458457947 
0.9096305966377258 0.08636467903852463 0.004004679154604673 
0.4768899381160736 0.5077962279319763 0.015313821844756603 
0.8926917910575867 0.1026831716299057 0.004624972119927406 
0.9631167054176331 0.034056130796670914 0.002827146090567112 
0.05833929404616356 0.614445149898529 0.3272155523300171 
0.7334756851196289 0.24896205961704254 0.01756223291158676 
0.58370441198349 0.3991796672344208 0.017115944996476173 
0.8434848785400391 0.14429424703121185 0.01222088560461998 
0.8792698383331299 0.11498185247182846 0.005748327821493149 
0.5672450661659241 0.407001256942749 0.025753628462553024 
0.7068168520927429 0.2841044068336487 0.00907865073531866 
0.3018830120563507 0.6730167269706726 0.02510032244026661 
0.3473227322101593 0.6242716908454895 0.02840554527938366 
0.057494450360536575 0.7472569346427917 0.19524861872196198 
0.1230589896440506 0.6455761194229126 0.231364905834198 
0.008818921633064747 0.21372279524803162 0.7774582505226135 
0.7072760462760925 0.27681106328964233 0.015912890434265137 
0.35203811526298523 0.6199259757995605 0.028035856783390045 
0.9126184582710266 0.08175105601549149 0.0056303986348211765 
0.0058661457151174545 0.18211987614631653 0.8120139837265015 
0.9215141534805298 0.07502981275320053 0.0034559713676571846 
0.8450846076011658 0.14820849895477295 0.006706899963319302 
0.6378880739212036 0.3170035779476166 0.045108355581760406 
0.31661802530288696 0.6460649371147156 0.03731704130768776 
0.7193520665168762 0.2543720006942749 0.02627595141530037 
0.8131965398788452 0.17406590282917023 0.01273749116808176 
0.388193815946579 0.5385953783988953 0.07321079820394516 
0.3734159469604492 0.5833912491798401 0.043192822486162186 
0.3156241178512573 0.648615300655365 0.035760581493377686 
0.9155710935592651 0.08046058565378189 0.003968331962823868 
0.6748909950256348 0.31285780668258667 0.012251187115907669 
0.648466944694519 0.32889053225517273 0.022642552852630615 
0.8422594666481018 0.14785489439964294 0.00988558866083622 
0.046963952481746674 0.8800140619277954 0.0730220228433609 
0.033566128462553024 0.24111759662628174 0.7253162860870361 
0.20164178311824799 0.7577211856842041 0.040637027472257614 
0.5269777178764343 0.44702813029289246 0.025994129478931427 
0.537050724029541 0.44541653990745544 0.01753268763422966 
0.5366369485855103 0.4408956468105316 0.02246740646660328 
0.794952929019928 0.19613252580165863 0.008914527483284473 
0.8714051842689514 0.12393148243427277 0.004663361702114344 
0.6854987740516663 0.25826460123062134 0.056236632168293 
0.9160445332527161 0.07996238023042679 0.0039931354112923145 
0.005673889070749283 0.1967499852180481 0.7975761890411377 
0.6615383625030518 0.32830172777175903 0.010159909725189209 
0.8169841766357422 0.1741379201412201 0.008877832442522049 
0.28789791464805603 0.6853094696998596 0.02679259516298771 
0.8121867179870605 0.18010325729846954 0.007710024248808622 
0.8744404911994934 0.11745879799127579 0.008100698702037334 
0.8894416689872742 0.10702566802501678 0.003532735165208578 
0.7194849252700806 0.26889467239379883 0.01162033248692751 
0.8257498741149902 0.169029101729393 0.0052210427820682526 
0.005471906159073114 0.11921218782663345 0.8753159642219543 
0.4585229754447937 0.519259512424469 0.02221752516925335 
0.6849175691604614 0.2994910776615143 0.015591378323733807 
0.4187072217464447 0.4933713674545288 0.08792134374380112 
0.7937236428260803 0.19193242490291595 0.014343921095132828 
0.7146725654602051 0.2675938010215759 0.017733635380864143 
0.546579122543335 0.4351792335510254 0.01824161596596241 
0.8160605430603027 0.1743451952934265 0.009594217874109745 
0.34355443716049194 0.5966319441795349 0.05981362238526344 
0.002439666073769331 0.20823130011558533 0.7893290519714355 
0.8255105018615723 0.17025285959243774 0.004236637149006128 
0.3207413852214813 0.6489623785018921 0.03029625490307808 
0.23132377862930298 0.7192232012748718 0.049453046172857285 
0.9626041650772095 0.03500900790095329 0.0023868512362241745 
