0.50221765
0.42248884
0.6390709
0.087150544
0.30121276
0.054282773
0.2589259
0.28202674
0.6495888
0.10562139
0.2753122
0.12068432
0.2622375
0.86393106
0.09484991
0.3193754
0.14079714
0.63608414
0.63608414
0.19203933
0.16143961
0.6695117
0.13444258
0.42716405
0.5302913
0.099161826
0.7355498
0.20357002
0.15740922
0.19517152
0.21855786
0.3006932
0.24449085
0.37644506
0.098121874
0.47780317
0.18074721
0.17650707
0.32176614
0.7396356
0.074925624
0.34715998
0.34659895
0.107350975
0.03308481
0.40674028
0.12356348
0.2079699
0.617534
0.7032558
0.24962908
0.72451377
0.7159908
0.8539337
0.59653467
0.42922404
0.13486701
0.41950932
0.018638048
0.20836703
0.1460537
0.72999734
0.6481518
0.21985291
0.19222236
0.79348814
0.4920145
0.52042955
0.37857264
0.0604742
0.24810454
0.083190545
0.35384995
0.094161704
0.5465332
0.4849157
0.9229346
0.6858171
0.46212065
0.850787
0.083589114
0.1240593
0.39114386
0.44419405
0.66757774
0.84563553
0.23773777
0.92466855
0.7331864
0.9375367
0.45682254
0.23307443
0.18498884
0.08090856
0.0885715
0.29298234
0.2973463
0.04300462
0.3990945
0.1334514
0.27539423
0.03603666
0.033176523
0.28846687
0.054415524
0.57233304
0.35021633
0.10681221
0.5262797
0.37155956
0.75658876
0.12325198
0.5841082
0.3806405
0.5162393
0.45735234
0.5545974
0.37278864
0.39017406
0.3655704
0.6304013
0.5798145
0.6415545
0.2366511
0.13857174
0.5517987
0.094221674
0.50610733
0.12831506
0.19607858
0.38982272
0.7873834
0.4178861
0.53018737
0.09201515
0.8803363
0.10069343
0.08507211
0.08507211
0.0891796
0.17691919
0.4356884
0.6001134
0.64477974
0.53039455
0.5556869
0.36764953
0.27214685
0.4416795
0.065703936
0.6355045
0.54105127
0.42922404
0.5348478
0.25192472
0.2608104
0.46300542
0.69504046
0.37424162
0.1697276
0.832062
0.1568226
0.11450334
0.41612837
0.08257234
0.40987134
0.17661834
0.33537158
0.21523319
0.6385964
0.4087126
0.053887308
0.7632868
0.36872107
0.04114539
0.80401164
0.09057566
0.30956486
0.08620085
0.14734462
0.9022656
0.64031404
0.5104587
0.07431464
0.5819975
0.13594675
0.15674531
0.85541296
0.8232129
0.57578653
0.6033143
0.088253155
0.06938843
0.50116205
0.74372596
0.5984606
0.21188496
0.12205234
0.16344373
0.55052894
0.3551002
0.33356926
0.04439248
0.50977516
0.5439919
0.04762986
0.88557714
0.45092475
0.22810884
0.11965799
0.12347569
0.5921989
0.23347767
0.78954095
0.44580644
0.24389383
0.21453689
0.5373949
0.4817331
0.07374596
0.48805702
0.09790168
0.64225614
0.1858011
0.20128196
0.1799912
0.40056577
0.18200622
0.15950583
0.14431933
0.39068955
0.13060284
0.3112613
0.9008548
0.35114738
0.1216892
0.52200043
0.42017266
0.2638704
0.32891694
0.25540972
0.08721987
0.94551796
0.860536
0.24611782
0.45634282
0.85451007
0.73002553
0.11366584
0.17257388
0.10708362
0.39308116
0.30214494
0.15595677
0.33475742
0.79017675
0.061545547
0.1599787
0.8367113
0.21292102
0.6582467
0.7455386
0.58574194
0.45845956
0.8630566
0.3039549
0.19335945
0.8257211
0.076596536
0.7417239
0.7166612
0.6974151
0.049577292
0.89482176
0.76631504
0.49634835
0.10309965
0.49837536
0.09330321
0.14998995
0.46173933
0.1349644
0.5517704
0.16432147
0.88957983
0.27718824
0.6024763
0.9190372
0.053248025
0.9133737
0.09189961
0.21383607
0.35041004
0.13998687
0.1730263
0.33840284
0.7003969
0.36582336
0.42922404
0.4746152
0.4050584
0.15316771
0.22572319
0.050337702
0.18127422
0.107007265
0.3346876
0.4105232
0.3227424
0.17906266
0.029580697
0.07905254
0.15128542
0.29067323
0.36145762
0.5322063
0.04226127
0.07878464
0.22730409
0.11905853
0.31845072
0.147126
0.08472559
0.6986845
0.26172194
0.3631984
0.14682248
0.0727675
0.13792127
0.19091031
0.7683214
0.429242
0.32552263
0.55566984
0.394529
0.8117466
0.71786165
0.66755354
0.3429365
0.16932392
0.034304284
0.08333356
0.034103103
0.7866848
0.20921914
0.26972815
0.3045504
0.17546774
0.13019104
0.3464339
0.25016788
0.50410885
0.07844382
0.4799283
0.47183907
0.06728806
0.56677765
0.73119146
0.10497178
0.10498741
0.5714563
0.37583378
0.051042512
0.3002133
0.86405444
0.20179318
0.56878877
0.20796178
0.04801423
0.04662958
0.117440246
0.117440246
0.07878404
0.10771036
0.18085137
0.11142608
0.510555
0.11424849
0.34617376
0.54679155
0.19884765
0.32760325
0.71852016
0.13876133
0.2977587
0.36220604
0.6044799
0.024903756
0.094411455
0.1005412
0.30792597
0.23922265
0.042511642
0.022884576
0.5962661
0.3623119
0.29101253
0.18241094
0.55651146
0.5859537
0.51774126
0.06946634
0.4873961
0.27821454
0.15305574
0.0749082
0.6851659
0.22646683
0.18172893
0.569596
0.32394302
0.5509284
0.20149155
0.49685866
0.49103636
0.06716425
0.42898503
0.0822131
0.32569993
0.13224019
0.08631782
0.798975
0.9231418
0.4431787
0.054183636
0.12989132
0.061685055
0.38751107
0.1264872
0.55465364
0.2260527
0.21897599
0.38662845
0.8745218
0.12284366
0.11280934
0.11280934
0.26808625
0.19488117
0.09649646
0.34582397
0.5153698
0.9019735
0.21709456
0.41027805
0.09837652
0.29933324
0.28781357
0.36693227
0.48771006
0.7534387
0.19683503
0.14110518
0.2842716
0.5203133
0.34866208
0.04989949
0.40406433
0.18877475
0.21683381
0.06809618
0.22325312
0.18966065
0.066868305
0.07555312
0.16587916
0.5956212
0.18604654
0.37591437
0.248914
0.27831233
0.17283134
0.43859032
0.7111854
0.21188496
0.36973733
0.27799252
0.69804454
0.7000809
0.151256
0.18996806
0.08685439
0.47163555
0.09021522
0.44891632
0.19593318
0.69786525
0.10787411
0.24942158
0.25813437
0.77621126
0.41632983
0.30837706
0.20573072
0.36548987
0.20142725
0.15088952
0.94864386
0.5529079
0.47219747
0.06245318
0.15565407
0.8220983
0.076781146
0.122490786
0.2751083
0.34468302
0.042195905
0.16338062
0.54022354
0.19089806
0.49832287
0.31935436
0.45117915
0.3279246
0.06968929
0.47239393
0.20084037
0.5933386
0.47343552
0.22008364
0.1495061
0.88273466
0.07238446
0.6461931
0.13922411
0.052564766
0.14786783
0.10817001
0.89827186
0.08894786
0.103238195
0.08201476
0.32892963
0.17893943
0.09311643
0.72611725
0.24216793
0.050149705
0.25037375
0.62884927
0.37576988
0.40860894
0.12863395
0.086736545
0.9259009
0.115774244
0.5703821
0.07902294
0.21870069
0.639326
0.20315276
0.8368326
0.14384209
0.20614813
0.78072625
0.17941979
0.12181323
0.2670808
0.18941744
0.0658451
0.042397488
0.593472
0.08300674
0.7302684
0.068603456
0.13575037
0.14538926
0.17142005
0.75771165
0.44466555
0.43326426
0.085715294
0.5399597
0.22841829
0.30885482
0.41922873
0.47341293
0.23142487
0.20642169
0.9297488
0.20433936
0.8834605
0.31227353
0.12925185
0.8119397
0.07639874
0.72196674
0.4439988
0.43460107
0.891462
0.13624713
0.39353457
0.14138666
0.47344854
0.09988901
0.3282464
0.18567042
0.28731576
0.6810908
0.29477656
0.3110844
0.27129734
0.28180215
0.09393942
0.3370048
0.57661
0.27276516
0.29147068
0.06634038
0.19356216
0.61437106
0.30454174
0.42521426
0.4871064
0.25702363
0.19695747
0.33663926
0.26206106
0.10509689
0.7113577
0.045891006
0.14624558
0.7229425
0.18553446
0.16039826
0.033625573
0.24414912
0.39869756
0.07936371
0.3602699
0.4910267
0.5326619
0.38803995
0.5176305
0.25196424
0.14484164
0.46232602
0.22675182
0.07919147
0.09351864
0.58304065
0.89396596
0.45772824
0.60084224
0.03645988
0.19777566
0.38117576
0.67489475
0.79821104
0.049132343
0.14876112
0.57923776
0.36858612
0.33714688
0.44391137
0.31794932
0.08935108
0.033239797
0.40323922
0.4351411
0.08484263
0.040512726
0.058618557
0.03313304
0.118961096
0.07783659
0.7495542
0.28548157
0.71719426
0.13023281
0.26562193
0.039208043
0.5710531
0.113570996
0.07834431
0.067914166
0.22652863
0.7676995
0.049861316
0.33724684
0.025554968
0.42084962
0.21676913
0.08744345
0.08914981
0.31707928
0.18512397
0.15973358
0.1304735
0.398573
0.36814025
0.27922857
0.0448866
0.51674885
0.5608322
0.55995417
0.47525272
0.4882413
0.46917182
0.13524555
0.47624397
0.6550063
0.5904626
0.07268197
0.059753202
0.3281224
0.2700694
0.20026807
0.47374186
0.33670858
0.8227186
0.29816356
0.1963446
0.05363649
0.4829162
0.4381822
0.7945558
0.27462763
0.44988135
0.627757
0.35544923
0.33864063
0.113639474
0.59941274
0.31826147
0.8278795
0.1181356
0.4145522
0.14496939
0.38716066
0.32933986
0.4002742
0.13252117
0.37220266
0.12771589
0.119887434
0.21408294
0.28665003
0.548364
0.36985195
0.121803954
0.23647481
0.19765514
0.25038716
0.035641234
0.21408294
0.21408294
0.5349194
0.13557307
0.16951148
0.65097576
0.14203124
0.21848087
0.36775628
0.47853315
0.3876814
0.60223764
0.52702683
0.0629218
0.49214572
0.6152645
0.37594098
0.88144696
0.4419497
0.24035352
0.23401757
0.22865932
0.42327693
0.31618083
0.22389863
0.17269605
0.6116984
0.57559407
0.12849309
0.6059822
0.8451218
0.4944757
0.5983968
0.47502857
0.84567654
0.36374497
0.32597533
0.20868969
0.53932
0.5029066
0.7986547
0.07119708
0.2738671
0.24981794
0.030082142
0.15586999
0.09879616
0.25475505
0.13009799
0.35112175
0.21630628
0.4514514
0.47290376
0.26615694
0.23216605
0.83249974
0.86444706
0.376153
0.3367037
0.3066737
0.31454313
0.08945242
0.043265413
0.25394008
0.28526792
0.070912525
0.7538742
0.5586445
0.67821705
0.27646005
0.5343779
0.5031052
0.289664
0.15433323
0.3574774
0.14570957
0.534172
0.23124117
0.21450551
0.3838873
0.13083196
0.13695867
0.23101075
0.10725348
0.14724919
0.14885277
0.38670015
0.10754812
0.11588224
0.2679535
0.31794932
0.20799424
0.6052473
0.31794932
0.25364703
0.24600887
0.81603897
0.15232949
0.48262355
0.10314754
0.5231375
0.19672556
0.35380924
0.18910012
0.6369694
0.39278156
0.32662386
0.53996694
0.070360295
0.108594194
0.27683157
0.072958685
0.086887084
0.17135409
0.14385234
0.32222733
0.2527467
0.61276925
0.7443962
0.2756913
0.8604929
0.18592279
0.12664373
0.6543235
0.20585987
0.81130624
0.28671438
0.09456258
0.19357923
0.26231396
0.59571034
0.657303
0.8143542
0.7882424
0.16526026
0.5959934
0.56299055
0.36476168
0.57329226
0.07655263
0.244692
0.8148642
0.7064135
0.79079247
0.58169055
0.1251351
0.4490028
0.06650333
0.7807703
0.610181
0.42174172
0.11226095
0.1326001
0.5690866
0.86607283
0.8842513
0.92314553
0.7807703
0.77090204
0.70818216
0.7807703
0.7807703
0.7807703
0.7807703
0.29534614
0.48883894
0.03430307
0.7759344
0.543215
0.07440215
0.42922404
0.44193497
0.094424315
0.093115896
0.5984973
0.72433543
0.9096035
0.18682288
0.4836366
0.16309117
0.37333342
0.6981748
0.8420113
0.31477466
0.26393026
0.41135728
0.66167265
0.1430712
0.08636468
0.5077962
0.10268317
0.03405613
0.61444515
0.24896206
0.39917967
0.14429425
0.11498185
0.40700126
0.2841044
0.6730167
0.6242717
0.74725693
0.6455761
0.2137228
0.27681106
0.619926
0.081751056
0.18211988
0.07502981
0.1482085
0.31700358
0.64606494
0.254372
0.1740659
0.5385954
0.58339125
0.6486153
0.080460586
0.3128578
0.32889053
0.1478549
0.88001406
0.2411176
0.7577212
0.44702813
0.44541654
0.44089565
0.19613253
0.12393148
0.2582646
0.07996238
0.19674999
0.32830173
0.17413792
0.68530947
0.18010326
0.1174588
0.10702567
0.26889467
0.1690291
0.11921219
0.5192595
0.29949108
0.49337137
0.19193242
0.2675938
0.43517923
0.1743452
0.59663194
0.2082313
0.17025286
0.6489624
0.7192232
0.035009008
