0.010824826
0.024253605
0.010832747
0.0046899305
0.009503742
0.00430275
0.010247042
0.0067086313
0.021161688
0.0051694373
0.01376471
0.005954815
0.0106660845
0.10888857
0.0080675045
0.01605127
0.003065945
0.023657756
0.023657756
0.007942775
0.83723414
0.32764697
0.0058179265
0.020369088
0.035313394
0.0046414016
0.023095943
0.0077057313
0.0063725663
0.005034705
0.0119465
0.019990487
0.015275769
0.040223792
0.0062111
0.015406368
0.0068357885
0.026810177
0.019153727
0.03315003
0.0055908635
0.02032422
0.00887364
0.006236536
0.0027919349
0.014324432
0.011422692
0.011842112
0.04344842
0.051885698
0.03635362
0.048088163
0.149661
0.1257089
0.15875971
0.059981845
0.004591868
0.5053145
0.9801176
0.005903791
0.004139861
0.051409505
0.13395746
0.0064005596
0.0048329225
0.039003335
0.06245343
0.046151787
0.018169772
0.002181251
0.0074339025
0.0041449573
0.022828072
0.003987958
0.25568298
0.112679064
0.06329128
0.033355944
0.5309787
0.047363937
0.0062490525
0.8744999
0.016020745
0.020985259
0.07318717
0.032542557
0.014733021
0.043047313
0.23380302
0.025504326
0.02663841
0.010527444
0.008658384
0.003363607
0.002711207
0.014254568
0.010038919
0.002567629
0.019304924
0.0075277286
0.71716666
0.0021433919
0.0019542996
0.010706631
0.0033711079
0.07133321
0.004901292
0.003498696
0.02949689
0.087300405
0.058818847
0.0075919614
0.018023115
0.017910374
0.029935697
0.030189713
0.03186665
0.017646128
0.05598693
0.03250842
0.32609576
0.023890108
0.038470637
0.009732686
0.004312971
0.0386935
0.0042584823
0.02728279
0.0074904715
0.010437944
0.030808145
0.05663789
0.016052892
0.024520991
0.0030757603
0.03376924
0.0048672967
0.0028629738
0.0028629738
0.0029216758
0.8172865
0.02756341
0.03615341
0.19089422
0.43934003
0.057869814
0.020774111
0.009277364
0.0256763
0.0029734683
0.09502381
0.42410147
0.059981845
0.09017901
0.011998946
0.015162141
0.016399166
0.16889165
0.012947412
0.00575501
0.1275872
0.011299152
0.006189457
0.55052817
0.004624325
0.033924345
0.009643675
0.011647172
0.007971504
0.08745063
0.07398076
0.0033569438
0.10179718
0.007828563
0.002967308
0.085888796
0.0055704894
0.06503962
0.003001851
0.005743048
0.06221134
0.084791906
0.05717193
0.004436354
0.026376486
0.0041214414
0.0047280476
0.033451714
0.082209624
0.0539969
0.08610726
0.0026564496
0.0037076208
0.08979823
0.028142381
0.110132046
0.0054080044
0.0031018648
0.016005384
0.039394144
0.011014048
0.007569776
0.0026945907
0.05356818
0.13098826
0.002574518
0.035202105
0.036506638
0.006820763
0.0047033867
0.0047994293
0.026124064
0.008309407
0.06565979
0.015127187
0.021046763
0.776144
0.011879673
0.0106899375
0.0042461716
0.033498276
0.0066299145
0.20015697
0.014843541
0.007403187
0.010706255
0.014395888
0.0072622644
0.007915099
0.0063069244
0.020947626
0.004901934
0.013311368
0.09298127
0.010812515
0.005844673
0.019700743
0.01633002
0.013581032
0.030718658
0.01619895
0.002656493
0.041272007
0.061330903
0.016596243
0.15813713
0.044597898
0.16027363
0.0068958346
0.011992715
0.0041977847
0.012809323
0.011505855
0.0037050259
0.012562438
0.09648575
0.0034530002
0.0045442507
0.15934108
0.010971042
0.02134231
0.22735931
0.03516165
0.028431475
0.039981898
0.009508976
0.0083599035
0.05757032
0.0033293632
0.21681017
0.05224234
0.22271594
0.0025829105
0.018689463
0.027710771
0.023757108
0.0046833185
0.056304842
0.006287319
0.006899982
0.009673645
0.8582743
0.018717797
0.016386418
0.075182095
0.017021893
0.027489293
0.026041994
0.0025470697
0.032318316
0.004065915
0.008100603
0.01287117
0.0068787877
0.0039013932
0.03021736
0.051857628
0.061437175
0.059981845
0.01658663
0.581596
0.005603843
0.009673495
0.002124674
0.011752494
0.0069048773
0.017945241
0.010430295
0.022905512
0.0116050495
0.969624
0.0035505707
0.006677013
0.010095524
0.011603603
0.03078378
0.0040426613
0.0036540972
0.01469419
0.87863135
0.096661806
0.0056189676
0.003478698
0.09014855
0.019497594
0.01128401
0.0071460125
0.0030987016
0.0054607666
0.012465967
0.14348337
0.5361139
0.019506464
0.05151749
0.022882098
0.01638245
0.093116924
0.080366164
0.023751335
0.006604735
0.96502864
0.0033382247
0.96322644
0.02293808
0.007599764
0.023163658
0.010627897
0.007850343
0.0076946327
0.01406125
0.7040281
0.31151035
0.0045127114
0.009296358
0.014912777
0.0037097689
0.017876387
0.039386876
0.003604096
0.0069788303
0.11857137
0.03535444
0.0037185636
0.008631723
0.05029801
0.008748703
0.05045411
0.005137394
0.0024460182
0.0023549958
0.0064767213
0.0064767213
0.0024850566
0.8914203
0.0062895482
0.006705504
0.061965533
0.0056839962
0.019265318
0.012534698
0.0075827898
0.6435553
0.036082167
0.0059666615
0.0076505058
0.009175844
0.042031243
0.9740484
0.004984101
0.0069761723
0.01139189
0.0073296567
0.0028355967
0.0018962763
0.024839222
0.037676174
0.015683373
0.010125886
0.17274316
0.034800623
0.036322095
0.003831759
0.023588069
0.014142868
0.0036570148
0.0037863124
0.14115074
0.7398493
0.77843755
0.0334908
0.006298299
0.030583646
0.008062531
0.034049887
0.010396805
0.0044772085
0.0129350005
0.0060974252
0.011185172
0.0065721115
0.0025449274
0.11125048
0.02455729
0.059761237
0.0032939545
0.009009856
0.0022991027
0.030813288
0.0137336105
0.14815311
0.038326208
0.0075574485
0.027976312
0.09855666
0.007673829
0.008113616
0.008113616
0.0072939293
0.009919699
0.005016089
0.01754919
0.04489255
0.078841195
0.77806467
0.022191357
0.00805316
0.029840996
0.031495925
0.013569421
0.019783251
0.02318884
0.013613872
0.005130892
0.031547513
0.08403033
0.013283014
0.0024381978
0.58723474
0.016589329
0.007886184
0.0030274172
0.008114529
0.005279632
0.0029780392
0.0031718034
0.011905464
0.05468194
0.015035611
0.020237185
0.015220757
0.022003565
0.008205198
0.05828193
0.026748298
0.0054080044
0.03015599
0.019889535
0.05069773
0.14258133
0.005674254
0.0063725836
0.0026422339
0.01252319
0.0039426866
0.07919909
0.009670608
0.11926228
0.006232385
0.010892481
0.061768185
0.06906014
0.025356885
0.017142098
0.01008631
0.0124113215
0.0049696006
0.0035791022
0.03120033
0.05036873
0.43987152
0.0032467232
0.00904474
0.13719696
0.0029653255
0.0053594285
0.008636795
0.08691268
0.0027116542
0.0065938532
0.039278157
0.008864932
0.024187872
0.012249056
0.019170191
0.66910976
0.005060283
0.02447382
0.010220353
0.020956688
0.031938724
0.76289797
0.007809316
0.020068703
0.0040055523
0.11010204
0.0071524116
0.0019825797
0.006889537
0.004247775
0.02289715
0.0037902337
0.005034716
0.003479574
0.029618634
0.012846999
0.0074884496
0.027136745
0.014345114
0.0032617182
0.018755808
0.03568375
0.011792891
0.029212505
0.00455635
0.0046833605
0.065056324
0.004940902
0.030675534
0.005659661
0.00959416
0.04121654
0.009215481
0.13007133
0.005078859
0.020402575
0.040925197
0.008756693
0.0039851177
0.012025904
0.010979635
0.002881502
0.0025637173
0.04044105
0.0040171235
0.085201144
0.0026151089
0.0054544783
0.009262079
0.0058695204
0.18792555
0.012267663
0.55050814
0.0061615743
0.04858457
0.008342783
0.0062552444
0.023635786
0.1006486
0.014549739
0.01347407
0.032429792
0.0058059087
0.046612475
0.018322574
0.0040460285
0.024856528
0.003067535
0.2263266
0.031570375
0.4624956
0.030051515
0.0051005934
0.12511155
0.008800164
0.051562294
0.0054934295
0.024749
0.007881934
0.007811664
0.17217489
0.0073652295
0.012104554
0.0073724645
0.008578681
0.0027646953
0.01831279
0.049585894
0.017748324
0.011592
0.0022649104
0.0075558424
0.030778091
0.010487934
0.046764966
0.009573944
0.032315284
0.7879946
0.2980055
0.020812072
0.0048394636
0.23728651
0.004300853
0.0055387067
0.2693079
0.006274041
0.007126287
0.001861288
0.009105046
0.019217266
0.004539538
0.07808112
0.14907137
0.013377224
0.018028667
0.01578872
0.00836764
0.0071578845
0.02527346
0.007964824
0.0033765244
0.0032486925
0.021759275
0.031172961
0.41628468
0.041274875
0.9564221
0.019252893
0.29556078
0.1954663
0.03618224
0.0038827853
0.8482894
0.091654934
0.3797985
0.017745553
0.05171737
0.0103750955
0.004448404
0.0022857538
0.4375799
0.0461404
0.0033791468
0.0026130325
0.0031622662
0.0034697035
0.005704942
0.008192167
0.019818986
0.010286741
0.014532062
0.0055799205
0.007857705
0.002059297
0.078261055
0.006289878
0.0028268294
0.004372402
0.01081813
0.018785419
0.94887453
0.046478804
0.0022692587
0.0765751
0.014748281
0.005529251
0.0059850947
0.0115214335
0.012564385
0.0060358164
0.006017627
0.07431007
0.01069157
0.01887021
0.0032677625
0.017667316
0.03516872
0.2303127
0.34086075
0.24856105
0.26890025
0.0072115646
0.022641463
0.18902226
0.11513394
0.0023348501
0.004493085
0.035618026
0.032771654
0.011362966
0.024877496
0.017257001
0.07223082
0.015453098
0.006324749
0.003415022
0.020334437
0.07020099
0.019732075
0.012397196
0.019964337
0.02218135
0.032756478
0.016293002
0.0043440815
0.018037902
0.012583643
0.036898315
0.00445604
0.022154825
0.006529094
0.028048273
0.012379204
0.04611609
0.005278667
0.018483859
0.008883299
0.0041727363
0.00666899
0.020369992
0.44659472
0.040825836
0.0047916286
0.0058309957
0.006155322
0.008677144
0.001924278
0.00666899
0.00666899
0.047005378
0.0050590574
0.011519147
0.31431615
0.017534692
0.019897906
0.016804432
0.020473912
0.02416702
0.10800909
0.032303985
0.0025699222
0.0305634
0.056330923
0.03435551
0.09783716
0.013281657
0.0067316378
0.009125846
0.020740151
0.034172673
0.01389062
0.0065159285
0.0089064855
0.019742217
0.049957953
0.0048696073
0.38455892
0.032638755
0.04779623
0.03525301
0.013599114
0.018588487
0.0071083033
0.024475498
0.009833006
0.031920437
0.025267849
0.18918611
0.0042187762
0.038518436
0.007728082
0.0024545079
0.006936252
0.005588981
0.011459251
0.0067789624
0.024462355
0.01374707
0.010900052
0.01962901
0.014907613
0.00607203
0.10629632
0.030168308
0.026644256
0.017161852
0.6827982
0.011933081
0.0034151613
0.0029565115
0.01058335
0.033267505
0.0031680304
0.118230745
0.065994374
0.052273355
0.7167881
0.028346524
0.075050116
0.008056261
0.0083914185
0.017116113
0.005029788
0.022486698
0.00807923
0.013386605
0.022458628
0.0086995
0.85889494
0.00837489
0.0032712482
0.007311664
0.0033980936
0.011927504
0.010474195
0.008387577
0.7250996
0.0103750955
0.008893181
0.022804836
0.0103750955
0.009198651
0.015628017
0.1372571
0.008578792
0.2707271
0.004643618
0.32509843
0.0072419536
0.040929727
0.01567429
0.34518334
0.02391934
0.01643035
0.045141745
0.0044286647
0.004230019
0.3017828
0.0028553754
0.0035042595
0.006967538
0.0076132915
0.012499858
0.014602724
0.107674785
0.045235828
0.014927773
0.029463787
0.81120247
0.0042520347
0.023893494
0.011741564
0.14626034
0.11396643
0.00259092
0.0074056494
0.011192023
0.027066646
0.017659884
0.13507996
0.17508633
0.010220471
0.049903225
0.03962412
0.011636974
0.017167723
0.004096225
0.0055544926
0.126516
0.06209613
0.13841584
0.035717525
0.0063050706
0.019062553
0.005471047
0.17393021
0.036340117
0.019919863
0.00634926
0.007020272
0.028740441
0.032605793
0.03898365
0.055236418
0.17393021
0.20545126
0.019887995
0.17393021
0.17393021
0.17393021
0.17393021
0.012816365
0.03006096
0.0027411578
0.07880267
0.1265099
0.0037161736
0.059981845
0.039545055
0.0041239085
0.0043054284
0.036669917
0.024915965
0.083476014
0.01880296
0.021898936
0.007438856
0.01602666
0.023873748
0.043192454
0.015345303
0.00890489
0.01042557
0.034132954
0.84149975
0.004004679
0.015313822
0.004624972
0.002827146
0.32721555
0.017562233
0.017115945
0.012220886
0.005748328
0.025753628
0.009078651
0.025100322
0.028405545
0.19524862
0.2313649
0.77745825
0.01591289
0.028035857
0.0056303986
0.812014
0.0034559714
0.0067069
0.045108356
0.03731704
0.026275951
0.012737491
0.0732108
0.043192822
0.03576058
0.003968332
0.012251187
0.022642553
0.009885589
0.07302202
0.7253163
0.040637027
0.02599413
0.017532688
0.022467406
0.0089145275
0.0046633617
0.056236632
0.0039931354
0.7975762
0.01015991
0.008877832
0.026792595
0.0077100242
0.008100699
0.0035327352
0.0116203325
0.005221043
0.87531596
0.022217525
0.015591378
0.087921344
0.014343921
0.017733635
0.018241616
0.009594218
0.059813622
0.78932905
0.004236637
0.030296255
0.049453046
0.0023868512
