0.69449335
0.38916072
0.5878932
0.36624837
0.78547907
0.12675683
0.5280302
0.27035218
0.76837796
0.6519283
0.7149562
0.10539531
0.5203775
0.5543361
0.7574073
0.31124464
0.54637766
0.5349318
0.69449335
0.78547907
0.13836762
0.40793383
0.7217388
0.6397751
0.69823056
0.6935763
0.7191523
0.7125396
0.6563885
0.6849294
0.60451466
0.6951365
0.5603959
0.70120573
0.7000199
0.7033157
0.13776478
0.21361782
0.12354103
0.1772696
0.45924583
0.16395697
0.3463862
0.02441456
0.513436
0.69449335
0.21246316
0.41801718
0.78547907
0.7435581
0.044867102
0.09483329
0.6714763
0.7451055
0.096260734
0.3571944
0.69288975
0.38843012
0.048121344
0.20759836
0.09132269
0.6120666
0.66981965
0.5275197
0.69449335
0.78124404
0.16620126
0.4967701
0.9041053
0.1975454
0.78547907
0.42851493
0.2286269
0.75084
0.27879506
0.5301876
0.31869832
0.7090719
0.63710505
0.779354
0.59362364
0.74799883
0.7302078
0.23905672
0.69449335
0.6559889
0.8258574
0.8672958
0.78547907
0.031926893
0.27637738
0.61731416
0.7109756
0.7044099
0.49250546
0.3436751
0.5359056
0.5876149
0.69449335
0.34134698
0.81853807
0.5611573
0.07083602
0.5380581
0.33786023
0.78547907
0.39145726
0.6281277
0.8022972
0.30835763
0.75166845
0.4015842
0.51928294
0.92318094
0.6230037
0.9097857
0.38983998
0.1990332
0.69449335
0.7581478
0.3181842
0.20535514
0.780484
0.54841805
0.7916661
0.78547907
0.4539455
0.70088935
0.41938177
0.4955605
0.59624445
0.25989848
0.7048467
0.73054343
0.2455346
0.4027282
0.69449335
0.50483114
0.78547907
0.31437775
0.16225424
0.62464476
0.42393824
0.39035887
0.617349
0.75723237
0.6087701
0.17411628
0.34204865
0.56082433
0.54637766
0.5857403
0.3157487
0.69449335
0.14532505
0.109297216
0.78547907
0.7411192
0.18408738
0.56827575
0.13445276
0.104973175
0.44401607
0.60088384
0.28375316
0.5176055
0.36603475
0.28406307
0.78014326
0.76223654
0.8377305
0.69449335
0.848534
0.112138584
0.23783596
0.7717468
0.78547907
0.81176513
0.8666968
0.86790353
0.16719076
0.3441399
0.5291302
0.48755336
0.2508507
0.2056179
0.34300837
0.7243257
0.32091343
0.58314764
0.57117647
0.13492751
0.62186426
0.5141916
0.63802475
0.09278713
0.78547907
0.5790792
0.2453164
0.26105434
0.42652616
0.4043837
0.55405724
0.21438625
0.6791355
0.2091256
0.5900317
0.54637766
0.11662818
0.68867844
0.61978567
0.41341567
0.82566017
0.61328715
0.60212743
0.8802522
0.54942054
0.69449335
0.6023217
0.6573574
0.6553286
0.7210542
0.8003921
0.3950741
0.07731232
0.46392217
0.7268771
0.78547907
0.28660998
0.6377646
0.40381742
0.4094513
0.66665775
0.15517399
0.8010375
0.14127128
0.7697333
0.7560306
0.28539187
0.7901339
0.73436874
0.2470983
0.24981473
0.23631544
0.3869829
0.50674576
0.5072794
0.8203128
0.69449335
0.42571545
0.54423493
0.50244915
0.091417685
0.78547907
0.13645662
0.03834167
0.51915956
0.77724284
0.8141839
0.09013013
0.7839824
0.75099534
0.16861606
0.79962456
0.15621245
0.7590616
0.5206296
0.62143546
0.2048458
0.1052433
0.54891366
0.8784493
0.73922
0.71598357
0.25571522
0.69449335
0.4467604
0.76439047
0.5665151
0.1965769
0.46185857
0.78547907
0.7332308
0.23372976
0.14115676
0.7188629
0.7373819
0.24427775
0.34865385
0.21549602
0.42477363
0.6408495
0.32869607
0.22165544
0.5768322
0.5968872
0.69449335
0.6213887
0.8088615
0.5920997
0.4429833
0.89846104
0.46766162
0.31849733
0.43736556
0.41869697
0.50651616
0.6515603
0.6579361
0.77943176
0.68960357
0.5624175
0.8320366
0.69449335
0.4252054
0.7344047
0.1719796
0.23365486
0.78547907
0.73115516
0.3060218
0.36763304
0.18166164
0.12914197
0.20561074
0.26485008
0.027855594
0.24570514
0.26831806
0.5163212
0.78446037
0.24697421
0.6953728
0.51788473
0.24067701
0.20069261
0.4763673
0.10300034
0.39186156
0.7165786
0.22007503
0.23963594
0.5166667
0.31463405
0.5490881
0.4577328
0.46405077
0.4735029
0.6320444
0.8492054
0.5671108
0.04662715
0.7689472
0.87382716
0.69449335
0.17123038
0.44100192
0.74131644
0.22145502
0.59651905
0.6298943
0.599071
0.2812146
0.13842008
0.78547907
0.30365378
0.39883816
0.1416879
0.765288
0.6637478
0.33285105
0.19229925
0.46753165
0.66358244
0.03587182
0.7526437
0.7576949
0.7647163
0.17261069
0.3162017
0.688799
0.22555004
0.13697773
0.01618708
0.38964048
0.26038426
0.21092652
0.24790527
0.09917622
0.13660507
0.097581126
0.69449335
0.9308474
0.030124608
0.7581568
0.90124655
0.29822275
0.30864963
0.81669164
0.2580573
0.78547907
0.819954
0.25937492
0.72228783
0.62803525
0.20313716
0.7973499
0.63083774
0.18266007
0.77713543
0.1990091
0.41477203
0.59411484
0.42699334
0.6701978
0.02966987
0.40914544
0.14630331
0.7900701
0.30083048
0.8317707
0.5891459
0.80630404
0.81829786
0.8256266
0.6390221
0.67154807
0.6185671
0.7865401
0.8346009
0.86576664
0.787363
0.72116077
0.8321226
0.85576534
0.8321292
0.8839982
0.853706
0.8649918
0.69449335
0.8147974
0.85464466
0.8342402
0.6984574
0.84859914
0.50323606
0.7283352
0.8680952
0.68906355
0.83914727
0.7750031
0.87469834
0.8726298
0.84521246
0.8360593
0.6760366
0.7019431
0.45587406
0.7486587
0.7313923
0.73860633
0.7421081
0.78547907
0.6006898
0.2703991
0.7505552
0.7574336
0.80805165
0.65389377
0.12395018
0.28626302
0.31265348
0.6272875
0.37819347
0.44948584
0.68494725
0.617397
0.75408036
0.69449335
0.84611857
0.84421283
0.7894171
0.6713832
0.83565605
0.707612
0.5665566
0.039528828
0.7436504
0.7253637
0.74838185
0.7009555
0.82554454
0.4927506
0.7333295
0.8060467
0.7661068
0.12766854
0.78547907
0.7596107
0.74608946
0.4741743
0.4011956
0.38324222
0.65237546
0.7188629
0.40312174
0.86105996
0.15481284
0.111402944
0.2503728
0.2532184
0.088142134
0.612464
0.04681273
0.26075026
0.46009064
0.5193282
0.05884681
0.19491316
0.06754652
0.473704
0.5587594
0.69449335
0.6664841
0.4699373
0.3447095
0.41978568
0.3623825
0.8380379
0.78547907
0.40177345
0.69180363
0.2920686
0.8050482
0.7654578
0.33228132
0.60055196
0.4717786
0.6958099
0.82567185
0.16306888
0.30939177
0.637167
0.7052152
0.7473786
0.12416453
0.41734445
0.586443
0.69449335
0.29822275
0.12057934
0.15150906
0.3413233
0.7865438
0.5234209
0.78547907
0.23162921
0.13176511
0.7143099
0.74753124
0.75081915
0.72330606
0.4349862
0.16739155
0.40687874
0.44118643
0.52058756
0.41514108
0.69449335
0.7579109
0.78547907
0.6316302
0.074961364
0.8099574
0.74111193
0.12558235
0.8869527
0.47514483
0.56546545
0.7362079
0.7443022
0.38386396
0.750007
0.18677655
0.7463433
0.74955595
0.7633767
0.064607546
0.62388974
0.773567
0.81957823
0.049925774
0.69449335
0.67351043
0.7724298
0.711038
0.819954
0.5238918
0.78547907
0.88952863
0.5992177
0.62907773
0.85898596
0.89437205
0.87042207
0.35291168
0.61839247
0.38539395
0.049899466
0.25047562
0.74275565
0.6396039
0.74678284
0.7383597
0.07624336
0.4372215
0.5484612
0.61214554
0.2699576
0.6100323
0.30773
0.819954
0.69449335
0.6387522
0.78547907
0.52616465
0.23560221
0.80124676
0.89614105
0.9188702
0.6534713
0.2482201
0.5877065
0.42030415
0.2697138
0.6591301
0.17150545
0.49505377
0.6256892
0.53318095
0.1421287
0.6704285
0.7498305
0.7433452
0.048546843
0.78547907
0.35606453
0.79337186
0.5693497
0.74015296
0.5991839
0.043436505
0.253242
0.7526319
0.15736613
0.06839214
0.24713354
0.7998058
0.32595286
0.07193885
0.6788748
