0.21931353
0.5594657
0.06452146
0.62655884
0.07124672
0.0043213954
0.06521893
0.010193148
0.040527295
0.05510051
0.021836868
0.89217687
0.36762506
0.2227429
0.091365136
0.024314841
0.038150456
0.02668745
0.21931353
0.07124672
0.85707355
0.01303833
0.019563815
0.092416205
0.21003003
0.21772465
0.17224228
0.17390384
0.24361648
0.14892848
0.12431535
0.15474842
0.059275586
0.16835092
0.16350786
0.19741453
0.85289156
0.009347265
0.8448299
0.020692464
0.025504813
0.82977813
0.014831032
0.97439414
0.3164649
0.21931353
0.007282287
0.54446876
0.07124672
0.025197895
0.0030371037
0.0048191003
0.029696738
0.062131133
0.9013588
0.03835401
0.120010614
0.022243522
0.0033153244
0.012724369
0.004166924
0.36599153
0.04385647
0.025068047
0.21931353
0.060558185
0.8291314
0.0476892
0.08639244
0.7740739
0.07124672
0.49262547
0.016975245
0.033513334
0.014341243
0.032177642
0.043896947
0.08949311
0.04621486
0.17441139
0.31393594
0.16337031
0.21112482
0.018514575
0.21931353
0.036743846
0.035048295
0.04307928
0.07124672
0.0029441433
0.020918863
0.07005056
0.24434863
0.15660468
0.4179832
0.039662216
0.033721324
0.29652572
0.21931353
0.020220589
0.060474116
0.06975566
0.0049744337
0.039960854
0.65035146
0.07124672
0.02550557
0.022468796
0.051540334
0.02175166
0.040276762
0.01293737
0.04940059
0.050393496
0.08323021
0.026353158
0.027211715
0.01745897
0.21931353
0.06786186
0.67223775
0.008015299
0.18630224
0.36925986
0.13430826
0.07124672
0.035553336
0.026039194
0.022781163
0.20157471
0.038214102
0.01327257
0.16469201
0.17779854
0.02820412
0.02366947
0.21931353
0.049103547
0.07124672
0.012588897
0.007296897
0.36496213
0.02205685
0.10419255
0.04274802
0.22318682
0.1599177
0.8186736
0.048915572
0.36724252
0.038150456
0.017321477
0.03352279
0.21931353
0.01143133
0.014958911
0.07124672
0.029928533
0.014810486
0.047886554
0.0054340423
0.0056166337
0.034285985
0.15220669
0.008902898
0.47056726
0.03552753
0.022495095
0.06850615
0.19071716
0.052673608
0.21931353
0.110080644
0.0072325985
0.008049843
0.12914948
0.07124672
0.13029924
0.069071285
0.07034047
0.008828789
0.017282544
0.39974186
0.02386022
0.010896427
0.7883428
0.017798088
0.16074948
0.6707501
0.37254062
0.021903737
0.0055948882
0.040219814
0.02413852
0.30529785
0.006332246
0.07124672
0.352071
0.00895635
0.72703564
0.034304745
0.080254704
0.022484066
0.017360717
0.02947891
0.0068289195
0.22880363
0.038150456
0.0052181575
0.10622024
0.21645744
0.022891289
0.07203002
0.033732563
0.1357956
0.03662455
0.12883516
0.21931353
0.03496133
0.28786936
0.06801977
0.16367796
0.053647406
0.5836175
0.004517554
0.023431487
0.17812426
0.07124672
0.04133898
0.058149572
0.03886006
0.037128992
0.13505134
0.009506907
0.05183498
0.005081732
0.13782886
0.0808155
0.01404977
0.17713805
0.02201513
0.013865038
0.742343
0.021733988
0.020812856
0.4161127
0.0527507
0.14606375
0.21931353
0.055476453
0.40881225
0.42396903
0.0058911964
0.07124672
0.85862726
0.95928055
0.042285606
0.13817829
0.030913204
0.0033845704
0.17702566
0.041651364
0.013943689
0.035710342
0.006909026
0.09251027
0.03291535
0.2457181
0.78229
0.0056958795
0.042090584
0.058875147
0.19353151
0.082444906
0.015371102
0.21931353
0.031490695
0.051873267
0.41618344
0.010483673
0.377286
0.07124672
0.1662271
0.027654221
0.85564584
0.24274227
0.10625728
0.015437599
0.016779063
0.7554325
0.49868283
0.24469191
0.02636599
0.009349462
0.063583545
0.37811986
0.21931353
0.22179157
0.15474805
0.025802087
0.46758595
0.049440805
0.5166232
0.010129431
0.033286728
0.023989016
0.051079053
0.018951982
0.10851275
0.18099569
0.021624004
0.046729088
0.092900425
0.21931353
0.021475906
0.025782265
0.008886661
0.7476281
0.07124672
0.028744826
0.6850693
0.013503002
0.007174685
0.006468155
0.012299748
0.022878096
0.9703314
0.73700714
0.013802843
0.26407415
0.044903737
0.7386848
0.047466796
0.021624057
0.02399327
0.008963904
0.060549095
0.003837754
0.017571267
0.25929305
0.012665579
0.024137748
0.026028063
0.014618364
0.41157243
0.061792485
0.025537718
0.032060564
0.279416
0.05110647
0.04416496
0.0035221882
0.049356923
0.05338188
0.21931353
0.0066505903
0.026485622
0.23633017
0.013106016
0.048703853
0.032405715
0.1254917
0.6750804
0.8494908
0.07124672
0.66520685
0.015153432
0.007478759
0.12715898
0.068308175
0.02376245
0.012663636
0.4507862
0.2642512
0.0026245043
0.22374178
0.21773604
0.20993976
0.009350788
0.017036682
0.042186167
0.0073842974
0.8602989
0.9824724
0.012182099
0.012616425
0.017677428
0.74540967
0.8967684
0.8421286
0.00771694
0.21931353
0.037144203
0.96757585
0.21883184
0.053778306
0.013104033
0.008122761
0.059390526
0.014834714
0.07124672
0.15482523
0.01627081
0.16183545
0.33525845
0.79248196
0.13065787
0.047343317
0.011637224
0.024979178
0.007580281
0.032580715
0.03566573
0.5413354
0.035163406
0.968514
0.013997325
0.0073781386
0.03594527
0.010628951
0.08047079
0.3725652
0.13557309
0.022234043
0.03029498
0.019205656
0.02030791
0.025432182
0.042987034
0.047557637
0.033600003
0.036710575
0.031164415
0.03744875
0.029812811
0.023318555
0.036654882
0.04345726
0.032459285
0.21931353
0.027301496
0.044958483
0.03392581
0.030678913
0.030751236
0.030791068
0.03094958
0.042387176
0.027597193
0.03295743
0.031669784
0.028627336
0.038926553
0.073484235
0.03608581
0.29762083
0.043756243
0.022512712
0.22434115
0.24525023
0.23879866
0.23511304
0.07124672
0.035435848
0.021762954
0.2261874
0.22004403
0.05088501
0.07004046
0.86695176
0.6752853
0.64134616
0.33841687
0.025090424
0.034736972
0.03546798
0.1686793
0.1215046
0.21931353
0.04481626
0.10927726
0.1242516
0.078167036
0.075299524
0.03999634
0.045753237
0.9583304
0.23164949
0.25221705
0.22712491
0.2741823
0.094336055
0.049649786
0.16293421
0.166003
0.18062416
0.85837907
0.07124672
0.21646224
0.23161365
0.20130688
0.59249413
0.0130498875
0.3151752
0.24274227
0.015123236
0.06805217
0.0070347325
0.0061978637
0.7316524
0.021329584
0.0037112762
0.14853022
0.00186233
0.015086222
0.1332072
0.20803443
0.0022056776
0.009038169
0.9310073
0.47494107
0.057933453
0.21931353
0.21666092
0.48380378
0.026777072
0.49162874
0.049152914
0.10770306
0.07124672
0.5427265
0.05695543
0.03390511
0.04397359
0.041510954
0.6540483
0.14562474
0.5138781
0.19036023
0.09703016
0.005484802
0.017982813
0.03610416
0.11346409
0.035234295
0.008103767
0.01431678
0.39949134
0.21931353
0.013104033
0.008611109
0.00722606
0.019915096
0.06478719
0.03558878
0.07124672
0.7563092
0.0058225645
0.08211835
0.22790028
0.22591811
0.11050711
0.55009896
0.8299091
0.5442198
0.0626679
0.4409321
0.055761475
0.21931353
0.21818243
0.07124672
0.09313597
0.004254644
0.12447612
0.08441386
0.0061972616
0.038467165
0.4847083
0.17166586
0.24198008
0.23352712
0.55803216
0.22765148
0.012320692
0.22889133
0.22638029
0.14690635
0.0063956333
0.10932209
0.04711439
0.1256534
0.00345601
0.21931353
0.3179869
0.15174209
0.21654683
0.15482523
0.3995016
0.07124672
0.08249105
0.15621816
0.012635707
0.09002869
0.058184106
0.08162263
0.6297863
0.069866
0.02302557
0.0032743134
0.011105952
0.2342998
0.05317407
0.2305611
0.23762771
0.004290216
0.020739105
0.07736039
0.07178409
0.037377648
0.080531485
0.031281795
0.15482523
0.21931353
0.18420212
0.07124672
0.03539182
0.74367934
0.17215762
0.020163652
0.037740774
0.05100621
0.018228387
0.04656903
0.037834242
0.011327242
0.1218588
0.0062159556
0.070997186
0.060280293
0.025078971
0.005826235
0.22338833
0.22549883
0.23432425
0.94983333
0.07124672
0.036134668
0.030739425
0.021516724
0.046224702
0.06299795
0.9556188
0.03168407
0.22451398
0.0057772934
0.007299742
0.019427426
0.15346804
0.014279396
0.004910499
0.069041766
