0.5824162
0.42914692
0.78062296
0.30108523
0.5614415
0.45058072
0.5220946
0.7369423
0.7959035
0.5446504
0.6051516
0.74207765
0.24519315
0.57979864
0.7785242
0.8402487
0.49243033
0.4633766
0.67009556
0.5024323
0.550615
0.65769917
0.5824162
0.76459396
0.23360841
0.78955764
0.72990817
0.8186404
0.5614415
0.45058072
0.5220946
0.8909642
0.079405814
0.86549467
0.446276
0.15098926
0.738435
0.23936854
0.36676002
0.5614415
0.45114446
0.43067008
0.24225214
0.5387199
0.14055611
0.15714398
0.8950831
0.8562178
0.53140897
0.33052686
0.74972945
0.9018617
0.24524291
0.5426758
0.446276
0.8158645
0.6088779
0.5614415
0.6521316
0.74316907
0.2863803
0.14055611
0.4950467
0.04697017
0.032970376
0.21219161
0.5614415
0.4876497
0.44575542
0.74717134
0.3203912
0.3955659
0.8052602
0.79147226
0.13297324
0.38593024
0.79960334
0.15684232
0.5082184
0.38423774
0.2683094
0.23941348
0.5614415
0.44215885
0.88344014
0.26032114
0.69868416
0.69868416
0.39883175
0.14630471
0.6116443
0.64705527
0.3391613
0.8030306
0.87367284
0.6437251
0.4518592
0.81978154
0.071748115
0.46112138
0.8125682
0.5614415
0.47536296
0.68810683
0.8599634
0.28042814
0.7285713
0.7318715
0.82384217
0.7183281
0.46794426
0.18335344
0.20119114
0.5829116
0.50103176
0.5867452
0.19098939
0.37869084
0.7730582
0.87094283
0.46466544
0.22696204
0.705348
0.2172959
0.72209644
0.72209644
0.89849067
0.522099
0.067391895
0.4354337
0.42381802
0.88423014
0.56467354
0.06144796
0.37277228
0.718398
0.718398
0.70928615
0.14122862
0.59050786
0.26563558
0.80293316
0.77601486
0.13556613
0.5453779
0.16785944
0.10269182
0.5081113
0.36021215
0.7427428
0.23927632
0.5614415
0.27648702
0.7815425
0.6402929
0.45492154
0.69195163
0.57852334
0.49041453
0.7324216
0.7324216
0.75131816
0.31323406
0.62192863
0.78508955
0.62958145
0.62958145
0.5614415
0.2656317
0.7330157
0.19749703
0.60082775
0.6163081
0.6163081
0.6375988
0.34098473
0.65140367
0.33201924
0.8101389
0.360503
0.5614415
0.6007016
0.69761884
0.659561
0.659561
0.29582313
0.05214974
0.4200176
0.32896465
0.5572291
0.8065369
0.52885747
0.52885747
0.794607
0.087868296
0.7258443
0.6891484
0.49887174
0.28084213
0.7046031
0.5614415
0.5522965
0.5522965
0.3122466
0.03754114
0.446276
0.82917035
0.18799244
0.3086733
0.6343173
0.5614415
0.5645658
0.821643
0.821643
0.821643
0.8074118
0.8187717
0.8143536
0.7977107
0.7977107
0.7977107
0.8473647
0.852477
0.5549814
0.6484138
0.3828019
0.78081644
0.70123154
0.5340152
0.55731183
0.6430779
0.5549814
0.30831477
0.6313871
0.60347044
0.1880218
0.5614415
0.73172307
0.6470936
0.4559854
0.8052728
0.45114446
0.69096273
0.32099342
0.5387199
0.14187737
0.098586604
0.045963507
0.49432102
0.5549814
0.5614415
0.7844687
0.76125926
0.08986247
0.35226828
0.8186367
0.45114446
0.5093272
0.7741697
0.5387199
0.09302956
0.88471365
0.5614415
0.5191629
0.8052728
0.5549814
0.633791
0.37162662
0.8361775
