(QUERY): 'HIJAB' '04'
Negative Neutral Positive
0.299643337726593 0.6690182685852051 0.031338393688201904 
0.23003646731376648 0.7062452435493469 0.0637182891368866 
0.7211439609527588 0.2668658196926117 0.011990226805210114 
0.8471501469612122 0.14718617498874664 0.005663586314767599 
0.7745248675346375 0.21588416397571564 0.009590893983840942 
0.659352719783783 0.3301374316215515 0.010509812273085117 
0.03826901689171791 0.8150591254234314 0.1466718316078186 
0.7051977515220642 0.2827305495738983 0.012071716599166393 
0.5308833122253418 0.44765305519104004 0.021463612094521523 
0.36795490980148315 0.6052160263061523 0.026829082518815994 
0.04521757364273071 0.32777902483940125 0.6270033717155457 
0.8004185557365417 0.19190095365047455 0.007680537179112434 
0.005243838299065828 0.0750734880566597 0.9196826815605164 
0.005839711520820856 0.10047946125268936 0.8936808109283447 
0.5255814790725708 0.4244958460330963 0.049922697246074677 
0.18126124143600464 0.6599193215370178 0.15881943702697754 
0.7603152990341187 0.23174108564853668 0.007943669334053993 
0.4355121850967407 0.5052260756492615 0.059261683374643326 
0.5001943707466125 0.47438278794288635 0.025422807782888412 
0.10550856590270996 0.8602241277694702 0.03426728770136833 
0.1731524020433426 0.8052353858947754 0.02161215990781784 
0.03290653973817825 0.5081708431243896 0.4589226245880127 
0.04114266857504845 0.39004233479499817 0.5688149929046631 
0.0055691893212497234 0.4947279989719391 0.4997028708457947 
0.3502691388130188 0.6201327443122864 0.02959812432527542 
0.006710968445986509 0.26342910528182983 0.7298598885536194 
0.7926627993583679 0.1979348212480545 0.009402318857610226 
0.20318356156349182 0.7464694976806641 0.050346873700618744 
0.8403337597846985 0.14908578991889954 0.01058041863143444 
0.7658157348632812 0.22550560534000397 0.008678581565618515 
0.3604752719402313 0.6174588799476624 0.022065890952944756 
0.712557315826416 0.27944305539131165 0.007999658584594727 
0.6508989930152893 0.3330734670162201 0.016027476638555527 
0.40417832136154175 0.5683253407478333 0.02749628759920597 
0.09723230451345444 0.7437721490859985 0.1589955985546112 
0.5095297694206238 0.4729953408241272 0.017474861815571785 
0.6846088171005249 0.3047565519809723 0.010634548030793667 
0.962344765663147 0.03471550717949867 0.0029396580066531897 
0.004066383000463247 0.06710489094257355 0.9288287162780762 
0.09604229778051376 0.44238096475601196 0.46157678961753845 
0.82390958070755 0.16937129199504852 0.006719142198562622 
0.48798826336860657 0.4748401641845703 0.037171561270952225 
0.30014199018478394 0.649613082408905 0.05024494230747223 
0.440298855304718 0.4764435291290283 0.08325767517089844 
0.0049069831147789955 0.1186927929520607 0.8764001727104187 
0.407713919878006 0.5653882026672363 0.026897944509983063 
0.1210782453417778 0.8358724117279053 0.043049391359090805 
0.29614686965942383 0.6534991264343262 0.050354018807411194 
0.00325748766772449 0.15001679956912994 0.8467257022857666 
0.93975830078125 0.05724769085645676 0.002993915928527713 
0.007177816703915596 0.5732298493385315 0.4195922613143921 
0.013401770032942295 0.242894247174263 0.7437040209770203 
0.6459833383560181 0.3423196077346802 0.011697123758494854 
0.36848682165145874 0.590075671672821 0.0414375364780426 
0.1968298703432083 0.753885805606842 0.049284275621175766 
0.6563589572906494 0.3274346888065338 0.016206372529268265 
0.838329553604126 0.14979985356330872 0.01187056489288807 
0.2641492784023285 0.7105246782302856 0.025325940921902657 
0.015834638848900795 0.8896390795707703 0.0945262610912323 
0.356145441532135 0.5865706205368042 0.057283904403448105 
0.2856663465499878 0.6854385137557983 0.02889516018331051 
0.31709346175193787 0.6641800403594971 0.01872652769088745 
0.44741466641426086 0.4739729166030884 0.07861243188381195 
0.21062104403972626 0.7208258509635925 0.06855304539203644 
0.4700630307197571 0.49138665199279785 0.03855028375983238 
0.7934949994087219 0.19928663969039917 0.007218270096927881 
0.7497308850288391 0.2394792139530182 0.010789834894239902 
0.725440502166748 0.26785528659820557 0.006704200059175491 
0.14495748281478882 0.7732412815093994 0.08180123567581177 
0.7508521676063538 0.237095907330513 0.012051931582391262 
0.32432419061660767 0.6519609689712524 0.023714881390333176 
0.7357413172721863 0.2488659918308258 0.015392693690955639 
0.0856812596321106 0.7426353693008423 0.1716833859682083 
0.8430105447769165 0.15165796875953674 0.005331550724804401 
0.7221028208732605 0.2685956358909607 0.009301537647843361 
0.7645346522331238 0.21724282205104828 0.018222523853182793 
0.44741466641426086 0.4739729166030884 0.07861243188381195 
0.6756697297096252 0.3075588345527649 0.016771353781223297 
0.6756697297096252 0.3075588345527649 0.016771353781223297 
0.0013821535976603627 0.012233911082148552 0.986383855342865 
0.2039174884557724 0.7572277188301086 0.03885488957166672 
0.8799651265144348 0.11569669097661972 0.004338167142122984 
0.6773475408554077 0.3092171847820282 0.013435304164886475 
0.6626560688018799 0.3237308859825134 0.013613094575703144 
0.005443600472062826 0.08314479887485504 0.9114116430282593 
0.5746534466743469 0.4104357957839966 0.014910735189914703 
0.717033326625824 0.2734586298465729 0.009508010931313038 
0.8451551795005798 0.14635442197322845 0.008490409702062607 
0.3754872977733612 0.6076611280441284 0.016851600259542465 
0.7278979420661926 0.25203004479408264 0.02007203921675682 
0.68405681848526 0.29620251059532166 0.01974060945212841 
0.7465413212776184 0.24644817411899567 0.00701048132032156 
0.5571997165679932 0.41023388504981995 0.03256646543741226 
0.5725303888320923 0.38966870307922363 0.037800900638103485 
0.6970112919807434 0.2904597520828247 0.012528936378657818 
0.4671061635017395 0.5080269575119019 0.024866949766874313 
0.028797365725040436 0.3600127100944519 0.6111899018287659 
0.7731738686561584 0.22114922106266022 0.0056769209913909435 
0.6932765245437622 0.29485151171684265 0.011871992610394955 
0.6975060105323792 0.2923896610736847 0.010104358196258545 
0.14453208446502686 0.7845441699028015 0.07092384994029999 
0.07046764343976974 0.8956431150436401 0.033889222890138626 
0.7639036178588867 0.2263442873954773 0.009752108715474606 
0.5246568322181702 0.4495176672935486 0.025825507938861847 
0.3772573471069336 0.5929587483406067 0.029783906415104866 
0.2883153557777405 0.6482557058334351 0.06342894583940506 
0.7018043398857117 0.27512791752815247 0.02306780032813549 
0.451878160238266 0.5047864317893982 0.04333537817001343 
0.006837460212409496 0.592675507068634 0.4004870355129242 
0.8216479420661926 0.17065203189849854 0.007700022775679827 
0.4475874602794647 0.5252825021743774 0.027130067348480225 
0.029866714030504227 0.9017754197120667 0.06835787743330002 
0.021881183609366417 0.9087047576904297 0.06941398978233337 
0.018727293238043785 0.9095987677574158 0.0716739371418953 
0.03256184235215187 0.9106482267379761 0.05678993836045265 
0.0321287102997303 0.910264790058136 0.05760658159852028 
0.8995758891105652 0.09514810144901276 0.0052759661339223385 
0.3326049745082855 0.6318715214729309 0.035523440688848495 
0.4002898633480072 0.5604597330093384 0.0392504520714283 
0.060278210788965225 0.2838667929172516 0.6558550000190735 
0.22292180359363556 0.7485812306404114 0.02849692665040493 
0.5420101881027222 0.3930390775203705 0.06495068967342377 
0.16879968345165253 0.38080260157585144 0.45039767026901245 
0.7405060529708862 0.24942880868911743 0.010065178386867046 
0.783399760723114 0.208680659532547 0.007919526658952236 
0.005017898511141539 0.07019461691379547 0.9247875213623047 
0.1572248637676239 0.7996576428413391 0.04311747848987579 
0.19960026443004608 0.7376132011413574 0.0627865120768547 
0.10585182905197144 0.8319600224494934 0.06218818575143814 
0.49589285254478455 0.4708269536495209 0.03328020125627518 
0.238932803273201 0.7221077680587769 0.03895937651395798 
0.8779691457748413 0.11573001742362976 0.006300916895270348 
0.7271256446838379 0.2606975734233856 0.01217673160135746 
0.0015445546014234424 0.041654426604509354 0.9568009376525879 
0.004554465413093567 0.4026589095592499 0.5927866101264954 
0.5391356348991394 0.4289296567440033 0.0319347120821476 
0.9210747480392456 0.07580340653657913 0.0031218251679092646 
0.2497028410434723 0.733100414276123 0.017196686938405037 
0.6569315791130066 0.3232263922691345 0.019842075183987617 
0.4503270983695984 0.5188961625099182 0.03077678009867668 
0.12712344527244568 0.8413790464401245 0.03149751201272011 
0.1924743950366974 0.7520416975021362 0.05548391118645668 
0.47655144333839417 0.5037382245063782 0.019710341468453407 
0.536301851272583 0.44824889302253723 0.015449248254299164 
0.20022574067115784 0.7637991309165955 0.03597510606050491 
0.43301063776016235 0.5226123929023743 0.04437698423862457 
0.03793306276202202 0.8688037991523743 0.0932631641626358 
0.6692593693733215 0.3148469626903534 0.015893692150712013 
0.42061612010002136 0.5000700950622559 0.07931380718946457 
0.14998671412467957 0.8049885034561157 0.04502487927675247 
0.5843380093574524 0.4036884307861328 0.011973616667091846 
0.459989458322525 0.5198382139205933 0.020172355696558952 
0.15107975900173187 0.8104857802391052 0.0384344756603241 
0.7944581508636475 0.19445790350437164 0.011083968915045261 
0.01081317663192749 0.7733473181724548 0.21583957970142365 
0.09660948812961578 0.8337138891220093 0.06967664510011673 
0.004629212897270918 0.07689560949802399 0.9184751510620117 
0.2657902240753174 0.7154437303543091 0.018765967339277267 
0.16915613412857056 0.7892350554466248 0.041608776897192 
0.15438346564769745 0.803881824016571 0.04173468053340912 
0.19128946959972382 0.7548465728759766 0.05386399105191231 
0.021115778014063835 0.8923022747039795 0.08658191561698914 
0.5462360978126526 0.44001612067222595 0.013747746124863625 
0.24405750632286072 0.7178578972816467 0.03808460384607315 
0.10698187351226807 0.8418692946434021 0.051148805767297745 
0.12750297784805298 0.8096117973327637 0.06288521736860275 
0.5960529446601868 0.39517930150032043 0.008767737075686455 
0.34585002064704895 0.6302169561386108 0.023933090269565582 
0.09297952800989151 0.8354797959327698 0.07154065370559692 
0.13374842703342438 0.8321820497512817 0.03406960517168045 
0.007637146394699812 0.6509344577789307 0.34142839908599854 
0.8597120046615601 0.13598664104938507 0.00430134404450655 
0.21275340020656586 0.7556390762329102 0.03160751238465309 
0.8177430629730225 0.17447614669799805 0.00778074050322175 
0.15180927515029907 0.8024693727493286 0.04572132229804993 
0.7735179662704468 0.21620996296405792 0.01027209497988224 
0.21177677810192108 0.751797080039978 0.03642616420984268 
0.22874343395233154 0.710114061832428 0.06114252284169197 
0.27807480096817017 0.6956708431243896 0.026254242286086082 
0.13874757289886475 0.7967384457588196 0.0645139068365097 
0.5588734745979309 0.4150073230266571 0.026119185611605644 
0.7853893637657166 0.20776380598545074 0.00684680650010705 
0.6684830784797668 0.3194289207458496 0.012088018469512463 
0.19913548231124878 0.6790812611579895 0.1217833086848259 
0.44107675552368164 0.471386581659317 0.08753666281700134 
0.40176984667778015 0.5522890090942383 0.04594121128320694 
0.09960111975669861 0.8554818034172058 0.04491709917783737 
0.9080175757408142 0.08608631044626236 0.005896033253520727 
0.2070564329624176 0.6303659677505493 0.16257759928703308 
0.2852037250995636 0.508928120136261 0.2058681845664978 
0.6853917241096497 0.3023253381252289 0.012283006682991982 
0.5922022461891174 0.3726980984210968 0.03509970381855965 
0.5529767274856567 0.42861488461494446 0.018408337607979774 
0.94278484582901 0.05462189391255379 0.002593276323750615 
0.7041271328926086 0.2858859598636627 0.00998690351843834 
0.3986377716064453 0.5113489031791687 0.09001331031322479 
0.8390615582466125 0.156302809715271 0.0046355631202459335 
0.5965795516967773 0.3787810802459717 0.0246393084526062 
0.6809439659118652 0.30932584404945374 0.009730184450745583 
0.4924425482749939 0.40911903977394104 0.09843838214874268 
0.6260550618171692 0.363686740398407 0.010258272290229797 
0.5524916648864746 0.42870965600013733 0.018798604607582092 
0.693259596824646 0.29873114824295044 0.008009254932403564 
0.3819999098777771 0.5919079780578613 0.02609211951494217 
0.6287699341773987 0.35576456785202026 0.01546547096222639 
0.8043798804283142 0.18904811143875122 0.006571978330612183 
0.36053335666656494 0.6116601228713989 0.027806520462036133 
0.10910831391811371 0.758476197719574 0.13241545855998993 
0.005295511335134506 0.07659067958593369 0.9181138277053833 
0.029491664841771126 0.9134336113929749 0.05707463249564171 
0.007429705001413822 0.5926105380058289 0.3999598026275635 
0.0497688427567482 0.8987144827842712 0.05151662975549698 
0.41508597135543823 0.5681477189064026 0.016766352578997612 
0.06142701208591461 0.5405943989753723 0.3979785740375519 
0.001088021555915475 0.020784351974725723 0.9781275987625122 
0.42652827501296997 0.5108728408813477 0.06259889155626297 
0.6169098019599915 0.36977750062942505 0.01331269834190607 
0.8620477914810181 0.13344769179821014 0.004504418466240168 
0.4562811255455017 0.5218435525894165 0.021875251084566116 
0.12712344527244568 0.8413790464401245 0.03149751201272011 
0.700665295124054 0.279638409614563 0.019696300849318504 
0.41327205300331116 0.5286232233047485 0.05810471624135971 
0.697189450263977 0.2908148765563965 0.011995618231594563 
0.790306806564331 0.20141097903251648 0.00828227773308754 
0.2651100158691406 0.7048673033714294 0.03002268262207508 
0.6246052980422974 0.35518619418144226 0.020208455622196198 
0.7590152025222778 0.23234832286834717 0.008636514656245708 
0.0029746522195637226 0.33162569999694824 0.6653996109962463 
0.96793133020401 0.030145321041345596 0.0019233232596889138 
0.5442498922348022 0.43778982758522034 0.017960280179977417 
0.005868854001164436 0.08762538433074951 0.9065057039260864 
0.06793786585330963 0.8202119469642639 0.11185015738010406 
0.17379815876483917 0.6897081136703491 0.1364937722682953 
0.3249489665031433 0.6437649130821228 0.031286075711250305 
0.920406699180603 0.07604047656059265 0.0035528044681996107 
0.007486967369914055 0.7936323285102844 0.19888076186180115 
0.013036475516855717 0.4316813349723816 0.5552821755409241 
0.46603694558143616 0.5002081394195557 0.03375490754842758 
0.41754287481307983 0.5503557324409485 0.03210139647126198 
0.0008095591911114752 0.018681153655052185 0.9805092811584473 
0.0052566369995474815 0.5537235140800476 0.4410198926925659 
0.39491114020347595 0.5718386173248291 0.033250220119953156 
0.27609536051750183 0.7056804895401001 0.018224138766527176 
0.43430468440055847 0.5303431749343872 0.0353521965444088 
0.8345190286636353 0.15874139964580536 0.006739494856446981 
0.615577757358551 0.372850626707077 0.011571617797017097 
0.9148923754692078 0.07881759852170944 0.006290055811405182 
0.0009375684894621372 0.023490112274885178 0.9755723476409912 
0.03132706508040428 0.21953754127025604 0.7491353750228882 
0.22498148679733276 0.7453778386116028 0.029640676453709602 
0.36053335666656494 0.6116601228713989 0.027806520462036133 
0.39056265354156494 0.582229733467102 0.027207639068365097 
0.34623685479164124 0.6052300333976746 0.048533059656620026 
0.0018889307975769043 0.11830952763557434 0.8798015117645264 
0.4089861810207367 0.5573002099990845 0.03371361643075943 
0.6851217746734619 0.30411478877067566 0.010763420723378658 
0.1866919994354248 0.7911134362220764 0.022194579243659973 
0.6745229363441467 0.29751157760620117 0.027965525165200233 
0.6740607619285583 0.30777707695961 0.01816214621067047 
0.7549565434455872 0.2378612756729126 0.007182188797742128 
0.06394647806882858 0.8901463150978088 0.04590727761387825 
0.5024798512458801 0.482953816652298 0.014566340483725071 
0.09686259180307388 0.8727930784225464 0.030344337224960327 
0.6448190808296204 0.3448573052883148 0.010323644615709782 
0.023382725194096565 0.8771575689315796 0.09945971518754959 
0.0058192103169858456 0.08430550992488861 0.9098752737045288 
0.19995903968811035 0.7599796056747437 0.04006132856011391 
0.5522434115409851 0.4339616298675537 0.013794975355267525 
0.5680070519447327 0.4173335134983063 0.01465942244976759 
0.6326274871826172 0.33448541164398193 0.03288707882165909 
0.9125936031341553 0.0835820659995079 0.0038243173621594906 
0.5702399611473083 0.4040012061595917 0.02575882337987423 
0.5578497648239136 0.4231604337692261 0.018989793956279755 
0.00738993426784873 0.6125258803367615 0.38008421659469604 
0.08151783049106598 0.651883602142334 0.2665984630584717 
0.7727188467979431 0.2177979052066803 0.00948322657495737 
0.6787639856338501 0.3121272921562195 0.00910869799554348 
0.4222666621208191 0.497951477766037 0.0797818973660469 
0.6870918273925781 0.3014274835586548 0.011480671353638172 
0.04017465189099312 0.42807257175445557 0.5317527651786804 
0.5975040793418884 0.3836836814880371 0.018812278285622597 
0.14453208446502686 0.7845441699028015 0.07092384994029999 
0.7565327882766724 0.23026640713214874 0.013200828805565834 
0.3674354553222656 0.5766450762748718 0.05591949447989464 
0.5519209504127502 0.42881304025650024 0.01926593668758869 
0.6189008355140686 0.3549942970275879 0.02610481157898903 
0.5746883153915405 0.40848398208618164 0.016827639192342758 
0.6623493432998657 0.32277998328208923 0.014870630577206612 
0.30271583795547485 0.5677871704101562 0.12949702143669128 
0.5069938898086548 0.47096550464630127 0.022040586918592453 
0.8203851580619812 0.17400456964969635 0.005610221531242132 
0.3742014765739441 0.5822791457176208 0.04351934418082237 
0.9128642678260803 0.08255982398986816 0.004575975704938173 
0.6596513986587524 0.33112913370132446 0.009219431318342686 
0.4707801342010498 0.49941888451576233 0.029800977557897568 
0.22209583222866058 0.7177076935768127 0.060196489095687866 
0.3093884289264679 0.6213825941085815 0.06922891736030579 
0.7605451941490173 0.2113519161939621 0.02810293436050415 
0.7335427403450012 0.2583026885986328 0.008154544048011303 
0.5780057907104492 0.4069805145263672 0.015013707801699638 
0.5950948596000671 0.38306158781051636 0.02184356562793255 
0.26524603366851807 0.703816294670105 0.030937638133764267 
0.36882662773132324 0.6077309250831604 0.02344246208667755 
0.35474082827568054 0.6249942779541016 0.020264936611056328 
0.6385347247123718 0.3383343815803528 0.023130880668759346 
0.0053807273507118225 0.07585431635379791 0.9187649488449097 
0.8482481241226196 0.1456349641084671 0.006116895936429501 
0.7492990493774414 0.23910734057426453 0.011593615636229515 
0.15721896290779114 0.6486752033233643 0.1941058188676834 
0.5722723007202148 0.40871554613113403 0.01901211403310299 
0.09938792139291763 0.45985978841781616 0.440752238035202 
0.9461471438407898 0.05108651518821716 0.002766302553936839 
0.47789275646209717 0.49575722217559814 0.026349971070885658 
0.4503270983695984 0.5188961625099182 0.03077678009867668 
0.6749786138534546 0.3112792372703552 0.013742119073867798 
0.15370872616767883 0.7750424146652222 0.0712488517165184 
0.2162158340215683 0.7147229909896851 0.06906121969223022 
0.44600844383239746 0.48831498622894287 0.06567654013633728 
0.07851006835699081 0.7858645915985107 0.13562534749507904 
0.34422552585601807 0.5887631773948669 0.06701132655143738 
0.37537911534309387 0.5718541145324707 0.052766766399145126 
0.007987325079739094 0.5833646655082703 0.4086480438709259 
0.6315571665763855 0.35313498973846436 0.015307853929698467 
0.6368785500526428 0.35076576471328735 0.012355782091617584 
0.10222397744655609 0.7905576229095459 0.10721834748983383 
0.18772658705711365 0.7753946185112 0.03687884658575058 
0.851763129234314 0.14339186251163483 0.004845027811825275 
0.2729714512825012 0.6965090036392212 0.030519550666213036 
0.3968876600265503 0.5814804434776306 0.021631935611367226 
0.5021688938140869 0.47364914417266846 0.02418196015059948 
0.5233724117279053 0.44777482748031616 0.02885274775326252 
0.6178698539733887 0.36915117502212524 0.012978964485228062 
0.007524761371314526 0.051043566316366196 0.9414316415786743 
0.5913571119308472 0.38227152824401855 0.026371367275714874 
0.005878937430679798 0.10229302942752838 0.8918280601501465 
0.5719770789146423 0.3955426514148712 0.03248026221990585 
0.006960101891309023 0.6353814005851746 0.3576584458351135 
0.1238783523440361 0.8501794934272766 0.025942154228687286 
0.00328280171379447 0.17492049932479858 0.8217966556549072 
0.7123508453369141 0.2799919545650482 0.007657195907086134 
0.21058985590934753 0.7547212243080139 0.03468892723321915 
0.8873120546340942 0.10841931402683258 0.00426871795207262 
0.05672482028603554 0.8213305473327637 0.12194468826055527 
0.05672482028603554 0.8213305473327637 0.12194468826055527 
0.403408408164978 0.5683817267417908 0.028209907934069633 
0.0038646264001727104 0.49470725655555725 0.5014281272888184 
0.4221932888031006 0.5238235592842102 0.053983140736818314 
0.717404305934906 0.2658385932445526 0.016757111996412277 
0.7574692368507385 0.22775788605213165 0.01477291900664568 
0.06658290326595306 0.6370847225189209 0.29633235931396484 
0.40372753143310547 0.5340080261230469 0.062264494597911835 
0.8152480125427246 0.17204377055168152 0.012708207592368126 
0.006623866502195597 0.08388416469097137 0.9094919562339783 
0.025890279561281204 0.3253856599330902 0.6487240791320801 
0.6724405884742737 0.31887519359588623 0.008684269152581692 
0.18932732939720154 0.7723270058631897 0.03834567219018936 
0.17744660377502441 0.7975906133651733 0.024962851777672768 
0.5594109892845154 0.4133019745349884 0.027287058532238007 
0.312284380197525 0.6668152213096619 0.020900379866361618 
0.004577512852847576 0.0696832686662674 0.9257392287254333 
0.620898425579071 0.34056949615478516 0.03853209689259529 
0.1101711094379425 0.6903784275054932 0.19945047795772552 
0.6936718821525574 0.2913972735404968 0.014930798672139645 
0.6405344009399414 0.34464213252067566 0.014823445118963718 
0.4691883325576782 0.5039088726043701 0.0269028190523386 
0.2631298005580902 0.7041015625 0.0327686108648777 
0.4716983437538147 0.47554150223731995 0.052760183811187744 
0.24152179062366486 0.6968486905097961 0.061629511415958405 
0.4045124053955078 0.5515415072441101 0.04394609481096268 
0.6735661029815674 0.3092164099216461 0.017217472195625305 
0.4837659001350403 0.4998369812965393 0.01639718748629093 
0.041106272488832474 0.9183028340339661 0.04059085249900818 
0.018888916820287704 0.876937210559845 0.10417383164167404 
0.9078486561775208 0.08339933305978775 0.008751993998885155 
0.68405681848526 0.29620251059532166 0.01974060945212841 
0.8606425523757935 0.13524489104747772 0.004112571477890015 
0.9574991464614868 0.04039853438735008 0.002102316590026021 
0.6585633158683777 0.32565364241600037 0.015783054754137993 
0.7928760051727295 0.19278043508529663 0.014343580231070518 
0.02831449545919895 0.9097124934196472 0.06197298690676689 
0.03699858486652374 0.9125022888183594 0.050499167293310165 
0.6567495465278625 0.3315930664539337 0.011657433584332466 
0.01539830956608057 0.8869607448577881 0.09764087945222855 
0.007177816703915596 0.5732298493385315 0.4195922613143921 
0.6067164540290833 0.3577677011489868 0.03551588952541351 
0.7707695364952087 0.2196652591228485 0.009565227665007114 
0.7779039144515991 0.2034597098827362 0.018636347725987434 
0.4975298047065735 0.4819311499595642 0.020539050921797752 
0.845461905002594 0.14854784309864044 0.005990258418023586 
0.7164127230644226 0.2757781445980072 0.007809089962393045 
0.7325769662857056 0.2575125992298126 0.00991035345941782 
0.5357179641723633 0.44446688890457153 0.019815120846033096 
0.7887999415397644 0.20392994582653046 0.0072701056487858295 
0.6832727193832397 0.3066657781600952 0.010061499662697315 
0.15131205320358276 0.6593682169914246 0.1893196702003479 
0.41912326216697693 0.5249955058097839 0.05588127300143242 
0.42709091305732727 0.5190421342849731 0.053866930305957794 
0.6702529191970825 0.3192234933376312 0.01052363682538271 
0.6702529191970825 0.3192234933376312 0.01052363682538271 
0.6944867968559265 0.2983511686325073 0.007162000518292189 
0.6944867968559265 0.2983511686325073 0.007162000518292189 
0.4751864969730377 0.5003030300140381 0.024510500952601433 
0.620701789855957 0.35659265518188477 0.022705551236867905 
0.5470371842384338 0.4308014214038849 0.022161422297358513 
0.693525493144989 0.2979985773563385 0.00847595278173685 
0.32058003544807434 0.61283278465271 0.06658719480037689 
0.792170524597168 0.1993390917778015 0.008490401320159435 
0.7639254927635193 0.22686219215393066 0.009212319739162922 
0.49702581763267517 0.48570361733436584 0.017270604148507118 
0.004702692851424217 0.06978841871023178 0.9255088567733765 
0.013573925942182541 0.29085907340049744 0.6955670118331909 
0.26635733246803284 0.706416666507721 0.02722596935927868 
0.607879102230072 0.3406802713871002 0.05144067481160164 
0.844348669052124 0.14772583544254303 0.007925504818558693 
0.7480445504188538 0.24436786770820618 0.007587585598230362 
0.6758175492286682 0.3044343888759613 0.019748028367757797 
0.3512049913406372 0.6309137940406799 0.01788121648132801 
0.007637146394699812 0.6509344577789307 0.34142839908599854 
0.6505159735679626 0.332785427570343 0.016698602586984634 
0.5516748428344727 0.42420923709869385 0.02411593496799469 
0.7044248580932617 0.2703608274459839 0.02521439641714096 
0.365352064371109 0.5843871831893921 0.05026073381304741 
0.05166709050536156 0.6911666989326477 0.25716620683670044 
0.9701274633407593 0.027738796547055244 0.002133742906153202 
0.3757766783237457 0.6089682579040527 0.015255034901201725 
0.7292442321777344 0.2634655237197876 0.007290247827768326 
0.3757766783237457 0.6089682579040527 0.015255034901201725 
0.2624170184135437 0.659271776676178 0.07831119000911713 
0.005398275796324015 0.3245321810245514 0.6700695753097534 
0.45657119154930115 0.5096793174743652 0.033749550580978394 
0.640020489692688 0.35130298137664795 0.008676464669406414 
0.6928393840789795 0.28462332487106323 0.022537244483828545 
0.40522879362106323 0.5737887620925903 0.020982414484024048 
0.02925286442041397 0.570269763469696 0.4004773199558258 
0.5491658449172974 0.4310433864593506 0.019790785387158394 
0.552696943283081 0.42224764823913574 0.025055337697267532 
0.5039219260215759 0.4675585627555847 0.028519492596387863 
0.08384072035551071 0.5451202392578125 0.3710389733314514 
0.003976583480834961 0.05031941831111908 0.9457039833068848 
0.027472222223877907 0.3355204164981842 0.6370072960853577 
0.34443172812461853 0.6409354209899902 0.014632849022746086 
0.0063827307894825935 0.0968768298625946 0.8967404365539551 
0.7761043906211853 0.2125253975391388 0.011370230466127396 
0.6816704273223877 0.30781474709510803 0.010514741763472557 
0.4091290235519409 0.5734975934028625 0.01737339049577713 
0.817462146282196 0.17451506853103638 0.008022800087928772 
0.8702295422554016 0.12499992549419403 0.004770524334162474 
0.5068655610084534 0.4714846909046173 0.021649787202477455 
0.6807608008384705 0.3070639371871948 0.012175345793366432 
0.2544540464878082 0.6740483045578003 0.07149761915206909 
0.3348105251789093 0.6494259834289551 0.015763496980071068 
0.5161725282669067 0.4680071175098419 0.015820324420928955 
0.45257818698883057 0.44779080152511597 0.0996309369802475 
0.43492424488067627 0.5480362772941589 0.01703951507806778 
0.2645510137081146 0.692982017993927 0.042467035353183746 
0.1491067111492157 0.8173363208770752 0.033556994050741196 
0.759931206703186 0.22856688499450684 0.011501854285597801 
0.2686936855316162 0.6542822122573853 0.07702416926622391 
0.3364209830760956 0.6498928070068359 0.013686229474842548 
0.8801247477531433 0.1127401813864708 0.007135124411433935 
0.8009997606277466 0.1898707151412964 0.009129445068538189 
0.8109309673309326 0.1833597719669342 0.005709247197955847 
0.38529831171035767 0.568309485912323 0.046392157673835754 
0.8921679258346558 0.10398885607719421 0.0038432327564805746 
0.23459449410438538 0.7380883693695068 0.027317143976688385 
0.650813639163971 0.337266743183136 0.011919522657990456 
0.7085628509521484 0.2819587290287018 0.009478403255343437 
0.29855242371559143 0.6862211227416992 0.015226418152451515 
0.0884050503373146 0.6945053339004517 0.21708953380584717 
0.7617555260658264 0.22808682918548584 0.010157597251236439 
0.2671475410461426 0.7154836654663086 0.01736871898174286 
0.417098730802536 0.5366628766059875 0.04623841494321823 
0.7361499071121216 0.2577119767665863 0.006138076074421406 
0.005477455910295248 0.5426106452941895 0.45191189646720886 
0.8589378595352173 0.13526229560375214 0.005799898877739906 
0.6688289046287537 0.32265594601631165 0.008515138179063797 
0.7879945635795593 0.19899462163448334 0.013010791502892971 
0.9086756110191345 0.08610031008720398 0.005224111955612898 
0.43549591302871704 0.543883204460144 0.02062084525823593 
0.012914346531033516 0.2899461090564728 0.6971395015716553 
0.13367025554180145 0.8302130699157715 0.03611673042178154 
0.3396269679069519 0.5404385924339294 0.11993443220853806 
0.007529017981141806 0.1309404820203781 0.8615304827690125 
0.01607620343565941 0.15550123155117035 0.8284226059913635 
0.651685357093811 0.32128405570983887 0.02703055553138256 
0.9305132031440735 0.06478551030158997 0.004701282829046249 
0.8206122517585754 0.17281357944011688 0.006574075669050217 
0.29238227009773254 0.6772375106811523 0.030380232259631157 
0.3178233504295349 0.6634606719017029 0.018715981394052505 
0.5684637427330017 0.4155227839946747 0.01601346582174301 
0.5419977903366089 0.43794041872024536 0.020061742514371872 
0.884041428565979 0.11053289473056793 0.005425714422017336 
0.3140784800052643 0.6344291567802429 0.051492344588041306 
0.5513068437576294 0.3774465322494507 0.07124661654233932 
0.8331338167190552 0.16251756250858307 0.004348627757281065 
0.5224411487579346 0.4635978639125824 0.013960981741547585 
0.4674604833126068 0.5156012177467346 0.016938310116529465 
0.8745332956314087 0.11840648949146271 0.007060302887111902 
0.09185457974672318 0.6728315949440002 0.23531381785869598 
0.43986478447914124 0.5393319129943848 0.02080334909260273 
0.0021414535585790873 0.27605876326560974 0.7217997908592224 
0.615645170211792 0.3714894950389862 0.012865286320447922 
0.8019578456878662 0.19141119718551636 0.006631012074649334 
0.8332908153533936 0.16016227006912231 0.0065469080582261086 
0.6652553081512451 0.3243403434753418 0.01040433906018734 
0.39359861612319946 0.5555140972137451 0.0508873350918293 
0.6333193778991699 0.35445523262023926 0.012225334532558918 
0.014727802015841007 0.7643452882766724 0.220926895737648 
0.2923160493373871 0.5824155211448669 0.12526844441890717 
0.17531785368919373 0.7707729339599609 0.05390918627381325 
0.8903570175170898 0.10582339763641357 0.0038196227978914976 
0.8903570175170898 0.10582339763641357 0.0038196227978914976 
0.8414781093597412 0.15203049778938293 0.00649142824113369 
0.8414781093597412 0.15203049778938293 0.00649142824113369 
0.3533734679222107 0.6026089191436768 0.04401754215359688 
0.6883066892623901 0.30122652649879456 0.01046675629913807 
0.08882509917020798 0.8778135776519775 0.033361271023750305 
0.5568168759346008 0.4167519211769104 0.026431212201714516 
0.2669260799884796 0.6038063168525696 0.1292676031589508 
0.6372364163398743 0.3420986235141754 0.02066490426659584 
0.6144869327545166 0.3580024242401123 0.027510633692145348 
0.8430402278900146 0.15247374773025513 0.004485990386456251 
0.6550663709640503 0.33155351877212524 0.013380075804889202 
0.8111317157745361 0.17857587337493896 0.010292472317814827 
0.4252399504184723 0.5567428469657898 0.01801714114844799 
0.4607361853122711 0.5237727761268616 0.015491082333028316 
0.4261671304702759 0.556717574596405 0.017115285620093346 
0.8804743885993958 0.11047646403312683 0.009049156680703163 
0.835187554359436 0.15999819338321686 0.0048142531886696815 
0.009607324376702309 0.14679878950119019 0.8435938954353333 
0.41072410345077515 0.5483075976371765 0.040968310087919235 
0.4891013205051422 0.49082064628601074 0.020078059285879135 
0.9109110236167908 0.08574336767196655 0.0033456559758633375 
0.7373103499412537 0.251522034406662 0.011167613789439201 
0.3667898178100586 0.598820149898529 0.03439003601670265 
0.6726674437522888 0.30321869254112244 0.024113822728395462 
0.6086917519569397 0.37745240330696106 0.013855856843292713 
0.8655210137367249 0.12918241322040558 0.005296545568853617 
0.823652446269989 0.16955675184726715 0.006790779531002045 
0.5569432377815247 0.3781741261482239 0.06488271057605743 
0.7440130114555359 0.23747986555099487 0.018507197499275208 
0.8655210137367249 0.12918241322040558 0.005296545568853617 
0.671242892742157 0.31154417991638184 0.01721290312707424 
0.6190186738967896 0.36639901995658875 0.014582316391170025 
0.5480490326881409 0.42125800251960754 0.030692989006638527 
0.4938284754753113 0.490496426820755 0.015675047412514687 
0.7539380192756653 0.23841500282287598 0.00764699699357152 
0.4503270983695984 0.5188961625099182 0.03077678009867668 
0.008257977664470673 0.11251666396856308 0.8792253136634827 
0.506403386592865 0.47377678751945496 0.01981981098651886 
0.11422909051179886 0.7784262895584106 0.10734464228153229 
0.7661562561988831 0.2244117558002472 0.009431947022676468 
0.6966622471809387 0.28392431139945984 0.019413486123085022 
0.15069012343883514 0.8170404434204102 0.032269518822431564 
0.831589937210083 0.15721343457698822 0.01119659561663866 
0.00703755347058177 0.6271699070930481 0.36579254269599915 
0.19189588725566864 0.7455065846443176 0.06259746104478836 
0.0028228210285305977 0.04886404052376747 0.9483131170272827 
0.6841814517974854 0.30635547637939453 0.009463031776249409 
0.8114925622940063 0.1773589700460434 0.011148401536047459 
0.7262735962867737 0.26193782687187195 0.011788644827902317 
0.6066621541976929 0.3707384169101715 0.022599436342716217 
0.8307693004608154 0.15732912719249725 0.01190157514065504 
0.6452186703681946 0.34187957644462585 0.012901744805276394 
0.3538954555988312 0.6173593401908875 0.028745228424668312 
0.2255491316318512 0.6200639605522156 0.15438687801361084 
0.08837523311376572 0.8656266927719116 0.04599805921316147 
0.0062030921690166 0.21282143890857697 0.7809755206108093 
0.8976835012435913 0.09735462814569473 0.004961974453181028 
0.8513628840446472 0.14139916002750397 0.007237954530864954 
0.04232315719127655 0.4871414005756378 0.47053542733192444 
0.462003618478775 0.3597802221775055 0.1782161444425583 
0.5181151032447815 0.4678186774253845 0.014066244475543499 
0.07085367292165756 0.8071544766426086 0.1219918429851532 
0.3204990327358246 0.5737789273262024 0.10572199523448944 
0.566367506980896 0.4133799970149994 0.02025252766907215 
0.8610761165618896 0.13146360218524933 0.007460226304829121 
0.38045698404312134 0.5585474371910095 0.06099554896354675 
0.4416167140007019 0.5408361554145813 0.017547138035297394 
0.048240743577480316 0.5945233702659607 0.3572358787059784 
0.0034455435816198587 0.1625232696533203 0.8340311646461487 
0.7719836831092834 0.21184304356575012 0.01617329567670822 
0.6892423629760742 0.29056161642074585 0.020196007564663887 
0.8753043413162231 0.11862129718065262 0.0060743531212210655 
0.30583736300468445 0.5242282748222351 0.16993434727191925 
0.6220086812973022 0.3646937310695648 0.013297627680003643 
0.43922683596611023 0.5226753950119019 0.03809767961502075 
0.8890387415885925 0.10482149571180344 0.006139765959233046 
0.43981048464775085 0.540307343006134 0.019882099702954292 
0.6565368175506592 0.33491984009742737 0.008543337695300579 
0.8510447144508362 0.1401965469121933 0.008758810348808765 
0.4382356107234955 0.4896971881389618 0.07206723093986511 
0.5782995223999023 0.4050225615501404 0.016677893698215485 
0.8893648982048035 0.1051102727651596 0.005524825770407915 
0.2832343280315399 0.6184461712837219 0.09831954538822174 
0.38819587230682373 0.5876471996307373 0.02415694296360016 
0.826426088809967 0.1662607342004776 0.007313194219022989 
0.4080932140350342 0.5727971792221069 0.019109679386019707 
0.6700419187545776 0.2669041156768799 0.06305395811796188 
0.7721306681632996 0.2184615582227707 0.009407717734575272 
0.8899921774864197 0.10641580820083618 0.0035920031368732452 
0.5501434803009033 0.4303344190120697 0.019522126764059067 
0.48080432415008545 0.5059362053871155 0.013259527273476124 
0.5193008184432983 0.4687323272228241 0.011966806836426258 
0.5080472826957703 0.45067262649536133 0.04128016531467438 
0.2847483158111572 0.6790470480918884 0.03620466962456703 
0.6038973331451416 0.38483887910842896 0.011263797990977764 
0.89476078748703 0.09801516681909561 0.007224065717309713 
0.6125565767288208 0.3734019696712494 0.014041462913155556 
0.5394264459609985 0.448883593082428 0.011690017767250538 
0.6072507500648499 0.383490651845932 0.009258628822863102 
0.7249296307563782 0.262569397687912 0.012501053512096405 
0.29327020049095154 0.6137447953224182 0.09298505634069443 
0.9309566020965576 0.06511997431516647 0.003923443611711264 
0.5517324209213257 0.41839075088500977 0.029876794666051865 
0.6775570511817932 0.2963167428970337 0.02612619660794735 
0.47495603561401367 0.4966259300708771 0.02841797284781933 
0.7495060563087463 0.24381870031356812 0.006675309501588345 
0.4252990186214447 0.5208887457847595 0.053812213242053986 
0.028435640037059784 0.523002028465271 0.448562353849411 
0.7261933088302612 0.26502707600593567 0.008779630064964294 
0.4867111146450043 0.49577727913856506 0.017511576414108276 
0.2898227870464325 0.6793470978736877 0.03083016537129879 
0.2592809498310089 0.5418522953987122 0.19886672496795654 
0.5102036595344543 0.468622088432312 0.021174253895878792 
0.4800593852996826 0.48973214626312256 0.030208446085453033 
0.5844738483428955 0.3956811726093292 0.019845064729452133 
0.5381351709365845 0.44344228506088257 0.01842249184846878 
0.004474921151995659 0.3503197431564331 0.6452053785324097 
0.3501686453819275 0.5898019671440125 0.06002935394644737 
0.5591279864311218 0.4279386103153229 0.012933395802974701 
0.21918685734272003 0.5528364181518555 0.22797676920890808 
0.004763421602547169 0.07737729698419571 0.9178593158721924 
0.48830676078796387 0.46736717224121094 0.04432607442140579 
0.6482236385345459 0.3336702883243561 0.018106060102581978 
0.05900336429476738 0.43139341473579407 0.5096032619476318 
0.6903442740440369 0.29623639583587646 0.013419357128441334 
0.7809876799583435 0.2080915868282318 0.010920720174908638 
0.7692482471466064 0.22254307568073273 0.008208687417209148 
0.15711809694766998 0.7506957650184631 0.09218614548444748 
0.03993568569421768 0.677088737487793 0.28297558426856995 
0.6112804412841797 0.3777173161506653 0.011002261191606522 
0.23371559381484985 0.7331275939941406 0.03315677493810654 
0.139682337641716 0.7232451438903809 0.13707250356674194 
0.07472466677427292 0.8825031518936157 0.04277224838733673 
0.6988469958305359 0.28381553292274475 0.017337452620267868 
0.4319567084312439 0.4877113699913025 0.08033189177513123 
0.0036634544376283884 0.11499397456645966 0.8813425898551941 
0.784419596195221 0.19926607608795166 0.016314351931214333 
0.0023085209541022778 0.03302367776632309 0.9646677374839783 
0.5452929735183716 0.42243698239326477 0.03227008506655693 
0.2071315348148346 0.755166232585907 0.03770221397280693 
0.5847217440605164 0.39828500151634216 0.016993222758173943 
0.5835961699485779 0.39980658888816833 0.01659717783331871 
0.7343993186950684 0.25473299622535706 0.010867715813219547 
0.5799034833908081 0.40422704815864563 0.0158695038408041 
0.034012921154499054 0.7223473191261292 0.2436397522687912 
0.006373634561896324 0.5942020416259766 0.39942440390586853 
0.4902240037918091 0.46281272172927856 0.04696333408355713 
0.879730224609375 0.11427586525678635 0.005993834231048822 
0.7665148973464966 0.2206238955259323 0.012861221097409725 
0.47644615173339844 0.49905556440353394 0.024498341605067253 
0.15900729596614838 0.8203257322311401 0.02066698856651783 
0.28692445158958435 0.6705718040466309 0.04250374063849449 
0.028620565310120583 0.4047575891017914 0.5666218400001526 
0.2158537060022354 0.7252917289733887 0.05885450541973114 
0.9196662902832031 0.07579094916582108 0.0045427680015563965 
0.5163124799728394 0.46193209290504456 0.02175544761121273 
0.8112987875938416 0.172626331448555 0.01607486605644226 
0.9330835938453674 0.06362701952457428 0.0032894050236791372 
0.5589239597320557 0.4204961359500885 0.02057991735637188 
0.8697145581245422 0.12517595291137695 0.005109580233693123 
0.1560470461845398 0.7822935581207275 0.06165941432118416 
0.005958132911473513 0.05982927232980728 0.9342126250267029 
0.33880674839019775 0.6308676600456238 0.0303256306797266 
0.3117715120315552 0.6655256152153015 0.0227028988301754 
0.20053018629550934 0.7607144713401794 0.03875523805618286 
0.16232647001743317 0.8120511174201965 0.025622524321079254 
0.7935765981674194 0.2005370557308197 0.0058862860314548016 
0.12970027327537537 0.8328363299369812 0.03746340051293373 
0.45466354489326477 0.4911414682865143 0.05419495329260826 
0.0044315047562122345 0.5071446299552917 0.4884238541126251 
0.31454288959503174 0.6464929580688477 0.038964174687862396 
0.515168309211731 0.45520666241645813 0.02962498739361763 
0.7832013368606567 0.20930945873260498 0.007489136420190334 
0.7374821901321411 0.2540285289287567 0.008489185944199562 
0.7132949829101562 0.27314838767051697 0.013556623831391335 
0.009050484746694565 0.22253632545471191 0.7684131860733032 
0.43996915221214294 0.5293349027633667 0.030695954337716103 
0.45929184556007385 0.5081331133842468 0.03257506713271141 
0.6670688390731812 0.316863089799881 0.01606808416545391 
0.18694251775741577 0.5241773128509521 0.2888801693916321 
0.6449345350265503 0.3434152901172638 0.011650166474282742 
0.4309684634208679 0.5468237400054932 0.02220779098570347 
0.35594096779823303 0.6201465129852295 0.023912537842988968 
0.5804412961006165 0.39721688628196716 0.022341860458254814 
0.5322731137275696 0.43286189436912537 0.034865040332078934 
0.1230119839310646 0.7781804203987122 0.09880765527486801 
0.8052176833152771 0.18888089060783386 0.005901396740227938 
0.03899228572845459 0.8543457984924316 0.10666189342737198 
0.3993803560733795 0.576103925704956 0.024515727534890175 
0.5760217905044556 0.4073473811149597 0.016630755737423897 
0.40277352929115295 0.5623950362205505 0.03483142703771591 
0.1404583901166916 0.8221641778945923 0.037377458065748215 
0.19741204380989075 0.746457576751709 0.05613034963607788 
0.1058766171336174 0.7168364524841309 0.17728692293167114 
0.8855836391448975 0.10841815173625946 0.005998172797262669 
0.7270943522453308 0.2642945349216461 0.008611169643700123 
0.5422491431236267 0.4395500421524048 0.01820078119635582 
0.47747546434402466 0.42570140957832336 0.09682315587997437 
0.8736910820007324 0.12046408653259277 0.0058448477648198605 
0.5814111232757568 0.4036155343055725 0.014973340556025505 
0.4395236372947693 0.49316856265068054 0.06730782240629196 
0.3119560182094574 0.6712774038314819 0.016766557469964027 
0.21643027663230896 0.7214823961257935 0.06208737939596176 
0.7532378435134888 0.23310056328773499 0.013661674223840237 
0.6286141872406006 0.3541937470436096 0.01719207689166069 
0.0395590104162693 0.345746785402298 0.6146942377090454 
0.5293264985084534 0.45943182706832886 0.011241698637604713 
0.00846899300813675 0.5197843909263611 0.4717465937137604 
0.9245085716247559 0.06987468898296356 0.005616726353764534 
0.19138473272323608 0.7867721319198608 0.021843163296580315 
0.68287593126297 0.30260154604911804 0.01452247891575098 
0.494037002325058 0.4896809756755829 0.016282012686133385 
0.9148811101913452 0.08224853128194809 0.0028703983407467604 
0.6672473549842834 0.3160904049873352 0.016662240028381348 
0.5208756327629089 0.4417412281036377 0.03738316893577576 
0.8687705993652344 0.12476035207509995 0.006469096522778273 
0.32270339131355286 0.6480388045310974 0.029257753863930702 
0.6030918955802917 0.38163208961486816 0.015276006422936916 
0.06703410297632217 0.39085423946380615 0.5421116948127747 
0.07163640856742859 0.8865422606468201 0.04182141646742821 
0.02604847587645054 0.5661162734031677 0.4078352451324463 
0.9156139492988586 0.07989434897899628 0.004491761326789856 
0.4111853837966919 0.5654285550117493 0.023386076092720032 
0.2986775040626526 0.6614105105400085 0.03991195559501648 
0.5510327219963074 0.43117645382881165 0.017790842801332474 
0.8601515293121338 0.13422195613384247 0.00562655832618475 
0.09330053627490997 0.7426522970199585 0.16404712200164795 
0.5634874105453491 0.42352229356765747 0.012990335002541542 
0.601904034614563 0.3755008280277252 0.022595146670937538 
0.5147596001625061 0.4694335460662842 0.015806861221790314 
0.7111496925354004 0.2768687605857849 0.01198155339807272 
0.32524093985557556 0.6459605693817139 0.028798451647162437 
0.5143505930900574 0.4208022952079773 0.06484705954790115 
0.6630804538726807 0.3209095001220703 0.016010073944926262 
0.2298363298177719 0.7119306921958923 0.05823298916220665 
0.8556671142578125 0.13872073590755463 0.0056121740490198135 
0.35855787992477417 0.6053603291511536 0.03608180955052376 
0.5086144804954529 0.4535365402698517 0.03784898295998573 
0.2891520857810974 0.6509889364242554 0.05985897406935692 
0.862657904624939 0.12900285422801971 0.008339207619428635 
0.19692930579185486 0.7745971083641052 0.02847347967326641 
0.5419967770576477 0.44388699531555176 0.014116299338638783 
0.0780780091881752 0.5360078811645508 0.385914146900177 
0.551365315914154 0.4311012625694275 0.01753344014286995 
0.4531649947166443 0.5271178483963013 0.019717147573828697 
0.3133501410484314 0.6533907651901245 0.03325909748673439 
0.9212316274642944 0.07406289875507355 0.00470548402518034 
0.24239277839660645 0.6962205767631531 0.06138663366436958 
0.795902669429779 0.19419798254966736 0.00989941693842411 
0.475948303937912 0.4950218200683594 0.02902980148792267 
0.5724421739578247 0.4141509234905243 0.013406950049102306 
0.5823832750320435 0.40781015157699585 0.009806572459638119 
0.5482224822044373 0.4390818178653717 0.01269572600722313 
0.7156651020050049 0.25943416357040405 0.024900639429688454 
0.7063941955566406 0.2835104167461395 0.010095390491187572 
0.2575571537017822 0.7145732045173645 0.02786966785788536 
0.7615666389465332 0.23054330050945282 0.00789004284888506 
0.20459486544132233 0.7637088894844055 0.03169628977775574 
0.5823832750320435 0.40781015157699585 0.009806572459638119 
0.5450583100318909 0.4432062804698944 0.011735382489860058 
0.6483683586120605 0.3421434164047241 0.009488223120570183 
0.17713014781475067 0.7699405550956726 0.052929311990737915 
0.3657252788543701 0.5840784907341003 0.05019627884030342 
0.4088817238807678 0.5590500235557556 0.03206830471754074 
0.7794356346130371 0.21299298107624054 0.007571483962237835 
0.21148470044136047 0.7634274363517761 0.025087866932153702 
0.6399899125099182 0.3325422406196594 0.02746783010661602 
0.6160240173339844 0.3711632788181305 0.012812744826078415 
0.750187873840332 0.22933757305145264 0.020474612712860107 
0.6099407076835632 0.3795088529586792 0.010550389997661114 
0.4396038353443146 0.5367239117622375 0.023672236129641533 
0.6192018985748291 0.3698466420173645 0.010951432399451733 
0.5214695930480957 0.455850750207901 0.022679630666971207 
0.36885955929756165 0.6037224531173706 0.027418015524744987 
0.6497664451599121 0.34312063455581665 0.007113009691238403 
0.7239192128181458 0.2683583199977875 0.007722444832324982 
0.4704320430755615 0.5138861536979675 0.01568184792995453 
0.10273198783397675 0.43020883202552795 0.4670592248439789 
0.6608341932296753 0.329490602016449 0.009675237350165844 
0.5782995223999023 0.4050225615501404 0.016677893698215485 
0.3583035469055176 0.5885524749755859 0.05314398556947708 
0.3089354634284973 0.6737658381462097 0.017298689112067223 
0.47324275970458984 0.5037571787834167 0.023000067099928856 
0.9294853210449219 0.06692129373550415 0.0035933032631874084 
0.15154600143432617 0.7983793616294861 0.05007462948560715 
0.07261230051517487 0.900456428527832 0.026931235566735268 
0.608446478843689 0.3753173053264618 0.01623624749481678 
0.42566215991973877 0.5100219249725342 0.06431590765714645 
0.7167720198631287 0.2745823860168457 0.008645545691251755 
0.8170207142829895 0.1773505061864853 0.005628814920783043 
0.9597685933113098 0.0376867800951004 0.0025445381179451942 
0.702033519744873 0.2900756597518921 0.007890766486525536 
0.7977536916732788 0.1964569389820099 0.005789358634501696 
0.6049494743347168 0.38268035650253296 0.01237010769546032 
0.13892480731010437 0.8204004764556885 0.04067475348711014 
0.6563783288002014 0.3161327540874481 0.027488933876156807 
0.6112804412841797 0.3777173161506653 0.011002261191606522 
0.5655720829963684 0.41841137409210205 0.016016483306884766 
0.7153220176696777 0.27463486790657043 0.010043083690106869 
0.4874008595943451 0.4925973117351532 0.020001817494630814 
0.7412551641464233 0.24690844118595123 0.011836415156722069 
0.0051113311201334 0.07919859886169434 0.915690004825592 
0.3360811173915863 0.5810866951942444 0.08283224701881409 
0.10258948057889938 0.8043537735939026 0.09305677562952042 
0.6715063452720642 0.3066457211971283 0.021848009899258614 
0.6144043207168579 0.3747842609882355 0.010811437852680683 
0.59352046251297 0.39293336868286133 0.013546151109039783 
0.7088353633880615 0.2838194668292999 0.0073451087810099125 
0.2693173289299011 0.673835813999176 0.05684690177440643 
0.27943912148475647 0.6906114220619202 0.029949501156806946 
0.6463475823402405 0.3421710431575775 0.011481350287795067 
0.6314651370048523 0.3576670289039612 0.010867869481444359 
0.3154665529727936 0.6560431122779846 0.028490275144577026 
0.33436983823776245 0.6511660814285278 0.014464001171290874 
0.6297392845153809 0.3564513027667999 0.013809372670948505 
0.6985847353935242 0.2932473123073578 0.008168010041117668 
0.2629610002040863 0.692107081413269 0.04493184760212898 
0.4666593074798584 0.515853226184845 0.01748741790652275 
0.5919592380523682 0.38613101840019226 0.02190973237156868 
0.7284926176071167 0.25613635778427124 0.015370955690741539 
0.7089877724647522 0.27863791584968567 0.01237431913614273 
0.46111437678337097 0.49531662464141846 0.04356895387172699 
0.24409881234169006 0.7136099934577942 0.04229117929935455 
0.3698651194572449 0.5807734727859497 0.04936150088906288 
0.652274489402771 0.3373844027519226 0.010341166518628597 
0.7263906002044678 0.25815844535827637 0.015450980514287949 
0.7235849499702454 0.26495012640953064 0.011464869603514671 
0.6277390122413635 0.34963488578796387 0.022626150399446487 
0.5820950269699097 0.403148889541626 0.014756103977560997 
0.5814111232757568 0.4036155343055725 0.014973340556025505 
0.3970707654953003 0.5832108855247498 0.01971827633678913 
0.7109622955322266 0.2793191969394684 0.009718485176563263 
0.27556556463241577 0.696980357170105 0.027454132214188576 
0.17461881041526794 0.7545320391654968 0.07084914296865463 
0.5883252024650574 0.40057364106178284 0.01110112201422453 
0.6604321002960205 0.32979094982147217 0.009776968508958817 
0.23891513049602509 0.7284924983978271 0.032592374831438065 
0.7547460198402405 0.2367761731147766 0.008477747440338135 
0.43242135643959045 0.5443960428237915 0.023182647302746773 
0.09995751827955246 0.8673816323280334 0.032660793513059616 
0.08956699073314667 0.8783986568450928 0.03203432261943817 
0.09995751827955246 0.8673816323280334 0.032660793513059616 
0.07800931483507156 0.5066879391670227 0.41530275344848633 
0.517738401889801 0.43131911754608154 0.05094246566295624 
0.21626336872577667 0.6950863599777222 0.08865024894475937 
0.0069746593944728374 0.3268372714519501 0.6661880612373352 
0.004710989072918892 0.4724678099155426 0.5228211879730225 
0.7412638068199158 0.2512127161026001 0.007523548323661089 
0.8243402242660522 0.1703796088695526 0.005280191078782082 
0.8687023520469666 0.12680388987064362 0.004493811167776585 
0.3419767916202545 0.6417071223258972 0.016316087916493416 
0.027359535917639732 0.904222846031189 0.0684177353978157 
0.5652231574058533 0.4147515296936035 0.02002531662583351 
0.7921363115310669 0.20032696425914764 0.007536746095865965 
0.08778363466262817 0.8290292620658875 0.0831870585680008 
0.31708478927612305 0.5715858340263367 0.11132936924695969 
0.0445798896253109 0.8973214030265808 0.05809878557920456 
0.033268511295318604 0.9135136008262634 0.05321792513132095 
0.015848280861973763 0.8269581198692322 0.15719357132911682 
0.7392430901527405 0.24960088729858398 0.011156069114804268 
0.7950261831283569 0.19828787446022034 0.006685979664325714 
0.7073112726211548 0.2792452275753021 0.013443444855511189 
0.3879711627960205 0.5557485222816467 0.05628038942813873 
0.12326771765947342 0.7809818387031555 0.09575039893388748 
0.6024984121322632 0.37486928701400757 0.022632302716374397 
0.8554874658584595 0.13905882835388184 0.005453669466078281 
0.6512989401817322 0.3026702404022217 0.04603079706430435 
0.6375115513801575 0.3130717873573303 0.04941663146018982 
0.004414661787450314 0.019712360575795174 0.9758729934692383 
0.44678017497062683 0.41430535912513733 0.13891452550888062 
0.07684531062841415 0.8769216537475586 0.046233002096414566 
0.8269128799438477 0.1673344522714615 0.005752711556851864 
0.043920550495386124 0.8504982590675354 0.10558117181062698 
0.6749999523162842 0.3154509365558624 0.00954905804246664 
0.8752533793449402 0.12075100094079971 0.003995585720986128 
0.9605157971382141 0.037058569490909576 0.002425562124699354 
0.7297312617301941 0.25678086280822754 0.01348791178315878 
0.6664314270019531 0.31906160712242126 0.014506913721561432 
0.0012036350090056658 0.09216593950986862 0.9066304564476013 
0.30634605884552 0.6619815230369568 0.03167242929339409 
0.29192644357681274 0.6822676062583923 0.02580598182976246 
0.6564909815788269 0.32869309186935425 0.014815902337431908 
0.748366117477417 0.23632965981960297 0.015304138883948326 
0.008773501962423325 0.40331006050109863 0.5879164338111877 
0.047850269824266434 0.5089015364646912 0.4432482123374939 
0.06362495571374893 0.7466814517974854 0.18969357013702393 
0.004950953181833029 0.07900328934192657 0.9160457253456116 
0.7697216868400574 0.22304554283618927 0.007232727017253637 
0.7753273844718933 0.21421495079994202 0.010457645170390606 
0.9084609746932983 0.08786328136920929 0.0036757453344762325 
0.3200714886188507 0.643414318561554 0.03651414439082146 
0.005889836233109236 0.4647868871688843 0.5293232798576355 
0.15928104519844055 0.6857772469520569 0.1549416333436966 
0.29810449481010437 0.6548929810523987 0.04700251668691635 
0.5759527087211609 0.4020058214664459 0.022041507065296173 
0.5768608450889587 0.38227373361587524 0.04086541384458542 
0.07087409496307373 0.6929627656936646 0.23616310954093933 
0.2906211018562317 0.6666368246078491 0.04274209216237068 
0.007128224242478609 0.5635342001914978 0.4293375015258789 
0.013065404258668423 0.19314192235469818 0.7937926650047302 
0.17371699213981628 0.7695227265357971 0.056760285049676895 
0.521629810333252 0.465393602848053 0.012976554222404957 
0.37207645177841187 0.5834928154945374 0.044430796056985855 
0.5751832127571106 0.37134623527526855 0.05347052961587906 
0.30634605884552 0.6619815230369568 0.03167242929339409 
0.2671074867248535 0.7021613121032715 0.030731236562132835 
0.02293301373720169 0.22433531284332275 0.7527316808700562 
0.22528988122940063 0.7250264883041382 0.049683645367622375 
0.8170653581619263 0.16997838020324707 0.012956286780536175 
0.005211580544710159 0.3188352882862091 0.6759531497955322 
0.899261474609375 0.09484627842903137 0.0058922492899000645 
0.006041546817868948 0.08693864196538925 0.9070197939872742 
0.9478482007980347 0.048883065581321716 0.003268806729465723 
0.5458651185035706 0.4131152927875519 0.04101961851119995 
0.07353029400110245 0.5222419500350952 0.4042277932167053 
0.4544523358345032 0.4646787643432617 0.08086883276700974 
0.006394693627953529 0.6077696681022644 0.3858356475830078 
0.5265544056892395 0.4186265170574188 0.05481912940740585 
0.41692808270454407 0.45699113607406616 0.12608075141906738 
0.8453757166862488 0.14553435146808624 0.009089966304600239 
0.6329734921455383 0.35479864478111267 0.012227852828800678 
0.7992849349975586 0.19485799968242645 0.00585712818428874 
0.0015881478320807219 0.2711910307407379 0.7272208333015442 
0.5574923753738403 0.4120969772338867 0.030410688370466232 
0.6426230072975159 0.33986225724220276 0.01751469261944294 
0.8145824670791626 0.1782924085855484 0.007125169038772583 
0.6134260296821594 0.3681207001209259 0.018453307449817657 
0.8283195495605469 0.16644425690174103 0.005236310418695211 
0.6738499402999878 0.29980480670928955 0.0263452660292387 
0.008891180157661438 0.21961313486099243 0.7714956402778625 
0.5736092329025269 0.40479233860969543 0.021598463878035545 
0.061514366418123245 0.605560839176178 0.3329247534275055 
0.676690399646759 0.3127802312374115 0.010529398918151855 
0.18381351232528687 0.7257260084152222 0.09046047925949097 
0.6502379179000854 0.3306340277194977 0.019128063693642616 
0.8498551845550537 0.14505042135715485 0.005094418302178383 
0.7896557450294495 0.19915537536144257 0.011188763193786144 
0.6390340328216553 0.3485510051250458 0.012414914555847645 
0.6369706392288208 0.34652143716812134 0.0165079478174448 
0.4405355453491211 0.48478683829307556 0.07467759400606155 
0.14453208446502686 0.7845441699028015 0.07092384994029999 
0.1467193067073822 0.6983580589294434 0.15492261946201324 
0.012957545928657055 0.31301918625831604 0.6740232110023499 
0.7659177780151367 0.22501851618289948 0.009063723497092724 
0.6860787272453308 0.2713937759399414 0.04252748563885689 
0.8243457078933716 0.1709645539522171 0.004689692985266447 
0.8693267107009888 0.1257246881723404 0.00494867330417037 
0.318730890750885 0.628718376159668 0.05255069211125374 
0.27776315808296204 0.6453812718391418 0.0768556073307991 
0.5247249007225037 0.46051591634750366 0.01475916150957346 
0.812229335308075 0.18119896948337555 0.006571708247065544 
0.0035010704305022955 0.06151231750845909 0.9349865913391113 
0.4503270983695984 0.5188961625099182 0.03077678009867668 
0.5577765703201294 0.4285719394683838 0.013651406392455101 
0.7586239576339722 0.23414984345436096 0.007226245012134314 
0.16364306211471558 0.8105751276016235 0.025781847536563873 
0.6518113613128662 0.330980122089386 0.01720854453742504 
0.1993066817522049 0.6512205004692078 0.14947277307510376 
0.6684390902519226 0.322035014629364 0.009525823406875134 
0.8198041915893555 0.1751582771539688 0.005037466995418072 
0.6247097253799438 0.36277323961257935 0.012517068535089493 
0.1007627472281456 0.8418894410133362 0.05734780430793762 
0.0010679186088964343 0.027948379516601562 0.9709837436676025 
0.5873708128929138 0.39741265773773193 0.015216490253806114 
0.4653409421443939 0.5047810673713684 0.0298780370503664 
0.6795960068702698 0.3072204291820526 0.013183599337935448 
0.0033643050119280815 0.2177676409482956 0.7788680195808411 
0.5815879106521606 0.39754560589790344 0.02086644060909748 
0.8155132532119751 0.1781490594148636 0.006337760016322136 
0.004801977891474962 0.5133994221687317 0.48179861903190613 
0.1483260840177536 0.5985334515571594 0.25314050912857056 
0.026323426514863968 0.9266639947891235 0.04701259732246399 
0.007822267711162567 0.11440297216176987 0.8777747750282288 
0.4137624204158783 0.541954755783081 0.04428277537226677 
0.6763758063316345 0.2963358759880066 0.027288321405649185 
0.058563414961099625 0.8954970240592957 0.04593956097960472 
0.25862231850624084 0.7074751853942871 0.03390255942940712 
0.8904893398284912 0.10338472574949265 0.006126003805547953 
0.8256861567497253 0.16909456253051758 0.005219320300966501 
0.0017918372759595513 0.1338714212179184 0.8643367886543274 
0.40958911180496216 0.49736183881759644 0.09304913133382797 
0.0011617676354944706 0.05861230194568634 0.9402258992195129 
0.7909873127937317 0.18929293751716614 0.019719744101166725 
0.005155518651008606 0.07192670553922653 0.9229177236557007 
0.09469905495643616 0.7546305060386658 0.1506703495979309 
0.7101417183876038 0.2657203674316406 0.024137897416949272 
0.6841471791267395 0.2924254238605499 0.02342730574309826 
0.46127718687057495 0.5018469095230103 0.03687596693634987 
