0.66901827
0.70624524
0.26686582
0.14718617
0.21588416
0.33013743
0.8150591
0.28273055
0.44765306
0.605216
0.32777902
0.19190095
0.07507349
0.10047946
0.42449585
0.6599193
0.23174109
0.5052261
0.4743828
0.8602241
0.8052354
0.50817084
0.39004233
0.494728
0.62013274
0.2634291
0.19793482
0.7464695
0.14908579
0.2255056
0.6174589
0.27944306
0.33307347
0.56832534
0.74377215
0.47299534
0.30475655
0.034715507
0.06710489
0.44238096
0.16937129
0.47484016
0.6496131
0.47644353
0.11869279
0.5653882
0.8358724
0.6534991
0.1500168
0.05724769
0.57322985
0.24289425
0.3423196
0.5900757
0.7538858
0.3274347
0.14979985
0.7105247
0.8896391
0.5865706
0.6854385
0.66418004
0.47397292
0.72082585
0.49138665
0.19928664
0.23947921
0.2678553
0.7732413
0.2370959
0.65196097
0.24886599
0.74263537
0.15165797
0.26859564
0.21724282
0.47397292
0.30755883
0.30755883
0.012233911
0.7572277
0.11569669
0.30921718
0.3237309
0.0831448
0.4104358
0.27345863
0.14635442
0.6076611
0.25203004
0.2962025
0.24644817
0.41023389
0.3896687
0.29045975
0.50802696
0.3600127
0.22114922
0.2948515
0.29238966
0.78454417
0.8956431
0.22634429
0.44951767
0.59295875
0.6482557
0.27512792
0.50478643
0.5926755
0.17065203
0.5252825
0.9017754
0.90870476
0.90959877
0.9106482
0.9102648
0.0951481
0.6318715
0.56045973
0.2838668
0.74858123
0.39303908
0.3808026
0.24942881
0.20868066
0.07019462
0.79965764
0.7376132
0.83196
0.47082695
0.72210777
0.11573002
0.26069757
0.041654427
0.4026589
0.42892966
0.07580341
0.7331004
0.3232264
0.51889616
0.84137905
0.7520417
0.5037382
0.4482489
0.76379913
0.5226124
0.8688038
0.31484696
0.5000701
0.8049885
0.40368843
0.5198382
0.8104858
0.1944579
0.7733473
0.8337139
0.07689561
0.71544373
0.78923506
0.8038818
0.7548466
0.8923023
0.44001612
0.7178579
0.8418693
0.8096118
0.3951793
0.63021696
0.8354798
0.83218205
0.65093446
0.13598664
0.7556391
0.17447615
0.8024694
0.21620996
0.7517971
0.71011406
0.69567084
0.79673845
0.41500732
0.2077638
0.31942892
0.67908126
0.47138658
0.552289
0.8554818
0.08608631
0.63036597
0.5089281
0.30232534
0.3726981
0.42861488
0.054621894
0.28588596
0.5113489
0.15630281
0.37878108
0.30932584
0.40911904
0.36368674
0.42870966
0.29873115
0.591908
0.35576457
0.18904811
0.6116601
0.7584762
0.07659068
0.9134336
0.59261054
0.8987145
0.5681477
0.5405944
0.020784352
0.51087284
0.3697775
0.13344769
0.52184355
0.84137905
0.2796384
0.5286232
0.29081488
0.20141098
0.7048673
0.3551862
0.23234832
0.3316257
0.030145321
0.43778983
0.087625384
0.82021195
0.6897081
0.6437649
0.07604048
0.7936323
0.43168133
0.50020814
0.55035573
0.018681154
0.5537235
0.5718386
0.7056805
0.5303432
0.1587414
0.37285063
0.0788176
0.023490112
0.21953754
0.74537784
0.6116601
0.58222973
0.60523003
0.11830953
0.5573002
0.3041148
0.79111344
0.29751158
0.30777708
0.23786128
0.8901463
0.48295382
0.8727931
0.3448573
0.87715757
0.08430551
0.7599796
0.43396163
0.4173335
0.3344854
0.083582066
0.4040012
0.42316043
0.6125259
0.6518836
0.2177979
0.3121273
0.49795148
0.30142748
0.42807257
0.38368368
0.78454417
0.2302664
0.5766451
0.42881304
0.3549943
0.40848398
0.32277998
0.5677872
0.4709655
0.17400457
0.58227915
0.082559824
0.33112913
0.49941888
0.7177077
0.6213826
0.21135192
0.2583027
0.4069805
0.3830616
0.7038163
0.6077309
0.6249943
0.33833438
0.07585432
0.14563496
0.23910734
0.6486752
0.40871555
0.4598598
0.051086515
0.49575722
0.51889616
0.31127924
0.7750424
0.714723
0.488315
0.7858646
0.5887632
0.5718541
0.58336467
0.353135
0.35076576
0.7905576
0.7753946
0.14339186
0.696509
0.58148044
0.47364914
0.44777483
0.36915118
0.051043566
0.38227153
0.10229303
0.39554265
0.6353814
0.8501795
0.1749205
0.27999195
0.7547212
0.108419314
0.82133055
0.82133055
0.5683817
0.49470726
0.52382356
0.2658386
0.22775789
0.6370847
0.534008
0.17204377
0.083884165
0.32538566
0.3188752
0.772327
0.7975906
0.41330197
0.6668152
0.06968327
0.3405695
0.6903784
0.29139727
0.34464213
0.5039089
0.70410156
0.4755415
0.6968487
0.5515415
0.3092164
0.49983698
0.91830283
0.8769372
0.08339933
0.2962025
0.13524489
0.040398534
0.32565364
0.19278044
0.9097125
0.9125023
0.33159307
0.88696074
0.57322985
0.3577677
0.21966526
0.20345971
0.48193115
0.14854784
0.27577814
0.2575126
0.4444669
0.20392995
0.30666578
0.6593682
0.5249955
0.51904213
0.3192235
0.3192235
0.29835117
0.29835117
0.50030303
0.35659266
0.43080142
0.29799858
0.6128328
0.19933909
0.22686219
0.48570362
0.06978842
0.29085907
0.70641667
0.34068027
0.14772584
0.24436787
0.3044344
0.6309138
0.65093446
0.33278543
0.42420924
0.27036083
0.5843872
0.6911667
0.027738797
0.60896826
0.26346552
0.60896826
0.6592718
0.32453218
0.5096793
0.35130298
0.28462332
0.57378876
0.57026976
0.4310434
0.42224765
0.46755856
0.54512024
0.05031942
0.33552042
0.6409354
0.09687683
0.2125254
0.30781475
0.5734976
0.17451507
0.124999925
0.4714847
0.30706394
0.6740483
0.649426
0.46800712
0.4477908
0.5480363
0.692982
0.8173363
0.22856688
0.6542822
0.6498928
0.11274018
0.18987072
0.18335977
0.5683095
0.103988856
0.73808837
0.33726674
0.28195873
0.6862211
0.69450533
0.22808683
0.71548367
0.5366629
0.25771198
0.54261065
0.1352623
0.32265595
0.19899462
0.08610031
0.5438832
0.2899461
0.83021307
0.5404386
0.13094048
0.15550123
0.32128406
0.06478551
0.17281358
0.6772375
0.6634607
0.41552278
0.43794042
0.110532895
0.63442916
0.37744653
0.16251756
0.46359786
0.5156012
0.11840649
0.6728316
0.5393319
0.27605876
0.3714895
0.1914112
0.16016227
0.32434034
0.5555141
0.35445523
0.7643453
0.5824155
0.77077293
0.1058234
0.1058234
0.1520305
0.1520305
0.6026089
0.30122653
0.8778136
0.41675192
0.6038063
0.34209862
0.35800242
0.15247375
0.33155352
0.17857587
0.55674285
0.5237728
0.5567176
0.110476464
0.1599982
0.14679879
0.5483076
0.49082065
0.08574337
0.25152203
0.59882015
0.3032187
0.3774524
0.12918241
0.16955675
0.37817413
0.23747987
0.12918241
0.31154418
0.36639902
0.421258
0.49049643
0.238415
0.51889616
0.112516664
0.4737768
0.7784263
0.22441176
0.2839243
0.81704044
0.15721343
0.6271699
0.7455066
0.04886404
0.30635548
0.17735897
0.26193783
0.37073842
0.15732913
0.34187958
0.61735934
0.62006396
0.8656267
0.21282144
0.09735463
0.14139916
0.4871414
0.35978022
0.46781868
0.8071545
0.5737789
0.41338
0.1314636
0.55854744
0.54083616
0.5945234
0.16252327
0.21184304
0.29056162
0.1186213
0.5242283
0.36469373
0.5226754
0.104821496
0.54030734
0.33491984
0.14019655
0.4896972
0.40502256
0.10511027
0.6184462
0.5876472
0.16626073
0.5727972
0.26690412
0.21846156
0.10641581
0.43033442
0.5059362
0.46873233
0.45067263
0.67904705
0.38483888
0.09801517
0.37340197
0.4488836
0.38349065
0.2625694
0.6137448
0.065119974
0.41839075
0.29631674
0.49662593
0.2438187
0.52088875
0.523002
0.26502708
0.49577728
0.6793471
0.5418523
0.4686221
0.48973215
0.39568117
0.44344229
0.35031974
0.58980197
0.4279386
0.5528364
0.0773773
0.46736717
0.3336703
0.4313934
0.2962364
0.20809159
0.22254308
0.75069577
0.67708874
0.37771732
0.7331276
0.72324514
0.88250315
0.28381553
0.48771137
0.114993975
0.19926608
0.033023678
0.42243698
0.75516623
0.398285
0.3998066
0.254733
0.40422705
0.7223473
0.59420204
0.46281272
0.114275865
0.2206239
0.49905556
0.82032573
0.6705718
0.4047576
0.7252917
0.07579095
0.4619321
0.17262633
0.06362702
0.42049614
0.12517595
0.78229356
0.059829272
0.63086766
0.6655256
0.7607145
0.8120511
0.20053706
0.83283633
0.49114147
0.50714463
0.64649296
0.45520666
0.20930946
0.25402853
0.2731484
0.22253633
0.5293349
0.5081331
0.3168631
0.5241773
0.3434153
0.54682374
0.6201465
0.3972169
0.4328619
0.7781804
0.18888089
0.8543458
0.5761039
0.40734738
0.56239504
0.8221642
0.7464576
0.71683645
0.10841815
0.26429453
0.43955004
0.4257014
0.12046409
0.40361553
0.49316856
0.6712774
0.7214824
0.23310056
0.35419375
0.3457468
0.45943183
0.5197844
0.06987469
0.78677213
0.30260155
0.48968098
0.08224853
0.3160904
0.44174123
0.12476035
0.6480388
0.3816321
0.39085424
0.88654226
0.5661163
0.07989435
0.56542856
0.6614105
0.43117645
0.13422196
0.7426523
0.4235223
0.37550083
0.46943355
0.27686876
0.64596057
0.4208023
0.3209095
0.7119307
0.13872074
0.6053603
0.45353654
0.65098894
0.12900285
0.7745971
0.443887
0.5360079
0.43110126
0.52711785
0.65339077
0.0740629
0.6962206
0.19419798
0.49502182
0.41415092
0.40781015
0.43908182
0.25943416
0.28351042
0.7145732
0.2305433
0.7637089
0.40781015
0.44320628
0.34214342
0.76994056
0.5840785
0.55905
0.21299298
0.76342744
0.33254224
0.37116328
0.22933757
0.37950885
0.5367239
0.36984664
0.45585075
0.60372245
0.34312063
0.26835832
0.51388615
0.43020883
0.3294906
0.40502256
0.5885525
0.67376584
0.5037572
0.066921294
0.79837936
0.9004564
0.3753173
0.5100219
0.2745824
0.1773505
0.03768678
0.29007566
0.19645694
0.38268036
0.8204005
0.31613275
0.37771732
0.41841137
0.27463487
0.4925973
0.24690844
0.0791986
0.5810867
0.8043538
0.30664572
0.37478426
0.39293337
0.28381947
0.6738358
0.6906114
0.34217104
0.35766703
0.6560431
0.6511661
0.3564513
0.2932473
0.6921071
0.5158532
0.38613102
0.25613636
0.27863792
0.49531662
0.71361
0.5807735
0.3373844
0.25815845
0.26495013
0.3496349
0.4031489
0.40361553
0.5832109
0.2793192
0.69698036
0.75453204
0.40057364
0.32979095
0.7284925
0.23677617
0.54439604
0.86738163
0.87839866
0.86738163
0.50668794
0.43131912
0.69508636
0.32683727
0.4724678
0.25121272
0.17037961
0.12680389
0.6417071
0.90422285
0.41475153
0.20032696
0.82902926
0.57158583
0.8973214
0.9135136
0.8269581
0.24960089
0.19828787
0.27924523
0.5557485
0.78098184
0.3748693
0.13905883
0.30267024
0.3130718
0.01971236
0.41430536
0.87692165
0.16733445
0.85049826
0.31545094
0.120751
0.03705857
0.25678086
0.3190616
0.09216594
0.6619815
0.6822676
0.3286931
0.23632966
0.40331006
0.50890154
0.74668145
0.07900329
0.22304554
0.21421495
0.08786328
0.6434143
0.4647869
0.68577725
0.654893
0.40200582
0.38227373
0.69296277
0.6666368
0.5635342
0.19314192
0.7695227
0.4653936
0.5834928
0.37134624
0.6619815
0.7021613
0.22433531
0.7250265
0.16997838
0.3188353
0.09484628
0.08693864
0.048883066
0.4131153
0.52224195
0.46467876
0.60776967
0.41862652
0.45699114
0.14553435
0.35479864
0.194858
0.27119103
0.41209698
0.33986226
0.17829241
0.3681207
0.16644426
0.2998048
0.21961313
0.40479234
0.60556084
0.31278023
0.725726
0.33063403
0.14505042
0.19915538
0.348551
0.34652144
0.48478684
0.78454417
0.69835806
0.3130192
0.22501852
0.27139378
0.17096455
0.12572469
0.6287184
0.6453813
0.46051592
0.18119897
0.061512318
0.51889616
0.42857194
0.23414984
0.8105751
0.33098012
0.6512205
0.322035
0.17515828
0.36277324
0.84188944
0.02794838
0.39741266
0.50478107
0.30722043
0.21776764
0.3975456
0.17814906
0.5133994
0.59853345
0.926664
0.11440297
0.54195476
0.29633588
0.895497
0.7074752
0.103384726
0.16909456
0.13387142
0.49736184
0.058612302
0.18929294
0.071926706
0.7546305
0.26572037
0.29242542
0.5018469
