0.031338394
0.06371829
0.011990227
0.0056635863
0.009590894
0.010509812
0.14667183
0.012071717
0.021463612
0.026829083
0.6270034
0.007680537
0.9196827
0.8936808
0.049922697
0.15881944
0.007943669
0.059261683
0.025422808
0.034267288
0.02161216
0.45892262
0.568815
0.49970287
0.029598124
0.7298599
0.009402319
0.050346874
0.010580419
0.008678582
0.022065891
0.007999659
0.016027477
0.027496288
0.1589956
0.017474862
0.010634548
0.002939658
0.9288287
0.4615768
0.006719142
0.03717156
0.050244942
0.083257675
0.8764002
0.026897945
0.04304939
0.05035402
0.8467257
0.002993916
0.41959226
0.743704
0.011697124
0.041437536
0.049284276
0.016206373
0.011870565
0.02532594
0.09452626
0.057283904
0.02889516
0.018726528
0.07861243
0.068553045
0.038550284
0.00721827
0.010789835
0.0067042
0.081801236
0.012051932
0.023714881
0.015392694
0.17168339
0.0053315507
0.009301538
0.018222524
0.07861243
0.016771354
0.016771354
0.98638386
0.03885489
0.004338167
0.013435304
0.013613095
0.91141164
0.014910735
0.009508011
0.00849041
0.0168516
0.02007204
0.01974061
0.0070104813
0.032566465
0.0378009
0.012528936
0.02486695
0.6111899
0.005676921
0.011871993
0.010104358
0.07092385
0.033889223
0.009752109
0.025825508
0.029783906
0.063428946
0.0230678
0.04333538
0.40048704
0.007700023
0.027130067
0.06835788
0.06941399
0.07167394
0.05678994
0.05760658
0.005275966
0.03552344
0.039250452
0.655855
0.028496927
0.06495069
0.45039767
0.010065178
0.007919527
0.9247875
0.04311748
0.06278651
0.062188186
0.0332802
0.038959377
0.006300917
0.012176732
0.95680094
0.5927866
0.031934712
0.0031218252
0.017196687
0.019842075
0.03077678
0.031497512
0.05548391
0.019710341
0.015449248
0.035975106
0.044376984
0.093263164
0.015893692
0.07931381
0.04502488
0.011973617
0.020172356
0.038434476
0.011083969
0.21583958
0.069676645
0.91847515
0.018765967
0.041608777
0.04173468
0.05386399
0.086581916
0.013747746
0.038084604
0.051148806
0.06288522
0.008767737
0.02393309
0.07154065
0.034069605
0.3414284
0.004301344
0.031607512
0.0077807405
0.045721322
0.010272095
0.036426164
0.061142523
0.026254242
0.06451391
0.026119186
0.0068468065
0.0120880185
0.12178331
0.08753666
0.04594121
0.0449171
0.0058960333
0.1625776
0.20586818
0.012283007
0.035099704
0.018408338
0.0025932763
0.0099869035
0.09001331
0.004635563
0.024639308
0.009730184
0.09843838
0.010258272
0.018798605
0.008009255
0.02609212
0.015465471
0.0065719783
0.02780652
0.13241546
0.9181138
0.057074632
0.3999598
0.05151663
0.016766353
0.39797857
0.9781276
0.06259889
0.013312698
0.0045044185
0.021875251
0.031497512
0.0196963
0.058104716
0.011995618
0.008282278
0.030022683
0.020208456
0.008636515
0.6653996
0.0019233233
0.01796028
0.9065057
0.11185016
0.13649377
0.031286076
0.0035528045
0.19888076
0.5552822
0.033754908
0.032101396
0.9805093
0.4410199
0.03325022
0.018224139
0.035352197
0.006739495
0.011571618
0.006290056
0.97557235
0.7491354
0.029640676
0.02780652
0.027207639
0.04853306
0.8798015
0.033713616
0.010763421
0.02219458
0.027965525
0.018162146
0.007182189
0.045907278
0.0145663405
0.030344337
0.010323645
0.099459715
0.9098753
0.04006133
0.013794975
0.014659422
0.03288708
0.0038243174
0.025758823
0.018989794
0.38008422
0.26659846
0.009483227
0.009108698
0.0797819
0.011480671
0.53175277
0.018812278
0.07092385
0.013200829
0.055919494
0.019265937
0.026104812
0.01682764
0.014870631
0.12949702
0.022040587
0.0056102215
0.043519344
0.0045759757
0.009219431
0.029800978
0.06019649
0.06922892
0.028102934
0.008154544
0.015013708
0.021843566
0.030937638
0.023442462
0.020264937
0.02313088
0.91876495
0.006116896
0.011593616
0.19410582
0.019012114
0.44075224
0.0027663026
0.026349971
0.03077678
0.013742119
0.07124885
0.06906122
0.06567654
0.13562535
0.06701133
0.052766766
0.40864804
0.015307854
0.012355782
0.10721835
0.036878847
0.004845028
0.03051955
0.021631936
0.02418196
0.028852748
0.0129789645
0.94143164
0.026371367
0.89182806
0.032480262
0.35765845
0.025942154
0.82179666
0.007657196
0.034688927
0.004268718
0.12194469
0.12194469
0.028209908
0.5014281
0.05398314
0.016757112
0.014772919
0.29633236
0.062264495
0.012708208
0.90949196
0.6487241
0.008684269
0.038345672
0.024962852
0.027287059
0.02090038
0.9257392
0.038532097
0.19945048
0.014930799
0.014823445
0.026902819
0.03276861
0.052760184
0.06162951
0.043946095
0.017217472
0.016397187
0.040590852
0.10417383
0.008751994
0.01974061
0.0041125715
0.0021023166
0.015783055
0.01434358
0.061972987
0.050499167
0.011657434
0.09764088
0.41959226
0.03551589
0.009565228
0.018636348
0.02053905
0.0059902584
0.00780909
0.009910353
0.01981512
0.0072701056
0.0100615
0.18931967
0.055881273
0.05386693
0.010523637
0.010523637
0.0071620005
0.0071620005
0.024510501
0.022705551
0.022161422
0.008475953
0.066587195
0.008490401
0.00921232
0.017270604
0.92550886
0.695567
0.02722597
0.051440675
0.007925505
0.0075875856
0.019748028
0.017881216
0.3414284
0.016698603
0.024115935
0.025214396
0.050260734
0.2571662
0.002133743
0.015255035
0.007290248
0.015255035
0.07831119
0.6700696
0.03374955
0.008676465
0.022537244
0.020982414
0.40047732
0.019790785
0.025055338
0.028519493
0.37103897
0.945704
0.6370073
0.014632849
0.89674044
0.0113702305
0.010514742
0.01737339
0.0080228
0.0047705243
0.021649787
0.012175346
0.07149762
0.015763497
0.015820324
0.09963094
0.017039515
0.042467035
0.033556994
0.011501854
0.07702417
0.0136862295
0.0071351244
0.009129445
0.005709247
0.046392158
0.0038432328
0.027317144
0.011919523
0.009478403
0.015226418
0.21708953
0.010157597
0.017368719
0.046238415
0.006138076
0.4519119
0.005799899
0.008515138
0.0130107915
0.005224112
0.020620845
0.6971395
0.03611673
0.11993443
0.8615305
0.8284226
0.027030556
0.004701283
0.0065740757
0.030380232
0.018715981
0.016013466
0.020061743
0.0054257144
0.051492345
0.07124662
0.0043486278
0.013960982
0.01693831
0.007060303
0.23531382
0.02080335
0.7217998
0.012865286
0.006631012
0.006546908
0.010404339
0.050887335
0.0122253345
0.2209269
0.12526844
0.053909186
0.0038196228
0.0038196228
0.0064914282
0.0064914282
0.044017542
0.010466756
0.03336127
0.026431212
0.1292676
0.020664904
0.027510634
0.0044859904
0.013380076
0.010292472
0.018017141
0.015491082
0.017115286
0.009049157
0.004814253
0.8435939
0.04096831
0.02007806
0.003345656
0.011167614
0.034390036
0.024113823
0.013855857
0.0052965456
0.0067907795
0.06488271
0.018507197
0.0052965456
0.017212903
0.014582316
0.030692989
0.015675047
0.007646997
0.03077678
0.8792253
0.019819811
0.10734464
0.009431947
0.019413486
0.03226952
0.011196596
0.36579254
0.06259746
0.9483131
0.009463032
0.011148402
0.011788645
0.022599436
0.011901575
0.012901745
0.028745228
0.15438688
0.04599806
0.7809755
0.0049619745
0.0072379545
0.47053543
0.17821614
0.0140662445
0.12199184
0.105721995
0.020252528
0.0074602263
0.06099555
0.017547138
0.35723588
0.83403116
0.016173296
0.020196008
0.006074353
0.16993435
0.013297628
0.03809768
0.006139766
0.0198821
0.008543338
0.00875881
0.07206723
0.016677894
0.005524826
0.098319545
0.024156943
0.007313194
0.01910968
0.06305396
0.009407718
0.0035920031
0.019522127
0.013259527
0.011966807
0.041280165
0.03620467
0.011263798
0.0072240657
0.014041463
0.011690018
0.009258629
0.0125010535
0.09298506
0.0039234436
0.029876795
0.026126197
0.028417973
0.0066753095
0.053812213
0.44856235
0.00877963
0.017511576
0.030830165
0.19886672
0.021174254
0.030208446
0.019845065
0.018422492
0.6452054
0.060029354
0.012933396
0.22797677
0.9178593
0.044326074
0.01810606
0.50960326
0.013419357
0.01092072
0.008208687
0.092186145
0.28297558
0.011002261
0.033156775
0.1370725
0.04277225
0.017337453
0.08033189
0.8813426
0.016314352
0.96466774
0.032270085
0.037702214
0.016993223
0.016597178
0.010867716
0.015869504
0.24363975
0.3994244
0.046963334
0.005993834
0.012861221
0.024498342
0.020666989
0.04250374
0.56662184
0.058854505
0.004542768
0.021755448
0.016074866
0.003289405
0.020579917
0.0051095802
0.061659414
0.9342126
0.03032563
0.022702899
0.038755238
0.025622524
0.005886286
0.0374634
0.054194953
0.48842385
0.038964175
0.029624987
0.0074891364
0.008489186
0.013556624
0.7684132
0.030695954
0.032575067
0.016068084
0.28888017
0.0116501665
0.022207791
0.023912538
0.02234186
0.03486504
0.098807655
0.0059013967
0.10666189
0.024515728
0.016630756
0.034831427
0.037377458
0.05613035
0.17728692
0.005998173
0.00861117
0.018200781
0.096823156
0.0058448478
0.014973341
0.06730782
0.016766557
0.06208738
0.013661674
0.017192077
0.61469424
0.011241699
0.4717466
0.0056167264
0.021843163
0.014522479
0.016282013
0.0028703983
0.01666224
0.03738317
0.0064690965
0.029257754
0.015276006
0.5421117
0.041821416
0.40783525
0.0044917613
0.023386076
0.039911956
0.017790843
0.0056265583
0.16404712
0.012990335
0.022595147
0.015806861
0.011981553
0.028798452
0.06484706
0.016010074
0.05823299
0.005612174
0.03608181
0.037848983
0.059858974
0.008339208
0.02847348
0.014116299
0.38591415
0.01753344
0.019717148
0.033259097
0.004705484
0.061386634
0.009899417
0.029029801
0.01340695
0.009806572
0.012695726
0.02490064
0.0100953905
0.027869668
0.007890043
0.03169629
0.009806572
0.0117353825
0.009488223
0.052929312
0.05019628
0.032068305
0.007571484
0.025087867
0.02746783
0.012812745
0.020474613
0.01055039
0.023672236
0.010951432
0.02267963
0.027418016
0.0071130097
0.007722445
0.015681848
0.46705922
0.009675237
0.016677894
0.053143986
0.01729869
0.023000067
0.0035933033
0.05007463
0.026931236
0.016236247
0.06431591
0.008645546
0.005628815
0.0025445381
0.0078907665
0.0057893586
0.012370108
0.040674753
0.027488934
0.011002261
0.016016483
0.010043084
0.020001817
0.011836415
0.91569
0.08283225
0.093056776
0.02184801
0.010811438
0.013546151
0.007345109
0.0568469
0.029949501
0.01148135
0.0108678695
0.028490275
0.014464001
0.013809373
0.00816801
0.044931848
0.017487418
0.021909732
0.015370956
0.012374319
0.043568954
0.04229118
0.0493615
0.0103411665
0.0154509805
0.01146487
0.02262615
0.014756104
0.014973341
0.019718276
0.009718485
0.027454132
0.07084914
0.011101122
0.0097769685
0.032592375
0.008477747
0.023182647
0.032660794
0.032034323
0.032660794
0.41530275
0.050942466
0.08865025
0.66618806
0.5228212
0.0075235483
0.005280191
0.004493811
0.016316088
0.068417735
0.020025317
0.007536746
0.08318706
0.11132937
0.058098786
0.053217925
0.15719357
0.011156069
0.0066859797
0.013443445
0.05628039
0.0957504
0.022632303
0.0054536695
0.046030797
0.04941663
0.975873
0.13891453
0.046233002
0.0057527116
0.10558117
0.009549058
0.0039955857
0.0024255621
0.013487912
0.014506914
0.90663046
0.03167243
0.025805982
0.014815902
0.015304139
0.58791643
0.4432482
0.18969357
0.9160457
0.007232727
0.010457645
0.0036757453
0.036514144
0.5293233
0.15494163
0.047002517
0.022041507
0.040865414
0.23616311
0.042742092
0.4293375
0.79379267
0.056760285
0.012976554
0.044430796
0.05347053
0.03167243
0.030731237
0.7527317
0.049683645
0.012956287
0.67595315
0.0058922493
0.9070198
0.0032688067
0.04101962
0.4042278
0.08086883
0.38583565
0.05481913
0.12608075
0.009089966
0.012227853
0.005857128
0.72722083
0.030410688
0.017514693
0.007125169
0.018453307
0.0052363104
0.026345266
0.77149564
0.021598464
0.33292475
0.010529399
0.09046048
0.019128064
0.0050944183
0.011188763
0.012414915
0.016507948
0.074677594
0.07092385
0.15492262
0.6740232
0.0090637235
0.042527486
0.004689693
0.0049486733
0.052550692
0.07685561
0.0147591615
0.0065717082
0.9349866
0.03077678
0.013651406
0.007226245
0.025781848
0.017208545
0.14947277
0.009525823
0.005037467
0.012517069
0.057347804
0.97098374
0.01521649
0.029878037
0.013183599
0.778868
0.02086644
0.00633776
0.48179862
0.2531405
0.047012597
0.8777748
0.044282775
0.027288321
0.04593956
0.03390256
0.006126004
0.0052193203
0.8643368
0.09304913
0.9402259
0.019719744
0.9229177
0.15067035
0.024137897
0.023427306
0.036875967
