0.013540993
0.21931353
0.107480094
0.041824125
0.06953347
0.20325482
0.42029738
0.020639606
0.044047598
0.24274227
0.060310535
0.055791635
0.05449748
0.013564228
0.047373347
0.025955174
0.050927818
0.004586735
0.21931353
0.03121453
0.010812363
0.027228327
0.004202011
0.1538721
0.07916597
0.77630967
0.13320206
0.018365743
0.014172141
0.20627105
0.9635137
0.31181684
0.016543476
0.020078436
0.05619536
0.017537111
0.027575787
0.21931353
0.012478025
0.01407301
0.15294737
0.008267599
0.12749518
0.0036006214
0.018389503
0.16612384
0.0074669793
0.04303056
0.35280222
0.023924876
0.07164521
0.7564934
0.6987331
0.12778784
0.007149578
0.007149578
0.0152166905
0.74796057
0.006274614
0.07791853
0.0060229073
0.033513334
0.005405017
0.0054579163
0.0047046244
0.48229662
0.051123593
0.0470304
0.007149578
0.033522587
0.055442594
0.7568728
0.016697057
0.041513138
0.07004198
0.051141433
0.007042264
0.060178563
0.008393144
0.01815491
0.059760693
0.043364722
0.0478216
0.05006633
0.12172226
0.010819378
0.018751636
0.0054964814
0.018891847
0.05182198
0.01442597
0.007149578
0.039746407
0.21931353
0.007149578
0.0786859
0.033954956
0.08280238
0.007149578
0.052067254
0.020461997
0.012844826
0.15589623
0.0118237175
0.13001256
0.02758208
0.09136068
0.005893462
0.027555838
0.71269923
0.0048874374
0.11616488
0.35993966
0.04385609
0.0060683466
0.14407924
0.06829955
0.00835303
0.015731199
0.033554934
0.21931353
0.021949615
0.0050056707
0.010131217
0.1489153
0.011541323
0.022659684
0.024105143
0.12992941
0.0052154767
0.04991567
0.013999505
0.0535755
0.45732832
0.019161152
0.096759036
0.0039490475
0.05763861
0.15665542
0.02421295
0.21931353
0.25308153
0.018894583
0.023787139
0.038214102
0.0140931355
0.008242973
0.085248314
0.24274227
0.042475663
0.07481494
0.07153088
0.004517675
0.19459546
0.108449906
0.032999024
0.3079509
0.009432609
0.3781013
0.008587766
0.008493868
0.21931353
0.02214685
0.027748356
0.009035701
0.051988773
0.18729916
0.086011
0.036520276
0.047505975
0.029123364
0.025954904
0.046411786
0.61717707
0.9357222
0.21931353
0.22821672
0.0045679617
0.017118024
0.006995812
0.039028548
0.007149578
0.007149578
0.006020199
0.007149578
0.28952724
0.0052911122
0.0050987946
0.02132692
0.007149578
0.0063083447
0.6627707
0.05852512
0.04272677
0.03054638
0.22457962
0.80732757
0.084196985
0.04765623
0.024481151
0.046514355
0.027933504
0.029218951
0.05315122
0.0079239635
0.016697057
0.09999206
0.58922327
0.019704776
0.044094667
0.017847246
0.02344545
0.047616594
0.02072156
0.03487828
0.009110694
0.16474465
0.17371172
0.008738608
0.0067903837
0.0091040665
0.19725882
0.120674565
0.054974247
0.20729081
0.5791703
0.032976165
0.21931353
0.053784166
0.007149578
0.03682893
0.24134853
0.23338985
0.15585339
0.0074485354
0.045043614
0.02799354
0.03485555
0.007149578
0.0033728695
0.0027153217
0.31501493
0.007149578
0.045042947
0.0030704127
0.3494139
0.018851494
0.8994467
0.42699203
0.0047796285
0.0046969634
0.007149578
0.007823554
0.013559119
0.2558242
0.07615306
0.033548035
0.048772495
0.0032980025
0.04139358
0.004633745
0.064380795
0.01809224
0.0353419
0.013985291
0.21931353
0.010896427
0.30229044
0.3635772
0.1036904
0.023502959
0.011977961
0.024820445
0.5834723
0.007149578
0.0389425
0.0024905158
0.49421164
0.009204536
0.07114411
0.13237098
0.03151042
0.0320717
0.025718078
0.007149578
0.007149578
0.018548872
0.0035767355
0.21931353
0.08981905
0.0362155
0.15474805
0.20154001
0.030822638
0.00946367
0.0054323217
0.3959256
0.02949137
0.22940513
0.08136358
0.013808768
0.007113661
0.07671784
0.24274227
0.04030407
0.005846256
0.04822015
0.009955654
0.003484643
0.004232881
0.9779969
0.0104690585
0.005191679
0.0451707
0.102831535
0.09225885
0.08226385
0.0127771115
0.013657089
0.0127057675
0.034939457
0.106533304
0.009245823
0.39746788
0.003068231
0.21931353
0.19370009
0.03416021
0.025782265
0.56117874
0.13423382
0.11816126
0.26782843
0.0047737313
0.010939866
0.021546347
0.0131912315
0.082453996
0.065816894
0.026110984
0.02588403
0.41498166
0.0113444505
0.10936429
0.07025681
0.038871177
0.0043506483
0.05082465
0.024434883
0.6071825
0.027422866
0.014647438
0.9427629
0.21452169
0.06944184
0.08808209
0.044296775
0.016585873
0.047719866
0.04950843
0.03564696
0.0946365
0.031355843
0.014042857
0.007149578
0.007149578
0.030816266
0.21931353
0.007149578
0.03246443
0.018093035
0.007149578
0.008707218
0.25171405
0.007149578
0.73076844
0.017094145
0.081195965
0.035089135
0.014486523
0.06434594
0.04891767
0.0681801
0.015382584
0.21931353
0.007149578
0.06947481
0.6833902
0.014795977
0.07112005
0.47432902
0.015664479
0.51233184
0.024639769
0.9726237
0.02509882
0.118191116
0.030785106
0.10385518
0.0034559197
0.020536765
0.035163406
0.5069888
0.08386484
0.040127765
0.07405852
0.09067302
0.51711285
0.5069888
0.027481167
0.030783707
0.4732162
0.026449015
0.0067923376
0.028032485
0.32891548
0.031041507
0.14246787
0.009978826
0.070613444
0.38165477
0.025008291
0.013645295
0.0478216
0.02177185
0.21931353
0.11387493
0.2540977
0.04192137
0.052207652
0.061673366
0.11770825
0.064952485
0.6570406
0.53723156
0.0070554293
0.0026078697
0.007149578
0.007149578
0.007149578
0.110450186
0.007149578
0.09695725
0.05482127
0.012520729
0.013888687
0.69452673
0.90380967
0.019088931
0.029954841
0.012815682
0.014735507
0.0278244
0.006589893
0.034049813
0.01945211
0.0207959
0.083581254
0.47258788
0.018936876
0.8219239
0.018866407
0.04895679
0.14581504
0.067126006
0.8827583
0.27111024
0.78154385
0.01924253
0.008634806
0.8497891
0.023672832
0.8497891
0.004051173
0.017059062
0.015736895
0.07085173
0.3092805
0.91911024
0.081241995
0.0024472522
0.21931353
0.023118617
0.0076846234
0.00853305
0.029255422
0.06612864
0.007149578
0.007069937
0.002946195
0.010299487
0.03999634
0.62252307
0.009121255
0.031245254
0.7062314
0.2173804
0.12467957
0.021807656
0.008724506
0.01759471
0.036825866
0.56732213
0.038460705
0.034264043
0.2005582
0.24713853
0.109966055
0.02317958
0.21931353
0.07646576
0.047279347
0.11078173
0.24458413
0.018287655
0.038830318
0.014955853
0.40050256
0.040406022
0.05426776
0.023638811
0.007149578
0.15331942
0.12372936
0.0970238
0.042209424
0.6179864
0.21931353
0.007823215
0.013088171
0.011716885
0.005996145
0.010896427
0.06990661
0.17185605
0.002090546
0.06516689
0.29127532
0.032374993
0.71835303
0.046823904
0.0084123695
0.006517069
0.023260962
0.24274227
0.15042377
0.005287908
0.0055917455
0.037409153
0.018141598
0.18578017
0.01604189
0.04764203
0.06845625
0.03375029
0.09110587
0.007149578
0.21931353
0.122065865
0.0034944715
0.5718614
0.04278364
0.007149578
0.007149578
0.007149578
0.0019989854
0.14910646
0.00892325
0.47130495
0.012428187
0.19529313
0.18583374
0.19529313
0.0030780728
0.008729345
0.91444737
0.05346487
0.043706752
0.22904366
0.007379453
0.23159537
0.04073073
0.011320485
0.011975351
0.21931353
0.12026104
0.034309566
0.03304117
0.6645171
0.007149578
0.022769803
0.0037339316
0.07597727
0.071920834
0.032948203
0.06609317
0.015398059
0.025807882
0.012369248
0.008337964
0.7152369
0.41872427
0.03098752
0.0023500598
0.21931353
0.014231307
0.11936445
0.0040580644
0.0456135
0.06316982
0.3759328
0.104994126
0.0034411452
0.004202321
0.038160805
0.089319795
0.013681699
0.16415079
0.0054098526
0.0038255581
0.090996064
0.023795316
0.1395717
0.0044392543
0.0044313655
0.0047345795
0.21931353
0.0126871895
0.026206728
0.041367818
0.7522156
0.024125027
0.007149578
0.026206728
0.030364988
0.007149578
0.18602435
0.77765584
0.067977116
0.007149578
0.06397669
0.26770002
0.018083343
0.018868947
0.029319374
0.0137578165
0.4449165
0.06645708
0.9765805
0.21931353
0.10662632
0.019674642
0.11618227
0.092190996
0.10533514
0.0077393483
0.092190996
0.110007346
0.11618227
0.11433595
0.10060752
0.104508586
0.11433595
0.11711551
0.12185483
0.092190996
0.11618227
0.09554154
0.1251328
0.10729411
0.11433595
0.11433595
0.092751406
0.11433595
0.104508586
0.11808273
0.1148373
0.10533514
0.11808273
0.11433595
0.12185483
0.11247879
0.10060752
0.10060752
0.11433595
0.10060752
0.104508586
0.13029721
0.13029721
0.08820758
0.11856366
0.48180106
0.03609797
0.113094136
0.108014494
0.11194419
0.004055587
0.032323193
0.049308036
0.011924175
0.16911589
0.7555435
0.18658741
0.0161654
0.0037814744
0.08396266
0.4590662
