0.16503139
0.11768726
0.014397928
0.16412939
0.09107019
0.10774222
0.8558411
0.26804143
0.335657
0.0952402
0.31579128
0.08253663
0.17347963
0.5087607
0.30312914
0.10161258
0.10808124
0.07539219
0.037801757
0.023493065
0.116584346
0.75064003
0.21240415
0.1757359
0.07476152
0.09971011
0.13495804
0.8770966
0.09258538
0.27061284
0.2625938
0.19655737
0.4476861
0.099139005
0.068400204
0.05701601
0.5383038
0.13792875
0.07723914
0.56646407
0.13684982
0.25803417
0.23410909
0.22993341
0.41116506
0.08689541
0.055284157
0.9401643
0.94093543
0.93961024
0.9422467
0.9435412
0.41180143
0.04149107
0.9173189
0.060524154
0.34449467
0.34886
0.253635
0.27829263
0.2982831
0.46613982
0.13223132
0.070472725
0.12056958
0.053442113
0.061753724
0.6532249
0.2126443
0.05387856
0.49119797
0.23658264
0.18186569
0.080913074
0.36461598
0.028063407
0.70424026
0.16593222
0.34402603
0.123164214
0.22829182
0.395188
0.49856752
0.24724211
0.4896069
0.16642475
0.24489489
0.26560888
0.2400253
0.08876833
0.72565585
0.34461176
0.30549145
0.10242208
0.12492758
0.93095726
0.30549145
0.14701751
0.66234267
0.12454394
0.67380065
0.837448
0.84313047
0.8388272
0.8381957
0.8388119
0.13512723
0.12680744
0.069569044
0.49689788
0.314043
0.80596894
0.3564032
0.12904443
0.059988376
0.19758427
0.072517574
0.22266364
0.3712343
0.09848205
0.2743921
0.21290995
0.15521604
0.30904365
0.14212969
0.043949716
0.11149789
0.2602018
0.7206554
0.62084204
0.19520861
0.71154577
0.05216532
0.5810985
0.58442366
0.082733475
0.25084728
0.5579287
0.059245486
0.6110668
0.26309446
0.23216698
0.6478029
0.15079547
0.7888452
0.40410998
0.24295591
0.41544718
0.08813757
0.18582563
0.8203697
0.3435959
0.31406936
0.654046
0.09390028
0.16718802
0.2330026
0.4072345
0.18641938
0.835541
0.15422186
0.13716455
0.02740388
0.5310221
0.18205465
0.7873784
0.835541
0.043715615
0.8253884
0.8061563
0.08668222
0.8936171
0.5565665
0.14336008
0.039112512
0.1618515
0.3499498
0.8178717
0.17003717
0.27081794
0.66483116
0.47901633
0.20089594
0.8253884
0.3435959
0.835541
0.29212424
0.35479492
0.059915625
0.16573313
0.31171894
0.13708228
0.1710812
0.46822256
0.5564362
0.045068227
0.18980014
0.21218382
0.18698977
0.3491826
0.34474513
0.1453622
0.12712806
0.4470578
0.3642729
0.12145513
0.7592899
0.3050093
0.22677898
0.28712845
0.08906073
0.099278696
0.40017033
0.13960393
0.26740247
0.30031115
0.072119944
0.033370666
0.054942645
0.09106073
0.76523554
0.27542984
0.5421133
0.32913783
0.15925069
0.78814083
0.7947414
0.2869085
0.17157973
0.21045062
0.30207366
0.28481695
0.3542321
0.41017774
0.103465356
0.15471503
0.52425385
0.6358646
0.11840903
0.69519496
0.17691176
0.21700391
0.1519491
0.029996358
0.2552148
0.16169
0.8258669
0.044801258
0.4833118
0.39259085
0.12923819
0.69383454
0.849543
0.849543
0.15231763
0.15498507
0.45284587
0.2491551
0.20632643
0.048652828
0.20247565
0.042784333
0.39216867
0.5621451
0.31734204
0.57958424
0.08395372
0.34543225
0.14136401
0.2003659
0.7951477
0.079495944
0.73231035
0.13965642
0.07207805
0.47949257
0.1148146
0.8043031
0.24673139
0.12640636
0.091292456
0.22061841
0.5099574
0.5879685
0.06837671
0.4022626
0.11242929
0.22956316
0.9037012
0.3455189
0.32032928
0.33827102
0.34317634
0.17567097
0.15276341
0.60656756
0.11455599
0.62439734
0.07198889
0.273263
0.22125696
0.1765062
0.10219812
0.22706683
0.8333247
0.22706683
0.05559814
0.49383923
0.07095471
0.22280549
0.20863862
0.14433984
0.17622964
0.7293762
0.44512856
0.9086637
0.33268112
0.8519652
0.18725638
0.113088936
0.05465089
0.36033368
0.61704963
0.8868339
0.7580481
0.60860807
0.7527737
0.12655842
0.37157306
0.39316142
0.7131112
0.4392206
0.10491538
0.9069592
0.5256476
0.5123567
0.21381517
0.1212705
0.44062433
0.23384209
0.57195157
0.26065418
0.45370242
0.18749927
0.27507293
0.04531031
0.37978932
0.7570728
0.40899158
0.4757869
0.14128844
0.4214726
0.22807822
0.24694376
0.47376707
0.071436875
0.49876612
0.23304775
0.06744063
0.24919038
0.15539855
0.5765123
0.09365835
0.5041946
0.13406792
0.13479637
0.3849247
0.6324791
0.14619592
0.6859862
0.7048765
0.07128272
0.27321044
0.51590556
0.03942084
0.17986621
0.31495512
0.16221508
0.13947387
0.84321797
0.5651623
0.07000228
0.07000228
0.07000228
0.7964345
0.19549756
0.38795626
0.17606321
0.7771444
0.6212747
0.31992558
0.10274276
0.37031174
0.7170162
0.16681466
0.11446422
0.23198757
0.21662828
0.35502872
0.26408947
0.7394458
0.253595
0.66987646
0.06991773
0.10337612
0.2531008
0.39462483
0.12403426
0.22519729
0.774878
0.13013478
0.39282802
0.2663023
0.1523515
0.033063345
0.17245327
0.23061836
0.5516824
0.11200274
0.18452124
0.43633974
0.16062057
0.2526018
0.29610223
0.11426925
0.02867377
0.21137427
0.87583256
0.594674
0.94086593
0.21840234
0.08239073
0.6398975
0.18227814
0.42911366
0.4587102
0.16054903
0.057036866
0.1832249
0.24895608
0.17647
0.28578135
0.28285706
0.16428763
0.34241602
0.5450976
0.3846021
0.18417111
0.14145538
0.26812914
0.88837135
0.15933143
0.122729555
0.2321084
0.5632225
0.19496182
0.14644864
0.6623478
0.058172625
0.25065374
0.16822109
0.38411528
0.29965043
0.27888855
0.22199312
0.04390813
0.1000142
0.100373976
0.3055299
0.5307097
0.21867761
0.49648032
0.23912743
0.029998422
0.42724627
0.53106487
0.49565288
0.5860817
0.08444954
0.3542306
0.885197
0.51059204
0.7432431
0.23451209
0.8268105
0.0629484
0.58219856
0.26297522
0.9228185
0.15998201
0.37164655
0.593364
0.06806045
0.7144546
0.41084686
0.09175609
0.5414537
0.08835775
0.48080197
0.04531031
0.15184216
0.10433932
0.08218261
0.07475436
0.40482005
0.104668856
0.39150792
0.05771475
0.06453898
0.08755545
0.1302807
0.13833137
0.3439761
0.53032714
0.18983841
0.36497772
0.12092634
0.15827559
0.090571366
0.15579145
0.08148806
0.13922209
0.24050112
0.25024667
0.036668967
0.16229755
0.06640877
0.16447699
0.5667528
0.14260693
0.24466877
0.44530258
0.25804493
0.06009268
0.13468097
0.089449205
0.5390294
0.07104511
0.015863437
0.8919943
0.218034
0.07536939
0.151207
0.31724107
0.14809954
0.06754381
0.25770324
0.17933388
0.2901016
0.23760532
0.066093825
0.37767428
0.029289322
0.637
0.8470424
0.0077048675
0.26542166
0.7182714
0.84759444
0.044280585
0.14721967
0.06293675
0.10873835
0.42741358
0.09971609
0.6096651
0.013964241
0.284918
0.07335387
0.5171942
0.14589018
0.70182866
0.09541745
0.38861066
0.20989956
0.6924245
0.12874284
0.39425185
0.9138383
0.40320104
0.07033784
0.113025956
0.13492891
0.561094
0.57435215
0.21172747
0.42157772
0.17240012
0.16812038
0.5491004
0.6734068
0.07615999
0.7352491
0.058289208
0.27906057
0.19779196
0.0721215
0.15423715
0.22639798
0.826343
0.15814406
0.5837911
0.70004207
0.6630341
0.673714
0.80484354
0.63949114
0.3236447
0.44809157
0.3412802
0.043900605
0.067978434
0.18977433
0.9312919
0.13267271
0.7095678
0.26083001
0.15830243
0.7458833
0.90041214
0.14294843
0.1343951
0.1365656
0.1647501
0.12188447
0.036292277
0.4498972
0.34359476
0.7412199
0.17018501
0.042270392
0.5302477
0.033427317
0.57323116
0.095558956
0.15477066
0.28992102
0.16067854
0.092828825
0.27803144
0.32731524
0.41378862
0.743363
0.19636984
0.8268105
0.6353871
0.2307347
0.36130366
0.6261665
0.3060265
0.5953778
0.8187421
0.22730945
0.8208144
0.3834802
0.5901516
0.18525206
0.8598345
0.17292735
0.22730945
0.22730945
0.11668923
0.17716105
0.3299268
0.2711702
0.47431132
0.30805892
0.28866068
0.48538095
0.21257748
0.8268105
0.15782452
0.2993523
0.32132712
0.40662548
0.3654177
0.32658812
0.19529429
0.23248571
0.20344736
0.26734024
0.49422184
0.64515334
0.42922404
0.20048998
0.07633688
0.3171732
0.27698994
0.6076548
0.119083166
0.23385178
0.045452584
0.14103742
0.29804507
0.17181334
0.37316662
0.1258417
0.06774741
0.023269026
0.2940521
0.053036325
0.15580769
0.1469481
0.67208284
0.3838217
0.32960016
0.16050734
0.39374945
0.2103727
0.05959735
0.09120634
0.78209764
0.23605004
0.16379875
0.111448646
0.16591462
0.16206603
0.2902914
0.16457215
0.65365016
0.08530371
0.09217106
0.9348536
0.0711423
0.7740772
0.14107825
0.20793223
0.897966
0.35986775
0.39653975
0.37569425
0.041522946
0.1353014
0.80179673
0.1219653
0.8455856
0.8455856
0.9019963
0.20221317
0.5281992
0.4519909
0.93050516
0.4934513
0.79217255
0.36986336
0.60656756
0.75941813
0.34842053
0.3615039
0.88086575
0.012126262
0.5962956
0.058682017
0.46696025
0.12793076
0.055391256
0.24396683
0.37517598
0.1568084
0.11907932
0.15162319
0.18315022
0.035962936
0.63955766
0.7315518
0.22426769
0.87125784
0.83056563
0.8157142
0.62410367
0.05705341
0.59330606
0.056519933
0.8133516
0.80916446
0.47018108
0.2572673
0.58236414
0.58750206
0.5865443
0.19397521
0.91717577
0.29529452
0.038651682
0.30293384
0.1627404
0.3760684
0.26167738
0.045239974
0.04236245
0.64452064
0.4465985
0.6820797
0.6640264
0.39500776
0.0796539
0.7591945
0.17876738
0.302432
0.28225806
0.89302474
0.3524397
0.09552287
0.12016007
0.34900475
0.36729681
0.06987351
0.40020943
0.2405005
0.37316662
0.21488552
0.06305174
0.3067293
0.25980857
0.48202777
0.6432249
0.22948112
0.2043069
0.9308292
0.46139643
0.29009062
0.86150724
0.8857718
0.50241226
0.2785963
0.207868
0.63128257
0.45225233
0.09677339
0.009250631
0.8382117
0.54185206
0.17360917
0.24528404
0.13817577
0.08995511
0.37316662
0.37316662
0.50781125
0.37316662
0.37316662
0.37316662
0.59710777
0.17571373
0.0895588
0.42548773
0.68228793
0.5099404
0.30870324
0.3331003
0.37522894
0.5156281
0.11401981
0.7017591
0.38591626
0.48900044
0.27828133
0.25945318
0.3830866
0.1737786
0.20249492
0.23100245
0.15978195
0.39104098
0.50378156
0.52100456
0.056895863
0.0483365
0.66466093
0.47754782
0.30877715
0.3812472
0.22650291
0.72494125
0.1465514
0.56981635
0.18512285
0.0911152
0.20341231
0.13444102
0.71763813
0.0798671
0.23389257
0.25980857
0.35121468
0.36576313
0.30784684
0.46574798
0.52220744
0.60880035
0.7895569
0.18877931
0.30626243
0.4061022
0.5641701
0.13573404
0.64222807
0.6755463
0.103972465
0.13543774
0.13306943
0.33094752
0.17238525
0.72922295
0.22990121
0.2778691
0.18512285
0.1680717
0.35188827
0.20826548
0.40732974
0.255241
0.25613058
0.12106044
0.42922404
0.13296627
0.5593393
0.3344076
0.06775311
0.08243819
0.091857076
0.28881222
0.80179673
0.23052746
0.28066906
0.5738644
0.045484357
0.37574258
0.20541334
0.43863174
0.5216202
0.4245533
0.5189409
0.48050636
0.18003279
0.13380258
0.7408336
0.59126633
0.5374842
0.13223125
0.105543874
0.15030472
0.12674318
0.42109537
0.46868354
0.5795583
0.2758205
0.49234837
0.25821975
0.0432784
0.6009012
0.47367734
0.08746741
0.1406519
0.4859355
0.18163773
0.06757469
0.06986537
0.065352276
0.16556294
0.5482759
0.87918276
0.47031277
0.7914773
0.4683782
0.31365773
0.76742256
0.7421363
0.18512285
0.4087271
0.35199416
0.86435306
0.7005824
0.32330444
0.23217909
0.06918961
0.77543396
0.5069632
0.82895947
0.3634216
0.6068139
0.45012087
0.79690504
0.5272267
0.7959265
0.256175
0.57711893
0.7096052
0.4675798
0.700117
0.18447134
0.34244922
0.020490173
0.80179673
0.6941128
0.18347201
0.1321235
0.80179673
0.34316048
0.21908572
