0.16303356
0.5581609
0.012332119
0.42512092
0.6444048
0.87670654
0.85608524
0.8301096
0.84648204
0.8491802
0.10259942
0.171919
0.17947227
0.83485276
0.575316
0.5834757
0.8808314
0.40322676
0.2892103
0.6090839
0.7558915
0.5572918
0.9475418
0.5035329
0.83678037
0.69469905
0.8743946
0.8743946
0.092883795
0.5045761
0.27742594
0.27855572
0.33319485
0.06676792
0.47607678
0.16752805
0.300765
0.13042052
0.8296398
0.5116764
0.6157139
0.16973284
0.06090611
0.2740761
0.40199915
0.31927
0.5753998
0.82587355
0.23350237
0.5932417
0.41000748
0.07307647
0.3499487
0.86812586
0.71265674
0.14983316
0.14455146
0.54159105
0.4269368
0.12953177
0.85897285
0.6232864
0.80101424
0.80101424
0.30095953
0.30095953
0.43750307
0.5365253
0.78454417
0.22865991
0.4978231
0.4857662
0.5405211
0.1381076
0.69777405
0.32346046
0.13033307
0.7604291
0.33100328
0.26019594
0.8784305
0.6886679
0.8974504
0.751252
0.53179324
0.7382678
0.15477675
0.5464824
0.8764152
0.43986487
0.74386317
0.7043481
0.19219743
0.17636198
0.19825438
0.19825438
0.19825438
0.85446554
0.07079627
0.51889616
0.09692305
0.2089648
0.56719047
0.5241547
0.54199135
0.6130196
0.32396132
0.17225365
0.40477997
0.41010237
0.48953608
0.40385798
0.04536547
0.028814951
0.39610147
0.37844303
0.8551612
0.19161633
0.07605919
0.19607657
0.027220817
0.48363984
0.73098814
0.7966509
0.54979324
0.22614464
0.62778205
0.046447605
0.5547548
0.5316648
0.534198
0.70814604
0.39450744
0.5444775
0.72893125
0.7288487
0.48613435
0.06563711
0.47421142
0.68968046
0.03765738
0.582316
0.582316
0.57579243
0.32402247
0.7123962
0.16659892
0.7557777
0.8390214
0.10086231
0.07956253
0.722362
0.59367466
0.16485214
0.3215999
0.14143963
0.039828874
0.53854203
0.7168591
0.16512315
0.10196875
0.59450513
0.4232538
0.26657292
0.5910732
0.48585677
0.79083425
0.80112946
0.13194303
0.72195214
0.47810343
0.26031622
0.6671639
0.6671639
0.76858664
0.76606286
0.09237959
0.2829655
0.20902094
0.5501382
0.05078053
0.11206655
0.5468879
0.80005896
0.3344853
0.7857851
0.11609552
0.8590128
0.78454417
0.5653956
0.19907856
0.055824112
0.44939592
0.33160713
0.7163865
0.56923133
0.5434505
0.48935837
0.56448245
0.51889616
0.8400382
0.56050605
0.14516729
0.8672575
0.26087096
0.80766493
0.13446862
0.5764646
0.5563462
0.45732772
0.53183556
0.5541113
0.3429732
0.8655717
0.46834892
0.039919775
0.7662838
0.2444727
0.86990196
0.26523235
0.21260409
0.56752604
0.13354252
0.47328672
0.9206834
0.42175046
0.26500794
0.26423422
0.7795626
0.16577533
0.744878
0.3421244
0.33559886
0.058565233
0.6928016
0.6497003
0.80005896
0.8026635
0.01299746
0.08915099
0.5606029
0.590846
0.41695318
0.7797528
0.13937405
0.11278216
0.28383273
0.2920454
0.20933078
0.11047358
0.7327401
0.40069482
0.8424493
0.38947797
0.30409384
0.4566007
0.24130175
0.35781547
0.6179943
0.22193229
0.46996665
0.25635868
0.36557057
0.74294084
0.45820984
0.4059127
0.6016979
0.16550735
0.46698892
0.64767104
0.4377379
0.12961535
0.28390658
0.44682616
0.58827543
0.5373069
0.3781231
0.7584388
0.2699145
0.8655717
0.14441423
0.33466387
0.17162247
0.27355024
0.4193234
0.45585224
0.55157816
0.014709439
0.22391675
0.79588807
0.3068676
0.7964462
0.50439864
0.21168475
0.18711036
0.22551866
0.2272508
0.26366496
0.049155157
0.028814951
0.30357093
0.13850719
0.22385474
0.4077014
0.1686319
0.5648354
0.17733191
0.4521246
0.56773627
0.012281052
0.8045194
0.7694477
0.78454417
0.51401806
0.69106185
0.24985328
0.24662614
0.63209045
0.44534028
0.022731448
0.45292354
0.51889616
0.21458761
0.69145495
0.22156782
0.41778225
0.6174286
0.12272803
0.143197
0.3738768
0.09157898
0.46471837
0.40062875
0.38158956
0.41596115
0.09816949
0.7280962
0.7280962
0.5844643
0.55400705
0.9198178
0.6456
0.59809095
0.30666983
0.10892963
0.32672784
0.81442535
0.801443
0.4259754
0.727862
0.14146131
0.5919558
0.5073049
0.6795741
0.13014732
0.4524365
0.21736817
0.39211896
0.8663439
0.46073297
0.10515607
0.56762403
0.6807869
0.83741146
0.11369395
0.6616775
0.09896189
0.6759704
0.12367979
0.21195231
0.099910714
0.590962
0.5504437
0.8798847
0.21612017
0.66740316
0.66509813
0.87961626
0.3073477
0.8411354
0.44778743
0.41193238
0.7688982
0.21417776
0.5877711
0.06507609
0.7462411
0.45212844
0.20368685
0.7598683
0.091867946
0.8132739
0.41503683
0.20090635
0.5561885
0.5350429
0.5350429
0.8753209
0.67722046
0.7694477
0.34653765
0.4783974
0.49546295
0.64449406
0.37636897
0.3684767
0.46239015
0.2853868
0.7571699
0.39806056
0.55719954
0.843373
0.13015701
0.8330061
0.45447794
0.15206136
0.29261643
0.23208424
0.7449679
0.09118193
0.42554012
0.72296333
0.45900574
0.65736943
0.339213
0.20616134
0.07296254
0.36786368
0.38846874
0.147273
0.65653443
0.5857914
0.23787749
0.069983095
0.211176
0.30536905
0.1614115
0.70812464
0.8687438
0.3806605
0.19198036
0.78054494
0.3115529
0.7937601
0.44308987
0.63684595
0.40682527
0.41195732
0.6638417
0.7479143
0.27828556
0.16652107
0.10617538
0.7441411
0.43063673
0.054772943
0.88363194
0.74149173
0.29409948
0.057236023
0.39050218
0.39259037
0.04840156
0.076415315
0.31891173
0.408449
0.057519604
0.49859443
0.70221406
0.75372946
0.73778564
0.59788996
0.45731404
0.74014765
0.5106715
0.50218076
0.41566828
0.8226198
0.34786972
0.5702805
0.62189174
0.29084316
0.42790648
0.85511863
0.73100346
0.24755365
0.0860681
0.28432316
0.5477716
0.78454417
0.030269068
0.75179857
0.51889616
0.75987166
0.102708355
0.3627253
0.51197857
0.22790338
0.52457964
0.16666716
0.32048368
0.38363263
0.43378097
0.4021696
0.16648066
0.3534091
0.6377246
0.3401376
0.76255083
0.595913
0.679317
0.65695995
0.4511179
0.40237585
0.7914955
0.62407565
0.8200173
0.5293783
0.5219954
0.112432614
0.29024434
0.25703198
0.62496537
0.47549194
0.169137
0.7894087
0.7604253
0.19749972
0.6766485
0.56057096
0.23486368
0.115723185
0.44711447
0.65518796
0.8051939
0.22620401
0.15551116
0.017027028
0.27000505
0.566249
0.57918197
0.6548847
0.045522545
0.08187728
0.71978307
0.30755305
0.091950506
0.19550577
0.11845083
0.27552745
0.5393688
0.061820485
0.06458006
0.6533542
0.22769645
0.3154779
0.65296364
0.18860382
0.56092983
0.2975871
0.11303698
0.05020394
0.47052732
0.4598705
0.11385012
0.42173454
0.42525363
0.9213597
0.7822012
0.7231114
0.58829945
0.46525848
0.24801324
0.1516859
0.36221126
0.8468639
0.87096375
0.5794613
0.88433486
0.8463773
0.46381542
0.6570962
0.5589087
0.8071551
0.11936138
0.1534181
0.24437387
0.38042784
0.6514142
0.24891382
0.51889616
0.41159347
0.59860575
0.78454417
0.7933043
0.67869526
0.4935866
0.6118083
0.46637353
0.8878663
0.8955581
0.83145684
0.8687784
0.61934924
0.265798
0.6363625
0.6514895
0.77406067
0.50307196
0.11998195
0.12925553
0.27060416
0.14012711
0.024764754
0.72021055
0.60768604
0.08540071
0.6084521
0.697289
0.36600146
0.6082388
0.76580113
0.5505005
0.4931117
0.3794803
0.42764917
0.050320163
0.22640532
0.22010547
0.118665405
0.6446851
0.79589164
0.49207512
0.79661894
0.794116
0.8764041
0.8133269
0.20564124
0.6363038
0.29806548
0.6766454
0.07572698
0.27788845
0.04530923
0.8196579
0.083265
0.30548126
0.6399213
0.13389659
0.52498674
0.079981826
0.29676926
0.27580687
0.7355945
0.80946696
0.20432355
0.58521354
0.11938003
0.8650527
0.23374844
0.8200145
0.8157677
0.5762569
0.23330882
0.059159975
0.43697688
0.33313975
0.25305307
0.84386885
0.46950567
0.751954
0.65117
0.1590565
0.045370124
0.6160922
0.6800201
0.49362192
0.42614797
0.07246
0.07949887
0.15852581
0.090074725
0.54437286
0.6573079
0.10906903
0.4947461
0.121669725
0.1475605
0.57634515
0.7071361
0.6981975
0.2841335
0.10035362
0.8564161
0.080267124
0.89599794
0.6333387
0.5028103
0.60377204
0.17865506
0.6297398
0.86358917
0.51889616
0.46324193
0.256101
0.3587883
0.65207267
0.16492215
0.39537188
0.88560677
0.8213293
0.78454417
0.29635236
0.21468402
0.36600637
0.28063953
0.721323
0.13497464
0.63050026
0.30939642
0.4828462
0.16025348
0.11582909
0.17670658
0.39630145
0.4454116
0.72595406
0.6867541
0.923976
0.20042707
0.38569975
0.62517345
0.08505025
0.4272318
0.12062081
0.11093658
0.09949762
0.668185
0.43074867
0.7700195
0.14902906
0.741728
0.22368844
0.33918646
0.023188343
0.24395819
0.04840623
0.08957065
0.04710316
0.7210131
0.10089538
0.052322056
0.41990948
0.8045723
0.011592237
0.44563073
0.078766316
0.47065845
0.4156855
0.10970977
0.86603725
0.14233945
0.413041
0.37922177
0.5683025
0.33986703
0.6663807
0.40059522
0.20975603
0.7899326
0.61641616
0.7561833
0.49858168
0.1225279
0.4130243
0.41431764
0.4896941
0.2915654
0.22928022
0.033299986
0.44318426
0.3228797
0.24781936
0.11483306
0.32407144
0.44995275
0.4563617
0.3183993
0.22802334
0.13765697
0.17634779
0.39058378
0.07118311
0.5391913
0.24616694
0.15279935
0.51889616
0.098557815
0.19901122
0.20182288
0.22096142
0.726375
0.6993065
0.10267466
0.384037
0.4151021
0.431096
0.31122938
0.3259519
0.31122938
0.32867935
0.31122938
0.6970489
0.22706005
0.05504326
0.6034253
0.13276564
0.08645631
0.6271918
0.78454417
0.87501603
0.4767241
0.9054016
0.78768045
0.4647702
0.23142512
0.030622782
0.17906377
0.22237912
0.90246326
0.412333
0.7878392
0.25344953
0.41180885
0.5443952
0.7949764
0.08969541
0.54810435
0.3169918
0.32580024
0.6755318
0.41154787
0.2173901
0.26716074
0.6978754
0.52911687
0.32449722
0.48017985
0.4443645
0.19203308
0.22437024
0.13056895
0.54537994
0.51852983
0.20894669
0.20640984
0.56666976
0.82544637
0.49019507
0.17576113
0.87613034
0.12498517
0.21230638
0.8604023
0.89725614
0.0741235
0.6590827
0.33040616
0.5173701
0.15469928
0.7999253
0.77920055
0.6648721
0.4983927
0.4828462
0.71489936
0.62561804
0.10188906
0.712193
0.17561391
0.12475918
0.45428717
0.26823357
0.37490273
0.37876615
0.37876615
0.03690867
0.4728427
0.45561048
0.05539387
0.33908102
0.084349334
0.60073686
0.2582626
0.29656076
0.09155172
0.21723066
0.1579296
0.756532
0.17015827
0.69704837
0.52548575
0.3653695
0.18427885
0.66751295
0.68080974
0.21518822
0.2709629
0.14205216
0.51147985
0.51889616
0.57542366
0.23335087
0.2074144
0.096666075
0.6477044
0.42098922
0.62468976
0.16610475
0.66211456
0.1921963
0.0915881
0.73382294
0.594249
0.6234154
0.7103019
0.65966517
0.8272324
0.019200208
0.09669752
0.06973971
0.58672154
0.78454417
0.11254952
0.028049035
0.05987105
0.4717839
0.7187931
0.23982784
0.09950421
0.13037223
0.59660625
0.28570578
0.32019565
0.034544777
0.54994315
0.60341
0.14499627
0.5250076
0.3854115
0.44578993
0.44446433
0.27156878
0.15468735
0.6128783
0.28663293
0.8380693
0.49531037
0.8959081
0.11284608
0.30754563
0.33081278
0.58894277
0.10383075
0.1980505
0.14387278
0.4961204
0.5324205
0.5759212
0.57719886
0.8449355
0.5172811
0.048343264
0.8369766
0.690033
0.5007509
0.6913893
0.30912596
0.07564815
0.5642651
0.80964047
0.81247216
0.6717343
0.51889616
0.7685435
0.23746163
0.25324336
0.46709922
0.034228515
0.6218709
0.6284491
0.80684024
0.13144849
0.5935259
0.9095221
0.33370602
0.70042074
0.4313889
0.24469973
0.17803906
