(QUERY): 'HIJAB' '07'
Negative Neutral Positive
0.09342329949140549 0.834183394908905 0.07239333540201187 
0.027787424623966217 0.3399972915649414 0.6322152614593506 
0.8963426351547241 0.09584744274616241 0.007809976581484079 
0.0013852919219061732 0.03085140883922577 0.9677633047103882 
0.45733994245529175 0.4118960201740265 0.13076400756835938 
0.7801526784896851 0.21053753793239594 0.009309782646596432 
0.0014956974191591144 0.04755352437496185 0.9509508013725281 
0.8524582982063293 0.14146661758422852 0.006075140554457903 
0.3753304183483124 0.5171728134155273 0.10749680548906326 
0.5842821598052979 0.39283010363578796 0.02288772352039814 
0.31010371446609497 0.6438696384429932 0.04602668434381485 
0.6553341746330261 0.31934455037117004 0.02532128058373928 
0.8832172155380249 0.10985171049833298 0.00693111214786768 
0.22068195044994354 0.538394033908844 0.24092401564121246 
0.01664283312857151 0.3422344923019409 0.6411226987838745 
0.10307476669549942 0.46293774247169495 0.43398746848106384 
0.4618782103061676 0.45080167055130005 0.08732015639543533 
0.035447850823402405 0.8745770454406738 0.08997508883476257 
0.23555953800678253 0.6109506487846375 0.1534898579120636 
0.30082181096076965 0.6576995849609375 0.041478678584098816 
0.3295508921146393 0.5430483818054199 0.12740068137645721 
0.8555828332901001 0.13458092510700226 0.009836292825639248 
0.597703754901886 0.34066131711006165 0.06163493171334267 
0.07056883722543716 0.4473355710506439 0.4820955991744995 
0.0012911476660519838 0.01458712387830019 0.9841216802597046 
0.8978008031845093 0.09813588112592697 0.004063357133418322 
0.14453208446502686 0.7845441699028015 0.07092384994029999 
0.2027500420808792 0.6839544773101807 0.11329541355371475 
0.44168582558631897 0.5379421710968018 0.02037198096513748 
0.004647847265005112 0.36813196539878845 0.6272201538085938 
0.006675065495073795 0.7412652373313904 0.2520597279071808 
0.0066368961706757545 0.3199692368507385 0.6733939051628113 
0.0019085678504779935 0.025363557040691376 0.97272789478302 
0.35058343410491943 0.5972201824188232 0.05219638720154762 
0.5897867679595947 0.3830662965774536 0.027146946638822556 
0.6493756771087646 0.33389952778816223 0.0167248398065567 
0.015050719492137432 0.5448877811431885 0.44006145000457764 
0.0056448038667440414 0.2187080830335617 0.7756471037864685 
0.046763207763433456 0.9093409180641174 0.043895985931158066 
0.5193193554878235 0.4712960720062256 0.009384611621499062 
0.5947959423065186 0.38393518328666687 0.02126886509358883 
0.0014304901706054807 0.039807677268981934 0.9587618112564087 
0.3823243975639343 0.5694778561592102 0.04819774627685547 
0.3870271146297455 0.5892300605773926 0.02374284528195858 
0.0013852919219061732 0.03085140883922577 0.9677633047103882 
0.14453208446502686 0.7845441699028015 0.07092384994029999 
0.07366418838500977 0.8179542422294617 0.10838165879249573 
0.9496471881866455 0.04745136946439743 0.002901371568441391 
0.9026089906692505 0.09128361195325851 0.006107293535023928 
0.41540396213531494 0.5627685189247131 0.021827509626746178 
0.1890789270401001 0.6867818832397461 0.12413923442363739 
0.03154461830854416 0.5140265226364136 0.45442888140678406 
0.5855916738510132 0.3966297507286072 0.017778612673282623 
0.24546745419502258 0.686883270740509 0.06764926016330719 
0.16718395054340363 0.6655042767524719 0.16731178760528564 
0.05951014906167984 0.873047411441803 0.0674424022436142 
0.1373888999223709 0.8346970677375793 0.02791409380733967 
0.7844468355178833 0.20480933785438538 0.010743718594312668 
0.07855377346277237 0.7341727018356323 0.1872735619544983 
0.14453208446502686 0.7845441699028015 0.07092384994029999 
0.11122238636016846 0.8446721434593201 0.04410548135638237 
0.6175485849380493 0.3562420606613159 0.0262093935161829 
0.5627225637435913 0.3970854878425598 0.0401918888092041 
0.03661040961742401 0.26358500123023987 0.6998046040534973 
0.006239892914891243 0.3261123597621918 0.6676477193832397 
0.0070134904235601425 0.22081175446510315 0.7721747756004333 
0.003993783611804247 0.298672080039978 0.6973341703414917 
0.017837056890130043 0.4301569163799286 0.5520060062408447 
0.6319088339805603 0.32652267813682556 0.04156848415732384 
0.007280481979250908 0.18357986211776733 0.8091396689414978 
0.008367457427084446 0.33269715309143066 0.6589353680610657 
0.12400906533002853 0.8049960136413574 0.07099492847919464 
0.007165215443819761 0.2553832530975342 0.7374514937400818 
0.41716063022613525 0.555291473865509 0.02754795365035534 
0.008367457427084446 0.33269715309143066 0.6589353680610657 
0.18719078600406647 0.7786849141120911 0.034124311059713364 
0.7640501260757446 0.2186136394739151 0.017336230725049973 
0.018972134217619896 0.8647918701171875 0.11623606085777283 
0.016000263392925262 0.8708257675170898 0.11317389458417892 
0.016700830310583115 0.8731364607810974 0.11016274988651276 
0.00223844894208014 0.17505645751953125 0.822705090045929 
0.6539801955223083 0.3336881697177887 0.0123316440731287 
0.33772939443588257 0.5318892598152161 0.13038137555122375 
0.8493384122848511 0.14521200954914093 0.0054496703669428825 
0.07618691772222519 0.2894095778465271 0.6344034671783447 
0.014245299622416496 0.7471029162406921 0.2386518120765686 
0.04491768032312393 0.8936709761619568 0.061411336064338684 
0.0010314697865396738 0.038571108132600784 0.960397481918335 
0.006581174209713936 0.3193593919277191 0.6740594506263733 
0.4118778705596924 0.5209586024284363 0.06716354191303253 
0.11072300374507904 0.7069975733757019 0.18227948248386383 
0.732611894607544 0.2555595636367798 0.011828538030385971 
0.32761621475219727 0.6398510336875916 0.03253280371427536 
0.02246870845556259 0.6950386762619019 0.28249257802963257 
0.06372062116861343 0.8832077383995056 0.05307164788246155 
0.07619570195674896 0.6210879683494568 0.30271634459495544 
0.8092634677886963 0.18230633437633514 0.008430225774645805 
0.764383852481842 0.22011375427246094 0.015502458438277245 
0.1288345456123352 0.8345625400543213 0.036602891981601715 
0.040141213685274124 0.325655460357666 0.634203314781189 
0.007665854878723621 0.3785874545574188 0.613746702671051 
0.0007773323450237513 0.04147396236658096 0.9577487111091614 
0.003653343301266432 0.522463321685791 0.4738833010196686 
0.06577643752098083 0.5037527084350586 0.43047085404396057 
0.07427671551704407 0.6366668343544006 0.2890564799308777 
0.842727541923523 0.15118858218193054 0.006083824206143618 
0.14453208446502686 0.7845441699028015 0.07092384994029999 
0.13870781660079956 0.8150302767753601 0.04626183584332466 
0.07372622936964035 0.8661056160926819 0.060168225318193436 
0.0013852919219061732 0.03085140883922577 0.9677633047103882 
0.9034134745597839 0.09305987507104874 0.0035265835467725992 
0.15001948177814484 0.7198355793952942 0.1301449090242386 
0.001573306741192937 0.08725891262292862 0.9111678004264832 
0.14453208446502686 0.7845441699028015 0.07092384994029999 
0.11851763725280762 0.5060902833938599 0.37539204955101013 
0.03018306754529476 0.900903582572937 0.06891340762376785 
0.03018306754529476 0.900903582572937 0.06891340762376785 
0.2550744414329529 0.7146576642990112 0.030267883092164993 
0.17884622514247894 0.755756676197052 0.06539713591337204 
0.3222050070762634 0.6339267492294312 0.04386819899082184 
0.7412393093109131 0.2493087202310562 0.009451957419514656 
0.10558533668518066 0.47624263167381287 0.41817203164100647 
0.25955870747566223 0.6339398622512817 0.10650143027305603 
0.5449501276016235 0.3677676022052765 0.08728226274251938 
0.017504900693893433 0.45069608092308044 0.5317990779876709 
0.0011273284908384085 0.056615620851516724 0.9422570466995239 
0.016847675666213036 0.7638562917709351 0.21929600834846497 
0.0011327224783599377 0.008418754674494267 0.990448534488678 
0.24586503207683563 0.721371054649353 0.03276395425200462 
0.12161295115947723 0.8524026870727539 0.025984380394220352 
0.06503666937351227 0.8968283534049988 0.03813496604561806 
0.07474377751350403 0.589944064617157 0.3353121876716614 
0.0013071655994281173 0.008174430578947067 0.9905183911323547 
0.6037397384643555 0.3700534999370575 0.02620675601065159 
0.7638752460479736 0.22724376618862152 0.008880979381501675 
0.0013852919219061732 0.03085140883922577 0.9677633047103882 
0.17530125379562378 0.7718774080276489 0.05282129719853401 
0.8801960349082947 0.11311128735542297 0.006692749448120594 
0.8744416832923889 0.12064690887928009 0.004911393392831087 
0.2544505000114441 0.7080135345458984 0.03753599524497986 
0.8218920230865479 0.16314145922660828 0.014966466464102268 
0.2672880291938782 0.7027709484100342 0.0299410168081522 
0.2792787551879883 0.6683544516563416 0.052366822957992554 
0.026930317282676697 0.8901798725128174 0.08288976550102234 
0.039207812398672104 0.8851072192192078 0.07568495720624924 
0.039207812398672104 0.8851072192192078 0.07568495720624924 
0.0010990831069648266 0.030061637982726097 0.9688392877578735 
0.7171440720558167 0.27078089118003845 0.012075013481080532 
0.239057257771492 0.7216287851333618 0.03931399807333946 
0.12027844041585922 0.7596908211708069 0.12003069370985031 
0.0016582937678322196 0.030384568497538567 0.9679571390151978 
0.0018864463781937957 0.09968741238117218 0.8984261751174927 
0.6928552389144897 0.28230467438697815 0.024840129539370537 
0.025738749653100967 0.6331472396850586 0.34111401438713074 
0.4485446512699127 0.5363352298736572 0.015120122581720352 
0.0015261772787198424 0.05521397292613983 0.9432598352432251 
0.4118821620941162 0.5453106164932251 0.04280724748969078 
0.000949046341702342 0.03797879070043564 0.9610722064971924 
0.001719602500088513 0.09427609294652939 0.9040043354034424 
0.5941707491874695 0.3912944495677948 0.01453483197838068 
0.0010667057940736413 0.04329361021518707 0.955639660358429 
0.0014277964364737272 0.06730546802282333 0.9312667846679688 
0.0010667057940736413 0.04329361021518707 0.955639660358429 
0.0014580003917217255 0.08334459364414215 0.9151974320411682 
0.0010408650850877166 0.02675946243107319 0.9721996188163757 
0.020463870838284492 0.11278592795133591 0.8667502403259277 
0.0015806483570486307 0.08116769045591354 0.917251706123352 
0.0009816668462008238 0.0484192781150341 0.9505990743637085 
0.0010278734844177961 0.03707175329327583 0.9619003534317017 
0.050467077642679214 0.5071307420730591 0.4424021244049072 
0.00665633287280798 0.16765806078910828 0.8256855607032776 
0.0011144049931317568 0.04425838589668274 0.9546272158622742 
0.0010721245780587196 0.04597357660531998 0.9529542922973633 
0.0017997358227148652 0.06370018422603607 0.9345000386238098 
0.0007661479758098722 0.02313965931534767 0.9760941863059998 
0.0009628271800465882 0.03005150333046913 0.9689856767654419 
0.003610804444178939 0.15829668939113617 0.8380925059318542 
0.000871751515660435 0.04446130245923996 0.9546669721603394 
0.0009939209558069706 0.033773601055145264 0.9652324914932251 
0.0010143243707716465 0.03175685554742813 0.9672287702560425 
0.04238986223936081 0.5028241872787476 0.45478594303131104 
0.001518470118753612 0.08926369249820709 0.9092177748680115 
0.7980905175209045 0.19387423992156982 0.00803526584059 
0.0019537892658263445 0.12006431072950363 0.8779819011688232 
0.042928408831357956 0.8849679827690125 0.07210366427898407 
0.001234355615451932 0.030442213639616966 0.9683234095573425 
0.001262748846784234 0.07120421528816223 0.9275330305099487 
0.0008898259839043021 0.025108695030212402 0.9740014672279358 
0.0024637801107019186 0.08131115883588791 0.916225016117096 
0.0012409534538164735 0.045536357909440994 0.9532227516174316 
0.0010207592276856303 0.02935650944709778 0.969622790813446 
0.06781825423240662 0.8705101013183594 0.06167164072394371 
0.002630612812936306 0.278413325548172 0.7189560532569885 
0.0013916861498728395 0.0674993246793747 0.9311090111732483 
0.0009185821982100606 0.03428036719560623 0.964801013469696 
0.046020347625017166 0.7226305603981018 0.23134905099868774 
0.001200693310238421 0.03627622872591019 0.9625230431556702 
0.0013487199321389198 0.04849875718355179 0.950152575969696 
0.0009981354232877493 0.030768215656280518 0.9682336449623108 
0.050589874386787415 0.87960284948349 0.06980729848146439 
0.001299083698540926 0.03552064672112465 0.9631803035736084 
0.7790156602859497 0.2144455462694168 0.006538789719343185 
0.7808980345726013 0.2126062959432602 0.006495649926364422 
0.004893359262496233 0.15296076238155365 0.8421458601951599 
0.5389204025268555 0.4357891380786896 0.02529040351510048 
0.724835991859436 0.2542520761489868 0.020911889150738716 
0.6062722206115723 0.37924161553382874 0.014486156404018402 
0.6232171654701233 0.34429654479026794 0.03248623386025429 
0.0011880263919010758 0.025089627131819725 0.9737223386764526 
0.017240282148122787 0.5407121181488037 0.4420475363731384 
0.03160359337925911 0.8953555226325989 0.0730409249663353 
0.5435935258865356 0.39127740263938904 0.06512904912233353 
0.05613464117050171 0.8743624687194824 0.06950295716524124 
0.043770693242549896 0.8938474059104919 0.06238183006644249 
0.005058212671428919 0.4102453291416168 0.5846964716911316 
0.0018600363982841372 0.09331861138343811 0.9048213958740234 
0.8283822536468506 0.16206087172031403 0.009556883946061134 
0.033277466893196106 0.8562085032463074 0.11051405966281891 
0.026846302673220634 0.8849867582321167 0.08816689252853394 
0.7154077887535095 0.26754432916641235 0.017047829926013947 
0.6126855611801147 0.36630702018737793 0.021007433533668518 
0.4242318272590637 0.5573228001594543 0.01844533532857895 
0.2445560097694397 0.719366729259491 0.03607732430100441 
0.8931301832199097 0.10079924017190933 0.006070617586374283 
0.0013852919219061732 0.03085140883922577 0.9677633047103882 
0.29005882143974304 0.6822684407234192 0.02767276018857956 
0.014630923047661781 0.13792970776557922 0.8474393486976624 
0.8837043642997742 0.10890869796276093 0.007386921904981136 
0.1543901413679123 0.8154232501983643 0.03018651157617569 
0.6196476817131042 0.3609040081501007 0.019448328763246536 
0.7069151401519775 0.27293094992637634 0.020153909921646118 
0.016313405707478523 0.5917801856994629 0.3919064402580261 
0.008095704950392246 0.17836371064186096 0.8135405778884888 
0.0017533781938254833 0.04990088939666748 0.9483457207679749 
0.18537040054798126 0.5271192789077759 0.28751033544540405 
0.5189195275306702 0.46043720841407776 0.020643219351768494 
0.14453208446502686 0.7845441699028015 0.07092384994029999 
0.0010877408785745502 0.03369716927409172 0.9652150869369507 
0.0017013634787872434 0.062460269778966904 0.9358383417129517 
0.004783936310559511 0.1522299349308014 0.8429861068725586 
0.0012164568761363626 0.06442036479711533 0.9343631863594055 
0.674639105796814 0.3107759654521942 0.014584936201572418 
0.02280936948955059 0.6055997610092163 0.37159085273742676 
0.8823300004005432 0.11164114624261856 0.006028851494193077 
0.17571589350700378 0.740319013595581 0.08396504819393158 
0.02920367196202278 0.7624996900558472 0.20829671621322632 
0.15260767936706543 0.7865308523178101 0.060861390084028244 
0.5405756831169128 0.4178374111652374 0.041586920619010925 
0.0011689466191455722 0.0703258067369461 0.9285053014755249 
0.573577344417572 0.4027378261089325 0.02368488907814026 
0.20374393463134766 0.691758394241333 0.10449766367673874 
0.525477945804596 0.45272916555404663 0.021792858839035034 
0.02318071760237217 0.8386765718460083 0.13814271986484528 
0.8420989513397217 0.1489591747522354 0.008941900916397572 
0.08984541893005371 0.8669480085372925 0.04320664703845978 
0.5812619924545288 0.40346693992614746 0.015271083451807499 
0.14453208446502686 0.7845441699028015 0.07092384994029999 
0.006163802929222584 0.33307868242263794 0.6607575416564941 
0.495949387550354 0.4727400243282318 0.031310614198446274 
0.004464465193450451 0.27811622619628906 0.7174193263053894 
0.6061767339706421 0.37977272272109985 0.014050593599677086 
0.6061767339706421 0.37977272272109985 0.014050593599677086 
0.00813453271985054 0.22921377420425415 0.7626517415046692 
0.005614772904664278 0.33879727125167847 0.655587911605835 
0.5544523596763611 0.43043798208236694 0.015109621919691563 
0.47652143239974976 0.45064041018486023 0.07283822447061539 
0.005470070522278547 0.3281417787075043 0.6663880944252014 
0.020686674863100052 0.6030595898628235 0.37625378370285034 
0.7340006828308105 0.25427207350730896 0.011727327480912209 
0.004435136914253235 0.2993161082267761 0.6962487697601318 
0.0013852919219061732 0.03085140883922577 0.9677633047103882 
0.5505924224853516 0.43538910150527954 0.014018500223755836 
0.0062152789905667305 0.3155716061592102 0.6782131195068359 
0.9190391302108765 0.07516324520111084 0.00579757010564208 
0.48977652192115784 0.44285520911216736 0.06736826151609421 
0.3892943561077118 0.5820851922035217 0.028620418161153793 
0.4585857689380646 0.5210488438606262 0.020365305244922638 
0.0057035586796700954 0.3298315703868866 0.6644648909568787 
0.005904488731175661 0.30491456389427185 0.6891809105873108 
0.744096577167511 0.2433622032403946 0.01254119724035263 
0.4565339684486389 0.507573664188385 0.03589237481355667 
0.006101152393966913 0.31195294857025146 0.6819459199905396 
0.5779817700386047 0.38301071524620056 0.03900748863816261 
0.004999387077987194 0.29116666316986084 0.7038339376449585 
0.15065161883831024 0.8109561204910278 0.03839219734072685 
0.1405714750289917 0.831636369228363 0.02779216691851616 
0.6746996641159058 0.3058117628097534 0.01948852837085724 
0.6635809540748596 0.315406858921051 0.02101222239434719 
0.5734201669692993 0.4120952785015106 0.01448456197977066 
0.0328010730445385 0.615833580493927 0.3513653874397278 
0.47393858432769775 0.4952230453491211 0.030838314443826675 
0.17113950848579407 0.7410542964935303 0.08780616521835327 
0.15319351851940155 0.758323073387146 0.08848339319229126 
0.0746229961514473 0.6046509742736816 0.3207260072231293 
0.27527186274528503 0.6588776111602783 0.06585056334733963 
0.1273185759782791 0.6606821417808533 0.21199926733970642 
0.21642062067985535 0.7579939961433411 0.025585370138287544 
0.11122238636016846 0.8446721434593201 0.04410548135638237 
0.10048471391201019 0.23994404077529907 0.6595712304115295 
0.311825156211853 0.6529605984687805 0.03521416708827019 
0.7046208381652832 0.27960309386253357 0.015776043757796288 
0.664409339427948 0.3147399127483368 0.020850736647844315 
0.5710861682891846 0.3610773980617523 0.06783638894557953 
0.7997939586639404 0.19254399836063385 0.007662034593522549 
0.777286946773529 0.2070002555847168 0.015712805092334747 
0.04628191888332367 0.851479709148407 0.10223838686943054 
0.9268029928207397 0.06599193066358566 0.007205073721706867 
0.6074804067611694 0.37050312757492065 0.022016465663909912 
0.457116037607193 0.5092864632606506 0.03359745442867279 
0.0013852919219061732 0.03085140883922577 0.9677633047103882 
0.7646569609642029 0.22127214074134827 0.014070923440158367 
0.08747094124555588 0.34986427426338196 0.562664806842804 
0.0017300311010330915 0.04317842796444893 0.9550915360450745 
0.914225161075592 0.07557861506938934 0.010196242481470108 
0.9546429514884949 0.04192957654595375 0.0034274710342288017 
0.4726357161998749 0.4632596969604492 0.06410462409257889 
0.6507530212402344 0.3292893171310425 0.019957678392529488 
0.23513683676719666 0.694222092628479 0.07064100354909897 
0.08553574234247208 0.4121418595314026 0.5023223757743835 
0.8477356433868408 0.1465720683336258 0.00569231528788805 
0.19399133324623108 0.5612875819206238 0.24472104012966156 
0.5239027142524719 0.4637845456600189 0.012312706559896469 
0.6252217888832092 0.3533850908279419 0.021393073722720146 
0.6628062129020691 0.3271510601043701 0.010042733512818813 
0.0037602847442030907 0.18958069384098053 0.8066589832305908 
0.9595674872398376 0.036860305815935135 0.003572275396436453 
0.6903497576713562 0.2948886454105377 0.014761633239686489 
0.42163708806037903 0.5542018413543701 0.024161070585250854 
0.712694525718689 0.2662881016731262 0.021017370745539665 
0.007141124922782183 0.2919803261756897 0.7008785605430603 
0.08103911578655243 0.5071004629135132 0.41186046600341797 
0.0026470874436199665 0.06386410444974899 0.9334888458251953 
0.2798224985599518 0.49653199315071106 0.22364553809165955 
0.3628929555416107 0.6106050610542297 0.02650206908583641 
0.6116549372673035 0.36955347657203674 0.01879158429801464 
0.16250213980674744 0.7950410842895508 0.04245685040950775 
0.47231388092041016 0.4994359314441681 0.02825012616813183 
0.5225978493690491 0.44920283555984497 0.028199385851621628 
0.006339432206004858 0.24515753984451294 0.7485030293464661 
0.940399706363678 0.0559612512588501 0.0036390440072864294 
0.24414454400539398 0.7190940976142883 0.03676127642393112 
0.3232005536556244 0.6485621929168701 0.028237218037247658 
0.8887791037559509 0.10581065714359283 0.005410314071923494 
0.902255117893219 0.08968894928693771 0.008055893704295158 
0.6938337087631226 0.295900821685791 0.010265498422086239 
0.8430485725402832 0.14337843656539917 0.013572986237704754 
0.6448336243629456 0.34474697709083557 0.010419340804219246 
0.007180055603384972 0.7233478426933289 0.26947203278541565 
0.9268108010292053 0.06918539851903915 0.004003893118351698 
0.26317328214645386 0.712598979473114 0.02422776259481907 
0.9092483520507812 0.08523937314748764 0.00551234045997262 
0.7420346736907959 0.2451910823583603 0.012774196453392506 
0.8832688927650452 0.10947616398334503 0.007254915777593851 
0.8554954528808594 0.1346404105424881 0.00986408069729805 
0.6578623652458191 0.3151169717311859 0.027020640671253204 
0.11259960383176804 0.7996206879615784 0.087779700756073 
0.5999048948287964 0.37076348066329956 0.029331648722290993 
0.7172055840492249 0.26611271500587463 0.016681669279932976 
0.07105466723442078 0.8532068729400635 0.07573851197957993 
0.0013852919219061732 0.03085140883922577 0.9677633047103882 
0.7321839928627014 0.2535316050052643 0.0142844058573246 
0.9357719421386719 0.06046672910451889 0.003761331783607602 
0.29259005188941956 0.6503965854644775 0.057013314217329025 
0.7127049565315247 0.27347108721733093 0.01382392831146717 
0.0010793624678626657 0.047992609441280365 0.9509280323982239 
0.8937111496925354 0.09858351945877075 0.007705277763307095 
0.6841195821762085 0.29770928621292114 0.018171189352869987 
0.9128460884094238 0.08020375669002533 0.006950256880372763 
0.661811888217926 0.3180462121963501 0.020141923800110817 
0.7889590859413147 0.19771625101566315 0.013324709609150887 
0.068968266248703 0.8929877281188965 0.03804396465420723 
0.012090794742107391 0.8408206105232239 0.1470886766910553 
0.8487298488616943 0.14397351443767548 0.007296666502952576 
0.7518994212150574 0.23569878935813904 0.012401796877384186 
0.8006914854049683 0.1895817071199417 0.009726796299219131 
0.007958995178341866 0.18985013663768768 0.802190899848938 
0.8172748684883118 0.1721668392419815 0.010558308102190495 
0.9604882001876831 0.03737183287739754 0.0021400414407253265 
0.16544295847415924 0.6892029643058777 0.1453539878129959 
0.020925920456647873 0.6811314225196838 0.2979426681995392 
0.5476264953613281 0.4165315330028534 0.03584197536110878 
0.3082706928253174 0.6535449028015137 0.03818437084555626 
0.18719078600406647 0.7786849141120911 0.034124311059713364 
0.8836460113525391 0.11065100878477097 0.005702962167561054 
0.5111652612686157 0.4750308692455292 0.013803903013467789 
0.7836403250694275 0.20786568522453308 0.008493992500007153 
0.6995447278022766 0.2632257044315338 0.037229541689157486 
0.6149799227714539 0.3425571322441101 0.04246293380856514 
0.40505915880203247 0.5788092017173767 0.016131650656461716 
0.17276766896247864 0.769488513469696 0.05774388089776039 
0.9264986515045166 0.06932678818702698 0.0041746231727302074 
0.9456166625022888 0.05028751492500305 0.004095840267837048 
0.8794419169425964 0.1120959147810936 0.00846219714730978 
0.8427225947380066 0.14973630011081696 0.007541158702224493 
0.6769778728485107 0.2913254499435425 0.03169669955968857 
0.9270946979522705 0.06948681175708771 0.0034184877295047045 
0.7047547698020935 0.278010755777359 0.017234453931450844 
0.7300806641578674 0.25836434960365295 0.011554931290447712 
0.14453208446502686 0.7845441699028015 0.07092384994029999 
0.7477497458457947 0.22952091693878174 0.022729268297553062 
0.9060220122337341 0.08845511823892593 0.005522804334759712 
0.9365116953849792 0.05922141298651695 0.0042669386602938175 
0.6746310591697693 0.31029948592185974 0.015069465152919292 
0.001473507029004395 0.05080034211277962 0.9477260708808899 
0.6401581764221191 0.3233109712600708 0.03653082996606827 
0.014321912080049515 0.2441217303276062 0.7415563464164734 
0.6497640609741211 0.3267710208892822 0.023464877158403397 
0.19056043028831482 0.7584389448165894 0.05100058764219284 
0.5256309509277344 0.43760988116264343 0.03675919771194458 
0.7425165176391602 0.24158962070941925 0.015893861651420593 
0.6421772241592407 0.3250653147697449 0.03275744244456291 
0.14085710048675537 0.8325557112693787 0.026587245985865593 
0.41850417852401733 0.5630794167518616 0.01841641031205654 
0.0751679316163063 0.8489811420440674 0.07585092633962631 
0.20623953640460968 0.7337043285369873 0.060056112706661224 
0.7572274208068848 0.23281307518482208 0.009959515184164047 
0.001782336039468646 0.10347449034452438 0.8947431445121765 
0.6764013767242432 0.3073565363883972 0.016242163255810738 
0.7643505930900574 0.22394388914108276 0.0117055494338274 
0.8801117539405823 0.11481565982103348 0.005072610918432474 
0.7320429086685181 0.2513059377670288 0.01665111631155014 
0.25931844115257263 0.6751223206520081 0.06555920094251633 
0.36638981103897095 0.6059802174568176 0.027629999443888664 
0.11799632012844086 0.7378381490707397 0.1441655457019806 
0.38539692759513855 0.5576591491699219 0.05694393813610077 
0.829957902431488 0.16307523846626282 0.006966836284846067 
0.6711940765380859 0.3160618543624878 0.012744051404297352 
0.5629711747169495 0.42078453302383423 0.016244275495409966 
0.7300505042076111 0.25964462757110596 0.010304796509444714 
0.33019372820854187 0.5657914280891418 0.1040148138999939 
0.7763411402702332 0.21699456870555878 0.00666431849822402 
0.6601952314376831 0.31460756063461304 0.025197187438607216 
0.21527230739593506 0.727435827255249 0.057291869074106216 
0.3566189110279083 0.5313403606414795 0.11204073578119278 
0.9271377325057983 0.06718498468399048 0.005677286069840193 
0.7691897749900818 0.21537922322750092 0.015430992469191551 
0.7607804536819458 0.2219000905752182 0.01731942966580391 
0.8097921013832092 0.17404869198799133 0.016159260645508766 
0.7591215968132019 0.22265249490737915 0.018225938081741333 
0.6935941576957703 0.2890889346599579 0.017316948622465134 
0.868882417678833 0.12547294795513153 0.005644639488309622 
0.062471210956573486 0.7281191349029541 0.2094096541404724 
0.10500545054674149 0.8289346098899841 0.06605994701385498 
0.9667462706565857 0.0307945366948843 0.0024591831024736166 
0.21527230739593506 0.727435827255249 0.057291869074106216 
0.49376004934310913 0.4085491895675659 0.09769076853990555 
0.736609697341919 0.25235429406166077 0.011035965755581856 
0.007020432967692614 0.2687836289405823 0.7241959571838379 
0.8042487502098083 0.18391554057598114 0.011835746467113495 
0.9075490236282349 0.08626346290111542 0.006187465041875839 
0.8934191465377808 0.09989992529153824 0.006680980324745178 
0.633357584476471 0.35221537947654724 0.014426984824240208 
0.8301898837089539 0.15803879499435425 0.011771401390433311 
0.029186179861426353 0.7718124985694885 0.1990012675523758 
0.04551495239138603 0.9119797945022583 0.04250532388687134 
0.8534987568855286 0.1379513144493103 0.008549956604838371 
0.9257745742797852 0.0688454657793045 0.005380008835345507 
0.962141215801239 0.03533601760864258 0.002522767288610339 
0.0238798838108778 0.15544813871383667 0.8206719160079956 
0.9081510901451111 0.08567383140325546 0.006175031885504723 
0.7504862546920776 0.24213223159313202 0.007381551433354616 
0.8153505921363831 0.17472101747989655 0.009928404353559017 
0.09850475192070007 0.8239887356758118 0.07750651985406876 
0.8840135335922241 0.11071611940860748 0.005270263180136681 
0.026697412133216858 0.8882960081100464 0.08500660955905914 
0.6163851022720337 0.36250150203704834 0.021113405004143715 
0.8938027620315552 0.10123661905527115 0.0049606263637542725 
0.722843587398529 0.2649998068809509 0.012156550772488117 
0.09008646011352539 0.8057113289833069 0.10420217365026474 
0.0013852919219061732 0.03085140883922577 0.9677633047103882 
0.30056554079055786 0.6699634194374084 0.029471024870872498 
0.7091506719589233 0.2591981887817383 0.031651146709918976 
0.4272632598876953 0.49391111731529236 0.07882567495107651 
0.9487984776496887 0.04693194106221199 0.004269592929631472 
0.44236764311790466 0.5044339299201965 0.05319841578602791 
0.8309337496757507 0.15893492102622986 0.01013124268501997 
0.5768505334854126 0.3957747220993042 0.027374742552638054 
0.3051016926765442 0.6734874248504639 0.021410837769508362 
0.8982569575309753 0.09281967580318451 0.008923310786485672 
0.40252405405044556 0.5665760040283203 0.030899999663233757 
0.4217943251132965 0.5258738398551941 0.052331797778606415 
0.367607444524765 0.6126424670219421 0.019750047475099564 
0.16811217367649078 0.7350322604179382 0.0968555435538292 
0.3416764736175537 0.6361899375915527 0.02213359996676445 
0.002876636805012822 0.2210322618484497 0.7760910987854004 
0.39282694458961487 0.5780218839645386 0.029151147231459618 
0.9308035373687744 0.06373725831508636 0.005459222011268139 
0.021752936765551567 0.6739122271537781 0.3043348789215088 
0.3233157992362976 0.6505184769630432 0.026165738701820374 
0.6389884352684021 0.34673768281936646 0.01427385862916708 
0.8015869855880737 0.17459507286548615 0.0238180011510849 
0.4726823568344116 0.5070911645889282 0.02022648975253105 
0.18345887959003448 0.7571864128112793 0.05935469642281532 
0.7785859704017639 0.21324074268341064 0.008173267357051373 
0.2019699513912201 0.7696701288223267 0.028359834104776382 
0.026389537379145622 0.4974599778652191 0.4761505126953125 
0.5185881853103638 0.4396875500679016 0.0417243093252182 
0.8856124877929688 0.1084534153342247 0.0059341611340641975 
0.28732970356941223 0.6862633228302002 0.026406986638903618 
0.5566716194152832 0.42366400361061096 0.019664375111460686 
0.05021911486983299 0.7581124901771545 0.19166839122772217 
0.19364731013774872 0.7471954822540283 0.059157274663448334 
0.0012939081061631441 0.09279296547174454 0.9059131145477295 
0.33861806988716125 0.6413580179214478 0.020023968070745468 
0.8106187582015991 0.17995761334896088 0.009423593990504742 
0.49979135394096375 0.4503163695335388 0.04989224672317505 
0.28921017050743103 0.5758225917816162 0.13496722280979156 
0.004823449533432722 0.14862538874149323 0.8465511202812195 
0.19664421677589417 0.7444681525230408 0.05888760834932327 
0.7932882308959961 0.1967700868844986 0.009941700845956802 
0.21092911064624786 0.7684430480003357 0.020627856254577637 
0.5079429745674133 0.46077457070350647 0.031282417476177216 
0.0010195652721449733 0.12543198466300964 0.8735484480857849 
0.015203231014311314 0.6887922286987305 0.2960044741630554 
0.7096918225288391 0.2698817253112793 0.020426452159881592 
0.02447468787431717 0.5919721126556396 0.3835532069206238 
0.06608295440673828 0.7424538135528564 0.1914631575345993 
0.017523836344480515 0.36465704441070557 0.61781907081604 
0.06843292713165283 0.8593804240226746 0.07218673825263977 
0.0013852919219061732 0.03085140883922577 0.9677633047103882 
0.08526399731636047 0.7451074123382568 0.1696285605430603 
0.006319500971585512 0.2814081311225891 0.7122723460197449 
0.004871106706559658 0.33143702149391174 0.6636919379234314 
0.17964978516101837 0.7264597415924072 0.09389049559831619 
0.7848772406578064 0.20965637266635895 0.005466462578624487 
0.41579878330230713 0.4820489287376404 0.10215229541063309 
0.08082437515258789 0.5544924736022949 0.3646831214427948 
0.2946184575557709 0.6845652461051941 0.02081627957522869 
0.8466659784317017 0.14814768731594086 0.0051862942054867744 
0.557436466217041 0.43248316645622253 0.010080392472445965 
0.2720900774002075 0.5942889451980591 0.1336210072040558 
0.638344943523407 0.3314308524131775 0.030224159359931946 
0.3286893367767334 0.6191089749336243 0.05220172181725502 
0.3300867974758148 0.6172735095024109 0.052639637142419815 
0.10128869116306305 0.7882658243179321 0.11044558137655258 
0.40754494071006775 0.5463962554931641 0.046058833599090576 
0.07857494801282883 0.7711713314056396 0.15025368332862854 
0.5000303387641907 0.47125768661499023 0.028712021186947823 
0.010618208907544613 0.7899283766746521 0.19945335388183594 
0.0013852919219061732 0.03085140883922577 0.9677633047103882 
0.7308176159858704 0.2565542161464691 0.012628178112208843 
0.004300021566450596 0.05842156708240509 0.9372783899307251 
0.0020462926477193832 0.16025900840759277 0.8376947045326233 
0.054581932723522186 0.6173419952392578 0.3280760645866394 
0.0026640044525265694 0.09147810190916061 0.9058578610420227 
0.017901364713907242 0.7012009024620056 0.28089770674705505 
0.027397455647587776 0.7841048240661621 0.18849770724773407 
0.007330138701945543 0.27072674036026 0.7219431400299072 
0.09687355905771255 0.7514082193374634 0.15171822905540466 
0.6147868037223816 0.3558494746685028 0.029363783076405525 
0.5777918100357056 0.3912184238433838 0.030989762395620346 
0.11189794540405273 0.6435244083404541 0.24457766115665436 
0.14453208446502686 0.7845441699028015 0.07092384994029999 
0.417919784784317 0.5007864236831665 0.0812937393784523 
0.019800100475549698 0.3487207293510437 0.6314792037010193 
0.6301785707473755 0.34118449687957764 0.028636930510401726 
0.594481348991394 0.3819770812988281 0.023541584610939026 
0.582413375377655 0.4028317928314209 0.014754759147763252 
0.021638043224811554 0.6155622601509094 0.36279967427253723 
0.0022532003931701183 0.07464354485273361 0.9231032133102417 
0.02490547113120556 0.9020986557006836 0.07299591600894928 
0.02640880085527897 0.8960660099983215 0.07752513885498047 
0.022875191643834114 0.8967824578285217 0.08034241199493408 
0.024390680715441704 0.9023658037185669 0.07324353605508804 
0.5228408575057983 0.4502156972885132 0.02694340981543064 
0.7655962109565735 0.21475958824157715 0.01964423805475235 
0.0013852919219061732 0.03085140883922577 0.9677633047103882 
0.025875253602862358 0.3245834708213806 0.6495411992073059 
0.31384560465812683 0.6307427287101746 0.055411648005247116 
0.697952151298523 0.283166766166687 0.018881067633628845 
0.002711043693125248 0.09849933534860611 0.898789644241333 
0.060635022819042206 0.6757894158363342 0.2635754942893982 
0.8291442394256592 0.16661599278450012 0.00423980038613081 
0.0013256157981231809 0.025834856554865837 0.9728394746780396 
0.0021653135772794485 0.08560427278280258 0.912230372428894 
0.043770693242549896 0.8938474059104919 0.06238183006644249 
0.002912533236667514 0.2691706717014313 0.7279167771339417 
0.013361421413719654 0.6136704087257385 0.3729681372642517 
0.056295689195394516 0.8271782398223877 0.11652606725692749 
0.2485601007938385 0.5970218777656555 0.15441802144050598 
0.03200680762529373 0.6794014573097229 0.2885916829109192 
0.0013852919219061732 0.03085140883922577 0.9677633047103882 
0.8540001511573792 0.13920295238494873 0.0067969197407364845 
0.022043302655220032 0.5179905295372009 0.45996618270874023 
0.0019048124086111784 0.17512014508247375 0.8229750990867615 
0.37211766839027405 0.6004745364189148 0.027407772839069366 
0.15167121589183807 0.80923992395401 0.03908877819776535 
0.2148071676492691 0.7385374307632446 0.04665539041161537 
0.004419127944856882 0.1721036732196808 0.8234771490097046 
0.05372729152441025 0.8946729898452759 0.05159970372915268 
0.697952151298523 0.283166766166687 0.018881067633628845 
0.0009124581702053547 0.016639109700918198 0.982448399066925 
0.15528787672519684 0.7324244379997253 0.11228764057159424 
0.6407788991928101 0.3444666564464569 0.01475438755005598 
0.010533090680837631 0.3307904601097107 0.6586764454841614 
0.08684992045164108 0.8435289859771729 0.06962111592292786 
0.16747185587882996 0.807370662689209 0.02515743486583233 
0.028372956439852715 0.8548319935798645 0.11679506301879883 
0.012373275123536587 0.7571477293968201 0.23047895729541779 
0.7211103439331055 0.260550320148468 0.018339326605200768 
0.001868420746177435 0.06575240939855576 0.9323791861534119 
0.016507210209965706 0.6042500734329224 0.37924274802207947 
0.7088744640350342 0.2762574553489685 0.014868018217384815 
0.0013852919219061732 0.03085140883922577 0.9677633047103882 
0.7033395171165466 0.2825413644313812 0.014119102619588375 
0.8572103977203369 0.13669991493225098 0.006089659873396158 
0.8221593499183655 0.16536909341812134 0.012471561320126057 
0.7110192179679871 0.2629427909851074 0.026038067415356636 
0.4297798275947571 0.533144474029541 0.0370757095515728 
0.5474437475204468 0.43502476811408997 0.017531411722302437 
0.09903151541948318 0.5346856713294983 0.3662828505039215 
0.5036490559577942 0.3833475708961487 0.11300338804721832 
0.5231922268867493 0.3375515341758728 0.13925625383853912 
0.03809485584497452 0.4328392744064331 0.5290659070014954 
0.007607199717313051 0.5201823115348816 0.47221043705940247 
0.34405621886253357 0.6213074326515198 0.03463631495833397 
0.18795447051525116 0.7152560949325562 0.09678946435451508 
0.898330569267273 0.09781863540410995 0.0038507927674800158 
0.14453208446502686 0.7845441699028015 0.07092384994029999 
0.9310413599014282 0.06457595527172089 0.004382691346108913 
0.05765744671225548 0.7338650822639465 0.2084774523973465 
0.0022778406273573637 0.1980099380016327 0.7997121810913086 
0.5415794253349304 0.42961007356643677 0.02881047874689102 
0.5209712982177734 0.43209436535835266 0.04693440720438957 
0.5774810910224915 0.3903903365135193 0.03212856873869896 
0.4982145130634308 0.48312273621559143 0.01866282895207405 
0.0013852919219061732 0.03085140883922577 0.9677633047103882 
0.03607963025569916 0.889789879322052 0.07413051277399063 
0.001238686847500503 0.03903402015566826 0.9597273468971252 
0.029845258221030235 0.7845343947410583 0.18562044203281403 
0.5755462646484375 0.40028291940689087 0.024170873686671257 
0.8013667464256287 0.18160933256149292 0.017023934051394463 
0.010122643783688545 0.7928709387779236 0.19700641930103302 
0.8153652548789978 0.1726183295249939 0.012016428634524345 
0.0022435092832893133 0.19502681493759155 0.8027296662330627 
0.0013852919219061732 0.03085140883922577 0.9677633047103882 
0.8990085124969482 0.09695712476968765 0.00403435667976737 
0.20497162640094757 0.7773243188858032 0.01770407147705555 
0.00837375596165657 0.5706266164779663 0.4209996163845062 
0.004305078648030758 0.0772860199213028 0.9184088706970215 
0.755596399307251 0.2365291714668274 0.007874377071857452 
0.02398928627371788 0.4924411475658417 0.48356959223747253 
0.8898087739944458 0.1046188473701477 0.0055723125115036964 
0.710361897945404 0.27048301696777344 0.019155116751790047 
0.0020389240235090256 0.058787353336811066 0.9391737580299377 
0.04993216693401337 0.8806448578834534 0.06942304223775864 
0.002344419015571475 0.027326999232172966 0.9703285694122314 
0.026821767911314964 0.8739686608314514 0.09920956194400787 
0.043770693242549896 0.8938474059104919 0.06238183006644249 
0.043770693242549896 0.8938474059104919 0.06238183006644249 
0.08031861484050751 0.6719882488250732 0.24769309163093567 
0.12674418091773987 0.8395065665245056 0.03374927490949631 
0.055508632212877274 0.8899648189544678 0.054526571184396744 
0.3057286739349365 0.5527609586715698 0.14151032269001007 
0.14252781867980957 0.7152509093284607 0.14222130179405212 
0.022242434322834015 0.9362502098083496 0.04150727018713951 
0.41669297218322754 0.5664847493171692 0.01682235300540924 
0.063760906457901 0.48046112060546875 0.45577800273895264 
0.0009736276115290821 0.01129920594394207 0.987727165222168 
0.02125006541609764 0.8116408586502075 0.16710905730724335 
0.6200883984565735 0.3654811978340149 0.014430460520088673 
0.106977179646492 0.8268722295761108 0.06615059822797775 
0.14453208446502686 0.7845441699028015 0.07092384994029999 
0.05021911486983299 0.7581124901771545 0.19166839122772217 
0.0015290591400116682 0.09367779642343521 0.9047931432723999 
0.7576566934585571 0.22892557084560394 0.01341773197054863 
0.03955243155360222 0.8344500064849854 0.1259976178407669 
0.14453208446502686 0.7845441699028015 0.07092384994029999 
0.04627525061368942 0.8868197202682495 0.06690499186515808 
0.03917953372001648 0.897104024887085 0.063716359436512 
0.043770693242549896 0.8938474059104919 0.06238183006644249 
0.06460368633270264 0.24180327355861664 0.6935930848121643 
0.6661109328269958 0.28906136751174927 0.044827744364738464 
0.7648188471794128 0.22717666625976562 0.008004510775208473 
0.001448743510991335 0.053907498717308044 0.9446436762809753 
0.8912609815597534 0.10511764883995056 0.003621365875005722 
0.7815117239952087 0.192144513130188 0.02634374052286148 
0.17060023546218872 0.7963716387748718 0.03302812948822975 
0.07641428709030151 0.8726537227630615 0.05093199387192726 
0.0036627037916332483 0.4246807098388672 0.5716565847396851 
0.7856835126876831 0.20523937046527863 0.009077014401555061 
0.8578208684921265 0.1352231651544571 0.00695597380399704 
0.6187008619308472 0.3577447831630707 0.023554347455501556 
0.0747106596827507 0.8801197409629822 0.045169584453105927 
0.006243676878511906 0.6733702421188354 0.3203860819339752 
0.4280710220336914 0.550064206123352 0.02186480537056923 
0.28881701827049255 0.6378831267356873 0.07329980283975601 
0.7142254710197449 0.2517332136631012 0.034041330218315125 
0.050503991544246674 0.8755030632019043 0.07399292290210724 
0.10090696811676025 0.7438653707504272 0.15522761642932892 
0.004300021566450596 0.05842156708240509 0.9372783899307251 
0.005782864987850189 0.11178174614906311 0.8824353814125061 
0.5123115181922913 0.4397410750389099 0.047947417944669724 
0.03321383520960808 0.7381641268730164 0.22862206399440765 
0.009275064803659916 0.27150294184684753 0.7192220091819763 
0.9223920702934265 0.07309070229530334 0.004517309833317995 
0.40430450439453125 0.5581474304199219 0.03754803538322449 
0.5896080732345581 0.39689716696739197 0.013494779355823994 
0.4964366555213928 0.4880344867706299 0.015528817661106586 
0.0014256640570238233 0.053430091589689255 0.9451442360877991 
0.4161814749240875 0.5555932521820068 0.028225241228938103 
0.562817394733429 0.3926076889038086 0.04457497596740723 
0.4605887234210968 0.4877159595489502 0.05169528350234032 
0.032665204256772995 0.8801035284996033 0.08723126351833344 
0.001474685501307249 0.13189376890659332 0.8666315674781799 
0.6594793796539307 0.3278745412826538 0.012646066024899483 
0.8044160008430481 0.1881389617919922 0.007444989867508411 
0.7538367509841919 0.23891620337963104 0.007246991619467735 
0.1834392100572586 0.7811238765716553 0.03543688729405403 
0.07555671781301498 0.7969527244567871 0.12749053537845612 
0.0008789775311015546 0.04010786488652229 0.9590131640434265 
0.14453208446502686 0.7845441699028015 0.07092384994029999 
0.8057991862297058 0.18624351918697357 0.00795734766870737 
0.788657009601593 0.20198605954647064 0.009356874041259289 
0.576322078704834 0.40107834339141846 0.022599585354328156 
0.788657009601593 0.20198605954647064 0.009356874041259289 
0.7065379619598389 0.2557983100414276 0.03766375035047531 
0.9359349608421326 0.060689281672239304 0.0033756934572011232 
0.5197031497955322 0.45697206258773804 0.02332472614943981 
0.006299559026956558 0.7809996604919434 0.212700754404068 
0.20423297584056854 0.6815051436424255 0.11426185071468353 
0.09010735899209976 0.8639489412307739 0.045943792909383774 
0.0036697762552648783 0.37752005457878113 0.6188101768493652 
0.10077618807554245 0.852751612663269 0.04647219553589821 
0.00309841800481081 0.0975116565823555 0.899389922618866 
0.39926451444625854 0.548243522644043 0.05249200761318207 
0.42786741256713867 0.4905582666397095 0.08157433569431305 
0.062194399535655975 0.7478728294372559 0.18993286788463593 
0.19993335008621216 0.572068452835083 0.22799816727638245 
0.10646561533212662 0.8339836597442627 0.059550728648900986 
0.04550071805715561 0.775763750076294 0.17873555421829224 
0.8111444115638733 0.18152250349521637 0.00733309518545866 
0.1815226525068283 0.7840615510940552 0.03441579267382622 
0.032723452895879745 0.14150814712047577 0.8257684111595154 
0.08293585479259491 0.8770806193351746 0.03998358175158501 
0.09865286946296692 0.8486872315406799 0.05265991389751434 
0.01973445527255535 0.3517208397388458 0.6285446882247925 
0.34411945939064026 0.6277767419815063 0.028103770688176155 
0.236052006483078 0.6844456791877747 0.07950232923030853 
0.6342662572860718 0.350063681602478 0.015670012682676315 
0.7412752509117126 0.24827171862125397 0.010453042574226856 
0.045536186546087265 0.7918482422828674 0.162615567445755 
0.004717327654361725 0.18658150732517242 0.8087011575698853 
0.14453208446502686 0.7845441699028015 0.07092384994029999 
0.168523371219635 0.4761136472225189 0.35536304116249084 
0.11479372531175613 0.6170218586921692 0.2681843936443329 
0.18719078600406647 0.7786849141120911 0.034124311059713364 
0.14453208446502686 0.7845441699028015 0.07092384994029999 
0.604523777961731 0.37474432587623596 0.020731929689645767 
0.0012027723714709282 0.01543021947145462 0.9833669662475586 
0.013538510538637638 0.4719056189060211 0.5145558714866638 
0.710995614528656 0.2752196788787842 0.013784664683043957 
0.03155852481722832 0.8804492354393005 0.08799225091934204 
0.09569498896598816 0.8338782787322998 0.07042673975229263 
0.0014154366217553616 0.06452730298042297 0.9340572953224182 
0.12720268964767456 0.766531765460968 0.10626551508903503 
0.08293585479259491 0.8770806193351746 0.03998358175158501 
0.010002445429563522 0.4032192528247833 0.5867782831192017 
0.004991856403648853 0.2603081464767456 0.7346999645233154 
0.08412347733974457 0.877122163772583 0.03875434771180153 
0.6356750726699829 0.35353946685791016 0.010785496793687344 
0.0058943480253219604 0.6043769121170044 0.38972875475883484 
0.002075750846415758 0.10674600303173065 0.8911781907081604 
0.1554846614599228 0.4810450077056885 0.3634703457355499 
0.0013852919219061732 0.03085140883922577 0.9677633047103882 
0.017022136598825455 0.2994554936885834 0.6835223436355591 
0.6730645895004272 0.3112257719039917 0.01570962369441986 
0.28474271297454834 0.6452149152755737 0.07004234194755554 
0.2075253427028656 0.7536243200302124 0.03885030373930931 
0.25547778606414795 0.6865155100822449 0.058006659150123596 
0.5692605376243591 0.3834933340549469 0.047246091067790985 
0.5998720526695251 0.3889440894126892 0.011183889582753181 
0.22642011940479279 0.6587973833084106 0.11478251963853836 
0.001378255314193666 0.07469581812620163 0.9239259362220764 
0.006571182049810886 0.3513355255126953 0.6420932412147522 
0.6687189936637878 0.3158724009990692 0.015408677980303764 
0.39244645833969116 0.5552734136581421 0.05228006839752197 
0.013300791382789612 0.24024006724357605 0.7464591860771179 
0.0056916275061666965 0.34289970993995667 0.6514086723327637 
0.0012227445840835571 0.038343124091625214 0.960434079170227 
0.021978367120027542 0.3852035403251648 0.5928180813789368 
0.005995768588036299 0.2623820900917053 0.7316220998764038 
0.0008600091678090394 0.013866212218999863 0.9852737784385681 
0.8759189248085022 0.11870324611663818 0.005377873778343201 
0.0013852919219061732 0.03085140883922577 0.9677633047103882 
0.1240558922290802 0.6353076696395874 0.24063646793365479 
0.14453208446502686 0.7845441699028015 0.07092384994029999 
0.0036627037916332483 0.4246807098388672 0.5716565847396851 
0.8731113076210022 0.12043341249227524 0.006455323658883572 
0.27732688188552856 0.6837174296379089 0.038955606520175934 
0.8878989219665527 0.10638466477394104 0.0057163662277162075 
0.05863313004374504 0.8614479899406433 0.07991891354322433 
0.7853471636772156 0.19769620895385742 0.01695665530860424 
0.026356404647231102 0.6014775633811951 0.37216606736183167 
0.198666051030159 0.6953011751174927 0.10603281110525131 
0.0069935014471411705 0.12585744261741638 0.8671489953994751 
0.24013419449329376 0.45143428444862366 0.3084315061569214 
0.20974431931972504 0.7190959453582764 0.07115975022315979 
0.3038971424102783 0.628283679485321 0.06781921535730362 
0.011803987435996532 0.3643207252025604 0.6238752603530884 
0.14453208446502686 0.7845441699028015 0.07092384994029999 
