0.8341834
0.3399973
0.09584744
0.030851409
0.41189602
0.21053754
0.047553524
0.14146662
0.5171728
0.3928301
0.64386964
0.31934455
0.10985171
0.53839403
0.3422345
0.46293774
0.45080167
0.87457705
0.61095065
0.6576996
0.5430484
0.13458093
0.34066132
0.44733557
0.014587124
0.09813588
0.78454417
0.6839545
0.5379422
0.36813197
0.74126524
0.31996924
0.025363557
0.5972202
0.3830663
0.33389953
0.5448878
0.21870808
0.9093409
0.47129607
0.38393518
0.039807677
0.56947786
0.58923006
0.030851409
0.78454417
0.81795424
0.04745137
0.09128361
0.5627685
0.6867819
0.5140265
0.39662975
0.6868833
0.6655043
0.8730474
0.83469707
0.20480934
0.7341727
0.78454417
0.84467214
0.35624206
0.3970855
0.263585
0.32611236
0.22081175
0.29867208
0.43015692
0.32652268
0.18357986
0.33269715
0.804996
0.25538325
0.5552915
0.33269715
0.7786849
0.21861364
0.86479187
0.87082577
0.87313646
0.17505646
0.33368817
0.53188926
0.14521201
0.28940958
0.7471029
0.893671
0.038571108
0.3193594
0.5209586
0.7069976
0.25555956
0.63985103
0.6950387
0.88320774
0.62108797
0.18230633
0.22011375
0.83456254
0.32565546
0.37858745
0.041473962
0.5224633
0.5037527
0.63666683
0.15118858
0.78454417
0.8150303
0.8661056
0.030851409
0.093059875
0.7198356
0.08725891
0.78454417
0.5060903
0.9009036
0.9009036
0.71465766
0.7557567
0.63392675
0.24930872
0.47624263
0.63393986
0.3677676
0.45069608
0.05661562
0.7638563
0.008418755
0.72137105
0.8524027
0.89682835
0.58994406
0.008174431
0.3700535
0.22724377
0.030851409
0.7718774
0.11311129
0.12064691
0.70801353
0.16314146
0.70277095
0.66835445
0.8901799
0.8851072
0.8851072
0.030061638
0.2707809
0.7216288
0.7596908
0.030384568
0.09968741
0.28230467
0.63314724
0.53633523
0.055213973
0.5453106
0.03797879
0.09427609
0.39129445
0.04329361
0.06730547
0.04329361
0.08334459
0.026759462
0.11278593
0.08116769
0.048419278
0.037071753
0.50713074
0.16765806
0.044258386
0.045973577
0.063700184
0.02313966
0.030051503
0.15829669
0.044461302
0.0337736
0.031756856
0.5028242
0.08926369
0.19387424
0.12006431
0.884968
0.030442214
0.071204215
0.025108695
0.08131116
0.045536358
0.02935651
0.8705101
0.27841333
0.067499325
0.034280367
0.72263056
0.03627623
0.048498757
0.030768216
0.87960285
0.035520647
0.21444555
0.2126063
0.15296076
0.43578914
0.25425208
0.37924162
0.34429654
0.025089627
0.5407121
0.8953555
0.3912774
0.87436247
0.8938474
0.41024533
0.09331861
0.16206087
0.8562085
0.88498676
0.26754433
0.36630702
0.5573228
0.7193667
0.10079924
0.030851409
0.68226844
0.13792971
0.1089087
0.81542325
0.360904
0.27293095
0.5917802
0.17836371
0.04990089
0.5271193
0.4604372
0.78454417
0.03369717
0.06246027
0.15222993
0.064420365
0.31077597
0.60559976
0.111641146
0.740319
0.7624997
0.78653085
0.4178374
0.07032581
0.40273783
0.6917584
0.45272917
0.8386766
0.14895917
0.866948
0.40346694
0.78454417
0.33307868
0.47274002
0.27811623
0.37977272
0.37977272
0.22921377
0.33879727
0.43043798
0.4506404
0.32814178
0.6030596
0.25427207
0.2993161
0.030851409
0.4353891
0.3155716
0.075163245
0.4428552
0.5820852
0.52104884
0.32983157
0.30491456
0.2433622
0.50757366
0.31195295
0.38301072
0.29116666
0.8109561
0.83163637
0.30581176
0.31540686
0.41209528
0.6158336
0.49522305
0.7410543
0.7583231
0.604651
0.6588776
0.66068214
0.757994
0.84467214
0.23994404
0.6529606
0.2796031
0.3147399
0.3610774
0.192544
0.20700026
0.8514797
0.06599193
0.37050313
0.50928646
0.030851409
0.22127214
0.34986427
0.043178428
0.075578615
0.041929577
0.4632597
0.32928932
0.6942221
0.41214186
0.14657207
0.5612876
0.46378455
0.3533851
0.32715106
0.1895807
0.036860306
0.29488865
0.55420184
0.2662881
0.29198033
0.50710046
0.063864104
0.496532
0.61060506
0.36955348
0.7950411
0.49943593
0.44920284
0.24515754
0.05596125
0.7190941
0.6485622
0.10581066
0.08968895
0.29590082
0.14337844
0.34474698
0.72334784
0.0691854
0.712599
0.08523937
0.24519108
0.109476164
0.13464041
0.31511697
0.7996207
0.37076348
0.26611272
0.8532069
0.030851409
0.2535316
0.06046673
0.6503966
0.2734711
0.04799261
0.09858352
0.2977093
0.08020376
0.3180462
0.19771625
0.8929877
0.8408206
0.14397351
0.23569879
0.1895817
0.18985014
0.17216684
0.037371833
0.68920296
0.6811314
0.41653153
0.6535449
0.7786849
0.11065101
0.47503087
0.20786569
0.2632257
0.34255713
0.5788092
0.7694885
0.06932679
0.050287515
0.112095915
0.1497363
0.29132545
0.06948681
0.27801076
0.25836435
0.78454417
0.22952092
0.08845512
0.059221413
0.3102995
0.050800342
0.32331097
0.24412173
0.32677102
0.75843894
0.43760988
0.24158962
0.3250653
0.8325557
0.5630794
0.84898114
0.7337043
0.23281308
0.10347449
0.30735654
0.22394389
0.11481566
0.25130594
0.6751223
0.6059802
0.73783815
0.55765915
0.16307524
0.31606185
0.42078453
0.25964463
0.5657914
0.21699457
0.31460756
0.7274358
0.53134036
0.067184985
0.21537922
0.22190009
0.17404869
0.2226525
0.28908893
0.12547295
0.72811913
0.8289346
0.030794537
0.7274358
0.4085492
0.2523543
0.26878363
0.18391554
0.08626346
0.099899925
0.35221538
0.1580388
0.7718125
0.9119798
0.13795131
0.068845466
0.035336018
0.15544814
0.08567383
0.24213223
0.17472102
0.82398874
0.11071612
0.888296
0.3625015
0.10123662
0.2649998
0.8057113
0.030851409
0.6699634
0.2591982
0.49391112
0.04693194
0.50443393
0.15893492
0.39577472
0.6734874
0.092819676
0.566576
0.52587384
0.61264247
0.73503226
0.63618994
0.22103226
0.5780219
0.06373726
0.6739122
0.6505185
0.34673768
0.17459507
0.50709116
0.7571864
0.21324074
0.7696701
0.49745998
0.43968755
0.108453415
0.6862633
0.423664
0.7581125
0.7471955
0.092792965
0.641358
0.17995761
0.45031637
0.5758226
0.14862539
0.74446815
0.19677009
0.76844305
0.46077457
0.12543198
0.6887922
0.26988173
0.5919721
0.7424538
0.36465704
0.8593804
0.030851409
0.7451074
0.28140813
0.33143702
0.72645974
0.20965637
0.48204893
0.5544925
0.68456525
0.14814769
0.43248317
0.59428895
0.33143085
0.619109
0.6172735
0.7882658
0.54639626
0.77117133
0.4712577
0.7899284
0.030851409
0.25655422
0.058421567
0.16025901
0.617342
0.0914781
0.7012009
0.7841048
0.27072674
0.7514082
0.35584947
0.39121842
0.6435244
0.78454417
0.5007864
0.34872073
0.3411845
0.38197708
0.4028318
0.61556226
0.074643545
0.90209866
0.896066
0.89678246
0.9023658
0.4502157
0.21475959
0.030851409
0.32458347
0.6307427
0.28316677
0.098499335
0.6757894
0.166616
0.025834857
0.08560427
0.8938474
0.26917067
0.6136704
0.82717824
0.5970219
0.67940146
0.030851409
0.13920295
0.5179905
0.17512015
0.60047454
0.8092399
0.73853743
0.17210367
0.894673
0.28316677
0.01663911
0.73242444
0.34446666
0.33079046
0.843529
0.80737066
0.854832
0.7571477
0.26055032
0.06575241
0.6042501
0.27625746
0.030851409
0.28254136
0.13669991
0.1653691
0.2629428
0.5331445
0.43502477
0.5346857
0.38334757
0.33755153
0.43283927
0.5201823
0.62130743
0.7152561
0.097818635
0.78454417
0.064575955
0.7338651
0.19800994
0.42961007
0.43209437
0.39039034
0.48312274
0.030851409
0.8897899
0.03903402
0.7845344
0.40028292
0.18160933
0.79287094
0.17261833
0.19502681
0.030851409
0.096957125
0.7773243
0.5706266
0.07728602
0.23652917
0.49244115
0.10461885
0.27048302
0.058787353
0.88064486
0.027327
0.87396866
0.8938474
0.8938474
0.67198825
0.83950657
0.8899648
0.55276096
0.7152509
0.9362502
0.56648475
0.48046112
0.011299206
0.81164086
0.3654812
0.8268722
0.78454417
0.7581125
0.0936778
0.22892557
0.83445
0.78454417
0.8868197
0.897104
0.8938474
0.24180327
0.28906137
0.22717667
0.0539075
0.10511765
0.19214451
0.79637164
0.8726537
0.4246807
0.20523937
0.13522317
0.35774478
0.88011974
0.67337024
0.5500642
0.6378831
0.2517332
0.87550306
0.7438654
0.058421567
0.111781746
0.43974108
0.7381641
0.27150294
0.0730907
0.55814743
0.39689717
0.4880345
0.05343009
0.55559325
0.3926077
0.48771596
0.8801035
0.13189377
0.32787454
0.18813896
0.2389162
0.7811239
0.7969527
0.040107865
0.78454417
0.18624352
0.20198606
0.40107834
0.20198606
0.2557983
0.06068928
0.45697206
0.78099966
0.68150514
0.86394894
0.37752005
0.8527516
0.09751166
0.5482435
0.49055827
0.7478728
0.57206845
0.83398366
0.77576375
0.1815225
0.78406155
0.14150815
0.8770806
0.84868723
0.35172084
0.62777674
0.6844457
0.35006368
0.24827172
0.79184824
0.1865815
0.78454417
0.47611365
0.61702186
0.7786849
0.78454417
0.37474433
0.0154302195
0.47190562
0.27521968
0.88044924
0.8338783
0.0645273
0.76653177
0.8770806
0.40321925
0.26030815
0.87712216
0.35353947
0.6043769
0.106746
0.481045
0.030851409
0.2994555
0.31122577
0.6452149
0.7536243
0.6865155
0.38349333
0.3889441
0.6587974
0.07469582
0.35133553
0.3158724
0.5552734
0.24024007
0.3428997
0.038343124
0.38520354
0.2623821
0.013866212
0.118703246
0.030851409
0.63530767
0.78454417
0.4246807
0.12043341
0.6837174
0.106384665
0.861448
0.19769621
0.60147756
0.6953012
0.12585744
0.45143428
0.71909595
0.6282837
0.36432073
0.78454417
