0.072393335
0.63221526
0.0078099766
0.9677633
0.13076401
0.009309783
0.9509508
0.0060751406
0.107496805
0.022887724
0.046026684
0.02532128
0.006931112
0.24092402
0.6411227
0.43398747
0.08732016
0.08997509
0.15348986
0.04147868
0.12740068
0.009836293
0.06163493
0.4820956
0.9841217
0.004063357
0.07092385
0.11329541
0.020371981
0.62722015
0.25205973
0.6733939
0.9727279
0.052196387
0.027146947
0.01672484
0.44006145
0.7756471
0.043895986
0.009384612
0.021268865
0.9587618
0.048197746
0.023742845
0.9677633
0.07092385
0.10838166
0.0029013716
0.0061072935
0.02182751
0.124139234
0.45442888
0.017778613
0.06764926
0.16731179
0.0674424
0.027914094
0.010743719
0.18727356
0.07092385
0.04410548
0.026209394
0.04019189
0.6998046
0.6676477
0.7721748
0.6973342
0.552006
0.041568484
0.80913967
0.65893537
0.07099493
0.7374515
0.027547954
0.65893537
0.03412431
0.01733623
0.11623606
0.113173895
0.11016275
0.8227051
0.012331644
0.13038138
0.0054496704
0.63440347
0.23865181
0.061411336
0.9603975
0.67405945
0.06716354
0.18227948
0.011828538
0.032532804
0.28249258
0.053071648
0.30271634
0.008430226
0.015502458
0.036602892
0.6342033
0.6137467
0.9577487
0.4738833
0.43047085
0.28905648
0.006083824
0.07092385
0.046261836
0.060168225
0.9677633
0.0035265835
0.13014491
0.9111678
0.07092385
0.37539205
0.06891341
0.06891341
0.030267883
0.065397136
0.0438682
0.009451957
0.41817203
0.10650143
0.08728226
0.5317991
0.94225705
0.21929601
0.99044853
0.032763954
0.02598438
0.038134966
0.3353122
0.9905184
0.026206756
0.008880979
0.9677633
0.052821297
0.0066927494
0.0049113934
0.037535995
0.014966466
0.029941017
0.052366823
0.082889766
0.07568496
0.07568496
0.9688393
0.0120750135
0.039313998
0.12003069
0.96795714
0.8984262
0.02484013
0.341114
0.015120123
0.94325984
0.042807247
0.9610722
0.90400434
0.014534832
0.95563966
0.9312668
0.95563966
0.91519743
0.9721996
0.86675024
0.9172517
0.9505991
0.96190035
0.44240212
0.82568556
0.9546272
0.9529543
0.93450004
0.9760942
0.9689857
0.8380925
0.954667
0.9652325
0.9672288
0.45478594
0.9092178
0.008035266
0.8779819
0.072103664
0.9683234
0.92753303
0.97400147
0.916225
0.95322275
0.9696228
0.06167164
0.71895605
0.931109
0.964801
0.23134905
0.96252304
0.9501526
0.96823364
0.0698073
0.9631803
0.0065387897
0.00649565
0.84214586
0.025290404
0.02091189
0.014486156
0.032486234
0.97372234
0.44204754
0.073040925
0.06512905
0.06950296
0.06238183
0.5846965
0.9048214
0.009556884
0.11051406
0.08816689
0.01704783
0.021007434
0.018445335
0.036077324
0.0060706176
0.9677633
0.02767276
0.84743935
0.007386922
0.030186512
0.019448329
0.02015391
0.39190644
0.8135406
0.9483457
0.28751034
0.02064322
0.07092385
0.9652151
0.93583834
0.8429861
0.9343632
0.014584936
0.37159085
0.0060288515
0.08396505
0.20829672
0.06086139
0.04158692
0.9285053
0.02368489
0.10449766
0.021792859
0.13814272
0.008941901
0.043206647
0.015271083
0.07092385
0.66075754
0.031310614
0.7174193
0.014050594
0.014050594
0.76265174
0.6555879
0.015109622
0.072838224
0.6663881
0.37625378
0.0117273275
0.69624877
0.9677633
0.0140185
0.6782131
0.00579757
0.06736826
0.028620418
0.020365305
0.6644649
0.6891809
0.012541197
0.035892375
0.6819459
0.03900749
0.70383394
0.038392197
0.027792167
0.019488528
0.021012222
0.014484562
0.3513654
0.030838314
0.087806165
0.08848339
0.320726
0.06585056
0.21199927
0.02558537
0.04410548
0.65957123
0.035214167
0.015776044
0.020850737
0.06783639
0.0076620346
0.015712805
0.10223839
0.0072050737
0.022016466
0.033597454
0.9677633
0.014070923
0.5626648
0.95509154
0.0101962425
0.003427471
0.064104624
0.019957678
0.070641
0.5023224
0.0056923153
0.24472104
0.012312707
0.021393074
0.0100427335
0.806659
0.0035722754
0.014761633
0.02416107
0.02101737
0.70087856
0.41186047
0.93348885
0.22364554
0.02650207
0.018791584
0.04245685
0.028250126
0.028199386
0.748503
0.003639044
0.036761276
0.028237218
0.005410314
0.008055894
0.010265498
0.013572986
0.010419341
0.26947203
0.004003893
0.024227763
0.0055123405
0.012774196
0.007254916
0.009864081
0.02702064
0.0877797
0.029331649
0.01668167
0.07573851
0.9677633
0.014284406
0.0037613318
0.057013314
0.013823928
0.95092803
0.0077052778
0.01817119
0.006950257
0.020141924
0.01332471
0.038043965
0.14708868
0.0072966665
0.012401797
0.009726796
0.8021909
0.010558308
0.0021400414
0.14535399
0.29794267
0.035841975
0.03818437
0.03412431
0.005702962
0.013803903
0.0084939925
0.03722954
0.042462934
0.01613165
0.05774388
0.004174623
0.0040958403
0.008462197
0.0075411587
0.0316967
0.0034184877
0.017234454
0.011554931
0.07092385
0.022729268
0.0055228043
0.0042669387
0.015069465
0.9477261
0.03653083
0.74155635
0.023464877
0.051000588
0.036759198
0.015893862
0.032757442
0.026587246
0.01841641
0.07585093
0.060056113
0.009959515
0.89474314
0.016242163
0.011705549
0.005072611
0.016651116
0.0655592
0.02763
0.14416555
0.056943938
0.0069668363
0.012744051
0.016244275
0.0103047965
0.104014814
0.0066643185
0.025197187
0.05729187
0.112040736
0.005677286
0.0154309925
0.01731943
0.01615926
0.018225938
0.017316949
0.0056446395
0.20940965
0.06605995
0.002459183
0.05729187
0.09769077
0.011035966
0.72419596
0.0118357465
0.006187465
0.0066809803
0.014426985
0.011771401
0.19900127
0.042505324
0.008549957
0.005380009
0.0025227673
0.8206719
0.006175032
0.0073815514
0.009928404
0.07750652
0.005270263
0.08500661
0.021113405
0.0049606264
0.012156551
0.10420217
0.9677633
0.029471025
0.031651147
0.078825675
0.004269593
0.053198416
0.010131243
0.027374743
0.021410838
0.008923311
0.0309
0.052331798
0.019750047
0.09685554
0.0221336
0.7760911
0.029151147
0.005459222
0.30433488
0.026165739
0.014273859
0.023818001
0.02022649
0.059354696
0.008173267
0.028359834
0.4761505
0.04172431
0.005934161
0.026406987
0.019664375
0.19166839
0.059157275
0.9059131
0.020023968
0.009423594
0.049892247
0.13496722
0.8465511
0.05888761
0.009941701
0.020627856
0.031282417
0.87354845
0.29600447
0.020426452
0.3835532
0.19146316
0.6178191
0.07218674
0.9677633
0.16962856
0.71227235
0.66369194
0.093890496
0.0054664626
0.102152295
0.36468312
0.02081628
0.005186294
0.0100803925
0.133621
0.03022416
0.05220172
0.052639637
0.11044558
0.046058834
0.15025368
0.028712021
0.19945335
0.9677633
0.012628178
0.9372784
0.8376947
0.32807606
0.90585786
0.2808977
0.1884977
0.72194314
0.15171823
0.029363783
0.030989762
0.24457766
0.07092385
0.08129374
0.6314792
0.02863693
0.023541585
0.014754759
0.36279967
0.9231032
0.072995916
0.07752514
0.08034241
0.073243536
0.02694341
0.019644238
0.9677633
0.6495412
0.055411648
0.018881068
0.89878964
0.2635755
0.0042398004
0.9728395
0.9122304
0.06238183
0.7279168
0.37296814
0.11652607
0.15441802
0.28859168
0.9677633
0.0067969197
0.45996618
0.8229751
0.027407773
0.03908878
0.04665539
0.82347715
0.051599704
0.018881068
0.9824484
0.11228764
0.014754388
0.65867645
0.069621116
0.025157435
0.11679506
0.23047896
0.018339327
0.9323792
0.37924275
0.014868018
0.9677633
0.014119103
0.00608966
0.012471561
0.026038067
0.03707571
0.017531412
0.36628285
0.11300339
0.13925625
0.5290659
0.47221044
0.034636315
0.096789464
0.0038507928
0.07092385
0.0043826913
0.20847745
0.7997122
0.028810479
0.046934407
0.03212857
0.018662829
0.9677633
0.07413051
0.95972735
0.18562044
0.024170874
0.017023934
0.19700642
0.012016429
0.80272967
0.9677633
0.0040343567
0.017704071
0.42099962
0.9184089
0.007874377
0.4835696
0.0055723125
0.019155117
0.93917376
0.06942304
0.97032857
0.09920956
0.06238183
0.06238183
0.24769309
0.033749275
0.05452657
0.14151032
0.1422213
0.04150727
0.016822353
0.455778
0.98772717
0.16710906
0.0144304605
0.0661506
0.07092385
0.19166839
0.90479314
0.013417732
0.12599762
0.07092385
0.06690499
0.06371636
0.06238183
0.6935931
0.044827744
0.008004511
0.9446437
0.0036213659
0.02634374
0.03302813
0.050931994
0.5716566
0.009077014
0.006955974
0.023554347
0.045169584
0.32038608
0.021864805
0.0732998
0.03404133
0.07399292
0.15522762
0.9372784
0.8824354
0.047947418
0.22862206
0.719222
0.00451731
0.037548035
0.013494779
0.015528818
0.94514424
0.028225241
0.044574976
0.051695284
0.08723126
0.86663157
0.012646066
0.00744499
0.0072469916
0.035436887
0.12749054
0.95901316
0.07092385
0.007957348
0.009356874
0.022599585
0.009356874
0.03766375
0.0033756935
0.023324726
0.21270075
0.11426185
0.045943793
0.6188102
0.046472196
0.8993899
0.052492008
0.081574336
0.18993287
0.22799817
0.05955073
0.17873555
0.007333095
0.034415793
0.8257684
0.03998358
0.052659914
0.6285447
0.02810377
0.07950233
0.015670013
0.010453043
0.16261557
0.80870116
0.07092385
0.35536304
0.2681844
0.03412431
0.07092385
0.02073193
0.98336697
0.5145559
0.013784665
0.08799225
0.07042674
0.9340573
0.106265515
0.03998358
0.5867783
0.73469996
0.038754348
0.010785497
0.38972875
0.8911782
0.36347035
0.9677633
0.68352234
0.015709624
0.07004234
0.038850304
0.05800666
0.04724609
0.01118389
0.11478252
0.92392594
0.64209324
0.015408678
0.05228007
0.7464592
0.6514087
0.9604341
0.5928181
0.7316221
0.9852738
0.005377874
0.9677633
0.24063647
0.07092385
0.5716566
0.0064553237
0.038955607
0.005716366
0.07991891
0.016956655
0.37216607
0.10603281
0.867149
0.3084315
0.07115975
0.067819215
0.62387526
0.07092385
