0.06506167
0.9069289
0.56692374
0.85174024
0.01078302
0.3447421
0.8110988
0.77421004
0.007800048
0.044414874
0.95284986
0.77421004
0.2796881
0.96920884
0.07142764
0.08258429
0.96542305
0.00877496
0.93110126
0.8534161
0.1259598
0.11670391
0.20416135
0.523838
0.19635579
0.10984777
0.046849128
0.046849128
0.09662706
0.6899323
0.09444739
0.903672
0.44987336
0.24188128
0.027481947
0.13990775
0.028369285
0.061072502
0.04531916
0.028646762
0.70060736
0.015095465
0.9696326
0.039569516
0.8323543
0.030293154
0.44676182
0.016438512
0.010083671
0.9664456
0.016322505
0.0874253
0.13701785
0.0065020076
0.2806371
0.007481893
0.2806371
0.2806371
0.06456697
0.0711194
0.03290525
0.85174024
0.04535038
0.10067492
0.07092385
0.12934934
0.11751886
0.1394783
0.58558685
0.0044310233
0.13009126
0.0066912733
0.08735644
0.015527153
0.16035624
0.0922712
0.07815189
0.69607157
0.87233484
0.007292531
0.248022
0.0038570454
0.008738996
0.016245935
0.011850688
0.021352764
0.9677633
0.006569495
0.003934999
0.8836387
0.14273897
0.029912356
0.22825351
0.013835026
0.8458767
0.49174118
0.018579703
0.2806371
0.2806371
0.94031715
0.024346778
0.02265175
0.1250925
0.77257323
0.42759502
0.2345191
0.12824427
0.76384133
0.022615299
0.96001935
0.68344164
0.0716731
0.9677633
0.0181112
0.9442099
0.01128587
0.49672917
0.036035266
0.82839227
0.3087219
0.0076991557
0.09137799
0.01440223
0.51828784
0.026659233
0.0025319476
0.2806371
0.007489257
0.060264613
0.1810285
0.25121668
0.049849536
0.03548343
0.03752485
0.019320898
0.026038975
0.009612527
0.1402209
0.6014175
0.6014175
0.1721593
0.10090465
0.037215233
0.01871857
0.60545003
0.042343616
0.012890907
0.0029080287
0.11657882
0.09887231
0.08260902
0.017140293
0.1246259
0.011062166
0.007875684
0.9677633
0.0059973304
0.12826136
0.9746022
0.005580005
0.20031796
0.017753989
0.016562799
0.87253183
0.0062330198
0.011606195
0.06566431
0.022933705
0.07092385
0.67664295
0.007482919
0.06733939
0.009741525
0.005796887
0.015244974
0.008594903
0.014642409
0.0069896984
0.0028284271
0.029373389
0.02031049
0.034256533
0.003289634
0.006512875
0.01925751
0.015015366
0.6950614
0.010214599
0.0043089017
0.71866924
0.0411544
0.26509693
0.018670663
0.048330467
0.9677633
0.0356721
0.06429243
0.0062681097
0.048287712
0.5402824
0.27197877
0.9629101
0.54042727
0.061323162
0.017673334
0.050190307
0.026983738
0.048269685
0.033134498
0.0031574087
0.068328284
0.05483429
0.25822502
0.05054435
0.9112638
0.29530153
0.0052745147
0.048436906
0.11741288
0.027048584
0.049122017
0.86499786
0.08412126
0.0038371647
0.04653591
0.01317502
0.07870897
0.9677633
0.0022836516
0.038986947
0.01575858
0.0088784695
0.002898745
0.4767654
0.7445189
0.4977092
0.004692142
0.025201455
0.8597673
0.018228441
0.009150029
0.10530501
0.0420631
0.02542208
0.09413187
0.0044481875
0.0018983207
0.005017086
0.93040544
0.8910863
0.005186294
0.035823833
0.009396796
0.9654975
0.0136404745
0.04607762
0.009846985
0.19482338
0.005186294
0.047224868
0.16813618
0.008390038
0.68526435
0.13431291
0.9677633
0.004841223
0.009519219
0.88158846
0.045196883
0.029840263
0.6540315
0.015924316
0.10971756
0.009965513
0.8577065
0.009692855
0.05749392
0.023739122
0.71884805
0.0088587245
0.07092385
0.013195322
0.06528491
0.019437142
0.011140583
0.004626249
0.016883822
0.015532149
0.013748003
0.02974494
0.011610062
0.6354803
0.050144635
0.9150274
0.057000663
0.028594058
0.034804575
0.007581795
0.014656072
0.005471932
0.43623635
0.08054965
0.14069586
0.032795575
0.03906034
0.12087814
0.04349704
0.017191568
0.29620928
0.030110475
0.013925651
0.14997359
0.9677633
0.6057394
0.010305449
0.02483258
0.021278253
0.025538871
0.02069713
0.01907392
0.03364401
0.031566557
0.047800966
0.017344004
0.010978102
0.013698907
0.06199346
0.003275149
0.83970606
0.06723823
0.108546525
0.04018306
0.04837397
0.04026674
0.009834549
0.2876207
0.02122634
0.022663815
0.01738237
0.034983043
0.029945124
0.033268474
0.019362105
0.30788505
0.023706215
0.062055893
0.0061022597
0.015628833
0.024273472
0.005095066
0.011514294
0.0061022597
0.008075172
0.0061022597
0.041077632
0.0056768
0.07098697
0.11278526
0.07250954
0.6954841
0.018545037
0.22723724
0.018541321
0.008235307
0.37006798
0.007941888
0.039119005
0.024474198
0.016292688
0.077107
0.03160949
0.020078715
0.005619067
0.009506743
0.048700538
0.014985151
0.021754567
0.96299165
0.05537851
0.8170694
0.042643916
0.7042033
0.044694636
0.1144451
0.5918808
0.04192286
0.017219258
0.030210314
0.045899205
0.025767304
0.09706031
0.9677633
0.030106042
0.17198466
0.023476599
0.010647489
0.65575427
0.07646514
0.009952075
0.94513404
0.10482356
0.0066354563
0.022041304
0.016534485
0.16267663
0.8465539
0.014325719
0.02835235
0.016547661
0.04524535
0.08352867
0.32220933
0.05362687
0.016289633
0.24417363
0.037774045
0.004419744
0.16572852
0.027854724
0.074394055
0.016092306
0.014551734
0.015267476
0.008179004
0.009758624
0.8705188
0.46012336
0.96216315
0.030795867
0.040273834
0.15942933
0.15055157
0.10707405
0.016150055
0.41702592
0.9677633
0.5795259
0.020061862
0.020409813
0.009047849
0.7942044
0.01996304
0.9015915
0.07388868
0.05203326
0.13238195
0.8444742
0.08142999
0.035686895
0.036586624
0.0057122484
0.06428701
0.044614583
0.064065665
0.6950394
0.5394794
0.8668274
0.028838312
0.032323774
0.06238183
0.06950296
0.052070193
0.14953552
0.045433663
0.049854036
0.07092385
0.01013174
0.011212956
0.007385148
0.08754916
0.004396165
0.025470242
0.20171656
0.010724845
0.034833625
0.011201078
0.013632065
0.082421556
0.9323821
0.3280205
0.011757855
0.026814897
0.9677633
0.026427029
0.809498
0.0064885123
0.07643034
0.0064979615
0.09402027
0.011046133
0.19446425
0.013287981
0.06236526
0.013941562
0.012580793
0.0051902044
0.2857669
0.2893569
0.022362059
0.009509095
0.008365708
0.13704637
0.0067880284
0.07277491
0.036687884
0.51595145
0.024213806
0.08780329
0.6096921
0.47227135
0.056315705
0.017055035
0.9105986
0.67228776
0.72492576
0.24056004
0.8935794
0.0073096324
0.009598054
0.18258268
0.024161313
0.091878094
0.18195337
0.86255765
0.96669465
0.6750993
0.9677633
0.033694014
0.0044275224
0.02664587
0.038700167
0.9217344
0.078590386
0.048679456
0.6772677
0.02477364
0.3935616
0.12406336
0.91269857
0.017798625
0.2806371
0.2806371
0.28075954
0.29558837
0.29903144
0.97012097
0.80481875
0.07092385
0.110696346
0.054934572
0.032527674
0.96886516
0.004242571
0.9677633
0.5850807
0.015764715
0.06844436
0.8936576
0.25131363
0.043434307
0.14642759
0.86575264
0.011402408
0.011228053
0.0044134636
0.027891155
0.9677633
0.96880853
0.013483535
0.8980109
0.0045324964
0.008734209
0.21940331
0.0153725
0.8692748
0.018395957
0.0023715328
0.010951623
0.07092385
0.34958622
0.6312509
0.4649359
0.109101035
0.9677633
0.036386695
0.0032211903
0.73468727
0.062160015
0.013028848
0.011802422
0.042773042
0.07092385
0.20109318
0.009343679
0.25617084
0.21002963
0.0048250756
0.05061601
0.00588606
0.9677633
0.9771442
0.022601431
0.048788387
0.85759836
0.5292559
0.01553926
0.025801072
0.12960742
0.603487
0.003056458
0.258238
0.12298769
0.3210616
0.53872854
0.96978635
0.07092385
0.13746245
0.23790792
0.260187
0.23157586
0.990186
0.9677633
0.20306948
0.010070873
0.0031856184
0.783726
0.3391222
0.88647413
0.88647413
0.8509531
0.10790781
0.4591582
0.69084984
0.061071176
0.14401759
0.298492
0.061071176
0.070918754
0.012006436
0.016991904
0.013915789
0.10258273
0.94535047
0.013192798
0.06772698
0.61648214
0.047662746
0.10675657
0.3391222
0.23115358
0.036937397
0.055616666
0.24894094
0.97111917
0.20953798
0.19275264
0.016947439
0.30551308
0.9677633
0.02354927
0.008239168
0.10332421
0.10258273
0.02349681
0.9398172
0.032490402
0.12735249
0.0065570185
0.035767015
0.0057348604
0.47741035
0.035873327
0.01733623
0.94921565
0.07092385
0.207522
0.19951087
0.7042179
0.9677633
0.24737543
0.29717863
0.96881807
0.31544146
0.13906257
0.010858915
0.29883716
0.17909247
0.69182694
0.043218914
0.015684675
0.038147844
0.10354234
0.08997509
0.0915718
0.9578726
0.044169545
0.004192461
0.21596058
0.51325583
0.25295994
0.22135717
0.18890068
0.9677633
0.01495857
0.028181843
0.005088436
0.6346046
0.8717672
0.07157009
0.11279109
0.06950296
0.06238183
0.061851088
0.6288188
0.14945473
0.68467724
0.024960043
0.029946966
0.048804108
0.19393772
0.21355413
0.8922936
0.19844119
0.9677633
0.92521906
0.24399967
0.03752003
0.050108176
0.8058362
0.055106383
0.016726911
0.005216268
0.049487073
0.082424946
0.048926268
0.839511
0.80612326
0.020995928
0.015145679
0.05913756
0.07092385
0.082933314
0.06284104
0.08292755
0.01490699
0.030881593
0.9677633
0.024198012
0.114822015
0.93872595
0.039880387
0.17268002
0.0101325195
0.02785144
0.08440904
0.0997174
0.009876712
0.36353377
0.9684723
0.037419856
0.5350704
0.009591642
0.9750317
0.020413926
0.55575746
0.9677633
0.040854447
0.0040733195
0.0072743753
0.011930857
0.004649088
0.00501859
0.8904997
0.016047597
0.7945212
0.36218303
0.0034872382
0.03160598
0.97833097
0.081522934
0.08116433
0.062463675
0.07287739
0.02888132
0.9677633
0.024603415
0.63322514
0.07334173
0.039964344
0.14528498
0.021923497
0.0341538
0.85597336
0.027372308
0.011558829
0.08097898
0.01863635
0.015002192
0.00415178
0.28940368
0.26082343
0.2646707
0.09164713
