0.030851409
0.28186876
0.0989781
0.23060471
0.8795702
0.3417611
0.2962025
0.18827702
0.78454417
0.39058936
0.07887994
0.59887344
0.16144678
0.28516096
0.6993255
0.19333471
0.31640083
0.82469475
0.48452547
0.7750815
0.3377515
0.07183288
0.7890345
0.31536552
0.18978481
0.11788271
0.87691087
0.7256952
0.088943675
0.77087575
0.42626438
0.78454417
0.10956239
0.79756427
0.17641382
0.8253515
0.07245102
0.3687378
0.41714406
0.11220309
0.030851409
0.06154188
0.8009213
0.7508887
0.8672108
0.107579514
0.59592324
0.27651978
0.52005535
0.015032135
0.79584116
0.8856426
0.35525048
0.21994321
0.2962025
0.20136893
0.30304474
0.33667827
0.32634693
0.030851409
0.24745667
0.093281835
0.5564474
0.10146202
0.66203535
0.5409812
0.5973824
0.5869282
0.66717666
0.6996717
0.30230114
0.40602133
0.78454417
0.04356182
0.41756257
0.5634807
0.060688075
0.29328272
0.8748745
0.2864905
0.41710892
0.030851409
0.044666145
0.9048804
0.9048804
0.19095455
0.41900408
0.29584134
0.052524153
0.1272382
0.15944247
0.77476346
0.16481026
0.3332708
0.26836547
0.2272624
0.9188184
0.089334555
0.11154555
0.42463472
0.19838522
0.030851409
0.27900225
0.9046468
0.03818149
0.7988799
0.027859604
0.34365398
0.29904184
0.7825915
0.75718766
0.27415058
0.045276504
0.33851978
0.16987027
0.3672245
0.6138445
0.8472971
0.16239217
0.59799904
0.69544333
0.19838522
0.030851409
0.2466813
0.16671515
0.6747348
0.019861326
0.7295659
0.7679908
0.304473
0.5524062
0.030851409
0.009464785
0.12395025
0.103793666
0.47630098
0.19838522
0.5101131
0.36177346
0.7819364
0.3437824
0.49288696
0.20473726
0.63292783
0.030851409
0.05741983
0.19838522
0.095584415
0.4382467
0.013112567
0.093752
0.30629066
0.07541497
0.78321755
0.79632705
0.89006025
0.12196545
0.09354103
0.5499142
0.030851409
0.16471724
0.19479236
0.01028927
0.30642217
0.5891026
0.7995851
0.6907399
0.9036961
0.05844965
0.3280287
0.3448463
0.3345691
0.34612763
0.116092935
0.6075614
0.22302404
0.18644136
0.3805904
0.90323395
0.82888794
0.5934275
0.5310596
0.2607975
0.27753186
0.35554403
0.6049404
0.21919343
0.030851409
0.66783625
0.54111284
0.18644136
0.77521074
0.55620044
0.8797915
0.34195557
0.014997406
0.4222536
0.6719769
0.1440604
0.74712247
0.23689912
0.38141716
0.23369832
0.66139734
0.55000746
0.020973649
0.38686445
0.656299
0.6820047
0.7284349
0.58624953
0.030851409
0.7998406
0.5033831
0.06459316
0.45988175
0.24383113
0.56534594
0.4797709
0.16222408
0.25434512
0.6713097
0.5930714
0.20782407
0.36324045
0.86429894
0.85203385
0.20956226
0.69147354
0.11745815
0.16506325
0.684718
0.1779436
0.42900473
0.7706295
0.53241736
0.8022254
0.11169813
0.0202317
0.52638113
0.330404
0.5689703
0.70854443
0.5265432
0.026331251
0.030851409
0.3103002
0.4504991
0.61907154
0.21654047
0.4142671
0.5576692
0.41578096
0.20956226
0.8148353
0.08823076
0.20956226
0.07659068
0.39005193
0.84351134
0.45631215
0.53540385
0.08022212
0.5319015
0.1717029
0.24661545
0.24035573
0.11635629
0.19324732
0.033163365
0.13732003
0.39956567
0.04976689
0.55412465
0.36262867
0.030851409
0.41626456
0.42081288
0.16289684
0.07559741
0.078645654
0.114801124
0.079025865
0.07296238
0.1858072
0.45302144
0.343177
0.41954896
0.6268346
0.36663938
0.2409759
0.73119575
0.27669692
0.67903244
0.55800635
0.17088518
0.046932776
0.010427085
0.030851409
0.14320923
0.43359748
0.09240149
0.1841591
0.638598
0.16964391
0.2935209
0.13830352
0.6052875
0.37931073
0.8994933
0.04319434
0.658295
0.7281045
0.05739067
0.53371733
0.36537105
0.12150239
0.14422613
0.6865854
0.030851409
0.13947664
0.45614517
0.074303426
0.6991676
0.22822821
0.20611517
0.58427733
0.048063643
0.38673392
0.106329136
0.4942849
0.030851409
0.13539496
0.5913947
0.14367461
0.43092114
0.3103817
0.20515937
0.25592467
0.36633432
0.30148348
0.56453556
0.30622044
0.72187495
0.31378898
0.09252641
0.059781082
0.18945132
0.6912769
0.41325423
0.051971897
0.09711046
0.22453256
0.34208697
0.16359174
0.47935453
0.6385071
0.8727168
0.030851409
0.3334673
0.50006574
0.3690816
0.36093858
0.06658232
0.026570091
0.021100264
0.120762534
0.31859976
0.1768465
0.18906535
0.35685098
0.5203547
0.18906535
0.09269333
0.072961904
0.25035927
0.072961904
0.4376536
0.8897125
0.13359733
0.4871732
0.022629967
0.42435184
0.061825518
0.18387875
0.18449718
0.22130936
0.21575017
0.030851409
0.7693151
0.6528331
0.5236846
0.7141993
0.55986166
0.7069103
0.6253086
0.53001577
0.5796742
0.030851409
0.07659068
0.7969731
0.13415137
0.010174132
0.049238626
0.82217526
0.40213972
0.5036603
0.33395815
0.49461603
0.37018058
0.28221336
0.030851409
0.6389074
0.43208262
0.44441912
0.55191153
0.43181014
0.17584208
0.5203547
0.42676267
0.72552747
0.51470554
0.8859458
0.778689
0.89865035
0.42676267
0.04114775
0.31482518
0.6238917
0.70152754
0.012194834
0.3157977
0.030851409
0.45759538
0.54484785
0.07559651
0.8419397
0.8103308
0.21470414
0.20702039
0.114827886
0.64286166
0.7375653
0.07511439
0.801906
0.30817375
0.64003557
0.07610912
0.8240004
0.7481961
0.6276331
0.20797595
0.7649862
0.5455425
0.050580062
0.11098601
0.7642298
0.24228431
0.30197826
0.25305948
0.016280716
0.108176544
0.52966076
0.2626748
0.8203209
0.4044953
0.08099938
0.018786125
0.43830985
0.9375439
0.033246607
0.803311
0.65474457
0.41154358
0.48888656
0.43861103
0.321235
0.04561755
0.13871005
0.09104639
0.52100724
0.42994788
0.8642319
0.37620416
0.31723693
0.018567912
0.3445628
0.7928698
0.7933115
0.4366452
