0.6783953
0.84041715
0.86606556
0.20213471
0.5073897
0.70574933
0.21952619
0.11565084
0.26817584
0.37123317
0.034098357
0.26316416
0.085658774
0.88268256
0.15119617
0.7773585
0.21232861
0.86972445
0.023006283
0.23664406
0.92766434
0.189217
0.84046465
0.6517713
0.58827865
0.42546588
0.27567485
0.06112293
0.0018368684
0.10385776
0.6447295
0.09097883
0.77050036
0.08360877
0.17258772
0.7644126
0.80475837
0.9438256
0.010962928
0.0020782182
0.24742654
0.31205818
0.099288814
0.48200047
0.60441667
0.76456684
0.007914805
0.0027952243
0.7923866
0.7218659
0.0928606
0.12768562
0.060307905
0.0033638238
0.90191835
0.0063736346
0.05983251
0.067471825
0.5196834
0.232886
0.020240296
0.038790066
0.87953883
0.15041889
0.44475105
0.9079835
0.029918015
0.20015198
0.78711313
0.5071748
0.7583824
0.66717076
0.8079501
0.7673991
0.16272965
0.0027941987
0.7020473
0.39772174
0.92401975
0.3115758
0.011349749
0.005904068
0.7137337
0.92234594
0.75352603
0.5061239
0.3339642
0.64971024
0.55365944
0.81045544
0.39613348
0.5212333
0.361046
0.7207189
0.8154866
0.36290377
0.05944908
0.62271464
0.021930601
0.13684043
0.90810114
0.80301696
0.80485284
0.4392375
0.23267496
0.8887242
0.8141655
0.31384462
0.32291135
0.87818843
0.7670039
0.8637421
0.8099717
0.8760262
0.019780818
0.29137662
0.6950993
0.372172
0.8792244
0.26606396
0.31964523
0.7831929
0.23462813
0.0037159529
0.15203628
0.03781804
0.04369069
0.28874427
0.63443655
0.14566171
0.23233445
0.00629632
0.9027779
0.5978251
0.933565
0.7934647
0.76401114
0.2336354
0.96010137
0.9198275
0.28156716
0.25223312
0.816361
0.8055945
0.6227798
0.9520577
0.8724645
0.4470317
0.6262305
0.75693566
0.76520056
0.48710853
0.6290291
0.223804
0.005802227
0.58038884
0.6899278
0.92231214
0.48103786
0.0101350555
0.5662672
0.5662672
0.023379916
0.007154559
0.68255234
0.3747875
0.0048051863
0.020225234
0.01786122
0.03309657
0.0014470147
0.25194034
0.10801446
0.7269967
0.9228197
0.358638
0.83929616
0.08165121
0.86812735
0.91865027
0.7322233
0.64136165
0.8931039
0.6495334
0.031576943
0.7809923
0.7809923
0.0027433117
0.7809923
0.9171193
0.79998755
0.24309883
0.3215328
0.05082517
0.50784665
0.22011107
0.018242974
0.0025480953
0.65710676
0.64039046
0.29092896
0.017652178
0.7267616
0.6279571
0.74710697
0.5043089
0.9564344
0.44585657
0.8173386
0.0033357327
0.3137881
0.8920198
0.008742588
0.92969716
0.2243593
0.81863344
0.28403002
0.0030551439
0.26939183
0.20144238
0.018495494
0.8538361
0.007401187
0.3005345
0.65528387
0.37350574
0.0372998
0.3149371
0.21352482
0.2079568
0.07837419
0.4708174
0.004519643
0.8794919
0.05747904
0.73571974
0.81201863
0.11024028
0.25181907
0.19806087
0.18699189
0.018114073
0.0034763308
0.0011265771
0.30710414
0.5856225
0.14994752
0.68219656
0.30258527
0.1608768
0.38851827
0.0011650043
0.38072458
0.77814704
0.21292657
0.010838061
0.6361401
0.00077841396
0.014996312
0.04080006
0.83752036
0.3495278
0.8753228
0.016520878
0.31568363
0.6962545
0.45320106
0.012882543
0.020536097
0.02214075
0.7539483
0.10852004
0.12088102
0.8546495
0.23735704
0.4722608
0.8428939
0.03465079
0.1865832
0.0015152117
0.009358326
0.1457152
0.14249621
0.07316092
0.9360331
0.57171464
0.12553018
0.51271796
0.7691845
0.07316092
0.6292378
0.86671835
0.0122784
0.067738816
0.063152984
0.51108915
0.73263925
0.24754699
0.07305862
0.226925
0.14082566
0.95641667
0.0035597747
0.66976637
0.72098523
0.94762117
0.71123314
0.05738496
0.006911461
0.4082505
0.4082505
0.13112168
0.011923156
0.90553164
0.14082566
0.8820419
0.25717482
0.18889666
0.062888846
0.553758
0.105354615
0.02193906
0.61014867
0.9035799
0.46259847
0.005516156
0.49914157
0.042055223
0.61217016
0.82521653
0.0008983769
0.26320833
0.5154785
0.18387252
0.9453084
0.0653315
0.3888086
0.89415425
0.49181482
0.25251257
0.45859352
0.037896402
0.03183615
0.8363041
0.0020401748
0.56907743
0.008948989
0.8488894
0.048968296
0.0044954163
0.015349764
0.040270146
0.12286025
0.016526902
0.2396855
0.6837295
0.5966185
0.22047527
0.85735637
0.050301574
0.21817148
0.3348428
0.5207049
0.001033168
0.007142164
0.11306282
0.044597797
0.49013922
0.023669522
0.7023072
0.69714886
0.0114961285
0.042276956
0.593272
0.64460164
0.09511311
0.2418142
0.123383075
0.7505838
0.7372645
0.8338172
0.19860065
0.3966605
0.6536729
0.037165362
0.8338172
0.8338172
0.27252948
0.4777811
0.78409696
0.70574933
0.044378795
0.40530193
0.035227302
0.371342
0.37123317
0.35789424
0.9025806
0.8054883
0.61056364
0.4596876
0.4738179
0.52800655
0.0060542417
0.023683148
0.23047896
0.016941318
0.4599006
0.46502087
0.27567485
0.7819162
0.0012609095
0.17258772
0.002870513
0.12054779
0.01140372
0.22202875
0.84936994
0.034782164
0.8303511
0.79535735
0.6168808
0.60145736
0.9324678
0.83406913
0.9605082
0.8722422
0.20306866
0.12768562
0.0928606
0.90598416
0.013474403
0.2199316
0.42034635
0.8966933
0.00953201
0.46429017
0.8008231
0.32025877
0.13296218
0.85900956
0.85900956
0.85900956
0.85900956
0.8123369
0.022977648
0.28414735
0.1278246
0.008191268
0.8409294
0.009197084
0.47684345
0.16272965
0.0018031392
0.31679517
0.0070520784
0.32631475
0.7721964
0.837738
0.14916277
0.602207
0.361046
0.71378607
0.19317442
0.10092443
0.9179686
0.82567126
0.25114232
0.11128124
0.6035118
0.05217956
0.0055024964
0.85002244
0.12637746
0.0033865336
0.34176844
0.3848561
0.6114621
0.008675203
0.4348061
0.815057
0.010091397
0.8309306
0.014789814
0.65509564
0.2503747
0.5957729
0.7029294
0.020507509
0.020821247
0.0101350555
0.43522498
0.35930902
0.87380284
0.47933894
0.7798857
0.80732256
0.3263142
0.9703841
0.18061063
0.05551731
0.82340324
0.6804575
0.3522216
0.031576943
0.020504678
0.63780886
0.9147095
0.811773
0.16377415
0.30739042
0.8431165
0.05917573
0.0030821573
0.0018087205
0.38657948
0.8187406
0.58747095
0.7373725
0.781153
0.11144832
0.0023904925
0.6018335
0.099288814
0.27083218
0.80767685
0.91790783
0.09826362
0.75559926
0.5395551
0.39421922
0.76176846
0.0011072764
0.00097035797
0.38244092
0.021859273
0.82603276
0.15905944
0.7054257
0.8971424
0.56402904
0.0006367252
0.50538135
0.0025577955
0.004055703
0.2079568
0.67502147
0.8300957
0.6652574
0.1877831
0.30913714
0.20518091
0.38133168
0.39710245
0.04080006
0.0939657
0.32657734
0.60938174
0.8273917
0.2415232
0.7086245
0.5077458
0.7896103
0.5911557
0.46738362
0.016927065
0.016520878
0.6822301
0.785467
0.025022507
0.28194788
0.2870541
0.9101152
0.33505106
0.6443198
0.0063946936
0.021025829
0.031213908
0.37786382
0.36789876
0.11881975
0.90464824
0.9440727
0.7526956
0.9351543
0.22092077
0.94961745
0.037250698
0.90880203
0.083340295
0.020496577
0.93037343
0.85242033
0.7238017
0.34083498
0.22070749
0.30285776
0.009886103
0.6235312
0.4657925
0.45072365
0.47478238
0.08252567
0.4501263
0.51271796
0.83025914
0.63007104
0.78141594
0.9280309
0.83752763
0.5890351
0.19832589
0.29834935
0.039343964
0.013040817
0.32636634
0.61944264
0.3820813
0.9426084
0.46923846
0.31776416
0.64088124
0.0023430034
0.0023325775
0.6822468
0.5840328
0.6982987
0.38915566
0.6703567
0.62092584
0.036183666
0.011918402
0.051106483
0.8316658
0.70033807
0.08068577
0.0010324861
0.0010324861
0.9412185
0.2732654
0.65021956
0.5899855
0.2463793
0.01142434
0.765807
0.016526902
0.14725909
0.7433926
0.8688394
0.87759346
0.093253866
0.0025205014
0.69263935
0.7448163
0.31087533
0.44584912
0.0038002897
0.42697978
0.25175968
0.29223168
0.17136155
0.9307148
0.18053825
0.47316742
0.053441595
0.21751505
0.80341923
0.033182044
0.9092574
0.09718156
0.17185475
0.6534876
0.4872733
0.2222118
0.8675087
0.34622306
0.14339109
0.10072935
0.60407317
0.58827865
0.62981147
0.051609296
0.14956751
0.79560727
0.18558921
0.95210576
0.7982177
0.06435865
0.016526902
0.5687306
0.0038030392
0.28934923
0.8162125
0.35456455
0.87743753
0.46482372
0.78786254
0.5772685
0.39625853
0.61650825
0.6087355
0.68902934
0.9290286
0.05548
0.75085974
0.8222346
0.15070051
0.92609376
0.16388623
0.092583634
0.076726556
0.60229665
0.013494599
0.21300587
0.01687963
0.042884737
0.026858924
0.035298884
0.15608169
0.037165362
0.24474715
0.72620183
0.13582619
0.002506674
0.609793
0.07361838
0.40968937
0.41590652
0.5395013
0.17339674
0.15933077
0.5732688
0.77425826
0.22505607
0.100895
0.10566329
0.4566819
0.07928606
0.70574933
0.37123317
0.1463321
0.7642865
0.88020927
0.15466739
0.16264883
0.4392375
0.0055691893
0.89777887
0.80517256
0.3824746
0.27567485
0.6350958
0.88480914
0.17258772
0.5361718
0.8764
0.9321138
0.9564297
0.918393
0.7605654
0.011143564
0.78637755
0.0928606
0.12768562
0.5043089
0.9149384
0.0014858722
0.48587885
0.3137881
0.53725946
0.011377188
0.13487856
0.049499497
0.038576405
0.24309883
0.059216596
0.03922416
0.96281105
0.3423598
0.04946944
0.5336019
0.1290941
0.0062808315
0.15647705
0.7729749
0.5962163
0.07372695
0.28393775
0.16272965
0.1608768
0.004076512
0.43613395
0.9034492
0.6569384
0.776208
0.066910595
0.12948637
0.84957856
0.28749853
0.361046
0.2737412
0.39030296
0.9644832
0.70102745
0.5863605
0.5210505
0.13587573
0.047876943
0.5962771
0.70484185
0.19517073
0.88881975
0.8997686
0.0023047212
0.89512926
0.45800027
0.3449566
0.7006058
0.029930325
0.0101350555
0.8369549
0.5873915
0.03135892
0.119913556
0.004376613
0.57654774
0.83062726
0.001157178
0.3263142
0.055463243
0.006449339
0.7354739
0.031576943
0.6893787
0.54986465
0.007278977
0.9213516
0.8639347
0.22451822
0.31403756
0.014592621
0.011828525
0.6171271
0.7379745
0.42384085
0.42384085
0.42384085
0.8830543
0.6549443
0.8830543
0.43875098
0.9021797
0.022662874
0.32846022
0.43897328
0.0039818566
0.5928456
0.18887465
0.021517742
0.8141365
0.032018494
0.37195417
0.4563486
0.24440914
0.006670084
0.2079568
0.10852004
0.0017067416
0.6439017
0.21740897
0.873822
0.91206384
0.73571974
0.40271744
0.86907613
0.9521751
0.35747737
0.7686426
0.8151374
0.08893334
0.79466045
0.5019775
0.3588397
0.78141594
0.9196705
0.005370185
0.0043456214
0.2656758
0.009224334
0.96871525
0.96823555
0.34278473
0.84196705
0.5668118
0.8901726
0.33138087
0.00966122
0.04080006
0.62270343
0.88494074
0.40650818
0.023153467
0.62258434
0.016520878
0.7620037
0.69855577
0.020673139
0.26039606
0.6126752
0.6139314
0.2383692
0.62270343
0.49181482
0.69582385
0.04812682
0.10483297
0.8618283
0.022351343
0.031623263
0.018940443
0.019275835
0.90183437
0.3456075
0.51271796
0.8104446
0.7125059
0.037384834
0.03066768
0.21067388
0.030225605
0.0043159197
0.4024712
0.04487213
0.25609526
0.046781164
0.042200554
0.6595821
0.029097877
0.1832854
0.8851794
0.01142434
0.36001128
0.14243956
0.7166113
0.060372595
0.007239876
0.030105712
0.8698073
0.0055100503
0.9079339
0.099288814
0.63589406
0.72117406
0.16204946
0.8131847
0.8605593
0.88053226
0.7644588
0.78901786
0.62777364
0.8205656
0.27409893
0.8747248
0.018360684
0.017410088
0.3944301
0.009226648
0.48254102
0.69086933
0.061390735
0.7044308
0.41958243
0.6186383
0.8349031
0.18583478
0.89239675
0.34947282
0.29458025
0.5776102
0.20483066
0.01535362
0.016526902
0.48518154
0.92101145
0.2143999
0.8503628
0.9435911
0.83337545
0.6919805
0.021042848
0.008588562
0.22202875
0.0069947694
0.7459337
0.0381547
0.14472365
0.04387722
0.017881252
0.03402449
0.44787863
