0.01933215
0.011671691
0.00584235
0.039329883
0.03221895
0.010344402
0.1257046
0.027840013
0.021299206
0.07698769
0.7606809
0.025427867
0.20224983
0.004196948
0.15452547
0.011457736
0.02997955
0.004725242
0.7209224
0.030732095
0.00432496
0.03494165
0.012401135
0.021925027
0.022820357
0.02186269
0.0924033
0.14495768
0.94980055
0.09048278
0.0142293
0.2124356
0.009288355
0.10584679
0.036304325
0.013951969
0.0077615483
0.003441954
0.35423425
0.9600597
0.080828376
0.038697284
0.10545546
0.037806354
0.024119427
0.011413516
0.7354642
0.91762686
0.011568045
0.04634975
0.11790481
0.06409129
0.37198952
0.89854455
0.003086255
0.3994244
0.6284672
0.60666806
0.042467687
0.04659
0.804762
0.032845173
0.004939747
0.13367645
0.021492392
0.003923332
0.346693
0.09229814
0.011121393
0.011643463
0.008959145
0.01396831
0.012511853
0.010598816
0.13626018
0.53904045
0.015588473
0.025995752
0.005143547
0.03564218
0.1957265
0.5047609
0.011526004
0.0039991178
0.02013082
0.027519383
0.01883379
0.012533167
0.027463181
0.013071395
0.07534316
0.024380453
0.046636254
0.009446245
0.011782471
0.03919334
0.63654435
0.026681488
0.31109068
0.08982731
0.004588001
0.0074688396
0.0051914626
0.02117972
0.023397535
0.0053459266
0.009428141
0.03490709
0.020344585
0.0061465725
0.008679493
0.0062305625
0.007057715
0.0053770556
0.26260528
0.04762896
0.024658667
0.051265772
0.006035419
0.09309577
0.120522276
0.023701629
0.08850282
0.90723854
0.16649503
0.1743579
0.12996005
0.048245568
0.011729215
0.032128923
0.077763505
0.45861936
0.0047655012
0.01236214
0.0026622065
0.012376392
0.011452345
0.23014659
0.0022048007
0.0067124367
0.096823566
0.051330503
0.010820626
0.011187365
0.023571184
0.0034528677
0.0050734556
0.047441524
0.037941363
0.0066941576
0.015776575
0.06526623
0.019385707
0.035416443
0.7783477
0.023678057
0.007284078
0.0032248686
0.031622145
0.73475677
0.011440395
0.011440395
0.58085304
0.7196514
0.012150995
0.040489446
0.6353869
0.3676938
0.04995977
0.40071994
0.9451465
0.16316855
0.062482163
0.01355068
0.0053756484
0.051817387
0.0048109055
0.26317364
0.0036857952
0.0027034008
0.0054609575
0.021310804
0.005528571
0.014057409
0.20655443
0.0069584223
0.0069584223
0.92583257
0.0069584223
0.0026957304
0.006513748
0.03962229
0.040805567
0.6089544
0.033862453
0.07870394
0.072557285
0.909646
0.019650342
0.031377282
0.08629926
0.6896103
0.008809411
0.013819925
0.008166966
0.07018836
0.0021653203
0.039947864
0.007251128
0.7589201
0.029503928
0.0038999608
0.4713503
0.0033620025
0.038590066
0.008455827
0.12619935
0.9126753
0.03841314
0.08931899
0.45876876
0.005393331
0.3422926
0.026662692
0.013978161
0.020606438
0.46675667
0.12253322
0.028055716
0.07003916
0.6321227
0.020279288
0.6819559
0.006459339
0.20337932
0.006916864
0.006030388
0.05274925
0.095012315
0.05235471
0.085118696
0.7729781
0.9073292
0.92887247
0.027648544
0.028932428
0.04163413
0.009058565
0.019004656
0.034940753
0.016708927
0.9892027
0.019430894
0.009388214
0.21974511
0.16125128
0.021609444
0.9341815
0.68308103
0.21784835
0.006005316
0.034148704
0.0063529504
0.65012777
0.072470784
0.01950721
0.044011395
0.1462546
0.19772163
0.44813538
0.009490451
0.041196182
0.052773897
0.0048593353
0.02874716
0.022117654
0.0094487
0.5341027
0.019256748
0.96631885
0.6442357
0.06354476
0.23407564
0.072880834
0.0032558742
0.02003245
0.041163746
0.021366498
0.010765022
0.072880834
0.014634521
0.009889704
0.16111802
0.074186094
0.072170325
0.00970613
0.008553184
0.07830468
0.17398857
0.027527984
0.056341186
0.0033175056
0.87213445
0.0092280125
0.009168278
0.0041263066
0.009178397
0.15093528
0.67757684
0.03206692
0.03206692
0.024063557
0.3341952
0.0031745024
0.056341186
0.0043319603
0.032723278
0.061485708
0.05846219
0.012565541
0.097749084
0.30983126
0.022320967
0.004126145
0.035098173
0.47053206
0.01485125
0.80043024
0.030459631
0.010857072
0.98030937
0.02960663
0.018879399
0.02129057
0.0022544554
0.3217486
0.02543529
0.0047070556
0.020170383
0.08491937
0.011928752
0.09096485
0.4118007
0.007799197
0.91307074
0.01580347
0.81386495
0.0070164762
0.15817116
0.5615668
0.56649756
0.22376613
0.10368758
0.46143597
0.066702485
0.0137835005
0.015788348
0.084549665
0.005063492
0.08828098
0.10701558
0.047372125
0.009980681
0.9784863
0.3190181
0.17128216
0.15025623
0.03982973
0.08304582
0.013884141
0.016277734
0.8270391
0.41749972
0.032000184
0.031988233
0.0627478
0.11457286
0.028675616
0.008003543
0.010148012
0.0059524965
0.064160205
0.1399113
0.030345386
0.11453528
0.0059524965
0.0059524965
0.061217427
0.039337523
0.031362187
0.010344402
0.105887204
0.029326156
0.040115338
0.022271134
0.07698769
0.029570548
0.007113928
0.007871406
0.017603477
0.014459262
0.09624064
0.017145984
0.7319519
0.6147908
0.09208113
0.41202968
0.020848226
0.020605074
0.0924033
0.00823652
0.9639102
0.036304325
0.92574644
0.06603227
0.649376
0.04428446
0.008723461
0.18497686
0.007642006
0.0063962108
0.013487374
0.013134986
0.0031400768
0.010503236
0.0023101931
0.004589805
0.14959571
0.06409129
0.11790481
0.0047844145
0.41625124
0.08722706
0.026290737
0.003974793
0.61950904
0.03039176
0.012582474
0.07840653
0.06425467
0.007791666
0.007791666
0.007791666
0.007791666
0.016626436
0.50425434
0.06248045
0.041294314
0.35463974
0.0050423797
0.44935864
0.044614743
0.13626018
0.89117014
0.04594749
0.697942
0.08926987
0.007840557
0.006980171
0.084079236
0.023820711
0.046636254
0.011920982
0.109433524
0.10809411
0.0048351767
0.007234171
0.03624779
0.046659436
0.013198652
0.26773354
0.4996215
0.0044302056
0.11001931
0.8710407
0.067569464
0.060787894
0.011272184
0.37109703
0.035484824
0.008096409
0.6232074
0.0067966837
0.5845428
0.010075447
0.102591194
0.026227914
0.017412225
0.31517744
0.20125164
0.73475677
0.11819711
0.021121493
0.009450404
0.024029719
0.007811108
0.00848253
0.05406518
0.0017948983
0.09027559
0.33275586
0.013123444
0.016239222
0.051929437
0.20655443
0.52471673
0.03450238
0.0048248344
0.006252103
0.021656577
0.10185907
0.0059587257
0.06299138
0.9327241
0.97492516
0.14177504
0.006609573
0.017429415
0.023989728
0.009173158
0.0807539
0.7292729
0.018107682
0.10545546
0.06409785
0.013145042
0.002679661
0.21043794
0.0073908395
0.016671263
0.027199952
0.009256211
0.9393365
0.9573626
0.025529986
0.22742324
0.007381166
0.04815396
0.015154069
0.005702154
0.015956601
0.9835983
0.02696536
0.8904702
0.66871643
0.07003916
0.014821871
0.007460011
0.013276153
0.060203113
0.08055532
0.046029314
0.020543417
0.024495143
0.21784835
0.25115964
0.019039998
0.0130802775
0.0058995998
0.04764285
0.0098150065
0.029853994
0.006882307
0.021030957
0.017678594
0.52020675
0.65012777
0.012159752
0.006219238
0.12809235
0.023767691
0.032690637
0.0048867525
0.038146414
0.016027607
0.38583565
0.19845013
0.0786064
0.020845346
0.024545616
0.056021634
0.0026801524
0.0039418316
0.017965317
0.0022934715
0.03258434
0.003506926
0.07192823
0.0037328543
0.16481803
0.41614312
0.0027466072
0.008103117
0.005873594
0.0960326
0.027335986
0.03372854
0.69393176
0.01483812
0.025267743
0.0340376
0.024385193
0.38864192
0.06934019
0.021366498
0.008090528
0.011686167
0.008175279
0.003103129
0.008522125
0.018300174
0.12121392
0.046530817
0.049111903
0.7047938
0.027729616
0.013234835
0.06875745
0.004381762
0.012356241
0.12809241
0.012264525
0.674173
0.6760982
0.0071474304
0.033107124
0.00957771
0.07251917
0.011754673
0.00965185
0.09439674
0.073676094
0.16433245
0.0057135625
0.013398449
0.20234522
0.9700809
0.9700809
0.0024499074
0.026756255
0.022645112
0.024300592
0.022018295
0.3396625
0.007002359
0.46143597
0.061714925
0.012147876
0.0053342143
0.0050767185
0.4667745
0.8076327
0.01612449
0.0153028
0.033500366
0.022888541
0.906202
0.12000215
0.041920695
0.047953703
0.029986955
0.0032322882
0.22028995
0.024372226
0.45680755
0.05109538
0.006859993
0.06352217
0.0036936223
0.10419429
0.33328304
0.017254958
0.015332674
0.055807717
0.0055380785
0.06025938
0.05990846
0.10229379
0.016529338
0.022820357
0.012870984
0.14974523
0.026222562
0.012574783
0.15215485
0.003808468
0.0072732344
0.07425578
0.46143597
0.030235965
0.87242925
0.032639567
0.0066789933
0.059168916
0.003388628
0.026120938
0.017003397
0.013902738
0.054422334
0.010690669
0.021743184
0.011413295
0.0044327537
0.4285475
0.011225718
0.0072550694
0.42817158
0.0047539873
0.08728758
0.3726861
0.031478893
0.013662062
0.66539276
0.078726605
0.72304595
0.16780315
0.52800417
0.5923539
0.14352812
0.11453528
0.06092698
0.007691624
0.022408998
0.93849224
0.01657915
0.09805088
0.021401698
0.058530856
0.013506486
0.094475485
0.030347265
0.016577644
0.009651337
0.042268053
0.0845868
0.070191994
0.025117401
0.29748195
0.010344402
0.07698769
0.056674235
0.015158229
0.004708644
0.06888888
0.034691602
0.02117972
0.49970287
0.0064225392
0.007040217
0.06869838
0.0924033
0.009831032
0.0036184015
0.036304325
0.025983566
0.0059347963
0.0036987413
0.0026274903
0.004824637
0.013418779
0.5112582
0.020378828
0.11790481
0.06409129
0.07018836
0.0029234642
0.9494744
0.02650273
0.029503928
0.020882042
0.5421418
0.07930388
0.54602724
0.22087833
0.03962229
0.07178846
0.21996155
0.0021248204
0.109377146
0.06268777
0.017860966
0.05170768
0.82311165
0.040254325
0.007910024
0.018559175
0.14413942
0.082188696
0.13626018
0.034940753
0.8931349
0.031749256
0.004676129
0.0119265355
0.0130300345
0.37542292
0.33760756
0.007747963
0.03202227
0.046636254
0.024350097
0.10460795
0.0025290914
0.017035624
0.017467076
0.025110606
0.023200234
0.47458023
0.042562243
0.013510756
0.10087485
0.006403479
0.0041047465
0.9191549
0.0067251893
0.02568963
0.020727683
0.012451543
0.28723824
0.73475677
0.0064563313
0.019444807
0.42282742
0.01919244
0.9366812
0.03962168
0.014073855
0.9668589
0.05406518
0.088649675
0.3716953
0.012851882
0.20655443
0.047493376
0.017330837
0.8067943
0.0035973124
0.0053047603
0.16202699
0.05441816
0.49193963
0.47687748
0.038104948
0.010803824
0.025279222
0.025279222
0.025279222
0.004845882
0.013922213
0.004845882
0.016020868
0.0051429654
0.056364354
0.034018032
0.038425427
0.56865513
0.03634412
0.05733689
0.37976342
0.010542001
0.40846917
0.024700193
0.029071981
0.070262
0.7933735
0.07003916
0.041196182
0.9594386
0.021537421
0.053514857
0.004316551
0.00509413
0.006916864
0.026285179
0.0068392074
0.0019970953
0.016177388
0.006235673
0.006549862
0.017478367
0.011271472
0.013118815
0.020259766
0.008175279
0.0039611873
0.7905353
0.750115
0.037141275
0.15935032
0.0021923436
0.0022310687
0.043916106
0.003882795
0.027679902
0.0052262563
0.035263408
0.18992655
0.21784835
0.014207462
0.0058237305
0.021816248
0.11085712
0.038580753
0.65012777
0.01980288
0.008018036
0.1975
0.06219936
0.021686584
0.018299542
0.047788993
0.014207462
0.020170383
0.01158101
0.04062478
0.043066796
0.005889002
0.63168657
0.16332997
0.784155
0.12399742
0.004481704
0.026662437
0.021366498
0.007539923
0.016920382
0.09681184
0.0741162
0.036352344
0.073428124
0.8691662
0.025385542
0.1968242
0.030956354
0.3180254
0.1257035
0.0123529425
0.24468726
0.05540118
0.0038019172
0.3396625
0.032744296
0.26662946
0.011414388
0.17347339
0.7949985
0.06957766
0.0055344705
0.4557847
0.0061828913
0.10545546
0.01522276
0.011188461
0.103382796
0.010643549
0.004540857
0.003095652
0.008486302
0.016719785
0.010931736
0.0050013494
0.08648609
0.014233615
0.5480733
0.7176219
0.03779414
0.5859878
0.04057804
0.01547057
0.17122987
0.008787923
0.052934885
0.012282912
0.0065466585
0.06709824
0.00682278
0.18290295
0.07846048
0.014552816
0.04592522
0.8563852
0.46143597
0.020298408
0.0049949037
0.05250695
0.006143176
0.0038188603
0.0079498645
0.010831515
0.52383024
0.8233005
0.04428446
0.670821
0.019071687
0.12271313
0.06363934
0.37922373
0.59008026
0.27107322
0.026323486
