0.02844466
0.010344402
0.17960803
0.025405494
0.022485798
0.07698769
0.04428446
0.0043931785
0.01183258
0.0065678894
0.03359434
0.032693315
0.014686608
0.06280599
0.0031126495
0.047254007
0.009039343
0.0027900268
0.0924033
0.08540976
0.036304325
0.029372122
0.2913411
0.0243925
0.013284544
0.0117317755
0.009894124
0.12851764
0.12851764
0.024207843
0.008495431
0.03798525
0.06409129
0.11790481
0.012038175
0.02450981
0.09072531
0.9677633
0.21356966
0.032469496
0.015983395
0.22371344
0.24862619
0.009995112
0.0068559563
0.008254134
0.0024307028
0.10366511
0.0035959806
0.22937624
0.8576616
0.7505219
0.12851764
0.036073614
0.20893863
0.06934019
0.29989228
0.13626018
0.031506736
0.016750839
0.0060345423
0.008825982
0.5901458
0.0029779626
0.8078145
0.25103197
0.112724274
0.07994642
0.14164165
0.008024451
0.031254567
0.031254567
0.55691695
0.046636254
0.3028456
0.038945183
0.0246547
0.0365664
0.15744792
0.0029905355
0.44036725
0.21650244
0.003433342
0.007571717
0.9040215
0.21032873
0.032457452
0.8960205
0.0022421775
0.03203611
0.044000886
0.036997117
0.05037573
0.028496955
0.009173646
0.0373392
0.6510022
0.0044636074
0.094259694
0.0050767185
0.05017453
0.027009392
0.015681975
0.0029054722
0.014789551
0.00765571
0.016994713
0.0064867986
0.01686444
0.73475677
0.2334578
0.64872
0.0068204477
0.0076647424
0.66463923
0.45979676
0.34832814
0.002145873
0.1328974
0.5097466
0.05406518
0.006220083
0.96489966
0.027986541
0.0043237144
0.20655443
0.12851764
0.0065299333
0.03524992
0.011084787
0.91957444
0.03463286
0.05051759
0.43203464
0.0066821235
0.10930786
0.955529
0.015598174
0.008513369
0.055807717
0.24269708
0.13746713
0.06479399
0.027753431
0.0040114108
0.18744764
0.8941129
0.403046
0.15196402
0.041410923
0.03051487
0.13399404
0.02411545
0.14338604
0.0992649
0.05802594
0.039804086
0.0045794537
0.009943514
0.0051897457
0.4549542
0.07003916
0.012625959
0.10381569
0.78808147
0.006126697
0.015908213
0.011441891
0.022875043
0.8140323
0.052645214
0.563721
0.16808282
0.08496084
0.6736011
0.007847584
0.26824394
0.009256211
0.061729543
0.16421047
0.21784835
0.0033336757
0.034148704
0.04420443
0.008797887
0.06252209
0.9909464
0.003628442
0.65012777
0.0047097136
0.08852722
0.42079505
0.0567251
0.7092085
0.30089742
0.0038413084
0.07205008
0.013572919
0.1648662
0.014004044
0.11050826
0.6849761
0.028187567
0.007795525
0.010422456
0.35089007
0.01018593
0.0093406215
0.011883371
0.015824674
0.5204374
0.011329959
0.10205498
0.03258434
0.00303224
0.1200888
0.667806
0.69174474
0.0027289472
0.04784321
0.005009619
0.008050446
0.39550996
0.21316531
0.028482268
0.022846987
0.004146982
0.037001397
0.032537304
0.21316531
0.028482268
0.022846987
0.6242878
0.07774692
0.7788788
0.023529444
0.028482268
0.81891245
0.17640132
0.120265774
0.10932261
0.3341952
0.16215682
0.0451928
0.022846987
0.011907951
0.011480897
0.011480897
0.023620518
0.055884063
0.04237221
0.17090532
0.015548015
0.12497546
0.029965015
0.01116969
0.544317
0.07639533
0.009773939
0.013652563
0.024267234
0.6242878
0.066113144
0.1428387
0.014743105
0.102334134
0.83640593
0.2995998
0.6394258
0.108447306
0.023751762
0.009031439
0.13856204
0.01596647
0.026913151
0.026743216
0.006283361
0.066387214
0.016117856
0.0050550746
0.027419295
0.095170945
0.90867335
0.023529923
0.08344475
0.086229816
0.00254829
0.015379713
0.046721686
0.00499398
0.030201932
0.03470212
0.016814671
0.12261011
0.8710022
0.08352577
0.6756937
0.07880826
0.054779477
0.4311512
0.0050315415
0.013571385
0.10447033
0.63905936
0.023224
0.076504976
0.051145896
0.12975544
0.9527544
0.9527544
0.26594403
0.019847322
0.22389248
0.017221946
0.00841979
0.8978948
0.034842696
0.035664182
0.10902717
0.6194651
0.8401059
0.024640832
0.07605016
0.009392211
0.08736317
0.10128392
0.66539276
0.15355103
0.012447451
0.9061109
0.11453528
0.056341186
0.032350145
0.02117972
0.06411537
0.0064660255
0.012322487
0.07698769
0.022816071
0.040122345
0.032693315
0.014686608
0.015475892
0.37037632
0.16949193
0.041196182
0.0036293566
0.03490178
0.0924033
0.0066221906
0.018215757
0.8848521
0.026714757
0.03962229
0.67435896
0.0117317755
0.22985642
0.92774755
0.03798525
0.06409129
0.11790481
0.02450981
0.02851994
0.09072531
0.7069626
0.9677633
0.35463974
0.015983395
0.016241321
0.0066192667
0.028028715
0.028028715
0.025405494
0.28406972
0.10366511
0.003286842
0.0053194426
0.9473541
0.018629327
0.1323734
0.33550337
0.20893863
0.29989228
0.13626018
0.050893333
0.06360832
0.008825982
0.0028958528
0.009350293
0.8078145
0.13845462
0.029503928
0.07994642
0.07123087
0.0076255654
0.009687786
0.054831475
0.022973908
0.011688548
0.55691695
0.3028456
0.046636254
0.09523821
0.041512877
0.013676511
0.004803731
0.032604285
0.44036725
0.0442839
0.14868574
0.01018593
0.023551252
0.034940753
0.036997117
0.05037573
0.044979867
0.010507375
0.042387825
0.036127634
0.0373392
0.065520145
0.5226159
0.094259694
0.008480104
0.008480104
0.05017453
0.019142585
0.31480664
0.05687905
0.004375609
0.008261377
0.009429007
0.73475677
0.9098691
0.009669222
0.033213545
0.0127045475
0.34832814
0.45979676
0.0068001132
0.1328974
0.05406518
0.01956003
0.020203201
0.092936106
0.97200364
0.004471736
0.20655443
0.0054248055
0.013146346
0.037368473
0.0031763297
0.04907311
0.039564338
0.08317175
0.16942456
0.05603561
0.06479399
0.007123538
0.015220382
0.8986399
0.95919156
0.8182668
0.02445743
0.18744764
0.96334344
0.37997892
0.18313351
0.023441346
0.07391325
0.13896741
0.20837474
0.07003916
0.08018178
0.9267619
0.012716404
0.813303
0.16808282
0.563721
0.04989607
0.631164
0.9091183
0.65501875
0.6056779
0.012726387
0.24892902
0.008480104
0.009058393
0.024046244
0.027913896
0.009932248
0.25724754
0.16421047
0.006088853
0.603719
0.5812351
0.015544125
0.005462444
0.2988049
0.21784835
0.014995636
0.016748294
0.014216856
0.9400276
0.012107291
0.020861352
0.03696362
0.034148704
0.022220789
0.65012777
0.04345884
0.08852722
0.42079505
0.7642765
0.012935987
0.67721885
0.03736942
0.07205008
0.013572919
0.014004044
0.58077997
0.028187567
0.066181906
0.047295116
0.04333549
0.0063689062
0.003664532
0.35089007
0.52207035
0.011519424
0.012415517
0.19480617
0.049508452
0.01588516
0.0034479494
0.027228106
0.0043887356
0.007915693
0.0342893
0.1200888
0.0066670603
0.020170383
0.015010419
0.023754828
0.21316531
0.028482268
0.022846987
0.037001397
0.032537304
0.21316531
0.028482268
0.022846987
0.6242878
0.08498875
0.07990597
0.028482268
0.3341952
0.019832358
0.010639691
0.0061341017
0.019470192
0.002834343
0.009271852
0.022846987
0.01268032
0.016434282
0.048292972
0.3141957
0.019435916
0.9070161
0.008377382
0.26118347
0.0342673
0.12497546
0.03120862
0.03639996
0.02045909
0.005049797
0.004714913
0.6242878
0.9827297
0.10545546
0.04052742
0.008485434
0.2995998
0.04610153
0.6394258
0.87667525
0.21014063
0.13856204
0.066387214
0.0069015534
0.0069050025
0.014548228
0.0034863185
0.0034863185
0.0034863185
0.095170945
0.0040069968
0.0050597996
0.014738427
0.27553794
0.03185884
0.5736063
0.04428446
0.002837604
0.018586708
0.08352577
0.054779477
0.10447033
0.027996922
0.023224
0.076504976
0.051145896
0.014929865
0.00943964
0.26594403
0.12975544
0.025618762
0.6406343
0.22389248
0.55535424
0.00841979
0.021887118
0.36110604
0.014502693
0.034842696
0.035664182
0.6194651
0.10902717
0.09311333
0.09311333
0.97346866
0.0664297
0.07605016
0.0342893
0.033480372
0.10128392
0.08736317
0.66539276
0.010602436
0.011022142
0.16365358
0.38730508
0.00639265
0.11453528
0.012637462
0.022028165
0.3460016
0.05385399
0.0047306744
0.010344402
0.023647584
0.07698769
0.33151993
0.008638003
0.032693315
0.014686608
0.019060642
0.038366374
0.39763942
0.02088412
0.0056889663
0.036304325
0.59939986
0.0117317755
0.06934019
0.14486334
0.03798525
0.06409129
0.11790481
0.010546551
0.020301184
0.02450981
0.052750453
0.7253041
0.09072531
0.04601256
0.9677633
0.9575984
0.015983395
0.2198332
0.0050488585
0.10366511
0.11006087
0.016189933
0.0071925176
0.2209786
0.027316678
0.20893863
0.0054468517
0.13626018
0.29989228
0.0041985023
0.008825982
0.0035707895
0.0031645005
0.005016062
0.0065955003
0.13280144
0.8078145
0.099042825
0.0050767185
0.043961916
0.07790847
0.0032147516
0.07994642
0.013058236
0.55691695
0.3028456
0.7200165
0.95491385
0.663981
0.01018593
0.010132316
0.13660108
0.3475739
0.009256211
0.44036725
0.07761145
0.06760861
0.020705635
0.02172197
0.078504406
0.148261
0.07133771
0.15471931
0.036997117
0.05037573
0.27171135
0.023511736
0.0373392
0.26790148
0.38461664
0.094259694
0.05017453
0.014861808
0.055807717
0.20250909
0.007793486
0.0382371
0.73475677
0.009272085
0.118530475
0.050900627
0.08757303
0.45979676
0.34832814
0.5635591
0.033462945
0.015511042
0.1328974
0.05406518
0.1248751
0.49064898
0.9687321
0.013822838
0.20655443
0.018841838
0.008901457
0.016583117
0.9756782
0.029426726
0.013146346
0.033546787
0.0065195183
0.0100379875
0.09240051
0.03258434
0.027022416
0.10930786
0.12719792
0.012908223
0.006020305
0.037244078
0.9567113
0.36577928
0.012288252
0.06479399
0.056860555
0.06925062
0.18744764
0.0058624255
0.65033215
0.6221091
0.007036237
0.30339804
0.00947701
0.6929522
0.07399547
0.035123706
0.008534266
0.1716591
0.014059151
0.0062815314
0.07003916
0.84931225
0.112871565
0.044912517
0.563721
0.16808282
0.0045959787
0.06641371
0.08038388
0.008822272
0.01644299
0.008885171
0.4288635
0.16421047
0.2988049
0.21784835
0.034148704
0.007888745
0.123814434
0.0505696
0.05231481
0.013462142
0.008335867
0.65012777
0.010984075
0.0077334875
0.026196264
0.08852722
0.04449084
0.42079505
0.011639638
0.0035865717
0.6022604
0.005630479
0.00913841
0.07205008
0.013572919
0.15962033
0.03565413
0.021911982
0.014004044
0.11050826
0.81123924
0.028187567
0.96172196
0.023073692
0.0038880233
0.06944517
0.51678836
0.012948763
0.9756967
0.050864533
0.16120572
0.0076938327
0.012451652
0.011832408
0.52781254
0.11126381
0.961947
0.003703519
0.057487413
0.13707472
0.02403604
0.5204374
0.0028837894
0.0057557574
0.008456969
0.006975027
0.08096125
0.01667834
0.023598192
0.012746337
0.5011967
0.010597766
0.0060289125
0.1200888
0.021038838
0.107304394
0.0043125595
0.008885171
0.022158332
0.21316531
0.028482268
0.022846987
0.010506686
0.0071925176
0.037001397
0.07448472
0.032537304
0.21316531
0.028482268
0.022846987
0.13715594
0.0052170227
0.0188185
0.028482268
0.3341952
0.009650242
0.022846987
0.011189377
0.78962463
0.0031496373
0.011045355
0.015618717
0.12497546
0.06387676
0.6242878
0.110775985
0.04239168
0.24445438
0.020031137
0.2995998
0.9381941
0.6394258
0.10866691
0.007964904
0.061522856
0.13856204
0.018280612
0.066387214
0.10615052
0.23492134
0.0040002973
0.02117972
0.07097204
0.095170945
0.055335533
0.013366933
0.9740416
0.0022349125
0.15868163
0.010470829
0.112588786
0.08352577
0.049945235
0.057731424
0.4078862
0.061031085
0.33295116
0.014565455
0.56842047
0.054779477
0.3252584
0.8436845
0.10447033
0.023224
0.99077284
0.076504976
0.051145896
0.20837103
0.07011373
0.12975544
0.26594403
0.12040639
0.006143215
0.03962229
0.00841979
0.021887118
0.013415262
0.36110604
0.25137147
0.034842696
0.035664182
0.10902717
0.6194651
0.0664297
0.07605016
0.029503928
0.08736317
0.10128392
0.013184119
0.275375
0.009581065
0.66539276
0.5041765
0.1659077
0.0077910414
0.11453528
0.041196182
0.7739761
0.03834382
0.0749962
0.03265303
0.8808284
0.012157565
0.010344402
0.011652843
0.034940753
0.10545546
0.988872
0.07698769
0.07774172
0.013185692
0.3506239
0.04285902
0.032693315
0.014686608
0.0031715983
0.067870274
0.029958759
0.043687202
0.7699792
0.9057721
0.0140465675
0.0043441397
