0.014104412
0.8995926
0.040261954
0.21931353
0.096516095
0.89721704
0.030303653
0.20199113
0.07124672
0.03955911
0.019668147
0.051563893
0.20234844
0.6941972
0.022693422
0.06126824
0.054048356
0.6113877
0.20817292
0.034887966
0.37017852
0.015633836
0.5084786
0.46941873
0.013636548
0.020820202
0.027803093
0.040641952
0.06896882
0.22216661
0.21931353
0.046549033
0.051503263
0.0060405266
0.17332943
0.07124672
0.031667355
0.008545949
0.041332647
0.533907
0.045468442
0.9165952
0.015399592
0.015399592
0.8146547
0.0028667715
0.2687636
0.021112341
0.02435544
0.02435544
0.0956416
0.035939872
0.00322381
0.018927302
0.012372571
0.005361297
0.0058315573
0.0058315573
0.0058315573
0.14216107
0.017916556
0.20127015
0.11523629
0.015757082
0.027803093
0.21931353
0.011806498
0.021804199
0.118247606
0.07124672
0.06127254
0.19825836
0.025765195
0.528853
0.0239471
0.77074397
0.24688426
0.9418739
0.9752783
0.013628978
0.19295764
0.014136559
0.6321283
0.6321283
0.008988663
0.34741685
0.08936627
0.4019815
0.6913398
0.019226784
0.3449756
0.09007896
0.930863
0.115146056
0.13951269
0.015238835
0.027104571
0.05686963
0.01661218
0.078775056
0.027803093
0.049754947
0.014090403
0.077966884
0.21931353
0.8974862
0.032662068
0.014603276
0.17196767
0.07124672
0.6367697
0.006327142
0.022980982
0.033513334
0.007907642
0.010045041
0.045034144
0.05016245
0.012679147
0.0263284
0.053568028
0.43958455
0.14813899
0.97496015
0.006113346
0.08980446
0.04022375
0.07389692
0.39516795
0.011168416
0.01103011
0.056818277
0.010237046
0.07782347
0.076020606
0.0053154626
0.024800258
0.072268225
0.40197372
0.17858276
0.8352289
0.8335554
0.027803093
0.13616267
0.043537263
0.21931353
0.102375224
0.019372677
0.030088952
0.012784213
0.07124672
0.06769869
0.10441113
0.19518822
0.09180016
0.0038194535
0.07726295
0.012148592
0.005825776
0.22387084
0.18754204
0.012526771
0.07215528
0.021741882
0.016190276
0.13329902
0.058762766
0.0061842515
0.40180677
0.89724624
0.0048470465
0.009665407
0.0022868142
0.042742312
0.0324327
0.20324492
0.5833671
0.5833671
0.57334757
0.38295
0.04544721
0.02071078
0.016169887
0.9753548
0.33735833
0.054133773
0.45211488
0.027803093
0.022946468
0.21931353
0.034849558
0.007888003
0.061843373
0.07124672
0.9852823
0.071049966
0.09956009
0.46073368
0.40590587
0.22267742
0.015252748
0.70841223
0.0032004279
0.0838918
0.7780954
0.015024116
0.15162852
0.0089550065
0.14212789
0.043888766
0.012153497
0.11198112
0.025392085
0.092622705
0.6341486
0.2988434
0.6317116
0.004965354
0.030086711
0.94004065
0.76928633
0.009173094
0.41022983
0.005849216
0.5746075
0.05161431
0.061345622
0.24148929
0.0615333
0.01525775
0.2506984
0.035247337
0.15402763
0.0027503727
0.13616881
0.6431986
0.027803093
0.21931353
0.0033275029
0.02475742
0.17770895
0.47507954
0.24325883
0.12927473
0.96263486
0.8303358
0.3016067
0.03465692
0.07124672
0.46919054
0.048089612
0.19739428
0.0055429195
0.52582884
0.2040524
0.026608527
0.06687156
0.9214007
0.077076115
0.05222958
0.008373638
0.013126274
0.2764307
0.017093616
0.5330222
0.032010514
0.026463877
0.011265631
0.11880803
0.004185446
0.91298556
0.09820185
0.39428645
0.9099985
0.0025290323
0.03755885
0.9575995
0.5143039
0.011347723
0.0026939767
0.12664677
0.04471544
0.9114542
0.004516311
0.016272595
0.010249371
0.96524817
0.0866854
0.02984279
0.022187417
0.004213465
0.022203473
0.5577811
0.9813441
0.0034098849
0.1649759
0.047032874
0.013851157
0.090800256
0.041051548
0.03787822
0.9555219
0.03988822
0.027803093
0.17720592
0.21931353
0.36189198
0.012971673
0.95957065
0.5330222
0.045069735
0.086086385
0.0041905264
0.0031619582
0.003969231
0.27314958
0.039251808
0.07124672
0.06174065
0.05483056
0.007584527
0.9665699
0.011628519
0.3352748
0.0887551
0.23979233
0.95521647
0.09042803
0.07565732
0.0037475135
0.014988406
0.45221904
0.07756721
0.0135187935
0.9644859
0.0019322687
0.1955646
0.96679485
0.9653917
0.96915275
0.0047901873
0.20227598
0.004921168
0.0499986
0.9082256
0.7857501
0.6419441
0.9293653
0.2246721
0.16562083
0.96679485
0.030132215
0.044393912
0.004005503
0.012419763
0.027803093
0.06394343
0.0052027227
0.041414477
0.7277102
0.015852869
0.17248876
0.21931353
0.015794214
0.0061872276
0.021349898
0.948998
0.97393155
0.0055594393
0.76559705
0.07124672
0.102479786
0.061030637
0.008188543
0.09488194
0.13571018
0.028903605
0.029208774
0.6255371
0.5762043
0.048487965
0.0069313343
0.0261348
0.01967955
0.0046875468
0.5754801
0.2674245
0.31494346
0.8425645
0.009391175
0.0061617405
0.014798253
0.03520126
0.027803093
0.060004942
0.21931353
0.015807701
0.01730801
0.96679485
0.007765154
0.032417666
0.38408303
0.0048769577
0.07124672
0.17074075
0.022621896
0.09585668
0.10041703
0.018062469
0.003014021
0.03749319
0.023719445
0.02393948
0.04547419
0.649308
0.004245684
0.0033895818
0.33621475
0.47324148
0.24481611
0.030973215
0.0035128444
0.023172969
0.02917227
0.027803093
0.028649176
0.50200295
0.21931353
0.016593574
0.007408096
0.032463185
0.047130927
0.07124672
0.08685295
0.07114735
0.085882746
0.02586668
0.08244565
0.019753452
0.02269751
0.032180086
0.027036833
0.0065023364
0.051338714
0.029815646
0.47038788
0.08393888
0.1351672
0.044304006
0.049814664
0.10317539
0.059778888
0.060694013
0.75366735
0.021560684
0.07309298
0.027803093
0.97373635
0.21931353
0.08139345
0.039358385
0.1126852
0.020274097
0.09239167
0.07124672
0.2068108
0.027131286
0.015733456
0.36635554
0.04361409
0.019416679
0.04425152
0.013060892
0.0809354
0.037317846
0.1705316
0.017443102
0.062376175
0.5246576
0.60520667
0.0026552633
0.25071672
0.03496106
0.0025151116
0.1955698
0.5686169
0.029693913
0.0140259825
0.33224803
0.017378433
0.01394629
0.013283855
0.90055144
0.101831324
0.058321703
0.028900078
0.027803093
0.084889404
0.21931353
0.76559705
0.049743365
0.07124672
0.17469838
0.03984029
0.07108233
0.023579674
0.114955895
0.0750046
0.038615666
0.15570866
0.004558081
0.0048717884
0.0116224745
0.097742826
0.9132374
0.36016956
0.90746164
0.009243272
0.031056609
0.0077533275
0.24488471
0.007800604
0.067664824
0.047639415
0.0065088873
0.9647536
0.14124838
0.22681946
0.016845142
0.028858408
0.029136555
0.044027504
0.036446195
0.06966315
0.123955645
0.039534513
0.038676098
0.005330526
0.027803093
0.024838572
0.02195427
0.21931353
0.004825501
0.112788066
0.13903552
0.014782658
0.04616777
0.106421255
0.080218464
0.040306333
0.0041973074
0.07124672
0.010292263
0.90630335
0.00187867
0.0035351538
0.021698654
0.0042795725
0.92501056
0.055247657
0.84273386
0.47244248
0.0022363388
0.006055236
0.43248776
0.0045374646
0.11551733
0.259354
0.009710118
0.03658948
0.09231867
0.0034089428
0.14128247
0.11298185
0.029275762
0.101201676
0.020698978
0.0070826737
0.044833396
0.027803093
0.21931353
0.06311143
0.018147934
0.018304586
0.571097
0.15474805
0.0033825382
0.005641554
0.07124672
0.0033016473
0.0105865635
0.04206436
0.64635295
0.02062537
0.014143219
0.059857607
0.37799126
0.009981539
0.023504369
0.09049946
0.40989217
0.25460413
0.018306268
0.032819312
0.05516876
0.8492415
0.7766233
0.029189518
0.037177097
0.05292479
0.021174276
0.023298258
0.76638263
0.86270916
0.0053933314
0.006686945
0.027803093
0.017579291
0.035329405
0.031674113
0.21931353
0.0032822313
0.23213881
0.040895905
0.025782265
0.017489947
0.006513519
0.013490229
0.07124672
0.07860056
0.012698914
0.12188285
0.013632686
0.011454605
0.035744403
0.008703815
0.027325958
0.010862789
0.0028734177
0.020065632
0.009016804
0.0251255
0.03110787
0.0027494791
0.05019448
0.40789092
0.08046075
0.063455306
0.055196576
0.023489062
0.024607617
0.024607617
0.024607617
0.045254357
0.003643233
0.033549104
0.0326113
0.20126908
0.009112297
0.027803093
0.005728283
0.065942176
0.21931353
0.07776078
0.031848043
0.050714877
0.022580946
0.013643278
0.031386897
0.042962145
0.07124672
0.0045834137
0.96196413
0.101757914
0.032384694
0.015656594
0.027325958
0.025699578
0.015036957
0.96945715
0.057678156
0.014477823
0.75366735
0.003469649
0.01762764
0.04520552
0.39509767
0.115136266
0.033641633
0.04131667
0.23941337
0.10885605
0.0035145534
0.027803093
0.06931459
0.21931353
0.13089786
0.07093055
0.016331576
0.02041443
0.07691091
0.07124672
0.10913753
0.062009584
0.3831268
0.053036634
0.011896682
0.0046564327
0.029823912
0.08306137
0.08306137
0.037175734
0.026754351
0.027325958
0.035163406
0.060397293
0.006400163
0.022433443
0.07786663
0.07344504
0.07686812
0.15162736
0.061121564
0.024392327
0.04497087
0.012535247
0.014467475
0.009072926
0.006547765
0.014467475
0.014467475
0.014467475
0.040309474
0.054060623
0.034324028
0.027803093
0.5479549
0.5662627
0.21931353
0.047441155
0.029012583
0.07124672
0.007747713
0.13732898
0.014191206
0.022920784
0.027325958
0.05974448
0.14378682
0.11106109
0.06000044
0.043248303
0.003397464
0.50841
0.026551558
0.026551558
0.053088546
0.054773454
0.09019365
0.034044135
0.07469236
0.015663872
0.009148805
0.030427003
0.027803093
0.014304042
0.21931353
0.76559705
0.7060259
0.021938285
0.09767005
0.0064399056
0.040759843
0.0065115043
0.07124672
0.008499979
0.009469265
0.03999634
0.025426025
0.3954871
0.010461125
0.012435016
0.011943435
0.010175721
0.09644977
0.03251785
0.05296002
0.016803723
0.23812425
0.011282305
0.043981284
0.61994636
0.0135284485
0.04672547
0.30144566
0.027803093
0.21931353
0.47324148
0.6122135
0.07658841
0.9214083
0.005057238
0.6090906
0.029976053
0.07124672
0.8799715
0.03668456
0.64346147
0.0075280257
0.0041771685
0.085850835
0.0061174436
0.060666576
0.8799715
0.1396703
0.8338595
0.007535045
0.012024066
0.051523913
0.72582006
0.0067508197
0.10580152
0.022442145
0.18973248
0.14997523
0.0785251
0.003116722
0.0029842076
0.32708687
0.0029844248
0.43655214
0.029951222
0.0510821
0.0018715225
0.027803093
0.03866209
0.083847746
0.021547718
0.21931353
0.52009994
0.05382155
0.75207174
0.00910193
0.3517003
0.07124672
0.052540272
0.295377
0.055564724
0.007902582
0.0083641475
0.34212735
0.019074189
0.11345835
0.06213924
0.104407616
0.81290704
0.79167455
0.027803093
0.040082987
0.21931353
0.0016983341
0.0067140977
0.02892771
0.07124672
0.087783694
0.34341592
0.00970642
0.07420015
0.027247842
0.070990935
0.03626468
0.07918244
0.013851418
0.0058177128
0.5712108
0.019869832
0.42734483
0.01749166
0.01749166
0.027803093
0.19523604
0.15586276
0.044389218
0.09564271
0.53268856
0.21931353
0.018846406
0.06914248
0.5796176
0.03966972
0.18343432
0.9893852
0.14082257
0.07124672
0.16618446
0.083493486
0.752805
0.13308841
0.022973716
0.039207954
0.039981276
0.009088648
0.040795278
0.041750725
0.051291104
0.023718802
0.26701367
0.05202912
0.76559705
0.009393628
0.18208621
0.027803093
0.21931353
0.522513
0.4650807
0.013899759
0.1664436
0.07769675
0.025572859
0.07084863
0.031669278
0.07124672
0.55715907
0.09553055
0.11823741
0.023404097
0.03183575
0.032528225
0.0098974
0.08164077
0.014624737
0.16997665
0.01770911
0.05160511
0.018944869
0.034372363
0.0501594
0.04369262
0.053415153
0.04024487
0.019452969
0.027803093
0.02698537
0.21931353
0.13730897
0.28997445
0.06731014
0.06731014
0.06731014
0.06731014
0.07124672
0.047924187
0.04725726
0.0028822396
0.12542665
0.014578457
0.028604636
0.0042258883
0.04425144
0.03796597
0.19772613
0.017077323
0.03295314
0.028189844
0.005382956
0.01654506
0.17836809
0.01352896
0.47324148
0.29058433
0.027803093
0.21931353
0.030266222
0.07266817
0.019419082
0.76559705
0.018970745
0.056613628
0.02185564
0.07124672
0.6928488
0.014457687
0.0051361835
0.07857427
0.015187927
0.04954171
0.0033104918
0.0035145534
0.032554336
0.019137787
0.012429186
0.8751002
0.00441362
0.012860909
0.007115471
0.030371567
0.11664049
0.09767748
0.12766291
0.76850957
