(QUERY): 'ISLAM' '01'
Negative Neutral Positive
0.5044009685516357 0.47687771916389465 0.01872129552066326 
0.2290731817483902 0.6899880170822144 0.08093882352113724 
0.07007449120283127 0.8974636793136597 0.03246188908815384 
0.6187807321548462 0.35869309306144714 0.022526193410158157 
0.09128160029649734 0.8365226984024048 0.07219570130109787 
0.3739630877971649 0.5824161767959595 0.04362078011035919 
0.045374490320682526 0.848152220249176 0.10647334158420563 
0.4888516366481781 0.481387734413147 0.029760578647255898 
0.5931339263916016 0.3910982012748718 0.01576787419617176 
0.1875445693731308 0.6959633827209473 0.11649203300476074 
0.0787210687994957 0.8031653165817261 0.11811364442110062 
0.21818290650844574 0.707756757736206 0.0740603432059288 
0.5103529691696167 0.4488527178764343 0.04079439118504524 
0.6338834166526794 0.34955209493637085 0.016564514487981796 
0.01780553162097931 0.3472735285758972 0.6349209547042847 
0.015521631576120853 0.32406073808670044 0.6604176759719849 
0.022883394733071327 0.4755697548389435 0.5015468597412109 
0.19693401455879211 0.7160739898681641 0.08699195832014084 
0.42213091254234314 0.5423787236213684 0.03549039363861084 
0.04986647143959999 0.895336925983429 0.05479652062058449 
0.0779409110546112 0.7879703640937805 0.1340886950492859 
0.09942702203989029 0.8159090280532837 0.08466397970914841 
0.1125127375125885 0.8514097332954407 0.036077555269002914 
0.11501502245664597 0.8472532033920288 0.03773175925016403 
0.5282621383666992 0.4505807161331177 0.021157151088118553 
0.08020243793725967 0.8222941160202026 0.0975034087896347 
0.51054447889328 0.4713035523891449 0.018151991069316864 
0.2012300193309784 0.752492368221283 0.04627764970064163 
0.2003195881843567 0.749071478843689 0.05060897395014763 
0.03156273439526558 0.44026511907577515 0.5281721949577332 
0.11364268511533737 0.8146200776100159 0.07173720747232437 
0.0349372960627079 0.761269211769104 0.20379358530044556 
0.12417623400688171 0.7959035038948059 0.07992029190063477 
0.2048078328371048 0.7518139481544495 0.04337814822793007 
0.08359995484352112 0.8587743043899536 0.057625722140073776 
0.3599608540534973 0.6120858788490295 0.02795330621302128 
0.06065783277153969 0.7154205441474915 0.22392159700393677 
0.2925395667552948 0.6746995449066162 0.03276095166802406 
0.1547711342573166 0.7780375480651855 0.06719135493040085 
0.658711314201355 0.31158342957496643 0.029705295339226723 
0.1795615404844284 0.7513721585273743 0.06906629353761673 
0.2864171266555786 0.6648091077804565 0.04877370968461037 
0.14463786780834198 0.793220043182373 0.06214211881160736 
0.3215276896953583 0.6344707608222961 0.04400161653757095 
0.13599489629268646 0.7874743938446045 0.07653075456619263 
0.3912598192691803 0.569213330745697 0.03952694684267044 
0.007254794705659151 0.8264977931976318 0.1662474423646927 
0.3355049192905426 0.6338383555412292 0.0306567195802927 
0.09999936074018478 0.611532986164093 0.2884676158428192 
0.020353209227323532 0.5423621535301208 0.4372846484184265 
0.6832619309425354 0.2958286702632904 0.020909445360302925 
0.07073596119880676 0.8515792489051819 0.07768486440181732 
0.518347978591919 0.45979270339012146 0.02185932733118534 
0.6334484815597534 0.33343541622161865 0.033116135746240616 
0.24731849133968353 0.6974472999572754 0.055234186351299286 
0.7803933620452881 0.20573925971984863 0.013867354020476341 
0.627484142780304 0.3558548390865326 0.01666097529232502 
0.7064478397369385 0.27828449010849 0.01526767946779728 
0.19711284339427948 0.7542293071746826 0.04865781590342522 
0.5038173198699951 0.4766198694705963 0.01956285536289215 
0.3094111680984497 0.653768002986908 0.03682081028819084 
0.1608249396085739 0.7852240204811096 0.053951017558574677 
0.5821456909179688 0.4013359844684601 0.016518305987119675 
0.20711728930473328 0.7476288676261902 0.04525381326675415 
0.16349925100803375 0.7649864554405212 0.07151425629854202 
0.8253291845321655 0.16376490890979767 0.010905925184488297 
0.6187807321548462 0.35869309306144714 0.022526193410158157 
0.09128160029649734 0.8365226984024048 0.07219570130109787 
0.3739630877971649 0.5824161767959595 0.04362078011035919 
0.4225611686706543 0.4940519630908966 0.08338682353496552 
0.5931339263916016 0.3910982012748718 0.01576787419617176 
0.037752050906419754 0.7645939588546753 0.19765403866767883 
0.6338834166526794 0.34955209493637085 0.016564514487981796 
0.42213091254234314 0.5423787236213684 0.03549039363861084 
0.7529675960540771 0.23646347224712372 0.010568898171186447 
0.04986647143959999 0.895336925983429 0.05479652062058449 
0.7861040234565735 0.1976633071899414 0.016232682392001152 
0.830691933631897 0.16338548064231873 0.005922583397477865 
0.5282621383666992 0.4505807161331177 0.021157151088118553 
0.8252553343772888 0.16812586784362793 0.006618735380470753 
0.3625965714454651 0.600264847278595 0.037138618528842926 
0.08020243793725967 0.8222941160202026 0.0975034087896347 
0.0719921737909317 0.7973498702049255 0.1306578665971756 
0.51054447889328 0.4713035523891449 0.018151991069316864 
0.2012300193309784 0.752492368221283 0.04627764970064163 
0.0016434035496786237 0.09528321027755737 0.9030733704566956 
0.2003195881843567 0.749071478843689 0.05060897395014763 
0.6563565731048584 0.32237938046455383 0.021264061331748962 
0.06822013109922409 0.8853489756584167 0.04643094539642334 
0.11364268511533737 0.8146200776100159 0.07173720747232437 
0.505770742893219 0.4192246198654175 0.07500459998846054 
0.03590766713023186 0.5985108017921448 0.3655814826488495 
0.27773478627204895 0.6515559554100037 0.0707092359662056 
0.5493438243865967 0.4310011565685272 0.019654981791973114 
0.004161554388701916 0.2089632749557495 0.7868751883506775 
0.2048078328371048 0.7518139481544495 0.04337814822793007 
0.009946960024535656 0.46900850534439087 0.5210445523262024 
0.3599608540534973 0.6120858788490295 0.02795330621302128 
0.0019724147859960794 0.09988711774349213 0.8981404900550842 
0.06065783277153969 0.7154205441474915 0.22392159700393677 
0.48971474170684814 0.4142943024635315 0.0959908589720726 
0.1547711342573166 0.7780375480651855 0.06719135493040085 
0.658711314201355 0.31158342957496643 0.029705295339226723 
0.1795615404844284 0.7513721585273743 0.06906629353761673 
0.040105272084474564 0.7586418390274048 0.20125292241573334 
0.2864171266555786 0.6648091077804565 0.04877370968461037 
0.30228450894355774 0.6542849540710449 0.0434306263923645 
0.6820776462554932 0.3073447346687317 0.010577636770904064 
0.4278465211391449 0.5366896986961365 0.03546382114291191 
0.14329692721366882 0.7800488471984863 0.07665427029132843 
0.0035319318994879723 0.3517160415649414 0.644752025604248 
0.6677082180976868 0.30406296253204346 0.028228817507624626 
0.35323962569236755 0.6176149249076843 0.02914547175168991 
0.20448634028434753 0.7299585342407227 0.0655551329255104 
0.10410477221012115 0.8264363408088684 0.06945884227752686 
0.610562264919281 0.37504804134368896 0.014389721676707268 
0.7518923282623291 0.22428523004055023 0.023822447285056114 
0.2494979053735733 0.6920635104179382 0.05843857303261757 
0.7474393844604492 0.2392648309469223 0.013295751996338367 
0.2558266520500183 0.6461160182952881 0.09805728495121002 
0.2783042788505554 0.6958938241004944 0.025801990181207657 
0.1731417179107666 0.6788818836212158 0.14797641336917877 
0.5221692323684692 0.45964619517326355 0.018184565007686615 
0.6145206093788147 0.36199280619621277 0.023486601188778877 
0.09914612025022507 0.8055269122123718 0.0953269824385643 
0.2156190127134323 0.7387970685958862 0.04558389261364937 
0.060544684529304504 0.8839605450630188 0.05549472197890282 
0.19093576073646545 0.7600926160812378 0.048971548676490784 
0.2147134244441986 0.7384104132652283 0.04687612131237984 
0.09154341369867325 0.803763210773468 0.10469336062669754 
0.7712604403495789 0.21445083618164062 0.014288723468780518 
0.2156466543674469 0.7508400082588196 0.03351333364844322 
0.029589354991912842 0.5505296587944031 0.4198809862136841 
0.2879389822483063 0.6562933325767517 0.055767666548490524 
0.2820946276187897 0.6769279837608337 0.04097737371921539 
0.5328109860420227 0.4462760090827942 0.02091296948492527 
0.03839484602212906 0.7188628911972046 0.24274227023124695 
0.6591817736625671 0.32561159133911133 0.015206662937998772 
0.15552152693271637 0.5495870113372803 0.29489144682884216 
0.6059305667877197 0.37220168113708496 0.021867720410227776 
0.03157932683825493 0.6956455111503601 0.2727751135826111 
0.13881631195545197 0.7842113375663757 0.07697241753339767 
0.42486172914505005 0.5446385145187378 0.03049977868795395 
0.45657235383987427 0.5298660397529602 0.01356167159974575 
0.5831109881401062 0.3915451169013977 0.0253438763320446 
0.4993821978569031 0.481417179107666 0.01920069381594658 
0.5152709484100342 0.46677061915397644 0.01795840635895729 
0.620256245136261 0.35809653997421265 0.021647242829203606 
0.3640161454677582 0.6017017960548401 0.0342821329832077 
0.4282209575176239 0.5442965626716614 0.0274825319647789 
0.9199951887130737 0.07563581317663193 0.00436901580542326 
0.05010656639933586 0.6710643768310547 0.27882900834083557 
0.08472169935703278 0.7333580851554871 0.18192021548748016 
0.1207011267542839 0.809988260269165 0.06931058317422867 
0.026227999478578568 0.6466557383537292 0.32711634039878845 
0.2646532654762268 0.681756854057312 0.053589917719364166 
0.5507012009620667 0.42900919914245605 0.020289568230509758 
0.11013662815093994 0.8163875937461853 0.07347580790519714 
0.13965775072574615 0.7981194853782654 0.062222741544246674 
0.17913711071014404 0.7687405943870544 0.0521223321557045 
0.057963017374277115 0.8862571120262146 0.055779848247766495 
0.9411506056785583 0.05521745979785919 0.0036319377832114697 
0.5274744629859924 0.4511444568634033 0.021381037309765816 
0.28864338994026184 0.6657961010932922 0.04556046426296234 
0.14387646317481995 0.8051266670227051 0.050996843725442886 
0.17981097102165222 0.7625453472137451 0.05764370039105415 
0.1067446917295456 0.7500107884407043 0.14324451982975006 
0.04553496092557907 0.8547741174697876 0.0996909812092781 
0.5554469227790833 0.4249107539653778 0.019642343744635582 
0.1458928883075714 0.7773947715759277 0.07671228051185608 
0.24681688845157623 0.7022219896316528 0.050961028784513474 
0.26057136058807373 0.6515105962753296 0.08791804313659668 
0.12449179589748383 0.8069320917129517 0.06857604533433914 
0.033941783010959625 0.6689395308494568 0.2971186935901642 
0.09963918477296829 0.8289663195610046 0.07139447331428528 
0.012467135675251484 0.25749471783638 0.7300381064414978 
0.2007487416267395 0.7535480856895447 0.04570324346423149 
0.6683697700500488 0.30388328433036804 0.02774699404835701 
0.005294994916766882 0.21937668323516846 0.7753283977508545 
0.004515822511166334 0.2075929045677185 0.7878912687301636 
0.596570611000061 0.38033241033554077 0.023096933960914612 
0.6218974590301514 0.36517372727394104 0.012928851880133152 
0.0352366603910923 0.8240109086036682 0.1407524049282074 
0.5437129735946655 0.38193461298942566 0.07435241341590881 
0.33751121163368225 0.6045380234718323 0.05795077234506607 
0.3199007213115692 0.6333759427070618 0.046723373234272 
0.17554105818271637 0.6175422072410583 0.2069167047739029 
0.6006128191947937 0.3841410279273987 0.01524610910564661 
0.6049030423164368 0.3777414560317993 0.017355481162667274 
0.7669098377227783 0.21617662906646729 0.016913533210754395 
0.6582902669906616 0.3264983892440796 0.015211409889161587 
0.619425356388092 0.3584933876991272 0.02208123542368412 
0.4299134314060211 0.5358313918113708 0.03425513580441475 
0.26898765563964844 0.6788610816001892 0.05215122923254967 
0.7542896866798401 0.2347038835287094 0.011006498709321022 
0.7369638085365295 0.24611710011959076 0.016919037327170372 
0.2066195011138916 0.7286558151245117 0.06472469866275787 
0.76903235912323 0.21652716398239136 0.01444052904844284 
0.0030300472863018513 0.1257191151380539 0.8712508678436279 
0.20280775427818298 0.5935010313987732 0.20369118452072144 
0.19929729402065277 0.7657595276832581 0.034943096339702606 
0.06478121131658554 0.8562178015708923 0.07900095731019974 
0.30228450894355774 0.6542849540710449 0.0434306263923645 
0.4278465211391449 0.5366896986961365 0.03546382114291191 
0.14329692721366882 0.7800488471984863 0.07665427029132843 
0.8682203888893127 0.12558235228061676 0.0061972616240382195 
0.6677082180976868 0.30406296253204346 0.028228817507624626 
0.35323962569236755 0.6176149249076843 0.02914547175168991 
0.20448634028434753 0.7299585342407227 0.0655551329255104 
0.4683975279331207 0.5001155734062195 0.03148693963885307 
0.10410477221012115 0.8264363408088684 0.06945884227752686 
0.610562264919281 0.37504804134368896 0.014389721676707268 
0.39271870255470276 0.5343453884124756 0.07293587923049927 
0.1999552994966507 0.6888795495033264 0.11116517335176468 
0.00819469429552555 0.3259976804256439 0.6658076047897339 
0.8302249908447266 0.1596325933933258 0.01014237105846405 
0.6049030423164368 0.3777414560317993 0.017355481162667274 
0.019185954704880714 0.4941518306732178 0.48666223883628845 
0.5221692323684692 0.45964619517326355 0.018184565007686615 
0.09914612025022507 0.8055269122123718 0.0953269824385643 
0.2156190127134323 0.7387970685958862 0.04558389261364937 
0.6041590571403503 0.3795459568500519 0.01629501022398472 
0.060544684529304504 0.8839605450630188 0.05549472197890282 
0.19093576073646545 0.7600926160812378 0.048971548676490784 
0.19598037004470825 0.7051523923873901 0.0988672748208046 
0.2147134244441986 0.7384104132652283 0.04687612131237984 
0.09154341369867325 0.803763210773468 0.10469336062669754 
0.35248875617980957 0.5545845031738281 0.09292669594287872 
0.1154555007815361 0.8160443902015686 0.06850018352270126 
0.7712604403495789 0.21445083618164062 0.014288723468780518 
0.07207930088043213 0.8927405476570129 0.035180117934942245 
0.8960281014442444 0.10034500062465668 0.003626939607784152 
0.07907337695360184 0.8627870678901672 0.05813945084810257 
0.6784205436706543 0.3075357675552368 0.014043672941625118 
0.3315581679344177 0.5958242416381836 0.07261759787797928 
0.002655118005350232 0.06508667767047882 0.9322582483291626 
0.5328109860420227 0.4462760090827942 0.02091296948492527 
0.06878067553043365 0.855374813079834 0.0758444145321846 
0.6591817736625671 0.32561159133911133 0.015206662937998772 
0.7288578152656555 0.25909167528152466 0.012050526216626167 
0.2866595983505249 0.6770974397659302 0.03624296560883522 
0.6059305667877197 0.37220168113708496 0.021867720410227776 
0.06366585195064545 0.8437042236328125 0.0926298201084137 
0.42486172914505005 0.5446385145187378 0.03049977868795395 
0.001335198525339365 0.019554076716303825 0.9791107773780823 
0.4993821978569031 0.481417179107666 0.01920069381594658 
0.620256245136261 0.35809653997421265 0.021647242829203606 
0.48506563901901245 0.47921156883239746 0.035722777247428894 
0.09708574414253235 0.5353119373321533 0.36760231852531433 
0.5517200231552124 0.41309815645217896 0.035181812942028046 
0.08472169935703278 0.7333580851554871 0.18192021548748016 
0.051834605634212494 0.8001540899276733 0.14801132678985596 
0.2646532654762268 0.681756854057312 0.053589917719364166 
0.1564081609249115 0.823913037776947 0.019678756594657898 
0.5507012009620667 0.42900919914245605 0.020289568230509758 
0.5528645515441895 0.4119458794593811 0.035189587622880936 
0.11096949130296707 0.6858505606651306 0.2031799852848053 
0.09648921340703964 0.667812168598175 0.23569855093955994 
0.07966805249452591 0.8557087779045105 0.064623162150383 
0.015072118490934372 0.25353243947029114 0.731395423412323 
0.028731945902109146 0.8918641805648804 0.0794038474559784 
0.10390862077474594 0.7235583066940308 0.1725330501794815 
0.2940810024738312 0.6799700856208801 0.025948960334062576 
0.03018602542579174 0.42439278960227966 0.5454212427139282 
0.014558165334165096 0.36884620785713196 0.6165956854820251 
0.30674341320991516 0.6290368437767029 0.06421972066164017 
0.011390836909413338 0.12161586433649063 0.866993248462677 
0.4653625190258026 0.5029191970825195 0.03171832859516144 
0.9109057188034058 0.08429009467363358 0.004804215393960476 
0.9057762622833252 0.08914250135421753 0.00508115254342556 
0.30662786960601807 0.6525306105613708 0.040841471403837204 
0.13965775072574615 0.7981194853782654 0.062222741544246674 
0.6299927234649658 0.3444361090660095 0.025571146979928017 
0.6048384308815002 0.37270376086235046 0.022457798942923546 
0.4341524541378021 0.5164260864257812 0.049421463161706924 
0.31373608112335205 0.6435884833335876 0.04267547279596329 
0.012947218492627144 0.6730561852455139 0.3139966130256653 
0.36618390679359436 0.5993971824645996 0.03441889211535454 
0.8744438290596008 0.12014750391244888 0.005408681929111481 
0.13479405641555786 0.7715461850166321 0.09365973621606827 
0.11298597604036331 0.8582726716995239 0.028741363435983658 
0.11728359758853912 0.76697838306427 0.11573801934719086 
0.16641835868358612 0.8094784617424011 0.02410319447517395 
0.010982097126543522 0.46918779611587524 0.5198301076889038 
0.0011371764121577144 0.0624004490673542 0.93646240234375 
0.023869182914495468 0.3732619881629944 0.6028687953948975 
0.3847470283508301 0.5769661068916321 0.038286834955215454 
0.0027394385542720556 0.07998623698949814 0.9172743558883667 
0.018718743696808815 0.24525874853134155 0.7360224723815918 
0.002943492727354169 0.0838538259267807 0.913202702999115 
0.3254808187484741 0.6257590651512146 0.048760175704956055 
0.3076973259449005 0.6407051086425781 0.051597513258457184 
0.3076973259449005 0.6407051086425781 0.051597513258457184 
0.3076973259449005 0.6407051086425781 0.051597513258457184 
0.3076973259449005 0.6407051086425781 0.051597513258457184 
0.3254808187484741 0.6257590651512146 0.048760175704956055 
0.3076973259449005 0.6407051086425781 0.051597513258457184 
0.3076973259449005 0.6407051086425781 0.051597513258457184 
0.00856656115502119 0.20607759058475494 0.7853558659553528 
0.11586419492959976 0.7797054648399353 0.10443026572465897 
0.1056976243853569 0.692893385887146 0.2014089971780777 
0.38353395462036133 0.5823304653167725 0.03413558751344681 
0.7383738160133362 0.25110214948654175 0.010524047538638115 
0.047440096735954285 0.4097175896167755 0.5428423285484314 
0.06259209662675858 0.8669813275337219 0.07042662799358368 
0.6666603684425354 0.3203912079334259 0.012948432005941868 
0.01365829911082983 0.5276297330856323 0.45871198177337646 
0.18871240317821503 0.7676340937614441 0.04365348443388939 
0.7723428010940552 0.20655184984207153 0.02110535278916359 
0.0018776350189000368 0.10377734154462814 0.8943449854850769 
0.3287508487701416 0.6085088849067688 0.06274024397134781 
0.31355565786361694 0.6523329019546509 0.034111447632312775 
0.7903817296028137 0.201688751578331 0.007929569110274315 
0.001141696935519576 0.04024507477879524 0.9586132764816284 
0.16849003732204437 0.7619949579238892 0.06951500475406647 
0.1500268429517746 0.7823267579078674 0.06764639168977737 
0.024649962782859802 0.3892122209072113 0.5861378312110901 
0.8872588276863098 0.10796403884887695 0.004777183290570974 
0.33290401101112366 0.5909945368766785 0.07610146701335907 
0.841730535030365 0.15256285667419434 0.0057066199369728565 
0.02373841218650341 0.7024563550949097 0.2738052308559418 
0.12044145166873932 0.7346552014350891 0.14490334689617157 
0.8531123995780945 0.1388365924358368 0.008051041513681412 
0.1304292231798172 0.721522867679596 0.14804796874523163 
0.20820225775241852 0.7651614546775818 0.026636363938450813 
0.776077151298523 0.21217328310012817 0.011749613098800182 
0.6417191624641418 0.34725069999694824 0.011030154302716255 
0.020477812737226486 0.39175617694854736 0.5877660512924194 
0.010982097126543522 0.46918779611587524 0.5198301076889038 
0.9411957859992981 0.0543365515768528 0.004467626102268696 
0.6258860230445862 0.35583120584487915 0.018282759934663773 
0.0011371764121577144 0.0624004490673542 0.93646240234375 
0.004572893492877483 0.08994611352682114 0.9054810404777527 
0.003141355002298951 0.049560584127902985 0.9472981095314026 
0.8649225831031799 0.12892965972423553 0.006147695239633322 
0.006211417261511087 0.24839498102664948 0.7453935742378235 
0.012988148257136345 0.28064948320388794 0.7063623666763306 
0.0027394385542720556 0.07998623698949814 0.9172743558883667 
0.358837753534317 0.6160387992858887 0.02512352354824543 
0.04127061739563942 0.5914009809494019 0.36732831597328186 
0.002943492727354169 0.0838538259267807 0.913202702999115 
0.005597620736807585 0.2720625698566437 0.7223398685455322 
0.0019286806927993894 0.04101190343499184 0.9570594429969788 
0.08837909251451492 0.7662799954414368 0.1453409343957901 
0.03365692123770714 0.5887439846992493 0.3775990903377533 
0.01365829911082983 0.5276297330856323 0.45871198177337646 
0.0018776350189000368 0.10377734154462814 0.8943449854850769 
0.8394003510475159 0.15058204531669617 0.010017666965723038 
0.03728485479950905 0.5391916036605835 0.42352354526519775 
0.10637644678354263 0.8407444953918457 0.05287904292345047 
0.02786165103316307 0.2839135229587555 0.6882248520851135 
0.020899003371596336 0.44903871417045593 0.5300623178482056 
0.0037706473376601934 0.021838370710611343 0.974390983581543 
0.5421923995018005 0.44553905725479126 0.01226849015802145 
0.5086511373519897 0.4606589376926422 0.030689895153045654 
0.07342912256717682 0.7202735543251038 0.20629742741584778 
0.6397919058799744 0.33656859397888184 0.023639509454369545 
0.8858648538589478 0.10894417017698288 0.00519088190048933 
0.011594441719353199 0.5226542949676514 0.4657512307167053 
0.011191661469638348 0.5066110491752625 0.48219728469848633 
0.020477812737226486 0.39175617694854736 0.5877660512924194 
0.7082475423812866 0.2696036100387573 0.022148868069052696 
0.17354683578014374 0.6297041773796082 0.1967490315437317 
0.010982097126543522 0.46918779611587524 0.5198301076889038 
0.7315870523452759 0.2538353204727173 0.014577684924006462 
0.06409730017185211 0.8748147487640381 0.0610879547894001 
0.0011371764121577144 0.0624004490673542 0.93646240234375 
0.003141355002298951 0.049560584127902985 0.9472981095314026 
0.004572893492877483 0.08994611352682114 0.9054810404777527 
0.006211417261511087 0.24839498102664948 0.7453935742378235 
0.4285827875137329 0.5171710848808289 0.054246071726083755 
0.012988148257136345 0.28064948320388794 0.7063623666763306 
0.8426491618156433 0.15057848393917084 0.006772322580218315 
0.0027394385542720556 0.07998623698949814 0.9172743558883667 
0.04127061739563942 0.5914009809494019 0.36732831597328186 
0.8579092025756836 0.13709919154644012 0.004991671070456505 
0.002943492727354169 0.0838538259267807 0.913202702999115 
0.044493310153484344 0.9163130521774292 0.039193566888570786 
0.005597620736807585 0.2720625698566437 0.7223398685455322 
0.5325999855995178 0.4509083926677704 0.01649164967238903 
0.7003771662712097 0.28111085295677185 0.018512019887566566 
0.0019286806927993894 0.04101190343499184 0.9570594429969788 
0.03365692123770714 0.5887439846992493 0.3775990903377533 
0.9252249002456665 0.07100530713796616 0.003769839182496071 
0.9238472580909729 0.07261200249195099 0.0035407233517616987 
0.07382747530937195 0.8914211392402649 0.034751471132040024 
0.01365829911082983 0.5276297330856323 0.45871198177337646 
0.0018776350189000368 0.10377734154462814 0.8943449854850769 
0.03574668616056442 0.485800564289093 0.47845280170440674 
0.6713197231292725 0.3157620429992676 0.01291822362691164 
0.5886985063552856 0.39378422498703003 0.01751728355884552 
0.2501559853553772 0.6793068051338196 0.07053730636835098 
0.5573925971984863 0.41094112396240234 0.031666312366724014 
0.3636612892150879 0.6191076040267944 0.017231164500117302 
0.039700236171483994 0.6459551453590393 0.3143446147441864 
0.795418918132782 0.19416308403015137 0.010418044403195381 
0.11255058646202087 0.8264895081520081 0.06095987930893898 
0.054371822625398636 0.8171055912971497 0.12852251529693604 
0.1966170221567154 0.6493618488311768 0.15402114391326904 
0.07287372648715973 0.7960087656974792 0.13111749291419983 
0.023191699758172035 0.4045336842536926 0.5722745656967163 
0.3521040380001068 0.6116443276405334 0.036251671612262726 
0.01567402109503746 0.4881095886230469 0.496216356754303 
0.06606004387140274 0.8834596276283264 0.050480328500270844 
0.020477812737226486 0.39175617694854736 0.5877660512924194 
0.010982097126543522 0.46918779611587524 0.5198301076889038 
0.9247774481773376 0.06902308762073517 0.006199460942298174 
0.017416998744010925 0.41026613116264343 0.5723168253898621 
0.00375376851297915 0.11085515469312668 0.885391116142273 
0.0011371764121577144 0.0624004490673542 0.93646240234375 
0.003141355002298951 0.049560584127902985 0.9472981095314026 
0.004572893492877483 0.08994611352682114 0.9054810404777527 
0.006211417261511087 0.24839498102664948 0.7453935742378235 
0.012988148257136345 0.28064948320388794 0.7063623666763306 
0.8071759939193726 0.18262086808681488 0.010203158482909203 
0.0027394385542720556 0.07998623698949814 0.9172743558883667 
0.04127061739563942 0.5914009809494019 0.36732831597328186 
0.7482499480247498 0.23613998293876648 0.015610103495419025 
0.4610258936882019 0.5215880870819092 0.017386028543114662 
0.002943492727354169 0.0838538259267807 0.913202702999115 
0.1317579299211502 0.6671257019042969 0.20111632347106934 
0.005597620736807585 0.2720625698566437 0.7223398685455322 
0.753320038318634 0.2340770810842514 0.012602899223566055 
0.10946056246757507 0.7567768692970276 0.13376258313655853 
0.5908589363098145 0.3848399519920349 0.024301184341311455 
0.1064596027135849 0.7543523907661438 0.13918805122375488 
0.0019286806927993894 0.04101190343499184 0.9570594429969788 
0.03365692123770714 0.5887439846992493 0.3775990903377533 
0.1566333770751953 0.6109814643859863 0.23238517343997955 
0.04623054713010788 0.5795043110847473 0.3742651343345642 
0.03839484602212906 0.7188628911972046 0.24274227023124695 
0.020887892693281174 0.6497952342033386 0.3293168842792511 
0.4521404802799225 0.523993194103241 0.023866290226578712 
0.004347092006355524 0.23343949019908905 0.762213408946991 
0.004090975504368544 0.23682312667369843 0.7590858936309814 
0.6173362731933594 0.3564291000366211 0.026234639808535576 
0.01900545321404934 0.468711793422699 0.5122827887535095 
0.5138079524040222 0.426320880651474 0.05987117439508438 
0.10042672604322433 0.6706436276435852 0.22892965376377106 
0.01365829911082983 0.5276297330856323 0.45871198177337646 
0.452670693397522 0.5217610001564026 0.025568312034010887 
0.0018776350189000368 0.10377734154462814 0.8943449854850769 
0.7510675191879272 0.23885135352611542 0.010081121698021889 
0.21907806396484375 0.7014707326889038 0.07945121824741364 
0.3342728614807129 0.6030474305152893 0.06267976015806198 
0.03809139132499695 0.6718893051147461 0.2900192439556122 
0.006014449056237936 0.14123331010341644 0.8527522087097168 
0.925708532333374 0.07174811512231827 0.0025433215778321028 
0.18613265454769135 0.7367586493492126 0.07710877060890198 
0.061827439814805984 0.5472710132598877 0.3909015953540802 
0.0649060532450676 0.7672065496444702 0.16788743436336517 
0.01804397441446781 0.5297113060951233 0.45224472880363464 
0.011801378801465034 0.6896950006484985 0.2985036075115204 
0.011050575412809849 0.4595591723918915 0.529390275478363 
0.0145195247605443 0.38345587253570557 0.6020245552062988 
0.08140024542808533 0.7986376285552979 0.11996213346719742 
0.8114685416221619 0.18120071291923523 0.007330762688070536 
0.22117537260055542 0.6393293142318726 0.1394953429698944 
0.5828598737716675 0.40147602558135986 0.015664104372262955 
0.14135128259658813 0.8110277056694031 0.04762105643749237 
0.01961539126932621 0.46794426441192627 0.5124403834342957 
0.005308476276695728 0.2330746352672577 0.7616168856620789 
0.03129814565181732 0.7995484471321106 0.16915348172187805 
0.009229284711182117 0.11826194822788239 0.8725087642669678 
0.7182421088218689 0.2661453187465668 0.015612580813467503 
0.020477812737226486 0.39175617694854736 0.5877660512924194 
0.010982097126543522 0.46918779611587524 0.5198301076889038 
0.022239141166210175 0.501031756401062 0.47672906517982483 
0.0011371764121577144 0.0624004490673542 0.93646240234375 
0.004572893492877483 0.08994611352682114 0.9054810404777527 
0.003141355002298951 0.049560584127902985 0.9472981095314026 
0.01098392903804779 0.4866162836551666 0.502399742603302 
0.010879513807594776 0.4835788309574127 0.5055416822433472 
0.011536907404661179 0.510333240032196 0.4781298339366913 
0.006211417261511087 0.24839498102664948 0.7453935742378235 
0.012988148257136345 0.28064948320388794 0.7063623666763306 
0.5843241810798645 0.40258005261421204 0.01309568714350462 
0.003501090919598937 0.11384580284357071 0.8826531171798706 
0.0027394385542720556 0.07998623698949814 0.9172743558883667 
0.04127061739563942 0.5914009809494019 0.36732831597328186 
0.002943492727354169 0.0838538259267807 0.913202702999115 
0.005597620736807585 0.2720625698566437 0.7223398685455322 
0.5021187663078308 0.4650292992591858 0.0328519232571125 
0.031405363231897354 0.7309406399726868 0.23765398561954498 
0.0019286806927993894 0.04101190343499184 0.9570594429969788 
0.03365692123770714 0.5887439846992493 0.3775990903377533 
0.9140579700469971 0.08132586628198624 0.004616136662662029 
0.01365829911082983 0.5276297330856323 0.45871198177337646 
0.012500585988163948 0.2051635980606079 0.7823357582092285 
0.0018776350189000368 0.10377734154462814 0.8943449854850769 
0.031979888677597046 0.305351585149765 0.6626685261726379 
0.48555058240890503 0.47395047545433044 0.040498875081539154 
0.3810148239135742 0.5519716143608093 0.06701359152793884 
0.6720520853996277 0.30820900201797485 0.01973891071975231 
0.019278043881058693 0.7223981022834778 0.2583238184452057 
0.06666358560323715 0.7762230038642883 0.1571134477853775 
0.7439367771148682 0.2420845329761505 0.013978694565594196 
0.254415899515152 0.6630936861038208 0.08249041438102722 
0.4190759062767029 0.566908597946167 0.014015426859259605 
0.14674723148345947 0.8068545460700989 0.046398185193538666 
0.647331953048706 0.3373849093914032 0.01528308168053627 
0.03022305853664875 0.896404504776001 0.07337243854999542 
0.010982097126543522 0.46918779611587524 0.5198301076889038 
0.034025873988866806 0.4916996955871582 0.4742744565010071 
0.0410730242729187 0.6256002187728882 0.3333267271518707 
0.0011371764121577144 0.0624004490673542 0.93646240234375 
0.004572893492877483 0.08994611352682114 0.9054810404777527 
0.003141355002298951 0.049560584127902985 0.9472981095314026 
0.17919142544269562 0.7975652813911438 0.023243354633450508 
0.006211417261511087 0.24839498102664948 0.7453935742378235 
0.012988148257136345 0.28064948320388794 0.7063623666763306 
0.0027394385542720556 0.07998623698949814 0.9172743558883667 
0.04127061739563942 0.5914009809494019 0.36732831597328186 
0.6873977780342102 0.29124322533607483 0.021359043195843697 
0.005597620736807585 0.2720625698566437 0.7223398685455322 
0.007636589929461479 0.43711617588996887 0.5552472472190857 
0.0019286806927993894 0.04101190343499184 0.9570594429969788 
0.03365692123770714 0.5887439846992493 0.3775990903377533 
0.002943492727354169 0.0838538259267807 0.913202702999115 
0.0955428034067154 0.8478729128837585 0.05658423900604248 
0.21866001188755035 0.7316125631332397 0.04972744733095169 
0.01365829911082983 0.5276297330856323 0.45871198177337646 
0.7737666964530945 0.21942463517189026 0.006808668840676546 
0.0018776350189000368 0.10377734154462814 0.8943449854850769 
0.00853163655847311 0.46979501843452454 0.521673321723938 
0.20539216697216034 0.7418506145477295 0.05275724083185196 
0.9404550790786743 0.05155743658542633 0.00798745546489954 
0.0046567246317863464 0.05305437371134758 0.942288875579834 
0.32903853058815 0.6281548738479614 0.042806580662727356 
0.7042093873023987 0.2692657709121704 0.026524841785430908 
0.30726730823516846 0.655988872051239 0.03674384579062462 
0.04504716023802757 0.7353932857513428 0.2195594608783722 
0.06629385054111481 0.7339293956756592 0.1997767984867096 
0.020477812737226486 0.39175617694854736 0.5877660512924194 
0.008902477100491524 0.2581254541873932 0.7329720854759216 
0.0038951451424509287 0.6363694667816162 0.3597353398799896 
0.004572893492877483 0.08994611352682114 0.9054810404777527 
0.003141355002298951 0.049560584127902985 0.9472981095314026 
0.0072867609560489655 0.41712889075279236 0.575584352016449 
0.007004735991358757 0.4158615171909332 0.5771337747573853 
0.006211417261511087 0.24839498102664948 0.7453935742378235 
0.04127061739563942 0.5914009809494019 0.36732831597328186 
0.26139888167381287 0.6629220247268677 0.07567907869815826 
0.005597620736807585 0.2720625698566437 0.7223398685455322 
0.0019286806927993894 0.04101190343499184 0.9570594429969788 
0.03365692123770714 0.5887439846992493 0.3775990903377533 
0.04072745889425278 0.7182973027229309 0.24097523093223572 
0.02035941369831562 0.48203688859939575 0.4976036250591278 
0.00683335866779089 0.1630782037973404 0.8300884366035461 
0.9024368524551392 0.0929519534111023 0.004611110780388117 
0.013465162366628647 0.48993292450904846 0.49660181999206543 
0.4225611686706543 0.4940519630908966 0.08338682353496552 
0.7042093873023987 0.2692657709121704 0.026524841785430908 
0.5362977385520935 0.43017473816871643 0.03352753445506096 
0.038184575736522675 0.5217165946960449 0.4400988221168518 
0.8641577363014221 0.1286945343017578 0.007147746626287699 
0.014637873508036137 0.5915307998657227 0.39383137226104736 
0.3507794737815857 0.5876581072807312 0.0615624338388443 
0.8423977494239807 0.14726746082305908 0.01033476646989584 
0.19709214568138123 0.6931185722351074 0.10978924483060837 
0.036390434950590134 0.808861494064331 0.15474805235862732 
0.06168355047702789 0.8577907085418701 0.08052575588226318 
0.46982237696647644 0.4855605959892273 0.04461709409952164 
0.009539926424622536 0.07916834205389023 0.9112917184829712 
0.11061255633831024 0.8641740083694458 0.025213411077857018 
0.795325756072998 0.19664150476455688 0.008032678626477718 
0.010777964256703854 0.4958111345767975 0.4934109151363373 
0.00964360125362873 0.45791152119636536 0.5324448347091675 
0.37826740741729736 0.582450807094574 0.039281729608774185 
0.05059869587421417 0.5169489979743958 0.43245232105255127 
0.14373737573623657 0.7732035517692566 0.08305905759334564 
0.417804479598999 0.5463709831237793 0.035824477672576904 
0.417804479598999 0.5463709831237793 0.035824477672576904 
0.39334744215011597 0.5633234977722168 0.04332907870411873 
0.00719595467671752 0.4127325713634491 0.5800715088844299 
0.006249666679650545 0.38905107975006104 0.6046992540359497 
0.020249325782060623 0.6266446709632874 0.35310593247413635 
0.0472833588719368 0.7266464829444885 0.22607019543647766 
0.3698565363883972 0.6142365336418152 0.015906987711787224 
0.7042093873023987 0.2692657709121704 0.026524841785430908 
0.10728207975625992 0.8374539613723755 0.05526392534375191 
0.10639558732509613 0.8390960097312927 0.05450838431715965 
0.6321161389350891 0.341918021440506 0.025965789332985878 
0.7042093873023987 0.2692657709121704 0.026524841785430908 
0.9127377271652222 0.07994057238101959 0.00732170045375824 
0.2662240266799927 0.6914579272270203 0.04231809079647064 
0.046946633607149124 0.7601225972175598 0.19293075799942017 
0.09223920851945877 0.8372833728790283 0.07047739624977112 
0.06388895958662033 0.8531889915466309 0.08292210102081299 
0.06937097012996674 0.8487688899040222 0.08186008036136627 
0.055809494107961655 0.5567352771759033 0.3874552249908447 
0.0029955324716866016 0.09567496180534363 0.901329517364502 
0.00333523191511631 0.09866181761026382 0.8980029225349426 
0.6648861169815063 0.3132340610027313 0.02187979780137539 
0.2317415177822113 0.6853578686714172 0.08290065079927444 
0.004092428367584944 0.2208995819091797 0.775007963180542 
0.011606376618146896 0.26596811413764954 0.7224255204200745 
0.004680105019360781 0.24588081240653992 0.7494390606880188 
0.030902666971087456 0.5686564445495605 0.40044090151786804 
0.010290782898664474 0.44672805070877075 0.5429812073707581 
0.3866305947303772 0.5873370170593262 0.02603239193558693 
0.018817661330103874 0.3844168186187744 0.5967655181884766 
0.1064857468008995 0.8628785014152527 0.030635740607976913 
0.7961415648460388 0.18424691259860992 0.01961153745651245 
0.0010355744743719697 0.05779435113072395 0.9411701560020447 
0.6195194721221924 0.34309208393096924 0.03738846629858017 
0.013170844875276089 0.49375471472740173 0.4930743873119354 
0.6721819043159485 0.30442705750465393 0.023391002789139748 
0.0033646905794739723 0.05027312412858009 0.9463621377944946 
0.004200569819658995 0.08272556960582733 0.9130738973617554 
0.0018776350189000368 0.10377734154462814 0.8943449854850769 
0.17413829267024994 0.7433227896690369 0.08253894001245499 
0.0019146925769746304 0.05221889168024063 0.9458664059638977 
0.8473996520042419 0.14541670680046082 0.007183677516877651 
0.012825547717511654 0.40156129002571106 0.5856131911277771 
0.2885017395019531 0.6797850728034973 0.03171322122216225 
0.08092790842056274 0.8292757272720337 0.08979644626379013 
0.7318957448005676 0.25892776250839233 0.00917651504278183 
0.07858531177043915 0.8760884404182434 0.045326244086027145 
0.020955469459295273 0.721584677696228 0.2574598789215088 
0.03835318610072136 0.8929582834243774 0.0686885267496109 
0.0031967756804078817 0.04916081205010414 0.9476423859596252 
0.5861406922340393 0.3949654698371887 0.018893858417868614 
0.7268289923667908 0.25989848375320435 0.013272570446133614 
0.0076010217890143394 0.268581748008728 0.7238172292709351 
0.6430222392082214 0.34331321716308594 0.013664500787854195 
0.008578579872846603 0.24245551228523254 0.7489659190177917 
0.014057557098567486 0.45051607489585876 0.5354263782501221 
0.9583193063735962 0.03938605263829231 0.0022946116514503956 
0.3413025140762329 0.5750095844268799 0.08368784189224243 
0.020353209227323532 0.5423621535301208 0.4372846484184265 
0.007440759800374508 0.1543668806552887 0.838192343711853 
0.14319902658462524 0.6567078828811646 0.20009301602840424 
0.7852794528007507 0.20593634247779846 0.008784250356256962 
0.4183923900127411 0.5375865697860718 0.044021084904670715 
0.1563001424074173 0.6687288284301758 0.1749710887670517 
0.007793961558490992 0.28785523772239685 0.7043507695198059 
0.008147815242409706 0.30363503098487854 0.6882171630859375 
0.2577575743198395 0.694732129573822 0.04751027002930641 
0.786632776260376 0.20174036920070648 0.011626814492046833 
0.5595845580101013 0.4205099642276764 0.0199054516851902 
0.03942178189754486 0.636717677116394 0.3238604962825775 
0.4662759304046631 0.5034415125846863 0.030282512307167053 
0.09529291838407516 0.567767322063446 0.3369396924972534 
0.39496320486068726 0.5747854709625244 0.030251361429691315 
0.19442011415958405 0.7561964988708496 0.04938343167304993 
0.6653156876564026 0.32083049416542053 0.013853752985596657 
0.01602615974843502 0.6375988125801086 0.3463750183582306 
0.7355128526687622 0.2472333461046219 0.017253870144486427 
0.1299590766429901 0.7517896890640259 0.11825118958950043 
0.39228561520576477 0.5529910326004028 0.05472337082028389 
0.09932976961135864 0.7517257928848267 0.1489444375038147 
0.9608225226402283 0.03733743727207184 0.0018400857225060463 
0.0936686247587204 0.7219442129135132 0.18438707292079926 
0.8578694462776184 0.13388599455356598 0.008244480937719345 
0.5876166820526123 0.3956931531429291 0.01669013872742653 
0.6213749051094055 0.36548912525177 0.013136024586856365 
0.11101482063531876 0.6285601258277893 0.2604250907897949 
0.03839484602212906 0.7188628911972046 0.24274227023124695 
0.8029926419258118 0.18377412855625153 0.013233163394033909 
0.0206898245960474 0.560674786567688 0.41863539814949036 
0.17697718739509583 0.7792225480079651 0.043800268322229385 
0.6226624250411987 0.35597825050354004 0.021359289065003395 
0.05152730271220207 0.3263576924800873 0.6221150159835815 
0.886152446269989 0.10651849955320358 0.00732905138283968 
0.9165828824043274 0.07826656848192215 0.005150524899363518 
0.9138465523719788 0.07964051514863968 0.0065128919668495655 
0.13924041390419006 0.717082679271698 0.14367693662643433 
0.49138274788856506 0.4768640100955963 0.031753234565258026 
0.3044278621673584 0.6401354670524597 0.05543670058250427 
0.31772294640541077 0.6170429587364197 0.06523406505584717 
0.06919899582862854 0.7803148627281189 0.15048609673976898 
0.5849170088768005 0.38427451252937317 0.03080849163234234 
0.4676837623119354 0.5029249787330627 0.02939119189977646 
0.05177577957510948 0.8864045143127441 0.06181972473859787 
0.06054547056555748 0.8598523736000061 0.07960213720798492 
0.14819921553134918 0.8147431015968323 0.037057675421237946 
0.9165828824043274 0.07826656848192215 0.005150524899363518 
0.024687742814421654 0.859380841255188 0.11593141406774521 
0.1765429675579071 0.5143316984176636 0.30912530422210693 
0.034938693046569824 0.3792802691459656 0.5857810378074646 
0.6749235391616821 0.314919114112854 0.010157285258173943 
0.003656327025964856 0.10898526012897491 0.8873583674430847 
0.7247916460037231 0.262095183134079 0.013113250955939293 
0.8394365906715393 0.15212927758693695 0.008434174582362175 
0.005945784505456686 0.2773437798023224 0.7167103886604309 
0.0446661002933979 0.8055785894393921 0.14975526928901672 
0.019635925069451332 0.4565298557281494 0.523834228515625 
0.08270817995071411 0.8623679280281067 0.0549238920211792 
0.3857739567756653 0.5820604562759399 0.032165613025426865 
0.2817179560661316 0.6492352485656738 0.06904683262109756 
0.38685142993927 0.5646827220916748 0.04846588522195816 
0.4638664722442627 0.5083272457122803 0.0278062354773283 
0.7383596301078796 0.2334592044353485 0.028181107714772224 
0.4735359251499176 0.4793599843978882 0.04710400104522705 
0.5267341732978821 0.44945386052131653 0.023811936378479004 
0.25523343682289124 0.6746567487716675 0.07010982185602188 
0.4055318534374237 0.5490079522132874 0.04546016454696655 
0.008745514787733555 0.091438427567482 0.8998160362243652 
0.08841235190629959 0.8663642406463623 0.04522348940372467 
0.6990407705307007 0.2851545512676239 0.0158047154545784 
0.046313729137182236 0.7938430905342102 0.15984322130680084 
0.016950828954577446 0.27873361110687256 0.7043155431747437 
0.08537258207798004 0.6155096292495728 0.299117773771286 
0.904831051826477 0.0911870002746582 0.003981947433203459 
0.042542845010757446 0.6923209428787231 0.265136182308197 
0.0516078919172287 0.8893413543701172 0.05905083939433098 
0.003972782753407955 0.031421247869729996 0.964605987071991 
0.016924696043133736 0.3875795602798462 0.5954957604408264 
0.1721857339143753 0.6891484260559082 0.1386658400297165 
0.0489947572350502 0.4468086063861847 0.5041966438293457 
0.32644590735435486 0.5403557419776917 0.13319836556911469 
0.3217158615589142 0.6518639326095581 0.026420267298817635 
0.25239163637161255 0.7076119780540466 0.03999634087085724 
0.11889339983463287 0.7430914640426636 0.13801515102386475 
0.13965775072574615 0.7981194853782654 0.062222741544246674 
0.04873039573431015 0.8895004391670227 0.06176910176873207 
0.02220122516155243 0.7181360125541687 0.25966280698776245 
0.19118347764015198 0.6490843892097473 0.1597321629524231 
0.11787740141153336 0.8167337775230408 0.06538878381252289 
0.2374953329563141 0.6405608057975769 0.12194380909204483 
0.0046096015721559525 0.19712184369564056 0.7982684969902039 
0.005152209661900997 0.23271387815475464 0.7621338963508606 
0.03234758973121643 0.5713857412338257 0.3962666690349579 
0.03231903910636902 0.753459095954895 0.21422182023525238 
0.06759366393089294 0.8887653350830078 0.043641019612550735 
0.0150923365727067 0.9120591282844543 0.07284849137067795 
0.06573697179555893 0.8399067521095276 0.09435626119375229 
0.0289583932608366 0.664868950843811 0.30617260932922363 
0.0289583932608366 0.664868950843811 0.30617260932922363 
0.00958996918052435 0.674939751625061 0.31547027826309204 
0.29294848442077637 0.5903121829032898 0.11673934012651443 
0.0289583932608366 0.664868950843811 0.30617260932922363 
0.23457391560077667 0.7100183963775635 0.05540774390101433 
0.2558266520500183 0.6461160182952881 0.09805728495121002 
0.16349555552005768 0.7723215818405151 0.06418285518884659 
0.16888026893138885 0.6150434017181396 0.21607635915279388 
0.16307733952999115 0.6738755106925964 0.1630472093820572 
0.029577448964118958 0.6977196335792542 0.2727029621601105 
0.7410027980804443 0.2462514340877533 0.012745742686092854 
0.006313894409686327 0.263965904712677 0.7297201752662659 
0.4379081428050995 0.47696858644485474 0.08512326329946518 
0.8147317171096802 0.17723527550697327 0.00803298782557249 
0.6411308646202087 0.3238716721534729 0.03499746322631836 
0.0569957010447979 0.7745721340179443 0.16843216121196747 
0.05193686485290527 0.8973819613456726 0.05068114399909973 
0.19188953936100006 0.7765007019042969 0.03160973638296127 
0.10277235507965088 0.8168272972106934 0.08040037006139755 
0.5221692323684692 0.45964619517326355 0.018184565007686615 
0.01588093489408493 0.33384978771209717 0.6502692699432373 
0.015232566744089127 0.49381399154663086 0.4909534156322479 
0.0023693342227488756 0.07271690666675568 0.924913763999939 
0.004420132376253605 0.08831791579723358 0.9072620272636414 
0.0037146066315472126 0.08221103996038437 0.9140743017196655 
0.015232566744089127 0.49381399154663086 0.4909534156322479 
0.09914612025022507 0.8055269122123718 0.0953269824385643 
0.9068235754966736 0.08473028242588043 0.008446119725704193 
0.2156190127134323 0.7387970685958862 0.04558389261364937 
0.060544684529304504 0.8839605450630188 0.05549472197890282 
0.19093576073646545 0.7600926160812378 0.048971548676490784 
0.004952969960868359 0.27692970633506775 0.7181172966957092 
0.274846613407135 0.5296396613121033 0.19551372528076172 
0.7042093873023987 0.2692657709121704 0.026524841785430908 
0.2147134244441986 0.7384104132652283 0.04687612131237984 
0.5120846033096313 0.47061285376548767 0.017302541062235832 
0.30962833762168884 0.6216996908187866 0.06867197901010513 
0.5809089541435242 0.39890503883361816 0.02018602192401886 
0.9226422309875488 0.07253201305866241 0.004825685638934374 
0.7712604403495789 0.21445083618164062 0.014288723468780518 
0.012003040872514248 0.5274905562400818 0.4605064392089844 
0.5328109860420227 0.4462760090827942 0.02091296948492527 
0.6591817736625671 0.32561159133911133 0.015206662937998772 
0.05672280862927437 0.7050617337226868 0.23821543157100677 
0.6059305667877197 0.37220168113708496 0.021867720410227776 
0.24230322241783142 0.7197052240371704 0.03799153119325638 
0.23347152769565582 0.6856487989425659 0.08087968081235886 
0.07614164054393768 0.8402929306030273 0.08356539905071259 
0.622463047504425 0.3579678237438202 0.01956910826265812 
0.42486172914505005 0.5446385145187378 0.03049977868795395 
0.4993821978569031 0.481417179107666 0.01920069381594658 
0.620256245136261 0.35809653997421265 0.021647242829203606 
0.05889242887496948 0.8697587847709656 0.07134874910116196 
0.08472169935703278 0.7333580851554871 0.18192021548748016 
0.1207011267542839 0.809988260269165 0.06931058317422867 
0.5507012009620667 0.42900919914245605 0.020289568230509758 
0.13305793702602386 0.7584412097930908 0.10850086063146591 
0.09166434407234192 0.6814570426940918 0.22687861323356628 
0.802924633026123 0.18713168799877167 0.009943694807589054 
0.28288590908050537 0.6898035407066345 0.027310580015182495 
0.28288590908050537 0.6898035407066345 0.027310580015182495 
0.28288590908050537 0.6898035407066345 0.027310580015182495 
0.28288590908050537 0.6898035407066345 0.027310580015182495 
0.005076530389487743 0.28653034567832947 0.7083930969238281 
0.005024652928113937 0.2878188192844391 0.7071564793586731 
0.1188436970114708 0.8390191793441772 0.04213709756731987 
0.23987901210784912 0.7221623659133911 0.03795862942934036 
0.7045811414718628 0.27913033962249756 0.01628851890563965 
0.0017939709359779954 0.0572628490626812 0.94094318151474 
0.7704430222511292 0.22241637110710144 0.007140724454075098 
0.08525805175304413 0.8380082249641418 0.07673371583223343 
0.6549496054649353 0.3295537531375885 0.015496580861508846 
0.14164340496063232 0.7802998423576355 0.07805676758289337 
0.9533979296684265 0.04349377378821373 0.0031083752401173115 
0.4038083851337433 0.5549814105033875 0.04121027886867523 
0.38513892889022827 0.5753235816955566 0.03953755646944046 
0.17269806563854218 0.7734556794166565 0.05384623631834984 
0.604577898979187 0.38558173179626465 0.009840342216193676 
0.08495551347732544 0.805962085723877 0.10908239334821701 
0.41310110688209534 0.5556811094284058 0.031217770650982857 
0.09629630297422409 0.6231898069381714 0.2805138826370239 
0.0893205851316452 0.8038868308067322 0.10679259896278381 
0.32911399006843567 0.6358120441436768 0.035074032843112946 
0.5108792781829834 0.46868690848350525 0.0204338226467371 
0.11553669720888138 0.8125921487808228 0.07187120616436005 
0.423900306224823 0.5403521656990051 0.03574756905436516 
0.06618515402078629 0.7737618088722229 0.1600530594587326 
0.0037146066315472126 0.08221103996038437 0.9140743017196655 
0.6622472405433655 0.307669997215271 0.030082788318395615 
0.015232566744089127 0.49381399154663086 0.4909534156322479 
0.01588093489408493 0.33384978771209717 0.6502692699432373 
0.004420132376253605 0.08831791579723358 0.9072620272636414 
0.0023693342227488756 0.07271690666675568 0.924913763999939 
0.0037146066315472126 0.08221103996038437 0.9140743017196655 
0.34494519233703613 0.6257427930831909 0.029311981052160263 
0.25678330659866333 0.6891212463378906 0.054095469415187836 
0.5373153686523438 0.4418869912624359 0.0207976084202528 
0.06869333982467651 0.6592113375663757 0.272095263004303 
0.4978407025337219 0.4778732657432556 0.024285994470119476 
0.38269543647766113 0.6003757119178772 0.01692882552742958 
0.06509426236152649 0.31830132007598877 0.6166043877601624 
0.5975456237792969 0.38672420382499695 0.015730205923318863 
0.6796180605888367 0.2783476710319519 0.04203422740101814 
0.7750452160835266 0.20975635945796967 0.01519853062927723 
0.07083333283662796 0.839095413684845 0.09007130563259125 
0.05168839544057846 0.8909843564033508 0.05732719972729683 
0.767501711845398 0.2255307286977768 0.006967609748244286 
0.7877668738365173 0.19811730086803436 0.014115903526544571 
0.08525805175304413 0.8380082249641418 0.07673371583223343 
0.09607760608196259 0.8222333788871765 0.08168907463550568 
0.6549496054649353 0.3295537531375885 0.015496580861508846 
0.6613832116127014 0.3198593854904175 0.018757443875074387 
0.14164340496063232 0.7802998423576355 0.07805676758289337 
0.4038083851337433 0.5549814105033875 0.04121027886867523 
0.4958273768424988 0.48466891050338745 0.019503725692629814 
0.22950389981269836 0.6854414343833923 0.08505456149578094 
0.17269806563854218 0.7734556794166565 0.05384623631834984 
0.780957043170929 0.20808549225330353 0.01095748320221901 
0.08495551347732544 0.805962085723877 0.10908239334821701 
0.41310110688209534 0.5556811094284058 0.031217770650982857 
0.0893205851316452 0.8038868308067322 0.10679259896278381 
0.0042910329066216946 0.23540250957012177 0.7603064775466919 
0.004817691631615162 0.25241437554359436 0.7427679300308228 
0.11030657589435577 0.6904207468032837 0.19927267730236053 
0.32911399006843567 0.6358120441436768 0.035074032843112946 
0.5108792781829834 0.46868690848350525 0.0204338226467371 
0.11553669720888138 0.8125921487808228 0.07187120616436005 
0.423900306224823 0.5403521656990051 0.03574756905436516 
0.736047625541687 0.2574455142021179 0.006506868172436953 
0.6622472405433655 0.307669997215271 0.030082788318395615 
0.34494519233703613 0.6257427930831909 0.029311981052160263 
0.08575879037380219 0.8426462411880493 0.07159506529569626 
0.25678330659866333 0.6891212463378906 0.054095469415187836 
0.5373153686523438 0.4418869912624359 0.0207976084202528 
0.8386731743812561 0.15510505437850952 0.006221740506589413 
0.08841235190629959 0.8663642406463623 0.04522348940372467 
0.5975456237792969 0.38672420382499695 0.015730205923318863 
0.8663748502731323 0.12348725646734238 0.010137857869267464 
0.92906653881073 0.06675697863101959 0.004176377784460783 
0.028352724388241768 0.6576858758926392 0.3139614164829254 
0.8685402870178223 0.12320705503225327 0.008252610452473164 
0.6435564160346985 0.3366604149341583 0.019783196970820427 
0.5285047292709351 0.4516831636428833 0.01981205679476261 
0.20422767102718353 0.6070836782455444 0.18868862092494965 
0.3865368664264679 0.5769405961036682 0.03652249649167061 
0.04781676456332207 0.6911133527755737 0.2610698938369751 
0.6479425430297852 0.29848894476890564 0.053568579256534576 
0.9034287929534912 0.09144207835197449 0.005129202269017696 
0.060691215097904205 0.8448522090911865 0.09445658326148987 
0.7275331616401672 0.25410082936286926 0.0183660127222538 
0.5274744629859924 0.4511444568634033 0.021381037309765816 
0.28864338994026184 0.6657961010932922 0.04556046426296234 
0.17981097102165222 0.7625453472137451 0.05764370039105415 
0.5554469227790833 0.4249107539653778 0.019642343744635582 
0.1458928883075714 0.7773947715759277 0.07671228051185608 
0.12449179589748383 0.8069320917129517 0.06857604533433914 
0.09963918477296829 0.8289663195610046 0.07139447331428528 
0.2007487416267395 0.7535480856895447 0.04570324346423149 
0.6683697700500488 0.30388328433036804 0.02774699404835701 
0.8127960562705994 0.1774577796459198 0.009746117517352104 
0.1274922490119934 0.8065840601921082 0.06592375785112381 
0.596570611000061 0.38033241033554077 0.023096933960914612 
0.6409806609153748 0.34550896286964417 0.01351045910269022 
0.576173722743988 0.4070136547088623 0.016812657937407494 
0.019259655848145485 0.5568820238113403 0.4238583743572235 
0.6006128191947937 0.3841410279273987 0.01524610910564661 
0.64654141664505 0.3353652060031891 0.018093403428792953 
0.37142226099967957 0.5481612086296082 0.08041656017303467 
0.6582902669906616 0.3264983892440796 0.015211409889161587 
0.619425356388092 0.3584933876991272 0.02208123542368412 
0.4299134314060211 0.5358313918113708 0.03425513580441475 
0.26898765563964844 0.6788610816001892 0.05215122923254967 
0.5159270763397217 0.45278605818748474 0.03128693997859955 
0.2066195011138916 0.7286558151245117 0.06472469866275787 
0.7951784133911133 0.19177642464637756 0.013045220635831356 
0.9298991560935974 0.06703642755746841 0.003064447082579136 
0.76903235912323 0.21652716398239136 0.01444052904844284 
0.041280463337898254 0.9063774943351746 0.0523420087993145 
0.9130429625511169 0.08332854509353638 0.0036285417154431343 
0.02158767729997635 0.3258936405181885 0.6525186896324158 
0.5262085199356079 0.4285537302494049 0.04523778334259987 
0.03283780440688133 0.7515802383422852 0.215582013130188 
0.03588949143886566 0.7886729836463928 0.17543759942054749 
0.5848222970962524 0.3895726203918457 0.0256050955504179 
0.9518239498138428 0.045963507145643234 0.0022126210387796164 
0.05168839544057846 0.8909843564033508 0.05732719972729683 
0.007757958024740219 0.48094505071640015 0.5112969875335693 
0.86549973487854 0.12926489114761353 0.005235329736024141 
0.08525805175304413 0.8380082249641418 0.07673371583223343 
0.004347092006355524 0.23343949019908905 0.762213408946991 
0.25647735595703125 0.6767405867576599 0.06678196787834167 
0.6549496054649353 0.3295537531375885 0.015496580861508846 
0.14164340496063232 0.7802998423576355 0.07805676758289337 
0.03839484602212906 0.7188628911972046 0.24274227023124695 
0.4038083851337433 0.5549814105033875 0.04121027886867523 
0.4958273768424988 0.48466891050338745 0.019503725692629814 
0.5521061420440674 0.404058575630188 0.04383525997400284 
0.17269806563854218 0.7734556794166565 0.05384623631834984 
0.08495551347732544 0.805962085723877 0.10908239334821701 
0.41310110688209534 0.5556811094284058 0.031217770650982857 
0.0893205851316452 0.8038868308067322 0.10679259896278381 
0.0028004588093608618 0.12540936470031738 0.8717902302742004 
0.2977183759212494 0.5267664194107056 0.17551520466804504 
0.5596734881401062 0.4095107614994049 0.03081568516790867 
0.5145444869995117 0.4637889266014099 0.02166658081114292 
0.32911399006843567 0.6358120441436768 0.035074032843112946 
0.5108792781829834 0.46868690848350525 0.0204338226467371 
0.11553669720888138 0.8125921487808228 0.07187120616436005 
0.423900306224823 0.5403521656990051 0.03574756905436516 
0.5895192623138428 0.3897237181663513 0.020757075399160385 
0.787346363067627 0.18784239888191223 0.02481122314929962 
0.04437286779284477 0.8832181096076965 0.07240891456604004 
0.6622472405433655 0.307669997215271 0.030082788318395615 
0.34494519233703613 0.6257427930831909 0.029311981052160263 
0.25678330659866333 0.6891212463378906 0.054095469415187836 
0.31503328680992126 0.6430760622024536 0.04189063981175423 
0.5373153686523438 0.4418869912624359 0.0207976084202528 
0.004855750128626823 0.2220516800880432 0.7730925679206848 
0.8163513541221619 0.16981855034828186 0.013830025680363178 
0.17550909519195557 0.6763955354690552 0.14809535443782806 
0.4225611686706543 0.4940519630908966 0.08338682353496552 
0.5975456237792969 0.38672420382499695 0.015730205923318863 
0.057963017374277115 0.8862571120262146 0.055779848247766495 
0.20231249928474426 0.7380771040916443 0.05961037427186966 
0.5274744629859924 0.4511444568634033 0.021381037309765816 
0.28864338994026184 0.6657961010932922 0.04556046426296234 
0.17981097102165222 0.7625453472137451 0.05764370039105415 
0.6213632225990295 0.3631627857685089 0.015473983250558376 
0.5554469227790833 0.4249107539653778 0.019642343744635582 
0.1458928883075714 0.7773947715759277 0.07671228051185608 
0.12449179589748383 0.8069320917129517 0.06857604533433914 
0.09963918477296829 0.8289663195610046 0.07139447331428528 
0.11111147701740265 0.8246760964393616 0.06421241909265518 
0.2007487416267395 0.7535480856895447 0.04570324346423149 
0.6683697700500488 0.30388328433036804 0.02774699404835701 
0.596570611000061 0.38033241033554077 0.023096933960914612 
0.05762522295117378 0.8953486084938049 0.047026146203279495 
0.004318693652749062 0.20049309730529785 0.7951881885528564 
0.17438116669654846 0.7215569615364075 0.10406185686588287 
0.13069204986095428 0.7996807098388672 0.06962723284959793 
0.8111169338226318 0.17950236797332764 0.009380602277815342 
0.8111169338226318 0.17950236797332764 0.009380602277815342 
0.8111169338226318 0.17950236797332764 0.009380602277815342 
0.8157879710197449 0.17565219104290009 0.008559773676097393 
0.6006128191947937 0.3841410279273987 0.01524610910564661 
0.18330694735050201 0.7448981404304504 0.07179489731788635 
0.26056015491485596 0.6626216173171997 0.07681828737258911 
0.07175459712743759 0.8144780993461609 0.11376725882291794 
0.6582902669906616 0.3264983892440796 0.015211409889161587 
0.619425356388092 0.3584933876991272 0.02208123542368412 
0.4299134314060211 0.5358313918113708 0.03425513580441475 
0.9128292798995972 0.08069529384374619 0.006475414149463177 
0.26898765563964844 0.6788610816001892 0.05215122923254967 
0.062101464718580246 0.7228440046310425 0.21505451202392578 
0.7152979373931885 0.2721552848815918 0.012546765618026257 
0.2066195011138916 0.7286558151245117 0.06472469866275787 
0.4843352437019348 0.5026401877403259 0.013024544343352318 
0.379924476146698 0.5876398086547852 0.032435718923807144 
0.76903235912323 0.21652716398239136 0.01444052904844284 
0.16971342265605927 0.6751649975776672 0.1551215499639511 
0.006976674776524305 0.3535192012786865 0.6395041346549988 
0.007211203221231699 0.2621898353099823 0.7305989861488342 
0.23284925520420074 0.6562426090240479 0.11090817302465439 
0.8525413870811462 0.14107103645801544 0.006387599278241396 
0.7037594318389893 0.281643271446228 0.014597367495298386 
0.16427966952323914 0.8054724335670471 0.030247850343585014 
0.17329943180084229 0.7432335615158081 0.08346699178218842 
0.7070116996765137 0.27146288752555847 0.021525422111153603 
0.20629173517227173 0.6755834817886353 0.11812476813793182 
0.07088706642389297 0.7285850048065186 0.2005278617143631 
0.5848222970962524 0.3895726203918457 0.0256050955504179 
