0.50440097
0.22907318
0.07007449
0.61878073
0.0912816
0.3739631
0.04537449
0.48885164
0.5931339
0.18754457
0.07872107
0.2181829
0.51035297
0.6338834
0.017805532
0.015521632
0.022883395
0.19693401
0.4221309
0.04986647
0.07794091
0.09942702
0.11251274
0.11501502
0.52826214
0.08020244
0.5105445
0.20123002
0.20031959
0.031562734
0.113642685
0.034937296
0.124176234
0.20480783
0.083599955
0.35996085
0.060657833
0.29253957
0.15477113
0.6587113
0.17956154
0.28641713
0.14463787
0.3215277
0.1359949
0.39125982
0.0072547947
0.33550492
0.09999936
0.02035321
0.68326193
0.07073596
0.518348
0.6334485
0.24731849
0.78039336
0.62748414
0.70644784
0.19711284
0.5038173
0.30941117
0.16082494
0.5821457
0.20711729
0.16349925
0.8253292
0.61878073
0.0912816
0.3739631
0.42256117
0.5931339
0.03775205
0.6338834
0.4221309
0.7529676
0.04986647
0.786104
0.83069193
0.52826214
0.82525533
0.36259657
0.08020244
0.071992174
0.5105445
0.20123002
0.0016434035
0.20031959
0.6563566
0.06822013
0.113642685
0.50577074
0.035907667
0.2777348
0.5493438
0.0041615544
0.20480783
0.00994696
0.35996085
0.0019724148
0.060657833
0.48971474
0.15477113
0.6587113
0.17956154
0.040105272
0.28641713
0.3022845
0.68207765
0.42784652
0.14329693
0.003531932
0.6677082
0.35323963
0.20448634
0.10410477
0.61056226
0.7518923
0.2494979
0.7474394
0.25582665
0.27830428
0.17314172
0.52216923
0.6145206
0.09914612
0.21561901
0.060544685
0.19093576
0.21471342
0.09154341
0.77126044
0.21564665
0.029589355
0.28793898
0.28209463
0.532811
0.038394846
0.6591818
0.15552153
0.60593057
0.031579327
0.13881631
0.42486173
0.45657235
0.583111
0.4993822
0.51527095
0.62025625
0.36401615
0.42822096
0.9199952
0.050106566
0.0847217
0.12070113
0.026228
0.26465327
0.5507012
0.11013663
0.13965775
0.17913711
0.057963017
0.9411506
0.52747446
0.2886434
0.14387646
0.17981097
0.10674469
0.04553496
0.5554469
0.14589289
0.24681689
0.26057136
0.124491796
0.033941783
0.099639185
0.012467136
0.20074874
0.66836977
0.005294995
0.0045158225
0.5965706
0.62189746
0.03523666
0.543713
0.3375112
0.31990072
0.17554106
0.6006128
0.60490304
0.76690984
0.65829027
0.61942536
0.42991343
0.26898766
0.7542897
0.7369638
0.2066195
0.76903236
0.0030300473
0.20280775
0.1992973
0.06478121
0.3022845
0.42784652
0.14329693
0.8682204
0.6677082
0.35323963
0.20448634
0.46839753
0.10410477
0.61056226
0.3927187
0.1999553
0.008194694
0.830225
0.60490304
0.019185955
0.52216923
0.09914612
0.21561901
0.60415906
0.060544685
0.19093576
0.19598037
0.21471342
0.09154341
0.35248876
0.1154555
0.77126044
0.0720793
0.8960281
0.07907338
0.67842054
0.33155817
0.002655118
0.532811
0.068780676
0.6591818
0.7288578
0.2866596
0.60593057
0.06366585
0.42486173
0.0013351985
0.4993822
0.62025625
0.48506564
0.097085744
0.55172
0.0847217
0.051834606
0.26465327
0.15640816
0.5507012
0.55286455
0.11096949
0.09648921
0.07966805
0.0150721185
0.028731946
0.10390862
0.294081
0.030186025
0.014558165
0.3067434
0.011390837
0.46536252
0.9109057
0.90577626
0.30662787
0.13965775
0.6299927
0.60483843
0.43415245
0.31373608
0.0129472185
0.3661839
0.8744438
0.13479406
0.112985976
0.1172836
0.16641836
0.010982097
0.0011371764
0.023869183
0.38474703
0.0027394386
0.018718744
0.0029434927
0.32548082
0.30769733
0.30769733
0.30769733
0.30769733
0.32548082
0.30769733
0.30769733
0.008566561
0.115864195
0.105697624
0.38353395
0.7383738
0.047440097
0.0625921
0.66666037
0.013658299
0.1887124
0.7723428
0.001877635
0.32875085
0.31355566
0.7903817
0.0011416969
0.16849004
0.15002684
0.024649963
0.8872588
0.332904
0.84173054
0.023738412
0.12044145
0.8531124
0.13042922
0.20820226
0.77607715
0.64171916
0.020477813
0.010982097
0.9411958
0.625886
0.0011371764
0.0045728935
0.003141355
0.8649226
0.0062114173
0.012988148
0.0027394386
0.35883775
0.041270617
0.0029434927
0.0055976207
0.0019286807
0.08837909
0.03365692
0.013658299
0.001877635
0.83940035
0.037284855
0.10637645
0.027861651
0.020899003
0.0037706473
0.5421924
0.50865114
0.07342912
0.6397919
0.88586485
0.011594442
0.0111916615
0.020477813
0.70824754
0.17354684
0.010982097
0.73158705
0.0640973
0.0011371764
0.003141355
0.0045728935
0.0062114173
0.4285828
0.012988148
0.84264916
0.0027394386
0.041270617
0.8579092
0.0029434927
0.04449331
0.0055976207
0.5326
0.70037717
0.0019286807
0.03365692
0.9252249
0.92384726
0.073827475
0.013658299
0.001877635
0.035746686
0.6713197
0.5886985
0.250156
0.5573926
0.3636613
0.039700236
0.7954189
0.11255059
0.054371823
0.19661702
0.07287373
0.0231917
0.35210404
0.015674021
0.066060044
0.020477813
0.010982097
0.92477745
0.017416999
0.0037537685
0.0011371764
0.003141355
0.0045728935
0.0062114173
0.012988148
0.807176
0.0027394386
0.041270617
0.74824995
0.4610259
0.0029434927
0.13175793
0.0055976207
0.75332004
0.10946056
0.59085894
0.1064596
0.0019286807
0.03365692
0.15663338
0.046230547
0.038394846
0.020887893
0.45214048
0.004347092
0.0040909755
0.6173363
0.019005453
0.51380795
0.100426726
0.013658299
0.4526707
0.001877635
0.7510675
0.21907806
0.33427286
0.03809139
0.006014449
0.92570853
0.18613265
0.06182744
0.06490605
0.018043974
0.011801379
0.011050575
0.014519525
0.081400245
0.81146854
0.22117537
0.5828599
0.14135128
0.019615391
0.0053084763
0.031298146
0.009229285
0.7182421
0.020477813
0.010982097
0.022239141
0.0011371764
0.0045728935
0.003141355
0.010983929
0.010879514
0.011536907
0.0062114173
0.012988148
0.5843242
0.003501091
0.0027394386
0.041270617
0.0029434927
0.0055976207
0.50211877
0.031405363
0.0019286807
0.03365692
0.91405797
0.013658299
0.012500586
0.001877635
0.03197989
0.48555058
0.38101482
0.6720521
0.019278044
0.066663586
0.7439368
0.2544159
0.4190759
0.14674723
0.64733195
0.030223059
0.010982097
0.034025874
0.041073024
0.0011371764
0.0045728935
0.003141355
0.17919143
0.0062114173
0.012988148
0.0027394386
0.041270617
0.6873978
0.0055976207
0.00763659
0.0019286807
0.03365692
0.0029434927
0.0955428
0.21866001
0.013658299
0.7737667
0.001877635
0.008531637
0.20539217
0.9404551
0.0046567246
0.32903853
0.7042094
0.3072673
0.04504716
0.06629385
0.020477813
0.008902477
0.0038951451
0.0045728935
0.003141355
0.007286761
0.007004736
0.0062114173
0.041270617
0.26139888
0.0055976207
0.0019286807
0.03365692
0.04072746
0.020359414
0.0068333587
0.90243685
0.013465162
0.42256117
0.7042094
0.53629774
0.038184576
0.86415774
0.0146378735
0.35077947
0.84239775
0.19709215
0.036390435
0.06168355
0.46982238
0.009539926
0.11061256
0.79532576
0.010777964
0.009643601
0.3782674
0.050598696
0.14373738
0.41780448
0.41780448
0.39334744
0.0071959547
0.0062496667
0.020249326
0.04728336
0.36985654
0.7042094
0.10728208
0.10639559
0.63211614
0.7042094
0.9127377
0.26622403
0.046946634
0.09223921
0.06388896
0.06937097
0.055809494
0.0029955325
0.003335232
0.6648861
0.23174152
0.0040924284
0.011606377
0.004680105
0.030902667
0.010290783
0.3866306
0.018817661
0.10648575
0.79614156
0.0010355745
0.6195195
0.013170845
0.6721819
0.0033646906
0.00420057
0.001877635
0.1741383
0.0019146926
0.84739965
0.012825548
0.28850174
0.08092791
0.73189574
0.07858531
0.02095547
0.038353186
0.0031967757
0.5861407
0.726829
0.007601022
0.64302224
0.00857858
0.014057557
0.9583193
0.3413025
0.02035321
0.00744076
0.14319903
0.78527945
0.4183924
0.15630014
0.0077939616
0.008147815
0.25775757
0.7866328
0.55958456
0.039421782
0.46627593
0.09529292
0.3949632
0.19442011
0.6653157
0.01602616
0.73551285
0.12995908
0.39228562
0.09932977
0.9608225
0.093668625
0.85786945
0.5876167
0.6213749
0.11101482
0.038394846
0.80299264
0.020689825
0.17697719
0.6226624
0.051527303
0.88615245
0.9165829
0.91384655
0.13924041
0.49138275
0.30442786
0.31772295
0.069198996
0.584917
0.46768376
0.05177578
0.06054547
0.14819922
0.9165829
0.024687743
0.17654297
0.034938693
0.67492354
0.003656327
0.72479165
0.8394366
0.0059457845
0.0446661
0.019635925
0.08270818
0.38577396
0.28171796
0.38685143
0.46386647
0.73835963
0.47353593
0.5267342
0.25523344
0.40553185
0.008745515
0.08841235
0.6990408
0.04631373
0.016950829
0.08537258
0.90483105
0.042542845
0.051607892
0.0039727828
0.016924696
0.17218573
0.048994757
0.3264459
0.32171586
0.25239164
0.1188934
0.13965775
0.048730396
0.022201225
0.19118348
0.1178774
0.23749533
0.0046096016
0.0051522097
0.03234759
0.03231904
0.067593664
0.015092337
0.06573697
0.028958393
0.028958393
0.009589969
0.29294848
0.028958393
0.23457392
0.25582665
0.16349556
0.16888027
0.16307734
0.029577449
0.7410028
0.0063138944
0.43790814
0.8147317
0.64113086
0.0569957
0.051936865
0.19188954
0.102772355
0.52216923
0.015880935
0.015232567
0.0023693342
0.0044201324
0.0037146066
0.015232567
0.09914612
0.9068236
0.21561901
0.060544685
0.19093576
0.00495297
0.2748466
0.7042094
0.21471342
0.5120846
0.30962834
0.58090895
0.92264223
0.77126044
0.012003041
0.532811
0.6591818
0.05672281
0.60593057
0.24230322
0.23347153
0.07614164
0.62246305
0.42486173
0.4993822
0.62025625
0.05889243
0.0847217
0.12070113
0.5507012
0.13305794
0.091664344
0.80292463
0.2828859
0.2828859
0.2828859
0.2828859
0.0050765304
0.005024653
0.1188437
0.23987901
0.70458114
0.0017939709
0.770443
0.08525805
0.6549496
0.1416434
0.9533979
0.4038084
0.38513893
0.17269807
0.6045779
0.08495551
0.4131011
0.0962963
0.089320585
0.329114
0.5108793
0.1155367
0.4239003
0.066185154
0.0037146066
0.66224724
0.015232567
0.015880935
0.0044201324
0.0023693342
0.0037146066
0.3449452
0.2567833
0.53731537
0.06869334
0.4978407
0.38269544
0.06509426
0.5975456
0.67961806
0.7750452
0.07083333
0.051688395
0.7675017
0.7877669
0.08525805
0.096077606
0.6549496
0.6613832
0.1416434
0.4038084
0.49582738
0.2295039
0.17269807
0.78095704
0.08495551
0.4131011
0.089320585
0.004291033
0.0048176916
0.110306576
0.329114
0.5108793
0.1155367
0.4239003
0.7360476
0.66224724
0.3449452
0.08575879
0.2567833
0.53731537
0.8386732
0.08841235
0.5975456
0.86637485
0.92906654
0.028352724
0.8685403
0.6435564
0.5285047
0.20422767
0.38653687
0.047816765
0.64794254
0.9034288
0.060691215
0.72753316
0.52747446
0.2886434
0.17981097
0.5554469
0.14589289
0.124491796
0.099639185
0.20074874
0.66836977
0.81279606
0.12749225
0.5965706
0.64098066
0.5761737
0.019259656
0.6006128
0.6465414
0.37142226
0.65829027
0.61942536
0.42991343
0.26898766
0.5159271
0.2066195
0.7951784
0.92989916
0.76903236
0.041280463
0.91304296
0.021587677
0.5262085
0.032837804
0.03588949
0.5848223
0.95182395
0.051688395
0.007757958
0.86549973
0.08525805
0.004347092
0.25647736
0.6549496
0.1416434
0.038394846
0.4038084
0.49582738
0.55210614
0.17269807
0.08495551
0.4131011
0.089320585
0.0028004588
0.29771838
0.5596735
0.5145445
0.329114
0.5108793
0.1155367
0.4239003
0.58951926
0.78734636
0.044372868
0.66224724
0.3449452
0.2567833
0.3150333
0.53731537
0.00485575
0.81635135
0.1755091
0.42256117
0.5975456
0.057963017
0.2023125
0.52747446
0.2886434
0.17981097
0.6213632
0.5554469
0.14589289
0.124491796
0.099639185
0.11111148
0.20074874
0.66836977
0.5965706
0.057625223
0.0043186937
0.17438117
0.13069205
0.81111693
0.81111693
0.81111693
0.815788
0.6006128
0.18330695
0.26056015
0.0717546
0.65829027
0.61942536
0.42991343
0.9128293
0.26898766
0.062101465
0.71529794
0.2066195
0.48433524
0.37992448
0.76903236
0.16971342
0.006976675
0.007211203
0.23284926
0.8525414
0.70375943
0.16427967
0.17329943
0.7070117
0.20629174
0.07088707
0.5848223
