0.51290846
0.34283483
0.116236985
0.2574628
0.18813354
0.12622176
0.60199285
0.4014991
0.12998623
0.60492057
0.14349544
0.22591521
0.30757362
0.23603219
0.10915629
0.52145267
0.30356073
0.07194039
0.4074064
0.0868038
0.477385
0.8133859
0.43828836
0.562309
0.77136946
0.04245227
0.5278831
0.08202469
0.14780821
0.48336884
0.6464011
0.18882392
0.5400727
0.8251674
0.12130864
0.089191936
0.5780951
0.189194
0.011952834
0.062707655
0.3980196
0.10017369
0.4461656
0.25862277
0.20903412
0.11689362
0.6526583
0.49413258
0.562309
0.73163295
0.056381725
0.057932217
0.058412485
0.15995288
0.20274144
0.20468281
0.46209732
0.16583142
0.10769753
0.21840394
0.35847703
0.6228177
0.85423887
0.087817356
0.048909597
0.510958
0.5485719
0.19220813
0.20983751
0.21879923
0.4188895
0.72586226
0.35427257
0.68509394
0.24209547
0.16365746
0.6273158
0.08860277
0.4869307
0.16938893
0.52832127
0.10035437
0.40359554
0.33536533
0.11305349
0.47997925
0.023982808
0.0901117
0.28456387
0.7459037
0.7459037
0.11311143
0.07592364
0.076251864
0.8874153
0.2945117
0.08362103
0.09855359
0.100763544
0.4180837
0.03926959
0.63898724
0.643157
0.64257514
0.58739936
0.51907027
0.15619086
0.16230436
0.16953667
0.16035265
0.24068032
0.70594174
0.36681467
0.7409594
0.1610931
0.10730358
0.2449268
0.44967452
0.14048763
0.58267075
0.20535834
0.34960252
0.11582071
0.037134476
0.13779199
0.23236273
0.24648851
0.8510327
0.40383878
0.33494917
0.04440778
0.18603264
0.06465378
0.29739842
0.13679504
0.08754241
0.09830765
0.8771402
0.3590522
0.42440015
0.7417639
0.08656784
0.2063106
0.4336832
0.19115673
0.3384383
0.068301834
0.14405613
0.10646821
0.3927936
0.19237228
0.21421827
0.5455809
0.09988368
0.19679095
0.6105652
0.4803441
0.38620237
0.34521338
0.25305262
0.40235537
0.15166616
0.078545995
0.2761026
0.931514
0.07298531
0.37827814
0.3248452
0.06385331
0.15683046
0.45174128
0.61311084
0.6698252
0.20885906
0.43900782
0.18641816
0.3808263
0.11481758
0.85537815
0.1725572
0.5810926
0.2905167
0.19970275
0.6706581
0.18283203
0.09901569
0.8020115
0.23127805
0.050311487
0.17967574
0.23750219
0.2836067
0.08058271
0.81801206
0.20885906
0.5276356
0.05603112
0.1410457
0.12796462
0.33948162
0.0459993
0.3490225
0.16470988
0.8258298
0.44130266
0.39386132
0.18196431
0.28823018
0.047786746
0.5817893
0.3024824
0.3315948
0.82704496
0.59695554
0.20513214
0.11514112
0.09187425
0.054433815
0.39669657
0.071931474
0.1437985
0.22431406
0.11713696
0.5518535
0.031338923
0.07068323
0.04450967
0.38042295
0.36505663
0.18239354
0.041858938
0.024418633
0.1645835
0.41139793
0.64544713
0.046113376
0.34712684
0.06418559
0.10818922
0.31805077
0.12687466
0.04009182
0.084954955
0.76106536
0.23228338
0.36979088
0.4217111
0.044136442
0.77687764
0.4993485
0.15036082
0.062986195
0.32929787
0.22476333
0.06721782
0.18930367
0.058247223
0.2775374
0.05674427
0.038258363
0.5903106
0.14768565
0.05721144
0.09875921
0.25246158
0.48384795
0.68424976
0.113528244
0.044024825
0.33095965
0.41515994
0.22917947
0.64077574
0.065080956
0.23667179
0.18394946
0.09775517
0.14373712
0.06639636
0.057479065
0.34773314
0.09775517
0.14979506
0.06810745
0.09811211
0.11136374
0.66120523
0.11234559
0.6706581
0.11228983
0.07012409
0.07992647
0.1314999
0.18320677
0.25872418
0.25493237
0.12397805
0.3180493
0.11755298
0.03342242
0.13749571
0.64470595
0.21352364
0.12469336
0.13771114
0.14489572
0.89642143
0.36325067
0.11445919
0.838241
0.67836654
0.09932571
0.25561365
0.1004463
0.079871275
0.284554
0.1117204
0.10727343
0.27018577
0.044374805
0.40799814
0.070757285
0.12087152
0.04923279
0.1422162
0.4263661
0.10784647
0.06440545
0.08887995
0.49856716
0.9227214
0.1261488
0.090446614
0.3176914
0.09119129
0.37039372
0.34990644
0.18265218
0.35211954
0.17209074
0.09335641
0.74513453
0.0734764
0.1385117
0.9094733
0.046537794
0.06487128
0.77134377
0.0696439
0.13703066
0.2856576
0.03691236
0.81017864
0.16754054
0.82960963
0.23910663
0.46912357
0.28230268
0.04697389
0.05054881
0.15007815
0.504646
0.3025027
0.116697334
0.09073376
0.03832588
0.5273208
0.6689692
0.41105145
0.07499552
0.32751676
0.2353697
0.13526306
0.11081342
0.28840798
0.021143438
0.78684956
0.18252744
0.2734573
0.086429685
0.063382335
0.7000963
0.50280774
0.16036204
0.08118253
0.8054289
0.37359503
0.16508596
0.24187198
0.1772291
0.80519056
0.32160118
0.3384542
0.13926512
0.7493532
0.7817086
0.53356284
0.1963799
0.12636289
0.07163842
0.08303297
0.21120223
0.6325012
0.3375564
0.7406914
0.49164695
0.35448357
0.0086624
0.59559876
0.5463509
0.44204295
0.5978862
0.47219244
0.12023316
0.512559
0.04960808
0.6848608
0.07875045
0.076286286
0.18962674
0.3990563
0.30263844
0.13718937
0.62218153
0.6518123
0.063354895
0.37055084
0.19766243
0.41690102
0.37571546
0.21647847
0.5900669
0.4115535
0.30406782
0.46735942
0.05599004
0.51192015
0.3205623
0.29598653
0.13135837
0.123529494
0.23643555
0.3363892
0.5019257
0.28880984
0.6359343
0.059693646
0.29417694
0.578567
0.9160742
0.5019257
0.90593106
0.5623673
0.26687202
0.2456617
0.8893056
0.86838824
0.2849601
0.067192145
0.4556761
0.35253718
0.0329785
0.44386867
0.09756361
0.33834085
0.888908
0.14593746
0.03696424
0.7351684
0.069704905
0.07452379
0.27559692
0.62865067
0.058313165
0.066471815
0.5160444
0.27106312
0.6044175
0.7112216
0.1098232
0.2149864
0.041581232
0.7826072
0.14864193
0.13100381
0.5156248
0.07505941
0.28775546
0.6562122
0.7688613
0.23996447
0.050099645
0.48580164
0.54162604
0.22227763
0.31155923
0.80721134
0.56295633
0.4996418
0.5220492
0.32252672
0.04208003
0.6675861
0.089560054
0.091325566
0.57350916
0.14858826
0.07441394
0.17216708
0.52421623
0.075304404
0.67793643
0.48231736
0.72789586
0.2555075
0.2547929
0.2993318
0.15326561
0.19818102
0.28358778
0.14494424
0.7370821
0.24854884
0.12760155
0.5334847
0.6105774
0.094536684
0.18813904
0.08866888
0.03949756
0.56666136
0.42752394
0.07242672
0.16519004
0.6338894
0.11073483
0.12231975
0.4374546
0.58213276
0.5124764
0.05516082
0.46846342
0.1599769
0.37591934
0.1332262
0.53585637
0.38710672
0.39424896
0.17324297
0.3888641
0.07766386
0.2057394
0.03846365
0.03846365
0.03981577
0.29938194
0.03846365
0.0997792
0.5136244
0.8972968
0.60664076
0.30602512
0.07844692
0.7192858
0.54823416
0.7854521
0.0890242
0.47635886
0.2208245
0.47068703
0.55323863
0.559222
0.19728471
0.17035161
0.3274899
0.5127462
0.086039096
0.68200463
0.27142128
0.12783922
0.3505896
0.1072307
0.23585261
0.32715666
0.4150923
0.36317456
0.20572108
0.47074154
0.35359636
0.73197466
0.23506746
0.12002545
0.17231
0.7185126
0.8172111
0.3905901
0.29759696
0.32432017
0.1000551
0.36336416
0.7178283
0.5340809
0.2866476
0.5489991
0.18721138
0.3418765
0.15157884
0.34321684
0.08341238
0.076795176
0.15807448
0.14462681
0.20681302
0.4066863
0.045732427
0.12417801
0.2624654
0.12634738
0.14411466
0.12131187
0.2624654
0.29660064
0.28652754
0.2624654
0.2624654
0.65757346
0.36317456
0.36317456
0.22278808
0.037412357
0.8511795
0.13046707
0.44114515
0.8629716
0.86574686
0.18579358
0.20721464
0.042891704
0.23098212
0.10609921
0.12418913
0.18832679
0.71732366
0.13383582
0.43497542
0.3945729
0.6630967
0.79138803
0.8380414
0.3907255
0.12906116
0.72149765
0.12218363
0.25121558
0.25486958
0.18087639
0.33554572
0.66346854
0.7369008
0.51681095
0.93417776
0.4256556
0.23538364
0.2226655
0.15617062
0.20546545
0.22584432
0.23654516
0.22331402
0.18244188
0.67903304
0.11359307
0.5236322
0.070144415
0.18336992
0.61482596
0.24973233
0.41485432
0.6621249
0.53047943
0.21530242
0.48423928
0.12755898
0.8176917
0.081658356
0.18878986
0.13592248
0.043552853
0.12755898
0.06021818
0.13115081
0.698584
0.72924507
0.44466513
0.03589486
0.05025394
0.40118825
0.09145938
0.54629
0.5366072
0.25276187
0.23961037
0.21371602
0.91388977
0.035270717
0.033743896
0.80045444
0.12170645
0.2959668
0.11145574
0.092496805
0.27665102
0.12731647
0.3787055
0.13384989
0.74772346
0.055260714
0.14208719
0.3986325
0.18849653
0.06933138
0.713202
0.3834705
0.11811039
0.7456935
0.6800283
0.11464807
0.07908306
0.2761628
0.45171016
0.5565385
0.20442155
0.5396523
0.44239187
0.6813968
0.5482189
0.415299
0.7254207
0.30933797
0.013133211
0.25102735
0.21909134
0.46643317
0.182642
0.01628338
0.65908766
0.23281652
0.44902053
0.5596192
0.38457727
0.077239275
0.665046
0.6025458
0.08802239
0.09690955
0.27177274
0.14920159
0.063062035
0.22801411
0.5333979
0.34213412
0.22950615
0.18931846
0.757429
0.55513316
0.23186623
0.3220777
0.17186677
0.10306485
0.07208318
0.111163974
0.08224514
0.10858815
0.29743734
0.053089477
0.31474522
0.19391443
0.7791513
0.25897923
0.1947144
0.52324504
0.08608239
0.28818873
0.18561907
0.118898526
0.12544355
0.25571606
0.37617007
0.5154246
0.044662625
0.63638383
0.13238336
0.3049607
0.04089353
0.04089353
0.04089353
0.44440806
0.1466064
0.32728234
0.17447878
0.0732506
0.3274613
0.13530144
0.12216878
0.31309348
0.75873387
0.52296025
0.5285841
0.39585268
0.29873654
0.29732704
0.14132522
0.17050295
0.24018033
0.6177554
0.03423699
0.11779265
0.26125395
0.5516499
0.5947602
0.8537797
0.045565907
0.043898825
0.27328402
0.38597444
0.2776005
0.1028273
0.15392958
0.2948413
0.29826972
0.31324556
0.007866422
0.2446812
0.30876112
0.36732298
0.586029
0.5104062
0.078637354
0.30532247
0.46672198
0.008255455
0.024586974
0.1512574
0.83838576
0.78242874
0.56667376
0.44009933
0.11311326
0.1158673
0.081313
0.20458108
0.30864757
0.14780937
0.49520797
0.26967308
0.030557727
0.20990506
0.10290892
0.49166688
0.529067
0.92474806
0.55812204
0.57210106
0.50441724
0.7721024
0.29911226
0.30219176
0.2523056
0.10579379
0.12875377
0.06629417
0.08143869
0.49268955
0.42622226
0.15596354
0.22179686
0.43586463
0.72498864
0.48974335
0.06502797
0.47124454
0.3039097
0.32124886
0.21022582
0.062028416
0.09929032
0.8483372
0.6504414
0.23215367
0.69006616
0.1920962
0.56974757
0.41214654
0.043001533
0.46939632
0.39539617
0.21838915
0.58098316
0.092492096
0.40120143
0.31266162
0.7067681
0.09449169
0.119692214
0.3004797
0.597742
0.050874304
0.050874304
0.23670754
0.53290236
0.90123403
0.90230083
0.18191221
0.802606
0.14494906
0.26606232
0.31268483
0.50711435
0.18424982
0.29632118
0.21832828
0.18241365
0.42189786
0.43194133
0.67397225
0.35693592
0.21298812
0.034484856
0.118660204
0.04084124
0.73954195
0.3021872
0.75034195
0.52763534
0.12851171
0.5364696
0.5812365
0.070324734
0.19269907
0.3160596
0.19480407
0.3626771
0.121417485
0.087993786
0.6541206
0.90646106
0.083542004
0.17440133
0.4414631
0.82971233
0.050350886
0.3909166
0.063478276
0.48777652
0.10202357
0.19786178
0.1237451
0.067374274
0.20540686
0.20407799
0.10858591
0.50752455
0.8063594
0.12951805
0.12563649
0.22713207
0.16255024
0.2004102
0.5136543
0.1081619
0.08148169
0.06566243
0.3902049
0.7798094
0.59625787
0.05559332
0.6152359
0.5782947
0.12091948
0.1563604
0.25805253
0.07744829
0.23746108
0.14343263
0.59914786
0.25406998
0.8629509
0.67891693
0.57950056
0.049715105
0.38032335
0.010100007
0.19871525
0.1806093
0.46066675
0.15123089
0.060563523
0.18609814
0.21546024
0.16210878
