0.22559196
0.44749242
0.1549609
0.047082666
0.720178
0.054791886
0.62422884
0.63508856
0.023949753
0.56211287
0.70574933
0.5571759
0.12847824
0.21534802
0.049721766
0.17936313
0.37123317
0.14015345
0.021273954
0.2488494
0.06114217
0.19348668
0.888684
0.019990489
0.013494599
0.14978266
0.008587321
0.78465974
0.03661874
0.44082397
0.04596595
0.8680283
0.67387825
0.76366067
0.2173468
0.70308375
0.0017430776
0.2833859
0.28388637
0.63134134
0.75667
0.09152972
0.76475346
0.6584306
0.8635948
0.27567485
0.40006575
0.23784004
0.08173051
0.029767068
0.46879074
0.5861536
0.31462416
0.17258772
0.041054767
0.2064491
0.6743287
0.038979564
0.077924214
0.48702568
0.8235923
0.11440378
0.3023223
0.15673722
0.110189974
0.8126059
0.7066418
0.68503845
0.38629475
0.7426782
0.13738893
0.8760855
0.009690932
0.38877943
0.5057583
0.046993516
0.23744787
0.12768562
0.0928606
0.38720092
0.579031
0.68449163
0.55360705
0.031937454
0.011887912
0.43191087
0.5976166
0.4858867
0.5972418
0.5739336
0.64967275
0.037758023
0.028732609
0.92102975
0.0047030402
0.028732609
0.017407088
0.65208346
0.5218595
0.113739364
0.009359281
0.08204557
0.6131805
0.20186006
0.044396047
0.35163254
0.32783198
0.0013852919
0.0053073983
0.6051265
0.62189543
0.7902588
0.048178304
0.011571192
0.25401518
0.9242068
0.0033648289
0.030928493
0.16272965
0.10220856
0.67351186
0.03937796
0.7808205
0.8398884
0.08474436
0.34606153
0.048312772
0.6943823
0.22202875
0.008087182
0.02788264
0.671735
0.30975997
0.5404895
0.58827865
0.52446353
0.6876238
0.029288447
0.100560054
0.042051747
0.008632163
0.598393
0.008718174
0.14865695
0.8689303
0.739135
0.05407802
0.025362337
0.021483816
0.14327417
0.027041182
0.4674097
0.007724533
0.063885696
0.361046
0.01755165
0.041093107
0.9645269
0.7640384
0.03667674
0.1425298
0.042317163
0.011377188
0.7804958
0.5077546
0.009837565
0.46248046
0.008376767
0.636811
0.43643668
0.5666891
0.8945675
0.013442547
0.047225993
0.34881097
0.5537079
0.8422629
0.9082661
0.0016227245
0.27604428
0.6063479
0.8136358
0.717761
0.054384355
0.76119024
0.71241593
0.93530923
0.010617854
0.145025
0.69506043
0.7073282
0.14592066
0.03955894
0.23396663
0.46994987
0.59221274
0.3967903
0.5797176
0.8317801
0.73052955
0.17309782
0.3142085
0.090658486
0.5426504
0.106536016
0.13870856
0.018612143
0.8552039
0.8751344
0.52062887
0.26329842
0.9272125
0.465296
0.6628452
0.03727929
0.1452501
0.0659294
0.5089242
0.07925221
0.8548954
0.87253505
0.393873
0.8032784
0.40404207
0.12243143
0.045371007
0.002310605
0.0796888
0.6582573
0.02273562
0.25769117
0.6841656
0.8175078
0.05147474
0.6154239
0.018579084
0.50894696
0.57447463
0.9362243
0.2007761
0.8634091
0.30972847
0.0101350555
0.4329357
0.7723611
0.6420137
0.0070039295
0.57752633
0.7145781
0.8018823
0.7216374
0.02024884
0.012059325
0.62133557
0.39382577
0.005531707
0.0155167
0.49460292
0.37757486
0.6835137
0.030216876
0.03612686
0.689612
0.6897013
0.26833263
0.79637825
0.90518516
0.41086435
0.05378118
0.5997142
0.031576943
0.6767932
0.016062478
0.76754904
0.70911014
0.0017178233
0.77264684
0.7830875
0.13461152
0.0027014476
0.8036713
0.70302063
0.8436643
0.5174089
0.07331618
0.13958652
0.70482105
0.10317468
0.8235106
0.05160021
0.03681987
0.05160021
0.6721113
0.8234822
0.5716511
0.15771385
0.6759328
0.3930862
0.944054
0.68700296
0.30560723
0.92602557
0.009381187
0.51096696
0.7585598
0.08542915
0.40180966
0.79200065
0.77431047
0.6741681
0.62321615
0.26459116
0.0015848826
0.36992705
0.7442285
0.62581724
0.5796795
0.120100915
0.45897338
0.0040694443
0.6070882
0.61167395
0.021233302
0.95704395
0.8166534
0.6631086
0.5163598
0.76304734
0.2668573
0.5157199
0.22092077
0.56922406
0.007020334
0.78487176
0.030154772
0.41403708
0.55388814
0.099567406
0.63013446
0.800489
0.94218355
0.095469505
0.1394276
0.72615135
0.9428219
0.068552725
0.04853364
0.2079568
0.9262471
0.91070604
0.9231288
0.52038926
0.054657977
0.7512071
0.92450845
0.8348856
0.8725793
0.5646929
0.27534345
0.015995117
0.068798944
0.27602634
0.03926445
0.71737576
0.71737576
0.8558702
0.02686694
0.59502834
0.06363375
0.019553056
0.013820629
0.5814719
0.40693024
0.7204625
0.6026205
0.075627305
0.043574914
0.8755045
0.4865494
0.9027902
0.9062279
0.88200146
0.0035552457
0.04656455
0.68947583
0.023808707
0.05251419
0.51270276
0.04080006
0.87163216
0.71500677
0.011549217
0.49729007
0.85310173
0.23139337
0.3495278
0.55929816
0.38594082
0.0016856183
0.18397431
0.052551948
0.037714895
0.016520878
0.07209234
0.80175894
0.03817914
0.829905
0.01312006
0.17599213
0.19463307
0.902955
0.79615676
0.27695414
0.026067365
0.44683704
0.767698
0.13591374
0.7193574
0.6656534
0.05908311
0.598393
0.41740853
0.4080669
0.0730097
0.69980836
0.44913924
0.5043089
0.14373219
0.4847865
0.8843005
0.3137881
0.37817165
0.08007506
0.0026471296
0.5957495
0.84877646
0.601354
0.03473309
0.017872581
0.1746476
0.52787423
0.64873356
0.7531035
0.4517483
0.0222618
0.51271796
0.68875164
0.06962053
0.58134687
0.027735641
0.8590408
0.474493
0.74587256
0.39367712
0.060677942
0.13848735
0.13642183
0.16814262
0.6185382
0.4441101
0.46881744
0.1608768
0.37932727
0.36058468
0.23851104
0.20368704
0.7928768
0.3751584
0.61578006
0.1138007
0.22567181
0.33137083
0.17222296
0.2846039
0.20467792
0.08110469
0.84973717
0.65082294
0.39367712
0.1079797
0.4292917
0.13316219
0.9424002
0.05434751
0.14572906
0.0050339955
0.5224803
0.3850833
0.073519796
0.086358115
0.050272815
0.3616056
0.033222098
0.15007469
0.031768933
0.9708374
0.9673379
0.9473634
0.25683036
0.967388
0.5833344
0.06733862
0.004866684
0.9607301
0.05820569
0.6801179
0.103261255
0.16377872
0.057364352
0.010720331
0.056364287
0.062362608
0.24259831
0.9442553
0.08795172
0.5717271
0.003981399
0.7798857
0.45187995
0.85020673
0.016499113
0.9062279
0.77969575
0.8449172
0.05820569
0.6801179
0.103261255
0.16377872
0.057364352
0.010720331
0.056364287
0.062362608
0.51485205
0.26669556
0.12818627
0.39367712
0.91078424
0.05820569
0.6801179
0.9118057
0.79830956
0.9003275
0.9118057
0.799165
0.103261255
0.041883796
0.94229406
0.16377872
0.8945675
0.8221073
0.4716544
0.91495585
0.46391544
0.11396335
0.52884936
0.057364352
0.7105038
0.010720331
0.056364287
0.8013268
0.7051982
0.011424579
0.49423522
0.062362608
0.83767724
0.51485205
0.17415905
0.26669556
0.8039298
0.0015956276
0.5829224
0.12818627
0.075865656
0.100874916
0.83402103
0.51765585
0.86999047
0.9136455
0.49558023
0.3988445
0.82251626
0.029279146
0.2653548
0.14731026
0.15052322
0.24990565
0.115296066
0.6828202
0.01372974
0.59208405
0.2137541
0.31450516
0.4184559
0.74748707
0.73426604
0.35414723
0.008496697
0.09264136
0.39454576
0.9297466
0.59704113
0.07321424
0.68769157
0.016574325
0.8090742
0.55147934
0.9187701
0.016526902
0.75337
0.073932976
0.020736158
0.51598006
0.11345775
0.6660674
0.54475933
0.8588968
0.14568418
0.85108465
0.24985811
0.080467455
0.034470316
0.8216678
0.3630954
0.14440413
0.80904394
0.10588378
0.64828223
0.29962426
0.84744585
0.14181608
0.52834666
0.6074245
0.82973284
0.95308954
0.30957076
0.16569631
0.13939722
0.42485303
0.775767
0.8127689
0.035672504
0.061114967
0.010071379
0.9326684
0.7484529
0.17969313
0.11119256
0.6111904
0.07577706
0.87136143
0.85452
0.6207378
0.07616431
0.015099495
0.06465285
0.005531707
0.017008621
0.099288814
0.23997533
0.19543941
0.16042645
0.6156553
0.09188244
0.21090664
0.13880275
0.15469414
0.05725143
0.02198982
0.7091177
0.5986206
0.014642108
0.03721983
0.8798876
0.2925965
0.00504951
0.037165362
0.6554204
0.08642514
0.1549609
0.6320681
0.3458932
0.39880762
0.054791886
0.720178
0.56211287
0.12847824
0.7025799
0.4350149
0.70574933
0.6028643
0.049721766
0.17936313
0.045897864
0.36758474
0.120931424
0.022132302
0.37123317
0.016844722
0.5867226
0.2488494
0.67414725
0.044442374
0.1675844
0.013494599
0.033327956
0.008587321
0.44082397
0.03661874
0.78465974
0.00890039
0.76358
0.2173468
0.70308375
0.76366067
0.35508484
0.63134134
0.5400244
0.83357525
0.029847994
0.49644226
0.09152972
0.48388416
0.061981387
0.3240584
0.23784004
0.27567485
0.5715457
0.598393
0.24793635
0.31462416
0.0009087053
0.21964304
0.0025564984
0.041054767
0.2064491
0.17258772
0.027368587
0.077924214
0.038979564
0.0031395487
0.8402048
0.07344646
0.73945725
0.06505644
0.5673175
0.4798783
0.68503845
0.70326614
0.7403073
0.77813107
0.16873176
0.15033773
0.83513445
0.5744428
0.009674155
0.009690932
0.8822723
0.23744787
0.16608466
0.7835596
0.30678496
0.46933207
0.0928606
0.12768562
0.2635241
0.5608328
0.06738953
0.579031
0.68449163
0.29036787
0.43191087
0.92790794
0.048541162
0.5739336
0.64967275
0.042494297
0.49401808
0.08189174
0.806339
0.017407088
0.4392375
0.009359281
0.044396047
0.35163254
0.20186006
0.69685686
0.96582943
0.32783198
0.0053073983
0.80287796
0.8376862
0.25401518
0.048178304
0.011571192
0.83089674
0.10220856
0.03937796
0.030928493
0.036684733
0.020691112
0.40462524
0.78664196
0.12219212
0.08474436
0.8398884
0.016821984
0.24823064
0.63092643
0.81859964
0.008087182
0.02788264
0.671735
0.008632163
0.042051747
0.002031027
0.43315107
0.95579624
0.48739234
0.05407802
0.025362337
0.021483816
0.14327417
0.0072696926
0.6851897
0.5077546
0.361046
0.01755165
0.041093107
0.063885696
0.007724533
0.0011016349
0.68018794
0.68581975
0.6451059
0.6929355
0.011377188
0.003519965
0.878753
0.46248046
0.008376767
0.5209942
0.11130301
0.029677643
0.42636874
0.013442547
0.047225993
0.02953472
0.8062352
0.25000778
0.073865555
0.5223479
0.8335325
0.054384355
0.8652239
0.145025
0.010617854
0.010167439
0.45225358
0.010167439
0.46994987
0.23396663
0.03955894
0.29847887
0.076861516
0.21749651
0.50933534
0.106536016
0.5426504
0.17309782
0.3142085
0.669491
0.24309883
0.7386807
0.5571916
0.52062887
0.26329842
0.82140917
0.79284847
0.834614
0.0659294
0.1452501
0.46559227
0.5402443
0.7215895
0.39942747
0.40404207
0.4585105
0.6479154
0.83037907
0.045371007
0.87782425
0.5454505
0.0468732
0.013709742
0.018579084
0.6154239
0.29577333
0.2007761
0.0101350555
0.4329357
0.30972847
0.004200997
0.66038334
0.54823023
0.0070039295
0.19088636
0.044091605
0.023567107
0.016987713
0.85169804
0.02024884
0.012059325
0.17788142
0.6331851
0.009946336
0.3290878
0.056568574
0.18252857
0.71179646
0.1493949
0.5838975
0.6897013
0.14658174
0.689612
0.2999954
0.09477928
0.85525554
0.110055394
0.41086435
0.05378118
0.031576943
0.5997142
0.70302063
0.7986838
0.07331618
0.13958652
0.8329485
0.0029760385
0.9030646
0.7418936
0.3930862
0.011411609
0.0064820684
0.3353815
0.069975875
0.7461428
0.08542915
0.6831013
0.6754756
0.48126352
0.26459116
0.03719159
0.9285316
0.271183
0.885199
0.120100915
0.0079537425
0.012103933
0.0040694443
0.5021033
0.021233302
0.9528082
0.0059970887
0.05827013
0.0060815928
0.95306593
0.7257646
0.12576537
0.0015321267
0.33905092
0.48479784
0.6019673
0.49181482
0.007020334
0.470182
0.00290297
0.6378752
0.55388814
0.7715085
0.0024119557
0.5864168
0.35327023
0.671225
0.068552725
0.04853364
0.2079568
0.45669678
0.024678338
0.42298335
0.024427816
0.6382573
0.8241606
0.92713684
0.7348624
0.23852047
0.42947745
0.30265018
0.015995117
0.068798944
0.32632384
