0.95378566
0.4300971
0.11545638
0.82570547
0.6636359
0.8341097
0.91626513
0.9529778
0.92234594
0.7547747
0.42035508
0.94875294
0.7453553
0.13820145
0.9201631
0.61584693
0.93341315
0.055699527
0.9002962
0.9092453
0.38956317
0.73453915
0.0065002823
0.3357048
0.055942707
0.21605343
0.9546108
0.0073118056
0.80023146
0.7497196
0.64842606
0.9169985
0.8433545
0.77039915
0.6937473
0.7910073
0.5775493
0.27864492
0.7283337
0.9086222
0.36751616
0.82881624
0.60554504
0.007593228
0.611994
0.6661497
0.77651733
0.35203812
0.5831001
0.71479774
0.83826464
0.8181535
0.4088081
0.2364908
0.76693445
0.20693779
0.90053666
0.497668
0.5699113
0.6589783
0.6007558
0.518281
0.9193756
0.42699125
0.9397051
0.6420957
0.75563306
0.9333347
0.38747713
0.59716475
0.026645267
0.6218019
0.6173336
0.62139946
0.7742832
0.89925724
0.8010319
0.79600465
0.9640438
0.8254031
0.34158245
0.17650662
0.55956036
0.14506906
0.6638427
0.44354132
0.558488
0.8680081
0.9034131
0.23007111
0.29650614
0.017745731
0.47956917
0.28555363
0.39449194
0.6067021
0.24039222
0.7895099
0.65715253
0.9059781
0.9059781
0.9059781
0.27038905
0.88097316
0.5674987
0.7038154
0.88176936
0.3589701
0.8486596
0.44171643
0.8108588
0.62795156
0.91967887
0.75977033
0.73695743
0.3543488
0.5780732
0.025261436
0.46934178
0.96316713
0.18874142
0.6980592
0.81218374
0.83466387
0.5908779
0.8305052
0.38837528
0.9475746
0.044204265
0.5142962
0.58920074
0.48167056
0.9501022
0.0029478036
0.7100723
0.32766846
0.87346184
0.8459759
0.97180533
0.5475574
0.632117
0.2558471
0.8596298
0.6567072
0.84319854
0.0012519946
0.789099
0.26287395
0.5528716
0.025261436
0.025261436
0.0035633242
0.7777713
0.64245206
0.8612665
0.8573151
0.29108307
0.8533356
0.30248374
0.592981
0.5065919
0.33332247
0.31380302
0.6547957
0.83144426
0.56502825
0.6495661
0.013082207
0.4260834
0.7585284
0.61272943
0.71575093
0.05374717
0.7203627
0.8767323
0.059454203
0.8438113
0.30051962
0.6163264
0.0010368562
0.75980645
0.79150057
0.626736
0.65736324
0.367419
0.933428
0.5952059
0.91961193
0.744834
0.044997994
0.0010780098
0.8574342
0.7749942
0.8646764
0.640102
0.74792576
0.5325927
0.89737976
0.7192869
0.9618127
0.40759286
0.0010189293
0.037079893
0.006406511
0.8878957
0.94319016
0.92537695
0.46940058
0.95502007
0.8629623
0.44479814
0.49728635
0.51610655
0.7934743
0.9190043
0.7198037
0.6061262
0.6059272
0.115781344
0.31505454
0.640234
0.50693285
0.80974793
0.68256307
0.35296133
0.7058713
0.8698129
0.5769188
0.9500226
0.017004328
0.065926075
0.8151769
0.004917398
0.7865716
0.6953048
0.10474649
0.93878573
0.37509
0.34013572
0.23748319
0.43860978
0.3228146
0.9387608
0.9560812
0.7001733
0.7733977
0.479263
0.8537078
0.060091738
0.023822483
0.48602733
0.3379265
0.52208817
0.9101552
0.798834
0.3569696
0.09193502
0.18573913
0.91530627
0.6901175
0.5045679
0.9007164
0.057041235
0.01266921
0.001636158
0.55380535
0.9164661
0.87253237
0.24007455
0.8723662
0.8444999
0.09830334
0.118781775
0.08484474
0.13828732
0.4819553
0.29047826
0.5544346
0.42891434
0.7238829
0.54235
0.8417863
0.8849494
0.24396959
0.65495086
0.024022127
0.44156492
0.072901174
0.011073128
0.78231275
0.80544704
0.7918153
0.8752952
0.7434613
0.0031045948
0.65864754
0.33320263
0.40246242
0.04365179
0.57397944
0.78601503
0.648783
0.95997083
0.023380186
0.7814482
0.047091912
0.8240022
0.6902743
0.0007373706
0.48182672
0.8223383
0.75656754
0.9677257
0.29766953
0.87799
0.9122499
0.7030103
0.95864534
0.46277168
0.7715559
0.64836234
0.94272083
0.5903491
0.70869374
0.32176888
0.54817784
0.004076593
0.24583709
0.60250163
0.7065416
0.6733893
0.7162769
0.5307803
0.030154563
0.6751931
0.53728133
0.24291037
0.97443265
0.9410633
0.019582884
0.036326867
0.96365356
0.3774153
0.7203627
0.9264522
0.1120325
0.70590323
0.66140485
0.48367646
0.0016274784
0.86839986
0.46216047
0.31870848
0.76167274
0.034989722
0.0098307105
0.90217257
0.38386038
0.0038882128
0.007686461
0.34342003
0.45857158
0.9616051
0.7029979
0.112188965
0.023305066
0.05209494
0.31767645
0.005978558
0.41322866
0.08782769
0.22381319
0.0043146615
0.92656386
0.86344975
0.9345626
0.8958489
0.15217994
0.049974695
0.18328974
0.081014335
0.24932516
0.7897253
0.69851613
0.24583709
0.6653612
0.90689075
0.4223787
0.77917427
0.92971736
0.19332999
0.042939533
0.20412791
0.043765396
0.7340476
0.27875313
0.2738044
0.03033017
0.4242807
0.3736033
0.6019377
0.12748815
0.9197774
0.5961749
0.3185535
0.6903086
0.7420507
0.85389906
0.2998302
0.91208214
0.74081427
0.024241807
0.8061463
0.86987364
0.62651294
0.08127592
0.8410544
0.8700899
0.81908756
0.80957353
0.004086632
0.70149714
0.24111572
0.38317993
0.313425
0.9120108
0.75079423
0.3815718
0.6438625
0.7287823
0.3942024
0.8200475
0.5719636
0.9244365
0.007553202
0.6779429
0.68915427
0.63884044
0.84104145
0.14417818
0.30894122
0.8163687
0.29630417
0.83038604
0.74788916
0.81932676
0.71037227
0.66650987
0.13033089
0.6204457
0.79707485
0.65272635
0.7988169
0.38495052
0.0038330418
0.25864363
0.6911455
0.41914237
0.92115456
0.898901
0.97315854
0.00083498395
0.67606866
0.20443255
0.80198044
0.7974918
0.25923327
0.6441909
0.3131504
0.8618055
0.88726133
0.87938404
0.0045763236
0.42600986
0.25923327
0.4133173
0.95928824
0.5745262
0.2088228
0.0013862685
0.87136626
0.011219771
0.25458318
0.0008383121
0.68428767
0.50060636
0.8922006
0.4553647
0.7886013
0.54194677
0.8873671
0.572688
0.004220689
0.80089754
0.8195507
0.8195507
0.9498557
0.76700205
0.95446026
0.34667432
0.28299528
0.004330451
0.782274
0.55429465
0.41958073
0.78748196
0.17704482
0.7122003
0.14161947
0.63297147
0.6120332
0.008644562
0.31512767
0.4325204
0.2118064
0.72245705
0.5442191
0.66365254
0.6354905
0.7898609
0.6405543
0.514893
0.124037005
0.24504632
0.007311327
0.4336919
0.8820594
0.4225457
0.6635941
0.8073983
0.45498255
0.6165035
0.32954773
0.86310905
0.8445097
0.6317333
0.0040185666
0.0040185666
0.13759767
0.24583709
0.48144242
0.042081203
0.6968586
0.85756636
0.45289642
0.3903445
0.74199504
0.0055536656
0.43911684
0.62322
0.9614231
0.95401746
0.6949755
0.9394891
0.7010249
0.0021890572
0.7127849
0.1080045
0.2626142
0.09629826
0.06596264
0.42826304
0.08195824
0.63538486
0.0999311
0.24549174
0.6970078
0.08247289
0.24462204
0.0038882128
0.72332376
0.9041526
0.7329223
0.5682913
0.06975093
0.050990246
0.8271876
0.745372
0.701977
0.023168307
0.93473154
0.7609617
0.7456082
0.58827484
0.7956512
0.00095615385
0.0918014
0.84390515
0.43973622
0.3181546
0.56484026
0.0021890572
0.33925655
0.81031656
0.0243647
0.23260054
0.9077768
0.82581604
0.6586108
0.18739653
0.7388793
0.8319639
0.6237174
0.013107407
0.71995974
0.38480228
0.8524014
0.17441542
0.7999462
0.45256186
0.00065981783
0.06683289
0.64612836
0.34320426
0.85014135
0.8488755
0.3250365
0.71602833
0.8131344
0.87333107
0.4951519
0.9035705
0.0061034756
0.24315216
0.9049714
0.64193755
0.5257549
0.9431368
0.40943795
0.74221677
0.28159857
0.39492643
0.2504586
0.24118724
0.7812176
0.1700035
0.013940662
0.68199944
0.8644109
0.7232304
0.32166865
0.009642392
0.5436955
0.26948044
0.010622836
0.7428095
0.40270537
0.41550708
0.70109594
0.5003825
0.68798476
0.20947649
0.8326357
0.3619597
0.9108419
0.5984694
0.6758698
0.06988331
0.5167741
0.8629104
0.5730439
0.059662435
0.6201904
0.88794863
0.8318888
0.70805544
0.13752156
0.67734945
0.4659334
0.9067569
0.82378495
0.73638487
0.20249312
0.9481328
0.5080514
0.75829214
0.22197948
0.40175202
0.22201157
0.51580304
0.6587474
0.789008
0.7917098
0.0007445072
0.6969428
0.004378676
0.9033377
0.65495694
0.72845215
0.48756158
0.54948604
0.62047654
0.4980239
0.00069147174
0.6536075
0.51111215
0.27548754
0.9125158
0.9059594
0.45993167
0.5474898
0.0026282007
0.7098792
0.4968784
0.93341964
0.4200856
0.8857187
0.47980618
0.73158115
0.9143488
0.7953995
0.50206846
0.49943605
0.40158376
0.27409583
0.52208817
0.0033679928
0.53819513
0.5418226
0.76522315
0.0820057
0.8764173
0.36474437
0.35743216
0.90409553
0.6993074
0.28502458
0.0019870466
0.5107941
0.02084161
0.53624403
0.71503586
0.69985825
0.78817064
0.0061958553
0.5931619
0.73137796
0.35797155
0.42751873
0.88470256
0.051762708
0.34962738
0.49796674
0.8508232
0.7297821
0.6099599
0.8805658
0.8437906
0.10551153
0.911787
0.716096
0.2854391
0.29642555
0.53276145
0.36026016
0.5677338
0.9480576
0.6841881
0.1685287
0.29514375
0.011378736
0.8523523
0.79775846
0.74518156
0.87399316
0.2020364
0.9377126
0.679824
0.8180604
0.5244133
0.32683477
0.08806019
0.84145844
0.84145844
0.43626955
0.051588956
0.05468111
0.011395306
0.72547394
0.20283598
0.64398456
0.057490002
0.3458716
0.47440585
0.22729228
0.9222199
0.4405074
0.819408
0.95599365
0.6684889
0.83713293
0.0070169806
0.57385087
0.04446179
0.0028224401
0.83991873
0.12324173
0.17737906
0.76294744
0.7285882
0.003805246
0.88898236
0.4646559
0.008745779
0.65459955
0.024585802
0.8347721
0.35707876
0.856219
0.003920309
0.33392993
0.77683455
0.69482994
0.94157463
0.3935884
0.6186753
0.0067538302
0.6821912
0.465546
0.119009465
0.78035355
0.5246147
0.11596237
0.0031534547
0.8152131
0.24659693
0.025275666
0.7697982
0.8352086
0.10571783
0.7329729
0.07747087
0.88815427
0.63964033
0.33667114
0.015340288
0.12822019
0.010661889
0.014228077
0.71644866
0.6689906
0.7855488
0.7117173
0.34062713
0.8628478
0.8302071
0.87018085
0.05022856
0.623775
0.2256069
0.6445195
0.09141185
0.48815805
0.7033737
0.76591617
0.68422145
0.04456328
0.20184416
0.7604279
0.69583577
0.0062431195
0.04723851
0.2615431
0.7356895
0.73294026
0.4194978
0.12704818
0.222829
0.7542975
0.9205961
0.7931633
0.010011361
0.76860124
0.14111485
0.023375867
0.9477867
0.14509955
0.7447828
0.8473687
0.44949833
0.0045839394
0.73137796
0.17592973
0.05890611
0.81633985
0.38882956
0.8989871
0.61925447
0.55354446
0.89577293
0.8723328
0.7563827
0.000874083
0.038917895
0.78817064
0.2134444
0.5447499
0.87952363
0.80947
0.3725295
0.65863585
0.8728573
0.3396296
0.8164177
0.93121785
0.009131475
0.6085665
0.003517886
0.0014958346
0.35290563
0.4101829
0.88846767
0.6825375
0.88816065
0.6082577
0.16552545
0.68283296
0.5258205
0.65910876
0.28939474
0.7927488
0.59164625
0.63614124
0.013415789
0.0015807285
0.6706845
0.56462944
0.00097006705
0.7265909
0.60122
0.8865072
0.62857574
0.79206586
0.8617976
0.21983355
0.6025837
0.6126938
0.4300089
0.8833817
0.20728448
0.56209934
0.68878
0.04044298
0.76600057
0.7330894
0.35091147
0.13586764
0.86468005
0.44146633
0.6954457
0.63342077
0.6901412
0.4391353
0.8806124
0.4252669
0.7785118
0.0074898005
0.90261286
0.7255911
0.93458265
0.07651744
0.47230333
0.88891196
0.48288402
0.6566231
0.11714703
0.8398536
0.93393606
0.0153016625
0.86891663
0.2133497
0.5100184
0.91416806
0.10879935
0.7976931
0.9016849
0.009793344
0.29315487
0.91540515
0.60072416
0.0011836919
0.96650463
0.93593913
0.006571472
0.9458813
0.0011521379
0.4639071
0.051908262
0.85379297
0.43989718
0.25872684
0.6772452
0.00432934
0.8899413
0.001703226
0.9255047
0.92471576
0.8390866
0.8334578
0.838458
