0.011467857
0.06456473
0.042931043
0.06188013
0.008195312
0.26716304
0.027505117
0.17676416
0.20576641
0.056027055
0.27698115
0.13377541
0.08453586
0.007659424
0.011467857
0.012593841
0.06456473
0.04234356
0.06188013
0.39012522
0.26716304
0.008905798
0.20576641
0.056027055
0.0439135
0.11669274
0.057147224
0.011467857
0.2632589
0.06456473
0.009005099
0.06188013
0.5986184
0.015533164
0.895794
0.030243138
0.17676416
0.20576641
0.073689826
0.006549384
0.056027055
0.39012522
0.011467857
0.06456473
0.06188013
0.053767398
0.007421513
0.26716304
0.20384145
0.056027055
0.308171
0.44835442
0.027433269
0.011467857
0.02602886
0.4749457
0.06456473
0.33151346
0.028958762
0.06188013
0.009840574
0.0056280335
0.0112207765
0.26716304
0.17676416
0.035719305
0.056027055
0.011467857
0.24330151
0.044666912
0.044666912
0.044666912
0.018165834
0.06456473
0.06188013
0.058637887
0.26716304
0.38530836
0.030006353
0.20576641
0.024021624
0.08250573
0.056027055
0.03129341
0.011467857
0.03811149
0.03236079
0.06456473
0.5698024
0.06188013
0.26716304
0.24247839
0.056027055
0.0023474046
0.011467857
0.02793331
0.7801069
0.02500482
0.06456473
0.83770806
0.38530836
0.06188013
0.040587664
0.26716304
0.056027055
0.20318672
0.26316282
0.15165983
0.27632242
0.06456473
0.009167568
0.0074385395
0.09412771
0.64425516
0.06188013
0.55784845
0.26716304
0.17676416
0.011366365
0.056027055
0.0033411318
0.03552753
0.38530836
0.011467857
0.01379153
0.06456473
0.575264
0.06188013
0.04185578
0.26716304
0.010994571
0.17676416
0.060890153
0.060890153
0.060890153
0.02386022
0.056027055
0.16185026
0.09746301
0.011467857
0.06456473
0.352071
0.06188013
0.010808817
0.013700581
0.26716304
0.23450148
0.021809664
0.028348176
0.17676416
0.20576641
0.0029068678
0.056027055
0.38530836
0.008127003
0.011467857
0.03987362
0.06456473
0.06188013
0.13505134
0.06401589
0.0043726955
0.07363054
0.20132767
0.26716304
0.17676416
0.03849957
0.20576641
0.022927618
0.056027055
0.031971317
0.010199533
0.011467857
0.01379153
0.052343346
0.06456473
0.019523976
0.010683595
0.06188013
0.6846563
0.03670717
0.07919249
0.38530836
0.0039985147
0.26716304
0.17676416
0.20576641
0.056027055
0.019095529
0.8486232
0.034363892
0.011467857
0.025191234
0.06188013
0.10030809
0.26716304
0.013665521
0.035420854
0.17676416
0.20576641
0.0043261815
0.056027055
0.011467857
0.38530836
0.06456473
0.02307713
0.06188013
0.007422449
0.26716304
0.17676416
0.20576641
0.056027055
0.022652688
0.011467857
0.06456473
0.06188013
0.37432188
0.0025989232
0.26716304
0.20576641
0.01748395
0.052715536
0.38530836
0.011467857
0.14593421
0.4816863
0.076669894
0.0068338793
0.06456473
0.06188013
0.037237074
0.26716304
0.17676416
0.20576641
0.056027055
0.005921021
0.017700927
0.06456473
0.0027920774
0.06188013
0.07372212
0.26716304
0.17676416
0.20576641
0.38530836
0.056027055
0.23109202
0.00721311
0.021401357
0.03029498
0.011467857
0.03463804
0.029967505
0.027452735
0.038926553
0.24046572
0.24046572
0.24046572
0.041467115
0.06456473
0.06188013
0.5443014
0.1321957
0.26716304
0.17676416
0.20576641
0.056027055
0.018250363
0.20157002
0.011467857
0.06456473
0.06188013
0.5771784
0.043591984
0.040837362
0.38530836
0.26716304
0.0636475
0.06599282
0.17676416
0.20576641
0.056027055
0.16695306
0.028852062
0.011467857
0.020093108
0.71069366
0.06456473
0.06188013
0.03441044
0.008533841
0.24576525
0.0065102535
0.039984602
0.26716304
0.14853022
0.11000548
0.17676416
0.20576641
0.2751136
0.056027055
0.056027055
0.08875739
0.013567105
0.19371688
0.011467857
0.023518693
0.38530836
0.48380378
0.006310809
0.06456473
0.0063328505
0.5427265
0.20554216
0.087149374
0.06188013
0.008584771
0.045908347
0.035003304
0.26716304
0.55244523
0.034080923
0.20576641
0.07488889
0.17676416
0.056027055
0.056027055
0.028774628
0.0058248914
0.008103767
0.01729787
0.011467857
0.011047877
0.005107459
0.03533006
0.89944506
0.06456473
0.0037171848
0.06188013
0.09819624
0.40102404
0.029158145
0.44006473
0.26716304
0.24255745
0.03251136
0.17676416
0.38530836
0.4409321
0.011467857
0.06456473
0.007758191
0.06188013
0.26716304
0.11390863
0.012320692
0.7089098
0.20576641
0.17676416
0.033127427
0.056027055
0.056027055
0.9152111
0.07537446
0.00345601
0.011467857
0.3296049
0.0031111035
0.06456473
0.012703722
0.06188013
0.034222357
0.046328988
0.26716304
0.38530836
0.20576641
0.17676416
0.056027055
0.056027055
0.011467857
0.039354414
0.06456473
0.012549295
0.0048375474
0.02017638
0.06188013
0.0034076527
0.26716304
0.20576641
0.17676416
0.056027055
0.056027055
0.081044406
0.060280293
0.061274894
0.01959084
0.011467857
0.0031572767
0.13754451
0.06456473
0.38530836
0.028800286
0.061274894
0.15814033
0.06188013
0.26716304
0.2765188
0.027088711
0.20576641
0.17676416
0.056027055
0.056027055
0.009272476
